2024-01-18 00:42:14,848 - trnsize: 404897
2024-01-18 00:42:14,850 - devsize: 1446
2024-01-18 00:42:14,851 - tstsize: 1446
2024-01-18 00:42:15,469 - Trn unique tgts: 404896
2024-01-18 00:42:15,470 - Trn unique lemmas: 588
2024-01-18 00:42:15,471 - Trn unique taglists: 703
2024-01-18 00:42:15,472 - Dev unique tgts: 1446
2024-01-18 00:42:15,473 - Dev unique lemmas: 536
2024-01-18 00:42:15,474 - Dev unique taglists: 616
2024-01-18 00:42:15,474 - Tst unique tgts: 1446
2024-01-18 00:42:15,475 - Tst unique lemmas: 536
2024-01-18 00:42:15,476 - Tst unique taglists: 616
2024-01-18 00:42:15,477 - seen_dev_tgt: 1
2024-01-18 00:42:15,478 - seen_dev_lemma: 1446
2024-01-18 00:42:15,478 - seen_dev_taglist: 1446
2024-01-18 00:42:15,479 - seen_tst_tgt: 1
2024-01-18 00:42:15,480 - seen_tst_lemma: 1446
2024-01-18 00:42:15,481 - seen_tst_taglist: 1446
2024-01-18 00:42:40,139 - trnID: run1_8x6_zLEM100_zTAG128_decnh1024_kl1.0_epc10_strt5_decdo0.2_inpemb128_bsize64
2024-01-18 00:42:40,140 - batchsize: 64
2024-01-18 00:42:40,141 - epochs: 50
2024-01-18 00:42:40,142 - lr: 0.00050
2024-01-18 00:42:40,143 - KL_WEIGHT: 1.00000
2024-01-18 00:42:40,144 - opt: Adam (
Parameter Group 0
    amsgrad: False
    betas: (0.5, 0.999)
    capturable: False
    eps: 1e-08
    foreach: None
    lr: 0.0005
    maximize: False
    weight_decay: 0
)
2024-01-18 00:42:40,145 - VQVAE(
  (encoder): Encoder_GRU_VQVAE(
    (layers): ModuleList(
      (0): Embedding(39, 128)
      (1): Dropout(p=0.0, inplace=False)
      (2): GRU(128, 256, batch_first=True, bidirectional=True)
    )
  )
  (z_linears): ModuleList(
    (0): Linear(in_features=512, out_features=128, bias=True)
    (1): Linear(in_features=512, out_features=128, bias=True)
    (2): Linear(in_features=512, out_features=128, bias=True)
    (3): Linear(in_features=512, out_features=128, bias=True)
    (4): Linear(in_features=512, out_features=128, bias=True)
    (5): Linear(in_features=512, out_features=128, bias=True)
    (6): Linear(in_features=512, out_features=128, bias=True)
    (7): Linear(in_features=512, out_features=128, bias=True)
  )
  (quantizers): ModuleList(
    (0): Quantizer(
      (embeddings): Embedding(6, 128)
    )
    (1): Quantizer(
      (embeddings): Embedding(6, 128)
    )
    (2): Quantizer(
      (embeddings): Embedding(6, 128)
    )
    (3): Quantizer(
      (embeddings): Embedding(6, 128)
    )
    (4): Quantizer(
      (embeddings): Embedding(6, 128)
    )
    (5): Quantizer(
      (embeddings): Embedding(6, 128)
    )
    (6): Quantizer(
      (embeddings): Embedding(6, 128)
    )
    (7): Quantizer(
      (embeddings): Embedding(6, 128)
    )
  )
  (z_lemma_mu): Linear(in_features=512, out_features=100, bias=True)
  (z_lemma_logvar): Linear(in_features=512, out_features=100, bias=True)
  (up_from_z_layer): Linear(in_features=228, out_features=1024, bias=True)
  (decoder): Decoder_GRU_VQVAE(
    (layers): ModuleList(
      (0): Embedding(39, 128)
      (1): Dropout(p=0.2, inplace=False)
      (2): GRU(356, 1024, batch_first=True)
      (3): Linear(in_features=1024, out_features=39, bias=True)
    )
    (loss): CrossEntropyLoss()
  )
)
2024-01-18 00:42:40,285 - trnsize: 404897
2024-01-18 00:42:40,286 - devsize: 1446
2024-01-18 00:42:40,287 - tstsize: 1446
2024-01-18 00:42:40,288 - 
2024-01-18 00:42:40,289 - #epc: 0
2024-01-18 00:42:40,292 - epc:0, epc_KL:  0.000000
2024-01-18 00:49:33,221 - exact_match_tst_copy_acc: 0.992
2024-01-18 00:49:33,223 - exact_match_tst_reinflection_wlemma: 0.001
2024-01-18 00:49:33,224 - exact_match_tst_reinflection_wlemma_TAGFINDER1: 0.001
2024-01-18 00:49:33,225 - exact_match_tst_reinflection_wlemma_TAGFINDER1_or_2: 0.001
2024-01-18 00:49:33,523 - TRN || epcloss: 0.0667
2024-01-18 00:49:33,524 -     || Q: 0.0357
2024-01-18 00:49:33,526 -     || KL: 5.1614
2024-01-18 00:49:33,527 -     || token_match: 0.000, exact_match: 0.000
2024-01-18 00:49:33,528 -     || unique taglist code: 61581
2024-01-18 00:49:33,529 - DEV || epcloss: 0.0026
2024-01-18 00:49:33,530 -     || Q: 0.0093
2024-01-18 00:49:33,531 -     || KL: 11.3682
2024-01-18 00:49:33,532 -     || token_match: 0.000, exact_match: 0.000
2024-01-18 00:49:33,533 -     || unique taglist code: 1093
2024-01-18 00:49:33,536 -     || seen taglist code: 848
2024-01-18 00:49:33,537 -     || MOST used trncode: 61581
2024-01-18 00:49:33,538 -     || MOST used devcode: 1093
2024-01-18 00:49:33,667 -     || saved model
2024-01-18 00:49:33,670 - 
2024-01-18 00:49:33,671 - #epc: 1
2024-01-18 00:49:34,563 - epc:1, epc_KL:  0.000000
2024-01-18 00:56:46,757 - exact_match_tst_copy_acc: 0.994
2024-01-18 00:56:46,758 - exact_match_tst_reinflection_wlemma: 0.001
2024-01-18 00:56:46,759 - exact_match_tst_reinflection_wlemma_TAGFINDER1: 0.001
2024-01-18 00:56:46,760 - exact_match_tst_reinflection_wlemma_TAGFINDER1_or_2: 0.001
2024-01-18 00:56:47,040 - TRN || epcloss: 0.0064
2024-01-18 00:56:47,041 -     || Q: 0.0081
2024-01-18 00:56:47,042 -     || KL: 5.6068
2024-01-18 00:56:47,043 -     || token_match: 0.000, exact_match: 0.000
2024-01-18 00:56:47,043 -     || unique taglist code: 73865
2024-01-18 00:56:47,044 - DEV || epcloss: 0.0012
2024-01-18 00:56:47,045 -     || Q: 0.0038
2024-01-18 00:56:47,046 -     || KL: 12.0370
2024-01-18 00:56:47,047 -     || token_match: 0.000, exact_match: 0.000
2024-01-18 00:56:47,048 -     || unique taglist code: 1169
2024-01-18 00:56:47,051 -     || seen taglist code: 1064
2024-01-18 00:56:47,052 -     || MOST used trncode: 73865
2024-01-18 00:56:47,053 -     || MOST used devcode: 1169
2024-01-18 00:56:47,142 -     || saved model
2024-01-18 00:56:47,145 - 
2024-01-18 00:56:47,146 - #epc: 2
2024-01-18 00:56:48,028 - epc:2, epc_KL:  0.000000
2024-01-18 01:03:52,050 - exact_match_tst_copy_acc: 0.991
2024-01-18 01:03:52,051 - exact_match_tst_reinflection_wlemma: 0.001
2024-01-18 01:03:52,052 - exact_match_tst_reinflection_wlemma_TAGFINDER1: 0.001
2024-01-18 01:03:52,053 - exact_match_tst_reinflection_wlemma_TAGFINDER1_or_2: 0.001
2024-01-18 01:03:52,302 - TRN || epcloss: 0.0040
2024-01-18 01:03:52,303 -     || Q: 0.0067
2024-01-18 01:03:52,304 -     || KL: 5.6672
2024-01-18 01:03:52,305 -     || token_match: 0.000, exact_match: 0.000
2024-01-18 01:03:52,306 -     || unique taglist code: 55750
2024-01-18 01:03:52,307 - DEV || epcloss: 0.0018
2024-01-18 01:03:52,308 -     || Q: 0.0040
2024-01-18 01:03:52,309 -     || KL: 12.8094
2024-01-18 01:03:52,310 -     || token_match: 0.000, exact_match: 0.000
2024-01-18 01:03:52,311 -     || unique taglist code: 594
2024-01-18 01:03:52,313 -     || seen taglist code: 500
2024-01-18 01:03:52,395 -     || saved model
2024-01-18 01:03:52,398 - 
2024-01-18 01:03:52,399 - #epc: 3
2024-01-18 01:03:53,176 - epc:3, epc_KL:  0.000000
2024-01-18 01:10:54,389 - exact_match_tst_copy_acc: 0.999
2024-01-18 01:10:54,391 - exact_match_tst_reinflection_wlemma: 0.001
2024-01-18 01:10:54,391 - exact_match_tst_reinflection_wlemma_TAGFINDER1: 0.001
2024-01-18 01:10:54,392 - exact_match_tst_reinflection_wlemma_TAGFINDER1_or_2: 0.001
2024-01-18 01:10:54,703 - TRN || epcloss: 0.0038
2024-01-18 01:10:54,705 -     || Q: 0.0076
2024-01-18 01:10:54,706 -     || KL: 5.5515
2024-01-18 01:10:54,707 -     || token_match: 0.000, exact_match: 0.000
2024-01-18 01:10:54,708 -     || unique taglist code: 22274
2024-01-18 01:10:54,709 - DEV || epcloss: 0.0006
2024-01-18 01:10:54,710 -     || Q: 0.0025
2024-01-18 01:10:54,711 -     || KL: 11.7731
2024-01-18 01:10:54,711 -     || token_match: 0.000, exact_match: 0.000
2024-01-18 01:10:54,712 -     || unique taglist code: 594
2024-01-18 01:10:54,714 -     || seen taglist code: 512
2024-01-18 01:10:54,787 -     || saved model
2024-01-18 01:10:54,790 - 
2024-01-18 01:10:54,791 - #epc: 4
2024-01-18 01:10:55,554 - epc:4, epc_KL:  0.000000
2024-01-18 01:18:00,101 - exact_match_tst_copy_acc: 0.994
2024-01-18 01:18:00,103 - exact_match_tst_reinflection_wlemma: 0.001
2024-01-18 01:18:00,104 - exact_match_tst_reinflection_wlemma_TAGFINDER1: 0.001
2024-01-18 01:18:00,105 - exact_match_tst_reinflection_wlemma_TAGFINDER1_or_2: 0.001
2024-01-18 01:18:00,388 - TRN || epcloss: 0.0022
2024-01-18 01:18:00,389 -     || Q: 0.0048
2024-01-18 01:18:00,390 -     || KL: 5.4406
2024-01-18 01:18:00,391 -     || token_match: 0.000, exact_match: 0.000
2024-01-18 01:18:00,392 -     || unique taglist code: 33867
2024-01-18 01:18:00,393 - DEV || epcloss: 0.0010
2024-01-18 01:18:00,395 -     || Q: 0.0055
2024-01-18 01:18:00,396 -     || KL: 12.0464
2024-01-18 01:18:00,397 -     || token_match: 0.000, exact_match: 0.000
2024-01-18 01:18:00,397 -     || unique taglist code: 423
2024-01-18 01:18:00,399 -     || seen taglist code: 378
2024-01-18 01:18:00,510 -     || saved model
2024-01-18 01:18:00,512 - 
2024-01-18 01:18:00,513 - #epc: 5
2024-01-18 01:18:01,299 - epc:5, epc_KL:  0.100000
2024-01-18 01:25:12,904 - exact_match_tst_copy_acc: 0.979
2024-01-18 01:25:12,905 - exact_match_tst_reinflection_wlemma: 0.013
2024-01-18 01:25:12,906 - exact_match_tst_reinflection_wlemma_TAGFINDER1: 0.012
2024-01-18 01:25:12,907 - exact_match_tst_reinflection_wlemma_TAGFINDER1_or_2: 0.015
2024-01-18 01:25:13,280 - TRN || epcloss: 0.0234
2024-01-18 01:25:13,281 -     || Q: 0.0615
2024-01-18 01:25:13,282 -     || KL: 0.8135
2024-01-18 01:25:13,283 -     || token_match: 0.000, exact_match: 0.000
2024-01-18 01:25:13,285 -     || unique taglist code: 62813
2024-01-18 01:25:13,286 - DEV || epcloss: 0.0033
2024-01-18 01:25:13,287 -     || Q: 0.0862
2024-01-18 01:25:13,288 -     || KL: 1.6636
2024-01-18 01:25:13,289 -     || token_match: 0.000, exact_match: 0.000
2024-01-18 01:25:13,291 -     || unique taglist code: 1352
2024-01-18 01:25:13,293 -     || seen taglist code: 1026
2024-01-18 01:25:13,294 -     || MOST used devcode: 1352
2024-01-18 01:25:13,363 -     || saved model
2024-01-18 01:25:13,365 - 
2024-01-18 01:25:13,366 - #epc: 6
2024-01-18 01:25:14,142 - epc:6, epc_KL:  0.200000
2024-01-18 01:32:34,388 - exact_match_tst_copy_acc: 0.985
2024-01-18 01:32:34,389 - exact_match_tst_reinflection_wlemma: 0.151
2024-01-18 01:32:34,390 - exact_match_tst_reinflection_wlemma_TAGFINDER1: 0.078
2024-01-18 01:32:34,391 - exact_match_tst_reinflection_wlemma_TAGFINDER1_or_2: 0.127
2024-01-18 01:32:34,661 - TRN || epcloss: 0.0285
2024-01-18 01:32:34,662 -     || Q: 0.1641
2024-01-18 01:32:34,664 -     || KL: 0.4222
2024-01-18 01:32:34,665 -     || token_match: 0.000, exact_match: 0.000
2024-01-18 01:32:34,666 -     || unique taglist code: 149111
2024-01-18 01:32:34,667 - DEV || epcloss: 0.0023
2024-01-18 01:32:34,668 -     || Q: 0.1593
2024-01-18 01:32:34,669 -     || KL: 0.6992
2024-01-18 01:32:34,670 -     || token_match: 0.000, exact_match: 0.000
2024-01-18 01:32:34,671 -     || unique taglist code: 1437
2024-01-18 01:32:34,674 -     || seen taglist code: 834
2024-01-18 01:32:34,675 -     || MOST used trncode: 149111
2024-01-18 01:32:34,677 -     || MOST used devcode: 1437
2024-01-18 01:32:34,774 -     || saved model
2024-01-18 01:32:34,777 - 
2024-01-18 01:32:34,778 - #epc: 7
2024-01-18 01:32:35,589 - epc:7, epc_KL:  0.300000
2024-01-18 01:39:54,793 - exact_match_tst_copy_acc: 0.988
2024-01-18 01:39:54,794 - exact_match_tst_reinflection_wlemma: 0.344
2024-01-18 01:39:54,795 - exact_match_tst_reinflection_wlemma_TAGFINDER1: 0.172
2024-01-18 01:39:54,796 - exact_match_tst_reinflection_wlemma_TAGFINDER1_or_2: 0.274
2024-01-18 01:39:55,005 - TRN || epcloss: 0.0257
2024-01-18 01:39:55,006 -     || Q: 0.2346
2024-01-18 01:39:55,007 -     || KL: 0.2265
2024-01-18 01:39:55,008 -     || token_match: 0.000, exact_match: 0.000
2024-01-18 01:39:55,009 -     || unique taglist code: 208662
2024-01-18 01:39:55,010 - DEV || epcloss: 0.0032
2024-01-18 01:39:55,011 -     || Q: 0.2472
2024-01-18 01:39:55,012 -     || KL: 0.4194
2024-01-18 01:39:55,013 -     || token_match: 0.000, exact_match: 0.000
2024-01-18 01:39:55,014 -     || unique taglist code: 1441
2024-01-18 01:39:55,017 -     || seen taglist code: 913
2024-01-18 01:39:55,019 -     || MOST used trncode: 208662
2024-01-18 01:39:55,020 -     || MOST used devcode: 1441
2024-01-18 01:39:55,098 -     || saved model
2024-01-18 01:39:55,101 - 
2024-01-18 01:39:55,102 - #epc: 8
2024-01-18 01:39:55,866 - epc:8, epc_KL:  0.400000
2024-01-18 01:47:14,541 - exact_match_tst_copy_acc: 0.976
2024-01-18 01:47:14,542 - exact_match_tst_reinflection_wlemma: 0.376
2024-01-18 01:47:14,544 - exact_match_tst_reinflection_wlemma_TAGFINDER1: 0.167
2024-01-18 01:47:14,544 - exact_match_tst_reinflection_wlemma_TAGFINDER1_or_2: 0.277
2024-01-18 01:47:14,750 - TRN || epcloss: 0.0238
2024-01-18 01:47:14,753 -     || Q: 0.3189
2024-01-18 01:47:14,754 -     || KL: 0.1391
2024-01-18 01:47:14,755 -     || token_match: 0.000, exact_match: 0.000
2024-01-18 01:47:14,756 -     || unique taglist code: 229991
2024-01-18 01:47:14,757 - DEV || epcloss: 0.0049
2024-01-18 01:47:14,758 -     || Q: 0.3175
2024-01-18 01:47:14,759 -     || KL: 0.2555
2024-01-18 01:47:14,760 -     || token_match: 0.000, exact_match: 0.000
2024-01-18 01:47:14,761 -     || unique taglist code: 1441
2024-01-18 01:47:14,765 -     || seen taglist code: 932
2024-01-18 01:47:14,766 -     || MOST used trncode: 229991
2024-01-18 01:47:14,895 -     || saved model
2024-01-18 01:47:14,898 - 
2024-01-18 01:47:14,899 - #epc: 9
2024-01-18 01:47:15,692 - epc:9, epc_KL:  0.500000
2024-01-18 01:54:42,210 - exact_match_tst_copy_acc: 0.981
2024-01-18 01:54:42,211 - exact_match_tst_reinflection_wlemma: 0.436
2024-01-18 01:54:42,212 - exact_match_tst_reinflection_wlemma_TAGFINDER1: 0.192
2024-01-18 01:54:42,213 - exact_match_tst_reinflection_wlemma_TAGFINDER1_or_2: 0.322
2024-01-18 01:54:42,438 - TRN || epcloss: 0.0219
2024-01-18 01:54:42,439 -     || Q: 0.3648
2024-01-18 01:54:42,440 -     || KL: 0.0893
2024-01-18 01:54:42,441 -     || token_match: 0.000, exact_match: 0.000
2024-01-18 01:54:42,442 -     || unique taglist code: 232824
2024-01-18 01:54:42,443 - DEV || epcloss: 0.0044
2024-01-18 01:54:42,444 -     || Q: 0.3343
2024-01-18 01:54:42,445 -     || KL: 0.1709
2024-01-18 01:54:42,446 -     || token_match: 0.000, exact_match: 0.000
2024-01-18 01:54:42,447 -     || unique taglist code: 1441
2024-01-18 01:54:42,451 -     || seen taglist code: 962
2024-01-18 01:54:42,452 -     || MOST used trncode: 232824
2024-01-18 01:54:42,548 -     || saved model
2024-01-18 01:54:42,551 - 
2024-01-18 01:54:42,552 - #epc: 10
2024-01-18 01:54:43,357 - epc:10, epc_KL:  0.600000
2024-01-18 02:02:06,543 - exact_match_tst_copy_acc: 0.962
2024-01-18 02:02:06,544 - exact_match_tst_reinflection_wlemma: 0.476
2024-01-18 02:02:06,545 - exact_match_tst_reinflection_wlemma_TAGFINDER1: 0.210
2024-01-18 02:02:06,546 - exact_match_tst_reinflection_wlemma_TAGFINDER1_or_2: 0.349
2024-01-18 02:02:06,765 - TRN || epcloss: 0.0218
2024-01-18 02:02:06,766 -     || Q: 0.3929
2024-01-18 02:02:06,767 -     || KL: 0.0659
2024-01-18 02:02:06,768 -     || token_match: 0.000, exact_match: 0.000
2024-01-18 02:02:06,776 -     || unique taglist code: 238255
2024-01-18 02:02:06,777 - DEV || epcloss: 0.0082
2024-01-18 02:02:06,778 -     || Q: 0.4235
2024-01-18 02:02:06,779 -     || KL: 0.1607
2024-01-18 02:02:06,780 -     || token_match: 0.000, exact_match: 0.000
2024-01-18 02:02:06,781 -     || unique taglist code: 1441
2024-01-18 02:02:06,785 -     || seen taglist code: 937
2024-01-18 02:02:06,786 -     || MOST used trncode: 238255
2024-01-18 02:02:06,869 -     || saved model
2024-01-18 02:02:06,871 - 
2024-01-18 02:02:06,872 - #epc: 11
2024-01-18 02:02:07,655 - epc:11, epc_KL:  0.700000
2024-01-18 02:09:39,190 - exact_match_tst_copy_acc: 0.964
2024-01-18 02:09:39,192 - exact_match_tst_reinflection_wlemma: 0.543
2024-01-18 02:09:39,193 - exact_match_tst_reinflection_wlemma_TAGFINDER1: 0.233
2024-01-18 02:09:39,194 - exact_match_tst_reinflection_wlemma_TAGFINDER1_or_2: 0.394
2024-01-18 02:09:39,450 - TRN || epcloss: 0.0223
2024-01-18 02:09:39,451 -     || Q: 0.4444
2024-01-18 02:09:39,452 -     || KL: 0.0540
2024-01-18 02:09:39,453 -     || token_match: 0.000, exact_match: 0.000
2024-01-18 02:09:39,454 -     || unique taglist code: 239172
2024-01-18 02:09:39,455 - DEV || epcloss: 0.0104
2024-01-18 02:09:39,456 -     || Q: 0.4014
2024-01-18 02:09:39,457 -     || KL: 0.1112
2024-01-18 02:09:39,458 -     || token_match: 0.000, exact_match: 0.000
2024-01-18 02:09:39,459 -     || unique taglist code: 1443
2024-01-18 02:09:39,463 -     || seen taglist code: 974
2024-01-18 02:09:39,464 -     || MOST used trncode: 239172
2024-01-18 02:09:39,466 -     || MOST used devcode: 1443
2024-01-18 02:09:39,534 -     || saved model
2024-01-18 02:09:39,536 - 
2024-01-18 02:09:39,537 - #epc: 12
2024-01-18 02:09:40,354 - epc:12, epc_KL:  0.800000
2024-01-18 02:16:59,023 - exact_match_tst_copy_acc: 0.948
2024-01-18 02:16:59,024 - exact_match_tst_reinflection_wlemma: 0.550
2024-01-18 02:16:59,025 - exact_match_tst_reinflection_wlemma_TAGFINDER1: 0.239
2024-01-18 02:16:59,026 - exact_match_tst_reinflection_wlemma_TAGFINDER1_or_2: 0.400
2024-01-18 02:16:59,267 - TRN || epcloss: 0.0255
2024-01-18 02:16:59,268 -     || Q: 0.5089
2024-01-18 02:16:59,269 -     || KL: 0.0449
2024-01-18 02:16:59,270 -     || token_match: 0.000, exact_match: 0.000
2024-01-18 02:16:59,271 -     || unique taglist code: 242899
2024-01-18 02:16:59,272 - DEV || epcloss: 0.0106
2024-01-18 02:16:59,273 -     || Q: 0.5345
2024-01-18 02:16:59,274 -     || KL: 0.1017
2024-01-18 02:16:59,275 -     || token_match: 0.000, exact_match: 0.000
2024-01-18 02:16:59,276 -     || unique taglist code: 1444
2024-01-18 02:16:59,279 -     || seen taglist code: 925
2024-01-18 02:16:59,281 -     || MOST used trncode: 242899
2024-01-18 02:16:59,282 -     || MOST used devcode: 1444
2024-01-18 02:16:59,348 -     || saved model
2024-01-18 02:16:59,350 - 
2024-01-18 02:16:59,351 - #epc: 13
2024-01-18 02:17:00,135 - epc:13, epc_KL:  0.900000
2024-01-18 02:24:20,220 - exact_match_tst_copy_acc: 0.947
2024-01-18 02:24:20,221 - exact_match_tst_reinflection_wlemma: 0.566
2024-01-18 02:24:20,222 - exact_match_tst_reinflection_wlemma_TAGFINDER1: 0.249
2024-01-18 02:24:20,223 - exact_match_tst_reinflection_wlemma_TAGFINDER1_or_2: 0.415
2024-01-18 02:24:20,461 - TRN || epcloss: 0.0264
2024-01-18 02:24:20,462 -     || Q: 0.5355
2024-01-18 02:24:20,463 -     || KL: 0.0387
2024-01-18 02:24:20,464 -     || token_match: 0.000, exact_match: 0.000
2024-01-18 02:24:20,465 -     || unique taglist code: 248713
2024-01-18 02:24:20,466 - DEV || epcloss: 0.0092
2024-01-18 02:24:20,467 -     || Q: 0.4899
2024-01-18 02:24:20,468 -     || KL: 0.0832
2024-01-18 02:24:20,469 -     || token_match: 0.000, exact_match: 0.000
2024-01-18 02:24:20,470 -     || unique taglist code: 1442
2024-01-18 02:24:20,474 -     || seen taglist code: 918
2024-01-18 02:24:20,475 -     || MOST used trncode: 248713
2024-01-18 02:24:20,572 -     || saved model
2024-01-18 02:24:20,574 - 
2024-01-18 02:24:20,575 - #epc: 14
2024-01-18 02:24:21,354 - epc:14, epc_KL:  1.000000
2024-01-18 02:31:40,099 - exact_match_tst_copy_acc: 0.916
2024-01-18 02:31:40,101 - exact_match_tst_reinflection_wlemma: 0.578
2024-01-18 02:31:40,101 - exact_match_tst_reinflection_wlemma_TAGFINDER1: 0.245
2024-01-18 02:31:40,102 - exact_match_tst_reinflection_wlemma_TAGFINDER1_or_2: 0.414
2024-01-18 02:31:40,340 - TRN || epcloss: 0.0301
2024-01-18 02:31:40,341 -     || Q: 0.6114
2024-01-18 02:31:40,342 -     || KL: 0.0343
2024-01-18 02:31:40,343 -     || token_match: 0.000, exact_match: 0.000
2024-01-18 02:31:40,345 -     || unique taglist code: 251317
2024-01-18 02:31:40,346 - DEV || epcloss: 0.0162
2024-01-18 02:31:40,347 -     || Q: 0.6740
2024-01-18 02:31:40,348 -     || KL: 0.0822
2024-01-18 02:31:40,349 -     || token_match: 0.000, exact_match: 0.000
2024-01-18 02:31:40,350 -     || unique taglist code: 1444
2024-01-18 02:31:40,354 -     || seen taglist code: 927
2024-01-18 02:31:40,355 -     || MOST used trncode: 251317
2024-01-18 02:31:40,440 -     || saved model
2024-01-18 02:31:40,442 - 
2024-01-18 02:31:40,444 - #epc: 15
2024-01-18 02:31:41,222 - epc:15, epc_KL:  1.000000
2024-01-18 02:38:59,152 - exact_match_tst_copy_acc: 0.935
2024-01-18 02:38:59,153 - exact_match_tst_reinflection_wlemma: 0.582
2024-01-18 02:38:59,154 - exact_match_tst_reinflection_wlemma_TAGFINDER1: 0.244
2024-01-18 02:38:59,155 - exact_match_tst_reinflection_wlemma_TAGFINDER1_or_2: 0.420
2024-01-18 02:38:59,406 - TRN || epcloss: 0.0287
2024-01-18 02:38:59,408 -     || Q: 0.6386
2024-01-18 02:38:59,409 -     || KL: 0.0321
2024-01-18 02:38:59,410 -     || token_match: 0.000, exact_match: 0.000
2024-01-18 02:38:59,411 -     || unique taglist code: 252103
2024-01-18 02:38:59,412 - DEV || epcloss: 0.0131
2024-01-18 02:38:59,413 -     || Q: 0.6030
2024-01-18 02:38:59,414 -     || KL: 0.0713
2024-01-18 02:38:59,415 -     || token_match: 0.000, exact_match: 0.000
2024-01-18 02:38:59,416 -     || unique taglist code: 1445
2024-01-18 02:38:59,420 -     || seen taglist code: 939
2024-01-18 02:38:59,421 -     || MOST used trncode: 252103
2024-01-18 02:38:59,422 -     || MOST used devcode: 1445
2024-01-18 02:38:59,495 -     || saved model
2024-01-18 02:38:59,497 - 
2024-01-18 02:38:59,498 - #epc: 16
2024-01-18 02:39:00,279 - epc:16, epc_KL:  1.000000
2024-01-18 02:46:23,699 - exact_match_tst_copy_acc: 0.920
2024-01-18 02:46:23,700 - exact_match_tst_reinflection_wlemma: 0.581
2024-01-18 02:46:23,700 - exact_match_tst_reinflection_wlemma_TAGFINDER1: 0.249
2024-01-18 02:46:23,701 - exact_match_tst_reinflection_wlemma_TAGFINDER1_or_2: 0.428
2024-01-18 02:46:23,958 - TRN || epcloss: 0.0311
2024-01-18 02:46:23,959 -     || Q: 0.6627
2024-01-18 02:46:23,960 -     || KL: 0.0311
2024-01-18 02:46:23,961 -     || token_match: 0.000, exact_match: 0.000
2024-01-18 02:46:23,962 -     || unique taglist code: 253922
2024-01-18 02:46:23,963 - DEV || epcloss: 0.0179
2024-01-18 02:46:23,964 -     || Q: 0.7246
2024-01-18 02:46:23,965 -     || KL: 0.0687
2024-01-18 02:46:23,966 -     || token_match: 0.000, exact_match: 0.000
2024-01-18 02:46:23,967 -     || unique taglist code: 1442
2024-01-18 02:46:23,971 -     || seen taglist code: 944
2024-01-18 02:46:23,972 -     || MOST used trncode: 253922
2024-01-18 02:46:24,041 -     || saved model
2024-01-18 02:46:24,043 - 
2024-01-18 02:46:24,044 - #epc: 17
2024-01-18 02:46:24,813 - epc:17, epc_KL:  1.000000
2024-01-18 02:53:49,023 - exact_match_tst_copy_acc: 0.916
2024-01-18 02:53:49,025 - exact_match_tst_reinflection_wlemma: 0.588
2024-01-18 02:53:49,027 - exact_match_tst_reinflection_wlemma_TAGFINDER1: 0.248
2024-01-18 02:53:49,028 - exact_match_tst_reinflection_wlemma_TAGFINDER1_or_2: 0.427
2024-01-18 02:53:49,286 - TRN || epcloss: 0.0323
2024-01-18 02:53:49,287 -     || Q: 0.6608
2024-01-18 02:53:49,288 -     || KL: 0.0304
2024-01-18 02:53:49,290 -     || token_match: 0.000, exact_match: 0.000
2024-01-18 02:53:49,292 -     || unique taglist code: 254576
2024-01-18 02:53:49,293 - DEV || epcloss: 0.0166
2024-01-18 02:53:49,295 -     || Q: 0.6509
2024-01-18 02:53:49,296 -     || KL: 0.0709
2024-01-18 02:53:49,298 -     || token_match: 0.000, exact_match: 0.000
2024-01-18 02:53:49,299 -     || unique taglist code: 1444
2024-01-18 02:53:49,303 -     || seen taglist code: 916
2024-01-18 02:53:49,305 -     || MOST used trncode: 254576
2024-01-18 02:53:49,390 -     || saved model
2024-01-18 02:53:49,393 - 
2024-01-18 02:53:49,394 - #epc: 18
2024-01-18 02:53:50,164 - epc:18, epc_KL:  1.000000
2024-01-18 03:01:31,565 - exact_match_tst_copy_acc: 0.905
2024-01-18 03:01:31,567 - exact_match_tst_reinflection_wlemma: 0.568
2024-01-18 03:01:31,568 - exact_match_tst_reinflection_wlemma_TAGFINDER1: 0.242
2024-01-18 03:01:31,570 - exact_match_tst_reinflection_wlemma_TAGFINDER1_or_2: 0.412
2024-01-18 03:01:31,951 - TRN || epcloss: 0.0326
2024-01-18 03:01:31,952 -     || Q: 0.6694
2024-01-18 03:01:31,953 -     || KL: 0.0302
2024-01-18 03:01:31,955 -     || token_match: 0.000, exact_match: 0.000
2024-01-18 03:01:31,956 -     || unique taglist code: 256317
2024-01-18 03:01:31,957 - DEV || epcloss: 0.0247
2024-01-18 03:01:31,958 -     || Q: 0.7154
2024-01-18 03:01:31,959 -     || KL: 0.0673
2024-01-18 03:01:31,960 -     || token_match: 0.000, exact_match: 0.000
2024-01-18 03:01:31,961 -     || unique taglist code: 1444
2024-01-18 03:01:31,966 -     || seen taglist code: 884
2024-01-18 03:01:31,967 -     || MOST used trncode: 256317
2024-01-18 03:01:32,050 -     || saved model
2024-01-18 03:01:32,053 - 
2024-01-18 03:01:32,054 - #epc: 19
2024-01-18 03:01:33,046 - epc:19, epc_KL:  1.000000
2024-01-18 03:09:27,351 - exact_match_tst_copy_acc: 0.912
2024-01-18 03:09:27,353 - exact_match_tst_reinflection_wlemma: 0.598
2024-01-18 03:09:27,354 - exact_match_tst_reinflection_wlemma_TAGFINDER1: 0.249
2024-01-18 03:09:27,355 - exact_match_tst_reinflection_wlemma_TAGFINDER1_or_2: 0.432
2024-01-18 03:09:27,724 - TRN || epcloss: 0.0351
2024-01-18 03:09:27,725 -     || Q: 0.7369
2024-01-18 03:09:27,726 -     || KL: 0.0303
2024-01-18 03:09:27,727 -     || token_match: 0.000, exact_match: 0.000
2024-01-18 03:09:27,728 -     || unique taglist code: 257328
2024-01-18 03:09:27,729 - DEV || epcloss: 0.0174
2024-01-18 03:09:27,730 -     || Q: 0.7190
2024-01-18 03:09:27,732 -     || KL: 0.0723
2024-01-18 03:09:27,733 -     || token_match: 0.000, exact_match: 0.000
2024-01-18 03:09:27,734 -     || unique taglist code: 1444
2024-01-18 03:09:27,742 -     || seen taglist code: 909
2024-01-18 03:09:27,744 -     || MOST used trncode: 257328
2024-01-18 03:09:27,821 -     || saved model
2024-01-18 03:09:27,824 - 
2024-01-18 03:09:27,825 - #epc: 20
2024-01-18 03:09:28,873 - epc:20, epc_KL:  1.000000
2024-01-18 03:17:26,409 - exact_match_tst_copy_acc: 0.893
2024-01-18 03:17:26,411 - exact_match_tst_reinflection_wlemma: 0.571
2024-01-18 03:17:26,412 - exact_match_tst_reinflection_wlemma_TAGFINDER1: 0.240
2024-01-18 03:17:26,413 - exact_match_tst_reinflection_wlemma_TAGFINDER1_or_2: 0.414
2024-01-18 03:17:26,796 - TRN || epcloss: 0.0370
2024-01-18 03:17:26,797 -     || Q: 0.7432
2024-01-18 03:17:26,798 -     || KL: 0.0309
2024-01-18 03:17:26,800 -     || token_match: 0.000, exact_match: 0.000
2024-01-18 03:17:26,800 -     || unique taglist code: 257406
2024-01-18 03:17:26,801 - DEV || epcloss: 0.0227
2024-01-18 03:17:26,802 -     || Q: 0.6847
2024-01-18 03:17:26,803 -     || KL: 0.0670
2024-01-18 03:17:26,804 -     || token_match: 0.000, exact_match: 0.000
2024-01-18 03:17:26,805 -     || unique taglist code: 1445
2024-01-18 03:17:26,811 -     || seen taglist code: 880
2024-01-18 03:17:26,812 -     || MOST used trncode: 257406
2024-01-18 03:17:26,893 -     || saved model
2024-01-18 03:17:26,896 - 
2024-01-18 03:17:26,897 - #epc: 21
2024-01-18 03:17:27,963 - epc:21, epc_KL:  1.000000
2024-01-18 03:25:22,754 - exact_match_tst_copy_acc: 0.892
2024-01-18 03:25:22,755 - exact_match_tst_reinflection_wlemma: 0.581
2024-01-18 03:25:22,756 - exact_match_tst_reinflection_wlemma_TAGFINDER1: 0.239
2024-01-18 03:25:22,757 - exact_match_tst_reinflection_wlemma_TAGFINDER1_or_2: 0.417
2024-01-18 03:25:23,114 - TRN || epcloss: 0.0416
2024-01-18 03:25:23,115 -     || Q: 0.7944
2024-01-18 03:25:23,116 -     || KL: 0.0317
2024-01-18 03:25:23,117 -     || token_match: 0.000, exact_match: 0.000
2024-01-18 03:25:23,118 -     || unique taglist code: 257434
2024-01-18 03:25:23,119 - DEV || epcloss: 0.0217
2024-01-18 03:25:23,120 -     || Q: 0.8422
2024-01-18 03:25:23,121 -     || KL: 0.0742
2024-01-18 03:25:23,122 -     || token_match: 0.000, exact_match: 0.000
2024-01-18 03:25:23,123 -     || unique taglist code: 1445
2024-01-18 03:25:23,129 -     || seen taglist code: 893
2024-01-18 03:25:23,130 -     || MOST used trncode: 257434
2024-01-18 03:25:23,235 -     || saved model
2024-01-18 03:25:23,238 - 
2024-01-18 03:25:23,239 - #epc: 22
2024-01-18 03:25:24,326 - epc:22, epc_KL:  1.000000
2024-01-18 03:33:02,770 - exact_match_tst_copy_acc: 0.880
2024-01-18 03:33:02,771 - exact_match_tst_reinflection_wlemma: 0.560
2024-01-18 03:33:02,773 - exact_match_tst_reinflection_wlemma_TAGFINDER1: 0.231
2024-01-18 03:33:02,774 - exact_match_tst_reinflection_wlemma_TAGFINDER1_or_2: 0.407
2024-01-18 03:33:03,153 - TRN || epcloss: 0.0390
2024-01-18 03:33:03,154 -     || Q: 0.7790
2024-01-18 03:33:03,155 -     || KL: 0.0308
2024-01-18 03:33:03,157 -     || token_match: 0.000, exact_match: 0.000
2024-01-18 03:33:03,158 -     || unique taglist code: 257235
2024-01-18 03:33:03,159 - DEV || epcloss: 0.0248
2024-01-18 03:33:03,160 -     || Q: 0.8514
2024-01-18 03:33:03,161 -     || KL: 0.0729
2024-01-18 03:33:03,162 -     || token_match: 0.000, exact_match: 0.000
2024-01-18 03:33:03,163 -     || unique taglist code: 1443
2024-01-18 03:33:03,168 -     || seen taglist code: 892
2024-01-18 03:33:03,244 -     || saved model
2024-01-18 03:33:03,247 - 
2024-01-18 03:33:03,248 - #epc: 23
2024-01-18 03:33:04,315 - epc:23, epc_KL:  1.000000
2024-01-18 03:40:39,903 - exact_match_tst_copy_acc: 0.843
2024-01-18 03:40:39,905 - exact_match_tst_reinflection_wlemma: 0.521
2024-01-18 03:40:39,906 - exact_match_tst_reinflection_wlemma_TAGFINDER1: 0.222
2024-01-18 03:40:39,907 - exact_match_tst_reinflection_wlemma_TAGFINDER1_or_2: 0.379
2024-01-18 03:40:40,160 - TRN || epcloss: 0.0458
2024-01-18 03:40:40,162 -     || Q: 0.8718
2024-01-18 03:40:40,163 -     || KL: 0.0334
2024-01-18 03:40:40,164 -     || token_match: 0.000, exact_match: 0.000
2024-01-18 03:40:40,165 -     || unique taglist code: 258146
2024-01-18 03:40:40,166 - DEV || epcloss: 0.0362
2024-01-18 03:40:40,167 -     || Q: 0.8793
2024-01-18 03:40:40,168 -     || KL: 0.0736
2024-01-18 03:40:40,169 -     || token_match: 0.000, exact_match: 0.000
2024-01-18 03:40:40,170 -     || unique taglist code: 1444
2024-01-18 03:40:40,178 -     || seen taglist code: 876
2024-01-18 03:40:40,180 -     || MOST used trncode: 258146
2024-01-18 03:40:40,305 -     || saved model
2024-01-18 03:40:40,309 - 
2024-01-18 03:40:40,310 - #epc: 24
2024-01-18 03:40:41,443 - epc:24, epc_KL:  1.000000
2024-01-18 03:48:18,756 - exact_match_tst_copy_acc: 0.883
2024-01-18 03:48:18,758 - exact_match_tst_reinflection_wlemma: 0.575
2024-01-18 03:48:18,759 - exact_match_tst_reinflection_wlemma_TAGFINDER1: 0.239
2024-01-18 03:48:18,760 - exact_match_tst_reinflection_wlemma_TAGFINDER1_or_2: 0.413
2024-01-18 03:48:19,023 - TRN || epcloss: 0.0465
2024-01-18 03:48:19,024 -     || Q: 0.8836
2024-01-18 03:48:19,025 -     || KL: 0.0338
2024-01-18 03:48:19,027 -     || token_match: 0.000, exact_match: 0.000
2024-01-18 03:48:19,028 -     || unique taglist code: 256923
2024-01-18 03:48:19,029 - DEV || epcloss: 0.0267
2024-01-18 03:48:19,030 -     || Q: 0.7795
2024-01-18 03:48:19,031 -     || KL: 0.0710
2024-01-18 03:48:19,032 -     || token_match: 0.000, exact_match: 0.000
2024-01-18 03:48:19,034 -     || unique taglist code: 1445
2024-01-18 03:48:19,042 -     || seen taglist code: 896
2024-01-18 03:48:19,154 -     || saved model
2024-01-18 03:48:19,158 - 
2024-01-18 03:48:19,159 - #epc: 25
2024-01-18 03:48:20,329 - epc:25, epc_KL:  1.000000
2024-01-18 03:56:00,204 - exact_match_tst_copy_acc: 0.822
2024-01-18 03:56:00,206 - exact_match_tst_reinflection_wlemma: 0.524
2024-01-18 03:56:00,207 - exact_match_tst_reinflection_wlemma_TAGFINDER1: 0.220
2024-01-18 03:56:00,208 - exact_match_tst_reinflection_wlemma_TAGFINDER1_or_2: 0.380
2024-01-18 03:56:00,582 - TRN || epcloss: 0.0474
2024-01-18 03:56:00,584 -     || Q: 0.8508
2024-01-18 03:56:00,586 -     || KL: 0.0340
2024-01-18 03:56:00,587 -     || token_match: 0.000, exact_match: 0.000
2024-01-18 03:56:00,588 -     || unique taglist code: 253815
2024-01-18 03:56:00,589 - DEV || epcloss: 0.0437
2024-01-18 03:56:00,590 -     || Q: 0.8455
2024-01-18 03:56:00,591 -     || KL: 0.0803
2024-01-18 03:56:00,593 -     || token_match: 0.000, exact_match: 0.000
2024-01-18 03:56:00,594 -     || unique taglist code: 1444
2024-01-18 03:56:00,599 -     || seen taglist code: 884
2024-01-18 03:56:00,686 -     || saved model
2024-01-18 03:56:00,689 - 
2024-01-18 03:56:00,690 - #epc: 26
2024-01-18 03:56:01,781 - epc:26, epc_KL:  1.000000
2024-01-18 04:03:35,421 - exact_match_tst_copy_acc: 0.764
2024-01-18 04:03:35,423 - exact_match_tst_reinflection_wlemma: 0.500
2024-01-18 04:03:35,424 - exact_match_tst_reinflection_wlemma_TAGFINDER1: 0.206
2024-01-18 04:03:35,425 - exact_match_tst_reinflection_wlemma_TAGFINDER1_or_2: 0.360
2024-01-18 04:03:35,813 - TRN || epcloss: 0.0537
2024-01-18 04:03:35,814 -     || Q: 0.8756
2024-01-18 04:03:35,815 -     || KL: 0.0362
2024-01-18 04:03:35,816 -     || token_match: 0.000, exact_match: 0.000
2024-01-18 04:03:35,817 -     || unique taglist code: 256457
2024-01-18 04:03:35,818 - DEV || epcloss: 0.0537
2024-01-18 04:03:35,819 -     || Q: 1.0453
2024-01-18 04:03:35,820 -     || KL: 0.0901
2024-01-18 04:03:35,821 -     || token_match: 0.000, exact_match: 0.000
2024-01-18 04:03:35,822 -     || unique taglist code: 1442
2024-01-18 04:03:35,827 -     || seen taglist code: 857
2024-01-18 04:03:35,938 -     || saved model
2024-01-18 04:03:35,941 - 
2024-01-18 04:03:35,942 - #epc: 27
2024-01-18 04:03:37,072 - epc:27, epc_KL:  1.000000
2024-01-18 04:11:16,866 - exact_match_tst_copy_acc: 0.828
2024-01-18 04:11:16,868 - exact_match_tst_reinflection_wlemma: 0.502
2024-01-18 04:11:16,869 - exact_match_tst_reinflection_wlemma_TAGFINDER1: 0.212
2024-01-18 04:11:16,870 - exact_match_tst_reinflection_wlemma_TAGFINDER1_or_2: 0.365
2024-01-18 04:11:17,254 - TRN || epcloss: 0.0849
2024-01-18 04:11:17,255 -     || Q: 1.0784
2024-01-18 04:11:17,256 -     || KL: 0.0471
2024-01-18 04:11:17,257 -     || token_match: 0.000, exact_match: 0.000
2024-01-18 04:11:17,258 -     || unique taglist code: 251117
2024-01-18 04:11:17,259 - DEV || epcloss: 0.0321
2024-01-18 04:11:17,260 -     || Q: 0.8757
2024-01-18 04:11:17,261 -     || KL: 0.0841
2024-01-18 04:11:17,262 -     || token_match: 0.000, exact_match: 0.000
2024-01-18 04:11:17,263 -     || unique taglist code: 1445
2024-01-18 04:11:17,269 -     || seen taglist code: 891
2024-01-18 04:11:17,369 -     || saved model
2024-01-18 04:11:17,371 - 
2024-01-18 04:11:17,372 - #epc: 28
2024-01-18 04:11:18,482 - epc:28, epc_KL:  1.000000
2024-01-18 04:18:55,500 - exact_match_tst_copy_acc: 0.766
2024-01-18 04:18:55,502 - exact_match_tst_reinflection_wlemma: 0.494
2024-01-18 04:18:55,503 - exact_match_tst_reinflection_wlemma_TAGFINDER1: 0.207
2024-01-18 04:18:55,504 - exact_match_tst_reinflection_wlemma_TAGFINDER1_or_2: 0.355
2024-01-18 04:18:55,762 - TRN || epcloss: 0.0628
2024-01-18 04:18:55,764 -     || Q: 0.9747
2024-01-18 04:18:55,765 -     || KL: 0.0393
2024-01-18 04:18:55,766 -     || token_match: 0.000, exact_match: 0.000
2024-01-18 04:18:55,768 -     || unique taglist code: 251957
2024-01-18 04:18:55,769 - DEV || epcloss: 0.0483
2024-01-18 04:18:55,770 -     || Q: 0.9949
2024-01-18 04:18:55,771 -     || KL: 0.0961
2024-01-18 04:18:55,773 -     || token_match: 0.000, exact_match: 0.000
2024-01-18 04:18:55,774 -     || unique taglist code: 1442
2024-01-18 04:18:55,783 -     || seen taglist code: 836
2024-01-18 04:18:55,919 -     || saved model
2024-01-18 04:18:55,923 - 
2024-01-18 04:18:55,925 - #epc: 29
2024-01-18 04:18:57,112 - epc:29, epc_KL:  1.000000
2024-01-18 04:26:34,694 - exact_match_tst_copy_acc: 0.762
2024-01-18 04:26:34,696 - exact_match_tst_reinflection_wlemma: 0.475
2024-01-18 04:26:34,697 - exact_match_tst_reinflection_wlemma_TAGFINDER1: 0.204
2024-01-18 04:26:34,698 - exact_match_tst_reinflection_wlemma_TAGFINDER1_or_2: 0.344
2024-01-18 04:26:34,962 - TRN || epcloss: 0.0627
2024-01-18 04:26:34,963 -     || Q: 0.9629
2024-01-18 04:26:34,965 -     || KL: 0.0394
2024-01-18 04:26:34,966 -     || token_match: 0.000, exact_match: 0.000
2024-01-18 04:26:34,967 -     || unique taglist code: 252776
2024-01-18 04:26:34,968 - DEV || epcloss: 0.0464
2024-01-18 04:26:34,970 -     || Q: 0.9986
2024-01-18 04:26:34,973 -     || KL: 0.0917
2024-01-18 04:26:34,974 -     || token_match: 0.000, exact_match: 0.000
2024-01-18 04:26:34,975 -     || unique taglist code: 1442
2024-01-18 04:26:34,983 -     || seen taglist code: 873
2024-01-18 04:26:35,108 -     || saved model
2024-01-18 04:26:35,112 - 
2024-01-18 04:26:35,113 - #epc: 30
2024-01-18 04:26:36,311 - epc:30, epc_KL:  1.000000
2024-01-18 04:34:12,192 - exact_match_tst_copy_acc: 0.787
2024-01-18 04:34:12,194 - exact_match_tst_reinflection_wlemma: 0.389
2024-01-18 04:34:12,195 - exact_match_tst_reinflection_wlemma_TAGFINDER1: 0.162
2024-01-18 04:34:12,196 - exact_match_tst_reinflection_wlemma_TAGFINDER1_or_2: 0.277
2024-01-18 04:34:12,437 - TRN || epcloss: 0.1634
2024-01-18 04:34:12,438 -     || Q: 1.4611
2024-01-18 04:34:12,439 -     || KL: 0.0611
2024-01-18 04:34:12,440 -     || token_match: 0.000, exact_match: 0.000
2024-01-18 04:34:12,441 -     || unique taglist code: 242998
2024-01-18 04:34:12,442 - DEV || epcloss: 0.0404
2024-01-18 04:34:12,443 -     || Q: 1.0793
2024-01-18 04:34:12,444 -     || KL: 0.0981
2024-01-18 04:34:12,446 -     || token_match: 0.000, exact_match: 0.000
2024-01-18 04:34:12,447 -     || unique taglist code: 1442
2024-01-18 04:34:12,451 -     || seen taglist code: 851
2024-01-18 04:34:12,563 -     || saved model
2024-01-18 04:34:12,568 - 
2024-01-18 04:34:12,569 - #epc: 31
2024-01-18 04:34:13,737 - epc:31, epc_KL:  1.000000
2024-01-18 04:41:53,533 - exact_match_tst_copy_acc: 0.785
2024-01-18 04:41:53,535 - exact_match_tst_reinflection_wlemma: 0.425
2024-01-18 04:41:53,536 - exact_match_tst_reinflection_wlemma_TAGFINDER1: 0.182
2024-01-18 04:41:53,537 - exact_match_tst_reinflection_wlemma_TAGFINDER1_or_2: 0.306
2024-01-18 04:41:53,789 - TRN || epcloss: 0.0852
2024-01-18 04:41:53,791 -     || Q: 1.1729
2024-01-18 04:41:53,792 -     || KL: 0.0459
2024-01-18 04:41:53,793 -     || token_match: 0.000, exact_match: 0.000
2024-01-18 04:41:53,794 -     || unique taglist code: 252439
2024-01-18 04:41:53,796 - DEV || epcloss: 0.0437
2024-01-18 04:41:53,797 -     || Q: 1.0205
2024-01-18 04:41:53,799 -     || KL: 0.0942
2024-01-18 04:41:53,800 -     || token_match: 0.000, exact_match: 0.000
2024-01-18 04:41:53,801 -     || unique taglist code: 1444
2024-01-18 04:41:53,807 -     || seen taglist code: 917
2024-01-18 04:41:53,914 -     || saved model
2024-01-18 04:41:53,917 - 
2024-01-18 04:41:53,919 - #epc: 32
2024-01-18 04:41:55,070 - epc:32, epc_KL:  1.000000
2024-01-18 04:49:28,667 - exact_match_tst_copy_acc: 0.776
2024-01-18 04:49:28,669 - exact_match_tst_reinflection_wlemma: 0.466
2024-01-18 04:49:28,670 - exact_match_tst_reinflection_wlemma_TAGFINDER1: 0.191
2024-01-18 04:49:28,671 - exact_match_tst_reinflection_wlemma_TAGFINDER1_or_2: 0.326
2024-01-18 04:49:29,017 - TRN || epcloss: 0.0645
2024-01-18 04:49:29,018 -     || Q: 0.9645
2024-01-18 04:49:29,019 -     || KL: 0.0414
2024-01-18 04:49:29,021 -     || token_match: 0.000, exact_match: 0.000
2024-01-18 04:49:29,022 -     || unique taglist code: 248303
2024-01-18 04:49:29,023 - DEV || epcloss: 0.0507
2024-01-18 04:49:29,024 -     || Q: 1.0397
2024-01-18 04:49:29,025 -     || KL: 0.1062
2024-01-18 04:49:29,026 -     || token_match: 0.000, exact_match: 0.000
2024-01-18 04:49:29,027 -     || unique taglist code: 1440
2024-01-18 04:49:29,030 -     || seen taglist code: 936
2024-01-18 04:49:29,113 -     || saved model
2024-01-18 04:49:29,116 - 
2024-01-18 04:49:29,117 - #epc: 33
2024-01-18 04:49:30,381 - epc:33, epc_KL:  1.000000
2024-01-18 04:57:08,595 - exact_match_tst_copy_acc: 0.777
2024-01-18 04:57:08,597 - exact_match_tst_reinflection_wlemma: 0.453
2024-01-18 04:57:08,598 - exact_match_tst_reinflection_wlemma_TAGFINDER1: 0.174
2024-01-18 04:57:08,599 - exact_match_tst_reinflection_wlemma_TAGFINDER1_or_2: 0.311
2024-01-18 04:57:08,998 - TRN || epcloss: 0.0716
2024-01-18 04:57:08,999 -     || Q: 1.0184
2024-01-18 04:57:09,000 -     || KL: 0.0433
2024-01-18 04:57:09,001 -     || token_match: 0.000, exact_match: 0.000
2024-01-18 04:57:09,002 -     || unique taglist code: 248273
2024-01-18 04:57:09,003 - DEV || epcloss: 0.0482
2024-01-18 04:57:09,005 -     || Q: 0.9973
2024-01-18 04:57:09,006 -     || KL: 0.1017
2024-01-18 04:57:09,007 -     || token_match: 0.000, exact_match: 0.000
2024-01-18 04:57:09,009 -     || unique taglist code: 1441
2024-01-18 04:57:09,012 -     || seen taglist code: 908
2024-01-18 04:57:09,088 -     || saved model
2024-01-18 04:57:09,091 - 
2024-01-18 04:57:09,092 - #epc: 34
2024-01-18 04:57:10,175 - epc:34, epc_KL:  1.000000
2024-01-18 05:04:46,323 - exact_match_tst_copy_acc: 0.672
2024-01-18 05:04:46,325 - exact_match_tst_reinflection_wlemma: 0.350
2024-01-18 05:04:46,326 - exact_match_tst_reinflection_wlemma_TAGFINDER1: 0.135
2024-01-18 05:04:46,327 - exact_match_tst_reinflection_wlemma_TAGFINDER1_or_2: 0.241
2024-01-18 05:04:46,685 - TRN || epcloss: 0.1275
2024-01-18 05:04:46,686 -     || Q: 1.2232
2024-01-18 05:04:46,687 -     || KL: 0.0547
2024-01-18 05:04:46,688 -     || token_match: 0.000, exact_match: 0.000
2024-01-18 05:04:46,689 -     || unique taglist code: 242755
2024-01-18 05:04:46,690 - DEV || epcloss: 0.0675
2024-01-18 05:04:46,691 -     || Q: 1.0614
2024-01-18 05:04:46,692 -     || KL: 0.1127
2024-01-18 05:04:46,693 -     || token_match: 0.000, exact_match: 0.000
2024-01-18 05:04:46,694 -     || unique taglist code: 1441
2024-01-18 05:04:46,698 -     || seen taglist code: 914
2024-01-18 05:04:46,771 -     || saved model
2024-01-18 05:04:46,774 - 
2024-01-18 05:04:46,775 - #epc: 35
2024-01-18 05:04:47,858 - epc:35, epc_KL:  1.000000
2024-01-18 05:12:24,365 - exact_match_tst_copy_acc: 0.670
2024-01-18 05:12:24,367 - exact_match_tst_reinflection_wlemma: 0.349
2024-01-18 05:12:24,368 - exact_match_tst_reinflection_wlemma_TAGFINDER1: 0.140
2024-01-18 05:12:24,369 - exact_match_tst_reinflection_wlemma_TAGFINDER1_or_2: 0.258
2024-01-18 05:12:24,769 - TRN || epcloss: 0.1130
2024-01-18 05:12:24,771 -     || Q: 1.2264
2024-01-18 05:12:24,772 -     || KL: 0.0554
2024-01-18 05:12:24,773 -     || token_match: 0.000, exact_match: 0.000
2024-01-18 05:12:24,774 -     || unique taglist code: 251645
2024-01-18 05:12:24,775 - DEV || epcloss: 0.0674
2024-01-18 05:12:24,776 -     || Q: 1.0387
2024-01-18 05:12:24,777 -     || KL: 0.1127
2024-01-18 05:12:24,778 -     || token_match: 0.000, exact_match: 0.000
2024-01-18 05:12:24,779 -     || unique taglist code: 1440
2024-01-18 05:12:24,785 -     || seen taglist code: 894
2024-01-18 05:12:24,866 -     || saved model
2024-01-18 05:12:24,869 - 
2024-01-18 05:12:24,870 - #epc: 36
2024-01-18 05:12:25,958 - epc:36, epc_KL:  1.000000
2024-01-18 05:20:03,878 - exact_match_tst_copy_acc: 0.740
2024-01-18 05:20:03,880 - exact_match_tst_reinflection_wlemma: 0.378
2024-01-18 05:20:03,882 - exact_match_tst_reinflection_wlemma_TAGFINDER1: 0.158
2024-01-18 05:20:03,883 - exact_match_tst_reinflection_wlemma_TAGFINDER1_or_2: 0.278
2024-01-18 05:20:04,310 - TRN || epcloss: 0.0838
2024-01-18 05:20:04,312 -     || Q: 1.0782
2024-01-18 05:20:04,313 -     || KL: 0.0489
2024-01-18 05:20:04,314 -     || token_match: 0.000, exact_match: 0.000
2024-01-18 05:20:04,315 -     || unique taglist code: 246635
2024-01-18 05:20:04,316 - DEV || epcloss: 0.0534
2024-01-18 05:20:04,317 -     || Q: 1.1191
2024-01-18 05:20:04,318 -     || KL: 0.1159
2024-01-18 05:20:04,319 -     || token_match: 0.000, exact_match: 0.000
2024-01-18 05:20:04,320 -     || unique taglist code: 1440
2024-01-18 05:20:04,326 -     || seen taglist code: 890
2024-01-18 05:20:04,405 -     || saved model
2024-01-18 05:20:04,408 - 
2024-01-18 05:20:04,409 - #epc: 37
2024-01-18 05:20:05,439 - epc:37, epc_KL:  1.000000
2024-01-18 05:27:43,844 - exact_match_tst_copy_acc: 0.654
2024-01-18 05:27:43,846 - exact_match_tst_reinflection_wlemma: 0.358
2024-01-18 05:27:43,847 - exact_match_tst_reinflection_wlemma_TAGFINDER1: 0.140
2024-01-18 05:27:43,848 - exact_match_tst_reinflection_wlemma_TAGFINDER1_or_2: 0.262
2024-01-18 05:27:44,223 - TRN || epcloss: 0.0896
2024-01-18 05:27:44,225 -     || Q: 1.0744
2024-01-18 05:27:44,226 -     || KL: 0.0499
2024-01-18 05:27:44,227 -     || token_match: 0.000, exact_match: 0.000
2024-01-18 05:27:44,228 -     || unique taglist code: 244449
2024-01-18 05:27:44,229 - DEV || epcloss: 0.0750
2024-01-18 05:27:44,231 -     || Q: 1.1525
2024-01-18 05:27:44,232 -     || KL: 0.1202
2024-01-18 05:27:44,233 -     || token_match: 0.000, exact_match: 0.000
2024-01-18 05:27:44,234 -     || unique taglist code: 1442
2024-01-18 05:27:44,239 -     || seen taglist code: 925
2024-01-18 05:27:44,312 -     || saved model
2024-01-18 05:27:44,315 - 
2024-01-18 05:27:44,316 - #epc: 38
2024-01-18 05:27:45,416 - epc:38, epc_KL:  1.000000
2024-01-18 05:35:21,669 - exact_match_tst_copy_acc: 0.656
2024-01-18 05:35:21,671 - exact_match_tst_reinflection_wlemma: 0.337
2024-01-18 05:35:21,672 - exact_match_tst_reinflection_wlemma_TAGFINDER1: 0.131
2024-01-18 05:35:21,673 - exact_match_tst_reinflection_wlemma_TAGFINDER1_or_2: 0.241
2024-01-18 05:35:22,053 - TRN || epcloss: 0.2226
2024-01-18 05:35:22,054 -     || Q: 1.5315
2024-01-18 05:35:22,055 -     || KL: 0.0858
2024-01-18 05:35:22,056 -     || token_match: 0.000, exact_match: 0.000
2024-01-18 05:35:22,057 -     || unique taglist code: 222470
2024-01-18 05:35:22,058 - DEV || epcloss: 0.0723
2024-01-18 05:35:22,059 -     || Q: 1.1088
2024-01-18 05:35:22,060 -     || KL: 0.1261
2024-01-18 05:35:22,061 -     || token_match: 0.000, exact_match: 0.000
2024-01-18 05:35:22,063 -     || unique taglist code: 1443
2024-01-18 05:35:22,067 -     || seen taglist code: 809
2024-01-18 05:35:22,155 -     || saved model
2024-01-18 05:35:22,158 - 
2024-01-18 05:35:22,159 - #epc: 39
2024-01-18 05:35:23,284 - epc:39, epc_KL:  1.000000
2024-01-18 05:43:01,251 - exact_match_tst_copy_acc: 0.582
2024-01-18 05:43:01,252 - exact_match_tst_reinflection_wlemma: 0.308
2024-01-18 05:43:01,253 - exact_match_tst_reinflection_wlemma_TAGFINDER1: 0.122
2024-01-18 05:43:01,254 - exact_match_tst_reinflection_wlemma_TAGFINDER1_or_2: 0.214
2024-01-18 05:43:01,655 - TRN || epcloss: 0.1002
2024-01-18 05:43:01,657 -     || Q: 1.1445
2024-01-18 05:43:01,658 -     || KL: 0.0522
2024-01-18 05:43:01,659 -     || token_match: 0.000, exact_match: 0.000
2024-01-18 05:43:01,660 -     || unique taglist code: 249289
2024-01-18 05:43:01,661 - DEV || epcloss: 0.0898
2024-01-18 05:43:01,662 -     || Q: 1.1198
2024-01-18 05:43:01,663 -     || KL: 0.1229
2024-01-18 05:43:01,664 -     || token_match: 0.000, exact_match: 0.000
2024-01-18 05:43:01,665 -     || unique taglist code: 1445
2024-01-18 05:43:01,670 -     || seen taglist code: 872
2024-01-18 05:43:01,748 -     || saved model
2024-01-18 05:43:01,751 - 
2024-01-18 05:43:01,752 - #epc: 40
2024-01-18 05:43:02,847 - epc:40, epc_KL:  1.000000
2024-01-18 05:50:48,177 - exact_match_tst_copy_acc: 0.001
2024-01-18 05:50:48,178 - exact_match_tst_reinflection_wlemma: 0.001
2024-01-18 05:50:48,179 - exact_match_tst_reinflection_wlemma_TAGFINDER1: 0.000
2024-01-18 05:50:48,180 - exact_match_tst_reinflection_wlemma_TAGFINDER1_or_2: 0.001
2024-01-18 05:50:48,540 - TRN || epcloss: 0.6158
2024-01-18 05:50:48,541 -     || Q: 1.6039
2024-01-18 05:50:48,542 -     || KL: 0.1369
2024-01-18 05:50:48,543 -     || token_match: 0.000, exact_match: 0.000
2024-01-18 05:50:48,544 -     || unique taglist code: 223782
2024-01-18 05:50:48,546 - DEV || epcloss: 1.2059
2024-01-18 05:50:48,547 -     || Q: 1.7981
2024-01-18 05:50:48,548 -     || KL: 0.6502
2024-01-18 05:50:48,549 -     || token_match: 0.000, exact_match: 0.000
2024-01-18 05:50:48,550 -     || unique taglist code: 1359
2024-01-18 05:50:48,555 -     || seen taglist code: 1042
2024-01-18 05:50:48,680 -     || saved model
2024-01-18 05:50:48,683 - 
2024-01-18 05:50:48,684 - #epc: 41
2024-01-18 05:50:49,803 - epc:41, epc_KL:  1.000000
2024-01-18 05:58:21,548 - exact_match_tst_copy_acc: 0.003
2024-01-18 05:58:21,550 - exact_match_tst_reinflection_wlemma: 0.001
2024-01-18 05:58:21,551 - exact_match_tst_reinflection_wlemma_TAGFINDER1: 0.000
2024-01-18 05:58:21,552 - exact_match_tst_reinflection_wlemma_TAGFINDER1_or_2: 0.001
2024-01-18 05:58:21,862 - TRN || epcloss: 0.9576
2024-01-18 05:58:21,863 -     || Q: 1.7683
2024-01-18 05:58:21,865 -     || KL: 0.3070
2024-01-18 05:58:21,866 -     || token_match: 0.000, exact_match: 0.000
2024-01-18 05:58:21,867 -     || unique taglist code: 77038
2024-01-18 05:58:21,868 - DEV || epcloss: 0.6625
2024-01-18 05:58:21,869 -     || Q: 1.6159
2024-01-18 05:58:21,870 -     || KL: 0.6279
2024-01-18 05:58:21,871 -     || token_match: 0.000, exact_match: 0.000
2024-01-18 05:58:21,872 -     || unique taglist code: 1239
2024-01-18 05:58:21,876 -     || seen taglist code: 1152
2024-01-18 05:58:21,986 -     || saved model
2024-01-18 05:58:21,989 - 
2024-01-18 05:58:21,990 - #epc: 42
2024-01-18 05:58:23,027 - epc:42, epc_KL:  1.000000
2024-01-18 06:05:51,422 - exact_match_tst_copy_acc: 0.033
2024-01-18 06:05:51,424 - exact_match_tst_reinflection_wlemma: 0.008
2024-01-18 06:05:51,425 - exact_match_tst_reinflection_wlemma_TAGFINDER1: 0.002
2024-01-18 06:05:51,427 - exact_match_tst_reinflection_wlemma_TAGFINDER1_or_2: 0.003
2024-01-18 06:05:51,824 - TRN || epcloss: 0.5801
2024-01-18 06:05:51,826 -     || Q: 1.5591
2024-01-18 06:05:51,827 -     || KL: 0.1564
2024-01-18 06:05:51,828 -     || token_match: 0.000, exact_match: 0.000
2024-01-18 06:05:51,829 -     || unique taglist code: 61253
2024-01-18 06:05:51,830 - DEV || epcloss: 0.4162
2024-01-18 06:05:51,831 -     || Q: 1.6385
2024-01-18 06:05:51,832 -     || KL: 0.2469
2024-01-18 06:05:51,833 -     || token_match: 0.000, exact_match: 0.000
2024-01-18 06:05:51,834 -     || unique taglist code: 1354
2024-01-18 06:05:51,837 -     || seen taglist code: 1136
2024-01-18 06:05:51,918 -     || saved model
2024-01-18 06:05:51,921 - 
2024-01-18 06:05:51,922 - #epc: 43
2024-01-18 06:05:53,047 - epc:43, epc_KL:  1.000000
2024-01-18 06:13:25,131 - exact_match_tst_copy_acc: 0.442
2024-01-18 06:13:25,133 - exact_match_tst_reinflection_wlemma: 0.178
2024-01-18 06:13:25,134 - exact_match_tst_reinflection_wlemma_TAGFINDER1: 0.073
2024-01-18 06:13:25,135 - exact_match_tst_reinflection_wlemma_TAGFINDER1_or_2: 0.136
2024-01-18 06:13:25,532 - TRN || epcloss: 0.2983
2024-01-18 06:13:25,534 -     || Q: 1.7941
2024-01-18 06:13:25,535 -     || KL: 0.0726
2024-01-18 06:13:25,536 -     || token_match: 0.000, exact_match: 0.000
2024-01-18 06:13:25,537 -     || unique taglist code: 170314
2024-01-18 06:13:25,538 - DEV || epcloss: 0.1151
2024-01-18 06:13:25,539 -     || Q: 1.4488
2024-01-18 06:13:25,540 -     || KL: 0.1157
2024-01-18 06:13:25,542 -     || token_match: 0.000, exact_match: 0.000
2024-01-18 06:13:25,543 -     || unique taglist code: 1442
2024-01-18 06:13:25,548 -     || seen taglist code: 790
2024-01-18 06:13:25,630 -     || saved model
2024-01-18 06:13:25,633 - 
2024-01-18 06:13:25,634 - #epc: 44
2024-01-18 06:13:26,758 - epc:44, epc_KL:  1.000000
2024-01-18 06:20:59,109 - exact_match_tst_copy_acc: 0.545
2024-01-18 06:20:59,111 - exact_match_tst_reinflection_wlemma: 0.252
2024-01-18 06:20:59,112 - exact_match_tst_reinflection_wlemma_TAGFINDER1: 0.105
2024-01-18 06:20:59,113 - exact_match_tst_reinflection_wlemma_TAGFINDER1_or_2: 0.180
2024-01-18 06:20:59,490 - TRN || epcloss: 0.1187
2024-01-18 06:20:59,492 -     || Q: 1.2625
2024-01-18 06:20:59,493 -     || KL: 0.0498
2024-01-18 06:20:59,494 -     || token_match: 0.000, exact_match: 0.000
2024-01-18 06:20:59,495 -     || unique taglist code: 246890
2024-01-18 06:20:59,496 - DEV || epcloss: 0.1011
2024-01-18 06:20:59,497 -     || Q: 1.4091
2024-01-18 06:20:59,498 -     || KL: 0.1471
2024-01-18 06:20:59,499 -     || token_match: 0.000, exact_match: 0.000
2024-01-18 06:20:59,500 -     || unique taglist code: 1443
2024-01-18 06:20:59,505 -     || seen taglist code: 799
2024-01-18 06:20:59,626 -     || saved model
2024-01-18 06:20:59,629 - 
2024-01-18 06:20:59,630 - #epc: 45
2024-01-18 06:21:00,778 - epc:45, epc_KL:  1.000000
2024-01-18 06:28:35,694 - exact_match_tst_copy_acc: 0.004
2024-01-18 06:28:35,696 - exact_match_tst_reinflection_wlemma: 0.002
2024-01-18 06:28:35,697 - exact_match_tst_reinflection_wlemma_TAGFINDER1: 0.001
2024-01-18 06:28:35,699 - exact_match_tst_reinflection_wlemma_TAGFINDER1_or_2: 0.001
2024-01-18 06:28:36,064 - TRN || epcloss: 0.3470
2024-01-18 06:28:36,066 -     || Q: 1.6050
2024-01-18 06:28:36,068 -     || KL: 0.2101
2024-01-18 06:28:36,071 -     || token_match: 0.000, exact_match: 0.000
2024-01-18 06:28:36,073 -     || unique taglist code: 227329
2024-01-18 06:28:36,075 - DEV || epcloss: 0.6407
2024-01-18 06:28:36,076 -     || Q: 2.2224
2024-01-18 06:28:36,078 -     || KL: 0.9836
2024-01-18 06:28:36,079 -     || token_match: 0.000, exact_match: 0.000
2024-01-18 06:28:36,081 -     || unique taglist code: 807
2024-01-18 06:28:36,088 -     || seen taglist code: 773
2024-01-18 06:28:36,185 -     || saved model
2024-01-18 06:28:36,189 - 
2024-01-18 06:28:36,191 - #epc: 46
2024-01-18 06:28:37,338 - epc:46, epc_KL:  1.000000
2024-01-18 06:36:06,138 - exact_match_tst_copy_acc: 0.100
2024-01-18 06:36:06,140 - exact_match_tst_reinflection_wlemma: 0.044
2024-01-18 06:36:06,141 - exact_match_tst_reinflection_wlemma_TAGFINDER1: 0.014
2024-01-18 06:36:06,142 - exact_match_tst_reinflection_wlemma_TAGFINDER1_or_2: 0.029
2024-01-18 06:36:06,488 - TRN || epcloss: 0.4539
2024-01-18 06:36:06,490 -     || Q: 1.5659
2024-01-18 06:36:06,491 -     || KL: 0.1345
2024-01-18 06:36:06,492 -     || token_match: 0.000, exact_match: 0.000
2024-01-18 06:36:06,493 -     || unique taglist code: 49371
2024-01-18 06:36:06,494 - DEV || epcloss: 0.2449
2024-01-18 06:36:06,495 -     || Q: 1.5895
2024-01-18 06:36:06,496 -     || KL: 0.1997
2024-01-18 06:36:06,497 -     || token_match: 0.000, exact_match: 0.000
2024-01-18 06:36:06,498 -     || unique taglist code: 1399
2024-01-18 06:36:06,501 -     || seen taglist code: 1118
2024-01-18 06:36:06,586 -     || saved model
2024-01-18 06:36:06,589 - 
2024-01-18 06:36:06,590 - #epc: 47
2024-01-18 06:36:07,729 - epc:47, epc_KL:  1.000000
2024-01-18 06:43:40,739 - exact_match_tst_copy_acc: 0.521
2024-01-18 06:43:40,741 - exact_match_tst_reinflection_wlemma: 0.223
2024-01-18 06:43:40,742 - exact_match_tst_reinflection_wlemma_TAGFINDER1: 0.091
2024-01-18 06:43:40,743 - exact_match_tst_reinflection_wlemma_TAGFINDER1_or_2: 0.160
2024-01-18 06:43:41,117 - TRN || epcloss: 0.1881
2024-01-18 06:43:41,118 -     || Q: 1.4945
2024-01-18 06:43:41,120 -     || KL: 0.0571
2024-01-18 06:43:41,122 -     || token_match: 0.000, exact_match: 0.000
2024-01-18 06:43:41,123 -     || unique taglist code: 175070
2024-01-18 06:43:41,124 - DEV || epcloss: 0.0898
2024-01-18 06:43:41,125 -     || Q: 1.1545
2024-01-18 06:43:41,127 -     || KL: 0.1113
2024-01-18 06:43:41,128 -     || token_match: 0.000, exact_match: 0.000
2024-01-18 06:43:41,129 -     || unique taglist code: 1434
2024-01-18 06:43:41,132 -     || seen taglist code: 948
2024-01-18 06:43:41,219 -     || saved model
2024-01-18 06:43:41,222 - 
2024-01-18 06:43:41,224 - #epc: 48
2024-01-18 06:43:42,295 - epc:48, epc_KL:  1.000000
2024-01-18 06:51:16,851 - exact_match_tst_copy_acc: 0.613
2024-01-18 06:51:16,853 - exact_match_tst_reinflection_wlemma: 0.314
2024-01-18 06:51:16,854 - exact_match_tst_reinflection_wlemma_TAGFINDER1: 0.128
2024-01-18 06:51:16,855 - exact_match_tst_reinflection_wlemma_TAGFINDER1_or_2: 0.223
2024-01-18 06:51:17,229 - TRN || epcloss: 0.1033
2024-01-18 06:51:17,230 -     || Q: 1.1149
2024-01-18 06:51:17,231 -     || KL: 0.0453
2024-01-18 06:51:17,232 -     || token_match: 0.000, exact_match: 0.000
2024-01-18 06:51:17,233 -     || unique taglist code: 198447
2024-01-18 06:51:17,234 - DEV || epcloss: 0.0627
2024-01-18 06:51:17,235 -     || Q: 0.9247
2024-01-18 06:51:17,236 -     || KL: 0.1087
2024-01-18 06:51:17,237 -     || token_match: 0.000, exact_match: 0.000
2024-01-18 06:51:17,238 -     || unique taglist code: 1441
2024-01-18 06:51:17,244 -     || seen taglist code: 1078
2024-01-18 06:51:17,320 -     || saved model
2024-01-18 06:51:17,323 - 
2024-01-18 06:51:17,324 - #epc: 49
2024-01-18 06:51:18,406 - epc:49, epc_KL:  1.000000
2024-01-18 06:58:51,202 - exact_match_tst_copy_acc: 0.681
2024-01-18 06:58:51,204 - exact_match_tst_reinflection_wlemma: 0.325
2024-01-18 06:58:51,205 - exact_match_tst_reinflection_wlemma_TAGFINDER1: 0.139
2024-01-18 06:58:51,207 - exact_match_tst_reinflection_wlemma_TAGFINDER1_or_2: 0.236
2024-01-18 06:58:51,571 - TRN || epcloss: 0.0859
2024-01-18 06:58:51,572 -     || Q: 1.0319
2024-01-18 06:58:51,574 -     || KL: 0.0448
2024-01-18 06:58:51,575 -     || token_match: 0.000, exact_match: 0.000
2024-01-18 06:58:51,576 -     || unique taglist code: 201384
2024-01-18 06:58:51,577 - DEV || epcloss: 0.0567
2024-01-18 06:58:51,578 -     || Q: 1.1240
2024-01-18 06:58:51,579 -     || KL: 0.1187
2024-01-18 06:58:51,580 -     || token_match: 0.000, exact_match: 0.000
2024-01-18 06:58:51,581 -     || unique taglist code: 1438
2024-01-18 06:58:51,586 -     || seen taglist code: 1032
2024-01-18 06:58:51,682 -     || saved model
