2023-02-19 23:35:11,047 - trnID: 5
2023-02-19 23:35:11,054 - batchsize: 64
2023-02-19 23:35:11,055 - epochs: 200
2023-02-19 23:35:11,056 - lr: 0.00050
2023-02-19 23:35:11,063 - AE(
  (encoder): Encoder_GRU_AE(
    (layers): ModuleList(
      (0): Embedding(51, 64)
      (1): Dropout(p=0.0, inplace=False)
      (2): GRU(64, 256, batch_first=True)
    )
  )
  (down_to_z_layer): Linear(in_features=256, out_features=32, bias=True)
  (up_from_z_layer): Linear(in_features=32, out_features=256, bias=True)
  (decoder): Decoder_GRU_AE(
    (layers): ModuleList(
      (0): Embedding(51, 64)
      (1): Dropout(p=0.3, inplace=False)
      (2): GRU(96, 256, batch_first=True)
      (3): Linear(in_features=256, out_features=51, bias=True)
    )
    (loss): CrossEntropyLoss()
  )
)
2023-02-19 23:35:11,315 - trnsize: 14000
2023-02-19 23:35:11,316 - devsize: 1000
2023-02-19 23:35:11,316 - 
2023-02-19 23:35:11,317 - #epc: 0
2023-02-19 23:35:18,996 - TRN || epcloss: 2.2959
2023-02-19 23:35:18,997 -     || token_match: 0.341, exact_match: 0.000
2023-02-19 23:35:18,997 - DEV || epcloss: 1.7137
2023-02-19 23:35:18,998 -     || token_match: 0.478, exact_match: 0.000
2023-02-19 23:35:19,000 - 
2023-02-19 23:35:19,001 - #epc: 1
2023-02-19 23:35:30,044 - TRN || epcloss: 1.5810
2023-02-19 23:35:30,044 -     || token_match: 0.526, exact_match: 0.003
2023-02-19 23:35:30,045 - DEV || epcloss: 1.3924
2023-02-19 23:35:30,046 -     || token_match: 0.579, exact_match: 0.000
2023-02-19 23:35:30,047 - 
2023-02-19 23:35:30,048 - #epc: 2
2023-02-19 23:35:39,656 - TRN || epcloss: 1.2395
2023-02-19 23:35:39,657 -     || token_match: 0.624, exact_match: 0.019
2023-02-19 23:35:39,657 - DEV || epcloss: 0.9609
2023-02-19 23:35:39,658 -     || token_match: 0.703, exact_match: 0.001
2023-02-19 23:35:39,659 -     || BEST exact match: 0.001
2023-02-19 23:35:39,672 -     || saved model
2023-02-19 23:35:39,673 - 
2023-02-19 23:35:39,674 - #epc: 3
2023-02-19 23:35:49,121 - TRN || epcloss: 1.0037
2023-02-19 23:35:49,122 -     || token_match: 0.693, exact_match: 0.066
2023-02-19 23:35:49,123 - DEV || epcloss: 0.7900
2023-02-19 23:35:49,124 -     || token_match: 0.754, exact_match: 0.005
2023-02-19 23:35:49,126 -     || BEST exact match: 0.005
2023-02-19 23:35:49,632 -     || saved model
2023-02-19 23:35:49,633 - 
2023-02-19 23:35:49,634 - #epc: 4
2023-02-19 23:35:59,672 - TRN || epcloss: 0.8255
2023-02-19 23:35:59,673 -     || token_match: 0.746, exact_match: 0.131
2023-02-19 23:35:59,673 - DEV || epcloss: 0.6492
2023-02-19 23:35:59,674 -     || token_match: 0.802, exact_match: 0.012
2023-02-19 23:35:59,676 -     || BEST exact match: 0.012
2023-02-19 23:35:59,690 -     || saved model
2023-02-19 23:35:59,691 - 
2023-02-19 23:35:59,691 - #epc: 5
2023-02-19 23:36:09,529 - TRN || epcloss: 0.6801
2023-02-19 23:36:09,530 -     || token_match: 0.790, exact_match: 0.209
2023-02-19 23:36:09,531 - DEV || epcloss: 0.5527
2023-02-19 23:36:09,532 -     || token_match: 0.829, exact_match: 0.028
2023-02-19 23:36:09,534 -     || BEST exact match: 0.028
2023-02-19 23:36:09,548 -     || saved model
2023-02-19 23:36:09,549 - 
2023-02-19 23:36:09,549 - #epc: 6
2023-02-19 23:36:19,426 - TRN || epcloss: 0.5794
2023-02-19 23:36:19,427 -     || token_match: 0.820, exact_match: 0.264
2023-02-19 23:36:19,428 - DEV || epcloss: 0.4669
2023-02-19 23:36:19,428 -     || token_match: 0.855, exact_match: 0.052
2023-02-19 23:36:19,430 -     || BEST exact match: 0.052
2023-02-19 23:36:19,444 -     || saved model
2023-02-19 23:36:19,444 - 
2023-02-19 23:36:19,445 - #epc: 7
2023-02-19 23:36:28,147 - TRN || epcloss: 0.4879
2023-02-19 23:36:28,148 -     || token_match: 0.849, exact_match: 0.321
2023-02-19 23:36:28,149 - DEV || epcloss: 0.5545
2023-02-19 23:36:28,149 -     || token_match: 0.819, exact_match: 0.044
2023-02-19 23:36:28,151 - 
2023-02-19 23:36:28,152 - #epc: 8
2023-02-19 23:36:38,440 - TRN || epcloss: 0.4244
2023-02-19 23:36:38,441 -     || token_match: 0.868, exact_match: 0.369
2023-02-19 23:36:38,442 - DEV || epcloss: 0.4027
2023-02-19 23:36:38,442 -     || token_match: 0.873, exact_match: 0.095
2023-02-19 23:36:38,444 -     || BEST exact match: 0.095
2023-02-19 23:36:38,458 -     || saved model
2023-02-19 23:36:38,458 - 
2023-02-19 23:36:38,459 - #epc: 9
2023-02-19 23:36:48,578 - TRN || epcloss: 0.3797
2023-02-19 23:36:48,579 -     || token_match: 0.883, exact_match: 0.405
2023-02-19 23:36:48,580 - DEV || epcloss: 0.3432
2023-02-19 23:36:48,581 -     || token_match: 0.890, exact_match: 0.136
2023-02-19 23:36:48,582 -     || BEST exact match: 0.136
2023-02-19 23:36:48,596 -     || saved model
2023-02-19 23:36:48,597 - 
2023-02-19 23:36:48,598 - #epc: 10
2023-02-19 23:36:58,234 - TRN || epcloss: 0.3334
2023-02-19 23:36:58,235 -     || token_match: 0.895, exact_match: 0.440
2023-02-19 23:36:58,236 - DEV || epcloss: 0.2817
2023-02-19 23:36:58,236 -     || token_match: 0.912, exact_match: 0.217
2023-02-19 23:36:58,238 -     || BEST exact match: 0.217
2023-02-19 23:36:58,252 -     || saved model
2023-02-19 23:36:58,252 - 
2023-02-19 23:36:58,253 - #epc: 11
2023-02-19 23:37:08,341 - TRN || epcloss: 0.3019
2023-02-19 23:37:08,341 -     || token_match: 0.906, exact_match: 0.467
2023-02-19 23:37:08,342 - DEV || epcloss: 0.2667
2023-02-19 23:37:08,343 -     || token_match: 0.915, exact_match: 0.230
2023-02-19 23:37:08,344 -     || BEST exact match: 0.230
2023-02-19 23:37:08,358 -     || saved model
2023-02-19 23:37:08,359 - 
2023-02-19 23:37:08,359 - #epc: 12
2023-02-19 23:37:18,125 - TRN || epcloss: 0.2820
2023-02-19 23:37:18,126 -     || token_match: 0.912, exact_match: 0.485
2023-02-19 23:37:18,127 - DEV || epcloss: 0.2241
2023-02-19 23:37:18,128 -     || token_match: 0.932, exact_match: 0.324
2023-02-19 23:37:18,129 -     || BEST exact match: 0.324
2023-02-19 23:37:18,143 -     || saved model
2023-02-19 23:37:18,144 - 
2023-02-19 23:37:18,145 - #epc: 13
2023-02-19 23:37:27,884 - TRN || epcloss: 0.2456
2023-02-19 23:37:27,885 -     || token_match: 0.923, exact_match: 0.522
2023-02-19 23:37:27,886 - DEV || epcloss: 0.1999
2023-02-19 23:37:27,886 -     || token_match: 0.940, exact_match: 0.393
2023-02-19 23:37:27,888 -     || BEST exact match: 0.393
2023-02-19 23:37:27,902 -     || saved model
2023-02-19 23:37:27,902 - 
2023-02-19 23:37:27,903 - #epc: 14
2023-02-19 23:37:37,685 - TRN || epcloss: 0.2195
2023-02-19 23:37:37,686 -     || token_match: 0.931, exact_match: 0.559
2023-02-19 23:37:37,686 - DEV || epcloss: 0.2122
2023-02-19 23:37:37,687 -     || token_match: 0.932, exact_match: 0.338
2023-02-19 23:37:37,688 - 
2023-02-19 23:37:37,689 - #epc: 15
2023-02-19 23:37:47,283 - TRN || epcloss: 0.2007
2023-02-19 23:37:47,284 -     || token_match: 0.937, exact_match: 0.585
2023-02-19 23:37:47,285 - DEV || epcloss: 0.2219
2023-02-19 23:37:47,286 -     || token_match: 0.930, exact_match: 0.354
2023-02-19 23:37:47,287 - 
2023-02-19 23:37:47,288 - #epc: 16
2023-02-19 23:37:56,879 - TRN || epcloss: 0.1847
2023-02-19 23:37:56,880 -     || token_match: 0.943, exact_match: 0.604
2023-02-19 23:37:56,881 - DEV || epcloss: 0.1714
2023-02-19 23:37:56,881 -     || token_match: 0.949, exact_match: 0.463
2023-02-19 23:37:56,883 -     || BEST exact match: 0.463
2023-02-19 23:37:56,897 -     || saved model
2023-02-19 23:37:56,898 - 
2023-02-19 23:37:56,898 - #epc: 17
2023-02-19 23:38:06,710 - TRN || epcloss: 0.1797
2023-02-19 23:38:06,711 -     || token_match: 0.944, exact_match: 0.622
2023-02-19 23:38:06,712 - DEV || epcloss: 0.1518
2023-02-19 23:38:06,712 -     || token_match: 0.953, exact_match: 0.510
2023-02-19 23:38:06,714 -     || BEST exact match: 0.510
2023-02-19 23:38:06,727 -     || saved model
2023-02-19 23:38:06,728 - 
2023-02-19 23:38:06,728 - #epc: 18
2023-02-19 23:38:16,435 - TRN || epcloss: 0.1578
2023-02-19 23:38:16,436 -     || token_match: 0.951, exact_match: 0.649
2023-02-19 23:38:16,436 - DEV || epcloss: 0.1402
2023-02-19 23:38:16,437 -     || token_match: 0.959, exact_match: 0.570
2023-02-19 23:38:16,438 -     || BEST exact match: 0.570
2023-02-19 23:38:16,452 -     || saved model
2023-02-19 23:38:16,453 - 
2023-02-19 23:38:16,454 - #epc: 19
2023-02-19 23:38:26,241 - TRN || epcloss: 0.1605
2023-02-19 23:38:26,242 -     || token_match: 0.950, exact_match: 0.644
2023-02-19 23:38:26,242 - DEV || epcloss: 0.1294
2023-02-19 23:38:26,243 -     || token_match: 0.961, exact_match: 0.600
2023-02-19 23:38:26,245 -     || BEST exact match: 0.600
2023-02-19 23:38:26,259 -     || saved model
2023-02-19 23:38:26,260 - 
2023-02-19 23:38:26,260 - #epc: 20
2023-02-19 23:38:35,956 - TRN || epcloss: 0.1363
2023-02-19 23:38:35,957 -     || token_match: 0.958, exact_match: 0.688
2023-02-19 23:38:35,958 - DEV || epcloss: 0.1204
2023-02-19 23:38:35,959 -     || token_match: 0.966, exact_match: 0.639
2023-02-19 23:38:35,961 -     || BEST exact match: 0.639
2023-02-19 23:38:35,975 -     || saved model
2023-02-19 23:38:35,976 - 
2023-02-19 23:38:35,977 - #epc: 21
2023-02-19 23:38:45,632 - TRN || epcloss: 0.1214
2023-02-19 23:38:45,633 -     || token_match: 0.962, exact_match: 0.711
2023-02-19 23:38:45,633 - DEV || epcloss: 0.1176
2023-02-19 23:38:45,634 -     || token_match: 0.965, exact_match: 0.632
2023-02-19 23:38:45,635 - 
2023-02-19 23:38:45,636 - #epc: 22
2023-02-19 23:38:55,466 - TRN || epcloss: 0.1093
2023-02-19 23:38:55,467 -     || token_match: 0.967, exact_match: 0.738
2023-02-19 23:38:55,468 - DEV || epcloss: 0.2428
2023-02-19 23:38:55,469 -     || token_match: 0.933, exact_match: 0.340
2023-02-19 23:38:55,471 - 
2023-02-19 23:38:55,472 - #epc: 23
2023-02-19 23:39:05,263 - TRN || epcloss: 0.1268
2023-02-19 23:39:05,263 -     || token_match: 0.961, exact_match: 0.705
2023-02-19 23:39:05,264 - DEV || epcloss: 0.1183
2023-02-19 23:39:05,265 -     || token_match: 0.966, exact_match: 0.644
2023-02-19 23:39:05,266 -     || BEST exact match: 0.644
2023-02-19 23:39:05,280 -     || saved model
2023-02-19 23:39:05,281 - 
2023-02-19 23:39:05,282 - #epc: 24
2023-02-19 23:39:14,988 - TRN || epcloss: 0.1239
2023-02-19 23:39:14,989 -     || token_match: 0.962, exact_match: 0.701
2023-02-19 23:39:14,990 - DEV || epcloss: 0.1081
2023-02-19 23:39:14,991 -     || token_match: 0.968, exact_match: 0.670
2023-02-19 23:39:14,992 -     || BEST exact match: 0.670
2023-02-19 23:39:15,856 -     || saved model
2023-02-19 23:39:15,857 - 
2023-02-19 23:39:15,857 - #epc: 25
2023-02-19 23:39:25,775 - TRN || epcloss: 0.0947
2023-02-19 23:39:25,776 -     || token_match: 0.971, exact_match: 0.757
2023-02-19 23:39:25,777 - DEV || epcloss: 0.1030
2023-02-19 23:39:25,777 -     || token_match: 0.970, exact_match: 0.686
2023-02-19 23:39:25,779 -     || BEST exact match: 0.686
2023-02-19 23:39:25,793 -     || saved model
2023-02-19 23:39:25,794 - 
2023-02-19 23:39:25,795 - #epc: 26
2023-02-19 23:39:36,016 - TRN || epcloss: 0.0873
2023-02-19 23:39:36,017 -     || token_match: 0.973, exact_match: 0.779
2023-02-19 23:39:36,017 - DEV || epcloss: 0.2229
2023-02-19 23:39:36,018 -     || token_match: 0.938, exact_match: 0.335
2023-02-19 23:39:36,020 - 
2023-02-19 23:39:36,020 - #epc: 27
2023-02-19 23:39:45,766 - TRN || epcloss: 0.0845
2023-02-19 23:39:45,767 -     || token_match: 0.974, exact_match: 0.785
2023-02-19 23:39:45,768 - DEV || epcloss: 0.0910
2023-02-19 23:39:45,768 -     || token_match: 0.975, exact_match: 0.734
2023-02-19 23:39:45,770 -     || BEST exact match: 0.734
2023-02-19 23:39:45,784 -     || saved model
2023-02-19 23:39:45,784 - 
2023-02-19 23:39:45,785 - #epc: 28
2023-02-19 23:39:55,587 - TRN || epcloss: 0.0917
2023-02-19 23:39:55,588 -     || token_match: 0.972, exact_match: 0.770
2023-02-19 23:39:55,589 - DEV || epcloss: 0.1883
2023-02-19 23:39:55,590 -     || token_match: 0.952, exact_match: 0.474
2023-02-19 23:39:55,591 - 
2023-02-19 23:39:55,592 - #epc: 29
2023-02-19 23:40:05,374 - TRN || epcloss: 0.0868
2023-02-19 23:40:05,375 -     || token_match: 0.973, exact_match: 0.778
2023-02-19 23:40:05,375 - DEV || epcloss: 0.0896
2023-02-19 23:40:05,376 -     || token_match: 0.975, exact_match: 0.745
2023-02-19 23:40:05,377 -     || BEST exact match: 0.745
2023-02-19 23:40:05,391 -     || saved model
2023-02-19 23:40:05,391 - 
2023-02-19 23:40:05,392 - #epc: 30
2023-02-19 23:40:15,194 - TRN || epcloss: 0.0724
2023-02-19 23:40:15,195 -     || token_match: 0.978, exact_match: 0.808
2023-02-19 23:40:15,196 - DEV || epcloss: 0.0857
2023-02-19 23:40:15,197 -     || token_match: 0.976, exact_match: 0.751
2023-02-19 23:40:15,199 -     || BEST exact match: 0.751
2023-02-19 23:40:15,213 -     || saved model
2023-02-19 23:40:15,213 - 
2023-02-19 23:40:15,214 - #epc: 31
2023-02-19 23:40:25,118 - TRN || epcloss: 0.0761
2023-02-19 23:40:25,119 -     || token_match: 0.977, exact_match: 0.802
2023-02-19 23:40:25,120 - DEV || epcloss: 0.1137
2023-02-19 23:40:25,121 -     || token_match: 0.967, exact_match: 0.615
2023-02-19 23:40:25,123 - 
2023-02-19 23:40:25,124 - #epc: 32
2023-02-19 23:40:34,908 - TRN || epcloss: 0.0728
2023-02-19 23:40:34,909 -     || token_match: 0.978, exact_match: 0.808
2023-02-19 23:40:34,910 - DEV || epcloss: 0.0842
2023-02-19 23:40:34,910 -     || token_match: 0.976, exact_match: 0.739
2023-02-19 23:40:34,912 - 
2023-02-19 23:40:34,912 - #epc: 33
2023-02-19 23:40:44,685 - TRN || epcloss: 0.0604
2023-02-19 23:40:44,686 -     || token_match: 0.981, exact_match: 0.835
2023-02-19 23:40:44,687 - DEV || epcloss: 0.0859
2023-02-19 23:40:44,688 -     || token_match: 0.976, exact_match: 0.747
2023-02-19 23:40:44,690 - 
2023-02-19 23:40:44,691 - #epc: 34
2023-02-19 23:40:54,472 - TRN || epcloss: 0.0547
2023-02-19 23:40:54,472 -     || token_match: 0.983, exact_match: 0.849
2023-02-19 23:40:54,473 - DEV || epcloss: 0.0876
2023-02-19 23:40:54,474 -     || token_match: 0.976, exact_match: 0.737
2023-02-19 23:40:54,475 - 
2023-02-19 23:40:54,476 - #epc: 35
2023-02-19 23:41:04,266 - TRN || epcloss: 0.0963
2023-02-19 23:41:04,266 -     || token_match: 0.971, exact_match: 0.768
2023-02-19 23:41:04,267 - DEV || epcloss: 0.1033
2023-02-19 23:41:04,268 -     || token_match: 0.970, exact_match: 0.694
2023-02-19 23:41:04,270 - 
2023-02-19 23:41:04,270 - #epc: 36
2023-02-19 23:41:14,108 - TRN || epcloss: 0.0932
2023-02-19 23:41:14,109 -     || token_match: 0.971, exact_match: 0.770
2023-02-19 23:41:14,110 - DEV || epcloss: 0.0855
2023-02-19 23:41:14,111 -     || token_match: 0.975, exact_match: 0.739
2023-02-19 23:41:14,112 - 
2023-02-19 23:41:14,113 - #epc: 37
2023-02-19 23:41:23,859 - TRN || epcloss: 0.0532
2023-02-19 23:41:23,860 -     || token_match: 0.983, exact_match: 0.849
2023-02-19 23:41:23,861 - DEV || epcloss: 0.0793
2023-02-19 23:41:23,862 -     || token_match: 0.979, exact_match: 0.782
2023-02-19 23:41:23,863 -     || BEST exact match: 0.782
2023-02-19 23:41:23,879 -     || saved model
2023-02-19 23:41:23,880 - 
2023-02-19 23:41:23,880 - #epc: 38
2023-02-19 23:41:33,694 - TRN || epcloss: 0.0458
2023-02-19 23:41:33,695 -     || token_match: 0.986, exact_match: 0.868
2023-02-19 23:41:33,695 - DEV || epcloss: 0.0771
2023-02-19 23:41:33,696 -     || token_match: 0.979, exact_match: 0.776
2023-02-19 23:41:33,698 - 
2023-02-19 23:41:33,698 - #epc: 39
2023-02-19 23:41:43,456 - TRN || epcloss: 0.0446
2023-02-19 23:41:43,457 -     || token_match: 0.987, exact_match: 0.871
2023-02-19 23:41:43,457 - DEV || epcloss: 0.0750
2023-02-19 23:41:43,458 -     || token_match: 0.979, exact_match: 0.774
2023-02-19 23:41:43,460 - 
2023-02-19 23:41:43,461 - #epc: 40
2023-02-19 23:41:53,220 - TRN || epcloss: 0.0422
2023-02-19 23:41:53,221 -     || token_match: 0.987, exact_match: 0.872
2023-02-19 23:41:53,222 - DEV || epcloss: 0.0759
2023-02-19 23:41:53,223 -     || token_match: 0.979, exact_match: 0.785
2023-02-19 23:41:53,224 -     || BEST exact match: 0.785
2023-02-19 23:41:53,238 -     || saved model
2023-02-19 23:41:53,238 - 
2023-02-19 23:41:53,239 - #epc: 41
2023-02-19 23:42:02,965 - TRN || epcloss: 0.0404
2023-02-19 23:42:02,966 -     || token_match: 0.988, exact_match: 0.881
2023-02-19 23:42:02,967 - DEV || epcloss: 0.0808
2023-02-19 23:42:02,968 -     || token_match: 0.977, exact_match: 0.752
2023-02-19 23:42:02,969 - 
2023-02-19 23:42:02,970 - #epc: 42
2023-02-19 23:42:12,733 - TRN || epcloss: 0.0423
2023-02-19 23:42:12,734 -     || token_match: 0.987, exact_match: 0.875
2023-02-19 23:42:12,735 - DEV || epcloss: 0.0784
2023-02-19 23:42:12,736 -     || token_match: 0.979, exact_match: 0.773
2023-02-19 23:42:12,737 - 
2023-02-19 23:42:12,738 - #epc: 43
2023-02-19 23:42:22,472 - TRN || epcloss: 0.0396
2023-02-19 23:42:22,473 -     || token_match: 0.987, exact_match: 0.875
2023-02-19 23:42:22,474 - DEV || epcloss: 0.0777
2023-02-19 23:42:22,474 -     || token_match: 0.978, exact_match: 0.763
2023-02-19 23:42:22,476 - 
2023-02-19 23:42:22,476 - #epc: 44
2023-02-19 23:42:32,180 - TRN || epcloss: 0.0429
2023-02-19 23:42:32,181 -     || token_match: 0.986, exact_match: 0.863
2023-02-19 23:42:32,182 - DEV || epcloss: 0.0900
2023-02-19 23:42:32,183 -     || token_match: 0.975, exact_match: 0.723
2023-02-19 23:42:32,184 - 
2023-02-19 23:42:32,185 - #epc: 45
2023-02-19 23:42:41,988 - TRN || epcloss: 0.0953
2023-02-19 23:42:41,989 -     || token_match: 0.973, exact_match: 0.777
2023-02-19 23:42:41,990 - DEV || epcloss: 0.0875
2023-02-19 23:42:41,991 -     || token_match: 0.976, exact_match: 0.737
2023-02-19 23:42:41,993 - 
2023-02-19 23:42:41,994 - #epc: 46
2023-02-19 23:42:51,761 - TRN || epcloss: 0.0385
2023-02-19 23:42:51,761 -     || token_match: 0.988, exact_match: 0.879
2023-02-19 23:42:51,762 - DEV || epcloss: 0.1038
2023-02-19 23:42:51,763 -     || token_match: 0.974, exact_match: 0.708
2023-02-19 23:42:51,765 - 
2023-02-19 23:42:51,765 - #epc: 47
2023-02-19 23:43:01,569 - TRN || epcloss: 0.0380
2023-02-19 23:43:01,570 -     || token_match: 0.988, exact_match: 0.880
2023-02-19 23:43:01,571 - DEV || epcloss: 0.0742
2023-02-19 23:43:01,572 -     || token_match: 0.981, exact_match: 0.796
2023-02-19 23:43:01,573 -     || BEST exact match: 0.796
2023-02-19 23:43:01,588 -     || saved model
2023-02-19 23:43:01,589 - 
2023-02-19 23:43:01,590 - #epc: 48
2023-02-19 23:43:11,354 - TRN || epcloss: 0.0340
2023-02-19 23:43:11,355 -     || token_match: 0.989, exact_match: 0.895
2023-02-19 23:43:11,355 - DEV || epcloss: 0.0806
2023-02-19 23:43:11,356 -     || token_match: 0.978, exact_match: 0.763
2023-02-19 23:43:11,357 - 
2023-02-19 23:43:11,358 - #epc: 49
2023-02-19 23:43:21,158 - TRN || epcloss: 0.0301
2023-02-19 23:43:21,159 -     || token_match: 0.991, exact_match: 0.905
2023-02-19 23:43:21,160 - DEV || epcloss: 0.0758
2023-02-19 23:43:21,161 -     || token_match: 0.981, exact_match: 0.781
2023-02-19 23:43:21,163 - 
2023-02-19 23:43:21,164 - #epc: 50
2023-02-19 23:43:30,932 - TRN || epcloss: 0.0313
2023-02-19 23:43:30,932 -     || token_match: 0.990, exact_match: 0.901
2023-02-19 23:43:30,933 - DEV || epcloss: 0.0868
2023-02-19 23:43:30,934 -     || token_match: 0.977, exact_match: 0.728
2023-02-19 23:43:30,935 - 
2023-02-19 23:43:30,936 - #epc: 51
2023-02-19 23:43:40,798 - TRN || epcloss: 0.0332
2023-02-19 23:43:40,798 -     || token_match: 0.990, exact_match: 0.894
2023-02-19 23:43:40,799 - DEV || epcloss: 0.0787
2023-02-19 23:43:40,800 -     || token_match: 0.979, exact_match: 0.762
2023-02-19 23:43:40,802 - 
2023-02-19 23:43:40,802 - #epc: 52
2023-02-19 23:43:50,623 - TRN || epcloss: 0.0342
2023-02-19 23:43:50,873 -     || token_match: 0.989, exact_match: 0.891
2023-02-19 23:43:50,874 - DEV || epcloss: 0.0734
2023-02-19 23:43:50,875 -     || token_match: 0.981, exact_match: 0.795
2023-02-19 23:43:50,879 - 
2023-02-19 23:43:50,880 - #epc: 53
2023-02-19 23:44:00,724 - TRN || epcloss: 0.0533
2023-02-19 23:44:00,725 -     || token_match: 0.984, exact_match: 0.858
2023-02-19 23:44:00,726 - DEV || epcloss: 0.0840
2023-02-19 23:44:00,726 -     || token_match: 0.977, exact_match: 0.762
2023-02-19 23:44:00,728 - 
2023-02-19 23:44:00,729 - #epc: 54
2023-02-19 23:44:10,532 - TRN || epcloss: 0.0868
2023-02-19 23:44:10,533 -     || token_match: 0.974, exact_match: 0.785
2023-02-19 23:44:10,534 - DEV || epcloss: 0.1015
2023-02-19 23:44:10,534 -     || token_match: 0.971, exact_match: 0.671
2023-02-19 23:44:10,536 - 
2023-02-19 23:44:10,537 - #epc: 55
2023-02-19 23:44:20,322 - TRN || epcloss: 0.0454
2023-02-19 23:44:20,323 -     || token_match: 0.986, exact_match: 0.860
2023-02-19 23:44:20,324 - DEV || epcloss: 0.0930
2023-02-19 23:44:20,324 -     || token_match: 0.976, exact_match: 0.746
2023-02-19 23:44:20,326 - 
2023-02-19 23:44:20,327 - #epc: 56
2023-02-19 23:44:30,079 - TRN || epcloss: 0.0509
2023-02-19 23:44:30,080 -     || token_match: 0.984, exact_match: 0.850
2023-02-19 23:44:30,081 - DEV || epcloss: 0.0733
2023-02-19 23:44:30,082 -     || token_match: 0.981, exact_match: 0.804
2023-02-19 23:44:30,083 -     || BEST exact match: 0.804
2023-02-19 23:44:30,097 -     || saved model
2023-02-19 23:44:30,098 - 
2023-02-19 23:44:30,098 - #epc: 57
2023-02-19 23:44:39,900 - TRN || epcloss: 0.0305
2023-02-19 23:44:39,901 -     || token_match: 0.990, exact_match: 0.898
2023-02-19 23:44:39,902 - DEV || epcloss: 0.0762
2023-02-19 23:44:39,902 -     || token_match: 0.981, exact_match: 0.794
2023-02-19 23:44:39,904 - 
2023-02-19 23:44:39,904 - #epc: 58
2023-02-19 23:44:49,688 - TRN || epcloss: 0.0284
2023-02-19 23:44:49,688 -     || token_match: 0.991, exact_match: 0.909
2023-02-19 23:44:49,689 - DEV || epcloss: 0.0684
2023-02-19 23:44:49,690 -     || token_match: 0.982, exact_match: 0.808
2023-02-19 23:44:49,691 -     || BEST exact match: 0.808
2023-02-19 23:44:49,705 -     || saved model
2023-02-19 23:44:49,706 - 
2023-02-19 23:44:49,706 - #epc: 59
2023-02-19 23:44:59,472 - TRN || epcloss: 0.0245
2023-02-19 23:44:59,473 -     || token_match: 0.992, exact_match: 0.920
2023-02-19 23:44:59,473 - DEV || epcloss: 0.1113
2023-02-19 23:44:59,474 -     || token_match: 0.974, exact_match: 0.675
2023-02-19 23:44:59,476 - 
2023-02-19 23:44:59,476 - #epc: 60
2023-02-19 23:45:09,300 - TRN || epcloss: 0.0289
2023-02-19 23:45:09,301 -     || token_match: 0.991, exact_match: 0.906
2023-02-19 23:45:09,302 - DEV || epcloss: 0.0788
2023-02-19 23:45:09,303 -     || token_match: 0.980, exact_match: 0.787
2023-02-19 23:45:09,304 - 
2023-02-19 23:45:09,305 - #epc: 61
2023-02-19 23:45:19,069 - TRN || epcloss: 0.0235
2023-02-19 23:45:19,069 -     || token_match: 0.993, exact_match: 0.922
2023-02-19 23:45:19,070 - DEV || epcloss: 0.0739
2023-02-19 23:45:19,071 -     || token_match: 0.981, exact_match: 0.802
2023-02-19 23:45:19,072 - 
2023-02-19 23:45:19,073 - #epc: 62
2023-02-19 23:45:28,843 - TRN || epcloss: 0.0219
2023-02-19 23:45:28,844 -     || token_match: 0.993, exact_match: 0.927
2023-02-19 23:45:28,844 - DEV || epcloss: 0.0732
2023-02-19 23:45:28,845 -     || token_match: 0.982, exact_match: 0.799
2023-02-19 23:45:28,847 - 
2023-02-19 23:45:28,847 - #epc: 63
2023-02-19 23:45:38,622 - TRN || epcloss: 0.0205
2023-02-19 23:45:38,623 -     || token_match: 0.994, exact_match: 0.931
2023-02-19 23:45:38,624 - DEV || epcloss: 0.0726
2023-02-19 23:45:38,624 -     || token_match: 0.982, exact_match: 0.804
2023-02-19 23:45:38,626 - 
2023-02-19 23:45:38,627 - #epc: 64
2023-02-19 23:45:48,478 - TRN || epcloss: 0.0337
2023-02-19 23:45:48,479 -     || token_match: 0.990, exact_match: 0.904
2023-02-19 23:45:48,480 - DEV || epcloss: 0.0792
2023-02-19 23:45:48,481 -     || token_match: 0.981, exact_match: 0.791
2023-02-19 23:45:48,482 - 
2023-02-19 23:45:48,483 - #epc: 65
2023-02-19 23:45:58,249 - TRN || epcloss: 0.0230
2023-02-19 23:45:58,249 -     || token_match: 0.993, exact_match: 0.923
2023-02-19 23:45:58,250 - DEV || epcloss: 0.0744
2023-02-19 23:45:58,251 -     || token_match: 0.983, exact_match: 0.808
2023-02-19 23:45:58,252 - 
2023-02-19 23:45:58,253 - #epc: 66
2023-02-19 23:46:08,068 - TRN || epcloss: 0.0246
2023-02-19 23:46:08,069 -     || token_match: 0.992, exact_match: 0.915
2023-02-19 23:46:08,069 - DEV || epcloss: 0.0756
2023-02-19 23:46:08,070 -     || token_match: 0.981, exact_match: 0.795
2023-02-19 23:46:08,071 - 
2023-02-19 23:46:08,072 - #epc: 67
2023-02-19 23:46:17,894 - TRN || epcloss: 0.0609
2023-02-19 23:46:17,894 -     || token_match: 0.981, exact_match: 0.830
2023-02-19 23:46:17,895 - DEV || epcloss: 0.0812
2023-02-19 23:46:17,896 -     || token_match: 0.979, exact_match: 0.777
2023-02-19 23:46:17,897 - 
2023-02-19 23:46:17,898 - #epc: 68
2023-02-19 23:46:27,705 - TRN || epcloss: 0.0254
2023-02-19 23:46:27,706 -     || token_match: 0.992, exact_match: 0.916
2023-02-19 23:46:27,707 - DEV || epcloss: 0.0761
2023-02-19 23:46:27,708 -     || token_match: 0.981, exact_match: 0.803
2023-02-19 23:46:27,709 - 
2023-02-19 23:46:27,710 - #epc: 69
2023-02-19 23:46:37,471 - TRN || epcloss: 0.0229
2023-02-19 23:46:37,472 -     || token_match: 0.993, exact_match: 0.923
2023-02-19 23:46:37,473 - DEV || epcloss: 0.0741
2023-02-19 23:46:37,474 -     || token_match: 0.982, exact_match: 0.813
2023-02-19 23:46:37,475 -     || BEST exact match: 0.813
2023-02-19 23:46:37,490 -     || saved model
2023-02-19 23:46:37,491 - 
2023-02-19 23:46:37,491 - #epc: 70
2023-02-19 23:46:47,229 - TRN || epcloss: 0.0213
2023-02-19 23:46:47,230 -     || token_match: 0.993, exact_match: 0.927
2023-02-19 23:46:47,231 - DEV || epcloss: 0.0736
2023-02-19 23:46:47,232 -     || token_match: 0.983, exact_match: 0.817
2023-02-19 23:46:47,233 -     || BEST exact match: 0.817
2023-02-19 23:46:47,247 -     || saved model
2023-02-19 23:46:47,248 - 
2023-02-19 23:46:47,248 - #epc: 71
2023-02-19 23:46:57,081 - TRN || epcloss: 0.0279
2023-02-19 23:46:57,081 -     || token_match: 0.991, exact_match: 0.905
2023-02-19 23:46:57,082 - DEV || epcloss: 0.0863
2023-02-19 23:46:57,083 -     || token_match: 0.979, exact_match: 0.770
2023-02-19 23:46:57,084 - 
2023-02-19 23:46:57,085 - #epc: 72
2023-02-19 23:47:06,887 - TRN || epcloss: 0.0349
2023-02-19 23:47:06,888 -     || token_match: 0.990, exact_match: 0.896
2023-02-19 23:47:06,889 - DEV || epcloss: 0.0762
2023-02-19 23:47:06,889 -     || token_match: 0.982, exact_match: 0.819
2023-02-19 23:47:06,891 -     || BEST exact match: 0.819
2023-02-19 23:47:06,906 -     || saved model
2023-02-19 23:47:06,906 - 
2023-02-19 23:47:06,907 - #epc: 73
2023-02-19 23:47:16,723 - TRN || epcloss: 0.0241
2023-02-19 23:47:16,724 -     || token_match: 0.993, exact_match: 0.920
2023-02-19 23:47:16,725 - DEV || epcloss: 0.0792
2023-02-19 23:47:16,726 -     || token_match: 0.981, exact_match: 0.792
2023-02-19 23:47:16,728 - 
2023-02-19 23:47:16,728 - #epc: 74
2023-02-19 23:47:26,560 - TRN || epcloss: 0.0201
2023-02-19 23:47:26,561 -     || token_match: 0.994, exact_match: 0.929
2023-02-19 23:47:26,562 - DEV || epcloss: 0.0755
2023-02-19 23:47:26,563 -     || token_match: 0.983, exact_match: 0.813
2023-02-19 23:47:26,565 - 
2023-02-19 23:47:26,565 - #epc: 75
2023-02-19 23:47:36,442 - TRN || epcloss: 0.0187
2023-02-19 23:47:36,443 -     || token_match: 0.994, exact_match: 0.936
2023-02-19 23:47:36,444 - DEV || epcloss: 0.0744
2023-02-19 23:47:36,444 -     || token_match: 0.982, exact_match: 0.807
2023-02-19 23:47:36,446 - 
2023-02-19 23:47:36,447 - #epc: 76
2023-02-19 23:47:46,260 - TRN || epcloss: 0.0196
2023-02-19 23:47:46,261 -     || token_match: 0.994, exact_match: 0.933
2023-02-19 23:47:46,262 - DEV || epcloss: 0.0710
2023-02-19 23:47:46,263 -     || token_match: 0.983, exact_match: 0.824
2023-02-19 23:47:46,264 -     || BEST exact match: 0.824
2023-02-19 23:47:46,279 -     || saved model
2023-02-19 23:47:46,280 - 
2023-02-19 23:47:46,280 - #epc: 77
2023-02-19 23:47:56,090 - TRN || epcloss: 0.0184
2023-02-19 23:47:56,090 -     || token_match: 0.994, exact_match: 0.936
2023-02-19 23:47:56,091 - DEV || epcloss: 0.0715
2023-02-19 23:47:56,092 -     || token_match: 0.983, exact_match: 0.815
2023-02-19 23:47:56,093 - 
2023-02-19 23:47:56,094 - #epc: 78
2023-02-19 23:48:05,785 - TRN || epcloss: 0.0217
2023-02-19 23:48:05,786 -     || token_match: 0.993, exact_match: 0.926
2023-02-19 23:48:05,787 - DEV || epcloss: 0.0839
2023-02-19 23:48:05,788 -     || token_match: 0.979, exact_match: 0.760
2023-02-19 23:48:05,789 - 
2023-02-19 23:48:05,790 - #epc: 79
2023-02-19 23:48:15,559 - TRN || epcloss: 0.0188
2023-02-19 23:48:15,560 -     || token_match: 0.994, exact_match: 0.934
2023-02-19 23:48:15,561 - DEV || epcloss: 0.0717
2023-02-19 23:48:15,562 -     || token_match: 0.983, exact_match: 0.831
2023-02-19 23:48:15,563 -     || BEST exact match: 0.831
2023-02-19 23:48:15,578 -     || saved model
2023-02-19 23:48:15,579 - 
2023-02-19 23:48:15,579 - #epc: 80
2023-02-19 23:48:25,455 - TRN || epcloss: 0.0176
2023-02-19 23:48:25,456 -     || token_match: 0.994, exact_match: 0.936
2023-02-19 23:48:25,456 - DEV || epcloss: 0.0718
2023-02-19 23:48:25,457 -     || token_match: 0.983, exact_match: 0.811
2023-02-19 23:48:25,459 - 
2023-02-19 23:48:25,460 - #epc: 81
2023-02-19 23:48:35,221 - TRN || epcloss: 0.0183
2023-02-19 23:48:35,221 -     || token_match: 0.994, exact_match: 0.935
2023-02-19 23:48:35,222 - DEV || epcloss: 0.1214
2023-02-19 23:48:35,223 -     || token_match: 0.970, exact_match: 0.655
2023-02-19 23:48:35,224 - 
2023-02-19 23:48:35,225 - #epc: 82
2023-02-19 23:48:45,034 - TRN || epcloss: 0.0237
2023-02-19 23:48:45,035 -     || token_match: 0.993, exact_match: 0.916
2023-02-19 23:48:45,035 - DEV || epcloss: 0.0768
2023-02-19 23:48:45,036 -     || token_match: 0.981, exact_match: 0.788
2023-02-19 23:48:45,037 - 
2023-02-19 23:48:45,038 - #epc: 83
2023-02-19 23:48:54,811 - TRN || epcloss: 0.0187
2023-02-19 23:48:54,812 -     || token_match: 0.994, exact_match: 0.932
2023-02-19 23:48:54,813 - DEV || epcloss: 0.0935
2023-02-19 23:48:54,814 -     || token_match: 0.979, exact_match: 0.771
2023-02-19 23:48:54,815 - 
2023-02-19 23:48:54,816 - #epc: 84
2023-02-19 23:49:04,624 - TRN || epcloss: 0.0228
2023-02-19 23:49:04,625 -     || token_match: 0.993, exact_match: 0.918
2023-02-19 23:49:04,625 - DEV || epcloss: 0.0737
2023-02-19 23:49:04,626 -     || token_match: 0.983, exact_match: 0.823
2023-02-19 23:49:04,628 - 
2023-02-19 23:49:04,629 - #epc: 85
2023-02-19 23:49:14,420 - TRN || epcloss: 0.0392
2023-02-19 23:49:14,421 -     || token_match: 0.989, exact_match: 0.892
2023-02-19 23:49:14,421 - DEV || epcloss: 0.0885
2023-02-19 23:49:14,422 -     || token_match: 0.978, exact_match: 0.765
2023-02-19 23:49:14,424 - 
2023-02-19 23:49:14,425 - #epc: 86
2023-02-19 23:49:24,245 - TRN || epcloss: 0.0289
2023-02-19 23:49:24,246 -     || token_match: 0.991, exact_match: 0.900
2023-02-19 23:49:24,247 - DEV || epcloss: 0.0748
2023-02-19 23:49:24,248 -     || token_match: 0.982, exact_match: 0.816
2023-02-19 23:49:24,249 - 
2023-02-19 23:49:24,250 - #epc: 87
2023-02-19 23:49:34,072 - TRN || epcloss: 0.0185
2023-02-19 23:49:34,072 -     || token_match: 0.994, exact_match: 0.932
2023-02-19 23:49:34,073 - DEV || epcloss: 0.0773
2023-02-19 23:49:34,074 -     || token_match: 0.982, exact_match: 0.808
2023-02-19 23:49:34,075 - 
2023-02-19 23:49:34,076 - #epc: 88
2023-02-19 23:49:43,901 - TRN || epcloss: 0.0139
2023-02-19 23:49:43,902 -     || token_match: 0.996, exact_match: 0.949
2023-02-19 23:49:43,903 - DEV || epcloss: 0.0754
2023-02-19 23:49:43,904 -     || token_match: 0.983, exact_match: 0.825
2023-02-19 23:49:43,905 - 
2023-02-19 23:49:43,906 - #epc: 89
2023-02-19 23:49:53,774 - TRN || epcloss: 0.0138
2023-02-19 23:49:53,775 -     || token_match: 0.996, exact_match: 0.949
2023-02-19 23:49:53,776 - DEV || epcloss: 0.0738
2023-02-19 23:49:53,777 -     || token_match: 0.982, exact_match: 0.824
2023-02-19 23:49:53,778 - 
2023-02-19 23:49:53,779 - #epc: 90
2023-02-19 23:50:03,608 - TRN || epcloss: 0.0151
2023-02-19 23:50:03,609 -     || token_match: 0.995, exact_match: 0.943
2023-02-19 23:50:03,609 - DEV || epcloss: 0.0773
2023-02-19 23:50:03,610 -     || token_match: 0.983, exact_match: 0.813
2023-02-19 23:50:03,612 - 
2023-02-19 23:50:03,612 - #epc: 91
2023-02-19 23:50:13,431 - TRN || epcloss: 0.0184
2023-02-19 23:50:13,432 -     || token_match: 0.994, exact_match: 0.937
2023-02-19 23:50:13,432 - DEV || epcloss: 0.0752
2023-02-19 23:50:13,433 -     || token_match: 0.982, exact_match: 0.811
2023-02-19 23:50:13,434 - 
2023-02-19 23:50:13,435 - #epc: 92
2023-02-19 23:50:23,255 - TRN || epcloss: 0.0130
2023-02-19 23:50:23,256 -     || token_match: 0.996, exact_match: 0.951
2023-02-19 23:50:23,257 - DEV || epcloss: 0.0739
2023-02-19 23:50:23,257 -     || token_match: 0.984, exact_match: 0.826
2023-02-19 23:50:23,259 - 
2023-02-19 23:50:23,259 - #epc: 93
2023-02-19 23:50:33,097 - TRN || epcloss: 0.0152
2023-02-19 23:50:33,098 -     || token_match: 0.995, exact_match: 0.942
2023-02-19 23:50:33,099 - DEV || epcloss: 0.0853
2023-02-19 23:50:33,099 -     || token_match: 0.980, exact_match: 0.785
2023-02-19 23:50:33,101 - 
2023-02-19 23:50:33,101 - #epc: 94
2023-02-19 23:50:42,968 - TRN || epcloss: 0.0173
2023-02-19 23:50:42,969 -     || token_match: 0.994, exact_match: 0.936
2023-02-19 23:50:42,969 - DEV || epcloss: 0.0751
2023-02-19 23:50:42,970 -     || token_match: 0.983, exact_match: 0.821
2023-02-19 23:50:42,971 - 
2023-02-19 23:50:42,972 - #epc: 95
2023-02-19 23:50:52,827 - TRN || epcloss: 0.0232
2023-02-19 23:50:52,828 -     || token_match: 0.993, exact_match: 0.917
2023-02-19 23:50:52,829 - DEV || epcloss: 0.0773
2023-02-19 23:50:52,829 -     || token_match: 0.983, exact_match: 0.820
2023-02-19 23:50:52,831 - 
2023-02-19 23:50:52,832 - #epc: 96
2023-02-19 23:51:02,721 - TRN || epcloss: 0.0158
2023-02-19 23:51:02,722 -     || token_match: 0.995, exact_match: 0.944
2023-02-19 23:51:02,723 - DEV || epcloss: 0.0787
2023-02-19 23:51:02,724 -     || token_match: 0.982, exact_match: 0.807
2023-02-19 23:51:02,725 - 
2023-02-19 23:51:02,726 - #epc: 97
2023-02-19 23:51:12,586 - TRN || epcloss: 0.0150
2023-02-19 23:51:12,586 -     || token_match: 0.995, exact_match: 0.943
2023-02-19 23:51:12,587 - DEV || epcloss: 0.0853
2023-02-19 23:51:12,588 -     || token_match: 0.981, exact_match: 0.789
2023-02-19 23:51:12,589 - 
2023-02-19 23:51:12,590 - #epc: 98
2023-02-19 23:51:22,390 - TRN || epcloss: 0.0160
2023-02-19 23:51:22,391 -     || token_match: 0.995, exact_match: 0.942
2023-02-19 23:51:22,392 - DEV || epcloss: 0.0768
2023-02-19 23:51:22,393 -     || token_match: 0.983, exact_match: 0.834
2023-02-19 23:51:22,394 -     || BEST exact match: 0.834
2023-02-19 23:51:22,408 -     || saved model
2023-02-19 23:51:22,409 - 
2023-02-19 23:51:22,409 - #epc: 99
2023-02-19 23:51:32,222 - TRN || epcloss: 0.0181
2023-02-19 23:51:32,223 -     || token_match: 0.994, exact_match: 0.933
2023-02-19 23:51:32,223 - DEV || epcloss: 0.0776
2023-02-19 23:51:32,224 -     || token_match: 0.983, exact_match: 0.824
2023-02-19 23:51:32,225 - 
2023-02-19 23:51:32,226 - #epc: 100
2023-02-19 23:51:42,071 - TRN || epcloss: 0.0181
2023-02-19 23:51:42,072 -     || token_match: 0.994, exact_match: 0.931
2023-02-19 23:51:42,073 - DEV || epcloss: 0.0796
2023-02-19 23:51:42,073 -     || token_match: 0.982, exact_match: 0.816
2023-02-19 23:51:42,075 - 
2023-02-19 23:51:42,076 - #epc: 101
2023-02-19 23:51:51,871 - TRN || epcloss: 0.0175
2023-02-19 23:51:51,871 -     || token_match: 0.994, exact_match: 0.935
2023-02-19 23:51:51,872 - DEV || epcloss: 0.0754
2023-02-19 23:51:51,873 -     || token_match: 0.983, exact_match: 0.826
2023-02-19 23:51:51,874 - 
2023-02-19 23:51:51,875 - #epc: 102
2023-02-19 23:52:01,707 - TRN || epcloss: 0.0134
2023-02-19 23:52:01,708 -     || token_match: 0.996, exact_match: 0.949
2023-02-19 23:52:01,709 - DEV || epcloss: 0.0790
2023-02-19 23:52:01,709 -     || token_match: 0.982, exact_match: 0.818
2023-02-19 23:52:01,711 - 
2023-02-19 23:52:01,711 - #epc: 103
2023-02-19 23:52:11,556 - TRN || epcloss: 0.0128
2023-02-19 23:52:11,557 -     || token_match: 0.996, exact_match: 0.951
2023-02-19 23:52:11,558 - DEV || epcloss: 0.0832
2023-02-19 23:52:11,558 -     || token_match: 0.982, exact_match: 0.806
2023-02-19 23:52:11,560 - 
2023-02-19 23:52:11,561 - #epc: 104
2023-02-19 23:52:21,395 - TRN || epcloss: 0.0164
2023-02-19 23:52:21,396 -     || token_match: 0.995, exact_match: 0.942
2023-02-19 23:52:21,396 - DEV || epcloss: 0.0765
2023-02-19 23:52:21,397 -     || token_match: 0.983, exact_match: 0.824
2023-02-19 23:52:21,399 - 
2023-02-19 23:52:21,399 - #epc: 105
2023-02-19 23:52:31,224 - TRN || epcloss: 0.0416
2023-02-19 23:52:31,225 -     || token_match: 0.988, exact_match: 0.888
2023-02-19 23:52:31,225 - DEV || epcloss: 0.0819
2023-02-19 23:52:31,226 -     || token_match: 0.982, exact_match: 0.812
2023-02-19 23:52:31,227 - 
2023-02-19 23:52:31,228 - #epc: 106
2023-02-19 23:52:42,597 - TRN || epcloss: 0.0302
2023-02-19 23:52:42,599 -     || token_match: 0.991, exact_match: 0.898
2023-02-19 23:52:42,600 - DEV || epcloss: 0.0838
2023-02-19 23:52:42,601 -     || token_match: 0.981, exact_match: 0.798
2023-02-19 23:52:42,603 - 
2023-02-19 23:52:42,603 - #epc: 107
2023-02-19 23:52:52,474 - TRN || epcloss: 0.0157
2023-02-19 23:52:52,475 -     || token_match: 0.995, exact_match: 0.938
2023-02-19 23:52:52,475 - DEV || epcloss: 0.0765
2023-02-19 23:52:52,476 -     || token_match: 0.984, exact_match: 0.829
2023-02-19 23:52:52,478 - 
2023-02-19 23:52:52,478 - #epc: 108
2023-02-19 23:53:02,374 - TRN || epcloss: 0.0125
2023-02-19 23:53:02,375 -     || token_match: 0.996, exact_match: 0.954
2023-02-19 23:53:02,376 - DEV || epcloss: 0.0720
2023-02-19 23:53:02,377 -     || token_match: 0.985, exact_match: 0.850
2023-02-19 23:53:02,378 -     || BEST exact match: 0.850
2023-02-19 23:53:02,393 -     || saved model
2023-02-19 23:53:02,394 - 
2023-02-19 23:53:02,394 - #epc: 109
2023-02-19 23:53:12,222 - TRN || epcloss: 0.0099
2023-02-19 23:53:12,223 -     || token_match: 0.997, exact_match: 0.964
2023-02-19 23:53:12,224 - DEV || epcloss: 0.0720
2023-02-19 23:53:12,224 -     || token_match: 0.985, exact_match: 0.850
2023-02-19 23:53:12,226 - 
2023-02-19 23:53:12,227 - #epc: 110
2023-02-19 23:53:22,017 - TRN || epcloss: 0.0098
2023-02-19 23:53:22,018 -     || token_match: 0.997, exact_match: 0.963
2023-02-19 23:53:22,019 - DEV || epcloss: 0.0722
2023-02-19 23:53:22,020 -     || token_match: 0.985, exact_match: 0.847
2023-02-19 23:53:22,021 - 
2023-02-19 23:53:22,022 - #epc: 111
2023-02-19 23:53:31,922 - TRN || epcloss: 0.0118
2023-02-19 23:53:31,923 -     || token_match: 0.996, exact_match: 0.956
2023-02-19 23:53:31,924 - DEV || epcloss: 0.1313
2023-02-19 23:53:31,925 -     || token_match: 0.971, exact_match: 0.660
2023-02-19 23:53:31,927 - 
2023-02-19 23:53:31,928 - #epc: 112
2023-02-19 23:53:41,728 - TRN || epcloss: 0.0166
2023-02-19 23:53:41,729 -     || token_match: 0.995, exact_match: 0.939
2023-02-19 23:53:41,730 - DEV || epcloss: 0.0730
2023-02-19 23:53:41,731 -     || token_match: 0.985, exact_match: 0.844
2023-02-19 23:53:41,732 - 
2023-02-19 23:53:41,733 - #epc: 113
2023-02-19 23:53:51,544 - TRN || epcloss: 0.0116
2023-02-19 23:53:51,545 -     || token_match: 0.996, exact_match: 0.956
2023-02-19 23:53:51,546 - DEV || epcloss: 0.0724
2023-02-19 23:53:51,546 -     || token_match: 0.984, exact_match: 0.837
2023-02-19 23:53:51,548 - 
2023-02-19 23:53:51,549 - #epc: 114
2023-02-19 23:54:01,332 - TRN || epcloss: 0.0117
2023-02-19 23:54:01,333 -     || token_match: 0.996, exact_match: 0.956
2023-02-19 23:54:01,334 - DEV || epcloss: 0.0780
2023-02-19 23:54:01,335 -     || token_match: 0.984, exact_match: 0.825
2023-02-19 23:54:01,336 - 
2023-02-19 23:54:01,337 - #epc: 115
2023-02-19 23:54:11,048 - TRN || epcloss: 0.0163
2023-02-19 23:54:11,049 -     || token_match: 0.995, exact_match: 0.938
2023-02-19 23:54:11,050 - DEV || epcloss: 0.0842
2023-02-19 23:54:11,051 -     || token_match: 0.982, exact_match: 0.806
2023-02-19 23:54:11,052 - 
2023-02-19 23:54:11,053 - #epc: 116
2023-02-19 23:54:20,824 - TRN || epcloss: 0.0186
2023-02-19 23:54:20,825 -     || token_match: 0.994, exact_match: 0.935
2023-02-19 23:54:20,826 - DEV || epcloss: 0.0754
2023-02-19 23:54:20,826 -     || token_match: 0.984, exact_match: 0.833
2023-02-19 23:54:20,828 - 
2023-02-19 23:54:20,829 - #epc: 117
2023-02-19 23:54:30,611 - TRN || epcloss: 0.0124
2023-02-19 23:54:30,612 -     || token_match: 0.996, exact_match: 0.953
2023-02-19 23:54:30,612 - DEV || epcloss: 0.0740
2023-02-19 23:54:30,613 -     || token_match: 0.984, exact_match: 0.831
2023-02-19 23:54:30,615 - 
2023-02-19 23:54:30,615 - #epc: 118
2023-02-19 23:54:40,417 - TRN || epcloss: 0.0117
2023-02-19 23:54:40,418 -     || token_match: 0.996, exact_match: 0.956
2023-02-19 23:54:40,419 - DEV || epcloss: 0.0707
2023-02-19 23:54:40,420 -     || token_match: 0.984, exact_match: 0.828
2023-02-19 23:54:40,421 - 
2023-02-19 23:54:40,422 - #epc: 119
2023-02-19 23:54:50,181 - TRN || epcloss: 0.0119
2023-02-19 23:54:50,182 -     || token_match: 0.996, exact_match: 0.955
2023-02-19 23:54:50,183 - DEV || epcloss: 0.0820
2023-02-19 23:54:50,184 -     || token_match: 0.982, exact_match: 0.810
2023-02-19 23:54:50,186 - 
2023-02-19 23:54:50,187 - #epc: 120
2023-02-19 23:54:59,927 - TRN || epcloss: 0.0117
2023-02-19 23:54:59,928 -     || token_match: 0.996, exact_match: 0.956
2023-02-19 23:54:59,928 - DEV || epcloss: 0.0874
2023-02-19 23:54:59,929 -     || token_match: 0.981, exact_match: 0.790
2023-02-19 23:54:59,931 - 
2023-02-19 23:54:59,932 - #epc: 121
2023-02-19 23:55:09,678 - TRN || epcloss: 0.0246
2023-02-19 23:55:09,678 -     || token_match: 0.993, exact_match: 0.919
2023-02-19 23:55:09,679 - DEV || epcloss: 0.0779
2023-02-19 23:55:09,680 -     || token_match: 0.983, exact_match: 0.825
2023-02-19 23:55:09,681 - 
2023-02-19 23:55:09,682 - #epc: 122
2023-02-19 23:55:19,436 - TRN || epcloss: 0.0104
2023-02-19 23:55:19,437 -     || token_match: 0.997, exact_match: 0.961
2023-02-19 23:55:19,438 - DEV || epcloss: 0.0788
2023-02-19 23:55:19,439 -     || token_match: 0.983, exact_match: 0.827
2023-02-19 23:55:19,440 - 
2023-02-19 23:55:19,441 - #epc: 123
2023-02-19 23:55:29,179 - TRN || epcloss: 0.0098
2023-02-19 23:55:29,180 -     || token_match: 0.997, exact_match: 0.962
2023-02-19 23:55:29,181 - DEV || epcloss: 0.0781
2023-02-19 23:55:29,182 -     || token_match: 0.983, exact_match: 0.831
2023-02-19 23:55:29,183 - 
2023-02-19 23:55:29,184 - #epc: 124
2023-02-19 23:55:38,945 - TRN || epcloss: 0.0110
2023-02-19 23:55:38,946 -     || token_match: 0.996, exact_match: 0.955
2023-02-19 23:55:38,947 - DEV || epcloss: 0.0808
2023-02-19 23:55:38,948 -     || token_match: 0.983, exact_match: 0.821
2023-02-19 23:55:38,949 - 
2023-02-19 23:55:38,950 - #epc: 125
2023-02-19 23:55:48,794 - TRN || epcloss: 0.0152
2023-02-19 23:55:48,796 -     || token_match: 0.995, exact_match: 0.947
2023-02-19 23:55:48,797 - DEV || epcloss: 0.0777
2023-02-19 23:55:48,797 -     || token_match: 0.983, exact_match: 0.834
2023-02-19 23:55:48,799 - 
2023-02-19 23:55:48,800 - #epc: 126
2023-02-19 23:55:58,565 - TRN || epcloss: 0.0126
2023-02-19 23:55:58,566 -     || token_match: 0.996, exact_match: 0.951
2023-02-19 23:55:58,567 - DEV || epcloss: 0.0827
2023-02-19 23:55:58,568 -     || token_match: 0.982, exact_match: 0.818
2023-02-19 23:55:58,570 - 
2023-02-19 23:55:58,571 - #epc: 127
2023-02-19 23:56:08,350 - TRN || epcloss: 0.0182
2023-02-19 23:56:08,351 -     || token_match: 0.994, exact_match: 0.937
2023-02-19 23:56:08,351 - DEV || epcloss: 0.0799
2023-02-19 23:56:08,352 -     || token_match: 0.983, exact_match: 0.841
2023-02-19 23:56:08,354 - 
2023-02-19 23:56:08,354 - #epc: 128
2023-02-19 23:56:18,073 - TRN || epcloss: 0.0106
2023-02-19 23:56:18,074 -     || token_match: 0.997, exact_match: 0.960
2023-02-19 23:56:18,075 - DEV || epcloss: 0.0763
2023-02-19 23:56:18,076 -     || token_match: 0.983, exact_match: 0.829
2023-02-19 23:56:18,077 - 
2023-02-19 23:56:18,078 - #epc: 129
2023-02-19 23:56:27,775 - TRN || epcloss: 0.0091
2023-02-19 23:56:27,776 -     || token_match: 0.997, exact_match: 0.964
2023-02-19 23:56:27,776 - DEV || epcloss: 0.0787
2023-02-19 23:56:27,777 -     || token_match: 0.983, exact_match: 0.821
2023-02-19 23:56:27,778 - 
2023-02-19 23:56:27,779 - #epc: 130
2023-02-19 23:56:37,458 - TRN || epcloss: 0.0098
2023-02-19 23:56:37,459 -     || token_match: 0.997, exact_match: 0.961
2023-02-19 23:56:37,460 - DEV || epcloss: 0.0778
2023-02-19 23:56:37,461 -     || token_match: 0.984, exact_match: 0.829
2023-02-19 23:56:37,463 - 
2023-02-19 23:56:37,463 - #epc: 131
2023-02-19 23:56:47,155 - TRN || epcloss: 0.0112
2023-02-19 23:56:47,156 -     || token_match: 0.996, exact_match: 0.957
2023-02-19 23:56:47,157 - DEV || epcloss: 0.0817
2023-02-19 23:56:47,158 -     || token_match: 0.984, exact_match: 0.836
2023-02-19 23:56:47,159 - 
2023-02-19 23:56:47,160 - #epc: 132
2023-02-19 23:56:56,861 - TRN || epcloss: 0.0126
2023-02-19 23:56:56,862 -     || token_match: 0.996, exact_match: 0.952
2023-02-19 23:56:56,863 - DEV || epcloss: 0.0786
2023-02-19 23:56:56,863 -     || token_match: 0.983, exact_match: 0.832
2023-02-19 23:56:56,865 - 
2023-02-19 23:56:56,865 - #epc: 133
2023-02-19 23:57:06,605 - TRN || epcloss: 0.0191
2023-02-19 23:57:06,606 -     || token_match: 0.994, exact_match: 0.936
2023-02-19 23:57:06,606 - DEV || epcloss: 0.1139
2023-02-19 23:57:06,607 -     || token_match: 0.974, exact_match: 0.710
2023-02-19 23:57:06,609 - 
2023-02-19 23:57:06,610 - #epc: 134
2023-02-19 23:57:16,358 - TRN || epcloss: 0.0186
2023-02-19 23:57:16,359 -     || token_match: 0.994, exact_match: 0.932
2023-02-19 23:57:16,360 - DEV || epcloss: 0.0811
2023-02-19 23:57:16,360 -     || token_match: 0.984, exact_match: 0.831
2023-02-19 23:57:16,362 - 
2023-02-19 23:57:16,362 - #epc: 135
2023-02-19 23:57:26,182 - TRN || epcloss: 0.0117
2023-02-19 23:57:26,182 -     || token_match: 0.996, exact_match: 0.956
2023-02-19 23:57:26,183 - DEV || epcloss: 0.0763
2023-02-19 23:57:26,184 -     || token_match: 0.984, exact_match: 0.826
2023-02-19 23:57:26,185 - 
2023-02-19 23:57:26,186 - #epc: 136
2023-02-19 23:57:35,953 - TRN || epcloss: 0.0120
2023-02-19 23:57:35,954 -     || token_match: 0.996, exact_match: 0.955
2023-02-19 23:57:35,955 - DEV || epcloss: 0.0842
2023-02-19 23:57:35,955 -     || token_match: 0.983, exact_match: 0.822
2023-02-19 23:57:35,957 - 
2023-02-19 23:57:35,958 - #epc: 137
2023-02-19 23:57:45,719 - TRN || epcloss: 0.0150
2023-02-19 23:57:45,720 -     || token_match: 0.995, exact_match: 0.947
2023-02-19 23:57:45,721 - DEV || epcloss: 0.0789
2023-02-19 23:57:45,722 -     || token_match: 0.984, exact_match: 0.832
2023-02-19 23:57:45,723 - 
2023-02-19 23:57:45,724 - #epc: 138
2023-02-19 23:57:55,521 - TRN || epcloss: 0.0151
2023-02-19 23:57:55,521 -     || token_match: 0.995, exact_match: 0.942
2023-02-19 23:57:55,522 - DEV || epcloss: 0.0729
2023-02-19 23:57:55,523 -     || token_match: 0.984, exact_match: 0.839
2023-02-19 23:57:55,525 - 
2023-02-19 23:57:55,526 - #epc: 139
2023-02-19 23:58:05,237 - TRN || epcloss: 0.0094
2023-02-19 23:58:05,238 -     || token_match: 0.997, exact_match: 0.961
2023-02-19 23:58:05,239 - DEV || epcloss: 0.0705
2023-02-19 23:58:05,239 -     || token_match: 0.986, exact_match: 0.849
2023-02-19 23:58:05,241 - 
2023-02-19 23:58:05,241 - #epc: 140
2023-02-19 23:58:14,993 - TRN || epcloss: 0.0083
2023-02-19 23:58:14,994 -     || token_match: 0.997, exact_match: 0.967
2023-02-19 23:58:14,994 - DEV || epcloss: 0.0847
2023-02-19 23:58:14,995 -     || token_match: 0.983, exact_match: 0.820
2023-02-19 23:58:14,996 - 
2023-02-19 23:58:14,997 - #epc: 141
2023-02-19 23:58:24,701 - TRN || epcloss: 0.0409
2023-02-19 23:58:24,701 -     || token_match: 0.990, exact_match: 0.912
2023-02-19 23:58:24,702 - DEV || epcloss: 0.1131
2023-02-19 23:58:24,703 -     || token_match: 0.974, exact_match: 0.710
2023-02-19 23:58:24,705 - 
2023-02-19 23:58:24,706 - #epc: 142
2023-02-19 23:58:34,594 - TRN || epcloss: 0.0240
2023-02-19 23:58:34,595 -     || token_match: 0.992, exact_match: 0.913
2023-02-19 23:58:34,596 - DEV || epcloss: 0.0889
2023-02-19 23:58:34,597 -     || token_match: 0.981, exact_match: 0.786
2023-02-19 23:58:34,598 - 
2023-02-19 23:58:34,599 - #epc: 143
2023-02-19 23:58:44,404 - TRN || epcloss: 0.0144
2023-02-19 23:58:44,405 -     || token_match: 0.995, exact_match: 0.944
2023-02-19 23:58:44,406 - DEV || epcloss: 0.0763
2023-02-19 23:58:44,407 -     || token_match: 0.984, exact_match: 0.834
2023-02-19 23:58:44,408 - 
2023-02-19 23:58:44,409 - #epc: 144
2023-02-19 23:58:54,139 - TRN || epcloss: 0.0133
2023-02-19 23:58:54,140 -     || token_match: 0.996, exact_match: 0.947
2023-02-19 23:58:54,141 - DEV || epcloss: 0.0729
2023-02-19 23:58:54,142 -     || token_match: 0.985, exact_match: 0.841
2023-02-19 23:58:54,143 - 
2023-02-19 23:58:54,144 - #epc: 145
2023-02-19 23:59:03,991 - TRN || epcloss: 0.0115
2023-02-19 23:59:03,992 -     || token_match: 0.996, exact_match: 0.957
2023-02-19 23:59:03,992 - DEV || epcloss: 0.0748
2023-02-19 23:59:03,993 -     || token_match: 0.984, exact_match: 0.833
2023-02-19 23:59:03,994 - 
2023-02-19 23:59:03,995 - #epc: 146
2023-02-19 23:59:13,830 - TRN || epcloss: 0.0083
2023-02-19 23:59:13,831 -     || token_match: 0.997, exact_match: 0.967
2023-02-19 23:59:13,832 - DEV || epcloss: 0.0720
2023-02-19 23:59:13,833 -     || token_match: 0.986, exact_match: 0.848
2023-02-19 23:59:13,834 - 
2023-02-19 23:59:13,835 - #epc: 147
2023-02-19 23:59:23,643 - TRN || epcloss: 0.0090
2023-02-19 23:59:23,644 -     || token_match: 0.997, exact_match: 0.966
2023-02-19 23:59:23,645 - DEV || epcloss: 0.0764
2023-02-19 23:59:23,646 -     || token_match: 0.984, exact_match: 0.824
2023-02-19 23:59:23,647 - 
2023-02-19 23:59:23,648 - #epc: 148
2023-02-19 23:59:33,478 - TRN || epcloss: 0.0096
2023-02-19 23:59:33,479 -     || token_match: 0.997, exact_match: 0.963
2023-02-19 23:59:33,480 - DEV || epcloss: 0.0801
2023-02-19 23:59:33,480 -     || token_match: 0.984, exact_match: 0.835
2023-02-19 23:59:33,482 - 
2023-02-19 23:59:33,483 - #epc: 149
2023-02-19 23:59:43,336 - TRN || epcloss: 0.0086
2023-02-19 23:59:43,337 -     || token_match: 0.997, exact_match: 0.967
2023-02-19 23:59:43,338 - DEV || epcloss: 0.0744
2023-02-19 23:59:43,339 -     || token_match: 0.985, exact_match: 0.846
2023-02-19 23:59:43,341 - 
2023-02-19 23:59:43,342 - #epc: 150
2023-02-19 23:59:53,097 - TRN || epcloss: 0.0085
2023-02-19 23:59:53,098 -     || token_match: 0.997, exact_match: 0.968
2023-02-19 23:59:53,098 - DEV || epcloss: 0.0793
2023-02-19 23:59:53,099 -     || token_match: 0.984, exact_match: 0.830
2023-02-19 23:59:53,100 - 
2023-02-19 23:59:53,101 - #epc: 151
2023-02-20 00:00:02,935 - TRN || epcloss: 0.0123
2023-02-20 00:00:03,798 -     || token_match: 0.996, exact_match: 0.953
2023-02-20 00:00:03,799 - DEV || epcloss: 0.0758
2023-02-20 00:00:03,800 -     || token_match: 0.985, exact_match: 0.849
2023-02-20 00:00:03,803 - 
2023-02-20 00:00:03,804 - #epc: 152
2023-02-20 00:00:13,768 - TRN || epcloss: 0.0083
2023-02-20 00:00:13,769 -     || token_match: 0.997, exact_match: 0.967
2023-02-20 00:00:13,769 - DEV || epcloss: 0.0839
2023-02-20 00:00:13,770 -     || token_match: 0.983, exact_match: 0.832
2023-02-20 00:00:13,771 - 
2023-02-20 00:00:13,772 - #epc: 153
2023-02-20 00:00:23,620 - TRN || epcloss: 0.0102
2023-02-20 00:00:23,621 -     || token_match: 0.997, exact_match: 0.960
2023-02-20 00:00:23,621 - DEV || epcloss: 0.0773
2023-02-20 00:00:23,622 -     || token_match: 0.985, exact_match: 0.851
2023-02-20 00:00:23,624 -     || BEST exact match: 0.851
2023-02-20 00:00:23,640 -     || saved model
2023-02-20 00:00:23,641 - 
2023-02-20 00:00:23,641 - #epc: 154
2023-02-20 00:00:33,463 - TRN || epcloss: 0.0116
2023-02-20 00:00:33,463 -     || token_match: 0.996, exact_match: 0.956
2023-02-20 00:00:33,464 - DEV || epcloss: 0.0760
2023-02-20 00:00:33,465 -     || token_match: 0.984, exact_match: 0.830
2023-02-20 00:00:33,467 - 
2023-02-20 00:00:33,467 - #epc: 155
2023-02-20 00:00:43,293 - TRN || epcloss: 0.0096
2023-02-20 00:00:43,294 -     || token_match: 0.997, exact_match: 0.963
2023-02-20 00:00:43,295 - DEV || epcloss: 0.0736
2023-02-20 00:00:43,296 -     || token_match: 0.986, exact_match: 0.855
2023-02-20 00:00:43,297 -     || BEST exact match: 0.855
2023-02-20 00:00:43,311 -     || saved model
2023-02-20 00:00:43,312 - 
2023-02-20 00:00:43,313 - #epc: 156
2023-02-20 00:00:53,151 - TRN || epcloss: 0.0093
2023-02-20 00:00:53,151 -     || token_match: 0.997, exact_match: 0.963
2023-02-20 00:00:53,152 - DEV || epcloss: 0.0765
2023-02-20 00:00:53,153 -     || token_match: 0.985, exact_match: 0.836
2023-02-20 00:00:53,155 - 
2023-02-20 00:00:53,156 - #epc: 157
2023-02-20 00:01:03,021 - TRN || epcloss: 0.0124
2023-02-20 00:01:03,022 -     || token_match: 0.996, exact_match: 0.955
2023-02-20 00:01:03,023 - DEV || epcloss: 0.0811
2023-02-20 00:01:03,024 -     || token_match: 0.983, exact_match: 0.818
2023-02-20 00:01:03,026 - 
2023-02-20 00:01:03,026 - #epc: 158
2023-02-20 00:01:12,903 - TRN || epcloss: 0.0121
2023-02-20 00:01:12,904 -     || token_match: 0.996, exact_match: 0.951
2023-02-20 00:01:12,905 - DEV || epcloss: 0.0907
2023-02-20 00:01:12,906 -     || token_match: 0.981, exact_match: 0.784
2023-02-20 00:01:12,907 - 
2023-02-20 00:01:12,908 - #epc: 159
2023-02-20 00:01:22,749 - TRN || epcloss: 0.0098
2023-02-20 00:01:22,750 -     || token_match: 0.997, exact_match: 0.962
2023-02-20 00:01:22,751 - DEV || epcloss: 0.0787
2023-02-20 00:01:22,751 -     || token_match: 0.986, exact_match: 0.847
2023-02-20 00:01:22,752 - 
2023-02-20 00:01:22,753 - #epc: 160
2023-02-20 00:01:32,496 - TRN || epcloss: 0.0131
2023-02-20 00:01:32,497 -     || token_match: 0.996, exact_match: 0.947
2023-02-20 00:01:32,498 - DEV || epcloss: 0.0875
2023-02-20 00:01:32,499 -     || token_match: 0.983, exact_match: 0.827
2023-02-20 00:01:32,500 - 
2023-02-20 00:01:32,501 - #epc: 161
2023-02-20 00:01:42,270 - TRN || epcloss: 0.0187
2023-02-20 00:01:42,271 -     || token_match: 0.994, exact_match: 0.935
2023-02-20 00:01:42,272 - DEV || epcloss: 0.0866
2023-02-20 00:01:42,272 -     || token_match: 0.983, exact_match: 0.822
2023-02-20 00:01:42,274 - 
2023-02-20 00:01:42,275 - #epc: 162
2023-02-20 00:01:52,074 - TRN || epcloss: 0.0115
2023-02-20 00:01:52,075 -     || token_match: 0.996, exact_match: 0.956
2023-02-20 00:01:52,076 - DEV || epcloss: 0.0781
2023-02-20 00:01:52,076 -     || token_match: 0.984, exact_match: 0.836
2023-02-20 00:01:52,078 - 
2023-02-20 00:01:52,079 - #epc: 163
2023-02-20 00:02:01,840 - TRN || epcloss: 0.0112
2023-02-20 00:02:01,841 -     || token_match: 0.996, exact_match: 0.957
2023-02-20 00:02:01,841 - DEV || epcloss: 0.0807
2023-02-20 00:02:01,842 -     || token_match: 0.984, exact_match: 0.831
2023-02-20 00:02:01,844 - 
2023-02-20 00:02:01,844 - #epc: 164
2023-02-20 00:02:11,625 - TRN || epcloss: 0.0185
2023-02-20 00:02:11,626 -     || token_match: 0.994, exact_match: 0.934
2023-02-20 00:02:11,627 - DEV || epcloss: 0.0888
2023-02-20 00:02:11,628 -     || token_match: 0.982, exact_match: 0.806
2023-02-20 00:02:11,629 - 
2023-02-20 00:02:11,630 - #epc: 165
2023-02-20 00:02:21,386 - TRN || epcloss: 0.0151
2023-02-20 00:02:21,387 -     || token_match: 0.995, exact_match: 0.945
2023-02-20 00:02:21,387 - DEV || epcloss: 0.0918
2023-02-20 00:02:21,388 -     || token_match: 0.982, exact_match: 0.801
2023-02-20 00:02:21,390 - 
2023-02-20 00:02:21,391 - #epc: 166
2023-02-20 00:02:31,203 - TRN || epcloss: 0.0209
2023-02-20 00:02:31,204 -     || token_match: 0.993, exact_match: 0.925
2023-02-20 00:02:31,205 - DEV || epcloss: 0.0786
2023-02-20 00:02:31,206 -     || token_match: 0.985, exact_match: 0.851
2023-02-20 00:02:31,207 - 
2023-02-20 00:02:31,208 - #epc: 167
2023-02-20 00:02:40,983 - TRN || epcloss: 0.0123
2023-02-20 00:02:40,984 -     || token_match: 0.996, exact_match: 0.952
2023-02-20 00:02:40,985 - DEV || epcloss: 0.0803
2023-02-20 00:02:40,985 -     || token_match: 0.985, exact_match: 0.837
2023-02-20 00:02:40,987 - 
2023-02-20 00:02:40,987 - #epc: 168
2023-02-20 00:02:50,754 - TRN || epcloss: 0.0142
2023-02-20 00:02:50,754 -     || token_match: 0.995, exact_match: 0.948
2023-02-20 00:02:50,755 - DEV || epcloss: 0.0792
2023-02-20 00:02:50,756 -     || token_match: 0.984, exact_match: 0.828
2023-02-20 00:02:50,757 - 
2023-02-20 00:02:50,758 - #epc: 169
2023-02-20 00:03:00,510 - TRN || epcloss: 0.0105
2023-02-20 00:03:00,511 -     || token_match: 0.997, exact_match: 0.958
2023-02-20 00:03:00,511 - DEV || epcloss: 0.0741
2023-02-20 00:03:00,512 -     || token_match: 0.986, exact_match: 0.856
2023-02-20 00:03:00,513 -     || BEST exact match: 0.856
2023-02-20 00:03:00,528 -     || saved model
2023-02-20 00:03:00,529 - 
2023-02-20 00:03:00,529 - #epc: 170
2023-02-20 00:03:10,350 - TRN || epcloss: 0.0090
2023-02-20 00:03:10,350 -     || token_match: 0.997, exact_match: 0.963
2023-02-20 00:03:10,351 - DEV || epcloss: 0.0758
2023-02-20 00:03:10,352 -     || token_match: 0.987, exact_match: 0.867
2023-02-20 00:03:10,353 -     || BEST exact match: 0.867
2023-02-20 00:03:10,367 -     || saved model
2023-02-20 00:03:10,368 - 
2023-02-20 00:03:10,368 - #epc: 171
2023-02-20 00:03:20,141 - TRN || epcloss: 0.0078
2023-02-20 00:03:20,142 -     || token_match: 0.998, exact_match: 0.969
2023-02-20 00:03:20,143 - DEV || epcloss: 0.0755
2023-02-20 00:03:20,143 -     || token_match: 0.986, exact_match: 0.856
2023-02-20 00:03:20,145 - 
2023-02-20 00:03:20,145 - #epc: 172
2023-02-20 00:03:29,939 - TRN || epcloss: 0.0074
2023-02-20 00:03:29,940 -     || token_match: 0.998, exact_match: 0.969
2023-02-20 00:03:29,941 - DEV || epcloss: 0.0770
2023-02-20 00:03:29,941 -     || token_match: 0.986, exact_match: 0.856
2023-02-20 00:03:29,942 - 
2023-02-20 00:03:29,943 - #epc: 173
2023-02-20 00:03:39,755 - TRN || epcloss: 0.0081
2023-02-20 00:03:39,756 -     || token_match: 0.997, exact_match: 0.968
2023-02-20 00:03:39,757 - DEV || epcloss: 0.0817
2023-02-20 00:03:39,757 -     || token_match: 0.985, exact_match: 0.852
2023-02-20 00:03:39,759 - 
2023-02-20 00:03:39,760 - #epc: 174
2023-02-20 00:03:49,603 - TRN || epcloss: 0.0068
2023-02-20 00:03:49,604 -     || token_match: 0.998, exact_match: 0.972
2023-02-20 00:03:49,604 - DEV || epcloss: 0.0749
2023-02-20 00:03:49,605 -     || token_match: 0.986, exact_match: 0.860
2023-02-20 00:03:49,606 - 
2023-02-20 00:03:49,607 - #epc: 175
2023-02-20 00:03:59,388 - TRN || epcloss: 0.0058
2023-02-20 00:03:59,389 -     || token_match: 0.998, exact_match: 0.977
2023-02-20 00:03:59,390 - DEV || epcloss: 0.0747
2023-02-20 00:03:59,390 -     || token_match: 0.987, exact_match: 0.856
2023-02-20 00:03:59,392 - 
2023-02-20 00:03:59,393 - #epc: 176
2023-02-20 00:04:09,199 - TRN || epcloss: 0.0068
2023-02-20 00:04:09,200 -     || token_match: 0.998, exact_match: 0.974
2023-02-20 00:04:09,201 - DEV || epcloss: 0.0768
2023-02-20 00:04:09,202 -     || token_match: 0.986, exact_match: 0.865
2023-02-20 00:04:09,204 - 
2023-02-20 00:04:09,204 - #epc: 177
2023-02-20 00:04:19,046 - TRN || epcloss: 0.0081
2023-02-20 00:04:19,047 -     || token_match: 0.997, exact_match: 0.969
2023-02-20 00:04:19,047 - DEV || epcloss: 0.0755
2023-02-20 00:04:19,048 -     || token_match: 0.985, exact_match: 0.850
2023-02-20 00:04:19,049 - 
2023-02-20 00:04:19,050 - #epc: 178
2023-02-20 00:04:28,842 - TRN || epcloss: 0.0110
2023-02-20 00:04:28,842 -     || token_match: 0.997, exact_match: 0.961
2023-02-20 00:04:28,843 - DEV || epcloss: 0.0892
2023-02-20 00:04:28,844 -     || token_match: 0.983, exact_match: 0.818
2023-02-20 00:04:28,846 - 
2023-02-20 00:04:28,846 - #epc: 179
2023-02-20 00:04:38,685 - TRN || epcloss: 0.0089
2023-02-20 00:04:38,686 -     || token_match: 0.997, exact_match: 0.966
2023-02-20 00:04:38,687 - DEV || epcloss: 0.0789
2023-02-20 00:04:38,687 -     || token_match: 0.985, exact_match: 0.842
2023-02-20 00:04:38,689 - 
2023-02-20 00:04:38,689 - #epc: 180
2023-02-20 00:04:48,482 - TRN || epcloss: 0.0079
2023-02-20 00:04:48,483 -     || token_match: 0.997, exact_match: 0.969
2023-02-20 00:04:48,484 - DEV || epcloss: 0.0749
2023-02-20 00:04:48,484 -     || token_match: 0.986, exact_match: 0.855
2023-02-20 00:04:48,486 - 
2023-02-20 00:04:48,487 - #epc: 181
2023-02-20 00:04:58,345 - TRN || epcloss: 0.0085
2023-02-20 00:04:58,346 -     || token_match: 0.997, exact_match: 0.966
2023-02-20 00:04:58,347 - DEV || epcloss: 0.0823
2023-02-20 00:04:58,348 -     || token_match: 0.984, exact_match: 0.827
2023-02-20 00:04:58,350 - 
2023-02-20 00:04:58,350 - #epc: 182
2023-02-20 00:05:08,163 - TRN || epcloss: 0.0106
2023-02-20 00:05:08,164 -     || token_match: 0.997, exact_match: 0.961
2023-02-20 00:05:08,165 - DEV || epcloss: 0.0806
2023-02-20 00:05:08,166 -     || token_match: 0.985, exact_match: 0.845
2023-02-20 00:05:08,167 - 
2023-02-20 00:05:08,168 - #epc: 183
2023-02-20 00:05:17,926 - TRN || epcloss: 0.0100
2023-02-20 00:05:17,926 -     || token_match: 0.997, exact_match: 0.963
2023-02-20 00:05:17,927 - DEV || epcloss: 0.0838
2023-02-20 00:05:17,928 -     || token_match: 0.984, exact_match: 0.832
2023-02-20 00:05:17,929 - 
2023-02-20 00:05:17,930 - #epc: 184
2023-02-20 00:05:27,743 - TRN || epcloss: 0.0096
2023-02-20 00:05:27,744 -     || token_match: 0.997, exact_match: 0.962
2023-02-20 00:05:27,745 - DEV || epcloss: 0.0830
2023-02-20 00:05:27,745 -     || token_match: 0.984, exact_match: 0.843
2023-02-20 00:05:27,747 - 
2023-02-20 00:05:27,747 - #epc: 185
2023-02-20 00:05:37,584 - TRN || epcloss: 0.0098
2023-02-20 00:05:37,585 -     || token_match: 0.997, exact_match: 0.962
2023-02-20 00:05:37,586 - DEV || epcloss: 0.0783
2023-02-20 00:05:37,587 -     || token_match: 0.985, exact_match: 0.848
2023-02-20 00:05:37,589 - 
2023-02-20 00:05:37,589 - #epc: 186
2023-02-20 00:05:47,383 - TRN || epcloss: 0.0116
2023-02-20 00:05:47,384 -     || token_match: 0.996, exact_match: 0.956
2023-02-20 00:05:47,385 - DEV || epcloss: 0.0805
2023-02-20 00:05:47,385 -     || token_match: 0.984, exact_match: 0.835
2023-02-20 00:05:47,387 - 
2023-02-20 00:05:47,387 - #epc: 187
2023-02-20 00:05:57,196 - TRN || epcloss: 0.0111
2023-02-20 00:05:57,197 -     || token_match: 0.996, exact_match: 0.957
2023-02-20 00:05:57,198 - DEV || epcloss: 0.0840
2023-02-20 00:05:57,198 -     || token_match: 0.985, exact_match: 0.847
2023-02-20 00:05:57,200 - 
2023-02-20 00:05:57,201 - #epc: 188
2023-02-20 00:06:06,985 - TRN || epcloss: 0.0090
2023-02-20 00:06:06,986 -     || token_match: 0.997, exact_match: 0.963
2023-02-20 00:06:06,987 - DEV || epcloss: 0.0780
2023-02-20 00:06:06,987 -     || token_match: 0.985, exact_match: 0.853
2023-02-20 00:06:06,989 - 
2023-02-20 00:06:06,990 - #epc: 189
2023-02-20 00:06:16,784 - TRN || epcloss: 0.0096
2023-02-20 00:06:16,785 -     || token_match: 0.997, exact_match: 0.962
2023-02-20 00:06:16,785 - DEV || epcloss: 0.0777
2023-02-20 00:06:16,786 -     || token_match: 0.986, exact_match: 0.859
2023-02-20 00:06:16,787 - 
2023-02-20 00:06:16,788 - #epc: 190
2023-02-20 00:06:26,596 - TRN || epcloss: 0.0233
2023-02-20 00:06:26,597 -     || token_match: 0.994, exact_match: 0.935
2023-02-20 00:06:26,598 - DEV || epcloss: 0.0825
2023-02-20 00:06:26,599 -     || token_match: 0.984, exact_match: 0.831
2023-02-20 00:06:26,600 - 
2023-02-20 00:06:26,601 - #epc: 191
2023-02-20 00:06:36,487 - TRN || epcloss: 0.0117
2023-02-20 00:06:36,488 -     || token_match: 0.996, exact_match: 0.955
2023-02-20 00:06:36,489 - DEV || epcloss: 0.0864
2023-02-20 00:06:36,489 -     || token_match: 0.984, exact_match: 0.828
2023-02-20 00:06:36,491 - 
2023-02-20 00:06:36,492 - #epc: 192
2023-02-20 00:06:46,322 - TRN || epcloss: 0.0153
2023-02-20 00:06:46,322 -     || token_match: 0.995, exact_match: 0.945
2023-02-20 00:06:46,323 - DEV || epcloss: 0.1319
2023-02-20 00:06:46,324 -     || token_match: 0.976, exact_match: 0.721
2023-02-20 00:06:46,325 - 
2023-02-20 00:06:46,326 - #epc: 193
2023-02-20 00:06:56,189 - TRN || epcloss: 0.0253
2023-02-20 00:06:56,190 -     || token_match: 0.993, exact_match: 0.924
2023-02-20 00:06:56,191 - DEV || epcloss: 0.0828
2023-02-20 00:06:56,191 -     || token_match: 0.984, exact_match: 0.831
2023-02-20 00:06:56,193 - 
2023-02-20 00:06:56,194 - #epc: 194
2023-02-20 00:07:06,061 - TRN || epcloss: 0.0107
2023-02-20 00:07:06,062 -     || token_match: 0.997, exact_match: 0.959
2023-02-20 00:07:06,063 - DEV || epcloss: 0.0799
2023-02-20 00:07:06,063 -     || token_match: 0.985, exact_match: 0.842
2023-02-20 00:07:06,065 - 
2023-02-20 00:07:06,066 - #epc: 195
2023-02-20 00:07:15,943 - TRN || epcloss: 0.0076
2023-02-20 00:07:15,944 -     || token_match: 0.998, exact_match: 0.969
2023-02-20 00:07:15,945 - DEV || epcloss: 0.0766
2023-02-20 00:07:15,946 -     || token_match: 0.986, exact_match: 0.855
2023-02-20 00:07:15,947 - 
2023-02-20 00:07:15,948 - #epc: 196
2023-02-20 00:07:25,834 - TRN || epcloss: 0.0066
2023-02-20 00:07:25,835 -     || token_match: 0.998, exact_match: 0.971
2023-02-20 00:07:25,836 - DEV || epcloss: 0.0763
2023-02-20 00:07:25,836 -     || token_match: 0.985, exact_match: 0.843
2023-02-20 00:07:25,838 - 
2023-02-20 00:07:25,839 - #epc: 197
2023-02-20 00:07:35,722 - TRN || epcloss: 0.0071
2023-02-20 00:07:35,723 -     || token_match: 0.998, exact_match: 0.970
2023-02-20 00:07:35,723 - DEV || epcloss: 0.0887
2023-02-20 00:07:35,724 -     || token_match: 0.982, exact_match: 0.817
2023-02-20 00:07:35,725 - 
2023-02-20 00:07:35,726 - #epc: 198
2023-02-20 00:07:45,605 - TRN || epcloss: 0.0125
2023-02-20 00:07:45,606 -     || token_match: 0.996, exact_match: 0.954
2023-02-20 00:07:45,607 - DEV || epcloss: 0.0880
2023-02-20 00:07:45,607 -     || token_match: 0.984, exact_match: 0.828
2023-02-20 00:07:45,609 - 
2023-02-20 00:07:45,610 - #epc: 199
2023-02-20 00:07:55,518 - TRN || epcloss: 0.0098
2023-02-20 00:07:55,519 -     || token_match: 0.997, exact_match: 0.960
2023-02-20 00:07:55,520 - DEV || epcloss: 0.0816
2023-02-20 00:07:55,521 -     || token_match: 0.985, exact_match: 0.845
2023-02-20 00:07:55,523 - Training is over, saved model with best dev exact match: 0.867 (epc 170)
