2023-12-19 00:28:31,693 - trnsize: 533708
2023-12-19 00:28:31,697 - devsize: 2000
2023-12-19 00:28:31,697 - tstsize: 2000
2023-12-19 00:28:32,879 - Trn unique tgts: 533704
2023-12-19 00:28:32,879 - Trn unique lemmas: 3579
2023-12-19 00:28:32,880 - Trn unique taglists: 865
2023-12-19 00:28:32,881 - Dev unique tgts: 2000
2023-12-19 00:28:32,882 - Dev unique lemmas: 1037
2023-12-19 00:28:32,882 - Dev unique taglists: 723
2023-12-19 00:28:32,883 - Tst unique tgts: 2000
2023-12-19 00:28:32,884 - Tst unique lemmas: 1037
2023-12-19 00:28:32,884 - Tst unique taglists: 723
2023-12-19 00:28:32,885 - seen_dev_tgt: 2
2023-12-19 00:28:32,886 - seen_dev_lemma: 2000
2023-12-19 00:28:32,886 - seen_dev_taglist: 1966
2023-12-19 00:28:32,887 - seen_tst_tgt: 2
2023-12-19 00:28:32,888 - seen_tst_lemma: 2000
2023-12-19 00:28:32,888 - seen_tst_taglist: 1966
2023-12-19 00:29:06,770 - trnID: run3_12x6_zLEM100_zTAG128_decnh1024_kl1.0_epc10_strt5_decdo0.2_inpemb128_bsize64
2023-12-19 00:29:06,771 - batchsize: 64
2023-12-19 00:29:06,772 - epochs: 75
2023-12-19 00:29:06,772 - lr: 0.00050
2023-12-19 00:29:06,773 - KL_WEIGHT: 1.00000
2023-12-19 00:29:06,773 - opt: Adam (
Parameter Group 0
    amsgrad: False
    betas: (0.5, 0.999)
    capturable: False
    eps: 1e-08
    foreach: None
    lr: 0.0005
    maximize: False
    weight_decay: 0
)
2023-12-19 00:29:06,774 - VQVAE(
  (encoder): Encoder_GRU_VQVAE(
    (layers): ModuleList(
      (0): Embedding(63, 128)
      (1): Dropout(p=0.0, inplace=False)
      (2): GRU(128, 256, batch_first=True, bidirectional=True)
    )
  )
  (z_linears): ModuleList(
    (0): Linear(in_features=256, out_features=128, bias=True)
    (1): Linear(in_features=256, out_features=128, bias=True)
    (2): Linear(in_features=256, out_features=128, bias=True)
    (3): Linear(in_features=256, out_features=128, bias=True)
    (4): Linear(in_features=256, out_features=128, bias=True)
    (5): Linear(in_features=256, out_features=128, bias=True)
    (6): Linear(in_features=256, out_features=128, bias=True)
    (7): Linear(in_features=256, out_features=128, bias=True)
    (8): Linear(in_features=256, out_features=128, bias=True)
    (9): Linear(in_features=256, out_features=128, bias=True)
    (10): Linear(in_features=256, out_features=128, bias=True)
    (11): Linear(in_features=256, out_features=128, bias=True)
  )
  (quantizers): ModuleList(
    (0): Quantizer(
      (embeddings): Embedding(6, 128)
    )
    (1): Quantizer(
      (embeddings): Embedding(6, 128)
    )
    (2): Quantizer(
      (embeddings): Embedding(6, 128)
    )
    (3): Quantizer(
      (embeddings): Embedding(6, 128)
    )
    (4): Quantizer(
      (embeddings): Embedding(6, 128)
    )
    (5): Quantizer(
      (embeddings): Embedding(6, 128)
    )
    (6): Quantizer(
      (embeddings): Embedding(6, 128)
    )
    (7): Quantizer(
      (embeddings): Embedding(6, 128)
    )
    (8): Quantizer(
      (embeddings): Embedding(6, 128)
    )
    (9): Quantizer(
      (embeddings): Embedding(6, 128)
    )
    (10): Quantizer(
      (embeddings): Embedding(6, 128)
    )
    (11): Quantizer(
      (embeddings): Embedding(6, 128)
    )
  )
  (z_lemma_mu): Linear(in_features=256, out_features=100, bias=True)
  (z_lemma_logvar): Linear(in_features=256, out_features=100, bias=True)
  (up_from_z_layer): Linear(in_features=228, out_features=1024, bias=True)
  (decoder): Decoder_GRU_VQVAE(
    (layers): ModuleList(
      (0): Embedding(63, 128)
      (1): Dropout(p=0.2, inplace=False)
      (2): GRU(356, 1024, batch_first=True)
      (3): Linear(in_features=1024, out_features=63, bias=True)
    )
    (loss): CrossEntropyLoss()
  )
)
2023-12-19 00:29:07,475 - trnsize: 533708
2023-12-19 00:29:07,475 - devsize: 2000
2023-12-19 00:29:07,476 - tstsize: 2000
2023-12-19 00:29:07,477 - 
2023-12-19 00:29:07,477 - #epc: 0
2023-12-19 00:29:07,482 - epc:0, epc_KL:  0.000000
2023-12-19 00:38:46,958 - exact_match_tst_copy_acc: 0.979
2023-12-19 00:38:46,959 - exact_match_tst_reinflection_wlemma: 0.086
2023-12-19 00:38:46,960 - exact_match_tst_reinflection_wlemma_TAGFINDER1: 0.068
2023-12-19 00:38:46,961 - exact_match_tst_reinflection_wlemma_TAGFINDER1_or_2: 0.081
2023-12-19 00:38:47,344 - TRN || epcloss: 0.0849
2023-12-19 00:38:47,345 -     || Q: 0.0741
2023-12-19 00:38:47,346 -     || KL: 5.7257
2023-12-19 00:38:47,346 -     || token_match: 0.975, exact_match: 0.837
2023-12-19 00:38:47,347 -     || unique taglist code: 58468
2023-12-19 00:38:47,348 - DEV || epcloss: 0.0047
2023-12-19 00:38:47,349 -     || Q: 0.0138
2023-12-19 00:38:47,349 -     || KL: 11.6044
2023-12-19 00:38:47,350 -     || token_match: 0.998, exact_match: 0.979
2023-12-19 00:38:47,351 -     || unique taglist code: 866
2023-12-19 00:38:47,354 -     || seen taglist code: 710
2023-12-19 00:38:47,355 -     || MOST used trncode: 58468
2023-12-19 00:38:47,355 -     || MOST used devcode: 866
2023-12-19 00:38:47,356 -     || BEST exact match (teacher forcing): 0.979
2023-12-19 00:38:47,500 -     || saved model
2023-12-19 00:38:47,502 - 
2023-12-19 00:38:47,503 - #epc: 1
2023-12-19 00:38:48,985 - epc:1, epc_KL:  0.000000
2023-12-19 00:48:53,827 - exact_match_tst_copy_acc: 0.971
2023-12-19 00:48:53,828 - exact_match_tst_reinflection_wlemma: 0.070
2023-12-19 00:48:53,829 - exact_match_tst_reinflection_wlemma_TAGFINDER1: 0.059
2023-12-19 00:48:53,830 - exact_match_tst_reinflection_wlemma_TAGFINDER1_or_2: 0.071
2023-12-19 00:48:54,387 - TRN || epcloss: 0.0087
2023-12-19 00:48:54,388 -     || Q: 0.0161
2023-12-19 00:48:54,388 -     || KL: 6.7126
2023-12-19 00:48:54,389 -     || token_match: 0.998, exact_match: 0.965
2023-12-19 00:48:54,390 -     || unique taglist code: 54521
2023-12-19 00:48:54,391 - DEV || epcloss: 0.0115
2023-12-19 00:48:54,391 -     || Q: 0.0092
2023-12-19 00:48:54,392 -     || KL: 12.5543
2023-12-19 00:48:54,393 -     || token_match: 0.998, exact_match: 0.971
2023-12-19 00:48:54,393 -     || unique taglist code: 922
2023-12-19 00:48:54,396 -     || seen taglist code: 817
2023-12-19 00:48:54,397 -     || MOST used devcode: 922
2023-12-19 00:48:54,499 -     || saved model
2023-12-19 00:48:54,501 - 
2023-12-19 00:48:54,502 - #epc: 2
2023-12-19 00:48:56,007 - epc:2, epc_KL:  0.000000
2023-12-19 00:59:05,587 - exact_match_tst_copy_acc: 0.980
2023-12-19 00:59:05,588 - exact_match_tst_reinflection_wlemma: 0.072
2023-12-19 00:59:05,588 - exact_match_tst_reinflection_wlemma_TAGFINDER1: 0.061
2023-12-19 00:59:05,589 - exact_match_tst_reinflection_wlemma_TAGFINDER1_or_2: 0.072
2023-12-19 00:59:05,984 - TRN || epcloss: 0.0056
2023-12-19 00:59:05,985 -     || Q: 0.0088
2023-12-19 00:59:05,986 -     || KL: 7.3229
2023-12-19 00:59:05,987 -     || token_match: 0.998, exact_match: 0.975
2023-12-19 00:59:05,987 -     || unique taglist code: 55639
2023-12-19 00:59:05,988 - DEV || epcloss: 0.0036
2023-12-19 00:59:05,989 -     || Q: 0.0087
2023-12-19 00:59:05,990 -     || KL: 13.8911
2023-12-19 00:59:05,990 -     || token_match: 0.999, exact_match: 0.980
2023-12-19 00:59:05,991 -     || unique taglist code: 967
2023-12-19 00:59:05,993 -     || seen taglist code: 807
2023-12-19 00:59:05,994 -     || MOST used devcode: 967
2023-12-19 00:59:05,995 -     || BEST exact match (teacher forcing): 0.980
2023-12-19 00:59:06,114 -     || saved model
2023-12-19 00:59:06,117 - 
2023-12-19 00:59:06,117 - #epc: 3
2023-12-19 00:59:07,660 - epc:3, epc_KL:  0.000000
2023-12-19 01:09:25,856 - exact_match_tst_copy_acc: 0.981
2023-12-19 01:09:25,857 - exact_match_tst_reinflection_wlemma: 0.069
2023-12-19 01:09:25,857 - exact_match_tst_reinflection_wlemma_TAGFINDER1: 0.059
2023-12-19 01:09:25,858 - exact_match_tst_reinflection_wlemma_TAGFINDER1_or_2: 0.070
2023-12-19 01:09:26,262 - TRN || epcloss: 0.0055
2023-12-19 01:09:26,262 -     || Q: 0.0081
2023-12-19 01:09:26,263 -     || KL: 7.7036
2023-12-19 01:09:26,264 -     || token_match: 0.998, exact_match: 0.977
2023-12-19 01:09:26,264 -     || unique taglist code: 63655
2023-12-19 01:09:26,265 - DEV || epcloss: 0.0039
2023-12-19 01:09:26,266 -     || Q: 0.0072
2023-12-19 01:09:26,266 -     || KL: 13.5911
2023-12-19 01:09:26,267 -     || token_match: 0.999, exact_match: 0.980
2023-12-19 01:09:26,268 -     || unique taglist code: 999
2023-12-19 01:09:26,272 -     || seen taglist code: 818
2023-12-19 01:09:26,273 -     || MOST used trncode: 63655
2023-12-19 01:09:26,273 -     || MOST used devcode: 999
2023-12-19 01:09:26,382 -     || saved model
2023-12-19 01:09:26,384 - 
2023-12-19 01:09:26,384 - #epc: 4
2023-12-19 01:09:27,932 - epc:4, epc_KL:  0.000000
2023-12-19 01:19:45,422 - exact_match_tst_copy_acc: 0.970
2023-12-19 01:19:45,423 - exact_match_tst_reinflection_wlemma: 0.076
2023-12-19 01:19:45,424 - exact_match_tst_reinflection_wlemma_TAGFINDER1: 0.064
2023-12-19 01:19:45,424 - exact_match_tst_reinflection_wlemma_TAGFINDER1_or_2: 0.079
2023-12-19 01:19:45,810 - TRN || epcloss: 0.0045
2023-12-19 01:19:45,811 -     || Q: 0.0063
2023-12-19 01:19:45,812 -     || KL: 7.9233
2023-12-19 01:19:45,812 -     || token_match: 0.999, exact_match: 0.978
2023-12-19 01:19:45,813 -     || unique taglist code: 65055
2023-12-19 01:19:45,814 - DEV || epcloss: 0.0068
2023-12-19 01:19:45,815 -     || Q: 0.0062
2023-12-19 01:19:45,815 -     || KL: 14.1909
2023-12-19 01:19:45,818 -     || token_match: 0.998, exact_match: 0.970
2023-12-19 01:19:45,819 -     || unique taglist code: 1047
2023-12-19 01:19:45,823 -     || seen taglist code: 888
2023-12-19 01:19:45,824 -     || MOST used trncode: 65055
2023-12-19 01:19:45,824 -     || MOST used devcode: 1047
2023-12-19 01:19:45,927 -     || saved model
2023-12-19 01:19:45,929 - 
2023-12-19 01:19:45,930 - #epc: 5
2023-12-19 01:19:47,487 - epc:5, epc_KL:  0.100000
2023-12-19 01:29:58,297 - exact_match_tst_copy_acc: 0.856
2023-12-19 01:29:58,298 - exact_match_tst_reinflection_wlemma: 0.245
2023-12-19 01:29:58,298 - exact_match_tst_reinflection_wlemma_TAGFINDER1: 0.175
2023-12-19 01:29:58,299 - exact_match_tst_reinflection_wlemma_TAGFINDER1_or_2: 0.229
2023-12-19 01:29:58,909 - TRN || epcloss: 0.0266
2023-12-19 01:29:58,910 -     || Q: 0.0299
2023-12-19 01:29:58,911 -     || KL: 0.9107
2023-12-19 01:29:58,911 -     || token_match: 0.992, exact_match: 0.872
2023-12-19 01:29:58,912 -     || unique taglist code: 116100
2023-12-19 01:29:58,913 - DEV || epcloss: 0.0639
2023-12-19 01:29:58,914 -     || Q: 0.0624
2023-12-19 01:29:58,914 -     || KL: 1.5332
2023-12-19 01:29:58,915 -     || token_match: 0.983, exact_match: 0.773
2023-12-19 01:29:58,916 -     || unique taglist code: 1687
2023-12-19 01:29:58,918 -     || seen taglist code: 1077
2023-12-19 01:29:58,928 -     || MOST used trncode: 116100
2023-12-19 01:29:58,929 -     || MOST used devcode: 1687
2023-12-19 01:29:59,081 -     || saved model
2023-12-19 01:29:59,084 - 
2023-12-19 01:29:59,084 - #epc: 6
2023-12-19 01:30:00,667 - epc:6, epc_KL:  0.200000
2023-12-19 01:40:16,148 - exact_match_tst_copy_acc: 0.978
2023-12-19 01:40:16,148 - exact_match_tst_reinflection_wlemma: 0.630
2023-12-19 01:40:16,149 - exact_match_tst_reinflection_wlemma_TAGFINDER1: 0.465
2023-12-19 01:40:16,150 - exact_match_tst_reinflection_wlemma_TAGFINDER1_or_2: 0.588
2023-12-19 01:40:16,592 - TRN || epcloss: 0.0328
2023-12-19 01:40:16,593 -     || Q: 0.1040
2023-12-19 01:40:16,593 -     || KL: 0.5195
2023-12-19 01:40:16,594 -     || token_match: 0.990, exact_match: 0.846
2023-12-19 01:40:16,595 -     || unique taglist code: 123239
2023-12-19 01:40:16,596 - DEV || epcloss: 0.0218
2023-12-19 01:40:16,596 -     || Q: 0.1242
2023-12-19 01:40:16,597 -     || KL: 0.8779
2023-12-19 01:40:16,598 -     || token_match: 0.993, exact_match: 0.893
2023-12-19 01:40:16,598 -     || unique taglist code: 1811
2023-12-19 01:40:16,607 -     || seen taglist code: 1410
2023-12-19 01:40:16,608 -     || MOST used trncode: 123239
2023-12-19 01:40:16,609 -     || MOST used devcode: 1811
2023-12-19 01:40:16,690 -     || saved model
2023-12-19 01:40:16,692 - 
2023-12-19 01:40:16,693 - #epc: 7
2023-12-19 01:40:18,221 - epc:7, epc_KL:  0.300000
2023-12-19 01:50:43,631 - exact_match_tst_copy_acc: 0.966
2023-12-19 01:50:43,634 - exact_match_tst_reinflection_wlemma: 0.737
2023-12-19 01:50:43,639 - exact_match_tst_reinflection_wlemma_TAGFINDER1: 0.495
2023-12-19 01:50:43,644 - exact_match_tst_reinflection_wlemma_TAGFINDER1_or_2: 0.649
2023-12-19 01:50:44,213 - TRN || epcloss: 0.0353
2023-12-19 01:50:44,214 -     || Q: 0.1855
2023-12-19 01:50:44,215 -     || KL: 0.3713
2023-12-19 01:50:44,216 -     || token_match: 0.989, exact_match: 0.835
2023-12-19 01:50:44,216 -     || unique taglist code: 158881
2023-12-19 01:50:44,217 - DEV || epcloss: 0.0301
2023-12-19 01:50:44,218 -     || Q: 0.2188
2023-12-19 01:50:44,218 -     || KL: 0.6146
2023-12-19 01:50:44,219 -     || token_match: 0.991, exact_match: 0.856
2023-12-19 01:50:44,220 -     || unique taglist code: 1928
2023-12-19 01:50:44,225 -     || seen taglist code: 1369
2023-12-19 01:50:44,226 -     || MOST used trncode: 158881
2023-12-19 01:50:44,227 -     || MOST used devcode: 1928
2023-12-19 01:50:44,335 -     || saved model
2023-12-19 01:50:44,338 - 
2023-12-19 01:50:44,338 - #epc: 8
2023-12-19 01:50:46,010 - epc:8, epc_KL:  0.400000
2023-12-19 02:01:14,037 - exact_match_tst_copy_acc: 0.946
2023-12-19 02:01:14,037 - exact_match_tst_reinflection_wlemma: 0.800
2023-12-19 02:01:14,038 - exact_match_tst_reinflection_wlemma_TAGFINDER1: 0.496
2023-12-19 02:01:14,039 - exact_match_tst_reinflection_wlemma_TAGFINDER1_or_2: 0.677
2023-12-19 02:01:14,580 - TRN || epcloss: 0.0396
2023-12-19 02:01:14,581 -     || Q: 0.2954
2023-12-19 02:01:14,581 -     || KL: 0.2966
2023-12-19 02:01:14,582 -     || token_match: 0.988, exact_match: 0.820
2023-12-19 02:01:14,583 -     || unique taglist code: 231930
2023-12-19 02:01:14,583 - DEV || epcloss: 0.0406
2023-12-19 02:01:14,584 -     || Q: 0.3335
2023-12-19 02:01:14,585 -     || KL: 0.5036
2023-12-19 02:01:14,585 -     || token_match: 0.988, exact_match: 0.819
2023-12-19 02:01:14,586 -     || unique taglist code: 1969
2023-12-19 02:01:14,591 -     || seen taglist code: 1171
2023-12-19 02:01:14,592 -     || MOST used trncode: 231930
2023-12-19 02:01:14,593 -     || MOST used devcode: 1969
2023-12-19 02:01:14,694 -     || saved model
2023-12-19 02:01:14,696 - 
2023-12-19 02:01:14,697 - #epc: 9
2023-12-19 02:01:16,453 - epc:9, epc_KL:  0.500000
2023-12-19 02:11:46,597 - exact_match_tst_copy_acc: 0.945
2023-12-19 02:11:46,598 - exact_match_tst_reinflection_wlemma: 0.851
2023-12-19 02:11:46,598 - exact_match_tst_reinflection_wlemma_TAGFINDER1: 0.478
2023-12-19 02:11:46,599 - exact_match_tst_reinflection_wlemma_TAGFINDER1_or_2: 0.686
2023-12-19 02:11:47,147 - TRN || epcloss: 0.0451
2023-12-19 02:11:47,148 -     || Q: 0.4362
2023-12-19 02:11:47,149 -     || KL: 0.2458
2023-12-19 02:11:47,150 -     || token_match: 0.986, exact_match: 0.799
2023-12-19 02:11:47,150 -     || unique taglist code: 299557
2023-12-19 02:11:47,151 - DEV || epcloss: 0.0397
2023-12-19 02:11:47,152 -     || Q: 0.4860
2023-12-19 02:11:47,153 -     || KL: 0.4176
2023-12-19 02:11:47,154 -     || token_match: 0.988, exact_match: 0.819
2023-12-19 02:11:47,154 -     || unique taglist code: 1987
2023-12-19 02:11:47,160 -     || seen taglist code: 1024
2023-12-19 02:11:47,161 -     || MOST used trncode: 299557
2023-12-19 02:11:47,162 -     || MOST used devcode: 1987
2023-12-19 02:11:47,261 -     || saved model
2023-12-19 02:11:47,264 - 
2023-12-19 02:11:47,265 - #epc: 10
2023-12-19 02:11:49,129 - epc:10, epc_KL:  0.600000
2023-12-19 02:22:16,103 - exact_match_tst_copy_acc: 0.935
2023-12-19 02:22:16,104 - exact_match_tst_reinflection_wlemma: 0.848
2023-12-19 02:22:16,104 - exact_match_tst_reinflection_wlemma_TAGFINDER1: 0.408
2023-12-19 02:22:16,105 - exact_match_tst_reinflection_wlemma_TAGFINDER1_or_2: 0.625
2023-12-19 02:22:16,636 - TRN || epcloss: 0.0516
2023-12-19 02:22:16,636 -     || Q: 0.6348
2023-12-19 02:22:16,637 -     || KL: 0.2087
2023-12-19 02:22:16,638 -     || token_match: 0.984, exact_match: 0.777
2023-12-19 02:22:16,639 -     || unique taglist code: 349782
2023-12-19 02:22:16,639 - DEV || epcloss: 0.0483
2023-12-19 02:22:16,640 -     || Q: 0.7474
2023-12-19 02:22:16,641 -     || KL: 0.3464
2023-12-19 02:22:16,642 -     || token_match: 0.985, exact_match: 0.783
2023-12-19 02:22:16,642 -     || unique taglist code: 1995
2023-12-19 02:22:16,648 -     || seen taglist code: 873
2023-12-19 02:22:16,649 -     || MOST used trncode: 349782
2023-12-19 02:22:16,650 -     || MOST used devcode: 1995
2023-12-19 02:22:16,775 -     || saved model
2023-12-19 02:22:16,777 - 
2023-12-19 02:22:16,778 - #epc: 11
2023-12-19 02:22:18,570 - epc:11, epc_KL:  0.700000
2023-12-19 02:32:46,990 - exact_match_tst_copy_acc: 0.907
2023-12-19 02:32:46,991 - exact_match_tst_reinflection_wlemma: 0.841
2023-12-19 02:32:46,991 - exact_match_tst_reinflection_wlemma_TAGFINDER1: 0.367
2023-12-19 02:32:46,992 - exact_match_tst_reinflection_wlemma_TAGFINDER1_or_2: 0.586
2023-12-19 02:32:47,523 - TRN || epcloss: 0.0593
2023-12-19 02:32:47,524 -     || Q: 0.9110
2023-12-19 02:32:47,525 -     || KL: 0.1764
2023-12-19 02:32:47,525 -     || token_match: 0.982, exact_match: 0.748
2023-12-19 02:32:47,526 -     || unique taglist code: 389094
2023-12-19 02:32:47,527 - DEV || epcloss: 0.0597
2023-12-19 02:32:47,528 -     || Q: 0.9510
2023-12-19 02:32:47,528 -     || KL: 0.2996
2023-12-19 02:32:47,529 -     || token_match: 0.982, exact_match: 0.752
2023-12-19 02:32:47,530 -     || unique taglist code: 1994
2023-12-19 02:32:47,534 -     || seen taglist code: 738
2023-12-19 02:32:47,535 -     || MOST used trncode: 389094
2023-12-19 02:32:47,664 -     || saved model
2023-12-19 02:32:47,685 - 
2023-12-19 02:32:47,685 - #epc: 12
2023-12-19 02:32:49,530 - epc:12, epc_KL:  0.800000
2023-12-19 02:43:22,481 - exact_match_tst_copy_acc: 0.895
2023-12-19 02:43:22,482 - exact_match_tst_reinflection_wlemma: 0.833
2023-12-19 02:43:22,483 - exact_match_tst_reinflection_wlemma_TAGFINDER1: 0.343
2023-12-19 02:43:22,484 - exact_match_tst_reinflection_wlemma_TAGFINDER1_or_2: 0.566
2023-12-19 02:43:22,877 - TRN || epcloss: 0.0665
2023-12-19 02:43:22,878 -     || Q: 1.1322
2023-12-19 02:43:22,879 -     || KL: 0.1523
2023-12-19 02:43:22,879 -     || token_match: 0.980, exact_match: 0.725
2023-12-19 02:43:22,880 -     || unique taglist code: 422580
2023-12-19 02:43:22,881 - DEV || epcloss: 0.0608
2023-12-19 02:43:22,881 -     || Q: 1.2350
2023-12-19 02:43:22,882 -     || KL: 0.2639
2023-12-19 02:43:22,883 -     || token_match: 0.981, exact_match: 0.747
2023-12-19 02:43:22,883 -     || unique taglist code: 1993
2023-12-19 02:43:22,887 -     || seen taglist code: 601
2023-12-19 02:43:22,888 -     || MOST used trncode: 422580
2023-12-19 02:43:23,018 -     || saved model
2023-12-19 02:43:23,020 - 
2023-12-19 02:43:23,021 - #epc: 13
2023-12-19 02:43:24,499 - epc:13, epc_KL:  0.900000
2023-12-19 02:54:16,716 - exact_match_tst_copy_acc: 0.850
2023-12-19 02:54:16,717 - exact_match_tst_reinflection_wlemma: 0.786
2023-12-19 02:54:16,717 - exact_match_tst_reinflection_wlemma_TAGFINDER1: 0.308
2023-12-19 02:54:16,718 - exact_match_tst_reinflection_wlemma_TAGFINDER1_or_2: 0.519
2023-12-19 02:54:17,129 - TRN || epcloss: 0.0762
2023-12-19 02:54:17,130 -     || Q: 1.4425
2023-12-19 02:54:17,130 -     || KL: 0.1305
2023-12-19 02:54:17,131 -     || token_match: 0.977, exact_match: 0.697
2023-12-19 02:54:17,132 -     || unique taglist code: 448234
2023-12-19 02:54:17,132 - DEV || epcloss: 0.0746
2023-12-19 02:54:17,133 -     || Q: 1.6897
2023-12-19 02:54:17,134 -     || KL: 0.2225
2023-12-19 02:54:17,135 -     || token_match: 0.977, exact_match: 0.704
2023-12-19 02:54:17,136 -     || unique taglist code: 1998
2023-12-19 02:54:17,138 -     || seen taglist code: 452
2023-12-19 02:54:17,139 -     || MOST used trncode: 448234
2023-12-19 02:54:17,139 -     || MOST used devcode: 1998
2023-12-19 02:54:17,229 -     || saved model
2023-12-19 02:54:17,231 - 
2023-12-19 02:54:17,232 - #epc: 14
2023-12-19 02:54:18,601 - epc:14, epc_KL:  1.000000
2023-12-19 03:04:45,852 - exact_match_tst_copy_acc: 0.828
2023-12-19 03:04:45,853 - exact_match_tst_reinflection_wlemma: 0.786
2023-12-19 03:04:45,853 - exact_match_tst_reinflection_wlemma_TAGFINDER1: 0.297
2023-12-19 03:04:45,854 - exact_match_tst_reinflection_wlemma_TAGFINDER1_or_2: 0.505
2023-12-19 03:04:46,293 - TRN || epcloss: 0.0867
2023-12-19 03:04:46,294 -     || Q: 1.7461
2023-12-19 03:04:46,295 -     || KL: 0.1132
2023-12-19 03:04:46,296 -     || token_match: 0.973, exact_match: 0.665
2023-12-19 03:04:46,296 -     || unique taglist code: 476349
2023-12-19 03:04:46,297 - DEV || epcloss: 0.0810
2023-12-19 03:04:46,298 -     || Q: 1.7623
2023-12-19 03:04:46,299 -     || KL: 0.1965
2023-12-19 03:04:46,299 -     || token_match: 0.975, exact_match: 0.677
2023-12-19 03:04:46,300 -     || unique taglist code: 1997
2023-12-19 03:04:46,302 -     || seen taglist code: 356
2023-12-19 03:04:46,303 -     || MOST used trncode: 476349
2023-12-19 03:04:46,418 -     || saved model
2023-12-19 03:04:46,420 - 
2023-12-19 03:04:46,420 - #epc: 15
2023-12-19 03:04:47,796 - epc:15, epc_KL:  1.000000
2023-12-19 03:15:22,769 - exact_match_tst_copy_acc: 0.819
2023-12-19 03:15:22,770 - exact_match_tst_reinflection_wlemma: 0.779
2023-12-19 03:15:22,771 - exact_match_tst_reinflection_wlemma_TAGFINDER1: 0.294
2023-12-19 03:15:22,772 - exact_match_tst_reinflection_wlemma_TAGFINDER1_or_2: 0.503
2023-12-19 03:15:23,197 - TRN || epcloss: 0.0892
2023-12-19 03:15:23,198 -     || Q: 1.8745
2023-12-19 03:15:23,199 -     || KL: 0.1024
2023-12-19 03:15:23,200 -     || token_match: 0.973, exact_match: 0.663
2023-12-19 03:15:23,200 -     || unique taglist code: 480987
2023-12-19 03:15:23,201 - DEV || epcloss: 0.0869
2023-12-19 03:15:23,202 -     || Q: 1.9404
2023-12-19 03:15:23,203 -     || KL: 0.1794
2023-12-19 03:15:23,203 -     || token_match: 0.973, exact_match: 0.677
2023-12-19 03:15:23,204 -     || unique taglist code: 1997
2023-12-19 03:15:23,207 -     || seen taglist code: 351
2023-12-19 03:15:23,208 -     || MOST used trncode: 480987
2023-12-19 03:15:23,304 -     || saved model
2023-12-19 03:15:23,306 - 
2023-12-19 03:15:23,307 - #epc: 16
2023-12-19 03:15:24,687 - epc:16, epc_KL:  1.000000
2023-12-19 03:25:52,753 - exact_match_tst_copy_acc: 0.796
2023-12-19 03:25:52,754 - exact_match_tst_reinflection_wlemma: 0.743
2023-12-19 03:25:52,754 - exact_match_tst_reinflection_wlemma_TAGFINDER1: 0.286
2023-12-19 03:25:52,755 - exact_match_tst_reinflection_wlemma_TAGFINDER1_or_2: 0.489
2023-12-19 03:25:53,187 - TRN || epcloss: 0.0908
2023-12-19 03:25:53,188 -     || Q: 1.9240
2023-12-19 03:25:53,189 -     || KL: 0.0953
2023-12-19 03:25:53,190 -     || token_match: 0.972, exact_match: 0.662
2023-12-19 03:25:53,191 -     || unique taglist code: 481709
2023-12-19 03:25:53,191 - DEV || epcloss: 0.0942
2023-12-19 03:25:53,192 -     || Q: 2.0716
2023-12-19 03:25:53,193 -     || KL: 0.1694
2023-12-19 03:25:53,194 -     || token_match: 0.971, exact_match: 0.647
2023-12-19 03:25:53,194 -     || unique taglist code: 1997
2023-12-19 03:25:53,197 -     || seen taglist code: 327
2023-12-19 03:25:53,198 -     || MOST used trncode: 481709
2023-12-19 03:25:53,281 -     || saved model
2023-12-19 03:25:53,283 - 
2023-12-19 03:25:53,284 - #epc: 17
2023-12-19 03:25:54,668 - epc:17, epc_KL:  1.000000
2023-12-19 03:36:20,787 - exact_match_tst_copy_acc: 0.761
2023-12-19 03:36:20,788 - exact_match_tst_reinflection_wlemma: 0.728
2023-12-19 03:36:20,789 - exact_match_tst_reinflection_wlemma_TAGFINDER1: 0.277
2023-12-19 03:36:20,790 - exact_match_tst_reinflection_wlemma_TAGFINDER1_or_2: 0.475
2023-12-19 03:36:21,291 - TRN || epcloss: 0.0988
2023-12-19 03:36:21,292 -     || Q: 2.0778
2023-12-19 03:36:21,292 -     || KL: 0.0913
2023-12-19 03:36:21,293 -     || token_match: 0.970, exact_match: 0.644
2023-12-19 03:36:21,294 -     || unique taglist code: 485538
2023-12-19 03:36:21,295 - DEV || epcloss: 0.1086
2023-12-19 03:36:21,296 -     || Q: 2.2616
2023-12-19 03:36:21,297 -     || KL: 0.1556
2023-12-19 03:36:21,297 -     || token_match: 0.967, exact_match: 0.630
2023-12-19 03:36:21,298 -     || unique taglist code: 1997
2023-12-19 03:36:21,301 -     || seen taglist code: 295
2023-12-19 03:36:21,302 -     || MOST used trncode: 485538
2023-12-19 03:36:21,444 -     || saved model
2023-12-19 03:36:21,446 - 
2023-12-19 03:36:21,447 - #epc: 18
2023-12-19 03:36:22,827 - epc:18, epc_KL:  1.000000
2023-12-19 03:46:48,804 - exact_match_tst_copy_acc: 0.704
2023-12-19 03:46:48,805 - exact_match_tst_reinflection_wlemma: 0.666
2023-12-19 03:46:48,806 - exact_match_tst_reinflection_wlemma_TAGFINDER1: 0.253
2023-12-19 03:46:48,806 - exact_match_tst_reinflection_wlemma_TAGFINDER1_or_2: 0.434
2023-12-19 03:46:49,273 - TRN || epcloss: 0.1274
2023-12-19 03:46:49,274 -     || Q: 2.2153
2023-12-19 03:46:49,274 -     || KL: 0.0969
2023-12-19 03:46:49,275 -     || token_match: 0.963, exact_match: 0.593
2023-12-19 03:46:49,276 -     || unique taglist code: 486212
2023-12-19 03:46:49,277 - DEV || epcloss: 0.1281
2023-12-19 03:46:49,277 -     || Q: 2.3746
2023-12-19 03:46:49,278 -     || KL: 0.1853
2023-12-19 03:46:49,279 -     || token_match: 0.960, exact_match: 0.573
2023-12-19 03:46:49,279 -     || unique taglist code: 2000
2023-12-19 03:46:49,282 -     || seen taglist code: 344
2023-12-19 03:46:49,283 -     || MOST used trncode: 486212
2023-12-19 03:46:49,283 -     || MOST used devcode: 2000
2023-12-19 03:46:49,410 -     || saved model
2023-12-19 03:46:49,412 - 
2023-12-19 03:46:49,413 - #epc: 19
2023-12-19 03:46:50,752 - epc:19, epc_KL:  1.000000
2023-12-19 03:57:17,741 - exact_match_tst_copy_acc: 0.727
2023-12-19 03:57:17,742 - exact_match_tst_reinflection_wlemma: 0.685
2023-12-19 03:57:17,743 - exact_match_tst_reinflection_wlemma_TAGFINDER1: 0.263
2023-12-19 03:57:17,743 - exact_match_tst_reinflection_wlemma_TAGFINDER1_or_2: 0.453
2023-12-19 03:57:18,272 - TRN || epcloss: 0.1498
2023-12-19 03:57:18,272 -     || Q: 2.4767
2023-12-19 03:57:18,273 -     || KL: 0.0976
2023-12-19 03:57:18,274 -     || token_match: 0.957, exact_match: 0.546
2023-12-19 03:57:18,275 -     || unique taglist code: 481505
2023-12-19 03:57:18,275 - DEV || epcloss: 0.1176
2023-12-19 03:57:18,276 -     || Q: 2.4367
2023-12-19 03:57:18,277 -     || KL: 0.1663
2023-12-19 03:57:18,278 -     || token_match: 0.963, exact_match: 0.591
2023-12-19 03:57:18,278 -     || unique taglist code: 1999
2023-12-19 03:57:18,281 -     || seen taglist code: 340
2023-12-19 03:57:18,393 -     || saved model
2023-12-19 03:57:18,394 - 
2023-12-19 03:57:18,395 - #epc: 20
2023-12-19 03:57:19,741 - epc:20, epc_KL:  1.000000
2023-12-19 04:07:46,089 - exact_match_tst_copy_acc: 0.704
2023-12-19 04:07:46,090 - exact_match_tst_reinflection_wlemma: 0.669
2023-12-19 04:07:46,091 - exact_match_tst_reinflection_wlemma_TAGFINDER1: 0.259
2023-12-19 04:07:46,091 - exact_match_tst_reinflection_wlemma_TAGFINDER1_or_2: 0.442
2023-12-19 04:07:46,573 - TRN || epcloss: 0.1286
2023-12-19 04:07:46,574 -     || Q: 2.4113
2023-12-19 04:07:46,575 -     || KL: 0.0918
2023-12-19 04:07:46,576 -     || token_match: 0.961, exact_match: 0.572
2023-12-19 04:07:46,576 -     || unique taglist code: 485256
2023-12-19 04:07:46,577 - DEV || epcloss: 0.1269
2023-12-19 04:07:46,578 -     || Q: 2.5177
2023-12-19 04:07:46,579 -     || KL: 0.1686
2023-12-19 04:07:46,579 -     || token_match: 0.961, exact_match: 0.585
2023-12-19 04:07:46,580 -     || unique taglist code: 1999
2023-12-19 04:07:46,584 -     || seen taglist code: 328
2023-12-19 04:07:46,706 -     || saved model
2023-12-19 04:07:46,708 - 
2023-12-19 04:07:46,708 - #epc: 21
2023-12-19 04:07:48,051 - epc:21, epc_KL:  1.000000
2023-12-19 04:18:12,513 - exact_match_tst_copy_acc: 0.621
2023-12-19 04:18:12,514 - exact_match_tst_reinflection_wlemma: 0.580
2023-12-19 04:18:12,515 - exact_match_tst_reinflection_wlemma_TAGFINDER1: 0.212
2023-12-19 04:18:12,515 - exact_match_tst_reinflection_wlemma_TAGFINDER1_or_2: 0.376
2023-12-19 04:18:12,965 - TRN || epcloss: 0.1492
2023-12-19 04:18:12,966 -     || Q: 2.5546
2023-12-19 04:18:12,967 -     || KL: 0.0946
2023-12-19 04:18:12,968 -     || token_match: 0.955, exact_match: 0.529
2023-12-19 04:18:12,968 -     || unique taglist code: 489353
2023-12-19 04:18:12,969 - DEV || epcloss: 0.1603
2023-12-19 04:18:12,970 -     || Q: 2.6742
2023-12-19 04:18:12,970 -     || KL: 0.1797
2023-12-19 04:18:12,971 -     || token_match: 0.950, exact_match: 0.496
2023-12-19 04:18:12,972 -     || unique taglist code: 1998
2023-12-19 04:18:12,977 -     || seen taglist code: 290
2023-12-19 04:18:12,978 -     || MOST used trncode: 489353
2023-12-19 04:18:13,088 -     || saved model
2023-12-19 04:18:13,090 - 
2023-12-19 04:18:13,091 - #epc: 22
2023-12-19 04:18:14,450 - epc:22, epc_KL:  1.000000
2023-12-19 04:28:40,436 - exact_match_tst_copy_acc: 0.632
2023-12-19 04:28:40,437 - exact_match_tst_reinflection_wlemma: 0.594
2023-12-19 04:28:40,438 - exact_match_tst_reinflection_wlemma_TAGFINDER1: 0.223
2023-12-19 04:28:40,439 - exact_match_tst_reinflection_wlemma_TAGFINDER1_or_2: 0.389
2023-12-19 04:28:40,869 - TRN || epcloss: 0.1605
2023-12-19 04:28:40,869 -     || Q: 2.5365
2023-12-19 04:28:40,870 -     || KL: 0.0977
2023-12-19 04:28:40,871 -     || token_match: 0.951, exact_match: 0.503
2023-12-19 04:28:40,871 -     || unique taglist code: 485069
2023-12-19 04:28:40,872 - DEV || epcloss: 0.1473
2023-12-19 04:28:40,873 -     || Q: 2.7343
2023-12-19 04:28:40,874 -     || KL: 0.1866
2023-12-19 04:28:40,874 -     || token_match: 0.955, exact_match: 0.533
2023-12-19 04:28:40,875 -     || unique taglist code: 1997
2023-12-19 04:28:40,877 -     || seen taglist code: 324
2023-12-19 04:28:40,974 -     || saved model
2023-12-19 04:28:40,975 - 
2023-12-19 04:28:40,976 - #epc: 23
2023-12-19 04:28:42,329 - epc:23, epc_KL:  1.000000
2023-12-19 04:39:10,620 - exact_match_tst_copy_acc: 0.637
2023-12-19 04:39:10,621 - exact_match_tst_reinflection_wlemma: 0.595
2023-12-19 04:39:10,622 - exact_match_tst_reinflection_wlemma_TAGFINDER1: 0.217
2023-12-19 04:39:10,622 - exact_match_tst_reinflection_wlemma_TAGFINDER1_or_2: 0.386
2023-12-19 04:39:11,064 - TRN || epcloss: 0.1820
2023-12-19 04:39:11,065 -     || Q: 2.7084
2023-12-19 04:39:11,066 -     || KL: 0.0982
2023-12-19 04:39:11,067 -     || token_match: 0.944, exact_match: 0.448
2023-12-19 04:39:11,067 -     || unique taglist code: 484659
2023-12-19 04:39:11,068 - DEV || epcloss: 0.1519
2023-12-19 04:39:11,069 -     || Q: 2.6577
2023-12-19 04:39:11,069 -     || KL: 0.1824
2023-12-19 04:39:11,070 -     || token_match: 0.953, exact_match: 0.509
2023-12-19 04:39:11,071 -     || unique taglist code: 1999
2023-12-19 04:39:11,074 -     || seen taglist code: 306
2023-12-19 04:39:11,189 -     || saved model
2023-12-19 04:39:11,191 - 
2023-12-19 04:39:11,191 - #epc: 24
2023-12-19 04:39:12,559 - epc:24, epc_KL:  1.000000
2023-12-19 04:49:42,745 - exact_match_tst_copy_acc: 0.002
2023-12-19 04:49:42,746 - exact_match_tst_reinflection_wlemma: 0.001
2023-12-19 04:49:42,747 - exact_match_tst_reinflection_wlemma_TAGFINDER1: 0.001
2023-12-19 04:49:42,748 - exact_match_tst_reinflection_wlemma_TAGFINDER1_or_2: 0.001
2023-12-19 04:49:43,033 - TRN || epcloss: 0.5791
2023-12-19 04:49:43,033 -     || Q: 3.1993
2023-12-19 04:49:43,034 -     || KL: 0.1814
2023-12-19 04:49:43,035 -     || token_match: 0.837, exact_match: 0.309
2023-12-19 04:49:43,036 -     || unique taglist code: 420199
2023-12-19 04:49:43,036 - DEV || epcloss: 1.1810
2023-12-19 04:49:43,037 -     || Q: 3.3543
2023-12-19 04:49:43,038 -     || KL: 0.5109
2023-12-19 04:49:43,039 -     || token_match: 0.646, exact_match: 0.001
2023-12-19 04:49:43,040 -     || unique taglist code: 1136
2023-12-19 04:49:43,043 -     || seen taglist code: 536
2023-12-19 04:49:43,141 -     || saved model
2023-12-19 04:49:43,143 - 
2023-12-19 04:49:43,144 - #epc: 25
2023-12-19 04:49:44,520 - epc:25, epc_KL:  1.000000
2023-12-19 05:00:05,214 - exact_match_tst_copy_acc: 0.149
2023-12-19 05:00:05,215 - exact_match_tst_reinflection_wlemma: 0.102
2023-12-19 05:00:05,215 - exact_match_tst_reinflection_wlemma_TAGFINDER1: 0.026
2023-12-19 05:00:05,216 - exact_match_tst_reinflection_wlemma_TAGFINDER1_or_2: 0.061
2023-12-19 05:00:05,658 - TRN || epcloss: 0.7825
2023-12-19 05:00:05,659 -     || Q: 3.5672
2023-12-19 05:00:05,660 -     || KL: 0.1386
2023-12-19 05:00:05,661 -     || token_match: 0.752, exact_match: 0.027
2023-12-19 05:00:05,661 -     || unique taglist code: 341781
2023-12-19 05:00:05,662 - DEV || epcloss: 0.4404
2023-12-19 05:00:05,663 -     || Q: 4.2580
2023-12-19 05:00:05,664 -     || KL: 0.1984
2023-12-19 05:00:05,665 -     || token_match: 0.856, exact_match: 0.114
2023-12-19 05:00:05,665 -     || unique taglist code: 1999
2023-12-19 05:00:05,671 -     || seen taglist code: 354
2023-12-19 05:00:05,779 -     || saved model
2023-12-19 05:00:05,782 - 
2023-12-19 05:00:05,782 - #epc: 26
2023-12-19 05:00:07,185 - epc:26, epc_KL:  1.000000
2023-12-19 05:10:30,370 - exact_match_tst_copy_acc: 0.582
2023-12-19 05:10:30,371 - exact_match_tst_reinflection_wlemma: 0.556
2023-12-19 05:10:30,372 - exact_match_tst_reinflection_wlemma_TAGFINDER1: 0.192
2023-12-19 05:10:30,372 - exact_match_tst_reinflection_wlemma_TAGFINDER1_or_2: 0.353
2023-12-19 05:10:30,835 - TRN || epcloss: 0.2905
2023-12-19 05:10:30,836 -     || Q: 3.5072
2023-12-19 05:10:30,836 -     || KL: 0.1021
2023-12-19 05:10:30,837 -     || token_match: 0.909, exact_match: 0.300
2023-12-19 05:10:30,838 -     || unique taglist code: 485189
2023-12-19 05:10:30,838 - DEV || epcloss: 0.2117
2023-12-19 05:10:30,839 -     || Q: 3.1142
2023-12-19 05:10:30,840 -     || KL: 0.1815
2023-12-19 05:10:30,841 -     || token_match: 0.935, exact_match: 0.441
2023-12-19 05:10:30,841 -     || unique taglist code: 1999
2023-12-19 05:10:30,845 -     || seen taglist code: 228
2023-12-19 05:10:30,956 -     || saved model
2023-12-19 05:10:30,958 - 
2023-12-19 05:10:30,959 - #epc: 27
2023-12-19 05:10:32,301 - epc:27, epc_KL:  1.000000
2023-12-19 05:20:55,538 - exact_match_tst_copy_acc: 0.643
2023-12-19 05:20:55,539 - exact_match_tst_reinflection_wlemma: 0.562
2023-12-19 05:20:55,539 - exact_match_tst_reinflection_wlemma_TAGFINDER1: 0.197
2023-12-19 05:20:55,540 - exact_match_tst_reinflection_wlemma_TAGFINDER1_or_2: 0.361
2023-12-19 05:20:56,008 - TRN || epcloss: 0.1803
2023-12-19 05:20:56,008 -     || Q: 2.8437
2023-12-19 05:20:56,009 -     || KL: 0.0949
2023-12-19 05:20:56,010 -     || token_match: 0.945, exact_match: 0.483
2023-12-19 05:20:56,011 -     || unique taglist code: 486888
2023-12-19 05:20:56,011 - DEV || epcloss: 0.1724
2023-12-19 05:20:56,012 -     || Q: 2.5165
2023-12-19 05:20:56,013 -     || KL: 0.1774
2023-12-19 05:20:56,013 -     || token_match: 0.947, exact_match: 0.503
2023-12-19 05:20:56,014 -     || unique taglist code: 1998
2023-12-19 05:20:56,019 -     || seen taglist code: 306
2023-12-19 05:20:56,142 -     || saved model
2023-12-19 05:20:56,144 - 
2023-12-19 05:20:56,145 - #epc: 28
2023-12-19 05:20:57,523 - epc:28, epc_KL:  1.000000
2023-12-19 05:31:24,475 - exact_match_tst_copy_acc: 0.611
2023-12-19 05:31:24,476 - exact_match_tst_reinflection_wlemma: 0.558
2023-12-19 05:31:24,476 - exact_match_tst_reinflection_wlemma_TAGFINDER1: 0.206
2023-12-19 05:31:24,477 - exact_match_tst_reinflection_wlemma_TAGFINDER1_or_2: 0.365
2023-12-19 05:31:24,968 - TRN || epcloss: 0.1746
2023-12-19 05:31:24,969 -     || Q: 2.7114
2023-12-19 05:31:24,970 -     || KL: 0.0951
2023-12-19 05:31:24,971 -     || token_match: 0.947, exact_match: 0.492
2023-12-19 05:31:24,971 -     || unique taglist code: 492385
2023-12-19 05:31:24,972 - DEV || epcloss: 0.1734
2023-12-19 05:31:24,973 -     || Q: 2.7326
2023-12-19 05:31:24,973 -     || KL: 0.1710
2023-12-19 05:31:24,974 -     || token_match: 0.946, exact_match: 0.483
2023-12-19 05:31:24,975 -     || unique taglist code: 2000
2023-12-19 05:31:24,980 -     || seen taglist code: 289
2023-12-19 05:31:24,981 -     || MOST used trncode: 492385
2023-12-19 05:31:25,092 -     || saved model
2023-12-19 05:31:25,094 - 
2023-12-19 05:31:25,095 - #epc: 29
2023-12-19 05:31:26,446 - epc:29, epc_KL:  1.000000
2023-12-19 05:42:00,656 - exact_match_tst_copy_acc: 0.583
2023-12-19 05:42:00,657 - exact_match_tst_reinflection_wlemma: 0.547
2023-12-19 05:42:00,658 - exact_match_tst_reinflection_wlemma_TAGFINDER1: 0.194
2023-12-19 05:42:00,658 - exact_match_tst_reinflection_wlemma_TAGFINDER1_or_2: 0.345
2023-12-19 05:42:01,183 - TRN || epcloss: 0.1823
2023-12-19 05:42:01,184 -     || Q: 2.7352
2023-12-19 05:42:01,185 -     || KL: 0.0947
2023-12-19 05:42:01,186 -     || token_match: 0.944, exact_match: 0.473
2023-12-19 05:42:01,187 -     || unique taglist code: 492151
2023-12-19 05:42:01,188 - DEV || epcloss: 0.1792
2023-12-19 05:42:01,188 -     || Q: 2.7675
2023-12-19 05:42:01,189 -     || KL: 0.1712
2023-12-19 05:42:01,190 -     || token_match: 0.945, exact_match: 0.480
2023-12-19 05:42:01,190 -     || unique taglist code: 1998
2023-12-19 05:42:01,196 -     || seen taglist code: 263
2023-12-19 05:42:01,325 -     || saved model
2023-12-19 05:42:01,328 - 
2023-12-19 05:42:01,329 - #epc: 30
2023-12-19 05:42:02,708 - epc:30, epc_KL:  1.000000
2023-12-19 05:52:43,287 - exact_match_tst_copy_acc: 0.369
2023-12-19 05:52:43,288 - exact_match_tst_reinflection_wlemma: 0.330
2023-12-19 05:52:43,289 - exact_match_tst_reinflection_wlemma_TAGFINDER1: 0.111
2023-12-19 05:52:43,290 - exact_match_tst_reinflection_wlemma_TAGFINDER1_or_2: 0.206
2023-12-19 05:52:43,746 - TRN || epcloss: 0.2286
2023-12-19 05:52:43,747 -     || Q: 3.0619
2023-12-19 05:52:43,748 -     || KL: 0.1024
2023-12-19 05:52:43,748 -     || token_match: 0.930, exact_match: 0.393
2023-12-19 05:52:43,749 -     || unique taglist code: 495768
2023-12-19 05:52:43,750 - DEV || epcloss: 0.2872
2023-12-19 05:52:43,751 -     || Q: 3.2903
2023-12-19 05:52:43,751 -     || KL: 0.1996
2023-12-19 05:52:43,752 -     || token_match: 0.913, exact_match: 0.294
2023-12-19 05:52:43,753 -     || unique taglist code: 1999
2023-12-19 05:52:43,758 -     || seen taglist code: 177
2023-12-19 05:52:43,759 -     || MOST used trncode: 495768
2023-12-19 05:52:43,865 -     || saved model
2023-12-19 05:52:43,867 - 
2023-12-19 05:52:43,868 - #epc: 31
2023-12-19 05:52:45,215 - epc:31, epc_KL:  1.000000
2023-12-19 06:04:32,930 - exact_match_tst_copy_acc: 0.001
2023-12-19 06:04:32,931 - exact_match_tst_reinflection_wlemma: 0.000
2023-12-19 06:04:32,931 - exact_match_tst_reinflection_wlemma_TAGFINDER1: 0.000
2023-12-19 06:04:32,932 - exact_match_tst_reinflection_wlemma_TAGFINDER1_or_2: 0.000
2023-12-19 06:04:33,530 - TRN || epcloss: 2.4351
2023-12-19 06:04:33,531 -     || Q: 7.7150
2023-12-19 06:04:33,532 -     || KL: 0.4881
2023-12-19 06:04:33,533 -     || token_match: 0.467, exact_match: 0.030
2023-12-19 06:04:33,533 -     || unique taglist code: 223615
2023-12-19 06:04:33,534 - DEV || epcloss: 1.5506
2023-12-19 06:04:33,535 -     || Q: 5.3902
2023-12-19 06:04:33,536 -     || KL: 0.2268
2023-12-19 06:04:33,537 -     || token_match: 0.532, exact_match: 0.000
2023-12-19 06:04:33,537 -     || unique taglist code: 1710
2023-12-19 06:04:33,542 -     || seen taglist code: 623
2023-12-19 06:04:33,638 -     || saved model
2023-12-19 06:04:33,640 - 
2023-12-19 06:04:33,642 - #epc: 32
2023-12-19 06:04:35,023 - epc:32, epc_KL:  1.000000
2023-12-19 06:15:15,866 - exact_match_tst_copy_acc: 0.052
2023-12-19 06:15:15,867 - exact_match_tst_reinflection_wlemma: 0.024
2023-12-19 06:15:15,868 - exact_match_tst_reinflection_wlemma_TAGFINDER1: 0.007
2023-12-19 06:15:15,869 - exact_match_tst_reinflection_wlemma_TAGFINDER1_or_2: 0.014
2023-12-19 06:15:16,171 - TRN || epcloss: 1.0637
2023-12-19 06:15:16,172 -     || Q: 4.1338
2023-12-19 06:15:16,173 -     || KL: 0.0951
2023-12-19 06:15:16,173 -     || token_match: 0.673, exact_match: 0.010
2023-12-19 06:15:16,174 -     || unique taglist code: 392787
2023-12-19 06:15:16,175 - DEV || epcloss: 0.6676
2023-12-19 06:15:16,175 -     || Q: 3.5984
2023-12-19 06:15:16,176 -     || KL: 0.1848
2023-12-19 06:15:16,176 -     || token_match: 0.787, exact_match: 0.040
2023-12-19 06:15:16,177 -     || unique taglist code: 1996
2023-12-19 06:15:16,181 -     || seen taglist code: 346
2023-12-19 06:15:16,286 -     || saved model
2023-12-19 06:15:16,298 - 
2023-12-19 06:15:16,298 - #epc: 33
2023-12-19 06:15:17,644 - epc:33, epc_KL:  1.000000
2023-12-19 06:26:02,849 - exact_match_tst_copy_acc: 0.320
2023-12-19 06:26:02,851 - exact_match_tst_reinflection_wlemma: 0.231
2023-12-19 06:26:02,851 - exact_match_tst_reinflection_wlemma_TAGFINDER1: 0.071
2023-12-19 06:26:02,852 - exact_match_tst_reinflection_wlemma_TAGFINDER1_or_2: 0.133
2023-12-19 06:26:03,225 - TRN || epcloss: 0.4754
2023-12-19 06:26:03,226 -     || Q: 3.8071
2023-12-19 06:26:03,227 -     || KL: 0.0969
2023-12-19 06:26:03,228 -     || token_match: 0.850, exact_match: 0.136
2023-12-19 06:26:03,228 -     || unique taglist code: 469069
2023-12-19 06:26:03,229 - DEV || epcloss: 0.3499
2023-12-19 06:26:03,230 -     || Q: 3.8762
2023-12-19 06:26:03,231 -     || KL: 0.1758
2023-12-19 06:26:03,231 -     || token_match: 0.890, exact_match: 0.256
2023-12-19 06:26:03,232 -     || unique taglist code: 1998
2023-12-19 06:26:03,238 -     || seen taglist code: 348
2023-12-19 06:26:03,348 -     || saved model
2023-12-19 06:26:03,350 - 
2023-12-19 06:26:03,351 - #epc: 34
2023-12-19 06:26:04,692 - epc:34, epc_KL:  1.000000
2023-12-19 06:36:49,457 - exact_match_tst_copy_acc: 0.452
2023-12-19 06:36:49,457 - exact_match_tst_reinflection_wlemma: 0.360
2023-12-19 06:36:49,458 - exact_match_tst_reinflection_wlemma_TAGFINDER1: 0.110
2023-12-19 06:36:49,459 - exact_match_tst_reinflection_wlemma_TAGFINDER1_or_2: 0.212
2023-12-19 06:36:49,864 - TRN || epcloss: 0.3099
2023-12-19 06:36:49,864 -     || Q: 3.6997
2023-12-19 06:36:49,865 -     || KL: 0.0977
2023-12-19 06:36:49,866 -     || token_match: 0.903, exact_match: 0.293
2023-12-19 06:36:49,867 -     || unique taglist code: 475006
2023-12-19 06:36:49,867 - DEV || epcloss: 0.2668
2023-12-19 06:36:49,868 -     || Q: 3.6371
2023-12-19 06:36:49,869 -     || KL: 0.1784
2023-12-19 06:36:49,870 -     || token_match: 0.919, exact_match: 0.373
2023-12-19 06:36:49,870 -     || unique taglist code: 1999
2023-12-19 06:36:49,875 -     || seen taglist code: 270
2023-12-19 06:36:50,004 -     || saved model
2023-12-19 06:36:50,006 - 
2023-12-19 06:36:50,007 - #epc: 35
2023-12-19 06:36:51,382 - epc:35, epc_KL:  1.000000
2023-12-19 06:47:35,231 - exact_match_tst_copy_acc: 0.523
2023-12-19 06:47:35,232 - exact_match_tst_reinflection_wlemma: 0.427
2023-12-19 06:47:35,233 - exact_match_tst_reinflection_wlemma_TAGFINDER1: 0.148
2023-12-19 06:47:35,234 - exact_match_tst_reinflection_wlemma_TAGFINDER1_or_2: 0.274
2023-12-19 06:47:35,556 - TRN || epcloss: 0.2414
2023-12-19 06:47:35,557 -     || Q: 3.3638
2023-12-19 06:47:35,558 -     || KL: 0.0960
2023-12-19 06:47:35,559 -     || token_match: 0.925, exact_match: 0.394
2023-12-19 06:47:35,560 -     || unique taglist code: 478585
2023-12-19 06:47:35,560 - DEV || epcloss: 0.2277
2023-12-19 06:47:35,561 -     || Q: 3.3975
2023-12-19 06:47:35,562 -     || KL: 0.1792
2023-12-19 06:47:35,563 -     || token_match: 0.929, exact_match: 0.428
2023-12-19 06:47:35,563 -     || unique taglist code: 1998
2023-12-19 06:47:35,569 -     || seen taglist code: 354
2023-12-19 06:47:35,762 -     || saved model
2023-12-19 06:47:35,766 - 
2023-12-19 06:47:35,767 - #epc: 36
2023-12-19 06:47:37,141 - epc:36, epc_KL:  1.000000
2023-12-19 06:58:22,108 - exact_match_tst_copy_acc: 0.568
2023-12-19 06:58:22,109 - exact_match_tst_reinflection_wlemma: 0.484
2023-12-19 06:58:22,110 - exact_match_tst_reinflection_wlemma_TAGFINDER1: 0.167
2023-12-19 06:58:22,110 - exact_match_tst_reinflection_wlemma_TAGFINDER1_or_2: 0.310
2023-12-19 06:58:22,438 - TRN || epcloss: 0.2152
2023-12-19 06:58:22,439 -     || Q: 3.1986
2023-12-19 06:58:22,440 -     || KL: 0.0954
2023-12-19 06:58:22,440 -     || token_match: 0.933, exact_match: 0.436
2023-12-19 06:58:22,441 -     || unique taglist code: 478161
2023-12-19 06:58:22,442 - DEV || epcloss: 0.2090
2023-12-19 06:58:22,442 -     || Q: 3.3837
2023-12-19 06:58:22,443 -     || KL: 0.1768
2023-12-19 06:58:22,444 -     || token_match: 0.936, exact_match: 0.460
2023-12-19 06:58:22,444 -     || unique taglist code: 1998
2023-12-19 06:58:22,448 -     || seen taglist code: 361
2023-12-19 06:58:22,549 -     || saved model
2023-12-19 06:58:22,551 - 
2023-12-19 06:58:22,551 - #epc: 37
2023-12-19 06:58:23,880 - epc:37, epc_KL:  1.000000
2023-12-19 07:09:05,134 - exact_match_tst_copy_acc: 0.581
2023-12-19 07:09:05,135 - exact_match_tst_reinflection_wlemma: 0.479
2023-12-19 07:09:05,135 - exact_match_tst_reinflection_wlemma_TAGFINDER1: 0.173
2023-12-19 07:09:05,136 - exact_match_tst_reinflection_wlemma_TAGFINDER1_or_2: 0.307
2023-12-19 07:09:05,482 - TRN || epcloss: 0.1891
2023-12-19 07:09:05,483 -     || Q: 3.0014
2023-12-19 07:09:05,484 -     || KL: 0.0922
2023-12-19 07:09:05,484 -     || token_match: 0.942, exact_match: 0.485
2023-12-19 07:09:05,485 -     || unique taglist code: 474409
2023-12-19 07:09:05,486 - DEV || epcloss: 0.2036
2023-12-19 07:09:05,487 -     || Q: 3.3364
2023-12-19 07:09:05,487 -     || KL: 0.1647
2023-12-19 07:09:05,488 -     || token_match: 0.939, exact_match: 0.471
2023-12-19 07:09:05,489 -     || unique taglist code: 1998
2023-12-19 07:09:05,494 -     || seen taglist code: 399
2023-12-19 07:09:05,615 -     || saved model
2023-12-19 07:09:05,617 - 
2023-12-19 07:09:05,617 - #epc: 38
2023-12-19 07:09:06,984 - epc:38, epc_KL:  1.000000
2023-12-19 07:19:45,263 - exact_match_tst_copy_acc: 0.647
2023-12-19 07:19:45,264 - exact_match_tst_reinflection_wlemma: 0.565
2023-12-19 07:19:45,264 - exact_match_tst_reinflection_wlemma_TAGFINDER1: 0.214
2023-12-19 07:19:45,265 - exact_match_tst_reinflection_wlemma_TAGFINDER1_or_2: 0.372
2023-12-19 07:19:45,619 - TRN || epcloss: 0.1678
2023-12-19 07:19:45,620 -     || Q: 2.9116
2023-12-19 07:19:45,620 -     || KL: 0.0883
2023-12-19 07:19:45,621 -     || token_match: 0.948, exact_match: 0.526
2023-12-19 07:19:45,622 -     || unique taglist code: 472329
2023-12-19 07:19:45,623 - DEV || epcloss: 0.1718
2023-12-19 07:19:45,623 -     || Q: 3.1970
2023-12-19 07:19:45,624 -     || KL: 0.1602
2023-12-19 07:19:45,625 -     || token_match: 0.947, exact_match: 0.525
2023-12-19 07:19:45,626 -     || unique taglist code: 1996
2023-12-19 07:19:45,630 -     || seen taglist code: 391
2023-12-19 07:19:45,756 -     || saved model
2023-12-19 07:19:45,757 - 
2023-12-19 07:19:45,758 - #epc: 39
2023-12-19 07:19:47,080 - epc:39, epc_KL:  1.000000
2023-12-19 07:30:08,842 - exact_match_tst_copy_acc: 0.684
2023-12-19 07:30:08,843 - exact_match_tst_reinflection_wlemma: 0.572
2023-12-19 07:30:08,844 - exact_match_tst_reinflection_wlemma_TAGFINDER1: 0.207
2023-12-19 07:30:08,845 - exact_match_tst_reinflection_wlemma_TAGFINDER1_or_2: 0.367
2023-12-19 07:30:09,231 - TRN || epcloss: 0.1600
2023-12-19 07:30:09,232 -     || Q: 2.8606
2023-12-19 07:30:09,233 -     || KL: 0.0873
2023-12-19 07:30:09,233 -     || token_match: 0.951, exact_match: 0.542
2023-12-19 07:30:09,234 -     || unique taglist code: 471140
2023-12-19 07:30:09,235 - DEV || epcloss: 0.1435
2023-12-19 07:30:09,236 -     || Q: 3.0482
2023-12-19 07:30:09,237 -     || KL: 0.1635
2023-12-19 07:30:09,238 -     || token_match: 0.956, exact_match: 0.591
2023-12-19 07:30:09,238 -     || unique taglist code: 1996
2023-12-19 07:30:09,244 -     || seen taglist code: 415
2023-12-19 07:30:09,386 -     || saved model
2023-12-19 07:30:09,388 - 
2023-12-19 07:30:09,389 - #epc: 40
2023-12-19 07:30:10,791 - epc:40, epc_KL:  1.000000
2023-12-19 07:40:35,652 - exact_match_tst_copy_acc: 0.602
2023-12-19 07:40:35,653 - exact_match_tst_reinflection_wlemma: 0.530
2023-12-19 07:40:35,654 - exact_match_tst_reinflection_wlemma_TAGFINDER1: 0.184
2023-12-19 07:40:35,655 - exact_match_tst_reinflection_wlemma_TAGFINDER1_or_2: 0.336
2023-12-19 07:40:35,959 - TRN || epcloss: 0.1513
2023-12-19 07:40:35,960 -     || Q: 2.8093
2023-12-19 07:40:35,961 -     || KL: 0.0856
2023-12-19 07:40:35,961 -     || token_match: 0.954, exact_match: 0.557
2023-12-19 07:40:35,962 -     || unique taglist code: 472567
2023-12-19 07:40:35,963 - DEV || epcloss: 0.1888
2023-12-19 07:40:35,964 -     || Q: 3.0254
2023-12-19 07:40:35,965 -     || KL: 0.1899
2023-12-19 07:40:35,966 -     || token_match: 0.944, exact_match: 0.506
2023-12-19 07:40:35,966 -     || unique taglist code: 1996
2023-12-19 07:40:35,971 -     || seen taglist code: 357
2023-12-19 07:40:36,068 -     || saved model
2023-12-19 07:40:36,071 - 
2023-12-19 07:40:36,072 - #epc: 41
2023-12-19 07:40:37,514 - epc:41, epc_KL:  1.000000
2023-12-19 07:51:02,952 - exact_match_tst_copy_acc: 0.690
2023-12-19 07:51:02,953 - exact_match_tst_reinflection_wlemma: 0.616
2023-12-19 07:51:02,954 - exact_match_tst_reinflection_wlemma_TAGFINDER1: 0.219
2023-12-19 07:51:02,954 - exact_match_tst_reinflection_wlemma_TAGFINDER1_or_2: 0.393
2023-12-19 07:51:03,265 - TRN || epcloss: 0.1532
2023-12-19 07:51:03,266 -     || Q: 2.7986
2023-12-19 07:51:03,267 -     || KL: 0.0858
2023-12-19 07:51:03,268 -     || token_match: 0.953, exact_match: 0.553
2023-12-19 07:51:03,268 -     || unique taglist code: 472166
2023-12-19 07:51:03,269 - DEV || epcloss: 0.1407
2023-12-19 07:51:03,270 -     || Q: 3.0045
2023-12-19 07:51:03,271 -     || KL: 0.1545
2023-12-19 07:51:03,271 -     || token_match: 0.956, exact_match: 0.577
2023-12-19 07:51:03,272 -     || unique taglist code: 1996
2023-12-19 07:51:03,277 -     || seen taglist code: 397
2023-12-19 07:51:03,363 -     || saved model
2023-12-19 07:51:03,366 - 
2023-12-19 07:51:03,366 - #epc: 42
2023-12-19 07:51:04,718 - epc:42, epc_KL:  1.000000
2023-12-19 08:01:33,230 - exact_match_tst_copy_acc: 0.672
2023-12-19 08:01:33,231 - exact_match_tst_reinflection_wlemma: 0.607
2023-12-19 08:01:33,232 - exact_match_tst_reinflection_wlemma_TAGFINDER1: 0.221
2023-12-19 08:01:33,233 - exact_match_tst_reinflection_wlemma_TAGFINDER1_or_2: 0.394
2023-12-19 08:01:33,700 - TRN || epcloss: 0.1453
2023-12-19 08:01:33,701 -     || Q: 2.7315
2023-12-19 08:01:33,702 -     || KL: 0.0821
2023-12-19 08:01:33,703 -     || token_match: 0.955, exact_match: 0.566
2023-12-19 08:01:33,704 -     || unique taglist code: 471647
2023-12-19 08:01:33,705 - DEV || epcloss: 0.1442
2023-12-19 08:01:33,705 -     || Q: 2.8315
2023-12-19 08:01:33,706 -     || KL: 0.1530
2023-12-19 08:01:33,707 -     || token_match: 0.955, exact_match: 0.576
2023-12-19 08:01:33,707 -     || unique taglist code: 1999
2023-12-19 08:01:33,713 -     || seen taglist code: 413
2023-12-19 08:01:33,807 -     || saved model
2023-12-19 08:01:33,809 - 
2023-12-19 08:01:33,810 - #epc: 43
2023-12-19 08:01:35,329 - epc:43, epc_KL:  1.000000
2023-12-19 08:12:10,334 - exact_match_tst_copy_acc: 0.713
2023-12-19 08:12:10,335 - exact_match_tst_reinflection_wlemma: 0.652
2023-12-19 08:12:10,335 - exact_match_tst_reinflection_wlemma_TAGFINDER1: 0.240
2023-12-19 08:12:10,336 - exact_match_tst_reinflection_wlemma_TAGFINDER1_or_2: 0.421
2023-12-19 08:12:10,816 - TRN || epcloss: 0.1357
2023-12-19 08:12:10,816 -     || Q: 2.6358
2023-12-19 08:12:10,817 -     || KL: 0.0801
2023-12-19 08:12:10,818 -     || token_match: 0.958, exact_match: 0.583
2023-12-19 08:12:10,819 -     || unique taglist code: 471519
2023-12-19 08:12:10,820 - DEV || epcloss: 0.1267
2023-12-19 08:12:10,820 -     || Q: 2.5482
2023-12-19 08:12:10,821 -     || KL: 0.1414
2023-12-19 08:12:10,822 -     || token_match: 0.961, exact_match: 0.614
2023-12-19 08:12:10,823 -     || unique taglist code: 1995
2023-12-19 08:12:10,828 -     || seen taglist code: 415
2023-12-19 08:12:10,900 -     || saved model
2023-12-19 08:12:10,902 - 
2023-12-19 08:12:10,903 - #epc: 44
2023-12-19 08:12:12,629 - epc:44, epc_KL:  1.000000
2023-12-19 08:22:51,923 - exact_match_tst_copy_acc: 0.666
2023-12-19 08:22:51,924 - exact_match_tst_reinflection_wlemma: 0.619
2023-12-19 08:22:51,925 - exact_match_tst_reinflection_wlemma_TAGFINDER1: 0.230
2023-12-19 08:22:51,925 - exact_match_tst_reinflection_wlemma_TAGFINDER1_or_2: 0.400
2023-12-19 08:22:52,346 - TRN || epcloss: 0.1409
2023-12-19 08:22:52,347 -     || Q: 2.7536
2023-12-19 08:22:52,348 -     || KL: 0.0800
2023-12-19 08:22:52,348 -     || token_match: 0.957, exact_match: 0.576
2023-12-19 08:22:52,349 -     || unique taglist code: 471357
2023-12-19 08:22:52,350 - DEV || epcloss: 0.1487
2023-12-19 08:22:52,351 -     || Q: 2.8369
2023-12-19 08:22:52,351 -     || KL: 0.1559
2023-12-19 08:22:52,352 -     || token_match: 0.954, exact_match: 0.567
2023-12-19 08:22:52,353 -     || unique taglist code: 1998
2023-12-19 08:22:52,359 -     || seen taglist code: 405
2023-12-19 08:22:52,445 -     || saved model
2023-12-19 08:22:52,447 - 
2023-12-19 08:22:52,447 - #epc: 45
2023-12-19 08:22:54,216 - epc:45, epc_KL:  1.000000
2023-12-19 08:33:42,456 - exact_match_tst_copy_acc: 0.702
2023-12-19 08:33:42,457 - exact_match_tst_reinflection_wlemma: 0.647
2023-12-19 08:33:42,480 - exact_match_tst_reinflection_wlemma_TAGFINDER1: 0.244
2023-12-19 08:33:42,480 - exact_match_tst_reinflection_wlemma_TAGFINDER1_or_2: 0.420
2023-12-19 08:33:42,869 - TRN || epcloss: 0.1365
2023-12-19 08:33:42,870 -     || Q: 2.7742
2023-12-19 08:33:42,871 -     || KL: 0.0787
2023-12-19 08:33:42,871 -     || token_match: 0.958, exact_match: 0.583
2023-12-19 08:33:42,896 -     || unique taglist code: 467562
2023-12-19 08:33:42,897 - DEV || epcloss: 0.1335
2023-12-19 08:33:42,898 -     || Q: 2.7641
2023-12-19 08:33:42,899 -     || KL: 0.1371
2023-12-19 08:33:42,900 -     || token_match: 0.959, exact_match: 0.586
2023-12-19 08:33:42,901 -     || unique taglist code: 1998
2023-12-19 08:33:42,907 -     || seen taglist code: 448
2023-12-19 08:33:43,056 -     || saved model
2023-12-19 08:33:43,059 - 
2023-12-19 08:33:43,059 - #epc: 46
2023-12-19 08:33:44,967 - epc:46, epc_KL:  1.000000
2023-12-19 08:44:04,290 - exact_match_tst_copy_acc: 0.663
2023-12-19 08:44:04,291 - exact_match_tst_reinflection_wlemma: 0.610
2023-12-19 08:44:04,291 - exact_match_tst_reinflection_wlemma_TAGFINDER1: 0.228
2023-12-19 08:44:04,292 - exact_match_tst_reinflection_wlemma_TAGFINDER1_or_2: 0.398
2023-12-19 08:44:04,646 - TRN || epcloss: 0.1318
2023-12-19 08:44:04,647 -     || Q: 2.7015
2023-12-19 08:44:04,648 -     || KL: 0.0775
2023-12-19 08:44:04,649 -     || token_match: 0.959, exact_match: 0.592
2023-12-19 08:44:04,650 -     || unique taglist code: 469443
2023-12-19 08:44:04,650 - DEV || epcloss: 0.1480
2023-12-19 08:44:04,651 -     || Q: 2.9764
2023-12-19 08:44:04,652 -     || KL: 0.1631
2023-12-19 08:44:04,653 -     || token_match: 0.954, exact_match: 0.551
2023-12-19 08:44:04,653 -     || unique taglist code: 1998
2023-12-19 08:44:04,659 -     || seen taglist code: 365
2023-12-19 08:44:04,785 -     || saved model
2023-12-19 08:44:04,787 - 
2023-12-19 08:44:04,788 - #epc: 47
2023-12-19 08:44:06,340 - epc:47, epc_KL:  1.000000
2023-12-19 08:54:32,096 - exact_match_tst_copy_acc: 0.710
2023-12-19 08:54:32,097 - exact_match_tst_reinflection_wlemma: 0.643
2023-12-19 08:54:32,098 - exact_match_tst_reinflection_wlemma_TAGFINDER1: 0.230
2023-12-19 08:54:32,099 - exact_match_tst_reinflection_wlemma_TAGFINDER1_or_2: 0.407
2023-12-19 08:54:32,428 - TRN || epcloss: 0.1252
2023-12-19 08:54:32,429 -     || Q: 2.5585
2023-12-19 08:54:32,430 -     || KL: 0.0751
2023-12-19 08:54:32,430 -     || token_match: 0.962, exact_match: 0.610
2023-12-19 08:54:32,431 -     || unique taglist code: 472029
2023-12-19 08:54:32,432 - DEV || epcloss: 0.1241
2023-12-19 08:54:32,433 -     || Q: 2.9920
2023-12-19 08:54:32,433 -     || KL: 0.1420
2023-12-19 08:54:32,434 -     || token_match: 0.960, exact_match: 0.613
2023-12-19 08:54:32,435 -     || unique taglist code: 1997
2023-12-19 08:54:32,441 -     || seen taglist code: 379
2023-12-19 08:54:32,543 -     || saved model
2023-12-19 08:54:32,545 - 
2023-12-19 08:54:32,546 - #epc: 48
2023-12-19 08:54:34,398 - epc:48, epc_KL:  1.000000
2023-12-19 09:05:08,262 - exact_match_tst_copy_acc: 0.733
2023-12-19 09:05:08,263 - exact_match_tst_reinflection_wlemma: 0.671
2023-12-19 09:05:08,264 - exact_match_tst_reinflection_wlemma_TAGFINDER1: 0.249
2023-12-19 09:05:08,265 - exact_match_tst_reinflection_wlemma_TAGFINDER1_or_2: 0.430
2023-12-19 09:05:08,609 - TRN || epcloss: 0.1246
2023-12-19 09:05:08,610 -     || Q: 2.5969
2023-12-19 09:05:08,611 -     || KL: 0.0751
2023-12-19 09:05:08,612 -     || token_match: 0.962, exact_match: 0.612
2023-12-19 09:05:08,612 -     || unique taglist code: 472103
2023-12-19 09:05:08,613 - DEV || epcloss: 0.1101
2023-12-19 09:05:08,614 -     || Q: 2.4481
2023-12-19 09:05:08,615 -     || KL: 0.1319
2023-12-19 09:05:08,616 -     || token_match: 0.965, exact_match: 0.636
2023-12-19 09:05:08,617 -     || unique taglist code: 1998
2023-12-19 09:05:08,622 -     || seen taglist code: 392
2023-12-19 09:05:08,741 -     || saved model
2023-12-19 09:05:08,744 - 
2023-12-19 09:05:08,745 - #epc: 49
2023-12-19 09:05:10,191 - epc:49, epc_KL:  1.000000
2023-12-19 09:15:52,833 - exact_match_tst_copy_acc: 0.441
2023-12-19 09:15:52,834 - exact_match_tst_reinflection_wlemma: 0.372
2023-12-19 09:15:52,835 - exact_match_tst_reinflection_wlemma_TAGFINDER1: 0.122
2023-12-19 09:15:52,836 - exact_match_tst_reinflection_wlemma_TAGFINDER1_or_2: 0.231
2023-12-19 09:15:53,194 - TRN || epcloss: 0.1914
2023-12-19 09:15:53,195 -     || Q: 2.6647
2023-12-19 09:15:53,196 -     || KL: 0.1179
2023-12-19 09:15:53,197 -     || token_match: 0.942, exact_match: 0.466
2023-12-19 09:15:53,198 -     || unique taglist code: 479191
2023-12-19 09:15:53,198 - DEV || epcloss: 0.2228
2023-12-19 09:15:53,199 -     || Q: 2.6921
2023-12-19 09:15:53,200 -     || KL: 0.2459
2023-12-19 09:15:53,201 -     || token_match: 0.930, exact_match: 0.383
2023-12-19 09:15:53,202 -     || unique taglist code: 1997
2023-12-19 09:15:53,207 -     || seen taglist code: 437
2023-12-19 09:15:53,349 -     || saved model
2023-12-19 09:15:53,353 - 
2023-12-19 09:15:53,354 - #epc: 50
2023-12-19 09:15:54,953 - epc:50, epc_KL:  1.000000
2023-12-19 09:26:30,942 - exact_match_tst_copy_acc: 0.689
2023-12-19 09:26:30,943 - exact_match_tst_reinflection_wlemma: 0.609
2023-12-19 09:26:30,943 - exact_match_tst_reinflection_wlemma_TAGFINDER1: 0.231
2023-12-19 09:26:30,944 - exact_match_tst_reinflection_wlemma_TAGFINDER1_or_2: 0.393
2023-12-19 09:26:31,350 - TRN || epcloss: 0.1715
2023-12-19 09:26:31,351 -     || Q: 2.7379
2023-12-19 09:26:31,352 -     || KL: 0.0869
2023-12-19 09:26:31,353 -     || token_match: 0.946, exact_match: 0.478
2023-12-19 09:26:31,353 -     || unique taglist code: 455692
2023-12-19 09:26:31,354 - DEV || epcloss: 0.1265
2023-12-19 09:26:31,355 -     || Q: 2.8026
2023-12-19 09:26:31,356 -     || KL: 0.1380
2023-12-19 09:26:31,357 -     || token_match: 0.960, exact_match: 0.601
2023-12-19 09:26:31,358 -     || unique taglist code: 1999
2023-12-19 09:26:31,363 -     || seen taglist code: 421
2023-12-19 09:26:31,513 -     || saved model
2023-12-19 09:26:31,516 - 
2023-12-19 09:26:31,516 - #epc: 51
2023-12-19 09:26:32,898 - epc:51, epc_KL:  1.000000
2023-12-19 09:37:11,776 - exact_match_tst_copy_acc: 0.619
2023-12-19 09:37:11,777 - exact_match_tst_reinflection_wlemma: 0.548
2023-12-19 09:37:11,778 - exact_match_tst_reinflection_wlemma_TAGFINDER1: 0.198
2023-12-19 09:37:11,779 - exact_match_tst_reinflection_wlemma_TAGFINDER1_or_2: 0.348
2023-12-19 09:37:12,112 - TRN || epcloss: 0.1276
2023-12-19 09:37:12,113 -     || Q: 2.6831
2023-12-19 09:37:12,114 -     || KL: 0.0747
2023-12-19 09:37:12,114 -     || token_match: 0.961, exact_match: 0.602
2023-12-19 09:37:12,115 -     || unique taglist code: 470580
2023-12-19 09:37:12,116 - DEV || epcloss: 0.1671
2023-12-19 09:37:12,117 -     || Q: 3.0421
2023-12-19 09:37:12,117 -     || KL: 0.1241
2023-12-19 09:37:12,118 -     || token_match: 0.953, exact_match: 0.505
2023-12-19 09:37:12,119 -     || unique taglist code: 2000
2023-12-19 09:37:12,124 -     || seen taglist code: 340
2023-12-19 09:37:12,239 -     || saved model
2023-12-19 09:37:12,242 - 
2023-12-19 09:37:12,242 - #epc: 52
2023-12-19 09:37:13,624 - epc:52, epc_KL:  1.000000
2023-12-19 09:47:50,965 - exact_match_tst_copy_acc: 0.653
2023-12-19 09:47:50,966 - exact_match_tst_reinflection_wlemma: 0.607
2023-12-19 09:47:50,967 - exact_match_tst_reinflection_wlemma_TAGFINDER1: 0.208
2023-12-19 09:47:50,968 - exact_match_tst_reinflection_wlemma_TAGFINDER1_or_2: 0.376
2023-12-19 09:47:51,300 - TRN || epcloss: 0.1302
2023-12-19 09:47:51,300 -     || Q: 2.7793
2023-12-19 09:47:51,301 -     || KL: 0.0733
2023-12-19 09:47:51,302 -     || token_match: 0.960, exact_match: 0.586
2023-12-19 09:47:51,303 -     || unique taglist code: 477721
2023-12-19 09:47:51,304 - DEV || epcloss: 0.1437
2023-12-19 09:47:51,305 -     || Q: 2.9531
2023-12-19 09:47:51,306 -     || KL: 0.1410
2023-12-19 09:47:51,306 -     || token_match: 0.956, exact_match: 0.566
2023-12-19 09:47:51,307 -     || unique taglist code: 1997
2023-12-19 09:47:51,312 -     || seen taglist code: 326
2023-12-19 09:47:51,413 -     || saved model
2023-12-19 09:47:51,415 - 
2023-12-19 09:47:51,416 - #epc: 53
2023-12-19 09:47:52,767 - epc:53, epc_KL:  1.000000
2023-12-19 09:58:27,958 - exact_match_tst_copy_acc: 0.729
2023-12-19 09:58:27,959 - exact_match_tst_reinflection_wlemma: 0.675
2023-12-19 09:58:27,960 - exact_match_tst_reinflection_wlemma_TAGFINDER1: 0.259
2023-12-19 09:58:27,960 - exact_match_tst_reinflection_wlemma_TAGFINDER1_or_2: 0.440
2023-12-19 09:58:28,314 - TRN || epcloss: 0.1238
2023-12-19 09:58:28,316 -     || Q: 2.6594
2023-12-19 09:58:28,316 -     || KL: 0.0720
2023-12-19 09:58:28,317 -     || token_match: 0.962, exact_match: 0.607
2023-12-19 09:58:28,318 -     || unique taglist code: 474542
2023-12-19 09:58:28,319 - DEV || epcloss: 0.1166
2023-12-19 09:58:28,319 -     || Q: 2.6806
2023-12-19 09:58:28,320 -     || KL: 0.1336
2023-12-19 09:58:28,321 -     || token_match: 0.963, exact_match: 0.621
2023-12-19 09:58:28,322 -     || unique taglist code: 1997
2023-12-19 09:58:28,327 -     || seen taglist code: 423
2023-12-19 09:58:28,442 -     || saved model
2023-12-19 09:58:28,444 - 
2023-12-19 09:58:28,445 - #epc: 54
2023-12-19 09:58:29,816 - epc:54, epc_KL:  1.000000
2023-12-19 10:09:02,901 - exact_match_tst_copy_acc: 0.723
2023-12-19 10:09:02,902 - exact_match_tst_reinflection_wlemma: 0.662
2023-12-19 10:09:02,903 - exact_match_tst_reinflection_wlemma_TAGFINDER1: 0.245
2023-12-19 10:09:02,903 - exact_match_tst_reinflection_wlemma_TAGFINDER1_or_2: 0.429
2023-12-19 10:09:03,307 - TRN || epcloss: 0.1224
2023-12-19 10:09:03,308 -     || Q: 2.6779
2023-12-19 10:09:03,309 -     || KL: 0.0709
2023-12-19 10:09:03,309 -     || token_match: 0.962, exact_match: 0.610
2023-12-19 10:09:03,310 -     || unique taglist code: 475005
2023-12-19 10:09:03,311 - DEV || epcloss: 0.1195
2023-12-19 10:09:03,312 -     || Q: 2.7048
2023-12-19 10:09:03,313 -     || KL: 0.1260
2023-12-19 10:09:03,313 -     || token_match: 0.962, exact_match: 0.626
2023-12-19 10:09:03,314 -     || unique taglist code: 1997
2023-12-19 10:09:03,320 -     || seen taglist code: 419
2023-12-19 10:09:03,459 -     || saved model
2023-12-19 10:09:03,463 - 
2023-12-19 10:09:03,464 - #epc: 55
2023-12-19 10:09:05,003 - epc:55, epc_KL:  1.000000
2023-12-19 10:19:39,691 - exact_match_tst_copy_acc: 0.720
2023-12-19 10:19:39,692 - exact_match_tst_reinflection_wlemma: 0.675
2023-12-19 10:19:39,692 - exact_match_tst_reinflection_wlemma_TAGFINDER1: 0.246
2023-12-19 10:19:39,693 - exact_match_tst_reinflection_wlemma_TAGFINDER1_or_2: 0.427
2023-12-19 10:19:40,113 - TRN || epcloss: 0.1244
2023-12-19 10:19:40,114 -     || Q: 2.6613
2023-12-19 10:19:40,115 -     || KL: 0.0709
2023-12-19 10:19:40,116 -     || token_match: 0.962, exact_match: 0.605
2023-12-19 10:19:40,117 -     || unique taglist code: 473824
2023-12-19 10:19:40,117 - DEV || epcloss: 0.1215
2023-12-19 10:19:40,118 -     || Q: 2.5866
2023-12-19 10:19:40,119 -     || KL: 0.1257
2023-12-19 10:19:40,120 -     || token_match: 0.963, exact_match: 0.612
2023-12-19 10:19:40,120 -     || unique taglist code: 1998
2023-12-19 10:19:40,125 -     || seen taglist code: 401
2023-12-19 10:19:40,234 -     || saved model
2023-12-19 10:19:40,236 - 
2023-12-19 10:19:40,237 - #epc: 56
2023-12-19 10:19:41,597 - epc:56, epc_KL:  1.000000
2023-12-19 10:30:23,204 - exact_match_tst_copy_acc: 0.674
2023-12-19 10:30:23,205 - exact_match_tst_reinflection_wlemma: 0.610
2023-12-19 10:30:23,206 - exact_match_tst_reinflection_wlemma_TAGFINDER1: 0.220
2023-12-19 10:30:23,207 - exact_match_tst_reinflection_wlemma_TAGFINDER1_or_2: 0.396
2023-12-19 10:30:23,547 - TRN || epcloss: 0.1188
2023-12-19 10:30:23,548 -     || Q: 2.5844
2023-12-19 10:30:23,549 -     || KL: 0.0698
2023-12-19 10:30:23,550 -     || token_match: 0.964, exact_match: 0.619
2023-12-19 10:30:23,550 -     || unique taglist code: 473378
2023-12-19 10:30:23,551 - DEV || epcloss: 0.1405
2023-12-19 10:30:23,552 -     || Q: 3.0215
2023-12-19 10:30:23,553 -     || KL: 0.1315
2023-12-19 10:30:23,553 -     || token_match: 0.957, exact_match: 0.561
2023-12-19 10:30:23,554 -     || unique taglist code: 1998
2023-12-19 10:30:23,560 -     || seen taglist code: 363
2023-12-19 10:30:23,673 -     || saved model
2023-12-19 10:30:23,675 - 
2023-12-19 10:30:23,675 - #epc: 57
2023-12-19 10:30:25,044 - epc:57, epc_KL:  1.000000
2023-12-19 10:40:56,828 - exact_match_tst_copy_acc: 0.713
2023-12-19 10:40:56,829 - exact_match_tst_reinflection_wlemma: 0.633
2023-12-19 10:40:56,830 - exact_match_tst_reinflection_wlemma_TAGFINDER1: 0.237
2023-12-19 10:40:56,830 - exact_match_tst_reinflection_wlemma_TAGFINDER1_or_2: 0.410
2023-12-19 10:40:57,258 - TRN || epcloss: 0.1248
2023-12-19 10:40:57,259 -     || Q: 2.7024
2023-12-19 10:40:57,260 -     || KL: 0.0705
2023-12-19 10:40:57,261 -     || token_match: 0.962, exact_match: 0.603
2023-12-19 10:40:57,261 -     || unique taglist code: 473138
2023-12-19 10:40:57,262 - DEV || epcloss: 0.1210
2023-12-19 10:40:57,263 -     || Q: 2.9470
2023-12-19 10:40:57,264 -     || KL: 0.1335
2023-12-19 10:40:57,264 -     || token_match: 0.962, exact_match: 0.619
2023-12-19 10:40:57,265 -     || unique taglist code: 1999
2023-12-19 10:40:57,271 -     || seen taglist code: 398
2023-12-19 10:40:57,407 -     || saved model
2023-12-19 10:40:57,409 - 
2023-12-19 10:40:57,410 - #epc: 58
2023-12-19 10:40:58,775 - epc:58, epc_KL:  1.000000
2023-12-19 10:51:38,212 - exact_match_tst_copy_acc: 0.691
2023-12-19 10:51:38,213 - exact_match_tst_reinflection_wlemma: 0.624
2023-12-19 10:51:38,214 - exact_match_tst_reinflection_wlemma_TAGFINDER1: 0.229
2023-12-19 10:51:38,215 - exact_match_tst_reinflection_wlemma_TAGFINDER1_or_2: 0.405
2023-12-19 10:51:38,542 - TRN || epcloss: 0.1461
2023-12-19 10:51:38,543 -     || Q: 2.8707
2023-12-19 10:51:38,543 -     || KL: 0.0741
2023-12-19 10:51:38,544 -     || token_match: 0.957, exact_match: 0.567
2023-12-19 10:51:38,545 -     || unique taglist code: 478463
2023-12-19 10:51:38,546 - DEV || epcloss: 0.1310
2023-12-19 10:51:38,546 -     || Q: 3.0781
2023-12-19 10:51:38,547 -     || KL: 0.1363
2023-12-19 10:51:38,548 -     || token_match: 0.959, exact_match: 0.598
2023-12-19 10:51:38,549 -     || unique taglist code: 1997
2023-12-19 10:51:38,553 -     || seen taglist code: 365
2023-12-19 10:51:38,654 -     || saved model
2023-12-19 10:51:38,656 - 
2023-12-19 10:51:38,657 - #epc: 59
2023-12-19 10:51:39,995 - epc:59, epc_KL:  1.000000
2023-12-19 11:02:14,512 - exact_match_tst_copy_acc: 0.704
2023-12-19 11:02:14,513 - exact_match_tst_reinflection_wlemma: 0.645
2023-12-19 11:02:14,513 - exact_match_tst_reinflection_wlemma_TAGFINDER1: 0.240
2023-12-19 11:02:14,514 - exact_match_tst_reinflection_wlemma_TAGFINDER1_or_2: 0.414
2023-12-19 11:02:14,908 - TRN || epcloss: 0.1209
2023-12-19 11:02:14,909 -     || Q: 2.7217
2023-12-19 11:02:14,922 -     || KL: 0.0690
2023-12-19 11:02:14,923 -     || token_match: 0.963, exact_match: 0.615
2023-12-19 11:02:14,924 -     || unique taglist code: 471905
2023-12-19 11:02:14,925 - DEV || epcloss: 0.1228
2023-12-19 11:02:14,925 -     || Q: 2.7260
2023-12-19 11:02:14,926 -     || KL: 0.1245
2023-12-19 11:02:14,927 -     || token_match: 0.962, exact_match: 0.607
2023-12-19 11:02:14,928 -     || unique taglist code: 1997
2023-12-19 11:02:14,933 -     || seen taglist code: 392
2023-12-19 11:02:15,062 -     || saved model
2023-12-19 11:02:15,064 - 
2023-12-19 11:02:15,065 - #epc: 60
2023-12-19 11:02:16,462 - epc:60, epc_KL:  1.000000
2023-12-19 11:12:52,798 - exact_match_tst_copy_acc: 0.741
2023-12-19 11:12:52,799 - exact_match_tst_reinflection_wlemma: 0.669
2023-12-19 11:12:52,800 - exact_match_tst_reinflection_wlemma_TAGFINDER1: 0.255
2023-12-19 11:12:52,801 - exact_match_tst_reinflection_wlemma_TAGFINDER1_or_2: 0.438
2023-12-19 11:12:53,158 - TRN || epcloss: 0.1162
2023-12-19 11:12:53,159 -     || Q: 2.6211
2023-12-19 11:12:53,160 -     || KL: 0.0676
2023-12-19 11:12:53,161 -     || token_match: 0.964, exact_match: 0.623
2023-12-19 11:12:53,162 -     || unique taglist code: 475301
2023-12-19 11:12:53,162 - DEV || epcloss: 0.1069
2023-12-19 11:12:53,163 -     || Q: 2.6500
2023-12-19 11:12:53,164 -     || KL: 0.1229
2023-12-19 11:12:53,165 -     || token_match: 0.967, exact_match: 0.647
2023-12-19 11:12:53,166 -     || unique taglist code: 1998
2023-12-19 11:12:53,170 -     || seen taglist code: 354
2023-12-19 11:12:53,302 -     || saved model
2023-12-19 11:12:53,304 - 
2023-12-19 11:12:53,305 - #epc: 61
2023-12-19 11:12:54,643 - epc:61, epc_KL:  1.000000
2023-12-19 11:23:29,483 - exact_match_tst_copy_acc: 0.718
2023-12-19 11:23:29,484 - exact_match_tst_reinflection_wlemma: 0.671
2023-12-19 11:23:29,485 - exact_match_tst_reinflection_wlemma_TAGFINDER1: 0.252
2023-12-19 11:23:29,486 - exact_match_tst_reinflection_wlemma_TAGFINDER1_or_2: 0.433
2023-12-19 11:23:29,858 - TRN || epcloss: 0.1082
2023-12-19 11:23:29,869 -     || Q: 2.5782
2023-12-19 11:23:29,870 -     || KL: 0.0661
2023-12-19 11:23:29,871 -     || token_match: 0.967, exact_match: 0.645
2023-12-19 11:23:29,871 -     || unique taglist code: 472703
2023-12-19 11:23:29,872 - DEV || epcloss: 0.1176
2023-12-19 11:23:29,873 -     || Q: 3.0438
2023-12-19 11:23:29,874 -     || KL: 0.1226
2023-12-19 11:23:29,875 -     || token_match: 0.966, exact_match: 0.627
2023-12-19 11:23:29,876 -     || unique taglist code: 1997
2023-12-19 11:23:29,881 -     || seen taglist code: 379
2023-12-19 11:23:30,055 -     || saved model
2023-12-19 11:23:30,057 - 
2023-12-19 11:23:30,058 - #epc: 62
2023-12-19 11:23:31,436 - epc:62, epc_KL:  1.000000
2023-12-19 11:34:08,455 - exact_match_tst_copy_acc: 0.732
2023-12-19 11:34:08,456 - exact_match_tst_reinflection_wlemma: 0.674
2023-12-19 11:34:08,456 - exact_match_tst_reinflection_wlemma_TAGFINDER1: 0.244
2023-12-19 11:34:08,457 - exact_match_tst_reinflection_wlemma_TAGFINDER1_or_2: 0.431
2023-12-19 11:34:08,819 - TRN || epcloss: 0.1111
2023-12-19 11:34:08,820 -     || Q: 2.5762
2023-12-19 11:34:08,820 -     || KL: 0.0657
2023-12-19 11:34:08,821 -     || token_match: 0.966, exact_match: 0.635
2023-12-19 11:34:08,822 -     || unique taglist code: 473019
2023-12-19 11:34:08,823 - DEV || epcloss: 0.1100
2023-12-19 11:34:08,823 -     || Q: 2.6604
2023-12-19 11:34:08,825 -     || KL: 0.1201
2023-12-19 11:34:08,825 -     || token_match: 0.966, exact_match: 0.640
2023-12-19 11:34:08,826 -     || unique taglist code: 1999
2023-12-19 11:34:08,831 -     || seen taglist code: 421
2023-12-19 11:34:08,969 -     || saved model
2023-12-19 11:34:08,971 - 
2023-12-19 11:34:08,972 - #epc: 63
2023-12-19 11:34:10,309 - epc:63, epc_KL:  1.000000
2023-12-19 11:44:46,899 - exact_match_tst_copy_acc: 0.644
2023-12-19 11:44:46,900 - exact_match_tst_reinflection_wlemma: 0.608
2023-12-19 11:44:46,901 - exact_match_tst_reinflection_wlemma_TAGFINDER1: 0.219
2023-12-19 11:44:46,901 - exact_match_tst_reinflection_wlemma_TAGFINDER1_or_2: 0.392
2023-12-19 11:44:47,267 - TRN || epcloss: 0.1175
2023-12-19 11:44:47,268 -     || Q: 2.6237
2023-12-19 11:44:47,269 -     || KL: 0.0659
2023-12-19 11:44:47,269 -     || token_match: 0.964, exact_match: 0.621
2023-12-19 11:44:47,270 -     || unique taglist code: 474799
2023-12-19 11:44:47,271 - DEV || epcloss: 0.1415
2023-12-19 11:44:47,272 -     || Q: 2.9565
2023-12-19 11:44:47,273 -     || KL: 0.1204
2023-12-19 11:44:47,274 -     || token_match: 0.957, exact_match: 0.556
2023-12-19 11:44:47,275 -     || unique taglist code: 1997
2023-12-19 11:44:47,279 -     || seen taglist code: 374
2023-12-19 11:44:47,409 -     || saved model
2023-12-19 11:44:47,412 - 
2023-12-19 11:44:47,412 - #epc: 64
2023-12-19 11:44:48,777 - epc:64, epc_KL:  1.000000
2023-12-19 11:55:28,410 - exact_match_tst_copy_acc: 0.685
2023-12-19 11:55:28,411 - exact_match_tst_reinflection_wlemma: 0.624
2023-12-19 11:55:28,411 - exact_match_tst_reinflection_wlemma_TAGFINDER1: 0.228
2023-12-19 11:55:28,412 - exact_match_tst_reinflection_wlemma_TAGFINDER1_or_2: 0.399
2023-12-19 11:55:28,773 - TRN || epcloss: 0.1122
2023-12-19 11:55:28,774 -     || Q: 2.6242
2023-12-19 11:55:28,775 -     || KL: 0.0636
2023-12-19 11:55:28,776 -     || token_match: 0.966, exact_match: 0.635
2023-12-19 11:55:28,776 -     || unique taglist code: 470924
2023-12-19 11:55:28,777 - DEV || epcloss: 0.1227
2023-12-19 11:55:28,778 -     || Q: 3.0985
2023-12-19 11:55:28,788 -     || KL: 0.1221
2023-12-19 11:55:28,789 -     || token_match: 0.962, exact_match: 0.599
2023-12-19 11:55:28,790 -     || unique taglist code: 1999
2023-12-19 11:55:28,795 -     || seen taglist code: 393
2023-12-19 11:55:28,913 -     || saved model
2023-12-19 11:55:28,928 - 
2023-12-19 11:55:28,929 - #epc: 65
2023-12-19 11:55:30,498 - epc:65, epc_KL:  1.000000
2023-12-19 12:06:05,289 - exact_match_tst_copy_acc: 0.693
2023-12-19 12:06:05,290 - exact_match_tst_reinflection_wlemma: 0.644
2023-12-19 12:06:05,291 - exact_match_tst_reinflection_wlemma_TAGFINDER1: 0.236
2023-12-19 12:06:05,291 - exact_match_tst_reinflection_wlemma_TAGFINDER1_or_2: 0.411
2023-12-19 12:06:05,626 - TRN || epcloss: 0.1177
2023-12-19 12:06:05,627 -     || Q: 2.6861
2023-12-19 12:06:05,628 -     || KL: 0.0656
2023-12-19 12:06:05,629 -     || token_match: 0.964, exact_match: 0.615
2023-12-19 12:06:05,630 -     || unique taglist code: 475262
2023-12-19 12:06:05,630 - DEV || epcloss: 0.1234
2023-12-19 12:06:05,631 -     || Q: 2.5378
2023-12-19 12:06:05,632 -     || KL: 0.1235
2023-12-19 12:06:05,633 -     || token_match: 0.964, exact_match: 0.606
2023-12-19 12:06:05,633 -     || unique taglist code: 1998
2023-12-19 12:06:05,639 -     || seen taglist code: 360
2023-12-19 12:06:05,763 -     || saved model
2023-12-19 12:06:05,765 - 
2023-12-19 12:06:05,766 - #epc: 66
2023-12-19 12:06:07,137 - epc:66, epc_KL:  1.000000
2023-12-19 12:16:45,454 - exact_match_tst_copy_acc: 0.722
2023-12-19 12:16:45,455 - exact_match_tst_reinflection_wlemma: 0.671
2023-12-19 12:16:45,456 - exact_match_tst_reinflection_wlemma_TAGFINDER1: 0.242
2023-12-19 12:16:45,456 - exact_match_tst_reinflection_wlemma_TAGFINDER1_or_2: 0.425
2023-12-19 12:16:45,763 - TRN || epcloss: 0.1176
2023-12-19 12:16:45,764 -     || Q: 2.5668
2023-12-19 12:16:45,765 -     || KL: 0.0654
2023-12-19 12:16:45,765 -     || token_match: 0.964, exact_match: 0.620
2023-12-19 12:16:45,766 -     || unique taglist code: 472801
2023-12-19 12:16:45,767 - DEV || epcloss: 0.1144
2023-12-19 12:16:45,767 -     || Q: 2.6308
2023-12-19 12:16:45,768 -     || KL: 0.1187
2023-12-19 12:16:45,769 -     || token_match: 0.965, exact_match: 0.641
2023-12-19 12:16:45,769 -     || unique taglist code: 1998
2023-12-19 12:16:45,773 -     || seen taglist code: 406
2023-12-19 12:16:45,840 -     || saved model
2023-12-19 12:16:45,841 - 
2023-12-19 12:16:45,842 - #epc: 67
2023-12-19 12:16:47,172 - epc:67, epc_KL:  1.000000
2023-12-19 12:27:28,721 - exact_match_tst_copy_acc: 0.392
2023-12-19 12:27:28,721 - exact_match_tst_reinflection_wlemma: 0.344
2023-12-19 12:27:28,722 - exact_match_tst_reinflection_wlemma_TAGFINDER1: 0.120
2023-12-19 12:27:28,723 - exact_match_tst_reinflection_wlemma_TAGFINDER1_or_2: 0.213
2023-12-19 12:27:29,032 - TRN || epcloss: 0.1147
2023-12-19 12:27:29,033 -     || Q: 2.4767
2023-12-19 12:27:29,034 -     || KL: 0.0648
2023-12-19 12:27:29,035 -     || token_match: 0.965, exact_match: 0.631
2023-12-19 12:27:29,035 -     || unique taglist code: 471691
2023-12-19 12:27:29,036 - DEV || epcloss: 0.2364
2023-12-19 12:27:29,036 -     || Q: 2.3313
2023-12-19 12:27:29,037 -     || KL: 0.2082
2023-12-19 12:27:29,038 -     || token_match: 0.932, exact_match: 0.349
2023-12-19 12:27:29,039 -     || unique taglist code: 1997
2023-12-19 12:27:29,042 -     || seen taglist code: 287
2023-12-19 12:27:29,116 -     || saved model
2023-12-19 12:27:29,118 - 
2023-12-19 12:27:29,119 - #epc: 68
2023-12-19 12:27:30,701 - epc:68, epc_KL:  1.000000
2023-12-19 12:38:13,139 - exact_match_tst_copy_acc: 0.708
2023-12-19 12:38:13,140 - exact_match_tst_reinflection_wlemma: 0.651
2023-12-19 12:38:13,141 - exact_match_tst_reinflection_wlemma_TAGFINDER1: 0.238
2023-12-19 12:38:13,141 - exact_match_tst_reinflection_wlemma_TAGFINDER1_or_2: 0.421
2023-12-19 12:38:13,486 - TRN || epcloss: 0.1237
2023-12-19 12:38:13,487 -     || Q: 2.6752
2023-12-19 12:38:13,488 -     || KL: 0.0666
2023-12-19 12:38:13,488 -     || token_match: 0.962, exact_match: 0.601
2023-12-19 12:38:13,489 -     || unique taglist code: 472119
2023-12-19 12:38:13,490 - DEV || epcloss: 0.1150
2023-12-19 12:38:13,491 -     || Q: 2.8474
2023-12-19 12:38:13,491 -     || KL: 0.1241
2023-12-19 12:38:13,492 -     || token_match: 0.964, exact_match: 0.631
2023-12-19 12:38:13,493 -     || unique taglist code: 1999
2023-12-19 12:38:13,497 -     || seen taglist code: 388
2023-12-19 12:38:13,620 -     || saved model
2023-12-19 12:38:13,623 - 
2023-12-19 12:38:13,632 - #epc: 69
2023-12-19 12:38:15,150 - epc:69, epc_KL:  1.000000
2023-12-19 12:48:55,466 - exact_match_tst_copy_acc: 0.639
2023-12-19 12:48:55,467 - exact_match_tst_reinflection_wlemma: 0.594
2023-12-19 12:48:55,468 - exact_match_tst_reinflection_wlemma_TAGFINDER1: 0.210
2023-12-19 12:48:55,469 - exact_match_tst_reinflection_wlemma_TAGFINDER1_or_2: 0.376
2023-12-19 12:48:55,815 - TRN || epcloss: 0.1274
2023-12-19 12:48:55,816 -     || Q: 2.6373
2023-12-19 12:48:55,817 -     || KL: 0.0658
2023-12-19 12:48:55,817 -     || token_match: 0.962, exact_match: 0.599
2023-12-19 12:48:55,818 -     || unique taglist code: 470571
2023-12-19 12:48:55,819 - DEV || epcloss: 0.1358
2023-12-19 12:48:55,819 -     || Q: 2.6342
2023-12-19 12:48:55,820 -     || KL: 0.1203
2023-12-19 12:48:55,821 -     || token_match: 0.958, exact_match: 0.561
2023-12-19 12:48:55,822 -     || unique taglist code: 1999
2023-12-19 12:48:55,827 -     || seen taglist code: 420
2023-12-19 12:48:55,913 -     || saved model
2023-12-19 12:48:55,915 - 
2023-12-19 12:48:55,916 - #epc: 70
2023-12-19 12:48:57,279 - epc:70, epc_KL:  1.000000
2023-12-19 12:59:35,337 - exact_match_tst_copy_acc: 0.722
2023-12-19 12:59:35,337 - exact_match_tst_reinflection_wlemma: 0.676
2023-12-19 12:59:35,338 - exact_match_tst_reinflection_wlemma_TAGFINDER1: 0.253
2023-12-19 12:59:35,339 - exact_match_tst_reinflection_wlemma_TAGFINDER1_or_2: 0.439
2023-12-19 12:59:35,708 - TRN || epcloss: 0.1296
2023-12-19 12:59:35,709 -     || Q: 2.6940
2023-12-19 12:59:35,710 -     || KL: 0.0675
2023-12-19 12:59:35,711 -     || token_match: 0.960, exact_match: 0.589
2023-12-19 12:59:35,711 -     || unique taglist code: 472655
2023-12-19 12:59:35,712 - DEV || epcloss: 0.1053
2023-12-19 12:59:35,713 -     || Q: 2.8294
2023-12-19 12:59:35,714 -     || KL: 0.1175
2023-12-19 12:59:35,714 -     || token_match: 0.967, exact_match: 0.648
2023-12-19 12:59:35,715 -     || unique taglist code: 1998
2023-12-19 12:59:35,721 -     || seen taglist code: 440
2023-12-19 12:59:35,839 -     || saved model
2023-12-19 12:59:35,841 - 
2023-12-19 12:59:35,841 - #epc: 71
2023-12-19 12:59:37,199 - epc:71, epc_KL:  1.000000
2023-12-19 13:10:15,002 - exact_match_tst_copy_acc: 0.752
2023-12-19 13:10:15,003 - exact_match_tst_reinflection_wlemma: 0.697
2023-12-19 13:10:15,004 - exact_match_tst_reinflection_wlemma_TAGFINDER1: 0.263
2023-12-19 13:10:15,005 - exact_match_tst_reinflection_wlemma_TAGFINDER1_or_2: 0.453
2023-12-19 13:10:15,330 - TRN || epcloss: 0.1117
2023-12-19 13:10:15,331 -     || Q: 2.6346
2023-12-19 13:10:15,332 -     || KL: 0.0637
2023-12-19 13:10:15,333 -     || token_match: 0.966, exact_match: 0.633
2023-12-19 13:10:15,333 -     || unique taglist code: 469595
2023-12-19 13:10:15,334 - DEV || epcloss: 0.0969
2023-12-19 13:10:15,335 -     || Q: 2.7751
2023-12-19 13:10:15,335 -     || KL: 0.1078
2023-12-19 13:10:15,336 -     || token_match: 0.970, exact_match: 0.674
2023-12-19 13:10:15,337 -     || unique taglist code: 1998
2023-12-19 13:10:15,341 -     || seen taglist code: 426
2023-12-19 13:10:15,472 -     || saved model
2023-12-19 13:10:15,474 - 
2023-12-19 13:10:15,475 - #epc: 72
2023-12-19 13:10:16,831 - epc:72, epc_KL:  1.000000
2023-12-19 13:20:58,483 - exact_match_tst_copy_acc: 0.700
2023-12-19 13:20:58,484 - exact_match_tst_reinflection_wlemma: 0.663
2023-12-19 13:20:58,485 - exact_match_tst_reinflection_wlemma_TAGFINDER1: 0.245
2023-12-19 13:20:58,485 - exact_match_tst_reinflection_wlemma_TAGFINDER1_or_2: 0.426
2023-12-19 13:20:59,951 - TRN || epcloss: 0.1078
2023-12-19 13:20:59,952 -     || Q: 2.5683
2023-12-19 13:20:59,952 -     || KL: 0.0622
2023-12-19 13:20:59,953 -     || token_match: 0.967, exact_match: 0.646
2023-12-19 13:20:59,954 -     || unique taglist code: 471910
2023-12-19 13:20:59,955 - DEV || epcloss: 0.1163
2023-12-19 13:20:59,956 -     || Q: 2.5629
2023-12-19 13:20:59,957 -     || KL: 0.1024
2023-12-19 13:20:59,958 -     || token_match: 0.964, exact_match: 0.607
2023-12-19 13:20:59,958 -     || unique taglist code: 1998
2023-12-19 13:20:59,965 -     || seen taglist code: 402
2023-12-19 13:21:00,047 -     || saved model
2023-12-19 13:21:00,050 - 
2023-12-19 13:21:00,050 - #epc: 73
2023-12-19 13:21:01,526 - epc:73, epc_KL:  1.000000
2023-12-19 13:31:41,588 - exact_match_tst_copy_acc: 0.707
2023-12-19 13:31:41,589 - exact_match_tst_reinflection_wlemma: 0.654
2023-12-19 13:31:41,590 - exact_match_tst_reinflection_wlemma_TAGFINDER1: 0.236
2023-12-19 13:31:41,590 - exact_match_tst_reinflection_wlemma_TAGFINDER1_or_2: 0.415
2023-12-19 13:31:41,913 - TRN || epcloss: 0.1185
2023-12-19 13:31:41,914 -     || Q: 2.6104
2023-12-19 13:31:41,915 -     || KL: 0.0655
2023-12-19 13:31:41,915 -     || token_match: 0.964, exact_match: 0.619
2023-12-19 13:31:41,916 -     || unique taglist code: 474502
2023-12-19 13:31:41,917 - DEV || epcloss: 0.1130
2023-12-19 13:31:41,918 -     || Q: 2.8632
2023-12-19 13:31:41,918 -     || KL: 0.1216
2023-12-19 13:31:41,919 -     || token_match: 0.965, exact_match: 0.632
2023-12-19 13:31:41,920 -     || unique taglist code: 1997
2023-12-19 13:31:41,923 -     || seen taglist code: 414
2023-12-19 13:31:42,011 -     || saved model
2023-12-19 13:31:42,012 - 
2023-12-19 13:31:42,013 - #epc: 74
2023-12-19 13:31:43,376 - epc:74, epc_KL:  1.000000
2023-12-19 13:42:07,533 - exact_match_tst_copy_acc: 0.726
2023-12-19 13:42:07,534 - exact_match_tst_reinflection_wlemma: 0.666
2023-12-19 13:42:07,535 - exact_match_tst_reinflection_wlemma_TAGFINDER1: 0.245
2023-12-19 13:42:07,536 - exact_match_tst_reinflection_wlemma_TAGFINDER1_or_2: 0.432
2023-12-19 13:42:07,881 - TRN || epcloss: 0.1162
2023-12-19 13:42:07,882 -     || Q: 2.6836
2023-12-19 13:42:07,883 -     || KL: 0.0652
2023-12-19 13:42:07,884 -     || token_match: 0.965, exact_match: 0.624
2023-12-19 13:42:07,884 -     || unique taglist code: 469682
2023-12-19 13:42:07,885 - DEV || epcloss: 0.1060
2023-12-19 13:42:07,886 -     || Q: 2.5111
2023-12-19 13:42:07,887 -     || KL: 0.1108
2023-12-19 13:42:07,887 -     || token_match: 0.967, exact_match: 0.637
2023-12-19 13:42:07,888 -     || unique taglist code: 1998
2023-12-19 13:42:07,892 -     || seen taglist code: 424
2023-12-19 13:42:08,004 -     || saved model
2023-12-19 13:42:08,006 - Training is over, saved model with best dev exact match: 0.980 (epc 2)
2023-12-19 13:42:08,007 - Training is over, most used trncode at 30, most used devcode at 18 
