2023-12-22 00:33:59,637 - trnsize: 404897
2023-12-22 00:33:59,641 - devsize: 1446
2023-12-22 00:33:59,642 - tstsize: 1446
2023-12-22 00:34:00,253 - Trn unique tgts: 404896
2023-12-22 00:34:00,254 - Trn unique lemmas: 588
2023-12-22 00:34:00,255 - Trn unique taglists: 703
2023-12-22 00:34:00,256 - Dev unique tgts: 1446
2023-12-22 00:34:00,257 - Dev unique lemmas: 536
2023-12-22 00:34:00,257 - Dev unique taglists: 616
2023-12-22 00:34:00,258 - Tst unique tgts: 1446
2023-12-22 00:34:00,259 - Tst unique lemmas: 536
2023-12-22 00:34:00,260 - Tst unique taglists: 616
2023-12-22 00:34:00,261 - seen_dev_tgt: 1
2023-12-22 00:34:00,261 - seen_dev_lemma: 1446
2023-12-22 00:34:00,262 - seen_dev_taglist: 1446
2023-12-22 00:34:00,263 - seen_tst_tgt: 1
2023-12-22 00:34:00,264 - seen_tst_lemma: 1446
2023-12-22 00:34:00,265 - seen_tst_taglist: 1446
2023-12-22 00:34:25,154 - trnID: run1_12x8_zLEM100_zTAG128_decnh1024_kl0.5_epc10_strt5_decdo0.2_inpemb128_bsize64
2023-12-22 00:34:25,155 - batchsize: 64
2023-12-22 00:34:25,156 - epochs: 50
2023-12-22 00:34:25,157 - lr: 0.00050
2023-12-22 00:34:25,158 - KL_WEIGHT: 0.50000
2023-12-22 00:34:25,159 - opt: Adam (
Parameter Group 0
    amsgrad: False
    betas: (0.5, 0.999)
    capturable: False
    eps: 1e-08
    foreach: None
    lr: 0.0005
    maximize: False
    weight_decay: 0
)
2023-12-22 00:34:25,159 - VQVAE(
  (encoder): Encoder_GRU_VQVAE(
    (layers): ModuleList(
      (0): Embedding(39, 128)
      (1): Dropout(p=0.0, inplace=False)
      (2): GRU(128, 256, batch_first=True, bidirectional=True)
    )
  )
  (z_linears): ModuleList(
    (0): Linear(in_features=256, out_features=128, bias=True)
    (1): Linear(in_features=256, out_features=128, bias=True)
    (2): Linear(in_features=256, out_features=128, bias=True)
    (3): Linear(in_features=256, out_features=128, bias=True)
    (4): Linear(in_features=256, out_features=128, bias=True)
    (5): Linear(in_features=256, out_features=128, bias=True)
    (6): Linear(in_features=256, out_features=128, bias=True)
    (7): Linear(in_features=256, out_features=128, bias=True)
    (8): Linear(in_features=256, out_features=128, bias=True)
    (9): Linear(in_features=256, out_features=128, bias=True)
    (10): Linear(in_features=256, out_features=128, bias=True)
    (11): Linear(in_features=256, out_features=128, bias=True)
  )
  (quantizers): ModuleList(
    (0): Quantizer(
      (embeddings): Embedding(8, 128)
    )
    (1): Quantizer(
      (embeddings): Embedding(8, 128)
    )
    (2): Quantizer(
      (embeddings): Embedding(8, 128)
    )
    (3): Quantizer(
      (embeddings): Embedding(8, 128)
    )
    (4): Quantizer(
      (embeddings): Embedding(8, 128)
    )
    (5): Quantizer(
      (embeddings): Embedding(8, 128)
    )
    (6): Quantizer(
      (embeddings): Embedding(8, 128)
    )
    (7): Quantizer(
      (embeddings): Embedding(8, 128)
    )
    (8): Quantizer(
      (embeddings): Embedding(8, 128)
    )
    (9): Quantizer(
      (embeddings): Embedding(8, 128)
    )
    (10): Quantizer(
      (embeddings): Embedding(8, 128)
    )
    (11): Quantizer(
      (embeddings): Embedding(8, 128)
    )
  )
  (z_lemma_mu): Linear(in_features=256, out_features=100, bias=True)
  (z_lemma_logvar): Linear(in_features=256, out_features=100, bias=True)
  (up_from_z_layer): Linear(in_features=228, out_features=1024, bias=True)
  (decoder): Decoder_GRU_VQVAE(
    (layers): ModuleList(
      (0): Embedding(39, 128)
      (1): Dropout(p=0.2, inplace=False)
      (2): GRU(356, 1024, batch_first=True)
      (3): Linear(in_features=1024, out_features=39, bias=True)
    )
    (loss): CrossEntropyLoss()
  )
)
2023-12-22 00:34:25,294 - trnsize: 404897
2023-12-22 00:34:25,295 - devsize: 1446
2023-12-22 00:34:25,295 - tstsize: 1446
2023-12-22 00:34:25,296 - 
2023-12-22 00:34:25,297 - #epc: 0
2023-12-22 00:34:25,300 - epc:0, epc_KL:  0.000000
2023-12-22 00:43:10,030 - exact_match_tst_copy_acc: 0.997
2023-12-22 00:43:10,031 - exact_match_tst_reinflection_wlemma: 0.118
2023-12-22 00:43:10,031 - exact_match_tst_reinflection_wlemma_TAGFINDER1: 0.113
2023-12-22 00:43:10,032 - exact_match_tst_reinflection_wlemma_TAGFINDER1_or_2: 0.120
2023-12-22 00:43:10,408 - TRN || epcloss: 0.0698
2023-12-22 00:43:10,409 -     || Q: 0.0795
2023-12-22 00:43:10,409 -     || KL: 5.3500
2023-12-22 00:43:10,410 -     || token_match: 0.000, exact_match: 0.000
2023-12-22 00:43:10,411 -     || unique taglist code: 56407
2023-12-22 00:43:10,412 - DEV || epcloss: 0.0010
2023-12-22 00:43:10,412 -     || Q: 0.0113
2023-12-22 00:43:10,413 -     || KL: 12.7687
2023-12-22 00:43:10,414 -     || token_match: 0.000, exact_match: 0.000
2023-12-22 00:43:10,415 -     || unique taglist code: 697
2023-12-22 00:43:10,417 -     || seen taglist code: 600
2023-12-22 00:43:10,417 -     || MOST used trncode: 56407
2023-12-22 00:43:10,418 -     || MOST used devcode: 697
2023-12-22 00:43:10,504 -     || saved model
2023-12-22 00:43:10,507 - 
2023-12-22 00:43:10,508 - #epc: 1
2023-12-22 00:43:12,199 - epc:1, epc_KL:  0.000000
2023-12-22 00:52:18,581 - exact_match_tst_copy_acc: 0.979
2023-12-22 00:52:18,582 - exact_match_tst_reinflection_wlemma: 0.091
2023-12-22 00:52:18,583 - exact_match_tst_reinflection_wlemma_TAGFINDER1: 0.089
2023-12-22 00:52:18,583 - exact_match_tst_reinflection_wlemma_TAGFINDER1_or_2: 0.094
2023-12-22 00:52:19,092 - TRN || epcloss: 0.0047
2023-12-22 00:52:19,093 -     || Q: 0.0091
2023-12-22 00:52:19,093 -     || KL: 6.2529
2023-12-22 00:52:19,094 -     || token_match: 0.000, exact_match: 0.000
2023-12-22 00:52:19,095 -     || unique taglist code: 48800
2023-12-22 00:52:19,096 - DEV || epcloss: 0.0047
2023-12-22 00:52:19,097 -     || Q: 0.0084
2023-12-22 00:52:19,097 -     || KL: 13.8736
2023-12-22 00:52:19,098 -     || token_match: 0.000, exact_match: 0.000
2023-12-22 00:52:19,099 -     || unique taglist code: 761
2023-12-22 00:52:19,101 -     || seen taglist code: 482
2023-12-22 00:52:19,102 -     || MOST used devcode: 761
2023-12-22 00:52:19,153 -     || saved model
2023-12-22 00:52:19,156 - 
2023-12-22 00:52:19,156 - #epc: 2
2023-12-22 00:52:20,482 - epc:2, epc_KL:  0.000000
2023-12-22 01:01:19,799 - exact_match_tst_copy_acc: 0.999
2023-12-22 01:01:19,800 - exact_match_tst_reinflection_wlemma: 0.093
2023-12-22 01:01:19,801 - exact_match_tst_reinflection_wlemma_TAGFINDER1: 0.088
2023-12-22 01:01:19,801 - exact_match_tst_reinflection_wlemma_TAGFINDER1_or_2: 0.095
2023-12-22 01:01:20,296 - TRN || epcloss: 0.0039
2023-12-22 01:01:20,297 -     || Q: 0.0071
2023-12-22 01:01:20,297 -     || KL: 6.4997
2023-12-22 01:01:20,299 -     || token_match: 0.000, exact_match: 0.000
2023-12-22 01:01:20,299 -     || unique taglist code: 66102
2023-12-22 01:01:20,300 - DEV || epcloss: 0.0005
2023-12-22 01:01:20,301 -     || Q: 0.0025
2023-12-22 01:01:20,302 -     || KL: 14.4652
2023-12-22 01:01:20,302 -     || token_match: 0.000, exact_match: 0.000
2023-12-22 01:01:20,303 -     || unique taglist code: 775
2023-12-22 01:01:20,306 -     || seen taglist code: 670
2023-12-22 01:01:20,307 -     || MOST used trncode: 66102
2023-12-22 01:01:20,307 -     || MOST used devcode: 775
2023-12-22 01:01:20,351 -     || saved model
2023-12-22 01:01:20,354 - 
2023-12-22 01:01:20,354 - #epc: 3
2023-12-22 01:01:21,940 - epc:3, epc_KL:  0.000000
2023-12-22 01:10:17,232 - exact_match_tst_copy_acc: 0.993
2023-12-22 01:10:17,233 - exact_match_tst_reinflection_wlemma: 0.102
2023-12-22 01:10:17,234 - exact_match_tst_reinflection_wlemma_TAGFINDER1: 0.100
2023-12-22 01:10:17,234 - exact_match_tst_reinflection_wlemma_TAGFINDER1_or_2: 0.108
2023-12-22 01:10:17,600 - TRN || epcloss: 0.0026
2023-12-22 01:10:17,601 -     || Q: 0.0055
2023-12-22 01:10:17,602 -     || KL: 6.9903
2023-12-22 01:10:17,603 -     || token_match: 0.000, exact_match: 0.000
2023-12-22 01:10:17,604 -     || unique taglist code: 82414
2023-12-22 01:10:17,605 - DEV || epcloss: 0.0011
2023-12-22 01:10:17,605 -     || Q: 0.0081
2023-12-22 01:10:17,606 -     || KL: 14.9203
2023-12-22 01:10:17,607 -     || token_match: 0.000, exact_match: 0.000
2023-12-22 01:10:17,607 -     || unique taglist code: 893
2023-12-22 01:10:17,610 -     || seen taglist code: 575
2023-12-22 01:10:17,611 -     || MOST used trncode: 82414
2023-12-22 01:10:17,612 -     || MOST used devcode: 893
2023-12-22 01:10:17,660 -     || saved model
2023-12-22 01:10:17,662 - 
2023-12-22 01:10:17,663 - #epc: 4
2023-12-22 01:10:18,919 - epc:4, epc_KL:  0.000000
2023-12-22 01:18:31,537 - exact_match_tst_copy_acc: 1.000
2023-12-22 01:18:31,538 - exact_match_tst_reinflection_wlemma: 0.084
2023-12-22 01:18:31,539 - exact_match_tst_reinflection_wlemma_TAGFINDER1: 0.081
2023-12-22 01:18:31,539 - exact_match_tst_reinflection_wlemma_TAGFINDER1_or_2: 0.086
2023-12-22 01:18:31,984 - TRN || epcloss: 0.0026
2023-12-22 01:18:31,985 -     || Q: 0.0040
2023-12-22 01:18:31,986 -     || KL: 7.2580
2023-12-22 01:18:31,987 -     || token_match: 0.000, exact_match: 0.000
2023-12-22 01:18:31,988 -     || unique taglist code: 92386
2023-12-22 01:18:31,989 - DEV || epcloss: 0.0001
2023-12-22 01:18:31,990 -     || Q: 0.0011
2023-12-22 01:18:31,991 -     || KL: 16.0034
2023-12-22 01:18:31,992 -     || token_match: 0.000, exact_match: 0.000
2023-12-22 01:18:31,993 -     || unique taglist code: 854
2023-12-22 01:18:31,996 -     || seen taglist code: 720
2023-12-22 01:18:31,997 -     || MOST used trncode: 92386
2023-12-22 01:18:32,043 -     || saved model
2023-12-22 01:18:32,045 - 
2023-12-22 01:18:32,046 - #epc: 5
2023-12-22 01:18:33,134 - epc:5, epc_KL:  0.050000
2023-12-22 01:27:30,260 - exact_match_tst_copy_acc: 0.956
2023-12-22 01:27:30,261 - exact_match_tst_reinflection_wlemma: 0.391
2023-12-22 01:27:30,261 - exact_match_tst_reinflection_wlemma_TAGFINDER1: 0.360
2023-12-22 01:27:30,262 - exact_match_tst_reinflection_wlemma_TAGFINDER1_or_2: 0.401
2023-12-22 01:27:30,928 - TRN || epcloss: 0.0107
2023-12-22 01:27:30,929 -     || Q: 0.0081
2023-12-22 01:27:30,930 -     || KL: 0.8496
2023-12-22 01:27:30,931 -     || token_match: 0.000, exact_match: 0.000
2023-12-22 01:27:30,932 -     || unique taglist code: 117241
2023-12-22 01:27:30,932 - DEV || epcloss: 0.0101
2023-12-22 01:27:30,933 -     || Q: 0.0111
2023-12-22 01:27:30,934 -     || KL: 1.1642
2023-12-22 01:27:30,935 -     || token_match: 0.000, exact_match: 0.000
2023-12-22 01:27:30,936 -     || unique taglist code: 1094
2023-12-22 01:27:30,939 -     || seen taglist code: 690
2023-12-22 01:27:30,940 -     || MOST used trncode: 117241
2023-12-22 01:27:30,941 -     || MOST used devcode: 1094
2023-12-22 01:27:30,993 -     || saved model
2023-12-22 01:27:30,996 - 
2023-12-22 01:27:30,996 - #epc: 6
2023-12-22 01:27:32,189 - epc:6, epc_KL:  0.100000
2023-12-22 01:37:22,664 - exact_match_tst_copy_acc: 0.995
2023-12-22 01:37:22,665 - exact_match_tst_reinflection_wlemma: 0.902
2023-12-22 01:37:22,665 - exact_match_tst_reinflection_wlemma_TAGFINDER1: 0.869
2023-12-22 01:37:22,666 - exact_match_tst_reinflection_wlemma_TAGFINDER1_or_2: 0.905
2023-12-22 01:37:23,034 - TRN || epcloss: 0.0119
2023-12-22 01:37:23,035 -     || Q: 0.0207
2023-12-22 01:37:23,036 -     || KL: 0.4692
2023-12-22 01:37:23,037 -     || token_match: 0.000, exact_match: 0.000
2023-12-22 01:37:23,037 -     || unique taglist code: 82494
2023-12-22 01:37:23,038 - DEV || epcloss: 0.0008
2023-12-22 01:37:23,039 -     || Q: 0.0207
2023-12-22 01:37:23,039 -     || KL: 0.8776
2023-12-22 01:37:23,040 -     || token_match: 0.000, exact_match: 0.000
2023-12-22 01:37:23,041 -     || unique taglist code: 1216
2023-12-22 01:37:23,044 -     || seen taglist code: 1048
2023-12-22 01:37:23,045 -     || MOST used devcode: 1216
2023-12-22 01:37:23,092 -     || saved model
2023-12-22 01:37:23,094 - 
2023-12-22 01:37:23,095 - #epc: 7
2023-12-22 01:37:24,357 - epc:7, epc_KL:  0.150000
2023-12-22 01:47:16,025 - exact_match_tst_copy_acc: 0.995
2023-12-22 01:47:16,026 - exact_match_tst_reinflection_wlemma: 0.972
2023-12-22 01:47:16,027 - exact_match_tst_reinflection_wlemma_TAGFINDER1: 0.865
2023-12-22 01:47:16,027 - exact_match_tst_reinflection_wlemma_TAGFINDER1_or_2: 0.959
2023-12-22 01:47:16,624 - TRN || epcloss: 0.0119
2023-12-22 01:47:16,626 -     || Q: 0.0380
2023-12-22 01:47:16,627 -     || KL: 0.3178
2023-12-22 01:47:16,628 -     || token_match: 0.000, exact_match: 0.000
2023-12-22 01:47:16,629 -     || unique taglist code: 121832
2023-12-22 01:47:16,630 - DEV || epcloss: 0.0007
2023-12-22 01:47:16,630 -     || Q: 0.0412
2023-12-22 01:47:16,631 -     || KL: 0.6218
2023-12-22 01:47:16,632 -     || token_match: 0.000, exact_match: 0.000
2023-12-22 01:47:16,633 -     || unique taglist code: 1404
2023-12-22 01:47:16,642 -     || seen taglist code: 1043
2023-12-22 01:47:16,643 -     || MOST used trncode: 121832
2023-12-22 01:47:16,644 -     || MOST used devcode: 1404
2023-12-22 01:47:16,696 -     || saved model
2023-12-22 01:47:16,699 - 
2023-12-22 01:47:16,700 - #epc: 8
2023-12-22 01:47:18,087 - epc:8, epc_KL:  0.200000
2023-12-22 01:56:54,395 - exact_match_tst_copy_acc: 0.990
2023-12-22 01:56:54,396 - exact_match_tst_reinflection_wlemma: 0.979
2023-12-22 01:56:54,397 - exact_match_tst_reinflection_wlemma_TAGFINDER1: 0.719
2023-12-22 01:56:54,398 - exact_match_tst_reinflection_wlemma_TAGFINDER1_or_2: 0.912
2023-12-22 01:56:55,084 - TRN || epcloss: 0.0111
2023-12-22 01:56:55,085 -     || Q: 0.0504
2023-12-22 01:56:55,086 -     || KL: 0.2419
2023-12-22 01:56:55,087 -     || token_match: 0.000, exact_match: 0.000
2023-12-22 01:56:55,087 -     || unique taglist code: 193831
2023-12-22 01:56:55,088 - DEV || epcloss: 0.0027
2023-12-22 01:56:55,089 -     || Q: 0.0524
2023-12-22 01:56:55,090 -     || KL: 0.4774
2023-12-22 01:56:55,091 -     || token_match: 0.000, exact_match: 0.000
2023-12-22 01:56:55,092 -     || unique taglist code: 1426
2023-12-22 01:56:55,095 -     || seen taglist code: 785
2023-12-22 01:56:55,097 -     || MOST used trncode: 193831
2023-12-22 01:56:55,097 -     || MOST used devcode: 1426
2023-12-22 01:56:55,165 -     || saved model
2023-12-22 01:56:55,168 - 
2023-12-22 01:56:55,168 - #epc: 9
2023-12-22 01:56:56,686 - epc:9, epc_KL:  0.250000
2023-12-22 02:06:59,554 - exact_match_tst_copy_acc: 0.997
2023-12-22 02:06:59,555 - exact_match_tst_reinflection_wlemma: 0.985
2023-12-22 02:06:59,556 - exact_match_tst_reinflection_wlemma_TAGFINDER1: 0.628
2023-12-22 02:06:59,556 - exact_match_tst_reinflection_wlemma_TAGFINDER1_or_2: 0.872
2023-12-22 02:07:00,164 - TRN || epcloss: 0.0121
2023-12-22 02:07:00,165 -     || Q: 0.0710
2023-12-22 02:07:00,166 -     || KL: 0.1985
2023-12-22 02:07:00,166 -     || token_match: 0.000, exact_match: 0.000
2023-12-22 02:07:00,167 -     || unique taglist code: 257864
2023-12-22 02:07:00,168 - DEV || epcloss: 0.0009
2023-12-22 02:07:00,169 -     || Q: 0.0797
2023-12-22 02:07:00,169 -     || KL: 0.3840
2023-12-22 02:07:00,170 -     || token_match: 0.000, exact_match: 0.000
2023-12-22 02:07:00,171 -     || unique taglist code: 1444
2023-12-22 02:07:00,176 -     || seen taglist code: 573
2023-12-22 02:07:00,177 -     || MOST used trncode: 257864
2023-12-22 02:07:00,177 -     || MOST used devcode: 1444
2023-12-22 02:07:00,236 -     || saved model
2023-12-22 02:07:00,238 - 
2023-12-22 02:07:00,239 - #epc: 10
2023-12-22 02:07:01,723 - epc:10, epc_KL:  0.300000
2023-12-22 02:15:38,171 - exact_match_tst_copy_acc: 0.981
2023-12-22 02:15:38,172 - exact_match_tst_reinflection_wlemma: 0.975
2023-12-22 02:15:38,173 - exact_match_tst_reinflection_wlemma_TAGFINDER1: 0.506
2023-12-22 02:15:38,174 - exact_match_tst_reinflection_wlemma_TAGFINDER1_or_2: 0.780
2023-12-22 02:15:38,573 - TRN || epcloss: 0.0133
2023-12-22 02:15:38,574 -     || Q: 0.1232
2023-12-22 02:15:38,575 -     || KL: 0.1585
2023-12-22 02:15:38,576 -     || token_match: 0.000, exact_match: 0.000
2023-12-22 02:15:38,577 -     || unique taglist code: 323269
2023-12-22 02:15:38,578 - DEV || epcloss: 0.0036
2023-12-22 02:15:38,579 -     || Q: 0.1429
2023-12-22 02:15:38,580 -     || KL: 0.3198
2023-12-22 02:15:38,581 -     || token_match: 0.000, exact_match: 0.000
2023-12-22 02:15:38,581 -     || unique taglist code: 1444
2023-12-22 02:15:38,585 -     || seen taglist code: 364
2023-12-22 02:15:38,586 -     || MOST used trncode: 323269
2023-12-22 02:15:38,644 -     || saved model
2023-12-22 02:15:38,646 - 
2023-12-22 02:15:38,647 - #epc: 11
2023-12-22 02:15:39,828 - epc:11, epc_KL:  0.350000
2023-12-22 02:23:50,821 - exact_match_tst_copy_acc: 0.982
2023-12-22 02:23:50,822 - exact_match_tst_reinflection_wlemma: 0.979
2023-12-22 02:23:50,823 - exact_match_tst_reinflection_wlemma_TAGFINDER1: 0.437
2023-12-22 02:23:50,823 - exact_match_tst_reinflection_wlemma_TAGFINDER1_or_2: 0.726
2023-12-22 02:23:51,192 - TRN || epcloss: 0.0138
2023-12-22 02:23:51,193 -     || Q: 0.1725
2023-12-22 02:23:51,194 -     || KL: 0.1184
2023-12-22 02:23:51,195 -     || token_match: 0.000, exact_match: 0.000
2023-12-22 02:23:51,196 -     || unique taglist code: 372829
2023-12-22 02:23:51,197 - DEV || epcloss: 0.0030
2023-12-22 02:23:51,198 -     || Q: 0.1787
2023-12-22 02:23:51,198 -     || KL: 0.2277
2023-12-22 02:23:51,199 -     || token_match: 0.000, exact_match: 0.000
2023-12-22 02:23:51,200 -     || unique taglist code: 1445
2023-12-22 02:23:51,202 -     || seen taglist code: 134
2023-12-22 02:23:51,203 -     || MOST used trncode: 372829
2023-12-22 02:23:51,204 -     || MOST used devcode: 1445
2023-12-22 02:23:51,266 -     || saved model
2023-12-22 02:23:51,268 - 
2023-12-22 02:23:51,269 - #epc: 12
2023-12-22 02:23:52,318 - epc:12, epc_KL:  0.400000
2023-12-22 02:32:00,827 - exact_match_tst_copy_acc: 0.985
2023-12-22 02:32:00,828 - exact_match_tst_reinflection_wlemma: 0.983
2023-12-22 02:32:00,828 - exact_match_tst_reinflection_wlemma_TAGFINDER1: 0.419
2023-12-22 02:32:00,829 - exact_match_tst_reinflection_wlemma_TAGFINDER1_or_2: 0.712
2023-12-22 02:32:01,205 - TRN || epcloss: 0.0134
2023-12-22 02:32:01,206 -     || Q: 0.2068
2023-12-22 02:32:01,207 -     || KL: 0.0823
2023-12-22 02:32:01,208 -     || token_match: 0.000, exact_match: 0.000
2023-12-22 02:32:01,208 -     || unique taglist code: 381945
2023-12-22 02:32:01,209 - DEV || epcloss: 0.0045
2023-12-22 02:32:01,210 -     || Q: 0.2436
2023-12-22 02:32:01,211 -     || KL: 0.1558
2023-12-22 02:32:01,211 -     || token_match: 0.000, exact_match: 0.000
2023-12-22 02:32:01,212 -     || unique taglist code: 1444
2023-12-22 02:32:01,214 -     || seen taglist code: 134
2023-12-22 02:32:01,215 -     || MOST used trncode: 381945
2023-12-22 02:32:01,270 -     || saved model
2023-12-22 02:32:01,272 - 
2023-12-22 02:32:01,272 - #epc: 13
2023-12-22 02:32:02,335 - epc:13, epc_KL:  0.450000
2023-12-22 02:40:12,006 - exact_match_tst_copy_acc: 0.979
2023-12-22 02:40:12,007 - exact_match_tst_reinflection_wlemma: 0.980
2023-12-22 02:40:12,007 - exact_match_tst_reinflection_wlemma_TAGFINDER1: 0.418
2023-12-22 02:40:12,008 - exact_match_tst_reinflection_wlemma_TAGFINDER1_or_2: 0.707
2023-12-22 02:40:12,370 - TRN || epcloss: 0.0137
2023-12-22 02:40:12,371 -     || Q: 0.2753
2023-12-22 02:40:12,372 -     || KL: 0.0551
2023-12-22 02:40:12,373 -     || token_match: 0.000, exact_match: 0.000
2023-12-22 02:40:12,374 -     || unique taglist code: 386785
2023-12-22 02:40:12,375 - DEV || epcloss: 0.0048
2023-12-22 02:40:12,375 -     || Q: 0.3049
2023-12-22 02:40:12,376 -     || KL: 0.1007
2023-12-22 02:40:12,377 -     || token_match: 0.000, exact_match: 0.000
2023-12-22 02:40:12,378 -     || unique taglist code: 1446
2023-12-22 02:40:12,380 -     || seen taglist code: 99
2023-12-22 02:40:12,381 -     || MOST used trncode: 386785
2023-12-22 02:40:12,382 -     || MOST used devcode: 1446
2023-12-22 02:40:12,450 -     || saved model
2023-12-22 02:40:12,452 - 
2023-12-22 02:40:12,453 - #epc: 14
2023-12-22 02:40:13,499 - epc:14, epc_KL:  0.500000
2023-12-22 02:48:31,853 - exact_match_tst_copy_acc: 0.985
2023-12-22 02:48:31,854 - exact_match_tst_reinflection_wlemma: 0.987
2023-12-22 02:48:31,854 - exact_match_tst_reinflection_wlemma_TAGFINDER1: 0.424
2023-12-22 02:48:31,855 - exact_match_tst_reinflection_wlemma_TAGFINDER1_or_2: 0.713
2023-12-22 02:48:32,248 - TRN || epcloss: 0.0132
2023-12-22 02:48:32,249 -     || Q: 0.3132
2023-12-22 02:48:32,250 -     || KL: 0.0333
2023-12-22 02:48:32,251 -     || token_match: 0.000, exact_match: 0.000
2023-12-22 02:48:32,252 -     || unique taglist code: 391522
2023-12-22 02:48:32,253 - DEV || epcloss: 0.0031
2023-12-22 02:48:32,254 -     || Q: 0.2553
2023-12-22 02:48:32,255 -     || KL: 0.0631
2023-12-22 02:48:32,256 -     || token_match: 0.000, exact_match: 0.000
2023-12-22 02:48:32,257 -     || unique taglist code: 1444
2023-12-22 02:48:32,259 -     || seen taglist code: 89
2023-12-22 02:48:32,260 -     || MOST used trncode: 391522
2023-12-22 02:48:32,342 -     || saved model
2023-12-22 02:48:32,344 - 
2023-12-22 02:48:32,345 - #epc: 15
2023-12-22 02:48:33,404 - epc:15, epc_KL:  0.500000
2023-12-22 02:56:46,590 - exact_match_tst_copy_acc: 0.976
2023-12-22 02:56:46,591 - exact_match_tst_reinflection_wlemma: 0.973
2023-12-22 02:56:46,592 - exact_match_tst_reinflection_wlemma_TAGFINDER1: 0.416
2023-12-22 02:56:46,593 - exact_match_tst_reinflection_wlemma_TAGFINDER1_or_2: 0.703
2023-12-22 02:56:46,950 - TRN || epcloss: 0.0107
2023-12-22 02:56:46,951 -     || Q: 0.2634
2023-12-22 02:56:46,952 -     || KL: 0.0236
2023-12-22 02:56:46,954 -     || token_match: 0.000, exact_match: 0.000
2023-12-22 02:56:46,955 -     || unique taglist code: 391676
2023-12-22 02:56:46,956 - DEV || epcloss: 0.0053
2023-12-22 02:56:46,957 -     || Q: 0.2236
2023-12-22 02:56:46,958 -     || KL: 0.0543
2023-12-22 02:56:46,958 -     || token_match: 0.000, exact_match: 0.000
2023-12-22 02:56:46,959 -     || unique taglist code: 1446
2023-12-22 02:56:46,961 -     || seen taglist code: 92
2023-12-22 02:56:46,962 -     || MOST used trncode: 391676
2023-12-22 02:56:47,032 -     || saved model
2023-12-22 02:56:47,035 - 
2023-12-22 02:56:47,036 - #epc: 16
2023-12-22 02:56:48,094 - epc:16, epc_KL:  0.500000
2023-12-22 03:05:09,929 - exact_match_tst_copy_acc: 0.987
2023-12-22 03:05:09,930 - exact_match_tst_reinflection_wlemma: 0.984
2023-12-22 03:05:09,931 - exact_match_tst_reinflection_wlemma_TAGFINDER1: 0.417
2023-12-22 03:05:09,932 - exact_match_tst_reinflection_wlemma_TAGFINDER1_or_2: 0.708
2023-12-22 03:05:10,333 - TRN || epcloss: 0.0104
2023-12-22 03:05:10,334 -     || Q: 0.2416
2023-12-22 03:05:10,335 -     || KL: 0.0215
2023-12-22 03:05:10,336 -     || token_match: 0.000, exact_match: 0.000
2023-12-22 03:05:10,337 -     || unique taglist code: 392596
2023-12-22 03:05:10,337 - DEV || epcloss: 0.0044
2023-12-22 03:05:10,338 -     || Q: 0.2116
2023-12-22 03:05:10,339 -     || KL: 0.0454
2023-12-22 03:05:10,340 -     || token_match: 0.000, exact_match: 0.000
2023-12-22 03:05:10,340 -     || unique taglist code: 1446
2023-12-22 03:05:10,342 -     || seen taglist code: 89
2023-12-22 03:05:10,343 -     || MOST used trncode: 392596
2023-12-22 03:05:10,411 -     || saved model
2023-12-22 03:05:10,414 - 
2023-12-22 03:05:10,414 - #epc: 17
2023-12-22 03:05:11,516 - epc:17, epc_KL:  0.500000
2023-12-22 03:13:28,043 - exact_match_tst_copy_acc: 0.984
2023-12-22 03:13:28,044 - exact_match_tst_reinflection_wlemma: 0.982
2023-12-22 03:13:28,045 - exact_match_tst_reinflection_wlemma_TAGFINDER1: 0.420
2023-12-22 03:13:28,046 - exact_match_tst_reinflection_wlemma_TAGFINDER1_or_2: 0.710
2023-12-22 03:13:28,435 - TRN || epcloss: 0.0104
2023-12-22 03:13:28,436 -     || Q: 0.2314
2023-12-22 03:13:28,437 -     || KL: 0.0201
2023-12-22 03:13:28,438 -     || token_match: 0.000, exact_match: 0.000
2023-12-22 03:13:28,439 -     || unique taglist code: 394794
2023-12-22 03:13:28,440 - DEV || epcloss: 0.0042
2023-12-22 03:13:28,440 -     || Q: 0.2253
2023-12-22 03:13:28,441 -     || KL: 0.0453
2023-12-22 03:13:28,442 -     || token_match: 0.000, exact_match: 0.000
2023-12-22 03:13:28,443 -     || unique taglist code: 1445
2023-12-22 03:13:28,444 -     || seen taglist code: 54
2023-12-22 03:13:28,445 -     || MOST used trncode: 394794
2023-12-22 03:13:28,529 -     || saved model
2023-12-22 03:13:28,531 - 
2023-12-22 03:13:28,531 - #epc: 18
2023-12-22 03:13:29,594 - epc:18, epc_KL:  0.500000
2023-12-22 03:21:44,146 - exact_match_tst_copy_acc: 0.978
2023-12-22 03:21:44,147 - exact_match_tst_reinflection_wlemma: 0.974
2023-12-22 03:21:44,148 - exact_match_tst_reinflection_wlemma_TAGFINDER1: 0.416
2023-12-22 03:21:44,149 - exact_match_tst_reinflection_wlemma_TAGFINDER1_or_2: 0.702
2023-12-22 03:21:44,503 - TRN || epcloss: 0.0105
2023-12-22 03:21:44,504 -     || Q: 0.2317
2023-12-22 03:21:44,505 -     || KL: 0.0195
2023-12-22 03:21:44,506 -     || token_match: 0.000, exact_match: 0.000
2023-12-22 03:21:44,507 -     || unique taglist code: 394471
2023-12-22 03:21:44,507 - DEV || epcloss: 0.0069
2023-12-22 03:21:44,508 -     || Q: 0.2203
2023-12-22 03:21:44,509 -     || KL: 0.0458
2023-12-22 03:21:44,510 -     || token_match: 0.000, exact_match: 0.000
2023-12-22 03:21:44,511 -     || unique taglist code: 1446
2023-12-22 03:21:44,512 -     || seen taglist code: 66
2023-12-22 03:21:44,590 -     || saved model
2023-12-22 03:21:44,592 - 
2023-12-22 03:21:44,593 - #epc: 19
2023-12-22 03:21:45,646 - epc:19, epc_KL:  0.500000
2023-12-22 03:30:00,068 - exact_match_tst_copy_acc: 0.964
2023-12-22 03:30:00,069 - exact_match_tst_reinflection_wlemma: 0.969
2023-12-22 03:30:00,070 - exact_match_tst_reinflection_wlemma_TAGFINDER1: 0.416
2023-12-22 03:30:00,071 - exact_match_tst_reinflection_wlemma_TAGFINDER1_or_2: 0.698
2023-12-22 03:30:00,697 - TRN || epcloss: 0.0119
2023-12-22 03:30:00,699 -     || Q: 0.2416
2023-12-22 03:30:00,700 -     || KL: 0.0195
2023-12-22 03:30:00,701 -     || token_match: 0.000, exact_match: 0.000
2023-12-22 03:30:00,702 -     || unique taglist code: 396060
2023-12-22 03:30:00,702 - DEV || epcloss: 0.0071
2023-12-22 03:30:00,703 -     || Q: 0.2646
2023-12-22 03:30:00,704 -     || KL: 0.0501
2023-12-22 03:30:00,705 -     || token_match: 0.000, exact_match: 0.000
2023-12-22 03:30:00,706 -     || unique taglist code: 1446
2023-12-22 03:30:00,708 -     || seen taglist code: 46
2023-12-22 03:30:00,710 -     || MOST used trncode: 396060
2023-12-22 03:30:00,805 -     || saved model
2023-12-22 03:30:00,808 - 
2023-12-22 03:30:00,809 - #epc: 20
2023-12-22 03:30:02,272 - epc:20, epc_KL:  0.500000
2023-12-22 03:38:14,663 - exact_match_tst_copy_acc: 0.921
2023-12-22 03:38:14,664 - exact_match_tst_reinflection_wlemma: 0.920
2023-12-22 03:38:14,665 - exact_match_tst_reinflection_wlemma_TAGFINDER1: 0.401
2023-12-22 03:38:14,666 - exact_match_tst_reinflection_wlemma_TAGFINDER1_or_2: 0.669
2023-12-22 03:38:15,025 - TRN || epcloss: 0.0118
2023-12-22 03:38:15,026 -     || Q: 0.2505
2023-12-22 03:38:15,027 -     || KL: 0.0188
2023-12-22 03:38:15,028 -     || token_match: 0.000, exact_match: 0.000
2023-12-22 03:38:15,028 -     || unique taglist code: 397604
2023-12-22 03:38:15,029 - DEV || epcloss: 0.0234
2023-12-22 03:38:15,030 -     || Q: 0.2688
2023-12-22 03:38:15,031 -     || KL: 0.0470
2023-12-22 03:38:15,032 -     || token_match: 0.000, exact_match: 0.000
2023-12-22 03:38:15,032 -     || unique taglist code: 1446
2023-12-22 03:38:15,034 -     || seen taglist code: 42
2023-12-22 03:38:15,035 -     || MOST used trncode: 397604
2023-12-22 03:38:15,147 -     || saved model
2023-12-22 03:38:15,151 - 
2023-12-22 03:38:15,152 - #epc: 21
2023-12-22 03:38:16,734 - epc:21, epc_KL:  0.500000
2023-12-22 03:46:51,175 - exact_match_tst_copy_acc: 0.981
2023-12-22 03:46:51,177 - exact_match_tst_reinflection_wlemma: 0.979
2023-12-22 03:46:51,178 - exact_match_tst_reinflection_wlemma_TAGFINDER1: 0.419
2023-12-22 03:46:51,179 - exact_match_tst_reinflection_wlemma_TAGFINDER1_or_2: 0.705
2023-12-22 03:46:51,761 - TRN || epcloss: 0.0130
2023-12-22 03:46:51,762 -     || Q: 0.2584
2023-12-22 03:46:51,763 -     || KL: 0.0191
2023-12-22 03:46:51,764 -     || token_match: 0.000, exact_match: 0.000
2023-12-22 03:46:51,765 -     || unique taglist code: 397292
2023-12-22 03:46:51,766 - DEV || epcloss: 0.0038
2023-12-22 03:46:51,767 -     || Q: 0.2097
2023-12-22 03:46:51,768 -     || KL: 0.0408
2023-12-22 03:46:51,769 -     || token_match: 0.000, exact_match: 0.000
2023-12-22 03:46:51,770 -     || unique taglist code: 1446
2023-12-22 03:46:51,772 -     || seen taglist code: 40
2023-12-22 03:46:51,847 -     || saved model
2023-12-22 03:46:51,850 - 
2023-12-22 03:46:51,851 - #epc: 22
2023-12-22 03:46:53,329 - epc:22, epc_KL:  0.500000
2023-12-22 03:55:05,651 - exact_match_tst_copy_acc: 0.909
2023-12-22 03:55:05,652 - exact_match_tst_reinflection_wlemma: 0.906
2023-12-22 03:55:05,653 - exact_match_tst_reinflection_wlemma_TAGFINDER1: 0.377
2023-12-22 03:55:05,654 - exact_match_tst_reinflection_wlemma_TAGFINDER1_or_2: 0.648
2023-12-22 03:55:05,998 - TRN || epcloss: 0.0138
2023-12-22 03:55:05,999 -     || Q: 0.2775
2023-12-22 03:55:06,000 -     || KL: 0.0187
2023-12-22 03:55:06,001 -     || token_match: 0.000, exact_match: 0.000
2023-12-22 03:55:06,001 -     || unique taglist code: 398201
2023-12-22 03:55:06,002 - DEV || epcloss: 0.0264
2023-12-22 03:55:06,003 -     || Q: 0.2915
2023-12-22 03:55:06,004 -     || KL: 0.0405
2023-12-22 03:55:06,005 -     || token_match: 0.000, exact_match: 0.000
2023-12-22 03:55:06,006 -     || unique taglist code: 1446
2023-12-22 03:55:06,007 -     || seen taglist code: 36
2023-12-22 03:55:06,008 -     || MOST used trncode: 398201
2023-12-22 03:55:06,123 -     || saved model
2023-12-22 03:55:06,127 - 
2023-12-22 03:55:06,128 - #epc: 23
2023-12-22 03:55:07,679 - epc:23, epc_KL:  0.500000
2023-12-22 04:03:26,472 - exact_match_tst_copy_acc: 0.960
2023-12-22 04:03:26,473 - exact_match_tst_reinflection_wlemma: 0.959
2023-12-22 04:03:26,474 - exact_match_tst_reinflection_wlemma_TAGFINDER1: 0.409
2023-12-22 04:03:26,475 - exact_match_tst_reinflection_wlemma_TAGFINDER1_or_2: 0.689
2023-12-22 04:03:27,068 - TRN || epcloss: 0.0176
2023-12-22 04:03:27,069 -     || Q: 0.3197
2023-12-22 04:03:27,070 -     || KL: 0.0196
2023-12-22 04:03:27,071 -     || token_match: 0.000, exact_match: 0.000
2023-12-22 04:03:27,072 -     || unique taglist code: 397850
2023-12-22 04:03:27,073 - DEV || epcloss: 0.0082
2023-12-22 04:03:27,073 -     || Q: 0.3463
2023-12-22 04:03:27,074 -     || KL: 0.0445
2023-12-22 04:03:27,075 -     || token_match: 0.000, exact_match: 0.000
2023-12-22 04:03:27,076 -     || unique taglist code: 1445
2023-12-22 04:03:27,078 -     || seen taglist code: 40
2023-12-22 04:03:27,151 -     || saved model
2023-12-22 04:03:27,153 - 
2023-12-22 04:03:27,154 - #epc: 24
2023-12-22 04:03:28,621 - epc:24, epc_KL:  0.500000
2023-12-22 04:11:53,924 - exact_match_tst_copy_acc: 0.965
2023-12-22 04:11:53,925 - exact_match_tst_reinflection_wlemma: 0.962
2023-12-22 04:11:53,926 - exact_match_tst_reinflection_wlemma_TAGFINDER1: 0.407
2023-12-22 04:11:53,927 - exact_match_tst_reinflection_wlemma_TAGFINDER1_or_2: 0.690
2023-12-22 04:11:54,550 - TRN || epcloss: 0.0159
2023-12-22 04:11:54,551 -     || Q: 0.3143
2023-12-22 04:11:54,552 -     || KL: 0.0195
2023-12-22 04:11:54,552 -     || token_match: 0.000, exact_match: 0.000
2023-12-22 04:11:54,553 -     || unique taglist code: 398035
2023-12-22 04:11:54,554 - DEV || epcloss: 0.0075
2023-12-22 04:11:54,555 -     || Q: 0.2625
2023-12-22 04:11:54,556 -     || KL: 0.0488
2023-12-22 04:11:54,557 -     || token_match: 0.000, exact_match: 0.000
2023-12-22 04:11:54,558 -     || unique taglist code: 1446
2023-12-22 04:11:54,560 -     || seen taglist code: 50
2023-12-22 04:11:54,635 -     || saved model
2023-12-22 04:11:54,638 - 
2023-12-22 04:11:54,639 - #epc: 25
2023-12-22 04:11:56,084 - epc:25, epc_KL:  0.500000
2023-12-22 04:20:24,434 - exact_match_tst_copy_acc: 0.962
2023-12-22 04:20:24,435 - exact_match_tst_reinflection_wlemma: 0.964
2023-12-22 04:20:24,436 - exact_match_tst_reinflection_wlemma_TAGFINDER1: 0.408
2023-12-22 04:20:24,437 - exact_match_tst_reinflection_wlemma_TAGFINDER1_or_2: 0.687
2023-12-22 04:20:24,945 - TRN || epcloss: 0.0183
2023-12-22 04:20:24,946 -     || Q: 0.3313
2023-12-22 04:20:24,947 -     || KL: 0.0203
2023-12-22 04:20:24,947 -     || token_match: 0.000, exact_match: 0.000
2023-12-22 04:20:24,948 -     || unique taglist code: 398861
2023-12-22 04:20:24,949 - DEV || epcloss: 0.0085
2023-12-22 04:20:24,950 -     || Q: 0.2947
2023-12-22 04:20:24,950 -     || KL: 0.0429
2023-12-22 04:20:24,951 -     || token_match: 0.000, exact_match: 0.000
2023-12-22 04:20:24,952 -     || unique taglist code: 1445
2023-12-22 04:20:24,954 -     || seen taglist code: 32
2023-12-22 04:20:24,955 -     || MOST used trncode: 398861
2023-12-22 04:20:25,015 -     || saved model
2023-12-22 04:20:25,017 - 
2023-12-22 04:20:25,018 - #epc: 26
2023-12-22 04:20:26,236 - epc:26, epc_KL:  0.500000
2023-12-22 04:28:40,530 - exact_match_tst_copy_acc: 0.970
2023-12-22 04:28:40,531 - exact_match_tst_reinflection_wlemma: 0.965
2023-12-22 04:28:40,532 - exact_match_tst_reinflection_wlemma_TAGFINDER1: 0.408
2023-12-22 04:28:40,533 - exact_match_tst_reinflection_wlemma_TAGFINDER1_or_2: 0.694
2023-12-22 04:28:40,898 - TRN || epcloss: 0.0196
2023-12-22 04:28:40,899 -     || Q: 0.3430
2023-12-22 04:28:40,900 -     || KL: 0.0205
2023-12-22 04:28:40,900 -     || token_match: 0.000, exact_match: 0.000
2023-12-22 04:28:40,901 -     || unique taglist code: 398459
2023-12-22 04:28:40,902 - DEV || epcloss: 0.0072
2023-12-22 04:28:40,903 -     || Q: 0.3457
2023-12-22 04:28:40,904 -     || KL: 0.0446
2023-12-22 04:28:40,904 -     || token_match: 0.000, exact_match: 0.000
2023-12-22 04:28:40,905 -     || unique taglist code: 1446
2023-12-22 04:28:40,906 -     || seen taglist code: 37
2023-12-22 04:28:40,961 -     || saved model
2023-12-22 04:28:40,963 - 
2023-12-22 04:28:40,964 - #epc: 27
2023-12-22 04:28:41,979 - epc:27, epc_KL:  0.500000
2023-12-22 04:37:07,311 - exact_match_tst_copy_acc: 0.925
2023-12-22 04:37:07,312 - exact_match_tst_reinflection_wlemma: 0.924
2023-12-22 04:37:07,312 - exact_match_tst_reinflection_wlemma_TAGFINDER1: 0.387
2023-12-22 04:37:07,313 - exact_match_tst_reinflection_wlemma_TAGFINDER1_or_2: 0.663
2023-12-22 04:37:07,661 - TRN || epcloss: 0.0238
2023-12-22 04:37:07,661 -     || Q: 0.3800
2023-12-22 04:37:07,663 -     || KL: 0.0213
2023-12-22 04:37:07,663 -     || token_match: 0.000, exact_match: 0.000
2023-12-22 04:37:07,664 -     || unique taglist code: 398866
2023-12-22 04:37:07,665 - DEV || epcloss: 0.0178
2023-12-22 04:37:07,666 -     || Q: 0.3754
2023-12-22 04:37:07,667 -     || KL: 0.0511
2023-12-22 04:37:07,668 -     || token_match: 0.000, exact_match: 0.000
2023-12-22 04:37:07,668 -     || unique taglist code: 1446
2023-12-22 04:37:07,670 -     || seen taglist code: 41
2023-12-22 04:37:07,671 -     || MOST used trncode: 398866
2023-12-22 04:37:07,752 -     || saved model
2023-12-22 04:37:07,754 - 
2023-12-22 04:37:07,755 - #epc: 28
2023-12-22 04:37:08,842 - epc:28, epc_KL:  0.500000
2023-12-22 04:45:21,439 - exact_match_tst_copy_acc: 0.915
2023-12-22 04:45:21,440 - exact_match_tst_reinflection_wlemma: 0.912
2023-12-22 04:45:21,441 - exact_match_tst_reinflection_wlemma_TAGFINDER1: 0.380
2023-12-22 04:45:21,442 - exact_match_tst_reinflection_wlemma_TAGFINDER1_or_2: 0.652
2023-12-22 04:45:21,781 - TRN || epcloss: 0.0430
2023-12-22 04:45:21,782 -     || Q: 0.4845
2023-12-22 04:45:21,782 -     || KL: 0.0244
2023-12-22 04:45:21,783 -     || token_match: 0.000, exact_match: 0.000
2023-12-22 04:45:21,784 -     || unique taglist code: 398271
2023-12-22 04:45:21,785 - DEV || epcloss: 0.0183
2023-12-22 04:45:21,786 -     || Q: 0.5463
2023-12-22 04:45:21,786 -     || KL: 0.0546
2023-12-22 04:45:21,787 -     || token_match: 0.000, exact_match: 0.000
2023-12-22 04:45:21,788 -     || unique taglist code: 1446
2023-12-22 04:45:21,789 -     || seen taglist code: 37
2023-12-22 04:45:21,855 -     || saved model
2023-12-22 04:45:21,857 - 
2023-12-22 04:45:21,858 - #epc: 29
2023-12-22 04:45:22,937 - epc:29, epc_KL:  0.500000
2023-12-22 04:53:38,667 - exact_match_tst_copy_acc: 0.940
2023-12-22 04:53:38,668 - exact_match_tst_reinflection_wlemma: 0.926
2023-12-22 04:53:38,668 - exact_match_tst_reinflection_wlemma_TAGFINDER1: 0.391
2023-12-22 04:53:38,669 - exact_match_tst_reinflection_wlemma_TAGFINDER1_or_2: 0.665
2023-12-22 04:53:39,027 - TRN || epcloss: 0.0284
2023-12-22 04:53:39,028 -     || Q: 0.4915
2023-12-22 04:53:39,029 -     || KL: 0.0235
2023-12-22 04:53:39,030 -     || token_match: 0.000, exact_match: 0.000
2023-12-22 04:53:39,031 -     || unique taglist code: 396956
2023-12-22 04:53:39,032 - DEV || epcloss: 0.0134
2023-12-22 04:53:39,033 -     || Q: 0.4640
2023-12-22 04:53:39,033 -     || KL: 0.0551
2023-12-22 04:53:39,034 -     || token_match: 0.000, exact_match: 0.000
2023-12-22 04:53:39,035 -     || unique taglist code: 1445
2023-12-22 04:53:39,036 -     || seen taglist code: 34
2023-12-22 04:53:39,100 -     || saved model
2023-12-22 04:53:39,102 - 
2023-12-22 04:53:39,103 - #epc: 30
2023-12-22 04:53:40,156 - epc:30, epc_KL:  0.500000
2023-12-22 05:02:00,284 - exact_match_tst_copy_acc: 0.811
2023-12-22 05:02:00,285 - exact_match_tst_reinflection_wlemma: 0.808
2023-12-22 05:02:00,286 - exact_match_tst_reinflection_wlemma_TAGFINDER1: 0.338
2023-12-22 05:02:00,287 - exact_match_tst_reinflection_wlemma_TAGFINDER1_or_2: 0.573
2023-12-22 05:02:00,591 - TRN || epcloss: 0.0346
2023-12-22 05:02:00,591 -     || Q: 0.5051
2023-12-22 05:02:00,592 -     || KL: 0.0256
2023-12-22 05:02:00,593 -     || token_match: 0.000, exact_match: 0.000
2023-12-22 05:02:00,594 -     || unique taglist code: 397747
2023-12-22 05:02:00,594 - DEV || epcloss: 0.0408
2023-12-22 05:02:00,595 -     || Q: 0.5438
2023-12-22 05:02:00,596 -     || KL: 0.0777
2023-12-22 05:02:00,597 -     || token_match: 0.000, exact_match: 0.000
2023-12-22 05:02:00,598 -     || unique taglist code: 1444
2023-12-22 05:02:00,599 -     || seen taglist code: 33
2023-12-22 05:02:00,647 -     || saved model
2023-12-22 05:02:00,649 - 
2023-12-22 05:02:00,650 - #epc: 31
2023-12-22 05:02:01,712 - epc:31, epc_KL:  0.500000
2023-12-22 05:10:20,555 - exact_match_tst_copy_acc: 0.918
2023-12-22 05:10:20,557 - exact_match_tst_reinflection_wlemma: 0.915
2023-12-22 05:10:20,557 - exact_match_tst_reinflection_wlemma_TAGFINDER1: 0.373
2023-12-22 05:10:20,558 - exact_match_tst_reinflection_wlemma_TAGFINDER1_or_2: 0.646
2023-12-22 05:10:20,907 - TRN || epcloss: 0.0410
2023-12-22 05:10:20,908 -     || Q: 0.5760
2023-12-22 05:10:20,909 -     || KL: 0.0256
2023-12-22 05:10:20,910 -     || token_match: 0.000, exact_match: 0.000
2023-12-22 05:10:20,910 -     || unique taglist code: 397920
2023-12-22 05:10:20,911 - DEV || epcloss: 0.0217
2023-12-22 05:10:20,912 -     || Q: 0.5196
2023-12-22 05:10:20,913 -     || KL: 0.0545
2023-12-22 05:10:20,914 -     || token_match: 0.000, exact_match: 0.000
2023-12-22 05:10:20,915 -     || unique taglist code: 1446
2023-12-22 05:10:20,916 -     || seen taglist code: 54
2023-12-22 05:10:20,962 -     || saved model
2023-12-22 05:10:20,964 - 
2023-12-22 05:10:20,965 - #epc: 32
2023-12-22 05:10:22,014 - epc:32, epc_KL:  0.500000
2023-12-22 05:20:13,933 - exact_match_tst_copy_acc: 0.546
2023-12-22 05:20:13,934 - exact_match_tst_reinflection_wlemma: 0.539
2023-12-22 05:20:13,935 - exact_match_tst_reinflection_wlemma_TAGFINDER1: 0.207
2023-12-22 05:20:13,936 - exact_match_tst_reinflection_wlemma_TAGFINDER1_or_2: 0.371
2023-12-22 05:20:14,422 - TRN || epcloss: 0.2871
2023-12-22 05:20:14,423 -     || Q: 0.9693
2023-12-22 05:20:14,424 -     || KL: 0.0509
2023-12-22 05:20:14,425 -     || token_match: 0.000, exact_match: 0.000
2023-12-22 05:20:14,426 -     || unique taglist code: 390413
2023-12-22 05:20:14,427 - DEV || epcloss: 0.0994
2023-12-22 05:20:14,427 -     || Q: 1.0753
2023-12-22 05:20:14,428 -     || KL: 0.0779
2023-12-22 05:20:14,429 -     || token_match: 0.000, exact_match: 0.000
2023-12-22 05:20:14,430 -     || unique taglist code: 1446
2023-12-22 05:20:14,435 -     || seen taglist code: 59
2023-12-22 05:20:14,494 -     || saved model
2023-12-22 05:20:14,496 - 
2023-12-22 05:20:14,497 - #epc: 33
2023-12-22 05:20:15,828 - epc:33, epc_KL:  0.500000
2023-12-22 05:30:11,152 - exact_match_tst_copy_acc: 0.862
2023-12-22 05:30:11,153 - exact_match_tst_reinflection_wlemma: 0.867
2023-12-22 05:30:11,154 - exact_match_tst_reinflection_wlemma_TAGFINDER1: 0.356
2023-12-22 05:30:11,155 - exact_match_tst_reinflection_wlemma_TAGFINDER1_or_2: 0.612
2023-12-22 05:30:11,636 - TRN || epcloss: 0.0629
2023-12-22 05:30:11,637 -     || Q: 0.9065
2023-12-22 05:30:11,638 -     || KL: 0.0292
2023-12-22 05:30:11,639 -     || token_match: 0.000, exact_match: 0.000
2023-12-22 05:30:11,639 -     || unique taglist code: 395114
2023-12-22 05:30:11,640 - DEV || epcloss: 0.0289
2023-12-22 05:30:11,641 -     || Q: 0.6625
2023-12-22 05:30:11,642 -     || KL: 0.0582
2023-12-22 05:30:11,643 -     || token_match: 0.000, exact_match: 0.000
2023-12-22 05:30:11,643 -     || unique taglist code: 1446
2023-12-22 05:30:11,645 -     || seen taglist code: 52
2023-12-22 05:30:11,705 -     || saved model
2023-12-22 05:30:11,707 - 
2023-12-22 05:30:11,708 - #epc: 34
2023-12-22 05:30:13,109 - epc:34, epc_KL:  0.500000
2023-12-22 05:39:15,156 - exact_match_tst_copy_acc: 0.770
2023-12-22 05:39:15,157 - exact_match_tst_reinflection_wlemma: 0.766
2023-12-22 05:39:15,158 - exact_match_tst_reinflection_wlemma_TAGFINDER1: 0.313
2023-12-22 05:39:15,159 - exact_match_tst_reinflection_wlemma_TAGFINDER1_or_2: 0.546
2023-12-22 05:39:15,524 - TRN || epcloss: 0.0754
2023-12-22 05:39:15,525 -     || Q: 0.8384
2023-12-22 05:39:15,526 -     || KL: 0.0341
2023-12-22 05:39:15,527 -     || token_match: 0.000, exact_match: 0.000
2023-12-22 05:39:15,527 -     || unique taglist code: 396846
2023-12-22 05:39:15,528 - DEV || epcloss: 0.0474
2023-12-22 05:39:15,529 -     || Q: 0.9287
2023-12-22 05:39:15,530 -     || KL: 0.0690
2023-12-22 05:39:15,530 -     || token_match: 0.000, exact_match: 0.000
2023-12-22 05:39:15,531 -     || unique taglist code: 1445
2023-12-22 05:39:15,533 -     || seen taglist code: 51
2023-12-22 05:39:15,639 -     || saved model
2023-12-22 05:39:15,641 - 
2023-12-22 05:39:15,642 - #epc: 35
2023-12-22 05:39:16,836 - epc:35, epc_KL:  0.500000
2023-12-22 05:48:05,730 - exact_match_tst_copy_acc: 0.000
2023-12-22 05:48:05,731 - exact_match_tst_reinflection_wlemma: 0.000
2023-12-22 05:48:05,732 - exact_match_tst_reinflection_wlemma_TAGFINDER1: 0.000
2023-12-22 05:48:05,733 - exact_match_tst_reinflection_wlemma_TAGFINDER1_or_2: 0.000
2023-12-22 05:48:05,948 - TRN || epcloss: 1.6694
2023-12-22 05:48:05,949 -     || Q: 1.9911
2023-12-22 05:48:05,950 -     || KL: 0.1735
2023-12-22 05:48:05,951 -     || token_match: 0.000, exact_match: 0.000
2023-12-22 05:48:05,952 -     || unique taglist code: 192993
2023-12-22 05:48:05,952 - DEV || epcloss: 1.8680
2023-12-22 05:48:05,953 -     || Q: 1.7275
2023-12-22 05:48:05,954 -     || KL: 0.3830
2023-12-22 05:48:05,955 -     || token_match: 0.000, exact_match: 0.000
2023-12-22 05:48:05,956 -     || unique taglist code: 843
2023-12-22 05:48:05,958 -     || seen taglist code: 618
2023-12-22 05:48:06,061 -     || saved model
2023-12-22 05:48:06,063 - 
2023-12-22 05:48:06,063 - #epc: 36
2023-12-22 05:48:07,139 - epc:36, epc_KL:  0.500000
2023-12-22 05:56:24,364 - exact_match_tst_copy_acc: 0.000
2023-12-22 05:56:24,365 - exact_match_tst_reinflection_wlemma: 0.000
2023-12-22 05:56:24,366 - exact_match_tst_reinflection_wlemma_TAGFINDER1: 0.000
2023-12-22 05:56:24,367 - exact_match_tst_reinflection_wlemma_TAGFINDER1_or_2: 0.000
2023-12-22 05:56:25,094 - TRN || epcloss: 1.4956
2023-12-22 05:56:25,095 -     || Q: 1.6527
2023-12-22 05:56:25,096 -     || KL: 0.1043
2023-12-22 05:56:25,097 -     || token_match: 0.000, exact_match: 0.000
2023-12-22 05:56:25,098 -     || unique taglist code: 68334
2023-12-22 05:56:25,099 - DEV || epcloss: 1.0351
2023-12-22 05:56:25,100 -     || Q: 1.6481
2023-12-22 05:56:25,102 -     || KL: 0.1118
2023-12-22 05:56:25,103 -     || token_match: 0.000, exact_match: 0.000
2023-12-22 05:56:25,103 -     || unique taglist code: 1212
2023-12-22 05:56:25,106 -     || seen taglist code: 826
2023-12-22 05:56:25,164 -     || saved model
2023-12-22 05:56:25,166 - 
2023-12-22 05:56:25,167 - #epc: 37
2023-12-22 05:56:26,212 - epc:37, epc_KL:  0.500000
2023-12-22 06:04:58,437 - exact_match_tst_copy_acc: 0.000
2023-12-22 06:04:58,439 - exact_match_tst_reinflection_wlemma: 0.000
2023-12-22 06:04:58,440 - exact_match_tst_reinflection_wlemma_TAGFINDER1: 0.000
2023-12-22 06:04:58,440 - exact_match_tst_reinflection_wlemma_TAGFINDER1_or_2: 0.000
2023-12-22 06:04:59,336 - TRN || epcloss: 0.9558
2023-12-22 06:04:59,337 -     || Q: 2.2775
2023-12-22 06:04:59,338 -     || KL: 0.0579
2023-12-22 06:04:59,339 -     || token_match: 0.000, exact_match: 0.000
2023-12-22 06:04:59,340 -     || unique taglist code: 216326
2023-12-22 06:04:59,341 - DEV || epcloss: 1.7992
2023-12-22 06:04:59,341 -     || Q: 10.1882
2023-12-22 06:04:59,342 -     || KL: 1.1111
2023-12-22 06:04:59,343 -     || token_match: 0.000, exact_match: 0.000
2023-12-22 06:04:59,344 -     || unique taglist code: 975
2023-12-22 06:04:59,346 -     || seen taglist code: 569
2023-12-22 06:04:59,419 -     || saved model
2023-12-22 06:04:59,421 - 
2023-12-22 06:04:59,422 - #epc: 38
2023-12-22 06:05:00,510 - epc:38, epc_KL:  0.500000
2023-12-22 06:13:15,124 - exact_match_tst_copy_acc: 0.000
2023-12-22 06:13:15,125 - exact_match_tst_reinflection_wlemma: 0.001
2023-12-22 06:13:15,126 - exact_match_tst_reinflection_wlemma_TAGFINDER1: 0.000
2023-12-22 06:13:15,127 - exact_match_tst_reinflection_wlemma_TAGFINDER1_or_2: 0.000
2023-12-22 06:13:15,607 - TRN || epcloss: 1.1856
2023-12-22 06:13:15,608 -     || Q: 4.6554
2023-12-22 06:13:15,608 -     || KL: 0.1427
2023-12-22 06:13:15,609 -     || token_match: 0.000, exact_match: 0.000
2023-12-22 06:13:15,610 -     || unique taglist code: 216430
2023-12-22 06:13:15,611 - DEV || epcloss: 1.2538
2023-12-22 06:13:15,611 -     || Q: 4.3963
2023-12-22 06:13:15,612 -     || KL: 0.3878
2023-12-22 06:13:15,613 -     || token_match: 0.000, exact_match: 0.000
2023-12-22 06:13:15,614 -     || unique taglist code: 1233
2023-12-22 06:13:15,617 -     || seen taglist code: 728
2023-12-22 06:13:15,663 -     || saved model
2023-12-22 06:13:15,665 - 
2023-12-22 06:13:15,666 - #epc: 39
2023-12-22 06:13:16,766 - epc:39, epc_KL:  0.500000
2023-12-22 06:21:39,227 - exact_match_tst_copy_acc: 0.006
2023-12-22 06:21:39,228 - exact_match_tst_reinflection_wlemma: 0.004
2023-12-22 06:21:39,229 - exact_match_tst_reinflection_wlemma_TAGFINDER1: 0.002
2023-12-22 06:21:39,230 - exact_match_tst_reinflection_wlemma_TAGFINDER1_or_2: 0.004
2023-12-22 06:21:39,660 - TRN || epcloss: 0.9265
2023-12-22 06:21:39,661 -     || Q: 3.7055
2023-12-22 06:21:39,662 -     || KL: 0.1026
2023-12-22 06:21:39,663 -     || token_match: 0.000, exact_match: 0.000
2023-12-22 06:21:39,664 -     || unique taglist code: 234157
2023-12-22 06:21:39,666 - DEV || epcloss: 0.6639
2023-12-22 06:21:39,667 -     || Q: 3.4855
2023-12-22 06:21:39,668 -     || KL: 0.1640
2023-12-22 06:21:39,669 -     || token_match: 0.000, exact_match: 0.000
2023-12-22 06:21:39,670 -     || unique taglist code: 1398
2023-12-22 06:21:39,673 -     || seen taglist code: 654
2023-12-22 06:21:39,755 -     || saved model
2023-12-22 06:21:39,757 - 
2023-12-22 06:21:39,758 - #epc: 40
2023-12-22 06:21:40,788 - epc:40, epc_KL:  0.500000
2023-12-22 06:29:46,500 - exact_match_tst_copy_acc: 0.054
2023-12-22 06:29:46,500 - exact_match_tst_reinflection_wlemma: 0.027
2023-12-22 06:29:46,501 - exact_match_tst_reinflection_wlemma_TAGFINDER1: 0.010
2023-12-22 06:29:46,502 - exact_match_tst_reinflection_wlemma_TAGFINDER1_or_2: 0.018
2023-12-22 06:29:46,951 - TRN || epcloss: 0.6403
2023-12-22 06:29:46,952 -     || Q: 3.1562
2023-12-22 06:29:46,953 -     || KL: 0.0669
2023-12-22 06:29:46,953 -     || token_match: 0.000, exact_match: 0.000
2023-12-22 06:29:46,954 -     || unique taglist code: 227171
2023-12-22 06:29:46,955 - DEV || epcloss: 0.5539
2023-12-22 06:29:46,956 -     || Q: 2.7709
2023-12-22 06:29:46,957 -     || KL: 0.1389
2023-12-22 06:29:46,958 -     || token_match: 0.000, exact_match: 0.000
2023-12-22 06:29:46,958 -     || unique taglist code: 1417
2023-12-22 06:29:46,961 -     || seen taglist code: 562
2023-12-22 06:29:47,066 -     || saved model
2023-12-22 06:29:47,068 - 
2023-12-22 06:29:47,069 - #epc: 41
2023-12-22 06:29:48,090 - epc:41, epc_KL:  0.500000
2023-12-22 06:38:04,725 - exact_match_tst_copy_acc: 0.210
2023-12-22 06:38:04,726 - exact_match_tst_reinflection_wlemma: 0.112
2023-12-22 06:38:04,727 - exact_match_tst_reinflection_wlemma_TAGFINDER1: 0.041
2023-12-22 06:38:04,727 - exact_match_tst_reinflection_wlemma_TAGFINDER1_or_2: 0.070
2023-12-22 06:38:05,170 - TRN || epcloss: 0.4090
2023-12-22 06:38:05,171 -     || Q: 2.3339
2023-12-22 06:38:05,172 -     || KL: 0.0623
2023-12-22 06:38:05,173 -     || token_match: 0.000, exact_match: 0.000
2023-12-22 06:38:05,173 -     || unique taglist code: 315992
2023-12-22 06:38:05,174 - DEV || epcloss: 0.2392
2023-12-22 06:38:05,175 -     || Q: 1.8961
2023-12-22 06:38:05,176 -     || KL: 0.1408
2023-12-22 06:38:05,177 -     || token_match: 0.000, exact_match: 0.000
2023-12-22 06:38:05,177 -     || unique taglist code: 1445
2023-12-22 06:38:05,181 -     || seen taglist code: 215
2023-12-22 06:38:05,279 -     || saved model
2023-12-22 06:38:05,281 - 
2023-12-22 06:38:05,282 - #epc: 42
2023-12-22 06:38:06,353 - epc:42, epc_KL:  0.500000
2023-12-22 06:46:19,443 - exact_match_tst_copy_acc: 0.532
2023-12-22 06:46:19,444 - exact_match_tst_reinflection_wlemma: 0.347
2023-12-22 06:46:19,445 - exact_match_tst_reinflection_wlemma_TAGFINDER1: 0.129
2023-12-22 06:46:19,446 - exact_match_tst_reinflection_wlemma_TAGFINDER1_or_2: 0.232
2023-12-22 06:46:19,987 - TRN || epcloss: 0.2066
2023-12-22 06:46:19,989 -     || Q: 1.7022
2023-12-22 06:46:19,990 -     || KL: 0.0546
2023-12-22 06:46:19,991 -     || token_match: 0.000, exact_match: 0.000
2023-12-22 06:46:19,991 -     || unique taglist code: 354947
2023-12-22 06:46:19,992 - DEV || epcloss: 0.1095
2023-12-22 06:46:19,993 -     || Q: 1.4762
2023-12-22 06:46:19,994 -     || KL: 0.1156
2023-12-22 06:46:19,995 -     || token_match: 0.000, exact_match: 0.000
2023-12-22 06:46:19,996 -     || unique taglist code: 1445
2023-12-22 06:46:19,998 -     || seen taglist code: 185
2023-12-22 06:46:20,101 -     || saved model
2023-12-22 06:46:20,103 - 
2023-12-22 06:46:20,104 - #epc: 43
2023-12-22 06:46:21,142 - epc:43, epc_KL:  0.500000
2023-12-22 06:54:38,415 - exact_match_tst_copy_acc: 0.713
2023-12-22 06:54:38,417 - exact_match_tst_reinflection_wlemma: 0.492
2023-12-22 06:54:38,417 - exact_match_tst_reinflection_wlemma_TAGFINDER1: 0.187
2023-12-22 06:54:38,418 - exact_match_tst_reinflection_wlemma_TAGFINDER1_or_2: 0.336
2023-12-22 06:54:38,883 - TRN || epcloss: 0.1198
2023-12-22 06:54:38,884 -     || Q: 1.3045
2023-12-22 06:54:38,885 -     || KL: 0.0458
2023-12-22 06:54:38,886 -     || token_match: 0.000, exact_match: 0.000
2023-12-22 06:54:38,887 -     || unique taglist code: 371096
2023-12-22 06:54:38,887 - DEV || epcloss: 0.0677
2023-12-22 06:54:38,888 -     || Q: 1.1321
2023-12-22 06:54:38,889 -     || KL: 0.1011
2023-12-22 06:54:38,890 -     || token_match: 0.000, exact_match: 0.000
2023-12-22 06:54:38,891 -     || unique taglist code: 1446
2023-12-22 06:54:38,893 -     || seen taglist code: 192
2023-12-22 06:54:39,030 -     || saved model
2023-12-22 06:54:39,033 - 
2023-12-22 06:54:39,033 - #epc: 44
2023-12-22 06:54:40,113 - epc:44, epc_KL:  0.500000
2023-12-22 07:02:51,332 - exact_match_tst_copy_acc: 0.810
2023-12-22 07:02:51,333 - exact_match_tst_reinflection_wlemma: 0.601
2023-12-22 07:02:51,333 - exact_match_tst_reinflection_wlemma_TAGFINDER1: 0.246
2023-12-22 07:02:51,334 - exact_match_tst_reinflection_wlemma_TAGFINDER1_or_2: 0.423
2023-12-22 07:02:52,097 - TRN || epcloss: 0.0749
2023-12-22 07:02:52,098 -     || Q: 1.0290
2023-12-22 07:02:52,099 -     || KL: 0.0394
2023-12-22 07:02:52,099 -     || token_match: 0.000, exact_match: 0.000
2023-12-22 07:02:52,100 -     || unique taglist code: 374401
2023-12-22 07:02:52,101 - DEV || epcloss: 0.0440
2023-12-22 07:02:52,102 -     || Q: 0.9595
2023-12-22 07:02:52,103 -     || KL: 0.0900
2023-12-22 07:02:52,104 -     || token_match: 0.000, exact_match: 0.000
2023-12-22 07:02:52,104 -     || unique taglist code: 1446
2023-12-22 07:02:52,106 -     || seen taglist code: 138
2023-12-22 07:02:52,162 -     || saved model
2023-12-22 07:02:52,164 - 
2023-12-22 07:02:52,165 - #epc: 45
2023-12-22 07:02:53,212 - epc:45, epc_KL:  0.500000
2023-12-22 07:11:05,035 - exact_match_tst_copy_acc: 0.885
2023-12-22 07:11:05,036 - exact_match_tst_reinflection_wlemma: 0.787
2023-12-22 07:11:05,037 - exact_match_tst_reinflection_wlemma_TAGFINDER1: 0.330
2023-12-22 07:11:05,038 - exact_match_tst_reinflection_wlemma_TAGFINDER1_or_2: 0.564
2023-12-22 07:11:05,541 - TRN || epcloss: 0.0509
2023-12-22 07:11:05,542 -     || Q: 0.8351
2023-12-22 07:11:05,543 -     || KL: 0.0327
2023-12-22 07:11:05,544 -     || token_match: 0.000, exact_match: 0.000
2023-12-22 07:11:05,544 -     || unique taglist code: 385729
2023-12-22 07:11:05,545 - DEV || epcloss: 0.0269
2023-12-22 07:11:05,546 -     || Q: 0.7098
2023-12-22 07:11:05,547 -     || KL: 0.0707
2023-12-22 07:11:05,548 -     || token_match: 0.000, exact_match: 0.000
2023-12-22 07:11:05,549 -     || unique taglist code: 1445
2023-12-22 07:11:05,551 -     || seen taglist code: 120
2023-12-22 07:11:05,612 -     || saved model
2023-12-22 07:11:05,615 - 
2023-12-22 07:11:05,615 - #epc: 46
2023-12-22 07:11:06,639 - epc:46, epc_KL:  0.500000
2023-12-22 07:19:18,976 - exact_match_tst_copy_acc: 0.900
2023-12-22 07:19:18,977 - exact_match_tst_reinflection_wlemma: 0.868
2023-12-22 07:19:18,977 - exact_match_tst_reinflection_wlemma_TAGFINDER1: 0.363
2023-12-22 07:19:18,978 - exact_match_tst_reinflection_wlemma_TAGFINDER1_or_2: 0.618
2023-12-22 07:19:19,423 - TRN || epcloss: 0.0381
2023-12-22 07:19:19,424 -     || Q: 0.6997
2023-12-22 07:19:19,425 -     || KL: 0.0280
2023-12-22 07:19:19,426 -     || token_match: 0.000, exact_match: 0.000
2023-12-22 07:19:19,427 -     || unique taglist code: 384681
2023-12-22 07:19:19,427 - DEV || epcloss: 0.0236
2023-12-22 07:19:19,428 -     || Q: 0.6456
2023-12-22 07:19:19,429 -     || KL: 0.0647
2023-12-22 07:19:19,430 -     || token_match: 0.000, exact_match: 0.000
2023-12-22 07:19:19,430 -     || unique taglist code: 1445
2023-12-22 07:19:19,432 -     || seen taglist code: 120
2023-12-22 07:19:19,514 -     || saved model
2023-12-22 07:19:19,516 - 
2023-12-22 07:19:19,517 - #epc: 47
2023-12-22 07:19:20,583 - epc:47, epc_KL:  0.500000
2023-12-22 07:27:41,431 - exact_match_tst_copy_acc: 0.894
2023-12-22 07:27:41,432 - exact_match_tst_reinflection_wlemma: 0.858
2023-12-22 07:27:41,434 - exact_match_tst_reinflection_wlemma_TAGFINDER1: 0.360
2023-12-22 07:27:41,434 - exact_match_tst_reinflection_wlemma_TAGFINDER1_or_2: 0.609
2023-12-22 07:27:42,152 - TRN || epcloss: 0.0337
2023-12-22 07:27:42,153 -     || Q: 0.6589
2023-12-22 07:27:42,154 -     || KL: 0.0264
2023-12-22 07:27:42,155 -     || token_match: 0.000, exact_match: 0.000
2023-12-22 07:27:42,156 -     || unique taglist code: 386943
2023-12-22 07:27:42,157 - DEV || epcloss: 0.0220
2023-12-22 07:27:42,157 -     || Q: 0.5988
2023-12-22 07:27:42,158 -     || KL: 0.0643
2023-12-22 07:27:42,159 -     || token_match: 0.000, exact_match: 0.000
2023-12-22 07:27:42,160 -     || unique taglist code: 1444
2023-12-22 07:27:42,162 -     || seen taglist code: 118
2023-12-22 07:27:42,247 -     || saved model
2023-12-22 07:27:42,250 - 
2023-12-22 07:27:42,251 - #epc: 48
2023-12-22 07:27:43,377 - epc:48, epc_KL:  0.500000
2023-12-22 07:36:00,516 - exact_match_tst_copy_acc: 0.871
2023-12-22 07:36:00,517 - exact_match_tst_reinflection_wlemma: 0.854
2023-12-22 07:36:00,518 - exact_match_tst_reinflection_wlemma_TAGFINDER1: 0.349
2023-12-22 07:36:00,519 - exact_match_tst_reinflection_wlemma_TAGFINDER1_or_2: 0.605
2023-12-22 07:36:01,175 - TRN || epcloss: 0.0276
2023-12-22 07:36:01,176 -     || Q: 0.5932
2023-12-22 07:36:01,177 -     || KL: 0.0252
2023-12-22 07:36:01,178 -     || token_match: 0.000, exact_match: 0.000
2023-12-22 07:36:01,179 -     || unique taglist code: 384568
2023-12-22 07:36:01,180 - DEV || epcloss: 0.0308
2023-12-22 07:36:01,180 -     || Q: 0.5878
2023-12-22 07:36:01,181 -     || KL: 0.0596
2023-12-22 07:36:01,182 -     || token_match: 0.000, exact_match: 0.000
2023-12-22 07:36:01,183 -     || unique taglist code: 1445
2023-12-22 07:36:01,185 -     || seen taglist code: 106
2023-12-22 07:36:01,267 -     || saved model
2023-12-22 07:36:01,269 - 
2023-12-22 07:36:01,270 - #epc: 49
2023-12-22 07:36:02,381 - epc:49, epc_KL:  0.500000
2023-12-22 07:44:16,616 - exact_match_tst_copy_acc: 0.947
2023-12-22 07:44:16,617 - exact_match_tst_reinflection_wlemma: 0.929
2023-12-22 07:44:16,618 - exact_match_tst_reinflection_wlemma_TAGFINDER1: 0.393
2023-12-22 07:44:16,619 - exact_match_tst_reinflection_wlemma_TAGFINDER1_or_2: 0.664
2023-12-22 07:44:17,893 - TRN || epcloss: 0.0239
2023-12-22 07:44:17,894 -     || Q: 0.5255
2023-12-22 07:44:17,895 -     || KL: 0.0241
2023-12-22 07:44:17,895 -     || token_match: 0.000, exact_match: 0.000
2023-12-22 07:44:17,896 -     || unique taglist code: 383008
2023-12-22 07:44:17,897 - DEV || epcloss: 0.0108
2023-12-22 07:44:17,898 -     || Q: 0.4537
2023-12-22 07:44:17,899 -     || KL: 0.0539
2023-12-22 07:44:17,899 -     || token_match: 0.000, exact_match: 0.000
2023-12-22 07:44:17,900 -     || unique taglist code: 1444
2023-12-22 07:44:17,902 -     || seen taglist code: 152
2023-12-22 07:44:18,026 -     || saved model
