2023-12-17 00:40:57,162 - trnsize: 404897
2023-12-17 00:40:57,166 - devsize: 1446
2023-12-17 00:40:57,167 - tstsize: 1446
2023-12-17 00:40:57,818 - Trn unique tgts: 404896
2023-12-17 00:40:57,819 - Trn unique lemmas: 588
2023-12-17 00:40:57,820 - Trn unique taglists: 703
2023-12-17 00:40:57,821 - Dev unique tgts: 1446
2023-12-17 00:40:57,822 - Dev unique lemmas: 536
2023-12-17 00:40:57,823 - Dev unique taglists: 616
2023-12-17 00:40:57,824 - Tst unique tgts: 1446
2023-12-17 00:40:57,825 - Tst unique lemmas: 536
2023-12-17 00:40:57,825 - Tst unique taglists: 616
2023-12-17 00:40:57,826 - seen_dev_tgt: 1
2023-12-17 00:40:57,827 - seen_dev_lemma: 1446
2023-12-17 00:40:57,828 - seen_dev_taglist: 1446
2023-12-17 00:40:57,829 - seen_tst_tgt: 1
2023-12-17 00:40:57,830 - seen_tst_lemma: 1446
2023-12-17 00:40:57,831 - seen_tst_taglist: 1446
2023-12-17 00:41:21,236 - trnID: run2_8x6_zLEM100_zTAG128_decnh1024_kl1.0_epc10_strt5_decdo0.2_inpemb128_bsize64
2023-12-17 00:41:21,238 - batchsize: 64
2023-12-17 00:41:21,239 - epochs: 75
2023-12-17 00:41:21,239 - lr: 0.00050
2023-12-17 00:41:21,240 - KL_WEIGHT: 1.00000
2023-12-17 00:41:21,241 - opt: Adam (
Parameter Group 0
    amsgrad: False
    betas: (0.5, 0.999)
    capturable: False
    eps: 1e-08
    foreach: None
    lr: 0.0005
    maximize: False
    weight_decay: 0
)
2023-12-17 00:41:21,242 - VQVAE(
  (encoder): Encoder_GRU_VQVAE(
    (layers): ModuleList(
      (0): Embedding(39, 128)
      (1): Dropout(p=0.0, inplace=False)
      (2): GRU(128, 256, batch_first=True, bidirectional=True)
    )
  )
  (z_linears): ModuleList(
    (0): Linear(in_features=256, out_features=128, bias=True)
    (1): Linear(in_features=256, out_features=128, bias=True)
    (2): Linear(in_features=256, out_features=128, bias=True)
    (3): Linear(in_features=256, out_features=128, bias=True)
    (4): Linear(in_features=256, out_features=128, bias=True)
    (5): Linear(in_features=256, out_features=128, bias=True)
    (6): Linear(in_features=256, out_features=128, bias=True)
    (7): Linear(in_features=256, out_features=128, bias=True)
  )
  (quantizers): ModuleList(
    (0): Quantizer(
      (embeddings): Embedding(6, 128)
    )
    (1): Quantizer(
      (embeddings): Embedding(6, 128)
    )
    (2): Quantizer(
      (embeddings): Embedding(6, 128)
    )
    (3): Quantizer(
      (embeddings): Embedding(6, 128)
    )
    (4): Quantizer(
      (embeddings): Embedding(6, 128)
    )
    (5): Quantizer(
      (embeddings): Embedding(6, 128)
    )
    (6): Quantizer(
      (embeddings): Embedding(6, 128)
    )
    (7): Quantizer(
      (embeddings): Embedding(6, 128)
    )
  )
  (z_lemma_mu): Linear(in_features=256, out_features=100, bias=True)
  (z_lemma_logvar): Linear(in_features=256, out_features=100, bias=True)
  (up_from_z_layer): Linear(in_features=228, out_features=1024, bias=True)
  (decoder): Decoder_GRU_VQVAE(
    (layers): ModuleList(
      (0): Embedding(39, 128)
      (1): Dropout(p=0.2, inplace=False)
      (2): GRU(356, 1024, batch_first=True)
      (3): Linear(in_features=1024, out_features=39, bias=True)
    )
    (loss): CrossEntropyLoss()
  )
)
2023-12-17 00:41:21,346 - trnsize: 404897
2023-12-17 00:41:21,347 - devsize: 1446
2023-12-17 00:41:21,348 - tstsize: 1446
2023-12-17 00:41:21,349 - 
2023-12-17 00:41:21,349 - #epc: 0
2023-12-17 00:41:21,352 - epc:0, epc_KL:  0.000000
2023-12-17 00:49:05,731 - exact_match_tst_copy_acc: 0.991
2023-12-17 00:49:05,732 - exact_match_tst_reinflection_wlemma: 0.101
2023-12-17 00:49:05,733 - exact_match_tst_reinflection_wlemma_TAGFINDER1: 0.100
2023-12-17 00:49:05,734 - exact_match_tst_reinflection_wlemma_TAGFINDER1_or_2: 0.104
2023-12-17 00:49:06,016 - TRN || epcloss: 0.0714
2023-12-17 00:49:06,017 -     || Q: 0.0962
2023-12-17 00:49:06,018 -     || KL: 5.3221
2023-12-17 00:49:06,019 -     || token_match: 0.978, exact_match: 0.846
2023-12-17 00:49:06,020 -     || unique taglist code: 14067
2023-12-17 00:49:06,021 - DEV || epcloss: 0.0019
2023-12-17 00:49:06,022 -     || Q: 0.0158
2023-12-17 00:49:06,023 -     || KL: 12.8011
2023-12-17 00:49:06,024 -     || token_match: 1.000, exact_match: 0.991
2023-12-17 00:49:06,025 -     || unique taglist code: 498
2023-12-17 00:49:06,026 -     || seen taglist code: 489
2023-12-17 00:49:06,027 -     || MOST used trncode: 14067
2023-12-17 00:49:06,028 -     || MOST used devcode: 498
2023-12-17 00:49:06,028 -     || BEST exact match (teacher forcing): 0.991
2023-12-17 00:49:06,080 -     || saved model
2023-12-17 00:49:06,082 - 
2023-12-17 00:49:06,083 - #epc: 1
2023-12-17 00:49:06,857 - epc:1, epc_KL:  0.000000
2023-12-17 00:56:53,562 - exact_match_tst_copy_acc: 0.996
2023-12-17 00:56:53,564 - exact_match_tst_reinflection_wlemma: 0.107
2023-12-17 00:56:53,565 - exact_match_tst_reinflection_wlemma_TAGFINDER1: 0.107
2023-12-17 00:56:53,566 - exact_match_tst_reinflection_wlemma_TAGFINDER1_or_2: 0.108
2023-12-17 00:56:53,843 - TRN || epcloss: 0.0042
2023-12-17 00:56:53,844 -     || Q: 0.0098
2023-12-17 00:56:53,845 -     || KL: 6.2252
2023-12-17 00:56:53,846 -     || token_match: 0.999, exact_match: 0.983
2023-12-17 00:56:53,847 -     || unique taglist code: 9209
2023-12-17 00:56:53,848 - DEV || epcloss: 0.0009
2023-12-17 00:56:53,849 -     || Q: 0.0044
2023-12-17 00:56:53,850 -     || KL: 14.0049
2023-12-17 00:56:53,851 -     || token_match: 1.000, exact_match: 0.996
2023-12-17 00:56:53,852 -     || unique taglist code: 440
2023-12-17 00:56:53,853 -     || seen taglist code: 429
2023-12-17 00:56:53,855 -     || BEST exact match (teacher forcing): 0.996
2023-12-17 00:56:53,901 -     || saved model
2023-12-17 00:56:53,903 - 
2023-12-17 00:56:53,904 - #epc: 2
2023-12-17 00:56:54,626 - epc:2, epc_KL:  0.000000
2023-12-17 01:04:55,972 - exact_match_tst_copy_acc: 0.998
2023-12-17 01:04:55,973 - exact_match_tst_reinflection_wlemma: 0.086
2023-12-17 01:04:55,974 - exact_match_tst_reinflection_wlemma_TAGFINDER1: 0.083
2023-12-17 01:04:55,975 - exact_match_tst_reinflection_wlemma_TAGFINDER1_or_2: 0.086
2023-12-17 01:04:56,256 - TRN || epcloss: 0.0034
2023-12-17 01:04:56,257 -     || Q: 0.0067
2023-12-17 01:04:56,258 -     || KL: 6.6480
2023-12-17 01:04:56,259 -     || token_match: 0.999, exact_match: 0.988
2023-12-17 01:04:56,260 -     || unique taglist code: 11930
2023-12-17 01:04:56,261 - DEV || epcloss: 0.0004
2023-12-17 01:04:56,261 -     || Q: 0.0025
2023-12-17 01:04:56,262 -     || KL: 15.1055
2023-12-17 01:04:56,263 -     || token_match: 1.000, exact_match: 0.998
2023-12-17 01:04:56,264 -     || unique taglist code: 507
2023-12-17 01:04:56,265 -     || seen taglist code: 492
2023-12-17 01:04:56,266 -     || MOST used devcode: 507
2023-12-17 01:04:56,267 -     || BEST exact match (teacher forcing): 0.998
2023-12-17 01:04:56,310 -     || saved model
2023-12-17 01:04:56,312 - 
2023-12-17 01:04:56,313 - #epc: 3
2023-12-17 01:04:57,040 - epc:3, epc_KL:  0.000000
2023-12-17 01:13:12,212 - exact_match_tst_copy_acc: 1.000
2023-12-17 01:13:12,213 - exact_match_tst_reinflection_wlemma: 0.080
2023-12-17 01:13:12,214 - exact_match_tst_reinflection_wlemma_TAGFINDER1: 0.079
2023-12-17 01:13:12,215 - exact_match_tst_reinflection_wlemma_TAGFINDER1_or_2: 0.081
2023-12-17 01:13:12,603 - TRN || epcloss: 0.0021
2023-12-17 01:13:12,604 -     || Q: 0.0045
2023-12-17 01:13:12,605 -     || KL: 7.2010
2023-12-17 01:13:12,606 -     || token_match: 0.999, exact_match: 0.991
2023-12-17 01:13:12,606 -     || unique taglist code: 16365
2023-12-17 01:13:12,607 - DEV || epcloss: 0.0002
2023-12-17 01:13:12,608 -     || Q: 0.0021
2023-12-17 01:13:12,609 -     || KL: 16.0407
2023-12-17 01:13:12,610 -     || token_match: 1.000, exact_match: 1.000
2023-12-17 01:13:12,611 -     || unique taglist code: 566
2023-12-17 01:13:12,613 -     || seen taglist code: 555
2023-12-17 01:13:12,614 -     || MOST used trncode: 16365
2023-12-17 01:13:12,615 -     || MOST used devcode: 566
2023-12-17 01:13:12,616 -     || BEST exact match (teacher forcing): 1.000
2023-12-17 01:13:12,667 -     || saved model
2023-12-17 01:13:12,670 - 
2023-12-17 01:13:12,671 - #epc: 4
2023-12-17 01:13:13,760 - epc:4, epc_KL:  0.000000
2023-12-17 01:21:33,862 - exact_match_tst_copy_acc: 0.974
2023-12-17 01:21:33,863 - exact_match_tst_reinflection_wlemma: 0.065
2023-12-17 01:21:33,864 - exact_match_tst_reinflection_wlemma_TAGFINDER1: 0.059
2023-12-17 01:21:33,865 - exact_match_tst_reinflection_wlemma_TAGFINDER1_or_2: 0.064
2023-12-17 01:21:34,137 - TRN || epcloss: 0.0020
2023-12-17 01:21:34,138 -     || Q: 0.0050
2023-12-17 01:21:34,139 -     || KL: 7.6461
2023-12-17 01:21:34,140 -     || token_match: 1.000, exact_match: 0.991
2023-12-17 01:21:34,141 -     || unique taglist code: 18700
2023-12-17 01:21:34,142 - DEV || epcloss: 0.0045
2023-12-17 01:21:34,143 -     || Q: 0.0102
2023-12-17 01:21:34,144 -     || KL: 16.6220
2023-12-17 01:21:34,145 -     || token_match: 0.999, exact_match: 0.974
2023-12-17 01:21:34,146 -     || unique taglist code: 465
2023-12-17 01:21:34,147 -     || seen taglist code: 404
2023-12-17 01:21:34,148 -     || MOST used trncode: 18700
2023-12-17 01:21:34,195 -     || saved model
2023-12-17 01:21:34,197 - 
2023-12-17 01:21:34,198 - #epc: 5
2023-12-17 01:21:35,211 - epc:5, epc_KL:  0.100000
2023-12-17 01:29:46,505 - exact_match_tst_copy_acc: 0.999
2023-12-17 01:29:46,507 - exact_match_tst_reinflection_wlemma: 0.613
2023-12-17 01:29:46,508 - exact_match_tst_reinflection_wlemma_TAGFINDER1: 0.589
2023-12-17 01:29:46,508 - exact_match_tst_reinflection_wlemma_TAGFINDER1_or_2: 0.621
2023-12-17 01:29:47,088 - TRN || epcloss: 0.0199
2023-12-17 01:29:47,089 -     || Q: 0.0317
2023-12-17 01:29:47,090 -     || KL: 0.6751
2023-12-17 01:29:47,091 -     || token_match: 0.994, exact_match: 0.896
2023-12-17 01:29:47,092 -     || unique taglist code: 30807
2023-12-17 01:29:47,093 - DEV || epcloss: 0.0089
2023-12-17 01:29:47,094 -     || Q: 0.0434
2023-12-17 01:29:47,095 -     || KL: 1.1281
2023-12-17 01:29:47,096 -     || token_match: 0.997, exact_match: 0.942
2023-12-17 01:29:47,098 -     || unique taglist code: 1042
2023-12-17 01:29:47,100 -     || seen taglist code: 1007
2023-12-17 01:29:47,101 -     || MOST used trncode: 30807
2023-12-17 01:29:47,102 -     || MOST used devcode: 1042
2023-12-17 01:29:47,150 -     || saved model
2023-12-17 01:29:47,152 - 
2023-12-17 01:29:47,153 - #epc: 6
2023-12-17 01:29:48,017 - epc:6, epc_KL:  0.200000
2023-12-17 01:38:09,211 - exact_match_tst_copy_acc: 0.991
2023-12-17 01:38:09,213 - exact_match_tst_reinflection_wlemma: 0.911
2023-12-17 01:38:09,214 - exact_match_tst_reinflection_wlemma_TAGFINDER1: 0.844
2023-12-17 01:38:09,215 - exact_match_tst_reinflection_wlemma_TAGFINDER1_or_2: 0.909
2023-12-17 01:38:09,792 - TRN || epcloss: 0.0220
2023-12-17 01:38:09,793 -     || Q: 0.0824
2023-12-17 01:38:09,794 -     || KL: 0.3499
2023-12-17 01:38:09,795 -     || token_match: 0.994, exact_match: 0.891
2023-12-17 01:38:09,796 -     || unique taglist code: 24620
2023-12-17 01:38:09,797 - DEV || epcloss: 0.0107
2023-12-17 01:38:09,798 -     || Q: 0.0790
2023-12-17 01:38:09,799 -     || KL: 0.6696
2023-12-17 01:38:09,800 -     || token_match: 0.996, exact_match: 0.933
2023-12-17 01:38:09,801 -     || unique taglist code: 1170
2023-12-17 01:38:09,803 -     || seen taglist code: 1133
2023-12-17 01:38:09,804 -     || MOST used devcode: 1170
2023-12-17 01:38:09,856 -     || saved model
2023-12-17 01:38:09,859 - 
2023-12-17 01:38:09,860 - #epc: 7
2023-12-17 01:38:10,832 - epc:7, epc_KL:  0.300000
2023-12-17 01:46:38,458 - exact_match_tst_copy_acc: 0.983
2023-12-17 01:46:38,459 - exact_match_tst_reinflection_wlemma: 0.969
2023-12-17 01:46:38,460 - exact_match_tst_reinflection_wlemma_TAGFINDER1: 0.822
2023-12-17 01:46:38,461 - exact_match_tst_reinflection_wlemma_TAGFINDER1_or_2: 0.943
2023-12-17 01:46:38,985 - TRN || epcloss: 0.0225
2023-12-17 01:46:38,986 -     || Q: 0.1373
2023-12-17 01:46:38,987 -     || KL: 0.2508
2023-12-17 01:46:38,988 -     || token_match: 0.993, exact_match: 0.879
2023-12-17 01:46:38,989 -     || unique taglist code: 30540
2023-12-17 01:46:38,990 - DEV || epcloss: 0.0170
2023-12-17 01:46:38,991 -     || Q: 0.1466
2023-12-17 01:46:38,992 -     || KL: 0.4816
2023-12-17 01:46:38,993 -     || token_match: 0.994, exact_match: 0.896
2023-12-17 01:46:38,994 -     || unique taglist code: 1328
2023-12-17 01:46:38,997 -     || seen taglist code: 1251
2023-12-17 01:46:38,998 -     || MOST used devcode: 1328
2023-12-17 01:46:39,046 -     || saved model
2023-12-17 01:46:39,049 - 
2023-12-17 01:46:39,050 - #epc: 8
2023-12-17 01:46:40,041 - epc:8, epc_KL:  0.400000
2023-12-17 01:55:00,318 - exact_match_tst_copy_acc: 0.984
2023-12-17 01:55:00,320 - exact_match_tst_reinflection_wlemma: 0.976
2023-12-17 01:55:00,321 - exact_match_tst_reinflection_wlemma_TAGFINDER1: 0.697
2023-12-17 01:55:00,322 - exact_match_tst_reinflection_wlemma_TAGFINDER1_or_2: 0.903
2023-12-17 01:55:00,771 - TRN || epcloss: 0.0232
2023-12-17 01:55:00,773 -     || Q: 0.2023
2023-12-17 01:55:00,774 -     || KL: 0.1871
2023-12-17 01:55:00,775 -     || token_match: 0.993, exact_match: 0.878
2023-12-17 01:55:00,776 -     || unique taglist code: 46759
2023-12-17 01:55:00,777 - DEV || epcloss: 0.0166
2023-12-17 01:55:00,778 -     || Q: 0.2075
2023-12-17 01:55:00,779 -     || KL: 0.3714
2023-12-17 01:55:00,780 -     || token_match: 0.995, exact_match: 0.909
2023-12-17 01:55:00,781 -     || unique taglist code: 1387
2023-12-17 01:55:00,783 -     || seen taglist code: 1291
2023-12-17 01:55:00,785 -     || MOST used trncode: 46759
2023-12-17 01:55:00,785 -     || MOST used devcode: 1387
2023-12-17 01:55:00,831 -     || saved model
2023-12-17 01:55:00,833 - 
2023-12-17 01:55:00,834 - #epc: 9
2023-12-17 01:55:01,767 - epc:9, epc_KL:  0.500000
2023-12-17 02:03:17,053 - exact_match_tst_copy_acc: 0.967
2023-12-17 02:03:17,054 - exact_match_tst_reinflection_wlemma: 0.963
2023-12-17 02:03:17,055 - exact_match_tst_reinflection_wlemma_TAGFINDER1: 0.554
2023-12-17 02:03:17,056 - exact_match_tst_reinflection_wlemma_TAGFINDER1_or_2: 0.825
2023-12-17 02:03:17,611 - TRN || epcloss: 0.0239
2023-12-17 02:03:17,612 -     || Q: 0.2538
2023-12-17 02:03:17,614 -     || KL: 0.1515
2023-12-17 02:03:17,615 -     || token_match: 0.993, exact_match: 0.875
2023-12-17 02:03:17,616 -     || unique taglist code: 60495
2023-12-17 02:03:17,617 - DEV || epcloss: 0.0267
2023-12-17 02:03:17,618 -     || Q: 0.3145
2023-12-17 02:03:17,619 -     || KL: 0.3286
2023-12-17 02:03:17,621 -     || token_match: 0.993, exact_match: 0.869
2023-12-17 02:03:17,622 -     || unique taglist code: 1407
2023-12-17 02:03:17,625 -     || seen taglist code: 1266
2023-12-17 02:03:17,627 -     || MOST used trncode: 60495
2023-12-17 02:03:17,628 -     || MOST used devcode: 1407
2023-12-17 02:03:17,682 -     || saved model
2023-12-17 02:03:17,684 - 
2023-12-17 02:03:17,685 - #epc: 10
2023-12-17 02:03:18,668 - epc:10, epc_KL:  0.600000
2023-12-17 02:11:41,986 - exact_match_tst_copy_acc: 0.977
2023-12-17 02:11:41,987 - exact_match_tst_reinflection_wlemma: 0.974
2023-12-17 02:11:41,988 - exact_match_tst_reinflection_wlemma_TAGFINDER1: 0.497
2023-12-17 02:11:41,989 - exact_match_tst_reinflection_wlemma_TAGFINDER1_or_2: 0.779
2023-12-17 02:11:42,434 - TRN || epcloss: 0.0253
2023-12-17 02:11:42,435 -     || Q: 0.3074
2023-12-17 02:11:42,436 -     || KL: 0.1253
2023-12-17 02:11:42,436 -     || token_match: 0.993, exact_match: 0.871
2023-12-17 02:11:42,437 -     || unique taglist code: 84070
2023-12-17 02:11:42,438 - DEV || epcloss: 0.0236
2023-12-17 02:11:42,439 -     || Q: 0.3037
2023-12-17 02:11:42,440 -     || KL: 0.2388
2023-12-17 02:11:42,440 -     || token_match: 0.993, exact_match: 0.886
2023-12-17 02:11:42,441 -     || unique taglist code: 1422
2023-12-17 02:11:42,445 -     || seen taglist code: 1243
2023-12-17 02:11:42,446 -     || MOST used trncode: 84070
2023-12-17 02:11:42,447 -     || MOST used devcode: 1422
2023-12-17 02:11:42,500 -     || saved model
2023-12-17 02:11:42,503 - 
2023-12-17 02:11:42,504 - #epc: 11
2023-12-17 02:11:43,455 - epc:11, epc_KL:  0.700000
2023-12-17 02:20:01,332 - exact_match_tst_copy_acc: 0.975
2023-12-17 02:20:01,333 - exact_match_tst_reinflection_wlemma: 0.975
2023-12-17 02:20:01,334 - exact_match_tst_reinflection_wlemma_TAGFINDER1: 0.474
2023-12-17 02:20:01,335 - exact_match_tst_reinflection_wlemma_TAGFINDER1_or_2: 0.762
2023-12-17 02:20:01,804 - TRN || epcloss: 0.0258
2023-12-17 02:20:01,805 -     || Q: 0.3462
2023-12-17 02:20:01,806 -     || KL: 0.1063
2023-12-17 02:20:01,807 -     || token_match: 0.993, exact_match: 0.870
2023-12-17 02:20:01,808 -     || unique taglist code: 109481
2023-12-17 02:20:01,809 - DEV || epcloss: 0.0221
2023-12-17 02:20:01,810 -     || Q: 0.3224
2023-12-17 02:20:01,810 -     || KL: 0.2089
2023-12-17 02:20:01,811 -     || token_match: 0.994, exact_match: 0.885
2023-12-17 02:20:01,812 -     || unique taglist code: 1429
2023-12-17 02:20:01,815 -     || seen taglist code: 1278
2023-12-17 02:20:01,817 -     || MOST used trncode: 109481
2023-12-17 02:20:01,818 -     || MOST used devcode: 1429
2023-12-17 02:20:01,923 -     || saved model
2023-12-17 02:20:01,926 - 
2023-12-17 02:20:01,927 - #epc: 12
2023-12-17 02:20:02,881 - epc:12, epc_KL:  0.800000
2023-12-17 02:27:56,897 - exact_match_tst_copy_acc: 0.971
2023-12-17 02:27:56,898 - exact_match_tst_reinflection_wlemma: 0.972
2023-12-17 02:27:56,899 - exact_match_tst_reinflection_wlemma_TAGFINDER1: 0.452
2023-12-17 02:27:56,900 - exact_match_tst_reinflection_wlemma_TAGFINDER1_or_2: 0.739
2023-12-17 02:27:57,249 - TRN || epcloss: 0.0279
2023-12-17 02:27:57,251 -     || Q: 0.4076
2023-12-17 02:27:57,252 -     || KL: 0.0933
2023-12-17 02:27:57,253 -     || token_match: 0.992, exact_match: 0.861
2023-12-17 02:27:57,253 -     || unique taglist code: 123667
2023-12-17 02:27:57,255 - DEV || epcloss: 0.0255
2023-12-17 02:27:57,256 -     || Q: 0.4020
2023-12-17 02:27:57,257 -     || KL: 0.1794
2023-12-17 02:27:57,257 -     || token_match: 0.992, exact_match: 0.862
2023-12-17 02:27:57,258 -     || unique taglist code: 1431
2023-12-17 02:27:57,262 -     || seen taglist code: 1151
2023-12-17 02:27:57,263 -     || MOST used trncode: 123667
2023-12-17 02:27:57,264 -     || MOST used devcode: 1431
2023-12-17 02:27:57,355 -     || saved model
2023-12-17 02:27:57,357 - 
2023-12-17 02:27:57,358 - #epc: 13
2023-12-17 02:27:58,079 - epc:13, epc_KL:  0.900000
2023-12-17 02:35:52,521 - exact_match_tst_copy_acc: 0.941
2023-12-17 02:35:52,522 - exact_match_tst_reinflection_wlemma: 0.941
2023-12-17 02:35:52,523 - exact_match_tst_reinflection_wlemma_TAGFINDER1: 0.421
2023-12-17 02:35:52,524 - exact_match_tst_reinflection_wlemma_TAGFINDER1_or_2: 0.695
2023-12-17 02:35:52,836 - TRN || epcloss: 0.0322
2023-12-17 02:35:52,837 -     || Q: 0.5123
2023-12-17 02:35:52,838 -     || KL: 0.0795
2023-12-17 02:35:52,839 -     || token_match: 0.991, exact_match: 0.842
2023-12-17 02:35:52,840 -     || unique taglist code: 167372
2023-12-17 02:35:52,841 - DEV || epcloss: 0.0317
2023-12-17 02:35:52,842 -     || Q: 0.5757
2023-12-17 02:35:52,843 -     || KL: 0.1557
2023-12-17 02:35:52,844 -     || token_match: 0.991, exact_match: 0.831
2023-12-17 02:35:52,845 -     || unique taglist code: 1436
2023-12-17 02:35:52,849 -     || seen taglist code: 1124
2023-12-17 02:35:52,850 -     || MOST used trncode: 167372
2023-12-17 02:35:52,851 -     || MOST used devcode: 1436
2023-12-17 02:35:52,921 -     || saved model
2023-12-17 02:35:52,924 - 
2023-12-17 02:35:52,925 - #epc: 14
2023-12-17 02:35:53,645 - epc:14, epc_KL:  1.000000
2023-12-17 02:43:51,004 - exact_match_tst_copy_acc: 0.938
2023-12-17 02:43:51,005 - exact_match_tst_reinflection_wlemma: 0.932
2023-12-17 02:43:51,006 - exact_match_tst_reinflection_wlemma_TAGFINDER1: 0.409
2023-12-17 02:43:51,007 - exact_match_tst_reinflection_wlemma_TAGFINDER1_or_2: 0.679
2023-12-17 02:43:51,338 - TRN || epcloss: 0.0363
2023-12-17 02:43:51,339 -     || Q: 0.6509
2023-12-17 02:43:51,340 -     || KL: 0.0673
2023-12-17 02:43:51,341 -     || token_match: 0.990, exact_match: 0.823
2023-12-17 02:43:51,342 -     || unique taglist code: 176182
2023-12-17 02:43:51,343 - DEV || epcloss: 0.0363
2023-12-17 02:43:51,344 -     || Q: 0.7252
2023-12-17 02:43:51,345 -     || KL: 0.1363
2023-12-17 02:43:51,346 -     || token_match: 0.990, exact_match: 0.817
2023-12-17 02:43:51,347 -     || unique taglist code: 1439
2023-12-17 02:43:51,349 -     || seen taglist code: 1130
2023-12-17 02:43:51,350 -     || MOST used trncode: 176182
2023-12-17 02:43:51,351 -     || MOST used devcode: 1439
2023-12-17 02:43:51,428 -     || saved model
2023-12-17 02:43:51,430 - 
2023-12-17 02:43:51,431 - #epc: 15
2023-12-17 02:43:52,155 - epc:15, epc_KL:  1.000000
2023-12-17 02:51:49,114 - exact_match_tst_copy_acc: 0.931
2023-12-17 02:51:49,115 - exact_match_tst_reinflection_wlemma: 0.930
2023-12-17 02:51:49,117 - exact_match_tst_reinflection_wlemma_TAGFINDER1: 0.411
2023-12-17 02:51:49,118 - exact_match_tst_reinflection_wlemma_TAGFINDER1_or_2: 0.680
2023-12-17 02:51:49,445 - TRN || epcloss: 0.0360
2023-12-17 02:51:49,446 -     || Q: 0.7208
2023-12-17 02:51:49,447 -     || KL: 0.0616
2023-12-17 02:51:49,448 -     || token_match: 0.990, exact_match: 0.823
2023-12-17 02:51:49,449 -     || unique taglist code: 183655
2023-12-17 02:51:49,450 - DEV || epcloss: 0.0371
2023-12-17 02:51:49,451 -     || Q: 0.7659
2023-12-17 02:51:49,452 -     || KL: 0.1227
2023-12-17 02:51:49,453 -     || token_match: 0.990, exact_match: 0.821
2023-12-17 02:51:49,454 -     || unique taglist code: 1440
2023-12-17 02:51:49,457 -     || seen taglist code: 1088
2023-12-17 02:51:49,459 -     || MOST used trncode: 183655
2023-12-17 02:51:49,459 -     || MOST used devcode: 1440
2023-12-17 02:51:49,524 -     || saved model
2023-12-17 02:51:49,526 - 
2023-12-17 02:51:49,526 - #epc: 16
2023-12-17 02:51:50,241 - epc:16, epc_KL:  1.000000
2023-12-17 02:59:47,564 - exact_match_tst_copy_acc: 0.925
2023-12-17 02:59:47,565 - exact_match_tst_reinflection_wlemma: 0.927
2023-12-17 02:59:47,566 - exact_match_tst_reinflection_wlemma_TAGFINDER1: 0.402
2023-12-17 02:59:47,567 - exact_match_tst_reinflection_wlemma_TAGFINDER1_or_2: 0.674
2023-12-17 02:59:47,896 - TRN || epcloss: 0.0387
2023-12-17 02:59:47,897 -     || Q: 0.8170
2023-12-17 02:59:47,898 -     || KL: 0.0566
2023-12-17 02:59:47,898 -     || token_match: 0.989, exact_match: 0.813
2023-12-17 02:59:47,899 -     || unique taglist code: 191222
2023-12-17 02:59:47,901 - DEV || epcloss: 0.0334
2023-12-17 02:59:47,901 -     || Q: 0.8017
2023-12-17 02:59:47,902 -     || KL: 0.1112
2023-12-17 02:59:47,904 -     || token_match: 0.990, exact_match: 0.815
2023-12-17 02:59:47,905 -     || unique taglist code: 1439
2023-12-17 02:59:47,908 -     || seen taglist code: 1105
2023-12-17 02:59:47,909 -     || MOST used trncode: 191222
2023-12-17 02:59:47,991 -     || saved model
2023-12-17 02:59:47,993 - 
2023-12-17 02:59:47,994 - #epc: 17
2023-12-17 02:59:48,775 - epc:17, epc_KL:  1.000000
2023-12-17 03:07:46,366 - exact_match_tst_copy_acc: 0.911
2023-12-17 03:07:46,367 - exact_match_tst_reinflection_wlemma: 0.912
2023-12-17 03:07:46,368 - exact_match_tst_reinflection_wlemma_TAGFINDER1: 0.392
2023-12-17 03:07:46,369 - exact_match_tst_reinflection_wlemma_TAGFINDER1_or_2: 0.662
2023-12-17 03:07:46,684 - TRN || epcloss: 0.0375
2023-12-17 03:07:46,685 -     || Q: 0.8332
2023-12-17 03:07:46,686 -     || KL: 0.0522
2023-12-17 03:07:46,687 -     || token_match: 0.989, exact_match: 0.815
2023-12-17 03:07:46,688 -     || unique taglist code: 194686
2023-12-17 03:07:46,689 - DEV || epcloss: 0.0376
2023-12-17 03:07:46,690 -     || Q: 0.8170
2023-12-17 03:07:46,691 -     || KL: 0.1081
2023-12-17 03:07:46,692 -     || token_match: 0.989, exact_match: 0.813
2023-12-17 03:07:46,692 -     || unique taglist code: 1441
2023-12-17 03:07:46,695 -     || seen taglist code: 1118
2023-12-17 03:07:46,696 -     || MOST used trncode: 194686
2023-12-17 03:07:46,697 -     || MOST used devcode: 1441
2023-12-17 03:07:46,774 -     || saved model
2023-12-17 03:07:46,776 - 
2023-12-17 03:07:46,777 - #epc: 18
2023-12-17 03:07:47,493 - epc:18, epc_KL:  1.000000
2023-12-17 03:15:43,105 - exact_match_tst_copy_acc: 0.917
2023-12-17 03:15:43,106 - exact_match_tst_reinflection_wlemma: 0.925
2023-12-17 03:15:43,107 - exact_match_tst_reinflection_wlemma_TAGFINDER1: 0.398
2023-12-17 03:15:43,108 - exact_match_tst_reinflection_wlemma_TAGFINDER1_or_2: 0.671
2023-12-17 03:15:43,437 - TRN || epcloss: 0.0365
2023-12-17 03:15:43,438 -     || Q: 0.8289
2023-12-17 03:15:43,439 -     || KL: 0.0492
2023-12-17 03:15:43,440 -     || token_match: 0.989, exact_match: 0.820
2023-12-17 03:15:43,441 -     || unique taglist code: 192550
2023-12-17 03:15:43,442 - DEV || epcloss: 0.0335
2023-12-17 03:15:43,443 -     || Q: 0.8337
2023-12-17 03:15:43,444 -     || KL: 0.1043
2023-12-17 03:15:43,445 -     || token_match: 0.990, exact_match: 0.829
2023-12-17 03:15:43,446 -     || unique taglist code: 1442
2023-12-17 03:15:43,448 -     || seen taglist code: 1138
2023-12-17 03:15:43,449 -     || MOST used devcode: 1442
2023-12-17 03:15:43,526 -     || saved model
2023-12-17 03:15:43,528 - 
2023-12-17 03:15:43,529 - #epc: 19
2023-12-17 03:15:44,265 - epc:19, epc_KL:  1.000000
2023-12-17 03:23:40,617 - exact_match_tst_copy_acc: 0.929
2023-12-17 03:23:40,618 - exact_match_tst_reinflection_wlemma: 0.927
2023-12-17 03:23:40,619 - exact_match_tst_reinflection_wlemma_TAGFINDER1: 0.405
2023-12-17 03:23:40,620 - exact_match_tst_reinflection_wlemma_TAGFINDER1_or_2: 0.675
2023-12-17 03:23:40,932 - TRN || epcloss: 0.0362
2023-12-17 03:23:40,933 -     || Q: 0.8242
2023-12-17 03:23:40,934 -     || KL: 0.0474
2023-12-17 03:23:40,935 -     || token_match: 0.989, exact_match: 0.819
2023-12-17 03:23:40,936 -     || unique taglist code: 199286
2023-12-17 03:23:40,937 - DEV || epcloss: 0.0371
2023-12-17 03:23:40,938 -     || Q: 0.7924
2023-12-17 03:23:40,939 -     || KL: 0.0892
2023-12-17 03:23:40,940 -     || token_match: 0.989, exact_match: 0.811
2023-12-17 03:23:40,941 -     || unique taglist code: 1439
2023-12-17 03:23:40,943 -     || seen taglist code: 1117
2023-12-17 03:23:40,944 -     || MOST used trncode: 199286
2023-12-17 03:23:41,035 -     || saved model
2023-12-17 03:23:41,037 - 
2023-12-17 03:23:41,038 - #epc: 20
2023-12-17 03:23:41,785 - epc:20, epc_KL:  1.000000
2023-12-17 03:31:37,063 - exact_match_tst_copy_acc: 0.925
2023-12-17 03:31:37,065 - exact_match_tst_reinflection_wlemma: 0.932
2023-12-17 03:31:37,066 - exact_match_tst_reinflection_wlemma_TAGFINDER1: 0.402
2023-12-17 03:31:37,067 - exact_match_tst_reinflection_wlemma_TAGFINDER1_or_2: 0.670
2023-12-17 03:31:37,374 - TRN || epcloss: 0.0349
2023-12-17 03:31:37,375 -     || Q: 0.8203
2023-12-17 03:31:37,376 -     || KL: 0.0452
2023-12-17 03:31:37,378 -     || token_match: 0.990, exact_match: 0.827
2023-12-17 03:31:37,379 -     || unique taglist code: 204036
2023-12-17 03:31:37,380 - DEV || epcloss: 0.0322
2023-12-17 03:31:37,381 -     || Q: 0.7822
2023-12-17 03:31:37,382 -     || KL: 0.0864
2023-12-17 03:31:37,383 -     || token_match: 0.990, exact_match: 0.824
2023-12-17 03:31:37,384 -     || unique taglist code: 1444
2023-12-17 03:31:37,386 -     || seen taglist code: 1078
2023-12-17 03:31:37,387 -     || MOST used trncode: 204036
2023-12-17 03:31:37,388 -     || MOST used devcode: 1444
2023-12-17 03:31:37,463 -     || saved model
2023-12-17 03:31:37,465 - 
2023-12-17 03:31:37,466 - #epc: 21
2023-12-17 03:31:38,187 - epc:21, epc_KL:  1.000000
2023-12-17 03:39:34,419 - exact_match_tst_copy_acc: 0.929
2023-12-17 03:39:34,421 - exact_match_tst_reinflection_wlemma: 0.932
2023-12-17 03:39:34,423 - exact_match_tst_reinflection_wlemma_TAGFINDER1: 0.408
2023-12-17 03:39:34,426 - exact_match_tst_reinflection_wlemma_TAGFINDER1_or_2: 0.674
2023-12-17 03:39:34,736 - TRN || epcloss: 0.0358
2023-12-17 03:39:34,737 -     || Q: 0.8453
2023-12-17 03:39:34,738 -     || KL: 0.0437
2023-12-17 03:39:34,739 -     || token_match: 0.990, exact_match: 0.826
2023-12-17 03:39:34,740 -     || unique taglist code: 206970
2023-12-17 03:39:34,741 - DEV || epcloss: 0.0330
2023-12-17 03:39:34,742 -     || Q: 0.8330
2023-12-17 03:39:34,743 -     || KL: 0.0869
2023-12-17 03:39:34,744 -     || token_match: 0.991, exact_match: 0.834
2023-12-17 03:39:34,745 -     || unique taglist code: 1442
2023-12-17 03:39:34,747 -     || seen taglist code: 1093
2023-12-17 03:39:34,749 -     || MOST used trncode: 206970
2023-12-17 03:39:34,813 -     || saved model
2023-12-17 03:39:34,815 - 
2023-12-17 03:39:34,816 - #epc: 22
2023-12-17 03:39:35,545 - epc:22, epc_KL:  1.000000
2023-12-17 03:47:31,095 - exact_match_tst_copy_acc: 0.898
2023-12-17 03:47:31,097 - exact_match_tst_reinflection_wlemma: 0.907
2023-12-17 03:47:31,098 - exact_match_tst_reinflection_wlemma_TAGFINDER1: 0.397
2023-12-17 03:47:31,099 - exact_match_tst_reinflection_wlemma_TAGFINDER1_or_2: 0.657
2023-12-17 03:47:31,406 - TRN || epcloss: 0.0364
2023-12-17 03:47:31,407 -     || Q: 0.8664
2023-12-17 03:47:31,408 -     || KL: 0.0425
2023-12-17 03:47:31,408 -     || token_match: 0.990, exact_match: 0.825
2023-12-17 03:47:31,409 -     || unique taglist code: 206586
2023-12-17 03:47:31,410 - DEV || epcloss: 0.0395
2023-12-17 03:47:31,411 -     || Q: 0.9276
2023-12-17 03:47:31,412 -     || KL: 0.0888
2023-12-17 03:47:31,413 -     || token_match: 0.989, exact_match: 0.817
2023-12-17 03:47:31,414 -     || unique taglist code: 1442
2023-12-17 03:47:31,416 -     || seen taglist code: 1066
2023-12-17 03:47:31,493 -     || saved model
2023-12-17 03:47:31,495 - 
2023-12-17 03:47:31,496 - #epc: 23
2023-12-17 03:47:32,217 - epc:23, epc_KL:  1.000000
2023-12-17 03:55:27,457 - exact_match_tst_copy_acc: 0.889
2023-12-17 03:55:27,459 - exact_match_tst_reinflection_wlemma: 0.898
2023-12-17 03:55:27,459 - exact_match_tst_reinflection_wlemma_TAGFINDER1: 0.387
2023-12-17 03:55:27,461 - exact_match_tst_reinflection_wlemma_TAGFINDER1_or_2: 0.649
2023-12-17 03:55:27,780 - TRN || epcloss: 0.0381
2023-12-17 03:55:27,781 -     || Q: 0.9051
2023-12-17 03:55:27,782 -     || KL: 0.0416
2023-12-17 03:55:27,783 -     || token_match: 0.989, exact_match: 0.819
2023-12-17 03:55:27,784 -     || unique taglist code: 208199
2023-12-17 03:55:27,785 - DEV || epcloss: 0.0396
2023-12-17 03:55:27,786 -     || Q: 0.9481
2023-12-17 03:55:27,788 -     || KL: 0.0894
2023-12-17 03:55:27,789 -     || token_match: 0.989, exact_match: 0.809
2023-12-17 03:55:27,789 -     || unique taglist code: 1439
2023-12-17 03:55:27,792 -     || seen taglist code: 1078
2023-12-17 03:55:27,793 -     || MOST used trncode: 208199
2023-12-17 03:55:27,854 -     || saved model
2023-12-17 03:55:27,856 - 
2023-12-17 03:55:27,857 - #epc: 24
2023-12-17 03:55:28,574 - epc:24, epc_KL:  1.000000
2023-12-17 04:03:24,366 - exact_match_tst_copy_acc: 0.902
2023-12-17 04:03:24,367 - exact_match_tst_reinflection_wlemma: 0.903
2023-12-17 04:03:24,368 - exact_match_tst_reinflection_wlemma_TAGFINDER1: 0.388
2023-12-17 04:03:24,369 - exact_match_tst_reinflection_wlemma_TAGFINDER1_or_2: 0.651
2023-12-17 04:03:24,682 - TRN || epcloss: 0.0404
2023-12-17 04:03:24,683 -     || Q: 0.9329
2023-12-17 04:03:24,684 -     || KL: 0.0418
2023-12-17 04:03:24,685 -     || token_match: 0.989, exact_match: 0.809
2023-12-17 04:03:24,686 -     || unique taglist code: 206217
2023-12-17 04:03:24,687 - DEV || epcloss: 0.0378
2023-12-17 04:03:24,688 -     || Q: 0.9915
2023-12-17 04:03:24,689 -     || KL: 0.0829
2023-12-17 04:03:24,690 -     || token_match: 0.989, exact_match: 0.798
2023-12-17 04:03:24,691 -     || unique taglist code: 1440
2023-12-17 04:03:24,693 -     || seen taglist code: 1083
2023-12-17 04:03:24,754 -     || saved model
2023-12-17 04:03:24,756 - 
2023-12-17 04:03:24,757 - #epc: 25
2023-12-17 04:03:25,483 - epc:25, epc_KL:  1.000000
2023-12-17 04:11:18,459 - exact_match_tst_copy_acc: 0.918
2023-12-17 04:11:18,460 - exact_match_tst_reinflection_wlemma: 0.921
2023-12-17 04:11:18,461 - exact_match_tst_reinflection_wlemma_TAGFINDER1: 0.400
2023-12-17 04:11:18,462 - exact_match_tst_reinflection_wlemma_TAGFINDER1_or_2: 0.672
2023-12-17 04:11:18,775 - TRN || epcloss: 0.0471
2023-12-17 04:11:18,776 -     || Q: 0.9479
2023-12-17 04:11:18,778 -     || KL: 0.0433
2023-12-17 04:11:18,779 -     || token_match: 0.986, exact_match: 0.779
2023-12-17 04:11:18,780 -     || unique taglist code: 205177
2023-12-17 04:11:18,781 - DEV || epcloss: 0.0351
2023-12-17 04:11:18,782 -     || Q: 0.8136
2023-12-17 04:11:18,783 -     || KL: 0.0824
2023-12-17 04:11:18,784 -     || token_match: 0.991, exact_match: 0.844
2023-12-17 04:11:18,784 -     || unique taglist code: 1442
2023-12-17 04:11:18,787 -     || seen taglist code: 1086
2023-12-17 04:11:18,860 -     || saved model
2023-12-17 04:11:18,862 - 
2023-12-17 04:11:18,863 - #epc: 26
2023-12-17 04:11:19,589 - epc:26, epc_KL:  1.000000
2023-12-17 04:19:14,379 - exact_match_tst_copy_acc: 0.878
2023-12-17 04:19:14,380 - exact_match_tst_reinflection_wlemma: 0.876
2023-12-17 04:19:14,381 - exact_match_tst_reinflection_wlemma_TAGFINDER1: 0.380
2023-12-17 04:19:14,382 - exact_match_tst_reinflection_wlemma_TAGFINDER1_or_2: 0.633
2023-12-17 04:19:14,703 - TRN || epcloss: 0.0380
2023-12-17 04:19:14,704 -     || Q: 0.8113
2023-12-17 04:19:14,705 -     || KL: 0.0410
2023-12-17 04:19:14,706 -     || token_match: 0.989, exact_match: 0.815
2023-12-17 04:19:14,708 -     || unique taglist code: 205520
2023-12-17 04:19:14,709 - DEV || epcloss: 0.0512
2023-12-17 04:19:14,710 -     || Q: 0.7963
2023-12-17 04:19:14,711 -     || KL: 0.0856
2023-12-17 04:19:14,712 -     || token_match: 0.987, exact_match: 0.777
2023-12-17 04:19:14,713 -     || unique taglist code: 1441
2023-12-17 04:19:14,714 -     || seen taglist code: 1113
2023-12-17 04:19:14,836 -     || saved model
2023-12-17 04:19:14,840 - 
2023-12-17 04:19:14,841 - #epc: 27
2023-12-17 04:19:15,723 - epc:27, epc_KL:  1.000000
2023-12-17 04:27:13,101 - exact_match_tst_copy_acc: 0.908
2023-12-17 04:27:13,102 - exact_match_tst_reinflection_wlemma: 0.911
2023-12-17 04:27:13,103 - exact_match_tst_reinflection_wlemma_TAGFINDER1: 0.399
2023-12-17 04:27:13,104 - exact_match_tst_reinflection_wlemma_TAGFINDER1_or_2: 0.661
2023-12-17 04:27:13,429 - TRN || epcloss: 0.0439
2023-12-17 04:27:13,430 -     || Q: 0.8117
2023-12-17 04:27:13,431 -     || KL: 0.0416
2023-12-17 04:27:13,432 -     || token_match: 0.988, exact_match: 0.794
2023-12-17 04:27:13,434 -     || unique taglist code: 207195
2023-12-17 04:27:13,434 - DEV || epcloss: 0.0383
2023-12-17 04:27:13,435 -     || Q: 0.8960
2023-12-17 04:27:13,437 -     || KL: 0.0875
2023-12-17 04:27:13,438 -     || token_match: 0.989, exact_match: 0.806
2023-12-17 04:27:13,439 -     || unique taglist code: 1437
2023-12-17 04:27:13,441 -     || seen taglist code: 1099
2023-12-17 04:27:13,514 -     || saved model
2023-12-17 04:27:13,516 - 
2023-12-17 04:27:13,517 - #epc: 28
2023-12-17 04:27:14,234 - epc:28, epc_KL:  1.000000
2023-12-17 04:35:10,899 - exact_match_tst_copy_acc: 0.877
2023-12-17 04:35:10,901 - exact_match_tst_reinflection_wlemma: 0.884
2023-12-17 04:35:10,901 - exact_match_tst_reinflection_wlemma_TAGFINDER1: 0.382
2023-12-17 04:35:10,902 - exact_match_tst_reinflection_wlemma_TAGFINDER1_or_2: 0.638
2023-12-17 04:35:11,233 - TRN || epcloss: 0.0570
2023-12-17 04:35:11,236 -     || Q: 0.9333
2023-12-17 04:35:11,237 -     || KL: 0.0441
2023-12-17 04:35:11,238 -     || token_match: 0.984, exact_match: 0.749
2023-12-17 04:35:11,239 -     || unique taglist code: 203736
2023-12-17 04:35:11,240 - DEV || epcloss: 0.0418
2023-12-17 04:35:11,241 -     || Q: 0.8252
2023-12-17 04:35:11,242 -     || KL: 0.0903
2023-12-17 04:35:11,243 -     || token_match: 0.988, exact_match: 0.790
2023-12-17 04:35:11,244 -     || unique taglist code: 1438
2023-12-17 04:35:11,246 -     || seen taglist code: 1119
2023-12-17 04:35:11,309 -     || saved model
2023-12-17 04:35:11,312 - 
2023-12-17 04:35:11,312 - #epc: 29
2023-12-17 04:35:12,015 - epc:29, epc_KL:  1.000000
2023-12-17 04:43:07,925 - exact_match_tst_copy_acc: 0.878
2023-12-17 04:43:07,926 - exact_match_tst_reinflection_wlemma: 0.873
2023-12-17 04:43:07,927 - exact_match_tst_reinflection_wlemma_TAGFINDER1: 0.373
2023-12-17 04:43:07,928 - exact_match_tst_reinflection_wlemma_TAGFINDER1_or_2: 0.627
2023-12-17 04:43:08,257 - TRN || epcloss: 0.0470
2023-12-17 04:43:08,258 -     || Q: 0.8432
2023-12-17 04:43:08,259 -     || KL: 0.0419
2023-12-17 04:43:08,260 -     || token_match: 0.987, exact_match: 0.784
2023-12-17 04:43:08,261 -     || unique taglist code: 203343
2023-12-17 04:43:08,261 - DEV || epcloss: 0.0421
2023-12-17 04:43:08,262 -     || Q: 0.8158
2023-12-17 04:43:08,263 -     || KL: 0.0895
2023-12-17 04:43:08,264 -     || token_match: 0.987, exact_match: 0.792
2023-12-17 04:43:08,265 -     || unique taglist code: 1440
2023-12-17 04:43:08,267 -     || seen taglist code: 1093
2023-12-17 04:43:08,360 -     || saved model
2023-12-17 04:43:08,364 - 
2023-12-17 04:43:08,365 - #epc: 30
2023-12-17 04:43:09,253 - epc:30, epc_KL:  1.000000
2023-12-17 04:51:06,124 - exact_match_tst_copy_acc: 0.883
2023-12-17 04:51:06,126 - exact_match_tst_reinflection_wlemma: 0.878
2023-12-17 04:51:06,127 - exact_match_tst_reinflection_wlemma_TAGFINDER1: 0.373
2023-12-17 04:51:06,127 - exact_match_tst_reinflection_wlemma_TAGFINDER1_or_2: 0.632
2023-12-17 04:51:06,441 - TRN || epcloss: 0.0479
2023-12-17 04:51:06,443 -     || Q: 0.8830
2023-12-17 04:51:06,444 -     || KL: 0.0416
2023-12-17 04:51:06,445 -     || token_match: 0.986, exact_match: 0.776
2023-12-17 04:51:06,446 -     || unique taglist code: 201727
2023-12-17 04:51:06,447 - DEV || epcloss: 0.0454
2023-12-17 04:51:06,448 -     || Q: 0.8862
2023-12-17 04:51:06,449 -     || KL: 0.0915
2023-12-17 04:51:06,450 -     || token_match: 0.987, exact_match: 0.796
2023-12-17 04:51:06,451 -     || unique taglist code: 1441
2023-12-17 04:51:06,455 -     || seen taglist code: 1095
2023-12-17 04:51:06,528 -     || saved model
2023-12-17 04:51:06,530 - 
2023-12-17 04:51:06,531 - #epc: 31
2023-12-17 04:51:07,264 - epc:31, epc_KL:  1.000000
2023-12-17 04:59:03,270 - exact_match_tst_copy_acc: 0.396
2023-12-17 04:59:03,271 - exact_match_tst_reinflection_wlemma: 0.398
2023-12-17 04:59:03,272 - exact_match_tst_reinflection_wlemma_TAGFINDER1: 0.156
2023-12-17 04:59:03,273 - exact_match_tst_reinflection_wlemma_TAGFINDER1_or_2: 0.277
2023-12-17 04:59:03,615 - TRN || epcloss: 0.1235
2023-12-17 04:59:03,617 -     || Q: 1.0884
2023-12-17 04:59:03,618 -     || KL: 0.0528
2023-12-17 04:59:03,619 -     || token_match: 0.962, exact_match: 0.585
2023-12-17 04:59:03,619 -     || unique taglist code: 212633
2023-12-17 04:59:03,620 - DEV || epcloss: 0.1649
2023-12-17 04:59:03,621 -     || Q: 1.4044
2023-12-17 04:59:03,622 -     || KL: 0.1266
2023-12-17 04:59:03,623 -     || token_match: 0.945, exact_match: 0.342
2023-12-17 04:59:03,624 -     || unique taglist code: 1435
2023-12-17 04:59:03,626 -     || seen taglist code: 1002
2023-12-17 04:59:03,627 -     || MOST used trncode: 212633
2023-12-17 04:59:03,704 -     || saved model
2023-12-17 04:59:03,707 - 
2023-12-17 04:59:03,708 - #epc: 32
2023-12-17 04:59:04,444 - epc:32, epc_KL:  1.000000
2023-12-17 05:06:59,563 - exact_match_tst_copy_acc: 0.779
2023-12-17 05:06:59,565 - exact_match_tst_reinflection_wlemma: 0.782
2023-12-17 05:06:59,566 - exact_match_tst_reinflection_wlemma_TAGFINDER1: 0.333
2023-12-17 05:06:59,567 - exact_match_tst_reinflection_wlemma_TAGFINDER1_or_2: 0.561
2023-12-17 05:06:59,879 - TRN || epcloss: 0.0979
2023-12-17 05:06:59,880 -     || Q: 1.1762
2023-12-17 05:06:59,880 -     || KL: 0.0495
2023-12-17 05:06:59,881 -     || token_match: 0.969, exact_match: 0.578
2023-12-17 05:06:59,882 -     || unique taglist code: 205471
2023-12-17 05:06:59,883 - DEV || epcloss: 0.0611
2023-12-17 05:06:59,884 -     || Q: 1.0042
2023-12-17 05:06:59,885 -     || KL: 0.0932
2023-12-17 05:06:59,886 -     || token_match: 0.980, exact_match: 0.687
2023-12-17 05:06:59,887 -     || unique taglist code: 1435
2023-12-17 05:06:59,889 -     || seen taglist code: 1060
2023-12-17 05:06:59,968 -     || saved model
2023-12-17 05:06:59,970 - 
2023-12-17 05:06:59,971 - #epc: 33
2023-12-17 05:07:00,691 - epc:33, epc_KL:  1.000000
2023-12-17 05:14:57,320 - exact_match_tst_copy_acc: 0.844
2023-12-17 05:14:57,321 - exact_match_tst_reinflection_wlemma: 0.843
2023-12-17 05:14:57,322 - exact_match_tst_reinflection_wlemma_TAGFINDER1: 0.358
2023-12-17 05:14:57,323 - exact_match_tst_reinflection_wlemma_TAGFINDER1_or_2: 0.604
2023-12-17 05:14:57,636 - TRN || epcloss: 0.0707
2023-12-17 05:14:57,637 -     || Q: 1.0302
2023-12-17 05:14:57,638 -     || KL: 0.0462
2023-12-17 05:14:57,639 -     || token_match: 0.979, exact_match: 0.678
2023-12-17 05:14:57,640 -     || unique taglist code: 206994
2023-12-17 05:14:57,641 - DEV || epcloss: 0.0533
2023-12-17 05:14:57,642 -     || Q: 0.9474
2023-12-17 05:14:57,643 -     || KL: 0.0992
2023-12-17 05:14:57,644 -     || token_match: 0.985, exact_match: 0.760
2023-12-17 05:14:57,645 -     || unique taglist code: 1440
2023-12-17 05:14:57,648 -     || seen taglist code: 1092
2023-12-17 05:14:57,724 -     || saved model
2023-12-17 05:14:57,726 - 
2023-12-17 05:14:57,727 - #epc: 34
2023-12-17 05:14:58,445 - epc:34, epc_KL:  1.000000
2023-12-17 05:22:53,648 - exact_match_tst_copy_acc: 0.845
2023-12-17 05:22:53,649 - exact_match_tst_reinflection_wlemma: 0.842
2023-12-17 05:22:53,650 - exact_match_tst_reinflection_wlemma_TAGFINDER1: 0.349
2023-12-17 05:22:53,651 - exact_match_tst_reinflection_wlemma_TAGFINDER1_or_2: 0.601
2023-12-17 05:22:53,981 - TRN || epcloss: 0.0634
2023-12-17 05:22:53,982 -     || Q: 0.9688
2023-12-17 05:22:53,983 -     || KL: 0.0451
2023-12-17 05:22:53,984 -     || token_match: 0.982, exact_match: 0.710
2023-12-17 05:22:53,985 -     || unique taglist code: 203423
2023-12-17 05:22:53,986 - DEV || epcloss: 0.0503
2023-12-17 05:22:53,987 -     || Q: 0.9991
2023-12-17 05:22:53,988 -     || KL: 0.1021
2023-12-17 05:22:53,988 -     || token_match: 0.985, exact_match: 0.752
2023-12-17 05:22:53,989 -     || unique taglist code: 1440
2023-12-17 05:22:53,992 -     || seen taglist code: 1054
2023-12-17 05:22:54,056 -     || saved model
2023-12-17 05:22:54,058 - 
2023-12-17 05:22:54,059 - #epc: 35
2023-12-17 05:22:54,774 - epc:35, epc_KL:  1.000000
2023-12-17 05:30:49,610 - exact_match_tst_copy_acc: 0.855
2023-12-17 05:30:49,611 - exact_match_tst_reinflection_wlemma: 0.862
2023-12-17 05:30:49,612 - exact_match_tst_reinflection_wlemma_TAGFINDER1: 0.373
2023-12-17 05:30:49,613 - exact_match_tst_reinflection_wlemma_TAGFINDER1_or_2: 0.626
2023-12-17 05:30:49,931 - TRN || epcloss: 0.0693
2023-12-17 05:30:49,932 -     || Q: 1.0065
2023-12-17 05:30:49,933 -     || KL: 0.0462
2023-12-17 05:30:49,934 -     || token_match: 0.980, exact_match: 0.686
2023-12-17 05:30:49,935 -     || unique taglist code: 200107
2023-12-17 05:30:49,936 - DEV || epcloss: 0.0468
2023-12-17 05:30:49,937 -     || Q: 0.8812
2023-12-17 05:30:49,938 -     || KL: 0.0964
2023-12-17 05:30:49,939 -     || token_match: 0.986, exact_match: 0.766
2023-12-17 05:30:49,940 -     || unique taglist code: 1436
2023-12-17 05:30:49,944 -     || seen taglist code: 1104
2023-12-17 05:30:50,022 -     || saved model
2023-12-17 05:30:50,024 - 
2023-12-17 05:30:50,025 - #epc: 36
2023-12-17 05:30:50,753 - epc:36, epc_KL:  1.000000
2023-12-17 05:38:44,428 - exact_match_tst_copy_acc: 0.455
2023-12-17 05:38:44,429 - exact_match_tst_reinflection_wlemma: 0.456
2023-12-17 05:38:44,430 - exact_match_tst_reinflection_wlemma_TAGFINDER1: 0.180
2023-12-17 05:38:44,431 - exact_match_tst_reinflection_wlemma_TAGFINDER1_or_2: 0.322
2023-12-17 05:38:44,753 - TRN || epcloss: 0.1800
2023-12-17 05:38:44,754 -     || Q: 1.3931
2023-12-17 05:38:44,755 -     || KL: 0.0714
2023-12-17 05:38:44,756 -     || token_match: 0.943, exact_match: 0.371
2023-12-17 05:38:44,757 -     || unique taglist code: 189882
2023-12-17 05:38:44,758 - DEV || epcloss: 0.1396
2023-12-17 05:38:44,759 -     || Q: 1.4519
2023-12-17 05:38:44,760 -     || KL: 0.1478
2023-12-17 05:38:44,761 -     || token_match: 0.952, exact_match: 0.386
2023-12-17 05:38:44,761 -     || unique taglist code: 1433
2023-12-17 05:38:44,763 -     || seen taglist code: 1083
2023-12-17 05:38:44,836 -     || saved model
2023-12-17 05:38:44,839 - 
2023-12-17 05:38:44,839 - #epc: 37
2023-12-17 05:38:45,583 - epc:37, epc_KL:  1.000000
2023-12-17 05:46:38,201 - exact_match_tst_copy_acc: 0.730
2023-12-17 05:46:38,202 - exact_match_tst_reinflection_wlemma: 0.731
2023-12-17 05:46:38,203 - exact_match_tst_reinflection_wlemma_TAGFINDER1: 0.298
2023-12-17 05:46:38,204 - exact_match_tst_reinflection_wlemma_TAGFINDER1_or_2: 0.507
2023-12-17 05:46:38,525 - TRN || epcloss: 0.1058
2023-12-17 05:46:38,526 -     || Q: 1.2946
2023-12-17 05:46:38,527 -     || KL: 0.0527
2023-12-17 05:46:38,528 -     || token_match: 0.966, exact_match: 0.525
2023-12-17 05:46:38,529 -     || unique taglist code: 195306
2023-12-17 05:46:38,530 - DEV || epcloss: 0.0770
2023-12-17 05:46:38,531 -     || Q: 1.0157
2023-12-17 05:46:38,532 -     || KL: 0.1183
2023-12-17 05:46:38,533 -     || token_match: 0.976, exact_match: 0.638
2023-12-17 05:46:38,534 -     || unique taglist code: 1444
2023-12-17 05:46:38,536 -     || seen taglist code: 1068
2023-12-17 05:46:38,604 -     || saved model
2023-12-17 05:46:38,607 - 
2023-12-17 05:46:38,608 - #epc: 38
2023-12-17 05:46:39,331 - epc:38, epc_KL:  1.000000
2023-12-17 05:54:33,520 - exact_match_tst_copy_acc: 0.658
2023-12-17 05:54:33,521 - exact_match_tst_reinflection_wlemma: 0.655
2023-12-17 05:54:33,522 - exact_match_tst_reinflection_wlemma_TAGFINDER1: 0.266
2023-12-17 05:54:33,523 - exact_match_tst_reinflection_wlemma_TAGFINDER1_or_2: 0.460
2023-12-17 05:54:33,848 - TRN || epcloss: 0.0962
2023-12-17 05:54:33,849 -     || Q: 1.1348
2023-12-17 05:54:33,850 -     || KL: 0.0507
2023-12-17 05:54:33,851 -     || token_match: 0.969, exact_match: 0.568
2023-12-17 05:54:33,852 -     || unique taglist code: 198236
2023-12-17 05:54:33,853 - DEV || epcloss: 0.0911
2023-12-17 05:54:33,853 -     || Q: 1.1754
2023-12-17 05:54:33,854 -     || KL: 0.1209
2023-12-17 05:54:33,855 -     || token_match: 0.971, exact_match: 0.574
2023-12-17 05:54:33,856 -     || unique taglist code: 1439
2023-12-17 05:54:33,859 -     || seen taglist code: 1110
2023-12-17 05:54:33,946 -     || saved model
2023-12-17 05:54:33,948 - 
2023-12-17 05:54:33,950 - #epc: 39
2023-12-17 05:54:34,684 - epc:39, epc_KL:  1.000000
2023-12-17 06:02:24,273 - exact_match_tst_copy_acc: 0.470
2023-12-17 06:02:24,274 - exact_match_tst_reinflection_wlemma: 0.489
2023-12-17 06:02:24,275 - exact_match_tst_reinflection_wlemma_TAGFINDER1: 0.199
2023-12-17 06:02:24,276 - exact_match_tst_reinflection_wlemma_TAGFINDER1_or_2: 0.342
2023-12-17 06:02:24,594 - TRN || epcloss: 0.1256
2023-12-17 06:02:24,595 -     || Q: 1.3331
2023-12-17 06:02:24,596 -     || KL: 0.0575
2023-12-17 06:02:24,597 -     || token_match: 0.962, exact_match: 0.507
2023-12-17 06:02:24,598 -     || unique taglist code: 206024
2023-12-17 06:02:24,599 - DEV || epcloss: 0.1570
2023-12-17 06:02:24,600 -     || Q: 1.3317
2023-12-17 06:02:24,601 -     || KL: 0.1253
2023-12-17 06:02:24,602 -     || token_match: 0.951, exact_match: 0.410
2023-12-17 06:02:24,603 -     || unique taglist code: 1439
2023-12-17 06:02:24,606 -     || seen taglist code: 1054
2023-12-17 06:02:24,669 -     || saved model
2023-12-17 06:02:24,671 - 
2023-12-17 06:02:24,672 - #epc: 40
2023-12-17 06:02:25,387 - epc:40, epc_KL:  1.000000
2023-12-17 06:10:19,073 - exact_match_tst_copy_acc: 0.655
2023-12-17 06:10:19,074 - exact_match_tst_reinflection_wlemma: 0.661
2023-12-17 06:10:19,075 - exact_match_tst_reinflection_wlemma_TAGFINDER1: 0.278
2023-12-17 06:10:19,076 - exact_match_tst_reinflection_wlemma_TAGFINDER1_or_2: 0.478
2023-12-17 06:10:19,405 - TRN || epcloss: 0.1085
2023-12-17 06:10:19,406 -     || Q: 1.2014
2023-12-17 06:10:19,407 -     || KL: 0.0523
2023-12-17 06:10:19,408 -     || token_match: 0.966, exact_match: 0.539
2023-12-17 06:10:19,409 -     || unique taglist code: 202411
2023-12-17 06:10:19,409 - DEV || epcloss: 0.1005
2023-12-17 06:10:19,411 -     || Q: 1.2588
2023-12-17 06:10:19,412 -     || KL: 0.1265
2023-12-17 06:10:19,413 -     || token_match: 0.970, exact_match: 0.578
2023-12-17 06:10:19,413 -     || unique taglist code: 1439
2023-12-17 06:10:19,416 -     || seen taglist code: 1068
2023-12-17 06:10:19,488 -     || saved model
2023-12-17 06:10:19,491 - 
2023-12-17 06:10:19,492 - #epc: 41
2023-12-17 06:10:20,219 - epc:41, epc_KL:  1.000000
2023-12-17 06:18:13,005 - exact_match_tst_copy_acc: 0.760
2023-12-17 06:18:13,006 - exact_match_tst_reinflection_wlemma: 0.763
2023-12-17 06:18:13,007 - exact_match_tst_reinflection_wlemma_TAGFINDER1: 0.308
2023-12-17 06:18:13,008 - exact_match_tst_reinflection_wlemma_TAGFINDER1_or_2: 0.538
2023-12-17 06:18:13,361 - TRN || epcloss: 0.1157
2023-12-17 06:18:13,362 -     || Q: 1.3195
2023-12-17 06:18:13,363 -     || KL: 0.0563
2023-12-17 06:18:13,364 -     || token_match: 0.965, exact_match: 0.528
2023-12-17 06:18:13,365 -     || unique taglist code: 201159
2023-12-17 06:18:13,366 - DEV || epcloss: 0.0737
2023-12-17 06:18:13,367 -     || Q: 1.0803
2023-12-17 06:18:13,368 -     || KL: 0.1479
2023-12-17 06:18:13,369 -     || token_match: 0.978, exact_match: 0.656
2023-12-17 06:18:13,370 -     || unique taglist code: 1439
2023-12-17 06:18:13,375 -     || seen taglist code: 1097
2023-12-17 06:18:13,495 -     || saved model
2023-12-17 06:18:13,497 - 
2023-12-17 06:18:13,498 - #epc: 42
2023-12-17 06:18:14,234 - epc:42, epc_KL:  1.000000
2023-12-17 06:28:28,900 - exact_match_tst_copy_acc: 0.000
2023-12-17 06:28:28,901 - exact_match_tst_reinflection_wlemma: 0.000
2023-12-17 06:28:28,901 - exact_match_tst_reinflection_wlemma_TAGFINDER1: 0.000
2023-12-17 06:28:28,902 - exact_match_tst_reinflection_wlemma_TAGFINDER1_or_2: 0.000
2023-12-17 06:28:30,556 - TRN || epcloss: 2.0660
2023-12-17 06:28:30,558 -     || Q: 1.5020
2023-12-17 06:28:30,558 -     || KL: 0.1475
2023-12-17 06:28:30,560 -     || token_match: 0.802, exact_match: 0.382
2023-12-17 06:28:30,561 -     || unique taglist code: 194089
2023-12-17 06:28:30,561 - DEV || epcloss: 7.3497
2023-12-17 06:28:30,562 -     || Q: 2.2089
2023-12-17 06:28:30,564 -     || KL: 1.0055
2023-12-17 06:28:30,565 -     || token_match: 0.245, exact_match: 0.000
2023-12-17 06:28:30,566 -     || unique taglist code: 880
2023-12-17 06:28:30,568 -     || seen taglist code: 749
2023-12-17 06:28:30,647 -     || saved model
2023-12-17 06:28:30,649 - 
2023-12-17 06:28:30,650 - #epc: 43
2023-12-17 06:28:31,380 - epc:43, epc_KL:  1.000000
2023-12-17 06:37:50,520 - exact_match_tst_copy_acc: 0.000
2023-12-17 06:37:50,521 - exact_match_tst_reinflection_wlemma: 0.000
2023-12-17 06:37:50,522 - exact_match_tst_reinflection_wlemma_TAGFINDER1: 0.000
2023-12-17 06:37:50,523 - exact_match_tst_reinflection_wlemma_TAGFINDER1_or_2: 0.000
2023-12-17 06:37:51,396 - TRN || epcloss: 4.6041
2023-12-17 06:37:51,397 -     || Q: 1.6058
2023-12-17 06:37:51,398 -     || KL: 0.2273
2023-12-17 06:37:51,399 -     || token_match: 0.343, exact_match: 0.000
2023-12-17 06:37:51,399 -     || unique taglist code: 81344
2023-12-17 06:37:51,400 - DEV || epcloss: 1.9317
2023-12-17 06:37:51,402 -     || Q: 1.4185
2023-12-17 06:37:51,402 -     || KL: 0.2408
2023-12-17 06:37:51,403 -     || token_match: 0.454, exact_match: 0.000
2023-12-17 06:37:51,404 -     || unique taglist code: 1301
2023-12-17 06:37:51,407 -     || seen taglist code: 1020
2023-12-17 06:37:51,469 -     || saved model
2023-12-17 06:37:51,471 - 
2023-12-17 06:37:51,472 - #epc: 44
2023-12-17 06:37:52,208 - epc:44, epc_KL:  1.000000
2023-12-17 06:46:03,131 - exact_match_tst_copy_acc: 0.004
2023-12-17 06:46:03,133 - exact_match_tst_reinflection_wlemma: 0.003
2023-12-17 06:46:03,133 - exact_match_tst_reinflection_wlemma_TAGFINDER1: 0.000
2023-12-17 06:46:03,134 - exact_match_tst_reinflection_wlemma_TAGFINDER1_or_2: 0.002
2023-12-17 06:46:03,538 - TRN || epcloss: 1.6260
2023-12-17 06:46:03,539 -     || Q: 1.4486
2023-12-17 06:46:03,540 -     || KL: 0.0826
2023-12-17 06:46:03,541 -     || token_match: 0.550, exact_match: 0.000
2023-12-17 06:46:03,542 -     || unique taglist code: 143744
2023-12-17 06:46:03,543 - DEV || epcloss: 1.0477
2023-12-17 06:46:03,544 -     || Q: 1.9319
2023-12-17 06:46:03,545 -     || KL: 0.1723
2023-12-17 06:46:03,545 -     || token_match: 0.667, exact_match: 0.003
2023-12-17 06:46:03,546 -     || unique taglist code: 1438
2023-12-17 06:46:03,550 -     || seen taglist code: 866
2023-12-17 06:46:03,599 -     || saved model
2023-12-17 06:46:03,601 - 
2023-12-17 06:46:03,602 - #epc: 45
2023-12-17 06:46:04,312 - epc:45, epc_KL:  1.000000
2023-12-17 06:54:14,593 - exact_match_tst_copy_acc: 0.034
2023-12-17 06:54:14,595 - exact_match_tst_reinflection_wlemma: 0.033
2023-12-17 06:54:14,595 - exact_match_tst_reinflection_wlemma_TAGFINDER1: 0.008
2023-12-17 06:54:14,596 - exact_match_tst_reinflection_wlemma_TAGFINDER1_or_2: 0.019
2023-12-17 06:54:14,988 - TRN || epcloss: 0.7962
2023-12-17 06:54:14,989 -     || Q: 3.9594
2023-12-17 06:54:14,990 -     || KL: 0.0800
2023-12-17 06:54:14,991 -     || token_match: 0.751, exact_match: 0.013
2023-12-17 06:54:14,992 -     || unique taglist code: 212926
2023-12-17 06:54:14,992 - DEV || epcloss: 0.6510
2023-12-17 06:54:14,993 -     || Q: 4.8852
2023-12-17 06:54:14,994 -     || KL: 0.1875
2023-12-17 06:54:14,995 -     || token_match: 0.789, exact_match: 0.018
2023-12-17 06:54:14,996 -     || unique taglist code: 1440
2023-12-17 06:54:14,999 -     || seen taglist code: 928
2023-12-17 06:54:15,000 -     || MOST used trncode: 212926
2023-12-17 06:54:15,079 -     || saved model
2023-12-17 06:54:15,081 - 
2023-12-17 06:54:15,082 - #epc: 46
2023-12-17 06:54:15,800 - epc:46, epc_KL:  1.000000
2023-12-17 07:02:12,462 - exact_match_tst_copy_acc: 0.107
2023-12-17 07:02:12,463 - exact_match_tst_reinflection_wlemma: 0.084
2023-12-17 07:02:12,464 - exact_match_tst_reinflection_wlemma_TAGFINDER1: 0.029
2023-12-17 07:02:12,465 - exact_match_tst_reinflection_wlemma_TAGFINDER1_or_2: 0.056
2023-12-17 07:02:12,894 - TRN || epcloss: 0.5310
2023-12-17 07:02:12,895 -     || Q: 4.8058
2023-12-17 07:02:12,896 -     || KL: 0.0865
2023-12-17 07:02:12,897 -     || token_match: 0.830, exact_match: 0.053
2023-12-17 07:02:12,898 -     || unique taglist code: 208360
2023-12-17 07:02:12,898 - DEV || epcloss: 0.4421
2023-12-17 07:02:12,899 -     || Q: 4.7252
2023-12-17 07:02:12,900 -     || KL: 0.2031
2023-12-17 07:02:12,901 -     || token_match: 0.855, exact_match: 0.077
2023-12-17 07:02:12,902 -     || unique taglist code: 1437
2023-12-17 07:02:12,904 -     || seen taglist code: 898
2023-12-17 07:02:12,962 -     || saved model
2023-12-17 07:02:12,964 - 
2023-12-17 07:02:12,965 - #epc: 47
2023-12-17 07:02:13,667 - epc:47, epc_KL:  1.000000
2023-12-17 07:10:08,480 - exact_match_tst_copy_acc: 0.208
2023-12-17 07:10:08,481 - exact_match_tst_reinflection_wlemma: 0.195
2023-12-17 07:10:08,482 - exact_match_tst_reinflection_wlemma_TAGFINDER1: 0.059
2023-12-17 07:10:08,483 - exact_match_tst_reinflection_wlemma_TAGFINDER1_or_2: 0.120
2023-12-17 07:10:08,898 - TRN || epcloss: 0.4011
2023-12-17 07:10:08,899 -     || Q: 4.6815
2023-12-17 07:10:08,900 -     || KL: 0.0876
2023-12-17 07:10:08,901 -     || token_match: 0.870, exact_match: 0.111
2023-12-17 07:10:08,902 -     || unique taglist code: 208461
2023-12-17 07:10:08,903 - DEV || epcloss: 0.3105
2023-12-17 07:10:08,903 -     || Q: 4.6216
2023-12-17 07:10:08,904 -     || KL: 0.1913
2023-12-17 07:10:08,905 -     || token_match: 0.898, exact_match: 0.154
2023-12-17 07:10:08,906 -     || unique taglist code: 1438
2023-12-17 07:10:08,909 -     || seen taglist code: 955
2023-12-17 07:10:08,957 -     || saved model
2023-12-17 07:10:08,959 - 
2023-12-17 07:10:08,960 - #epc: 48
2023-12-17 07:10:09,689 - epc:48, epc_KL:  1.000000
2023-12-17 07:18:12,599 - exact_match_tst_copy_acc: 0.330
2023-12-17 07:18:12,600 - exact_match_tst_reinflection_wlemma: 0.293
2023-12-17 07:18:12,601 - exact_match_tst_reinflection_wlemma_TAGFINDER1: 0.103
2023-12-17 07:18:12,602 - exact_match_tst_reinflection_wlemma_TAGFINDER1_or_2: 0.191
2023-12-17 07:18:13,196 - TRN || epcloss: 0.3165
2023-12-17 07:18:13,197 -     || Q: 4.4019
2023-12-17 07:18:13,198 -     || KL: 0.0862
2023-12-17 07:18:13,199 -     || token_match: 0.897, exact_match: 0.182
2023-12-17 07:18:13,200 -     || unique taglist code: 210111
2023-12-17 07:18:13,201 - DEV || epcloss: 0.2445
2023-12-17 07:18:13,203 -     || Q: 4.2145
2023-12-17 07:18:13,204 -     || KL: 0.1872
2023-12-17 07:18:13,204 -     || token_match: 0.919, exact_match: 0.241
2023-12-17 07:18:13,205 -     || unique taglist code: 1439
2023-12-17 07:18:13,211 -     || seen taglist code: 993
2023-12-17 07:18:13,276 -     || saved model
2023-12-17 07:18:13,280 - 
2023-12-17 07:18:13,281 - #epc: 49
2023-12-17 07:18:14,288 - epc:49, epc_KL:  1.000000
2023-12-17 07:26:13,503 - exact_match_tst_copy_acc: 0.390
2023-12-17 07:26:13,504 - exact_match_tst_reinflection_wlemma: 0.348
2023-12-17 07:26:13,505 - exact_match_tst_reinflection_wlemma_TAGFINDER1: 0.113
2023-12-17 07:26:13,506 - exact_match_tst_reinflection_wlemma_TAGFINDER1_or_2: 0.223
2023-12-17 07:26:13,919 - TRN || epcloss: 0.2639
2023-12-17 07:26:13,920 -     || Q: 4.0662
2023-12-17 07:26:13,921 -     || KL: 0.0855
2023-12-17 07:26:13,922 -     || token_match: 0.915, exact_match: 0.245
2023-12-17 07:26:13,923 -     || unique taglist code: 206412
2023-12-17 07:26:13,924 - DEV || epcloss: 0.2075
2023-12-17 07:26:13,925 -     || Q: 3.7752
2023-12-17 07:26:13,926 -     || KL: 0.1825
2023-12-17 07:26:13,927 -     || token_match: 0.933, exact_match: 0.318
2023-12-17 07:26:13,928 -     || unique taglist code: 1440
2023-12-17 07:26:13,932 -     || seen taglist code: 1026
2023-12-17 07:26:14,027 -     || saved model
2023-12-17 07:26:14,031 - 
2023-12-17 07:26:14,032 - #epc: 50
2023-12-17 07:26:15,093 - epc:50, epc_KL:  1.000000
2023-12-17 07:34:18,245 - exact_match_tst_copy_acc: 0.453
2023-12-17 07:34:18,246 - exact_match_tst_reinflection_wlemma: 0.427
2023-12-17 07:34:18,246 - exact_match_tst_reinflection_wlemma_TAGFINDER1: 0.149
2023-12-17 07:34:18,247 - exact_match_tst_reinflection_wlemma_TAGFINDER1_or_2: 0.279
2023-12-17 07:34:18,824 - TRN || epcloss: 0.2219
2023-12-17 07:34:18,825 -     || Q: 3.8424
2023-12-17 07:34:18,825 -     || KL: 0.0837
2023-12-17 07:34:18,826 -     || token_match: 0.928, exact_match: 0.302
2023-12-17 07:34:18,827 -     || unique taglist code: 202145
2023-12-17 07:34:18,828 - DEV || epcloss: 0.1817
2023-12-17 07:34:18,829 -     || Q: 3.6087
2023-12-17 07:34:18,830 -     || KL: 0.1680
2023-12-17 07:34:18,831 -     || token_match: 0.941, exact_match: 0.349
2023-12-17 07:34:18,832 -     || unique taglist code: 1439
2023-12-17 07:34:18,837 -     || seen taglist code: 1069
2023-12-17 07:34:18,908 -     || saved model
2023-12-17 07:34:18,911 - 
2023-12-17 07:34:18,911 - #epc: 51
2023-12-17 07:34:19,904 - epc:51, epc_KL:  1.000000
2023-12-17 07:42:22,297 - exact_match_tst_copy_acc: 0.477
2023-12-17 07:42:22,299 - exact_match_tst_reinflection_wlemma: 0.432
2023-12-17 07:42:22,299 - exact_match_tst_reinflection_wlemma_TAGFINDER1: 0.158
2023-12-17 07:42:22,300 - exact_match_tst_reinflection_wlemma_TAGFINDER1_or_2: 0.293
2023-12-17 07:42:22,902 - TRN || epcloss: 0.1990
2023-12-17 07:42:22,903 -     || Q: 3.6438
2023-12-17 07:42:22,904 -     || KL: 0.0812
2023-12-17 07:42:22,905 -     || token_match: 0.936, exact_match: 0.340
2023-12-17 07:42:22,906 -     || unique taglist code: 202681
2023-12-17 07:42:22,907 - DEV || epcloss: 0.1680
2023-12-17 07:42:22,908 -     || Q: 3.4877
2023-12-17 07:42:22,909 -     || KL: 0.1802
2023-12-17 07:42:22,910 -     || token_match: 0.945, exact_match: 0.398
2023-12-17 07:42:22,911 -     || unique taglist code: 1438
2023-12-17 07:42:22,924 -     || seen taglist code: 1014
2023-12-17 07:42:22,979 -     || saved model
2023-12-17 07:42:22,981 - 
2023-12-17 07:42:22,982 - #epc: 52
2023-12-17 07:42:23,984 - epc:52, epc_KL:  1.000000
2023-12-17 07:50:26,159 - exact_match_tst_copy_acc: 0.512
2023-12-17 07:50:26,160 - exact_match_tst_reinflection_wlemma: 0.472
2023-12-17 07:50:26,161 - exact_match_tst_reinflection_wlemma_TAGFINDER1: 0.173
2023-12-17 07:50:26,162 - exact_match_tst_reinflection_wlemma_TAGFINDER1_or_2: 0.318
2023-12-17 07:50:26,583 - TRN || epcloss: 0.1820
2023-12-17 07:50:26,584 -     || Q: 3.4303
2023-12-17 07:50:26,585 -     || KL: 0.0796
2023-12-17 07:50:26,586 -     || token_match: 0.941, exact_match: 0.369
2023-12-17 07:50:26,586 -     || unique taglist code: 198986
2023-12-17 07:50:26,587 - DEV || epcloss: 0.1550
2023-12-17 07:50:26,588 -     || Q: 3.2990
2023-12-17 07:50:26,589 -     || KL: 0.1742
2023-12-17 07:50:26,590 -     || token_match: 0.950, exact_match: 0.422
2023-12-17 07:50:26,591 -     || unique taglist code: 1442
2023-12-17 07:50:26,594 -     || seen taglist code: 1030
2023-12-17 07:50:26,672 -     || saved model
2023-12-17 07:50:26,675 - 
2023-12-17 07:50:26,676 - #epc: 53
2023-12-17 07:50:27,556 - epc:53, epc_KL:  1.000000
2023-12-17 07:58:25,094 - exact_match_tst_copy_acc: 0.535
2023-12-17 07:58:25,095 - exact_match_tst_reinflection_wlemma: 0.497
2023-12-17 07:58:25,096 - exact_match_tst_reinflection_wlemma_TAGFINDER1: 0.184
2023-12-17 07:58:25,097 - exact_match_tst_reinflection_wlemma_TAGFINDER1_or_2: 0.334
2023-12-17 07:58:25,678 - TRN || epcloss: 0.1663
2023-12-17 07:58:25,682 -     || Q: 3.3185
2023-12-17 07:58:25,685 -     || KL: 0.0778
2023-12-17 07:58:25,691 -     || token_match: 0.946, exact_match: 0.397
2023-12-17 07:58:25,696 -     || unique taglist code: 201237
2023-12-17 07:58:25,698 - DEV || epcloss: 0.1480
2023-12-17 07:58:25,704 -     || Q: 3.2399
2023-12-17 07:58:25,708 -     || KL: 0.1723
2023-12-17 07:58:25,710 -     || token_match: 0.952, exact_match: 0.416
2023-12-17 07:58:25,711 -     || unique taglist code: 1440
2023-12-17 07:58:25,716 -     || seen taglist code: 1073
2023-12-17 07:58:25,779 -     || saved model
2023-12-17 07:58:25,782 - 
2023-12-17 07:58:25,783 - #epc: 54
2023-12-17 07:58:26,766 - epc:54, epc_KL:  1.000000
2023-12-17 08:06:24,047 - exact_match_tst_copy_acc: 0.566
2023-12-17 08:06:24,048 - exact_match_tst_reinflection_wlemma: 0.524
2023-12-17 08:06:24,049 - exact_match_tst_reinflection_wlemma_TAGFINDER1: 0.201
2023-12-17 08:06:24,050 - exact_match_tst_reinflection_wlemma_TAGFINDER1_or_2: 0.363
2023-12-17 08:06:24,448 - TRN || epcloss: 0.1537
2023-12-17 08:06:24,449 -     || Q: 3.1746
2023-12-17 08:06:24,450 -     || KL: 0.0766
2023-12-17 08:06:24,451 -     || token_match: 0.950, exact_match: 0.424
2023-12-17 08:06:24,452 -     || unique taglist code: 197861
2023-12-17 08:06:24,452 - DEV || epcloss: 0.1269
2023-12-17 08:06:24,453 -     || Q: 3.1122
2023-12-17 08:06:24,454 -     || KL: 0.1607
2023-12-17 08:06:24,455 -     || token_match: 0.958, exact_match: 0.474
2023-12-17 08:06:24,455 -     || unique taglist code: 1436
2023-12-17 08:06:24,459 -     || seen taglist code: 1090
2023-12-17 08:06:24,500 -     || saved model
2023-12-17 08:06:24,502 - 
2023-12-17 08:06:24,503 - #epc: 55
2023-12-17 08:06:25,344 - epc:55, epc_KL:  1.000000
2023-12-17 08:14:21,399 - exact_match_tst_copy_acc: 0.470
2023-12-17 08:14:21,401 - exact_match_tst_reinflection_wlemma: 0.436
2023-12-17 08:14:21,402 - exact_match_tst_reinflection_wlemma_TAGFINDER1: 0.153
2023-12-17 08:14:21,403 - exact_match_tst_reinflection_wlemma_TAGFINDER1_or_2: 0.295
2023-12-17 08:14:21,799 - TRN || epcloss: 0.1423
2023-12-17 08:14:21,800 -     || Q: 3.0122
2023-12-17 08:14:21,801 -     || KL: 0.0748
2023-12-17 08:14:21,802 -     || token_match: 0.954, exact_match: 0.447
2023-12-17 08:14:21,803 -     || unique taglist code: 197515
2023-12-17 08:14:21,804 - DEV || epcloss: 0.1672
2023-12-17 08:14:21,805 -     || Q: 3.0704
2023-12-17 08:14:21,806 -     || KL: 0.1646
2023-12-17 08:14:21,807 -     || token_match: 0.947, exact_match: 0.385
2023-12-17 08:14:21,808 -     || unique taglist code: 1438
2023-12-17 08:14:21,811 -     || seen taglist code: 1009
2023-12-17 08:14:21,857 -     || saved model
2023-12-17 08:14:21,859 - 
2023-12-17 08:14:21,860 - #epc: 56
2023-12-17 08:14:22,574 - epc:56, epc_KL:  1.000000
2023-12-17 08:22:14,159 - exact_match_tst_copy_acc: 0.645
2023-12-17 08:22:14,161 - exact_match_tst_reinflection_wlemma: 0.582
2023-12-17 08:22:14,162 - exact_match_tst_reinflection_wlemma_TAGFINDER1: 0.234
2023-12-17 08:22:14,163 - exact_match_tst_reinflection_wlemma_TAGFINDER1_or_2: 0.412
2023-12-17 08:22:14,561 - TRN || epcloss: 0.1340
2023-12-17 08:22:14,562 -     || Q: 2.9465
2023-12-17 08:22:14,563 -     || KL: 0.0738
2023-12-17 08:22:14,564 -     || token_match: 0.957, exact_match: 0.468
2023-12-17 08:22:14,565 -     || unique taglist code: 194664
2023-12-17 08:22:14,566 - DEV || epcloss: 0.1030
2023-12-17 08:22:14,567 -     || Q: 2.8828
2023-12-17 08:22:14,568 -     || KL: 0.1579
2023-12-17 08:22:14,569 -     || token_match: 0.966, exact_match: 0.545
2023-12-17 08:22:14,570 -     || unique taglist code: 1434
2023-12-17 08:22:14,573 -     || seen taglist code: 1086
2023-12-17 08:22:14,618 -     || saved model
2023-12-17 08:22:14,620 - 
2023-12-17 08:22:14,621 - #epc: 57
2023-12-17 08:22:15,330 - epc:57, epc_KL:  1.000000
2023-12-17 08:30:05,654 - exact_match_tst_copy_acc: 0.649
2023-12-17 08:30:05,656 - exact_match_tst_reinflection_wlemma: 0.614
2023-12-17 08:30:05,656 - exact_match_tst_reinflection_wlemma_TAGFINDER1: 0.243
2023-12-17 08:30:05,657 - exact_match_tst_reinflection_wlemma_TAGFINDER1_or_2: 0.431
2023-12-17 08:30:06,056 - TRN || epcloss: 0.1259
2023-12-17 08:30:06,057 -     || Q: 2.9115
2023-12-17 08:30:06,058 -     || KL: 0.0719
2023-12-17 08:30:06,059 -     || token_match: 0.959, exact_match: 0.486
2023-12-17 08:30:06,060 -     || unique taglist code: 194855
2023-12-17 08:30:06,061 - DEV || epcloss: 0.0965
2023-12-17 08:30:06,062 -     || Q: 2.8810
2023-12-17 08:30:06,063 -     || KL: 0.1506
2023-12-17 08:30:06,064 -     || token_match: 0.969, exact_match: 0.555
2023-12-17 08:30:06,065 -     || unique taglist code: 1439
2023-12-17 08:30:06,069 -     || seen taglist code: 1102
2023-12-17 08:30:06,117 -     || saved model
2023-12-17 08:30:06,119 - 
2023-12-17 08:30:06,120 - #epc: 58
2023-12-17 08:30:06,848 - epc:58, epc_KL:  1.000000
2023-12-17 08:37:58,859 - exact_match_tst_copy_acc: 0.655
2023-12-17 08:37:58,860 - exact_match_tst_reinflection_wlemma: 0.619
2023-12-17 08:37:58,861 - exact_match_tst_reinflection_wlemma_TAGFINDER1: 0.241
2023-12-17 08:37:58,862 - exact_match_tst_reinflection_wlemma_TAGFINDER1_or_2: 0.430
2023-12-17 08:37:59,266 - TRN || epcloss: 0.1205
2023-12-17 08:37:59,267 -     || Q: 2.8493
2023-12-17 08:37:59,268 -     || KL: 0.0706
2023-12-17 08:37:59,269 -     || token_match: 0.961, exact_match: 0.506
2023-12-17 08:37:59,270 -     || unique taglist code: 194371
2023-12-17 08:37:59,271 - DEV || epcloss: 0.1063
2023-12-17 08:37:59,271 -     || Q: 2.7050
2023-12-17 08:37:59,272 -     || KL: 0.1519
2023-12-17 08:37:59,273 -     || token_match: 0.966, exact_match: 0.550
2023-12-17 08:37:59,273 -     || unique taglist code: 1440
2023-12-17 08:37:59,277 -     || seen taglist code: 1076
2023-12-17 08:37:59,317 -     || saved model
2023-12-17 08:37:59,319 - 
2023-12-17 08:37:59,320 - #epc: 59
2023-12-17 08:38:00,035 - epc:59, epc_KL:  1.000000
2023-12-17 08:45:50,864 - exact_match_tst_copy_acc: 0.678
2023-12-17 08:45:50,866 - exact_match_tst_reinflection_wlemma: 0.629
2023-12-17 08:45:50,866 - exact_match_tst_reinflection_wlemma_TAGFINDER1: 0.246
2023-12-17 08:45:50,867 - exact_match_tst_reinflection_wlemma_TAGFINDER1_or_2: 0.438
2023-12-17 08:45:51,259 - TRN || epcloss: 0.1176
2023-12-17 08:45:51,260 -     || Q: 2.7740
2023-12-17 08:45:51,261 -     || KL: 0.0695
2023-12-17 08:45:51,262 -     || token_match: 0.962, exact_match: 0.515
2023-12-17 08:45:51,262 -     || unique taglist code: 192755
2023-12-17 08:45:51,263 - DEV || epcloss: 0.0910
2023-12-17 08:45:51,264 -     || Q: 2.8273
2023-12-17 08:45:51,265 -     || KL: 0.1552
2023-12-17 08:45:51,266 -     || token_match: 0.970, exact_match: 0.582
2023-12-17 08:45:51,267 -     || unique taglist code: 1437
2023-12-17 08:45:51,270 -     || seen taglist code: 1102
2023-12-17 08:45:51,320 -     || saved model
2023-12-17 08:45:51,322 - 
2023-12-17 08:45:51,323 - #epc: 60
2023-12-17 08:45:52,004 - epc:60, epc_KL:  1.000000
2023-12-17 08:53:45,914 - exact_match_tst_copy_acc: 0.698
2023-12-17 08:53:45,915 - exact_match_tst_reinflection_wlemma: 0.656
2023-12-17 08:53:45,916 - exact_match_tst_reinflection_wlemma_TAGFINDER1: 0.263
2023-12-17 08:53:45,917 - exact_match_tst_reinflection_wlemma_TAGFINDER1_or_2: 0.461
2023-12-17 08:53:46,320 - TRN || epcloss: 0.1139
2023-12-17 08:53:46,321 -     || Q: 2.7540
2023-12-17 08:53:46,322 -     || KL: 0.0690
2023-12-17 08:53:46,323 -     || token_match: 0.964, exact_match: 0.528
2023-12-17 08:53:46,323 -     || unique taglist code: 193325
2023-12-17 08:53:46,324 - DEV || epcloss: 0.0941
2023-12-17 08:53:46,325 -     || Q: 2.4455
2023-12-17 08:53:46,326 -     || KL: 0.1441
2023-12-17 08:53:46,327 -     || token_match: 0.970, exact_match: 0.591
2023-12-17 08:53:46,328 -     || unique taglist code: 1436
2023-12-17 08:53:46,331 -     || seen taglist code: 1078
2023-12-17 08:53:46,372 -     || saved model
2023-12-17 08:53:46,374 - 
2023-12-17 08:53:46,375 - #epc: 61
2023-12-17 08:53:47,085 - epc:61, epc_KL:  1.000000
2023-12-17 09:01:41,464 - exact_match_tst_copy_acc: 0.703
2023-12-17 09:01:41,465 - exact_match_tst_reinflection_wlemma: 0.659
2023-12-17 09:01:41,466 - exact_match_tst_reinflection_wlemma_TAGFINDER1: 0.270
2023-12-17 09:01:41,467 - exact_match_tst_reinflection_wlemma_TAGFINDER1_or_2: 0.468
2023-12-17 09:01:41,866 - TRN || epcloss: 0.1074
2023-12-17 09:01:41,867 -     || Q: 2.6018
2023-12-17 09:01:41,867 -     || KL: 0.0682
2023-12-17 09:01:41,868 -     || token_match: 0.966, exact_match: 0.546
2023-12-17 09:01:41,869 -     || unique taglist code: 194127
2023-12-17 09:01:41,870 - DEV || epcloss: 0.0868
2023-12-17 09:01:41,871 -     || Q: 2.4510
2023-12-17 09:01:41,872 -     || KL: 0.1447
2023-12-17 09:01:41,873 -     || token_match: 0.971, exact_match: 0.591
2023-12-17 09:01:41,874 -     || unique taglist code: 1439
2023-12-17 09:01:41,877 -     || seen taglist code: 1074
2023-12-17 09:01:41,921 -     || saved model
2023-12-17 09:01:41,922 - 
2023-12-17 09:01:41,923 - #epc: 62
2023-12-17 09:01:42,639 - epc:62, epc_KL:  1.000000
2023-12-17 09:09:36,184 - exact_match_tst_copy_acc: 0.711
2023-12-17 09:09:36,186 - exact_match_tst_reinflection_wlemma: 0.674
2023-12-17 09:09:36,187 - exact_match_tst_reinflection_wlemma_TAGFINDER1: 0.263
2023-12-17 09:09:36,187 - exact_match_tst_reinflection_wlemma_TAGFINDER1_or_2: 0.465
2023-12-17 09:09:36,586 - TRN || epcloss: 0.1029
2023-12-17 09:09:36,587 -     || Q: 2.4860
2023-12-17 09:09:36,588 -     || KL: 0.0666
2023-12-17 09:09:36,589 -     || token_match: 0.967, exact_match: 0.560
2023-12-17 09:09:36,589 -     || unique taglist code: 192952
2023-12-17 09:09:36,590 - DEV || epcloss: 0.0914
2023-12-17 09:09:36,591 -     || Q: 2.4081
2023-12-17 09:09:36,592 -     || KL: 0.1449
2023-12-17 09:09:36,592 -     || token_match: 0.971, exact_match: 0.617
2023-12-17 09:09:36,593 -     || unique taglist code: 1442
2023-12-17 09:09:36,598 -     || seen taglist code: 1034
2023-12-17 09:09:36,641 -     || saved model
2023-12-17 09:09:36,643 - 
2023-12-17 09:09:36,644 - #epc: 63
2023-12-17 09:09:37,363 - epc:63, epc_KL:  1.000000
2023-12-17 09:17:32,938 - exact_match_tst_copy_acc: 0.713
2023-12-17 09:17:32,939 - exact_match_tst_reinflection_wlemma: 0.685
2023-12-17 09:17:32,940 - exact_match_tst_reinflection_wlemma_TAGFINDER1: 0.275
2023-12-17 09:17:32,941 - exact_match_tst_reinflection_wlemma_TAGFINDER1_or_2: 0.481
2023-12-17 09:17:33,350 - TRN || epcloss: 0.1069
2023-12-17 09:17:33,351 -     || Q: 2.4748
2023-12-17 09:17:33,352 -     || KL: 0.0668
2023-12-17 09:17:33,353 -     || token_match: 0.966, exact_match: 0.550
2023-12-17 09:17:33,353 -     || unique taglist code: 193239
2023-12-17 09:17:33,354 - DEV || epcloss: 0.0789
2023-12-17 09:17:33,355 -     || Q: 2.3763
2023-12-17 09:17:33,356 -     || KL: 0.1436
2023-12-17 09:17:33,357 -     || token_match: 0.974, exact_match: 0.622
2023-12-17 09:17:33,358 -     || unique taglist code: 1443
2023-12-17 09:17:33,362 -     || seen taglist code: 1098
2023-12-17 09:17:33,407 -     || saved model
2023-12-17 09:17:33,409 - 
2023-12-17 09:17:33,410 - #epc: 64
2023-12-17 09:17:34,128 - epc:64, epc_KL:  1.000000
2023-12-17 09:25:29,312 - exact_match_tst_copy_acc: 0.673
2023-12-17 09:25:29,313 - exact_match_tst_reinflection_wlemma: 0.651
2023-12-17 09:25:29,314 - exact_match_tst_reinflection_wlemma_TAGFINDER1: 0.266
2023-12-17 09:25:29,315 - exact_match_tst_reinflection_wlemma_TAGFINDER1_or_2: 0.459
2023-12-17 09:25:29,865 - TRN || epcloss: 0.1016
2023-12-17 09:25:29,867 -     || Q: 2.3925
2023-12-17 09:25:29,868 -     || KL: 0.0654
2023-12-17 09:25:29,869 -     || token_match: 0.967, exact_match: 0.561
2023-12-17 09:25:29,870 -     || unique taglist code: 191469
2023-12-17 09:25:29,871 - DEV || epcloss: 0.0981
2023-12-17 09:25:29,872 -     || Q: 2.3378
2023-12-17 09:25:29,873 -     || KL: 0.1483
2023-12-17 09:25:29,874 -     || token_match: 0.969, exact_match: 0.581
2023-12-17 09:25:29,875 -     || unique taglist code: 1438
2023-12-17 09:25:29,878 -     || seen taglist code: 1096
2023-12-17 09:25:29,928 -     || saved model
2023-12-17 09:25:29,930 - 
2023-12-17 09:25:29,931 - #epc: 65
2023-12-17 09:25:30,696 - epc:65, epc_KL:  1.000000
2023-12-17 09:33:22,396 - exact_match_tst_copy_acc: 0.692
2023-12-17 09:33:22,397 - exact_match_tst_reinflection_wlemma: 0.651
2023-12-17 09:33:22,398 - exact_match_tst_reinflection_wlemma_TAGFINDER1: 0.258
2023-12-17 09:33:22,399 - exact_match_tst_reinflection_wlemma_TAGFINDER1_or_2: 0.454
2023-12-17 09:33:22,793 - TRN || epcloss: 0.0982
2023-12-17 09:33:22,794 -     || Q: 2.2892
2023-12-17 09:33:22,795 -     || KL: 0.0650
2023-12-17 09:33:22,795 -     || token_match: 0.969, exact_match: 0.569
2023-12-17 09:33:22,796 -     || unique taglist code: 190335
2023-12-17 09:33:22,797 - DEV || epcloss: 0.0907
2023-12-17 09:33:22,798 -     || Q: 2.1385
2023-12-17 09:33:22,799 -     || KL: 0.1430
2023-12-17 09:33:22,800 -     || token_match: 0.971, exact_match: 0.588
2023-12-17 09:33:22,800 -     || unique taglist code: 1438
2023-12-17 09:33:22,804 -     || seen taglist code: 1134
2023-12-17 09:33:22,848 -     || saved model
2023-12-17 09:33:22,850 - 
2023-12-17 09:33:22,851 - #epc: 66
2023-12-17 09:33:23,552 - epc:66, epc_KL:  1.000000
2023-12-17 09:41:15,205 - exact_match_tst_copy_acc: 0.735
2023-12-17 09:41:15,206 - exact_match_tst_reinflection_wlemma: 0.705
2023-12-17 09:41:15,207 - exact_match_tst_reinflection_wlemma_TAGFINDER1: 0.284
2023-12-17 09:41:15,208 - exact_match_tst_reinflection_wlemma_TAGFINDER1_or_2: 0.494
2023-12-17 09:41:15,608 - TRN || epcloss: 0.0968
2023-12-17 09:41:15,609 -     || Q: 2.4095
2023-12-17 09:41:15,610 -     || KL: 0.0651
2023-12-17 09:41:15,611 -     || token_match: 0.969, exact_match: 0.578
2023-12-17 09:41:15,612 -     || unique taglist code: 191291
2023-12-17 09:41:15,612 - DEV || epcloss: 0.0754
2023-12-17 09:41:15,613 -     || Q: 2.2677
2023-12-17 09:41:15,614 -     || KL: 0.1350
2023-12-17 09:41:15,615 -     || token_match: 0.976, exact_match: 0.629
2023-12-17 09:41:15,616 -     || unique taglist code: 1440
2023-12-17 09:41:15,618 -     || seen taglist code: 1113
2023-12-17 09:41:15,659 -     || saved model
2023-12-17 09:41:15,661 - 
2023-12-17 09:41:15,662 - #epc: 67
2023-12-17 09:41:16,369 - epc:67, epc_KL:  1.000000
2023-12-17 09:49:08,495 - exact_match_tst_copy_acc: 0.737
2023-12-17 09:49:08,496 - exact_match_tst_reinflection_wlemma: 0.707
2023-12-17 09:49:08,497 - exact_match_tst_reinflection_wlemma_TAGFINDER1: 0.288
2023-12-17 09:49:08,498 - exact_match_tst_reinflection_wlemma_TAGFINDER1_or_2: 0.500
2023-12-17 09:49:08,930 - TRN || epcloss: 0.0895
2023-12-17 09:49:08,931 -     || Q: 2.2634
2023-12-17 09:49:08,932 -     || KL: 0.0633
2023-12-17 09:49:08,934 -     || token_match: 0.972, exact_match: 0.599
2023-12-17 09:49:08,935 -     || unique taglist code: 190891
2023-12-17 09:49:08,936 - DEV || epcloss: 0.0741
2023-12-17 09:49:08,937 -     || Q: 2.1109
2023-12-17 09:49:08,938 -     || KL: 0.1355
2023-12-17 09:49:08,939 -     || token_match: 0.976, exact_match: 0.642
2023-12-17 09:49:08,941 -     || unique taglist code: 1438
2023-12-17 09:49:08,945 -     || seen taglist code: 1120
2023-12-17 09:49:08,994 -     || saved model
2023-12-17 09:49:08,996 - 
2023-12-17 09:49:08,997 - #epc: 68
2023-12-17 09:49:09,713 - epc:68, epc_KL:  1.000000
2023-12-17 09:57:00,103 - exact_match_tst_copy_acc: 0.716
2023-12-17 09:57:00,107 - exact_match_tst_reinflection_wlemma: 0.695
2023-12-17 09:57:00,111 - exact_match_tst_reinflection_wlemma_TAGFINDER1: 0.278
2023-12-17 09:57:00,115 - exact_match_tst_reinflection_wlemma_TAGFINDER1_or_2: 0.488
2023-12-17 09:57:00,503 - TRN || epcloss: 0.0945
2023-12-17 09:57:00,504 -     || Q: 2.2965
2023-12-17 09:57:00,505 -     || KL: 0.0642
2023-12-17 09:57:00,506 -     || token_match: 0.970, exact_match: 0.585
2023-12-17 09:57:00,507 -     || unique taglist code: 190105
2023-12-17 09:57:00,508 - DEV || epcloss: 0.0817
2023-12-17 09:57:00,509 -     || Q: 2.1775
2023-12-17 09:57:00,509 -     || KL: 0.1380
2023-12-17 09:57:00,510 -     || token_match: 0.974, exact_match: 0.631
2023-12-17 09:57:00,511 -     || unique taglist code: 1439
2023-12-17 09:57:00,514 -     || seen taglist code: 1125
2023-12-17 09:57:00,555 -     || saved model
2023-12-17 09:57:00,557 - 
2023-12-17 09:57:00,558 - #epc: 69
2023-12-17 09:57:01,282 - epc:69, epc_KL:  1.000000
2023-12-17 10:04:53,861 - exact_match_tst_copy_acc: 0.740
2023-12-17 10:04:53,862 - exact_match_tst_reinflection_wlemma: 0.716
2023-12-17 10:04:53,863 - exact_match_tst_reinflection_wlemma_TAGFINDER1: 0.287
2023-12-17 10:04:53,863 - exact_match_tst_reinflection_wlemma_TAGFINDER1_or_2: 0.500
2023-12-17 10:04:54,246 - TRN || epcloss: 0.0868
2023-12-17 10:04:54,248 -     || Q: 2.1761
2023-12-17 10:04:54,249 -     || KL: 0.0630
2023-12-17 10:04:54,250 -     || token_match: 0.973, exact_match: 0.612
2023-12-17 10:04:54,251 -     || unique taglist code: 186398
2023-12-17 10:04:54,252 - DEV || epcloss: 0.0753
2023-12-17 10:04:54,253 -     || Q: 1.9824
2023-12-17 10:04:54,254 -     || KL: 0.1341
2023-12-17 10:04:54,255 -     || token_match: 0.977, exact_match: 0.651
2023-12-17 10:04:54,256 -     || unique taglist code: 1437
2023-12-17 10:04:54,260 -     || seen taglist code: 1143
2023-12-17 10:04:54,307 -     || saved model
2023-12-17 10:04:54,309 - 
2023-12-17 10:04:54,310 - #epc: 70
2023-12-17 10:04:55,037 - epc:70, epc_KL:  1.000000
2023-12-17 10:12:43,614 - exact_match_tst_copy_acc: 0.768
2023-12-17 10:12:43,615 - exact_match_tst_reinflection_wlemma: 0.743
2023-12-17 10:12:43,616 - exact_match_tst_reinflection_wlemma_TAGFINDER1: 0.306
2023-12-17 10:12:43,616 - exact_match_tst_reinflection_wlemma_TAGFINDER1_or_2: 0.520
2023-12-17 10:12:44,000 - TRN || epcloss: 0.0896
2023-12-17 10:12:44,001 -     || Q: 2.1950
2023-12-17 10:12:44,002 -     || KL: 0.0632
2023-12-17 10:12:44,003 -     || token_match: 0.972, exact_match: 0.611
2023-12-17 10:12:44,003 -     || unique taglist code: 184583
2023-12-17 10:12:44,004 - DEV || epcloss: 0.0649
2023-12-17 10:12:44,005 -     || Q: 1.9344
2023-12-17 10:12:44,006 -     || KL: 0.1403
2023-12-17 10:12:44,006 -     || token_match: 0.979, exact_match: 0.684
2023-12-17 10:12:44,007 -     || unique taglist code: 1441
2023-12-17 10:12:44,011 -     || seen taglist code: 1152
2023-12-17 10:12:44,052 -     || saved model
2023-12-17 10:12:44,054 - 
2023-12-17 10:12:44,054 - #epc: 71
2023-12-17 10:12:44,774 - epc:71, epc_KL:  1.000000
2023-12-17 10:20:38,727 - exact_match_tst_copy_acc: 0.765
2023-12-17 10:20:38,728 - exact_match_tst_reinflection_wlemma: 0.744
2023-12-17 10:20:38,729 - exact_match_tst_reinflection_wlemma_TAGFINDER1: 0.302
2023-12-17 10:20:38,729 - exact_match_tst_reinflection_wlemma_TAGFINDER1_or_2: 0.529
2023-12-17 10:20:39,128 - TRN || epcloss: 0.0880
2023-12-17 10:20:39,129 -     || Q: 2.1202
2023-12-17 10:20:39,130 -     || KL: 0.0619
2023-12-17 10:20:39,131 -     || token_match: 0.973, exact_match: 0.613
2023-12-17 10:20:39,132 -     || unique taglist code: 184837
2023-12-17 10:20:39,134 - DEV || epcloss: 0.0702
2023-12-17 10:20:39,136 -     || Q: 1.9870
2023-12-17 10:20:39,137 -     || KL: 0.1315
2023-12-17 10:20:39,137 -     || token_match: 0.979, exact_match: 0.679
2023-12-17 10:20:39,139 -     || unique taglist code: 1439
2023-12-17 10:20:39,143 -     || seen taglist code: 1161
2023-12-17 10:20:39,188 -     || saved model
2023-12-17 10:20:39,191 - 
2023-12-17 10:20:39,192 - #epc: 72
2023-12-17 10:20:39,923 - epc:72, epc_KL:  1.000000
2023-12-17 10:28:30,083 - exact_match_tst_copy_acc: 0.761
2023-12-17 10:28:30,084 - exact_match_tst_reinflection_wlemma: 0.745
2023-12-17 10:28:30,085 - exact_match_tst_reinflection_wlemma_TAGFINDER1: 0.297
2023-12-17 10:28:30,086 - exact_match_tst_reinflection_wlemma_TAGFINDER1_or_2: 0.523
2023-12-17 10:28:30,480 - TRN || epcloss: 0.0786
2023-12-17 10:28:30,482 -     || Q: 1.9454
2023-12-17 10:28:30,483 -     || KL: 0.0603
2023-12-17 10:28:30,484 -     || token_match: 0.975, exact_match: 0.644
2023-12-17 10:28:30,485 -     || unique taglist code: 183045
2023-12-17 10:28:30,485 - DEV || epcloss: 0.0685
2023-12-17 10:28:30,486 -     || Q: 1.9049
2023-12-17 10:28:30,487 -     || KL: 0.1276
2023-12-17 10:28:30,488 -     || token_match: 0.978, exact_match: 0.678
2023-12-17 10:28:30,489 -     || unique taglist code: 1441
2023-12-17 10:28:30,492 -     || seen taglist code: 1140
2023-12-17 10:28:30,536 -     || saved model
2023-12-17 10:28:30,537 - 
2023-12-17 10:28:30,538 - #epc: 73
2023-12-17 10:28:31,245 - epc:73, epc_KL:  1.000000
2023-12-17 10:36:22,137 - exact_match_tst_copy_acc: 0.786
2023-12-17 10:36:22,138 - exact_match_tst_reinflection_wlemma: 0.765
2023-12-17 10:36:22,139 - exact_match_tst_reinflection_wlemma_TAGFINDER1: 0.320
2023-12-17 10:36:22,139 - exact_match_tst_reinflection_wlemma_TAGFINDER1_or_2: 0.542
2023-12-17 10:36:22,558 - TRN || epcloss: 0.0744
2023-12-17 10:36:22,559 -     || Q: 1.8834
2023-12-17 10:36:22,559 -     || KL: 0.0592
2023-12-17 10:36:22,560 -     || token_match: 0.977, exact_match: 0.659
2023-12-17 10:36:22,561 -     || unique taglist code: 182541
2023-12-17 10:36:22,562 - DEV || epcloss: 0.0605
2023-12-17 10:36:22,563 -     || Q: 1.7395
2023-12-17 10:36:22,564 -     || KL: 0.1257
2023-12-17 10:36:22,565 -     || token_match: 0.980, exact_match: 0.688
2023-12-17 10:36:22,565 -     || unique taglist code: 1439
2023-12-17 10:36:22,569 -     || seen taglist code: 1130
2023-12-17 10:36:22,613 -     || saved model
2023-12-17 10:36:22,615 - 
2023-12-17 10:36:22,615 - #epc: 74
2023-12-17 10:36:23,344 - epc:74, epc_KL:  1.000000
2023-12-17 10:44:17,198 - exact_match_tst_copy_acc: 0.779
2023-12-17 10:44:17,199 - exact_match_tst_reinflection_wlemma: 0.758
2023-12-17 10:44:17,200 - exact_match_tst_reinflection_wlemma_TAGFINDER1: 0.307
2023-12-17 10:44:17,201 - exact_match_tst_reinflection_wlemma_TAGFINDER1_or_2: 0.532
2023-12-17 10:44:17,595 - TRN || epcloss: 0.0739
2023-12-17 10:44:17,596 -     || Q: 1.8699
2023-12-17 10:44:17,597 -     || KL: 0.0590
2023-12-17 10:44:17,598 -     || token_match: 0.977, exact_match: 0.666
2023-12-17 10:44:17,598 -     || unique taglist code: 182199
2023-12-17 10:44:17,599 - DEV || epcloss: 0.0636
2023-12-17 10:44:17,600 -     || Q: 1.7391
2023-12-17 10:44:17,601 -     || KL: 0.1295
2023-12-17 10:44:17,602 -     || token_match: 0.980, exact_match: 0.706
2023-12-17 10:44:17,602 -     || unique taglist code: 1437
2023-12-17 10:44:17,605 -     || seen taglist code: 1146
2023-12-17 10:44:17,647 -     || saved model
2023-12-17 10:44:17,649 - Training is over, saved model with best dev exact match: 1.000 (epc 3)
2023-12-17 10:44:17,650 - Training is over, most used trncode at 45, most used devcode at 20 
