2023-12-20 02:05:41,192 - trnsize: 404897
2023-12-20 02:05:41,197 - devsize: 1446
2023-12-20 02:05:41,198 - tstsize: 1446
2023-12-20 02:05:41,770 - Trn unique tgts: 404896
2023-12-20 02:05:41,771 - Trn unique lemmas: 588
2023-12-20 02:05:41,772 - Trn unique taglists: 703
2023-12-20 02:05:41,772 - Dev unique tgts: 1446
2023-12-20 02:05:41,773 - Dev unique lemmas: 536
2023-12-20 02:05:41,774 - Dev unique taglists: 616
2023-12-20 02:05:41,775 - Tst unique tgts: 1446
2023-12-20 02:05:41,776 - Tst unique lemmas: 536
2023-12-20 02:05:41,776 - Tst unique taglists: 616
2023-12-20 02:05:41,777 - seen_dev_tgt: 1
2023-12-20 02:05:41,778 - seen_dev_lemma: 1446
2023-12-20 02:05:41,778 - seen_dev_taglist: 1446
2023-12-20 02:05:41,779 - seen_tst_tgt: 1
2023-12-20 02:05:41,780 - seen_tst_lemma: 1446
2023-12-20 02:05:41,781 - seen_tst_taglist: 1446
2023-12-20 02:06:06,067 - trnID: run2_8x8_zLEM100_zTAG128_decnh1024_kl0.2_epc10_strt5_decdo0.2_inpemb128_bsize64
2023-12-20 02:06:06,068 - batchsize: 64
2023-12-20 02:06:06,068 - epochs: 50
2023-12-20 02:06:06,069 - lr: 0.00050
2023-12-20 02:06:06,070 - KL_WEIGHT: 0.20000
2023-12-20 02:06:06,070 - opt: Adam (
Parameter Group 0
    amsgrad: False
    betas: (0.5, 0.999)
    capturable: False
    eps: 1e-08
    foreach: None
    lr: 0.0005
    maximize: False
    weight_decay: 0
)
2023-12-20 02:06:06,071 - VQVAE(
  (encoder): Encoder_GRU_VQVAE(
    (layers): ModuleList(
      (0): Embedding(39, 128)
      (1): Dropout(p=0.0, inplace=False)
      (2): GRU(128, 256, batch_first=True, bidirectional=True)
    )
  )
  (z_linears): ModuleList(
    (0): Linear(in_features=256, out_features=128, bias=True)
    (1): Linear(in_features=256, out_features=128, bias=True)
    (2): Linear(in_features=256, out_features=128, bias=True)
    (3): Linear(in_features=256, out_features=128, bias=True)
    (4): Linear(in_features=256, out_features=128, bias=True)
    (5): Linear(in_features=256, out_features=128, bias=True)
    (6): Linear(in_features=256, out_features=128, bias=True)
    (7): Linear(in_features=256, out_features=128, bias=True)
  )
  (quantizers): ModuleList(
    (0): Quantizer(
      (embeddings): Embedding(8, 128)
    )
    (1): Quantizer(
      (embeddings): Embedding(8, 128)
    )
    (2): Quantizer(
      (embeddings): Embedding(8, 128)
    )
    (3): Quantizer(
      (embeddings): Embedding(8, 128)
    )
    (4): Quantizer(
      (embeddings): Embedding(8, 128)
    )
    (5): Quantizer(
      (embeddings): Embedding(8, 128)
    )
    (6): Quantizer(
      (embeddings): Embedding(8, 128)
    )
    (7): Quantizer(
      (embeddings): Embedding(8, 128)
    )
  )
  (z_lemma_mu): Linear(in_features=256, out_features=100, bias=True)
  (z_lemma_logvar): Linear(in_features=256, out_features=100, bias=True)
  (up_from_z_layer): Linear(in_features=228, out_features=1024, bias=True)
  (decoder): Decoder_GRU_VQVAE(
    (layers): ModuleList(
      (0): Embedding(39, 128)
      (1): Dropout(p=0.2, inplace=False)
      (2): GRU(356, 1024, batch_first=True)
      (3): Linear(in_features=1024, out_features=39, bias=True)
    )
    (loss): CrossEntropyLoss()
  )
)
2023-12-20 02:06:06,212 - trnsize: 404897
2023-12-20 02:06:06,213 - devsize: 1446
2023-12-20 02:06:06,214 - tstsize: 1446
2023-12-20 02:06:06,215 - 
2023-12-20 02:06:06,216 - #epc: 0
2023-12-20 02:06:06,220 - epc:0, epc_KL:  0.000000
2023-12-20 02:12:34,536 - exact_match_tst_copy_acc: 0.994
2023-12-20 02:12:34,537 - exact_match_tst_reinflection_wlemma: 0.090
2023-12-20 02:12:34,538 - exact_match_tst_reinflection_wlemma_TAGFINDER1: 0.086
2023-12-20 02:12:34,539 - exact_match_tst_reinflection_wlemma_TAGFINDER1_or_2: 0.094
2023-12-20 02:12:34,888 - TRN || epcloss: 0.0686
2023-12-20 02:12:34,889 -     || Q: 0.0827
2023-12-20 02:12:34,889 -     || KL: 5.4402
2023-12-20 02:12:34,890 -     || token_match: 0.979, exact_match: 0.854
2023-12-20 02:12:34,891 -     || unique taglist code: 15749
2023-12-20 02:12:34,891 - DEV || epcloss: 0.0016
2023-12-20 02:12:34,892 -     || Q: 0.0104
2023-12-20 02:12:34,893 -     || KL: 12.9600
2023-12-20 02:12:34,894 -     || token_match: 1.000, exact_match: 0.994
2023-12-20 02:12:34,894 -     || unique taglist code: 430
2023-12-20 02:12:34,896 -     || seen taglist code: 412
2023-12-20 02:12:34,897 -     || MOST used trncode: 15749
2023-12-20 02:12:34,898 -     || MOST used devcode: 430
2023-12-20 02:12:34,899 -     || BEST exact match (teacher forcing): 0.994
2023-12-20 02:12:34,943 -     || saved model
2023-12-20 02:12:34,945 - 
2023-12-20 02:12:34,946 - #epc: 1
2023-12-20 02:12:35,660 - epc:1, epc_KL:  0.000000
2023-12-20 02:19:09,728 - exact_match_tst_copy_acc: 0.999
2023-12-20 02:19:09,729 - exact_match_tst_reinflection_wlemma: 0.064
2023-12-20 02:19:09,730 - exact_match_tst_reinflection_wlemma_TAGFINDER1: 0.066
2023-12-20 02:19:09,731 - exact_match_tst_reinflection_wlemma_TAGFINDER1_or_2: 0.066
2023-12-20 02:19:10,034 - TRN || epcloss: 0.0053
2023-12-20 02:19:10,035 -     || Q: 0.0095
2023-12-20 02:19:10,036 -     || KL: 6.2018
2023-12-20 02:19:10,037 -     || token_match: 0.999, exact_match: 0.982
2023-12-20 02:19:10,038 -     || unique taglist code: 13061
2023-12-20 02:19:10,039 - DEV || epcloss: 0.0004
2023-12-20 02:19:10,040 -     || Q: 0.0047
2023-12-20 02:19:10,040 -     || KL: 13.0597
2023-12-20 02:19:10,041 -     || token_match: 1.000, exact_match: 0.999
2023-12-20 02:19:10,042 -     || unique taglist code: 449
2023-12-20 02:19:10,043 -     || seen taglist code: 434
2023-12-20 02:19:10,044 -     || MOST used devcode: 449
2023-12-20 02:19:10,045 -     || BEST exact match (teacher forcing): 0.999
2023-12-20 02:19:10,085 -     || saved model
2023-12-20 02:19:10,087 - 
2023-12-20 02:19:10,088 - #epc: 2
2023-12-20 02:19:10,754 - epc:2, epc_KL:  0.000000
2023-12-20 02:25:46,592 - exact_match_tst_copy_acc: 0.997
2023-12-20 02:25:46,593 - exact_match_tst_reinflection_wlemma: 0.079
2023-12-20 02:25:46,594 - exact_match_tst_reinflection_wlemma_TAGFINDER1: 0.080
2023-12-20 02:25:46,594 - exact_match_tst_reinflection_wlemma_TAGFINDER1_or_2: 0.080
2023-12-20 02:25:46,939 - TRN || epcloss: 0.0036
2023-12-20 02:25:46,940 -     || Q: 0.0055
2023-12-20 02:25:46,941 -     || KL: 6.5790
2023-12-20 02:25:46,942 -     || token_match: 0.999, exact_match: 0.987
2023-12-20 02:25:46,942 -     || unique taglist code: 16754
2023-12-20 02:25:46,943 - DEV || epcloss: 0.0007
2023-12-20 02:25:46,944 -     || Q: 0.0076
2023-12-20 02:25:46,945 -     || KL: 14.6382
2023-12-20 02:25:46,946 -     || token_match: 1.000, exact_match: 0.997
2023-12-20 02:25:46,946 -     || unique taglist code: 429
2023-12-20 02:25:46,948 -     || seen taglist code: 391
2023-12-20 02:25:46,948 -     || MOST used trncode: 16754
2023-12-20 02:25:46,992 -     || saved model
2023-12-20 02:25:46,994 - 
2023-12-20 02:25:46,994 - #epc: 3
2023-12-20 02:25:47,665 - epc:3, epc_KL:  0.000000
2023-12-20 02:32:24,739 - exact_match_tst_copy_acc: 0.994
2023-12-20 02:32:24,740 - exact_match_tst_reinflection_wlemma: 0.042
2023-12-20 02:32:24,740 - exact_match_tst_reinflection_wlemma_TAGFINDER1: 0.043
2023-12-20 02:32:24,741 - exact_match_tst_reinflection_wlemma_TAGFINDER1_or_2: 0.043
2023-12-20 02:32:25,064 - TRN || epcloss: 0.0022
2023-12-20 02:32:25,065 -     || Q: 0.0048
2023-12-20 02:32:25,066 -     || KL: 6.8408
2023-12-20 02:32:25,066 -     || token_match: 0.999, exact_match: 0.991
2023-12-20 02:32:25,067 -     || unique taglist code: 17743
2023-12-20 02:32:25,068 - DEV || epcloss: 0.0008
2023-12-20 02:32:25,069 -     || Q: 0.0033
2023-12-20 02:32:25,070 -     || KL: 14.9857
2023-12-20 02:32:25,070 -     || token_match: 1.000, exact_match: 0.995
2023-12-20 02:32:25,071 -     || unique taglist code: 478
2023-12-20 02:32:25,072 -     || seen taglist code: 436
2023-12-20 02:32:25,073 -     || MOST used trncode: 17743
2023-12-20 02:32:25,074 -     || MOST used devcode: 478
2023-12-20 02:32:25,122 -     || saved model
2023-12-20 02:32:25,124 - 
2023-12-20 02:32:25,125 - #epc: 4
2023-12-20 02:32:25,819 - epc:4, epc_KL:  0.000000
2023-12-20 02:39:00,924 - exact_match_tst_copy_acc: 0.999
2023-12-20 02:39:00,925 - exact_match_tst_reinflection_wlemma: 0.087
2023-12-20 02:39:00,926 - exact_match_tst_reinflection_wlemma_TAGFINDER1: 0.087
2023-12-20 02:39:00,927 - exact_match_tst_reinflection_wlemma_TAGFINDER1_or_2: 0.089
2023-12-20 02:39:01,195 - TRN || epcloss: 0.0024
2023-12-20 02:39:01,196 -     || Q: 0.0044
2023-12-20 02:39:01,197 -     || KL: 7.2178
2023-12-20 02:39:01,198 -     || token_match: 0.999, exact_match: 0.990
2023-12-20 02:39:01,199 -     || unique taglist code: 21557
2023-12-20 02:39:01,199 - DEV || epcloss: 0.0002
2023-12-20 02:39:01,200 -     || Q: 0.0022
2023-12-20 02:39:01,201 -     || KL: 16.3258
2023-12-20 02:39:01,202 -     || token_match: 1.000, exact_match: 0.999
2023-12-20 02:39:01,202 -     || unique taglist code: 476
2023-12-20 02:39:01,203 -     || seen taglist code: 458
2023-12-20 02:39:01,204 -     || MOST used trncode: 21557
2023-12-20 02:39:01,206 -     || BEST exact match (teacher forcing): 0.999
2023-12-20 02:39:01,241 -     || saved model
2023-12-20 02:39:01,243 - 
2023-12-20 02:39:01,244 - #epc: 5
2023-12-20 02:39:01,922 - epc:5, epc_KL:  0.020000
2023-12-20 02:45:37,814 - exact_match_tst_copy_acc: 0.998
2023-12-20 02:45:37,815 - exact_match_tst_reinflection_wlemma: 0.155
2023-12-20 02:45:37,815 - exact_match_tst_reinflection_wlemma_TAGFINDER1: 0.154
2023-12-20 02:45:37,816 - exact_match_tst_reinflection_wlemma_TAGFINDER1_or_2: 0.155
2023-12-20 02:45:38,147 - TRN || epcloss: 0.0058
2023-12-20 02:45:38,148 -     || Q: 0.0042
2023-12-20 02:45:38,149 -     || KL: 1.2257
2023-12-20 02:45:38,150 -     || token_match: 0.998, exact_match: 0.968
2023-12-20 02:45:38,150 -     || unique taglist code: 29694
2023-12-20 02:45:38,151 - DEV || epcloss: 0.0030
2023-12-20 02:45:38,152 -     || Q: 0.0043
2023-12-20 02:45:38,153 -     || KL: 2.2546
2023-12-20 02:45:38,153 -     || token_match: 0.999, exact_match: 0.979
2023-12-20 02:45:38,154 -     || unique taglist code: 700
2023-12-20 02:45:38,155 -     || seen taglist code: 666
2023-12-20 02:45:38,156 -     || MOST used trncode: 29694
2023-12-20 02:45:38,158 -     || MOST used devcode: 700
2023-12-20 02:45:45,692 -     || saved model
2023-12-20 02:45:45,694 - 
2023-12-20 02:45:45,696 - #epc: 6
2023-12-20 02:45:46,488 - epc:6, epc_KL:  0.040000
2023-12-20 02:52:23,535 - exact_match_tst_copy_acc: 0.999
2023-12-20 02:52:23,536 - exact_match_tst_reinflection_wlemma: 0.155
2023-12-20 02:52:23,537 - exact_match_tst_reinflection_wlemma_TAGFINDER1: 0.154
2023-12-20 02:52:23,538 - exact_match_tst_reinflection_wlemma_TAGFINDER1_or_2: 0.159
2023-12-20 02:52:23,877 - TRN || epcloss: 0.0075
2023-12-20 02:52:23,878 -     || Q: 0.0071
2023-12-20 02:52:23,879 -     || KL: 0.7751
2023-12-20 02:52:23,880 -     || token_match: 0.998, exact_match: 0.959
2023-12-20 02:52:23,881 -     || unique taglist code: 26755
2023-12-20 02:52:23,881 - DEV || epcloss: 0.0040
2023-12-20 02:52:23,882 -     || Q: 0.0084
2023-12-20 02:52:23,883 -     || KL: 1.5417
2023-12-20 02:52:23,884 -     || token_match: 0.999, exact_match: 0.974
2023-12-20 02:52:23,885 -     || unique taglist code: 801
2023-12-20 02:52:23,886 -     || seen taglist code: 758
2023-12-20 02:52:23,887 -     || MOST used devcode: 801
2023-12-20 02:52:23,932 -     || saved model
2023-12-20 02:52:23,934 - 
2023-12-20 02:52:23,935 - #epc: 7
2023-12-20 02:52:24,605 - epc:7, epc_KL:  0.060000
2023-12-20 02:59:01,766 - exact_match_tst_copy_acc: 0.998
2023-12-20 02:59:01,767 - exact_match_tst_reinflection_wlemma: 0.228
2023-12-20 02:59:01,768 - exact_match_tst_reinflection_wlemma_TAGFINDER1: 0.226
2023-12-20 02:59:01,769 - exact_match_tst_reinflection_wlemma_TAGFINDER1_or_2: 0.231
2023-12-20 02:59:02,069 - TRN || epcloss: 0.0073
2023-12-20 02:59:02,070 -     || Q: 0.0090
2023-12-20 02:59:02,071 -     || KL: 0.5694
2023-12-20 02:59:02,072 -     || token_match: 0.998, exact_match: 0.959
2023-12-20 02:59:02,073 -     || unique taglist code: 22979
2023-12-20 02:59:02,073 - DEV || epcloss: 0.0043
2023-12-20 02:59:02,074 -     || Q: 0.0117
2023-12-20 02:59:02,075 -     || KL: 1.1539
2023-12-20 02:59:02,076 -     || token_match: 0.999, exact_match: 0.979
2023-12-20 02:59:02,077 -     || unique taglist code: 894
2023-12-20 02:59:02,079 -     || seen taglist code: 860
2023-12-20 02:59:02,080 -     || MOST used devcode: 894
2023-12-20 02:59:02,119 -     || saved model
2023-12-20 02:59:02,121 - 
2023-12-20 02:59:02,121 - #epc: 8
2023-12-20 02:59:02,804 - epc:8, epc_KL:  0.080000
2023-12-20 03:05:41,107 - exact_match_tst_copy_acc: 0.990
2023-12-20 03:05:41,107 - exact_match_tst_reinflection_wlemma: 0.381
2023-12-20 03:05:41,108 - exact_match_tst_reinflection_wlemma_TAGFINDER1: 0.367
2023-12-20 03:05:41,109 - exact_match_tst_reinflection_wlemma_TAGFINDER1_or_2: 0.391
2023-12-20 03:05:41,449 - TRN || epcloss: 0.0076
2023-12-20 03:05:41,450 -     || Q: 0.0123
2023-12-20 03:05:41,451 -     || KL: 0.4570
2023-12-20 03:05:41,452 -     || token_match: 0.998, exact_match: 0.957
2023-12-20 03:05:41,453 -     || unique taglist code: 21317
2023-12-20 03:05:41,454 - DEV || epcloss: 0.0087
2023-12-20 03:05:41,454 -     || Q: 0.0141
2023-12-20 03:05:41,455 -     || KL: 0.9477
2023-12-20 03:05:41,456 -     || token_match: 0.998, exact_match: 0.956
2023-12-20 03:05:41,457 -     || unique taglist code: 921
2023-12-20 03:05:41,458 -     || seen taglist code: 889
2023-12-20 03:05:41,459 -     || MOST used devcode: 921
2023-12-20 03:05:41,499 -     || saved model
2023-12-20 03:05:41,500 - 
2023-12-20 03:05:41,501 - #epc: 9
2023-12-20 03:05:42,166 - epc:9, epc_KL:  0.100000
2023-12-20 03:12:22,970 - exact_match_tst_copy_acc: 0.999
2023-12-20 03:12:22,971 - exact_match_tst_reinflection_wlemma: 0.577
2023-12-20 03:12:22,972 - exact_match_tst_reinflection_wlemma_TAGFINDER1: 0.562
2023-12-20 03:12:22,973 - exact_match_tst_reinflection_wlemma_TAGFINDER1_or_2: 0.593
2023-12-20 03:12:23,313 - TRN || epcloss: 0.0080
2023-12-20 03:12:23,314 -     || Q: 0.0174
2023-12-20 03:12:23,315 -     || KL: 0.3879
2023-12-20 03:12:23,316 -     || token_match: 0.998, exact_match: 0.955
2023-12-20 03:12:23,317 -     || unique taglist code: 19134
2023-12-20 03:12:23,318 - DEV || epcloss: 0.0062
2023-12-20 03:12:23,318 -     || Q: 0.0174
2023-12-20 03:12:23,319 -     || KL: 0.8001
2023-12-20 03:12:23,320 -     || token_match: 0.998, exact_match: 0.960
2023-12-20 03:12:23,321 -     || unique taglist code: 986
2023-12-20 03:12:23,322 -     || seen taglist code: 964
2023-12-20 03:12:23,323 -     || MOST used devcode: 986
2023-12-20 03:12:23,363 -     || saved model
2023-12-20 03:12:23,365 - 
2023-12-20 03:12:23,366 - #epc: 10
2023-12-20 03:12:24,043 - epc:10, epc_KL:  0.120000
2023-12-20 03:19:05,949 - exact_match_tst_copy_acc: 0.995
2023-12-20 03:19:05,949 - exact_match_tst_reinflection_wlemma: 0.731
2023-12-20 03:19:05,950 - exact_match_tst_reinflection_wlemma_TAGFINDER1: 0.703
2023-12-20 03:19:05,951 - exact_match_tst_reinflection_wlemma_TAGFINDER1_or_2: 0.743
2023-12-20 03:19:06,265 - TRN || epcloss: 0.0080
2023-12-20 03:19:06,266 -     || Q: 0.0199
2023-12-20 03:19:06,267 -     || KL: 0.3406
2023-12-20 03:19:06,268 -     || token_match: 0.998, exact_match: 0.955
2023-12-20 03:19:06,268 -     || unique taglist code: 19693
2023-12-20 03:19:06,269 - DEV || epcloss: 0.0102
2023-12-20 03:19:06,270 -     || Q: 0.0225
2023-12-20 03:19:06,271 -     || KL: 0.7041
2023-12-20 03:19:06,271 -     || token_match: 0.997, exact_match: 0.950
2023-12-20 03:19:06,272 -     || unique taglist code: 1094
2023-12-20 03:19:06,274 -     || seen taglist code: 1056
2023-12-20 03:19:06,275 -     || MOST used devcode: 1094
2023-12-20 03:19:06,316 -     || saved model
2023-12-20 03:19:06,318 - 
2023-12-20 03:19:06,319 - #epc: 11
2023-12-20 03:19:07,011 - epc:11, epc_KL:  0.140000
2023-12-20 03:25:48,836 - exact_match_tst_copy_acc: 0.993
2023-12-20 03:25:48,836 - exact_match_tst_reinflection_wlemma: 0.884
2023-12-20 03:25:48,837 - exact_match_tst_reinflection_wlemma_TAGFINDER1: 0.839
2023-12-20 03:25:48,838 - exact_match_tst_reinflection_wlemma_TAGFINDER1_or_2: 0.893
2023-12-20 03:25:49,203 - TRN || epcloss: 0.0089
2023-12-20 03:25:49,204 -     || Q: 0.0250
2023-12-20 03:25:49,205 -     || KL: 0.3085
2023-12-20 03:25:49,206 -     || token_match: 0.997, exact_match: 0.952
2023-12-20 03:25:49,206 -     || unique taglist code: 20537
2023-12-20 03:25:49,207 - DEV || epcloss: 0.0069
2023-12-20 03:25:49,208 -     || Q: 0.0241
2023-12-20 03:25:49,209 -     || KL: 0.6471
2023-12-20 03:25:49,210 -     || token_match: 0.998, exact_match: 0.956
2023-12-20 03:25:49,210 -     || unique taglist code: 1099
2023-12-20 03:25:49,212 -     || seen taglist code: 1056
2023-12-20 03:25:49,213 -     || MOST used devcode: 1099
2023-12-20 03:25:49,254 -     || saved model
2023-12-20 03:25:49,255 - 
2023-12-20 03:25:49,256 - #epc: 12
2023-12-20 03:25:49,916 - epc:12, epc_KL:  0.160000
2023-12-20 03:32:32,644 - exact_match_tst_copy_acc: 0.995
2023-12-20 03:32:32,645 - exact_match_tst_reinflection_wlemma: 0.956
2023-12-20 03:32:32,646 - exact_match_tst_reinflection_wlemma_TAGFINDER1: 0.915
2023-12-20 03:32:32,647 - exact_match_tst_reinflection_wlemma_TAGFINDER1_or_2: 0.958
2023-12-20 03:32:33,004 - TRN || epcloss: 0.0092
2023-12-20 03:32:33,005 -     || Q: 0.0300
2023-12-20 03:32:33,005 -     || KL: 0.2837
2023-12-20 03:32:33,006 -     || token_match: 0.997, exact_match: 0.950
2023-12-20 03:32:33,007 -     || unique taglist code: 23027
2023-12-20 03:32:33,008 - DEV || epcloss: 0.0065
2023-12-20 03:32:33,008 -     || Q: 0.0268
2023-12-20 03:32:33,009 -     || KL: 0.5998
2023-12-20 03:32:33,010 -     || token_match: 0.998, exact_match: 0.962
2023-12-20 03:32:33,011 -     || unique taglist code: 1097
2023-12-20 03:32:33,012 -     || seen taglist code: 1075
2023-12-20 03:32:33,054 -     || saved model
2023-12-20 03:32:33,056 - 
2023-12-20 03:32:33,057 - #epc: 13
2023-12-20 03:32:33,734 - epc:13, epc_KL:  0.180000
2023-12-20 03:39:08,513 - exact_match_tst_copy_acc: 0.998
2023-12-20 03:39:08,513 - exact_match_tst_reinflection_wlemma: 0.968
2023-12-20 03:39:08,514 - exact_match_tst_reinflection_wlemma_TAGFINDER1: 0.899
2023-12-20 03:39:08,515 - exact_match_tst_reinflection_wlemma_TAGFINDER1_or_2: 0.968
2023-12-20 03:39:08,836 - TRN || epcloss: 0.0098
2023-12-20 03:39:08,837 -     || Q: 0.0341
2023-12-20 03:39:08,838 -     || KL: 0.2632
2023-12-20 03:39:08,838 -     || token_match: 0.997, exact_match: 0.948
2023-12-20 03:39:08,839 -     || unique taglist code: 23112
2023-12-20 03:39:08,840 - DEV || epcloss: 0.0081
2023-12-20 03:39:08,841 -     || Q: 0.0369
2023-12-20 03:39:08,842 -     || KL: 0.5743
2023-12-20 03:39:08,842 -     || token_match: 0.998, exact_match: 0.956
2023-12-20 03:39:08,843 -     || unique taglist code: 1198
2023-12-20 03:39:08,845 -     || seen taglist code: 1141
2023-12-20 03:39:08,846 -     || MOST used devcode: 1198
2023-12-20 03:39:08,895 -     || saved model
2023-12-20 03:39:08,896 - 
2023-12-20 03:39:08,897 - #epc: 14
2023-12-20 03:39:09,562 - epc:14, epc_KL:  0.200000
2023-12-20 03:45:40,338 - exact_match_tst_copy_acc: 0.989
2023-12-20 03:45:40,339 - exact_match_tst_reinflection_wlemma: 0.964
2023-12-20 03:45:40,340 - exact_match_tst_reinflection_wlemma_TAGFINDER1: 0.902
2023-12-20 03:45:40,341 - exact_match_tst_reinflection_wlemma_TAGFINDER1_or_2: 0.963
2023-12-20 03:45:40,667 - TRN || epcloss: 0.0109
2023-12-20 03:45:40,668 -     || Q: 0.0406
2023-12-20 03:45:40,668 -     || KL: 0.2488
2023-12-20 03:45:40,669 -     || token_match: 0.997, exact_match: 0.943
2023-12-20 03:45:40,670 -     || unique taglist code: 29969
2023-12-20 03:45:40,671 - DEV || epcloss: 0.0105
2023-12-20 03:45:40,671 -     || Q: 0.0413
2023-12-20 03:45:40,672 -     || KL: 0.5327
2023-12-20 03:45:40,673 -     || token_match: 0.997, exact_match: 0.939
2023-12-20 03:45:40,674 -     || unique taglist code: 1246
2023-12-20 03:45:40,675 -     || seen taglist code: 1190
2023-12-20 03:45:40,676 -     || MOST used trncode: 29969
2023-12-20 03:45:40,677 -     || MOST used devcode: 1246
2023-12-20 03:45:40,718 -     || saved model
2023-12-20 03:45:40,720 - 
2023-12-20 03:45:40,721 - #epc: 15
2023-12-20 03:45:41,380 - epc:15, epc_KL:  0.200000
2023-12-20 03:52:08,668 - exact_match_tst_copy_acc: 0.995
2023-12-20 03:52:08,669 - exact_match_tst_reinflection_wlemma: 0.974
2023-12-20 03:52:08,670 - exact_match_tst_reinflection_wlemma_TAGFINDER1: 0.907
2023-12-20 03:52:08,670 - exact_match_tst_reinflection_wlemma_TAGFINDER1_or_2: 0.971
2023-12-20 03:52:08,953 - TRN || epcloss: 0.0102
2023-12-20 03:52:08,954 -     || Q: 0.0428
2023-12-20 03:52:08,955 -     || KL: 0.2402
2023-12-20 03:52:08,956 -     || token_match: 0.997, exact_match: 0.947
2023-12-20 03:52:08,957 -     || unique taglist code: 27697
2023-12-20 03:52:08,957 - DEV || epcloss: 0.0098
2023-12-20 03:52:08,958 -     || Q: 0.0434
2023-12-20 03:52:08,959 -     || KL: 0.5107
2023-12-20 03:52:08,960 -     || token_match: 0.997, exact_match: 0.954
2023-12-20 03:52:08,961 -     || unique taglist code: 1253
2023-12-20 03:52:08,962 -     || seen taglist code: 1214
2023-12-20 03:52:08,963 -     || MOST used devcode: 1253
2023-12-20 03:52:09,007 -     || saved model
2023-12-20 03:52:09,009 - 
2023-12-20 03:52:09,009 - #epc: 16
2023-12-20 03:52:09,673 - epc:16, epc_KL:  0.200000
2023-12-20 03:58:37,720 - exact_match_tst_copy_acc: 0.990
2023-12-20 03:58:37,721 - exact_match_tst_reinflection_wlemma: 0.973
2023-12-20 03:58:37,721 - exact_match_tst_reinflection_wlemma_TAGFINDER1: 0.907
2023-12-20 03:58:37,722 - exact_match_tst_reinflection_wlemma_TAGFINDER1_or_2: 0.970
2023-12-20 03:58:38,016 - TRN || epcloss: 0.0103
2023-12-20 03:58:38,017 -     || Q: 0.0460
2023-12-20 03:58:38,018 -     || KL: 0.2341
2023-12-20 03:58:38,019 -     || token_match: 0.997, exact_match: 0.947
2023-12-20 03:58:38,020 -     || unique taglist code: 30393
2023-12-20 03:58:38,020 - DEV || epcloss: 0.0082
2023-12-20 03:58:38,021 -     || Q: 0.0435
2023-12-20 03:58:38,022 -     || KL: 0.5025
2023-12-20 03:58:38,023 -     || token_match: 0.998, exact_match: 0.956
2023-12-20 03:58:38,023 -     || unique taglist code: 1303
2023-12-20 03:58:38,025 -     || seen taglist code: 1254
2023-12-20 03:58:38,026 -     || MOST used trncode: 30393
2023-12-20 03:58:38,027 -     || MOST used devcode: 1303
2023-12-20 03:58:38,066 -     || saved model
2023-12-20 03:58:38,067 - 
2023-12-20 03:58:38,068 - #epc: 17
2023-12-20 03:58:38,735 - epc:17, epc_KL:  0.200000
2023-12-20 04:05:07,656 - exact_match_tst_copy_acc: 0.991
2023-12-20 04:05:07,657 - exact_match_tst_reinflection_wlemma: 0.976
2023-12-20 04:05:07,658 - exact_match_tst_reinflection_wlemma_TAGFINDER1: 0.885
2023-12-20 04:05:07,658 - exact_match_tst_reinflection_wlemma_TAGFINDER1_or_2: 0.963
2023-12-20 04:05:07,971 - TRN || epcloss: 0.0104
2023-12-20 04:05:07,972 -     || Q: 0.0499
2023-12-20 04:05:07,972 -     || KL: 0.2296
2023-12-20 04:05:07,973 -     || token_match: 0.997, exact_match: 0.946
2023-12-20 04:05:07,974 -     || unique taglist code: 32507
2023-12-20 04:05:07,975 - DEV || epcloss: 0.0102
2023-12-20 04:05:07,976 -     || Q: 0.0447
2023-12-20 04:05:07,976 -     || KL: 0.4769
2023-12-20 04:05:07,977 -     || token_match: 0.997, exact_match: 0.945
2023-12-20 04:05:07,978 -     || unique taglist code: 1296
2023-12-20 04:05:07,980 -     || seen taglist code: 1252
2023-12-20 04:05:07,980 -     || MOST used trncode: 32507
2023-12-20 04:05:08,022 -     || saved model
2023-12-20 04:05:08,023 - 
2023-12-20 04:05:08,024 - #epc: 18
2023-12-20 04:05:08,619 - epc:18, epc_KL:  0.200000
2023-12-20 04:11:34,768 - exact_match_tst_copy_acc: 0.994
2023-12-20 04:11:34,769 - exact_match_tst_reinflection_wlemma: 0.981
2023-12-20 04:11:34,770 - exact_match_tst_reinflection_wlemma_TAGFINDER1: 0.894
2023-12-20 04:11:34,770 - exact_match_tst_reinflection_wlemma_TAGFINDER1_or_2: 0.974
2023-12-20 04:11:35,082 - TRN || epcloss: 0.0110
2023-12-20 04:11:35,083 -     || Q: 0.0562
2023-12-20 04:11:35,084 -     || KL: 0.2273
2023-12-20 04:11:35,085 -     || token_match: 0.997, exact_match: 0.945
2023-12-20 04:11:35,086 -     || unique taglist code: 32973
2023-12-20 04:11:35,086 - DEV || epcloss: 0.0088
2023-12-20 04:11:35,087 -     || Q: 0.0532
2023-12-20 04:11:35,088 -     || KL: 0.4722
2023-12-20 04:11:35,089 -     || token_match: 0.997, exact_match: 0.953
2023-12-20 04:11:35,090 -     || unique taglist code: 1313
2023-12-20 04:11:35,091 -     || seen taglist code: 1258
2023-12-20 04:11:35,092 -     || MOST used trncode: 32973
2023-12-20 04:11:35,092 -     || MOST used devcode: 1313
2023-12-20 04:11:35,130 -     || saved model
2023-12-20 04:11:35,132 - 
2023-12-20 04:11:35,133 - #epc: 19
2023-12-20 04:11:35,663 - epc:19, epc_KL:  0.200000
2023-12-20 04:17:58,367 - exact_match_tst_copy_acc: 0.991
2023-12-20 04:17:58,368 - exact_match_tst_reinflection_wlemma: 0.981
2023-12-20 04:17:58,368 - exact_match_tst_reinflection_wlemma_TAGFINDER1: 0.880
2023-12-20 04:17:58,369 - exact_match_tst_reinflection_wlemma_TAGFINDER1_or_2: 0.966
2023-12-20 04:17:58,664 - TRN || epcloss: 0.0115
2023-12-20 04:17:58,664 -     || Q: 0.0622
2023-12-20 04:17:58,665 -     || KL: 0.2245
2023-12-20 04:17:58,666 -     || token_match: 0.997, exact_match: 0.942
2023-12-20 04:17:58,667 -     || unique taglist code: 36492
2023-12-20 04:17:58,668 - DEV || epcloss: 0.0107
2023-12-20 04:17:58,669 -     || Q: 0.0652
2023-12-20 04:17:58,669 -     || KL: 0.4815
2023-12-20 04:17:58,670 -     || token_match: 0.997, exact_match: 0.944
2023-12-20 04:17:58,671 -     || unique taglist code: 1326
2023-12-20 04:17:58,672 -     || seen taglist code: 1267
2023-12-20 04:17:58,673 -     || MOST used trncode: 36492
2023-12-20 04:17:58,674 -     || MOST used devcode: 1326
2023-12-20 04:17:58,711 -     || saved model
2023-12-20 04:17:58,715 - 
2023-12-20 04:17:58,717 - #epc: 20
2023-12-20 04:17:59,240 - epc:20, epc_KL:  0.200000
2023-12-20 04:24:21,210 - exact_match_tst_copy_acc: 0.991
2023-12-20 04:24:21,211 - exact_match_tst_reinflection_wlemma: 0.981
2023-12-20 04:24:21,212 - exact_match_tst_reinflection_wlemma_TAGFINDER1: 0.871
2023-12-20 04:24:21,213 - exact_match_tst_reinflection_wlemma_TAGFINDER1_or_2: 0.965
2023-12-20 04:24:21,496 - TRN || epcloss: 0.0110
2023-12-20 04:24:21,497 -     || Q: 0.0671
2023-12-20 04:24:21,497 -     || KL: 0.2237
2023-12-20 04:24:21,498 -     || token_match: 0.997, exact_match: 0.945
2023-12-20 04:24:21,499 -     || unique taglist code: 36951
2023-12-20 04:24:21,499 - DEV || epcloss: 0.0085
2023-12-20 04:24:21,500 -     || Q: 0.0741
2023-12-20 04:24:21,501 -     || KL: 0.4689
2023-12-20 04:24:21,502 -     || token_match: 0.998, exact_match: 0.959
2023-12-20 04:24:21,503 -     || unique taglist code: 1349
2023-12-20 04:24:21,504 -     || seen taglist code: 1293
2023-12-20 04:24:21,505 -     || MOST used trncode: 36951
2023-12-20 04:24:21,506 -     || MOST used devcode: 1349
2023-12-20 04:24:21,543 -     || saved model
2023-12-20 04:24:21,545 - 
2023-12-20 04:24:21,546 - #epc: 21
2023-12-20 04:24:22,066 - epc:21, epc_KL:  0.200000
2023-12-20 04:30:49,358 - exact_match_tst_copy_acc: 0.988
2023-12-20 04:30:49,359 - exact_match_tst_reinflection_wlemma: 0.982
2023-12-20 04:30:49,359 - exact_match_tst_reinflection_wlemma_TAGFINDER1: 0.859
2023-12-20 04:30:49,360 - exact_match_tst_reinflection_wlemma_TAGFINDER1_or_2: 0.960
2023-12-20 04:30:49,637 - TRN || epcloss: 0.0113
2023-12-20 04:30:49,638 -     || Q: 0.0746
2023-12-20 04:30:49,639 -     || KL: 0.2217
2023-12-20 04:30:49,640 -     || token_match: 0.997, exact_match: 0.942
2023-12-20 04:30:49,641 -     || unique taglist code: 40715
2023-12-20 04:30:49,642 - DEV || epcloss: 0.0107
2023-12-20 04:30:49,643 -     || Q: 0.0876
2023-12-20 04:30:49,643 -     || KL: 0.4777
2023-12-20 04:30:49,644 -     || token_match: 0.998, exact_match: 0.955
2023-12-20 04:30:49,645 -     || unique taglist code: 1351
2023-12-20 04:30:49,647 -     || seen taglist code: 1283
2023-12-20 04:30:49,648 -     || MOST used trncode: 40715
2023-12-20 04:30:49,649 -     || MOST used devcode: 1351
2023-12-20 04:30:51,443 -     || saved model
2023-12-20 04:30:51,446 - 
2023-12-20 04:30:51,447 - #epc: 22
2023-12-20 04:30:52,052 - epc:22, epc_KL:  0.200000
2023-12-20 04:37:18,510 - exact_match_tst_copy_acc: 0.991
2023-12-20 04:37:18,511 - exact_match_tst_reinflection_wlemma: 0.979
2023-12-20 04:37:18,512 - exact_match_tst_reinflection_wlemma_TAGFINDER1: 0.851
2023-12-20 04:37:18,513 - exact_match_tst_reinflection_wlemma_TAGFINDER1_or_2: 0.961
2023-12-20 04:37:18,833 - TRN || epcloss: 0.0122
2023-12-20 04:37:18,834 -     || Q: 0.0802
2023-12-20 04:37:18,834 -     || KL: 0.2213
2023-12-20 04:37:18,835 -     || token_match: 0.997, exact_match: 0.940
2023-12-20 04:37:18,836 -     || unique taglist code: 43051
2023-12-20 04:37:18,836 - DEV || epcloss: 0.0079
2023-12-20 04:37:18,837 -     || Q: 0.0823
2023-12-20 04:37:18,838 -     || KL: 0.4694
2023-12-20 04:37:18,839 -     || token_match: 0.997, exact_match: 0.955
2023-12-20 04:37:18,839 -     || unique taglist code: 1366
2023-12-20 04:37:18,841 -     || seen taglist code: 1299
2023-12-20 04:37:18,842 -     || MOST used trncode: 43051
2023-12-20 04:37:18,843 -     || MOST used devcode: 1366
2023-12-20 04:37:18,889 -     || saved model
2023-12-20 04:37:18,891 - 
2023-12-20 04:37:18,892 - #epc: 23
2023-12-20 04:37:19,416 - epc:23, epc_KL:  0.200000
2023-12-20 04:43:46,796 - exact_match_tst_copy_acc: 0.990
2023-12-20 04:43:46,797 - exact_match_tst_reinflection_wlemma: 0.979
2023-12-20 04:43:46,798 - exact_match_tst_reinflection_wlemma_TAGFINDER1: 0.848
2023-12-20 04:43:46,798 - exact_match_tst_reinflection_wlemma_TAGFINDER1_or_2: 0.962
2023-12-20 04:43:47,123 - TRN || epcloss: 0.0124
2023-12-20 04:43:47,124 -     || Q: 0.0896
2023-12-20 04:43:47,124 -     || KL: 0.2215
2023-12-20 04:43:47,125 -     || token_match: 0.997, exact_match: 0.939
2023-12-20 04:43:47,126 -     || unique taglist code: 43187
2023-12-20 04:43:47,127 - DEV || epcloss: 0.0094
2023-12-20 04:43:47,128 -     || Q: 0.0939
2023-12-20 04:43:47,128 -     || KL: 0.4761
2023-12-20 04:43:47,129 -     || token_match: 0.997, exact_match: 0.953
2023-12-20 04:43:47,130 -     || unique taglist code: 1356
2023-12-20 04:43:47,131 -     || seen taglist code: 1289
2023-12-20 04:43:47,132 -     || MOST used trncode: 43187
2023-12-20 04:43:47,174 -     || saved model
2023-12-20 04:43:47,176 - 
2023-12-20 04:43:47,176 - #epc: 24
2023-12-20 04:43:47,707 - epc:24, epc_KL:  0.200000
2023-12-20 04:50:14,921 - exact_match_tst_copy_acc: 0.981
2023-12-20 04:50:14,922 - exact_match_tst_reinflection_wlemma: 0.965
2023-12-20 04:50:14,922 - exact_match_tst_reinflection_wlemma_TAGFINDER1: 0.802
2023-12-20 04:50:14,923 - exact_match_tst_reinflection_wlemma_TAGFINDER1_or_2: 0.935
2023-12-20 04:50:15,224 - TRN || epcloss: 0.0143
2023-12-20 04:50:15,225 -     || Q: 0.0996
2023-12-20 04:50:15,225 -     || KL: 0.2254
2023-12-20 04:50:15,226 -     || token_match: 0.996, exact_match: 0.931
2023-12-20 04:50:15,227 -     || unique taglist code: 46759
2023-12-20 04:50:15,227 - DEV || epcloss: 0.0131
2023-12-20 04:50:15,228 -     || Q: 0.1005
2023-12-20 04:50:15,229 -     || KL: 0.4975
2023-12-20 04:50:15,230 -     || token_match: 0.996, exact_match: 0.936
2023-12-20 04:50:15,230 -     || unique taglist code: 1365
2023-12-20 04:50:15,232 -     || seen taglist code: 1273
2023-12-20 04:50:15,232 -     || MOST used trncode: 46759
2023-12-20 04:50:15,276 -     || saved model
2023-12-20 04:50:15,278 - 
2023-12-20 04:50:15,279 - #epc: 25
2023-12-20 04:50:15,800 - epc:25, epc_KL:  0.200000
2023-12-20 04:56:41,488 - exact_match_tst_copy_acc: 0.908
2023-12-20 04:56:41,489 - exact_match_tst_reinflection_wlemma: 0.901
2023-12-20 04:56:41,490 - exact_match_tst_reinflection_wlemma_TAGFINDER1: 0.775
2023-12-20 04:56:41,490 - exact_match_tst_reinflection_wlemma_TAGFINDER1_or_2: 0.903
2023-12-20 04:56:41,841 - TRN || epcloss: 0.0173
2023-12-20 04:56:41,842 -     || Q: 0.1059
2023-12-20 04:56:41,843 -     || KL: 0.2328
2023-12-20 04:56:41,844 -     || token_match: 0.995, exact_match: 0.919
2023-12-20 04:56:41,844 -     || unique taglist code: 50165
2023-12-20 04:56:41,845 - DEV || epcloss: 0.0312
2023-12-20 04:56:41,846 -     || Q: 0.1140
2023-12-20 04:56:41,846 -     || KL: 0.6025
2023-12-20 04:56:41,847 -     || token_match: 0.991, exact_match: 0.840
2023-12-20 04:56:41,848 -     || unique taglist code: 1328
2023-12-20 04:56:41,849 -     || seen taglist code: 1189
2023-12-20 04:56:41,850 -     || MOST used trncode: 50165
2023-12-20 04:56:41,887 -     || saved model
2023-12-20 04:56:41,888 - 
2023-12-20 04:56:41,889 - #epc: 26
2023-12-20 04:56:42,409 - epc:26, epc_KL:  0.200000
2023-12-20 05:03:08,060 - exact_match_tst_copy_acc: 0.976
2023-12-20 05:03:08,061 - exact_match_tst_reinflection_wlemma: 0.965
2023-12-20 05:03:08,062 - exact_match_tst_reinflection_wlemma_TAGFINDER1: 0.828
2023-12-20 05:03:08,063 - exact_match_tst_reinflection_wlemma_TAGFINDER1_or_2: 0.947
2023-12-20 05:03:08,353 - TRN || epcloss: 0.0202
2023-12-20 05:03:08,354 -     || Q: 0.1173
2023-12-20 05:03:08,355 -     || KL: 0.2478
2023-12-20 05:03:08,356 -     || token_match: 0.994, exact_match: 0.903
2023-12-20 05:03:08,356 -     || unique taglist code: 52710
2023-12-20 05:03:08,357 - DEV || epcloss: 0.0165
2023-12-20 05:03:08,358 -     || Q: 0.1125
2023-12-20 05:03:08,359 -     || KL: 0.5295
2023-12-20 05:03:08,359 -     || token_match: 0.996, exact_match: 0.924
2023-12-20 05:03:08,360 -     || unique taglist code: 1346
2023-12-20 05:03:08,362 -     || seen taglist code: 1252
2023-12-20 05:03:08,363 -     || MOST used trncode: 52710
2023-12-20 05:03:08,401 -     || saved model
2023-12-20 05:03:08,402 - 
2023-12-20 05:03:08,403 - #epc: 27
2023-12-20 05:03:08,924 - epc:27, epc_KL:  0.200000
2023-12-20 05:09:33,451 - exact_match_tst_copy_acc: 0.924
2023-12-20 05:09:33,452 - exact_match_tst_reinflection_wlemma: 0.910
2023-12-20 05:09:33,453 - exact_match_tst_reinflection_wlemma_TAGFINDER1: 0.746
2023-12-20 05:09:33,453 - exact_match_tst_reinflection_wlemma_TAGFINDER1_or_2: 0.893
2023-12-20 05:09:33,739 - TRN || epcloss: 0.0352
2023-12-20 05:09:33,740 -     || Q: 0.1221
2023-12-20 05:09:33,741 -     || KL: 0.2627
2023-12-20 05:09:33,742 -     || token_match: 0.991, exact_match: 0.858
2023-12-20 05:09:33,743 -     || unique taglist code: 68734
2023-12-20 05:09:33,743 - DEV || epcloss: 0.0321
2023-12-20 05:09:33,744 -     || Q: 0.1528
2023-12-20 05:09:33,745 -     || KL: 0.6518
2023-12-20 05:09:33,746 -     || token_match: 0.991, exact_match: 0.861
2023-12-20 05:09:33,747 -     || unique taglist code: 1334
2023-12-20 05:09:33,748 -     || seen taglist code: 1203
2023-12-20 05:09:33,749 -     || MOST used trncode: 68734
2023-12-20 05:09:33,792 -     || saved model
2023-12-20 05:09:33,793 - 
2023-12-20 05:09:33,794 - #epc: 28
2023-12-20 05:09:34,312 - epc:28, epc_KL:  0.200000
2023-12-20 05:15:59,993 - exact_match_tst_copy_acc: 0.911
2023-12-20 05:15:59,993 - exact_match_tst_reinflection_wlemma: 0.891
2023-12-20 05:15:59,994 - exact_match_tst_reinflection_wlemma_TAGFINDER1: 0.737
2023-12-20 05:15:59,995 - exact_match_tst_reinflection_wlemma_TAGFINDER1_or_2: 0.874
2023-12-20 05:16:00,326 - TRN || epcloss: 0.1252
2023-12-20 05:16:00,327 -     || Q: 0.1929
2023-12-20 05:16:00,327 -     || KL: 0.3476
2023-12-20 05:16:00,328 -     || token_match: 0.964, exact_match: 0.622
2023-12-20 05:16:00,329 -     || unique taglist code: 85633
2023-12-20 05:16:00,330 - DEV || epcloss: 0.0380
2023-12-20 05:16:00,331 -     || Q: 0.1714
2023-12-20 05:16:00,331 -     || KL: 0.7217
2023-12-20 05:16:00,332 -     || token_match: 0.989, exact_match: 0.823
2023-12-20 05:16:00,333 -     || unique taglist code: 1307
2023-12-20 05:16:00,334 -     || seen taglist code: 1186
2023-12-20 05:16:00,335 -     || MOST used trncode: 85633
2023-12-20 05:16:00,381 -     || saved model
2023-12-20 05:16:00,382 - 
2023-12-20 05:16:00,383 - #epc: 29
2023-12-20 05:16:00,906 - epc:29, epc_KL:  0.200000
2023-12-20 05:22:26,662 - exact_match_tst_copy_acc: 0.770
2023-12-20 05:22:26,663 - exact_match_tst_reinflection_wlemma: 0.751
2023-12-20 05:22:26,664 - exact_match_tst_reinflection_wlemma_TAGFINDER1: 0.642
2023-12-20 05:22:26,665 - exact_match_tst_reinflection_wlemma_TAGFINDER1_or_2: 0.775
2023-12-20 05:22:27,018 - TRN || epcloss: 0.0789
2023-12-20 05:22:27,019 -     || Q: 0.2479
2023-12-20 05:22:27,020 -     || KL: 0.3195
2023-12-20 05:22:27,020 -     || token_match: 0.980, exact_match: 0.725
2023-12-20 05:22:27,021 -     || unique taglist code: 90037
2023-12-20 05:22:27,022 - DEV || epcloss: 0.0729
2023-12-20 05:22:27,023 -     || Q: 0.3742
2023-12-20 05:22:27,024 -     || KL: 0.8239
2023-12-20 05:22:27,024 -     || token_match: 0.979, exact_match: 0.703
2023-12-20 05:22:27,025 -     || unique taglist code: 1347
2023-12-20 05:22:27,026 -     || seen taglist code: 1085
2023-12-20 05:22:27,027 -     || MOST used trncode: 90037
2023-12-20 05:22:27,073 -     || saved model
2023-12-20 05:22:27,075 - 
2023-12-20 05:22:27,075 - #epc: 30
2023-12-20 05:22:27,594 - epc:30, epc_KL:  0.200000
2023-12-20 05:28:54,101 - exact_match_tst_copy_acc: 0.750
2023-12-20 05:28:54,102 - exact_match_tst_reinflection_wlemma: 0.717
2023-12-20 05:28:54,103 - exact_match_tst_reinflection_wlemma_TAGFINDER1: 0.614
2023-12-20 05:28:54,104 - exact_match_tst_reinflection_wlemma_TAGFINDER1_or_2: 0.747
2023-12-20 05:28:54,486 - TRN || epcloss: 0.1298
2023-12-20 05:28:54,487 -     || Q: 0.3151
2023-12-20 05:28:54,488 -     || KL: 0.3605
2023-12-20 05:28:54,489 -     || token_match: 0.961, exact_match: 0.584
2023-12-20 05:28:54,490 -     || unique taglist code: 87950
2023-12-20 05:28:54,490 - DEV || epcloss: 0.0718
2023-12-20 05:28:54,491 -     || Q: 0.3084
2023-12-20 05:28:54,492 -     || KL: 0.8321
2023-12-20 05:28:54,493 -     || token_match: 0.976, exact_match: 0.660
2023-12-20 05:28:54,494 -     || unique taglist code: 1280
2023-12-20 05:28:54,495 -     || seen taglist code: 1086
2023-12-20 05:28:54,535 -     || saved model
2023-12-20 05:28:54,537 - 
2023-12-20 05:28:54,538 - #epc: 31
2023-12-20 05:28:55,059 - epc:31, epc_KL:  0.200000
2023-12-20 05:35:22,728 - exact_match_tst_copy_acc: 0.668
2023-12-20 05:35:22,729 - exact_match_tst_reinflection_wlemma: 0.641
2023-12-20 05:35:22,729 - exact_match_tst_reinflection_wlemma_TAGFINDER1: 0.544
2023-12-20 05:35:22,730 - exact_match_tst_reinflection_wlemma_TAGFINDER1_or_2: 0.668
2023-12-20 05:35:23,078 - TRN || epcloss: 0.0680
2023-12-20 05:35:23,079 -     || Q: 0.2710
2023-12-20 05:35:23,080 -     || KL: 0.3336
2023-12-20 05:35:23,081 -     || token_match: 0.979, exact_match: 0.708
2023-12-20 05:35:23,081 -     || unique taglist code: 85345
2023-12-20 05:35:23,082 - DEV || epcloss: 0.1107
2023-12-20 05:35:23,083 -     || Q: 0.3152
2023-12-20 05:35:23,084 -     || KL: 1.0015
2023-12-20 05:35:23,084 -     || token_match: 0.966, exact_match: 0.584
2023-12-20 05:35:23,085 -     || unique taglist code: 1320
2023-12-20 05:35:23,086 -     || seen taglist code: 1091
2023-12-20 05:35:23,126 -     || saved model
2023-12-20 05:35:23,128 - 
2023-12-20 05:35:23,130 - #epc: 32
2023-12-20 05:35:23,658 - epc:32, epc_KL:  0.200000
2023-12-20 05:41:50,850 - exact_match_tst_copy_acc: 0.723
2023-12-20 05:41:50,851 - exact_match_tst_reinflection_wlemma: 0.676
2023-12-20 05:41:50,851 - exact_match_tst_reinflection_wlemma_TAGFINDER1: 0.542
2023-12-20 05:41:50,852 - exact_match_tst_reinflection_wlemma_TAGFINDER1_or_2: 0.692
2023-12-20 05:41:51,165 - TRN || epcloss: 0.1515
2023-12-20 05:41:51,166 -     || Q: 0.2945
2023-12-20 05:41:51,167 -     || KL: 0.4226
2023-12-20 05:41:51,168 -     || token_match: 0.954, exact_match: 0.496
2023-12-20 05:41:51,169 -     || unique taglist code: 107124
2023-12-20 05:41:51,170 - DEV || epcloss: 0.0800
2023-12-20 05:41:51,170 -     || Q: 0.2943
2023-12-20 05:41:51,171 -     || KL: 0.9111
2023-12-20 05:41:51,172 -     || token_match: 0.974, exact_match: 0.626
2023-12-20 05:41:51,173 -     || unique taglist code: 1321
2023-12-20 05:41:51,174 -     || seen taglist code: 1124
2023-12-20 05:41:51,175 -     || MOST used trncode: 107124
2023-12-20 05:41:51,222 -     || saved model
2023-12-20 05:41:51,223 - 
2023-12-20 05:41:51,224 - #epc: 33
2023-12-20 05:41:51,750 - epc:33, epc_KL:  0.200000
2023-12-20 05:48:18,114 - exact_match_tst_copy_acc: 0.178
2023-12-20 05:48:18,115 - exact_match_tst_reinflection_wlemma: 0.162
2023-12-20 05:48:18,116 - exact_match_tst_reinflection_wlemma_TAGFINDER1: 0.118
2023-12-20 05:48:18,116 - exact_match_tst_reinflection_wlemma_TAGFINDER1_or_2: 0.172
2023-12-20 05:48:18,561 - TRN || epcloss: 0.1027
2023-12-20 05:48:18,562 -     || Q: 0.3217
2023-12-20 05:48:18,562 -     || KL: 0.3795
2023-12-20 05:48:18,563 -     || token_match: 0.968, exact_match: 0.614
2023-12-20 05:48:18,564 -     || unique taglist code: 105800
2023-12-20 05:48:18,565 - DEV || epcloss: 0.3452
2023-12-20 05:48:18,566 -     || Q: 0.5707
2023-12-20 05:48:18,566 -     || KL: 1.2142
2023-12-20 05:48:18,567 -     || token_match: 0.891, exact_match: 0.161
2023-12-20 05:48:18,568 -     || unique taglist code: 1133
2023-12-20 05:48:18,569 -     || seen taglist code: 579
2023-12-20 05:48:18,606 -     || saved model
2023-12-20 05:48:18,608 - 
2023-12-20 05:48:18,609 - #epc: 34
2023-12-20 05:48:19,141 - epc:34, epc_KL:  0.200000
2023-12-20 05:54:46,089 - exact_match_tst_copy_acc: 0.454
2023-12-20 05:54:46,090 - exact_match_tst_reinflection_wlemma: 0.436
2023-12-20 05:54:46,090 - exact_match_tst_reinflection_wlemma_TAGFINDER1: 0.362
2023-12-20 05:54:46,091 - exact_match_tst_reinflection_wlemma_TAGFINDER1_or_2: 0.490
2023-12-20 05:54:46,412 - TRN || epcloss: 0.1879
2023-12-20 05:54:46,413 -     || Q: 0.4223
2023-12-20 05:54:46,414 -     || KL: 0.4487
2023-12-20 05:54:46,415 -     || token_match: 0.940, exact_match: 0.394
2023-12-20 05:54:46,415 -     || unique taglist code: 107766
2023-12-20 05:54:46,416 - DEV || epcloss: 0.1758
2023-12-20 05:54:46,417 -     || Q: 0.4639
2023-12-20 05:54:46,418 -     || KL: 0.9582
2023-12-20 05:54:46,419 -     || token_match: 0.942, exact_match: 0.359
2023-12-20 05:54:46,419 -     || unique taglist code: 1294
2023-12-20 05:54:46,421 -     || seen taglist code: 904
2023-12-20 05:54:46,422 -     || MOST used trncode: 107766
2023-12-20 05:54:46,463 -     || saved model
2023-12-20 05:54:46,464 - 
2023-12-20 05:54:46,465 - #epc: 35
2023-12-20 05:54:46,990 - epc:35, epc_KL:  0.200000
2023-12-20 06:01:38,923 - exact_match_tst_copy_acc: 0.001
2023-12-20 06:01:38,924 - exact_match_tst_reinflection_wlemma: 0.001
2023-12-20 06:01:38,925 - exact_match_tst_reinflection_wlemma_TAGFINDER1: 0.000
2023-12-20 06:01:38,926 - exact_match_tst_reinflection_wlemma_TAGFINDER1_or_2: 0.001
2023-12-20 06:01:39,306 - TRN || epcloss: 1.5255
2023-12-20 06:01:39,307 -     || Q: 2.2197
2023-12-20 06:01:39,307 -     || KL: 0.9181
2023-12-20 06:01:39,308 -     || token_match: 0.584, exact_match: 0.008
2023-12-20 06:01:39,309 -     || unique taglist code: 25723
2023-12-20 06:01:39,310 - DEV || epcloss: 1.0310
2023-12-20 06:01:39,311 -     || Q: 0.8111
2023-12-20 06:01:39,312 -     || KL: 1.7644
2023-12-20 06:01:39,312 -     || token_match: 0.675, exact_match: 0.002
2023-12-20 06:01:39,313 -     || unique taglist code: 437
2023-12-20 06:01:39,314 -     || seen taglist code: 411
2023-12-20 06:01:39,352 -     || saved model
2023-12-20 06:01:39,354 - 
2023-12-20 06:01:39,356 - #epc: 36
2023-12-20 06:01:39,880 - epc:36, epc_KL:  0.200000
2023-12-20 06:08:03,589 - exact_match_tst_copy_acc: 0.136
2023-12-20 06:08:03,590 - exact_match_tst_reinflection_wlemma: 0.052
2023-12-20 06:08:03,590 - exact_match_tst_reinflection_wlemma_TAGFINDER1: 0.046
2023-12-20 06:08:03,591 - exact_match_tst_reinflection_wlemma_TAGFINDER1_or_2: 0.062
2023-12-20 06:08:03,938 - TRN || epcloss: 0.7638
2023-12-20 06:08:03,939 -     || Q: 0.5113
2023-12-20 06:08:03,940 -     || KL: 0.5141
2023-12-20 06:08:03,941 -     || token_match: 0.759, exact_match: 0.021
2023-12-20 06:08:03,942 -     || unique taglist code: 21572
2023-12-20 06:08:03,942 - DEV || epcloss: 0.4131
2023-12-20 06:08:03,943 -     || Q: 0.4760
2023-12-20 06:08:03,944 -     || KL: 0.9552
2023-12-20 06:08:03,945 -     || token_match: 0.865, exact_match: 0.109
2023-12-20 06:08:03,945 -     || unique taglist code: 976
2023-12-20 06:08:03,947 -     || seen taglist code: 847
2023-12-20 06:08:03,988 -     || saved model
2023-12-20 06:08:03,990 - 
2023-12-20 06:08:03,991 - #epc: 37
2023-12-20 06:08:04,516 - epc:37, epc_KL:  0.200000
2023-12-20 06:14:31,160 - exact_match_tst_copy_acc: 0.740
2023-12-20 06:14:31,161 - exact_match_tst_reinflection_wlemma: 0.428
2023-12-20 06:14:31,162 - exact_match_tst_reinflection_wlemma_TAGFINDER1: 0.367
2023-12-20 06:14:31,163 - exact_match_tst_reinflection_wlemma_TAGFINDER1_or_2: 0.438
2023-12-20 06:14:31,543 - TRN || epcloss: 0.2405
2023-12-20 06:14:31,544 -     || Q: 0.4321
2023-12-20 06:14:31,545 -     || KL: 0.4298
2023-12-20 06:14:31,546 -     || token_match: 0.922, exact_match: 0.336
2023-12-20 06:14:31,547 -     || unique taglist code: 59129
2023-12-20 06:14:31,547 - DEV || epcloss: 0.0921
2023-12-20 06:14:31,548 -     || Q: 0.3314
2023-12-20 06:14:31,549 -     || KL: 0.9149
2023-12-20 06:14:31,550 -     || token_match: 0.970, exact_match: 0.630
2023-12-20 06:14:31,550 -     || unique taglist code: 1191
2023-12-20 06:14:31,552 -     || seen taglist code: 1028
2023-12-20 06:14:31,592 -     || saved model
2023-12-20 06:14:31,593 - 
2023-12-20 06:14:31,594 - #epc: 38
2023-12-20 06:14:32,124 - epc:38, epc_KL:  0.200000
2023-12-20 06:20:58,933 - exact_match_tst_copy_acc: 0.902
2023-12-20 06:20:58,934 - exact_match_tst_reinflection_wlemma: 0.716
2023-12-20 06:20:58,935 - exact_match_tst_reinflection_wlemma_TAGFINDER1: 0.656
2023-12-20 06:20:58,936 - exact_match_tst_reinflection_wlemma_TAGFINDER1_or_2: 0.722
2023-12-20 06:20:59,325 - TRN || epcloss: 0.0745
2023-12-20 06:20:59,326 -     || Q: 0.2929
2023-12-20 06:20:59,327 -     || KL: 0.3742
2023-12-20 06:20:59,328 -     || token_match: 0.976, exact_match: 0.689
2023-12-20 06:20:59,329 -     || unique taglist code: 51146
2023-12-20 06:20:59,329 - DEV || epcloss: 0.0417
2023-12-20 06:20:59,330 -     || Q: 0.2172
2023-12-20 06:20:59,331 -     || KL: 0.7928
2023-12-20 06:20:59,332 -     || token_match: 0.987, exact_match: 0.802
2023-12-20 06:20:59,333 -     || unique taglist code: 1099
2023-12-20 06:20:59,334 -     || seen taglist code: 1026
2023-12-20 06:20:59,377 -     || saved model
2023-12-20 06:20:59,378 - 
2023-12-20 06:20:59,380 - #epc: 39
2023-12-20 06:20:59,905 - epc:39, epc_KL:  0.200000
2023-12-20 06:27:26,443 - exact_match_tst_copy_acc: 0.966
2023-12-20 06:27:26,444 - exact_match_tst_reinflection_wlemma: 0.839
2023-12-20 06:27:26,445 - exact_match_tst_reinflection_wlemma_TAGFINDER1: 0.781
2023-12-20 06:27:26,446 - exact_match_tst_reinflection_wlemma_TAGFINDER1_or_2: 0.846
2023-12-20 06:27:26,840 - TRN || epcloss: 0.0421
2023-12-20 06:27:26,840 -     || Q: 0.2021
2023-12-20 06:27:26,841 -     || KL: 0.3385
2023-12-20 06:27:26,842 -     || token_match: 0.987, exact_match: 0.804
2023-12-20 06:27:26,843 -     || unique taglist code: 39410
2023-12-20 06:27:26,844 - DEV || epcloss: 0.0246
2023-12-20 06:27:26,844 -     || Q: 0.1366
2023-12-20 06:27:26,845 -     || KL: 0.7102
2023-12-20 06:27:26,846 -     || token_match: 0.993, exact_match: 0.884
2023-12-20 06:27:26,847 -     || unique taglist code: 1090
2023-12-20 06:27:26,848 -     || seen taglist code: 1048
2023-12-20 06:27:26,887 -     || saved model
2023-12-20 06:27:26,889 - 
2023-12-20 06:27:26,890 - #epc: 40
2023-12-20 06:27:27,415 - epc:40, epc_KL:  0.200000
2023-12-20 06:33:56,657 - exact_match_tst_copy_acc: 0.971
2023-12-20 06:33:56,658 - exact_match_tst_reinflection_wlemma: 0.888
2023-12-20 06:33:56,659 - exact_match_tst_reinflection_wlemma_TAGFINDER1: 0.817
2023-12-20 06:33:56,659 - exact_match_tst_reinflection_wlemma_TAGFINDER1_or_2: 0.896
2023-12-20 06:33:57,044 - TRN || epcloss: 0.0278
2023-12-20 06:33:57,045 -     || Q: 0.1493
2023-12-20 06:33:57,046 -     || KL: 0.3096
2023-12-20 06:33:57,047 -     || token_match: 0.992, exact_match: 0.863
2023-12-20 06:33:57,047 -     || unique taglist code: 32049
2023-12-20 06:33:57,048 - DEV || epcloss: 0.0184
2023-12-20 06:33:57,049 -     || Q: 0.1145
2023-12-20 06:33:57,050 -     || KL: 0.6626
2023-12-20 06:33:57,051 -     || token_match: 0.994, exact_match: 0.907
2023-12-20 06:33:57,051 -     || unique taglist code: 1174
2023-12-20 06:33:57,053 -     || seen taglist code: 1128
2023-12-20 06:33:57,098 -     || saved model
2023-12-20 06:33:57,099 - 
2023-12-20 06:33:57,100 - #epc: 41
2023-12-20 06:33:57,626 - epc:41, epc_KL:  0.200000
2023-12-20 06:40:22,501 - exact_match_tst_copy_acc: 0.971
2023-12-20 06:40:22,501 - exact_match_tst_reinflection_wlemma: 0.919
2023-12-20 06:40:22,502 - exact_match_tst_reinflection_wlemma_TAGFINDER1: 0.847
2023-12-20 06:40:22,503 - exact_match_tst_reinflection_wlemma_TAGFINDER1_or_2: 0.917
2023-12-20 06:40:22,884 - TRN || epcloss: 0.0225
2023-12-20 06:40:22,885 -     || Q: 0.1308
2023-12-20 06:40:22,886 -     || KL: 0.2933
2023-12-20 06:40:22,887 -     || token_match: 0.993, exact_match: 0.887
2023-12-20 06:40:22,887 -     || unique taglist code: 31488
2023-12-20 06:40:22,888 - DEV || epcloss: 0.0153
2023-12-20 06:40:22,889 -     || Q: 0.1111
2023-12-20 06:40:22,890 -     || KL: 0.6372
2023-12-20 06:40:22,891 -     || token_match: 0.995, exact_match: 0.920
2023-12-20 06:40:22,891 -     || unique taglist code: 1151
2023-12-20 06:40:22,893 -     || seen taglist code: 1092
2023-12-20 06:40:22,932 -     || saved model
2023-12-20 06:40:22,933 - 
2023-12-20 06:40:22,935 - #epc: 42
2023-12-20 06:40:23,450 - epc:42, epc_KL:  0.200000
2023-12-20 06:46:51,244 - exact_match_tst_copy_acc: 0.972
2023-12-20 06:46:51,245 - exact_match_tst_reinflection_wlemma: 0.923
2023-12-20 06:46:51,245 - exact_match_tst_reinflection_wlemma_TAGFINDER1: 0.849
2023-12-20 06:46:51,246 - exact_match_tst_reinflection_wlemma_TAGFINDER1_or_2: 0.922
2023-12-20 06:46:51,617 - TRN || epcloss: 0.0201
2023-12-20 06:46:51,618 -     || Q: 0.1187
2023-12-20 06:46:51,619 -     || KL: 0.2836
2023-12-20 06:46:51,620 -     || token_match: 0.994, exact_match: 0.898
2023-12-20 06:46:51,621 -     || unique taglist code: 30921
2023-12-20 06:46:51,622 - DEV || epcloss: 0.0155
2023-12-20 06:46:51,623 -     || Q: 0.1151
2023-12-20 06:46:51,624 -     || KL: 0.6401
2023-12-20 06:46:51,624 -     || token_match: 0.995, exact_match: 0.914
2023-12-20 06:46:51,625 -     || unique taglist code: 1176
2023-12-20 06:46:51,626 -     || seen taglist code: 1137
2023-12-20 06:46:51,666 -     || saved model
2023-12-20 06:46:51,668 - 
2023-12-20 06:46:51,670 - #epc: 43
2023-12-20 06:46:52,187 - epc:43, epc_KL:  0.200000
2023-12-20 06:53:17,883 - exact_match_tst_copy_acc: 0.981
2023-12-20 06:53:17,884 - exact_match_tst_reinflection_wlemma: 0.939
2023-12-20 06:53:17,884 - exact_match_tst_reinflection_wlemma_TAGFINDER1: 0.878
2023-12-20 06:53:17,885 - exact_match_tst_reinflection_wlemma_TAGFINDER1_or_2: 0.939
2023-12-20 06:53:18,242 - TRN || epcloss: 0.0196
2023-12-20 06:53:18,243 -     || Q: 0.1166
2023-12-20 06:53:18,243 -     || KL: 0.2813
2023-12-20 06:53:18,244 -     || token_match: 0.994, exact_match: 0.902
2023-12-20 06:53:18,245 -     || unique taglist code: 30950
2023-12-20 06:53:18,246 - DEV || epcloss: 0.0130
2023-12-20 06:53:18,247 -     || Q: 0.1104
2023-12-20 06:53:18,248 -     || KL: 0.6143
2023-12-20 06:53:18,248 -     || token_match: 0.996, exact_match: 0.932
2023-12-20 06:53:18,249 -     || unique taglist code: 1219
2023-12-20 06:53:18,250 -     || seen taglist code: 1170
2023-12-20 06:53:18,289 -     || saved model
2023-12-20 06:53:18,291 - 
2023-12-20 06:53:18,292 - #epc: 44
2023-12-20 06:53:18,820 - epc:44, epc_KL:  0.200000
2023-12-20 06:59:44,555 - exact_match_tst_copy_acc: 0.990
2023-12-20 06:59:44,556 - exact_match_tst_reinflection_wlemma: 0.954
2023-12-20 06:59:44,557 - exact_match_tst_reinflection_wlemma_TAGFINDER1: 0.891
2023-12-20 06:59:44,558 - exact_match_tst_reinflection_wlemma_TAGFINDER1_or_2: 0.949
2023-12-20 06:59:44,911 - TRN || epcloss: 0.0183
2023-12-20 06:59:44,912 -     || Q: 0.1173
2023-12-20 06:59:44,913 -     || KL: 0.2757
2023-12-20 06:59:44,914 -     || token_match: 0.995, exact_match: 0.909
2023-12-20 06:59:44,915 -     || unique taglist code: 29758
2023-12-20 06:59:44,916 - DEV || epcloss: 0.0103
2023-12-20 06:59:44,916 -     || Q: 0.1056
2023-12-20 06:59:44,917 -     || KL: 0.5839
2023-12-20 06:59:44,918 -     || token_match: 0.997, exact_match: 0.953
2023-12-20 06:59:44,919 -     || unique taglist code: 1192
2023-12-20 06:59:44,920 -     || seen taglist code: 1160
2023-12-20 06:59:44,963 -     || saved model
2023-12-20 06:59:44,965 - 
2023-12-20 06:59:44,966 - #epc: 45
2023-12-20 06:59:45,482 - epc:45, epc_KL:  0.200000
2023-12-20 07:06:12,314 - exact_match_tst_copy_acc: 0.971
2023-12-20 07:06:12,315 - exact_match_tst_reinflection_wlemma: 0.933
2023-12-20 07:06:12,316 - exact_match_tst_reinflection_wlemma_TAGFINDER1: 0.849
2023-12-20 07:06:12,316 - exact_match_tst_reinflection_wlemma_TAGFINDER1_or_2: 0.931
2023-12-20 07:06:12,601 - TRN || epcloss: 0.0152
2023-12-20 07:06:12,602 -     || Q: 0.1010
2023-12-20 07:06:12,603 -     || KL: 0.2643
2023-12-20 07:06:12,604 -     || token_match: 0.996, exact_match: 0.923
2023-12-20 07:06:12,604 -     || unique taglist code: 28312
2023-12-20 07:06:12,605 - DEV || epcloss: 0.0154
2023-12-20 07:06:12,606 -     || Q: 0.1249
2023-12-20 07:06:12,607 -     || KL: 0.6009
2023-12-20 07:06:12,607 -     || token_match: 0.995, exact_match: 0.920
2023-12-20 07:06:12,608 -     || unique taglist code: 1171
2023-12-20 07:06:12,609 -     || seen taglist code: 1109
2023-12-20 07:06:12,653 -     || saved model
2023-12-20 07:06:12,654 - 
2023-12-20 07:06:12,656 - #epc: 46
2023-12-20 07:06:13,180 - epc:46, epc_KL:  0.200000
2023-12-20 07:12:38,156 - exact_match_tst_copy_acc: 0.986
2023-12-20 07:12:38,157 - exact_match_tst_reinflection_wlemma: 0.963
2023-12-20 07:12:38,158 - exact_match_tst_reinflection_wlemma_TAGFINDER1: 0.878
2023-12-20 07:12:38,159 - exact_match_tst_reinflection_wlemma_TAGFINDER1_or_2: 0.955
2023-12-20 07:12:38,466 - TRN || epcloss: 0.0139
2023-12-20 07:12:38,467 -     || Q: 0.0921
2023-12-20 07:12:38,468 -     || KL: 0.2595
2023-12-20 07:12:38,468 -     || token_match: 0.996, exact_match: 0.928
2023-12-20 07:12:38,469 -     || unique taglist code: 28094
2023-12-20 07:12:38,470 - DEV || epcloss: 0.0145
2023-12-20 07:12:38,471 -     || Q: 0.0981
2023-12-20 07:12:38,472 -     || KL: 0.5601
2023-12-20 07:12:38,472 -     || token_match: 0.996, exact_match: 0.927
2023-12-20 07:12:38,474 -     || unique taglist code: 1207
2023-12-20 07:12:38,475 -     || seen taglist code: 1148
2023-12-20 07:12:38,516 -     || saved model
2023-12-20 07:12:38,517 - 
2023-12-20 07:12:38,519 - #epc: 47
2023-12-20 07:12:39,046 - epc:47, epc_KL:  0.200000
2023-12-20 07:19:05,563 - exact_match_tst_copy_acc: 0.985
2023-12-20 07:19:05,564 - exact_match_tst_reinflection_wlemma: 0.958
2023-12-20 07:19:05,564 - exact_match_tst_reinflection_wlemma_TAGFINDER1: 0.871
2023-12-20 07:19:05,565 - exact_match_tst_reinflection_wlemma_TAGFINDER1_or_2: 0.947
2023-12-20 07:19:05,847 - TRN || epcloss: 0.0142
2023-12-20 07:19:05,848 -     || Q: 0.0909
2023-12-20 07:19:05,849 -     || KL: 0.2583
2023-12-20 07:19:05,849 -     || token_match: 0.996, exact_match: 0.927
2023-12-20 07:19:05,850 -     || unique taglist code: 29809
2023-12-20 07:19:05,851 - DEV || epcloss: 0.0123
2023-12-20 07:19:05,852 -     || Q: 0.0898
2023-12-20 07:19:05,853 -     || KL: 0.5861
2023-12-20 07:19:05,854 -     || token_match: 0.997, exact_match: 0.943
2023-12-20 07:19:05,854 -     || unique taglist code: 1236
2023-12-20 07:19:05,856 -     || seen taglist code: 1189
2023-12-20 07:19:05,894 -     || saved model
2023-12-20 07:19:05,896 - 
2023-12-20 07:19:05,898 - #epc: 48
2023-12-20 07:19:06,421 - epc:48, epc_KL:  0.200000
2023-12-20 07:25:33,950 - exact_match_tst_copy_acc: 0.985
2023-12-20 07:25:33,950 - exact_match_tst_reinflection_wlemma: 0.971
2023-12-20 07:25:33,951 - exact_match_tst_reinflection_wlemma_TAGFINDER1: 0.882
2023-12-20 07:25:33,952 - exact_match_tst_reinflection_wlemma_TAGFINDER1_or_2: 0.962
2023-12-20 07:25:34,312 - TRN || epcloss: 0.0143
2023-12-20 07:25:34,313 -     || Q: 0.0872
2023-12-20 07:25:34,314 -     || KL: 0.2586
2023-12-20 07:25:34,315 -     || token_match: 0.996, exact_match: 0.928
2023-12-20 07:25:34,316 -     || unique taglist code: 31851
2023-12-20 07:25:34,316 - DEV || epcloss: 0.0130
2023-12-20 07:25:34,317 -     || Q: 0.0883
2023-12-20 07:25:34,318 -     || KL: 0.5635
2023-12-20 07:25:34,319 -     || token_match: 0.996, exact_match: 0.942
2023-12-20 07:25:34,320 -     || unique taglist code: 1214
2023-12-20 07:25:34,321 -     || seen taglist code: 1179
2023-12-20 07:25:34,370 -     || saved model
2023-12-20 07:25:34,371 - 
2023-12-20 07:25:34,372 - #epc: 49
2023-12-20 07:25:34,894 - epc:49, epc_KL:  0.200000
2023-12-20 07:32:00,309 - exact_match_tst_copy_acc: 0.979
2023-12-20 07:32:00,310 - exact_match_tst_reinflection_wlemma: 0.956
2023-12-20 07:32:00,311 - exact_match_tst_reinflection_wlemma_TAGFINDER1: 0.871
2023-12-20 07:32:00,312 - exact_match_tst_reinflection_wlemma_TAGFINDER1_or_2: 0.954
2023-12-20 07:32:00,666 - TRN || epcloss: 0.0183
2023-12-20 07:32:00,667 -     || Q: 0.1098
2023-12-20 07:32:00,668 -     || KL: 0.2622
2023-12-20 07:32:00,669 -     || token_match: 0.995, exact_match: 0.918
2023-12-20 07:32:00,670 -     || unique taglist code: 36277
2023-12-20 07:32:00,670 - DEV || epcloss: 0.0129
2023-12-20 07:32:00,671 -     || Q: 0.1219
2023-12-20 07:32:00,672 -     || KL: 0.5997
2023-12-20 07:32:00,673 -     || token_match: 0.996, exact_match: 0.937
2023-12-20 07:32:00,673 -     || unique taglist code: 1225
2023-12-20 07:32:00,675 -     || seen taglist code: 1176
2023-12-20 07:32:00,715 -     || saved model
2023-12-20 07:32:00,716 - Training is over, saved model with best dev exact match: 0.999 (epc 4)
2023-12-20 07:32:00,718 - Training is over, most used trncode at 34, most used devcode at 22 
