2024-02-10 22:50:59,604 - trnsize: 533708
2024-02-10 22:50:59,606 - devsize: 2000
2024-02-10 22:50:59,607 - tstsize: 2000
2024-02-10 22:51:00,673 - Trn unique tgts: 533704
2024-02-10 22:51:00,675 - Trn unique lemmas: 3579
2024-02-10 22:51:00,676 - Trn unique taglists: 865
2024-02-10 22:51:00,677 - Dev unique tgts: 2000
2024-02-10 22:51:00,678 - Dev unique lemmas: 1037
2024-02-10 22:51:00,679 - Dev unique taglists: 723
2024-02-10 22:51:00,680 - Tst unique tgts: 2000
2024-02-10 22:51:00,681 - Tst unique lemmas: 1037
2024-02-10 22:51:00,682 - Tst unique taglists: 723
2024-02-10 22:51:00,683 - seen_dev_tgt: 2
2024-02-10 22:51:00,684 - seen_dev_lemma: 2000
2024-02-10 22:51:00,685 - seen_dev_taglist: 1966
2024-02-10 22:51:00,687 - seen_tst_tgt: 2
2024-02-10 22:51:00,688 - seen_tst_lemma: 2000
2024-02-10 22:51:00,689 - seen_tst_taglist: 1966
2024-02-10 22:51:36,630 - trnID: run1_6x6_zLEM100_zTAG128_decnh1024_kl1.0_epc10_strt5_decdo0.2_inpemb128_bsize64
2024-02-10 22:51:36,631 - batchsize: 64
2024-02-10 22:51:36,632 - epochs: 50
2024-02-10 22:51:36,633 - lr: 0.00050
2024-02-10 22:51:36,634 - KL_WEIGHT: 1.00000
2024-02-10 22:51:36,636 - opt: Adam (
Parameter Group 0
    amsgrad: False
    betas: (0.5, 0.999)
    capturable: False
    eps: 1e-08
    foreach: None
    lr: 0.0005
    maximize: False
    weight_decay: 0
)
2024-02-10 22:51:36,637 - VQVAE(
  (encoder): Encoder_GRU_VQVAE(
    (layers): ModuleList(
      (0): Embedding(63, 128)
      (1): Dropout(p=0.0, inplace=False)
      (2): GRU(128, 256, batch_first=True, bidirectional=True)
    )
  )
  (z_linears): ModuleList(
    (0): Linear(in_features=256, out_features=128, bias=True)
    (1): Linear(in_features=256, out_features=128, bias=True)
    (2): Linear(in_features=256, out_features=128, bias=True)
    (3): Linear(in_features=256, out_features=128, bias=True)
    (4): Linear(in_features=256, out_features=128, bias=True)
    (5): Linear(in_features=256, out_features=128, bias=True)
  )
  (quantizers): ModuleList(
    (0): Quantizer(
      (embeddings): Embedding(6, 128)
    )
    (1): Quantizer(
      (embeddings): Embedding(6, 128)
    )
    (2): Quantizer(
      (embeddings): Embedding(6, 128)
    )
    (3): Quantizer(
      (embeddings): Embedding(6, 128)
    )
    (4): Quantizer(
      (embeddings): Embedding(6, 128)
    )
    (5): Quantizer(
      (embeddings): Embedding(6, 128)
    )
  )
  (z_lemma_mu): Linear(in_features=256, out_features=100, bias=True)
  (z_lemma_logvar): Linear(in_features=256, out_features=100, bias=True)
  (up_from_z_layer): Linear(in_features=228, out_features=1024, bias=True)
  (decoder): Decoder_GRU_VQVAE(
    (layers): ModuleList(
      (0): Embedding(63, 128)
      (1): Dropout(p=0.2, inplace=False)
      (2): GRU(356, 1024, batch_first=True)
      (3): Linear(in_features=1024, out_features=63, bias=True)
    )
    (loss): CrossEntropyLoss()
  )
)
2024-02-10 22:51:37,012 - trnsize: 533708
2024-02-10 22:51:37,013 - devsize: 2000
2024-02-10 22:51:37,014 - tstsize: 2000
2024-02-10 22:51:37,015 - 
2024-02-10 22:51:37,016 - #epc: 0
2024-02-10 22:51:37,021 - epc:0, epc_KL:  0.000000
2024-02-10 23:00:50,252 - exact_match_tst_copy_acc: 0.971
2024-02-10 23:00:50,253 - exact_match_tst_reinflection_wlemma: 0.056
2024-02-10 23:00:50,254 - exact_match_tst_reinflection_wlemma_TAGFINDER1: 0.045
2024-02-10 23:00:50,255 - exact_match_tst_reinflection_wlemma_TAGFINDER1_or_2: 0.060
2024-02-10 23:00:50,516 - TRN || epcloss: 0.0904
2024-02-10 23:00:50,517 -     || Q: 0.0897
2024-02-10 23:00:50,518 -     || KL: 5.8415
2024-02-10 23:00:50,519 -     || token_match: 0.000, exact_match: 0.000
2024-02-10 23:00:50,520 -     || unique taglist code: 4973
2024-02-10 23:00:50,521 - DEV || epcloss: 0.0062
2024-02-10 23:00:50,522 -     || Q: 0.0114
2024-02-10 23:00:50,523 -     || KL: 11.9133
2024-02-10 23:00:50,524 -     || token_match: 0.000, exact_match: 0.000
2024-02-10 23:00:50,525 -     || unique taglist code: 276
2024-02-10 23:00:50,526 -     || seen taglist code: 269
2024-02-10 23:00:50,527 -     || MOST used trncode: 4973
2024-02-10 23:00:50,537 -     || MOST used devcode: 276
2024-02-10 23:00:50,704 -     || saved model
2024-02-10 23:00:50,707 - 
2024-02-10 23:00:50,708 - #epc: 1
2024-02-10 23:00:52,010 - epc:1, epc_KL:  0.000000
2024-02-10 23:09:49,184 - exact_match_tst_copy_acc: 0.981
2024-02-10 23:09:49,185 - exact_match_tst_reinflection_wlemma: 0.057
2024-02-10 23:09:49,186 - exact_match_tst_reinflection_wlemma_TAGFINDER1: 0.052
2024-02-10 23:09:49,187 - exact_match_tst_reinflection_wlemma_TAGFINDER1_or_2: 0.062
2024-02-10 23:09:49,455 - TRN || epcloss: 0.0090
2024-02-10 23:09:49,456 -     || Q: 0.0122
2024-02-10 23:09:49,458 -     || KL: 6.7592
2024-02-10 23:09:49,459 -     || token_match: 0.000, exact_match: 0.000
2024-02-10 23:09:49,460 -     || unique taglist code: 3952
2024-02-10 23:09:49,461 - DEV || epcloss: 0.0038
2024-02-10 23:09:49,462 -     || Q: 0.0078
2024-02-10 23:09:49,463 -     || KL: 12.4532
2024-02-10 23:09:49,464 -     || token_match: 0.000, exact_match: 0.000
2024-02-10 23:09:49,465 -     || unique taglist code: 266
2024-02-10 23:09:49,466 -     || seen taglist code: 263
2024-02-10 23:09:49,529 -     || saved model
2024-02-10 23:09:49,531 - 
2024-02-10 23:09:49,532 - #epc: 2
2024-02-10 23:09:50,462 - epc:2, epc_KL:  0.000000
2024-02-10 23:19:24,653 - exact_match_tst_copy_acc: 0.980
2024-02-10 23:19:24,654 - exact_match_tst_reinflection_wlemma: 0.059
2024-02-10 23:19:24,655 - exact_match_tst_reinflection_wlemma_TAGFINDER1: 0.056
2024-02-10 23:19:24,656 - exact_match_tst_reinflection_wlemma_TAGFINDER1_or_2: 0.061
2024-02-10 23:19:24,987 - TRN || epcloss: 0.0061
2024-02-10 23:19:24,988 -     || Q: 0.0079
2024-02-10 23:19:24,990 -     || KL: 7.0578
2024-02-10 23:19:24,991 -     || token_match: 0.000, exact_match: 0.000
2024-02-10 23:19:24,992 -     || unique taglist code: 3832
2024-02-10 23:19:24,993 - DEV || epcloss: 0.0042
2024-02-10 23:19:24,994 -     || Q: 0.0054
2024-02-10 23:19:24,995 -     || KL: 13.2495
2024-02-10 23:19:24,996 -     || token_match: 0.000, exact_match: 0.000
2024-02-10 23:19:24,997 -     || unique taglist code: 264
2024-02-10 23:19:24,999 -     || seen taglist code: 259
2024-02-10 23:19:25,174 -     || saved model
2024-02-10 23:19:25,178 - 
2024-02-10 23:19:25,179 - #epc: 3
2024-02-10 23:19:26,369 - epc:3, epc_KL:  0.000000
2024-02-10 23:28:58,320 - exact_match_tst_copy_acc: 0.967
2024-02-10 23:28:58,321 - exact_match_tst_reinflection_wlemma: 0.052
2024-02-10 23:28:58,322 - exact_match_tst_reinflection_wlemma_TAGFINDER1: 0.044
2024-02-10 23:28:58,323 - exact_match_tst_reinflection_wlemma_TAGFINDER1_or_2: 0.056
2024-02-10 23:28:58,569 - TRN || epcloss: 0.0048
2024-02-10 23:28:58,571 -     || Q: 0.0067
2024-02-10 23:28:58,572 -     || KL: 7.3903
2024-02-10 23:28:58,573 -     || token_match: 0.000, exact_match: 0.000
2024-02-10 23:28:58,574 -     || unique taglist code: 3753
2024-02-10 23:28:58,575 - DEV || epcloss: 0.0069
2024-02-10 23:28:58,576 -     || Q: 0.0090
2024-02-10 23:28:58,577 -     || KL: 13.4705
2024-02-10 23:28:58,578 -     || token_match: 0.000, exact_match: 0.000
2024-02-10 23:28:58,579 -     || unique taglist code: 252
2024-02-10 23:28:58,580 -     || seen taglist code: 246
2024-02-10 23:28:58,672 -     || saved model
2024-02-10 23:28:58,674 - 
2024-02-10 23:28:58,675 - #epc: 4
2024-02-10 23:28:59,694 - epc:4, epc_KL:  0.000000
2024-02-10 23:38:02,472 - exact_match_tst_copy_acc: 0.983
2024-02-10 23:38:02,473 - exact_match_tst_reinflection_wlemma: 0.043
2024-02-10 23:38:02,474 - exact_match_tst_reinflection_wlemma_TAGFINDER1: 0.041
2024-02-10 23:38:02,475 - exact_match_tst_reinflection_wlemma_TAGFINDER1_or_2: 0.049
2024-02-10 23:38:02,767 - TRN || epcloss: 0.0044
2024-02-10 23:38:02,768 -     || Q: 0.0056
2024-02-10 23:38:02,769 -     || KL: 7.6370
2024-02-10 23:38:02,770 -     || token_match: 0.000, exact_match: 0.000
2024-02-10 23:38:02,771 -     || unique taglist code: 3530
2024-02-10 23:38:02,773 - DEV || epcloss: 0.0026
2024-02-10 23:38:02,774 -     || Q: 0.0051
2024-02-10 23:38:02,775 -     || KL: 13.7129
2024-02-10 23:38:02,776 -     || token_match: 0.000, exact_match: 0.000
2024-02-10 23:38:02,777 -     || unique taglist code: 258
2024-02-10 23:38:02,778 -     || seen taglist code: 256
2024-02-10 23:38:02,842 -     || saved model
2024-02-10 23:38:02,844 - 
2024-02-10 23:38:02,845 - #epc: 5
2024-02-10 23:38:03,786 - epc:5, epc_KL:  0.100000
2024-02-10 23:46:53,601 - exact_match_tst_copy_acc: 0.989
2024-02-10 23:46:53,603 - exact_match_tst_reinflection_wlemma: 0.107
2024-02-10 23:46:53,604 - exact_match_tst_reinflection_wlemma_TAGFINDER1: 0.106
2024-02-10 23:46:53,605 - exact_match_tst_reinflection_wlemma_TAGFINDER1_or_2: 0.126
2024-02-10 23:46:54,204 - TRN || epcloss: 0.0285
2024-02-10 23:46:54,205 -     || Q: 0.0249
2024-02-10 23:46:54,206 -     || KL: 0.9786
2024-02-10 23:46:54,207 -     || token_match: 0.000, exact_match: 0.000
2024-02-10 23:46:54,208 -     || unique taglist code: 6144
2024-02-10 23:46:54,209 - DEV || epcloss: 0.0026
2024-02-10 23:46:54,210 -     || Q: 0.0302
2024-02-10 23:46:54,211 -     || KL: 1.4408
2024-02-10 23:46:54,212 -     || token_match: 0.000, exact_match: 0.000
2024-02-10 23:46:54,213 -     || unique taglist code: 578
2024-02-10 23:46:54,214 -     || seen taglist code: 566
2024-02-10 23:46:54,215 -     || MOST used trncode: 6144
2024-02-10 23:46:54,216 -     || MOST used devcode: 578
2024-02-10 23:46:54,340 -     || saved model
2024-02-10 23:46:54,343 - 
2024-02-10 23:46:54,344 - #epc: 6
2024-02-10 23:46:55,292 - epc:6, epc_KL:  0.200000
2024-02-10 23:55:35,598 - exact_match_tst_copy_acc: 0.981
2024-02-10 23:55:35,599 - exact_match_tst_reinflection_wlemma: 0.188
2024-02-10 23:55:35,600 - exact_match_tst_reinflection_wlemma_TAGFINDER1: 0.167
2024-02-10 23:55:35,602 - exact_match_tst_reinflection_wlemma_TAGFINDER1_or_2: 0.209
2024-02-10 23:55:36,096 - TRN || epcloss: 0.0344
2024-02-10 23:55:36,098 -     || Q: 0.0653
2024-02-10 23:55:36,099 -     || KL: 0.5895
2024-02-10 23:55:36,100 -     || token_match: 0.000, exact_match: 0.000
2024-02-10 23:55:36,101 -     || unique taglist code: 8483
2024-02-10 23:55:36,102 - DEV || epcloss: 0.0041
2024-02-10 23:55:36,103 -     || Q: 0.0774
2024-02-10 23:55:36,104 -     || KL: 0.9887
2024-02-10 23:55:36,105 -     || token_match: 0.000, exact_match: 0.000
2024-02-10 23:55:36,106 -     || unique taglist code: 898
2024-02-10 23:55:36,108 -     || seen taglist code: 882
2024-02-10 23:55:36,109 -     || MOST used trncode: 8483
2024-02-10 23:55:36,110 -     || MOST used devcode: 898
2024-02-10 23:55:36,205 -     || saved model
2024-02-10 23:55:36,207 - 
2024-02-10 23:55:36,209 - #epc: 7
2024-02-10 23:55:37,278 - epc:7, epc_KL:  0.300000
2024-02-11 00:04:24,361 - exact_match_tst_copy_acc: 0.975
2024-02-11 00:04:24,362 - exact_match_tst_reinflection_wlemma: 0.332
2024-02-11 00:04:24,364 - exact_match_tst_reinflection_wlemma_TAGFINDER1: 0.294
2024-02-11 00:04:24,365 - exact_match_tst_reinflection_wlemma_TAGFINDER1_or_2: 0.340
2024-02-11 00:04:25,105 - TRN || epcloss: 0.0389
2024-02-11 00:04:25,106 -     || Q: 0.1295
2024-02-11 00:04:25,107 -     || KL: 0.4388
2024-02-11 00:04:25,108 -     || token_match: 0.000, exact_match: 0.000
2024-02-11 00:04:25,109 -     || unique taglist code: 11710
2024-02-11 00:04:25,110 - DEV || epcloss: 0.0064
2024-02-11 00:04:25,111 -     || Q: 0.1309
2024-02-11 00:04:25,112 -     || KL: 0.7683
2024-02-11 00:04:25,113 -     || token_match: 0.000, exact_match: 0.000
2024-02-11 00:04:25,114 -     || unique taglist code: 1176
2024-02-11 00:04:25,116 -     || seen taglist code: 1150
2024-02-11 00:04:25,118 -     || MOST used trncode: 11710
2024-02-11 00:04:25,119 -     || MOST used devcode: 1176
2024-02-11 00:04:25,227 -     || saved model
2024-02-11 00:04:25,229 - 
2024-02-11 00:04:25,230 - #epc: 8
2024-02-11 00:04:26,306 - epc:8, epc_KL:  0.400000
2024-02-11 00:13:12,875 - exact_match_tst_copy_acc: 0.964
2024-02-11 00:13:12,876 - exact_match_tst_reinflection_wlemma: 0.413
2024-02-11 00:13:12,877 - exact_match_tst_reinflection_wlemma_TAGFINDER1: 0.353
2024-02-11 00:13:12,878 - exact_match_tst_reinflection_wlemma_TAGFINDER1_or_2: 0.405
2024-02-11 00:13:13,598 - TRN || epcloss: 0.0440
2024-02-11 00:13:13,600 -     || Q: 0.1897
2024-02-11 00:13:13,601 -     || KL: 0.3616
2024-02-11 00:13:13,602 -     || token_match: 0.000, exact_match: 0.000
2024-02-11 00:13:13,603 -     || unique taglist code: 12569
2024-02-11 00:13:13,604 - DEV || epcloss: 0.0080
2024-02-11 00:13:13,605 -     || Q: 0.1974
2024-02-11 00:13:13,606 -     || KL: 0.5989
2024-02-11 00:13:13,607 -     || token_match: 0.000, exact_match: 0.000
2024-02-11 00:13:13,608 -     || unique taglist code: 1300
2024-02-11 00:13:13,610 -     || seen taglist code: 1291
2024-02-11 00:13:13,611 -     || MOST used trncode: 12569
2024-02-11 00:13:13,612 -     || MOST used devcode: 1300
2024-02-11 00:13:13,756 -     || saved model
2024-02-11 00:13:13,758 - 
2024-02-11 00:13:13,759 - #epc: 9
2024-02-11 00:13:14,876 - epc:9, epc_KL:  0.500000
2024-02-11 00:22:00,498 - exact_match_tst_copy_acc: 0.957
2024-02-11 00:22:00,499 - exact_match_tst_reinflection_wlemma: 0.557
2024-02-11 00:22:00,500 - exact_match_tst_reinflection_wlemma_TAGFINDER1: 0.497
2024-02-11 00:22:00,501 - exact_match_tst_reinflection_wlemma_TAGFINDER1_or_2: 0.550
2024-02-11 00:22:01,009 - TRN || epcloss: 0.0503
2024-02-11 00:22:01,011 -     || Q: 0.2725
2024-02-11 00:22:01,012 -     || KL: 0.3124
2024-02-11 00:22:01,013 -     || token_match: 0.000, exact_match: 0.000
2024-02-11 00:22:01,014 -     || unique taglist code: 13406
2024-02-11 00:22:01,015 - DEV || epcloss: 0.0101
2024-02-11 00:22:01,016 -     || Q: 0.3097
2024-02-11 00:22:01,017 -     || KL: 0.5258
2024-02-11 00:22:01,018 -     || token_match: 0.000, exact_match: 0.000
2024-02-11 00:22:01,019 -     || unique taglist code: 1332
2024-02-11 00:22:01,022 -     || seen taglist code: 1316
2024-02-11 00:22:01,023 -     || MOST used trncode: 13406
2024-02-11 00:22:01,024 -     || MOST used devcode: 1332
2024-02-11 00:22:01,136 -     || saved model
2024-02-11 00:22:01,138 - 
2024-02-11 00:22:01,139 - #epc: 10
2024-02-11 00:22:02,195 - epc:10, epc_KL:  0.600000
2024-02-11 00:30:54,530 - exact_match_tst_copy_acc: 0.945
2024-02-11 00:30:54,532 - exact_match_tst_reinflection_wlemma: 0.642
2024-02-11 00:30:54,533 - exact_match_tst_reinflection_wlemma_TAGFINDER1: 0.565
2024-02-11 00:30:54,534 - exact_match_tst_reinflection_wlemma_TAGFINDER1_or_2: 0.634
2024-02-11 00:30:55,209 - TRN || epcloss: 0.0565
2024-02-11 00:30:55,210 -     || Q: 0.3740
2024-02-11 00:30:55,211 -     || KL: 0.2773
2024-02-11 00:30:55,212 -     || token_match: 0.000, exact_match: 0.000
2024-02-11 00:30:55,213 -     || unique taglist code: 14589
2024-02-11 00:30:55,214 - DEV || epcloss: 0.0137
2024-02-11 00:30:55,215 -     || Q: 0.4233
2024-02-11 00:30:55,216 -     || KL: 0.4786
2024-02-11 00:30:55,217 -     || token_match: 0.000, exact_match: 0.000
2024-02-11 00:30:55,218 -     || unique taglist code: 1364
2024-02-11 00:30:55,220 -     || seen taglist code: 1358
2024-02-11 00:30:55,221 -     || MOST used trncode: 14589
2024-02-11 00:30:55,222 -     || MOST used devcode: 1364
2024-02-11 00:30:55,347 -     || saved model
2024-02-11 00:30:55,351 - 
2024-02-11 00:30:55,352 - #epc: 11
2024-02-11 00:30:56,529 - epc:11, epc_KL:  0.700000
2024-02-11 00:40:00,322 - exact_match_tst_copy_acc: 0.924
2024-02-11 00:40:00,323 - exact_match_tst_reinflection_wlemma: 0.651
2024-02-11 00:40:00,324 - exact_match_tst_reinflection_wlemma_TAGFINDER1: 0.560
2024-02-11 00:40:00,325 - exact_match_tst_reinflection_wlemma_TAGFINDER1_or_2: 0.646
2024-02-11 00:40:00,990 - TRN || epcloss: 0.0645
2024-02-11 00:40:00,991 -     || Q: 0.4754
2024-02-11 00:40:00,992 -     || KL: 0.2510
2024-02-11 00:40:00,993 -     || token_match: 0.000, exact_match: 0.000
2024-02-11 00:40:00,994 -     || unique taglist code: 15376
2024-02-11 00:40:00,995 - DEV || epcloss: 0.0189
2024-02-11 00:40:00,996 -     || Q: 0.4879
2024-02-11 00:40:00,997 -     || KL: 0.4433
2024-02-11 00:40:00,998 -     || token_match: 0.000, exact_match: 0.000
2024-02-11 00:40:00,998 -     || unique taglist code: 1390
2024-02-11 00:40:01,001 -     || seen taglist code: 1371
2024-02-11 00:40:01,002 -     || MOST used trncode: 15376
2024-02-11 00:40:01,003 -     || MOST used devcode: 1390
2024-02-11 00:40:01,098 -     || saved model
2024-02-11 00:40:01,100 - 
2024-02-11 00:40:01,101 - #epc: 12
2024-02-11 00:40:02,140 - epc:12, epc_KL:  0.800000
2024-02-11 00:49:39,101 - exact_match_tst_copy_acc: 0.907
2024-02-11 00:49:39,102 - exact_match_tst_reinflection_wlemma: 0.726
2024-02-11 00:49:39,103 - exact_match_tst_reinflection_wlemma_TAGFINDER1: 0.610
2024-02-11 00:49:39,104 - exact_match_tst_reinflection_wlemma_TAGFINDER1_or_2: 0.725
2024-02-11 00:49:39,770 - TRN || epcloss: 0.0722
2024-02-11 00:49:39,771 -     || Q: 0.5662
2024-02-11 00:49:39,772 -     || KL: 0.2306
2024-02-11 00:49:39,774 -     || token_match: 0.000, exact_match: 0.000
2024-02-11 00:49:39,775 -     || unique taglist code: 16523
2024-02-11 00:49:39,776 - DEV || epcloss: 0.0226
2024-02-11 00:49:39,777 -     || Q: 0.6131
2024-02-11 00:49:39,778 -     || KL: 0.3982
2024-02-11 00:49:39,780 -     || token_match: 0.000, exact_match: 0.000
2024-02-11 00:49:39,781 -     || unique taglist code: 1446
2024-02-11 00:49:39,783 -     || seen taglist code: 1431
2024-02-11 00:49:39,784 -     || MOST used trncode: 16523
2024-02-11 00:49:39,785 -     || MOST used devcode: 1446
2024-02-11 00:49:39,894 -     || saved model
2024-02-11 00:49:39,897 - 
2024-02-11 00:49:39,899 - #epc: 13
2024-02-11 00:49:41,084 - epc:13, epc_KL:  0.900000
2024-02-11 00:59:07,950 - exact_match_tst_copy_acc: 0.916
2024-02-11 00:59:07,951 - exact_match_tst_reinflection_wlemma: 0.748
2024-02-11 00:59:07,952 - exact_match_tst_reinflection_wlemma_TAGFINDER1: 0.606
2024-02-11 00:59:07,953 - exact_match_tst_reinflection_wlemma_TAGFINDER1_or_2: 0.723
2024-02-11 00:59:08,483 - TRN || epcloss: 0.0808
2024-02-11 00:59:08,485 -     || Q: 0.6430
2024-02-11 00:59:08,486 -     || KL: 0.2137
2024-02-11 00:59:08,487 -     || token_match: 0.000, exact_match: 0.000
2024-02-11 00:59:08,488 -     || unique taglist code: 17725
2024-02-11 00:59:08,489 - DEV || epcloss: 0.0227
2024-02-11 00:59:08,490 -     || Q: 0.6862
2024-02-11 00:59:08,491 -     || KL: 0.3705
2024-02-11 00:59:08,492 -     || token_match: 0.000, exact_match: 0.000
2024-02-11 00:59:08,493 -     || unique taglist code: 1480
2024-02-11 00:59:08,496 -     || seen taglist code: 1465
2024-02-11 00:59:08,497 -     || MOST used trncode: 17725
2024-02-11 00:59:08,498 -     || MOST used devcode: 1480
2024-02-11 00:59:08,578 -     || saved model
2024-02-11 00:59:08,580 - 
2024-02-11 00:59:08,581 - #epc: 14
2024-02-11 00:59:09,613 - epc:14, epc_KL:  1.000000
2024-02-11 01:08:07,116 - exact_match_tst_copy_acc: 0.865
2024-02-11 01:08:07,117 - exact_match_tst_reinflection_wlemma: 0.752
2024-02-11 01:08:07,118 - exact_match_tst_reinflection_wlemma_TAGFINDER1: 0.585
2024-02-11 01:08:07,120 - exact_match_tst_reinflection_wlemma_TAGFINDER1_or_2: 0.730
2024-02-11 01:08:07,562 - TRN || epcloss: 0.0914
2024-02-11 01:08:07,563 -     || Q: 0.7599
2024-02-11 01:08:07,564 -     || KL: 0.1986
2024-02-11 01:08:07,565 -     || token_match: 0.000, exact_match: 0.000
2024-02-11 01:08:07,566 -     || unique taglist code: 18826
2024-02-11 01:08:07,567 - DEV || epcloss: 0.0339
2024-02-11 01:08:07,568 -     || Q: 0.7761
2024-02-11 01:08:07,569 -     || KL: 0.3379
2024-02-11 01:08:07,569 -     || token_match: 0.000, exact_match: 0.000
2024-02-11 01:08:07,570 -     || unique taglist code: 1503
2024-02-11 01:08:07,572 -     || seen taglist code: 1480
2024-02-11 01:08:07,573 -     || MOST used trncode: 18826
2024-02-11 01:08:07,574 -     || MOST used devcode: 1503
2024-02-11 01:08:07,694 -     || saved model
2024-02-11 01:08:07,696 - 
2024-02-11 01:08:07,697 - #epc: 15
2024-02-11 01:08:08,596 - epc:15, epc_KL:  1.000000
2024-02-11 01:17:00,350 - exact_match_tst_copy_acc: 0.839
2024-02-11 01:17:00,351 - exact_match_tst_reinflection_wlemma: 0.717
2024-02-11 01:17:00,353 - exact_match_tst_reinflection_wlemma_TAGFINDER1: 0.536
2024-02-11 01:17:00,354 - exact_match_tst_reinflection_wlemma_TAGFINDER1_or_2: 0.682
2024-02-11 01:17:00,800 - TRN || epcloss: 0.0962
2024-02-11 01:17:00,801 -     || Q: 0.8149
2024-02-11 01:17:00,802 -     || KL: 0.1960
2024-02-11 01:17:00,803 -     || token_match: 0.000, exact_match: 0.000
2024-02-11 01:17:00,804 -     || unique taglist code: 19727
2024-02-11 01:17:00,805 - DEV || epcloss: 0.0406
2024-02-11 01:17:00,806 -     || Q: 0.8426
2024-02-11 01:17:00,808 -     || KL: 0.3306
2024-02-11 01:17:00,809 -     || token_match: 0.000, exact_match: 0.000
2024-02-11 01:17:00,810 -     || unique taglist code: 1503
2024-02-11 01:17:00,812 -     || seen taglist code: 1478
2024-02-11 01:17:00,813 -     || MOST used trncode: 19727
2024-02-11 01:17:00,928 -     || saved model
2024-02-11 01:17:00,930 - 
2024-02-11 01:17:00,931 - #epc: 16
2024-02-11 01:17:01,782 - epc:16, epc_KL:  1.000000
2024-02-11 01:26:25,448 - exact_match_tst_copy_acc: 0.845
2024-02-11 01:26:25,449 - exact_match_tst_reinflection_wlemma: 0.727
2024-02-11 01:26:25,450 - exact_match_tst_reinflection_wlemma_TAGFINDER1: 0.527
2024-02-11 01:26:25,451 - exact_match_tst_reinflection_wlemma_TAGFINDER1_or_2: 0.692
2024-02-11 01:26:26,091 - TRN || epcloss: 0.1013
2024-02-11 01:26:26,092 -     || Q: 0.8751
2024-02-11 01:26:26,093 -     || KL: 0.1939
2024-02-11 01:26:26,094 -     || token_match: 0.000, exact_match: 0.000
2024-02-11 01:26:26,095 -     || unique taglist code: 20728
2024-02-11 01:26:26,097 - DEV || epcloss: 0.0399
2024-02-11 01:26:26,099 -     || Q: 0.8594
2024-02-11 01:26:26,100 -     || KL: 0.3427
2024-02-11 01:26:26,101 -     || token_match: 0.000, exact_match: 0.000
2024-02-11 01:26:26,102 -     || unique taglist code: 1514
2024-02-11 01:26:26,105 -     || seen taglist code: 1499
2024-02-11 01:26:26,106 -     || MOST used trncode: 20728
2024-02-11 01:26:26,107 -     || MOST used devcode: 1514
2024-02-11 01:26:26,225 -     || saved model
2024-02-11 01:26:26,228 - 
2024-02-11 01:26:26,229 - #epc: 17
2024-02-11 01:26:27,318 - epc:17, epc_KL:  1.000000
2024-02-11 01:36:10,260 - exact_match_tst_copy_acc: 0.802
2024-02-11 01:36:10,261 - exact_match_tst_reinflection_wlemma: 0.698
2024-02-11 01:36:10,262 - exact_match_tst_reinflection_wlemma_TAGFINDER1: 0.505
2024-02-11 01:36:10,263 - exact_match_tst_reinflection_wlemma_TAGFINDER1_or_2: 0.666
2024-02-11 01:36:10,659 - TRN || epcloss: 0.1081
2024-02-11 01:36:10,660 -     || Q: 0.9578
2024-02-11 01:36:10,661 -     || KL: 0.1947
2024-02-11 01:36:10,662 -     || token_match: 0.000, exact_match: 0.000
2024-02-11 01:36:10,663 -     || unique taglist code: 21413
2024-02-11 01:36:10,664 - DEV || epcloss: 0.0533
2024-02-11 01:36:10,665 -     || Q: 1.0322
2024-02-11 01:36:10,667 -     || KL: 0.3352
2024-02-11 01:36:10,668 -     || token_match: 0.000, exact_match: 0.000
2024-02-11 01:36:10,669 -     || unique taglist code: 1543
2024-02-11 01:36:10,672 -     || seen taglist code: 1507
2024-02-11 01:36:10,673 -     || MOST used trncode: 21413
2024-02-11 01:36:10,674 -     || MOST used devcode: 1543
2024-02-11 01:36:10,729 -     || saved model
2024-02-11 01:36:10,732 - 
2024-02-11 01:36:10,733 - #epc: 18
2024-02-11 01:36:11,727 - epc:18, epc_KL:  1.000000
2024-02-11 01:45:57,225 - exact_match_tst_copy_acc: 0.798
2024-02-11 01:45:57,227 - exact_match_tst_reinflection_wlemma: 0.669
2024-02-11 01:45:57,228 - exact_match_tst_reinflection_wlemma_TAGFINDER1: 0.473
2024-02-11 01:45:57,229 - exact_match_tst_reinflection_wlemma_TAGFINDER1_or_2: 0.622
2024-02-11 01:45:57,901 - TRN || epcloss: 0.1179
2024-02-11 01:45:57,902 -     || Q: 1.0217
2024-02-11 01:45:57,903 -     || KL: 0.1955
2024-02-11 01:45:57,904 -     || token_match: 0.000, exact_match: 0.000
2024-02-11 01:45:57,906 -     || unique taglist code: 21775
2024-02-11 01:45:57,907 - DEV || epcloss: 0.0544
2024-02-11 01:45:57,908 -     || Q: 1.0584
2024-02-11 01:45:57,909 -     || KL: 0.3433
2024-02-11 01:45:57,910 -     || token_match: 0.000, exact_match: 0.000
2024-02-11 01:45:57,911 -     || unique taglist code: 1543
2024-02-11 01:45:57,914 -     || seen taglist code: 1523
2024-02-11 01:45:57,915 -     || MOST used trncode: 21775
2024-02-11 01:45:58,035 -     || saved model
2024-02-11 01:45:58,038 - 
2024-02-11 01:45:58,039 - #epc: 19
2024-02-11 01:45:59,064 - epc:19, epc_KL:  1.000000
2024-02-11 01:55:50,125 - exact_match_tst_copy_acc: 0.729
2024-02-11 01:55:50,127 - exact_match_tst_reinflection_wlemma: 0.605
2024-02-11 01:55:50,128 - exact_match_tst_reinflection_wlemma_TAGFINDER1: 0.434
2024-02-11 01:55:50,129 - exact_match_tst_reinflection_wlemma_TAGFINDER1_or_2: 0.581
2024-02-11 01:55:50,826 - TRN || epcloss: 0.1270
2024-02-11 01:55:50,827 -     || Q: 1.0802
2024-02-11 01:55:50,829 -     || KL: 0.1962
2024-02-11 01:55:50,830 -     || token_match: 0.000, exact_match: 0.000
2024-02-11 01:55:50,831 -     || unique taglist code: 22241
2024-02-11 01:55:50,832 - DEV || epcloss: 0.0690
2024-02-11 01:55:50,833 -     || Q: 1.0844
2024-02-11 01:55:50,834 -     || KL: 0.3689
2024-02-11 01:55:50,835 -     || token_match: 0.000, exact_match: 0.000
2024-02-11 01:55:50,836 -     || unique taglist code: 1529
2024-02-11 01:55:50,839 -     || seen taglist code: 1495
2024-02-11 01:55:50,840 -     || MOST used trncode: 22241
2024-02-11 01:55:50,903 -     || saved model
2024-02-11 01:55:50,905 - 
2024-02-11 01:55:50,906 - #epc: 20
2024-02-11 01:55:51,989 - epc:20, epc_KL:  1.000000
2024-02-11 02:05:27,774 - exact_match_tst_copy_acc: 0.703
2024-02-11 02:05:27,775 - exact_match_tst_reinflection_wlemma: 0.590
2024-02-11 02:05:27,776 - exact_match_tst_reinflection_wlemma_TAGFINDER1: 0.398
2024-02-11 02:05:27,777 - exact_match_tst_reinflection_wlemma_TAGFINDER1_or_2: 0.546
2024-02-11 02:05:28,396 - TRN || epcloss: 0.1414
2024-02-11 02:05:28,397 -     || Q: 1.1289
2024-02-11 02:05:28,398 -     || KL: 0.1989
2024-02-11 02:05:28,400 -     || token_match: 0.000, exact_match: 0.000
2024-02-11 02:05:28,401 -     || unique taglist code: 22850
2024-02-11 02:05:28,402 - DEV || epcloss: 0.0815
2024-02-11 02:05:28,403 -     || Q: 1.1032
2024-02-11 02:05:28,404 -     || KL: 0.3737
2024-02-11 02:05:28,405 -     || token_match: 0.000, exact_match: 0.000
2024-02-11 02:05:28,406 -     || unique taglist code: 1530
2024-02-11 02:05:28,408 -     || seen taglist code: 1514
2024-02-11 02:05:28,409 -     || MOST used trncode: 22850
2024-02-11 02:05:28,490 -     || saved model
2024-02-11 02:05:28,493 - 
2024-02-11 02:05:28,494 - #epc: 21
2024-02-11 02:05:29,358 - epc:21, epc_KL:  1.000000
2024-02-11 02:15:19,299 - exact_match_tst_copy_acc: 0.671
2024-02-11 02:15:19,300 - exact_match_tst_reinflection_wlemma: 0.549
2024-02-11 02:15:19,301 - exact_match_tst_reinflection_wlemma_TAGFINDER1: 0.392
2024-02-11 02:15:19,302 - exact_match_tst_reinflection_wlemma_TAGFINDER1_or_2: 0.532
2024-02-11 02:15:19,970 - TRN || epcloss: 0.1590
2024-02-11 02:15:19,972 -     || Q: 1.1332
2024-02-11 02:15:19,973 -     || KL: 0.2051
2024-02-11 02:15:19,974 -     || token_match: 0.000, exact_match: 0.000
2024-02-11 02:15:19,975 -     || unique taglist code: 22766
2024-02-11 02:15:19,976 - DEV || epcloss: 0.0897
2024-02-11 02:15:19,977 -     || Q: 1.0956
2024-02-11 02:15:19,979 -     || KL: 0.3692
2024-02-11 02:15:19,980 -     || token_match: 0.000, exact_match: 0.000
2024-02-11 02:15:19,981 -     || unique taglist code: 1494
2024-02-11 02:15:19,984 -     || seen taglist code: 1476
2024-02-11 02:15:20,049 -     || saved model
2024-02-11 02:15:20,052 - 
2024-02-11 02:15:20,054 - #epc: 22
2024-02-11 02:15:20,977 - epc:22, epc_KL:  1.000000
2024-02-11 02:25:09,458 - exact_match_tst_copy_acc: 0.640
2024-02-11 02:25:09,459 - exact_match_tst_reinflection_wlemma: 0.534
2024-02-11 02:25:09,460 - exact_match_tst_reinflection_wlemma_TAGFINDER1: 0.363
2024-02-11 02:25:09,461 - exact_match_tst_reinflection_wlemma_TAGFINDER1_or_2: 0.496
2024-02-11 02:25:10,120 - TRN || epcloss: 0.1964
2024-02-11 02:25:10,121 -     || Q: 1.0030
2024-02-11 02:25:10,122 -     || KL: 0.2090
2024-02-11 02:25:10,124 -     || token_match: 0.000, exact_match: 0.000
2024-02-11 02:25:10,125 -     || unique taglist code: 22578
2024-02-11 02:25:10,126 - DEV || epcloss: 0.0982
2024-02-11 02:25:10,127 -     || Q: 0.9365
2024-02-11 02:25:10,128 -     || KL: 0.3613
2024-02-11 02:25:10,129 -     || token_match: 0.000, exact_match: 0.000
2024-02-11 02:25:10,130 -     || unique taglist code: 1507
2024-02-11 02:25:10,134 -     || seen taglist code: 1486
2024-02-11 02:25:10,241 -     || saved model
2024-02-11 02:25:10,244 - 
2024-02-11 02:25:10,245 - #epc: 23
2024-02-11 02:25:11,347 - epc:23, epc_KL:  1.000000
2024-02-11 02:34:29,846 - exact_match_tst_copy_acc: 0.316
2024-02-11 02:34:29,848 - exact_match_tst_reinflection_wlemma: 0.230
2024-02-11 02:34:29,849 - exact_match_tst_reinflection_wlemma_TAGFINDER1: 0.159
2024-02-11 02:34:29,850 - exact_match_tst_reinflection_wlemma_TAGFINDER1_or_2: 0.238
2024-02-11 02:34:30,527 - TRN || epcloss: 0.2241
2024-02-11 02:34:30,529 -     || Q: 1.1518
2024-02-11 02:34:30,530 -     || KL: 0.2226
2024-02-11 02:34:30,531 -     || token_match: 0.000, exact_match: 0.000
2024-02-11 02:34:30,532 -     || unique taglist code: 25269
2024-02-11 02:34:30,533 - DEV || epcloss: 0.2237
2024-02-11 02:34:30,534 -     || Q: 1.1894
2024-02-11 02:34:30,535 -     || KL: 0.4727
2024-02-11 02:34:30,536 -     || token_match: 0.000, exact_match: 0.000
2024-02-11 02:34:30,537 -     || unique taglist code: 1557
2024-02-11 02:34:30,540 -     || seen taglist code: 1513
2024-02-11 02:34:30,541 -     || MOST used trncode: 25269
2024-02-11 02:34:30,542 -     || MOST used devcode: 1557
2024-02-11 02:34:30,607 -     || saved model
2024-02-11 02:34:30,610 - 
2024-02-11 02:34:30,611 - #epc: 24
2024-02-11 02:34:31,576 - epc:24, epc_KL:  1.000000
2024-02-11 02:44:02,297 - exact_match_tst_copy_acc: 0.425
2024-02-11 02:44:02,299 - exact_match_tst_reinflection_wlemma: 0.305
2024-02-11 02:44:02,299 - exact_match_tst_reinflection_wlemma_TAGFINDER1: 0.225
2024-02-11 02:44:02,300 - exact_match_tst_reinflection_wlemma_TAGFINDER1_or_2: 0.312
2024-02-11 02:44:03,028 - TRN || epcloss: 0.3205
2024-02-11 02:44:03,029 -     || Q: 1.2021
2024-02-11 02:44:03,030 -     || KL: 0.2402
2024-02-11 02:44:03,031 -     || token_match: 0.000, exact_match: 0.000
2024-02-11 02:44:03,032 -     || unique taglist code: 25089
2024-02-11 02:44:03,033 - DEV || epcloss: 0.1826
2024-02-11 02:44:03,034 -     || Q: 1.1012
2024-02-11 02:44:03,035 -     || KL: 0.4245
2024-02-11 02:44:03,036 -     || token_match: 0.000, exact_match: 0.000
2024-02-11 02:44:03,037 -     || unique taglist code: 1526
2024-02-11 02:44:03,040 -     || seen taglist code: 1503
2024-02-11 02:44:03,102 -     || saved model
2024-02-11 02:44:03,104 - 
2024-02-11 02:44:03,105 - #epc: 25
2024-02-11 02:44:04,210 - epc:25, epc_KL:  1.000000
2024-02-11 02:53:39,751 - exact_match_tst_copy_acc: 0.006
2024-02-11 02:53:39,752 - exact_match_tst_reinflection_wlemma: 0.001
2024-02-11 02:53:39,753 - exact_match_tst_reinflection_wlemma_TAGFINDER1: 0.001
2024-02-11 02:53:39,754 - exact_match_tst_reinflection_wlemma_TAGFINDER1_or_2: 0.001
2024-02-11 02:53:40,260 - TRN || epcloss: 1.2219
2024-02-11 02:53:40,261 -     || Q: 1.9765
2024-02-11 02:53:40,262 -     || KL: 0.2975
2024-02-11 02:53:40,263 -     || token_match: 0.000, exact_match: 0.000
2024-02-11 02:53:40,264 -     || unique taglist code: 22039
2024-02-11 02:53:40,265 - DEV || epcloss: 0.8679
2024-02-11 02:53:40,266 -     || Q: 0.9177
2024-02-11 02:53:40,267 -     || KL: 0.4166
2024-02-11 02:53:40,268 -     || token_match: 0.000, exact_match: 0.000
2024-02-11 02:53:40,269 -     || unique taglist code: 854
2024-02-11 02:53:40,271 -     || seen taglist code: 837
2024-02-11 02:53:40,346 -     || saved model
2024-02-11 02:53:40,349 - 
2024-02-11 02:53:40,350 - #epc: 26
2024-02-11 02:53:41,492 - epc:26, epc_KL:  1.000000
2024-02-11 03:03:21,715 - exact_match_tst_copy_acc: 0.278
2024-02-11 03:03:21,716 - exact_match_tst_reinflection_wlemma: 0.067
2024-02-11 03:03:21,717 - exact_match_tst_reinflection_wlemma_TAGFINDER1: 0.041
2024-02-11 03:03:21,718 - exact_match_tst_reinflection_wlemma_TAGFINDER1_or_2: 0.066
2024-02-11 03:03:22,250 - TRN || epcloss: 0.6486
2024-02-11 03:03:22,252 -     || Q: 1.0264
2024-02-11 03:03:22,253 -     || KL: 0.2501
2024-02-11 03:03:22,254 -     || token_match: 0.000, exact_match: 0.000
2024-02-11 03:03:22,255 -     || unique taglist code: 20128
2024-02-11 03:03:22,256 - DEV || epcloss: 0.3008
2024-02-11 03:03:22,257 -     || Q: 1.3115
2024-02-11 03:03:22,258 -     || KL: 0.4611
2024-02-11 03:03:22,259 -     || token_match: 0.000, exact_match: 0.000
2024-02-11 03:03:22,260 -     || unique taglist code: 1473
2024-02-11 03:03:22,264 -     || seen taglist code: 1408
2024-02-11 03:03:22,336 -     || saved model
2024-02-11 03:03:22,338 - 
2024-02-11 03:03:22,339 - #epc: 27
2024-02-11 03:03:23,407 - epc:27, epc_KL:  1.000000
2024-02-11 03:12:48,380 - exact_match_tst_copy_acc: 0.527
2024-02-11 03:12:48,381 - exact_match_tst_reinflection_wlemma: 0.157
2024-02-11 03:12:48,382 - exact_match_tst_reinflection_wlemma_TAGFINDER1: 0.102
2024-02-11 03:12:48,383 - exact_match_tst_reinflection_wlemma_TAGFINDER1_or_2: 0.149
2024-02-11 03:12:48,898 - TRN || epcloss: 0.3275
2024-02-11 03:12:48,899 -     || Q: 1.3673
2024-02-11 03:12:48,900 -     || KL: 0.2580
2024-02-11 03:12:48,901 -     || token_match: 0.000, exact_match: 0.000
2024-02-11 03:12:48,902 -     || unique taglist code: 26839
2024-02-11 03:12:48,903 - DEV || epcloss: 0.1680
2024-02-11 03:12:48,904 -     || Q: 1.4719
2024-02-11 03:12:48,905 -     || KL: 0.4694
2024-02-11 03:12:48,906 -     || token_match: 0.000, exact_match: 0.000
2024-02-11 03:12:48,907 -     || unique taglist code: 1618
2024-02-11 03:12:48,910 -     || seen taglist code: 1585
2024-02-11 03:12:48,912 -     || MOST used trncode: 26839
2024-02-11 03:12:48,913 -     || MOST used devcode: 1618
2024-02-11 03:12:49,016 -     || saved model
2024-02-11 03:12:49,019 - 
2024-02-11 03:12:49,020 - #epc: 28
2024-02-11 03:12:50,040 - epc:28, epc_KL:  1.000000
2024-02-11 03:22:28,503 - exact_match_tst_copy_acc: 0.620
2024-02-11 03:22:28,504 - exact_match_tst_reinflection_wlemma: 0.225
2024-02-11 03:22:28,505 - exact_match_tst_reinflection_wlemma_TAGFINDER1: 0.160
2024-02-11 03:22:28,506 - exact_match_tst_reinflection_wlemma_TAGFINDER1_or_2: 0.222
2024-02-11 03:22:28,935 - TRN || epcloss: 0.2442
2024-02-11 03:22:28,937 -     || Q: 1.3697
2024-02-11 03:22:28,938 -     || KL: 0.2522
2024-02-11 03:22:28,939 -     || token_match: 0.000, exact_match: 0.000
2024-02-11 03:22:28,940 -     || unique taglist code: 26125
2024-02-11 03:22:28,941 - DEV || epcloss: 0.1273
2024-02-11 03:22:28,942 -     || Q: 1.3145
2024-02-11 03:22:28,943 -     || KL: 0.4482
2024-02-11 03:22:28,944 -     || token_match: 0.000, exact_match: 0.000
2024-02-11 03:22:28,945 -     || unique taglist code: 1591
2024-02-11 03:22:28,948 -     || seen taglist code: 1566
2024-02-11 03:22:29,041 -     || saved model
2024-02-11 03:22:29,044 - 
2024-02-11 03:22:29,045 - #epc: 29
2024-02-11 03:22:30,253 - epc:29, epc_KL:  1.000000
2024-02-11 03:32:01,680 - exact_match_tst_copy_acc: 0.577
2024-02-11 03:32:01,682 - exact_match_tst_reinflection_wlemma: 0.239
2024-02-11 03:32:01,683 - exact_match_tst_reinflection_wlemma_TAGFINDER1: 0.157
2024-02-11 03:32:01,684 - exact_match_tst_reinflection_wlemma_TAGFINDER1_or_2: 0.224
2024-02-11 03:32:02,236 - TRN || epcloss: 0.2181
2024-02-11 03:32:02,238 -     || Q: 1.3499
2024-02-11 03:32:02,239 -     || KL: 0.2511
2024-02-11 03:32:02,240 -     || token_match: 0.000, exact_match: 0.000
2024-02-11 03:32:02,240 -     || unique taglist code: 25041
2024-02-11 03:32:02,242 - DEV || epcloss: 0.1663
2024-02-11 03:32:02,243 -     || Q: 1.4402
2024-02-11 03:32:02,244 -     || KL: 0.5846
2024-02-11 03:32:02,245 -     || token_match: 0.000, exact_match: 0.000
2024-02-11 03:32:02,246 -     || unique taglist code: 1553
2024-02-11 03:32:02,248 -     || seen taglist code: 1521
2024-02-11 03:32:02,309 -     || saved model
2024-02-11 03:32:02,312 - 
2024-02-11 03:32:02,313 - #epc: 30
2024-02-11 03:32:03,298 - epc:30, epc_KL:  1.000000
2024-02-11 03:41:55,600 - exact_match_tst_copy_acc: 0.004
2024-02-11 03:41:55,601 - exact_match_tst_reinflection_wlemma: 0.001
2024-02-11 03:41:55,602 - exact_match_tst_reinflection_wlemma_TAGFINDER1: 0.001
2024-02-11 03:41:55,603 - exact_match_tst_reinflection_wlemma_TAGFINDER1_or_2: 0.001
2024-02-11 03:41:56,184 - TRN || epcloss: 2.6263
2024-02-11 03:41:56,185 -     || Q: 2.5521
2024-02-11 03:41:56,187 -     || KL: 0.5095
2024-02-11 03:41:56,188 -     || token_match: 0.000, exact_match: 0.000
2024-02-11 03:41:56,189 -     || unique taglist code: 21696
2024-02-11 03:41:56,190 - DEV || epcloss: 1.8694
2024-02-11 03:41:56,191 -     || Q: 1.9099
2024-02-11 03:41:56,192 -     || KL: 0.8277
2024-02-11 03:41:56,193 -     || token_match: 0.000, exact_match: 0.000
2024-02-11 03:41:56,194 -     || unique taglist code: 411
2024-02-11 03:41:56,196 -     || seen taglist code: 409
2024-02-11 03:41:56,310 -     || saved model
2024-02-11 03:41:56,312 - 
2024-02-11 03:41:56,314 - #epc: 31
2024-02-11 03:41:57,343 - epc:31, epc_KL:  1.000000
2024-02-11 03:51:43,117 - exact_match_tst_copy_acc: 0.145
2024-02-11 03:51:43,118 - exact_match_tst_reinflection_wlemma: 0.009
2024-02-11 03:51:43,119 - exact_match_tst_reinflection_wlemma_TAGFINDER1: 0.006
2024-02-11 03:51:43,120 - exact_match_tst_reinflection_wlemma_TAGFINDER1_or_2: 0.009
2024-02-11 03:51:43,532 - TRN || epcloss: 0.9972
2024-02-11 03:51:43,533 -     || Q: 1.7784
2024-02-11 03:51:43,534 -     || KL: 0.3223
2024-02-11 03:51:43,535 -     || token_match: 0.000, exact_match: 0.000
2024-02-11 03:51:43,536 -     || unique taglist code: 2135
2024-02-11 03:51:43,537 - DEV || epcloss: 0.3824
2024-02-11 03:51:43,538 -     || Q: 1.8757
2024-02-11 03:51:43,540 -     || KL: 0.5068
2024-02-11 03:51:43,541 -     || token_match: 0.000, exact_match: 0.000
2024-02-11 03:51:43,542 -     || unique taglist code: 555
2024-02-11 03:51:43,543 -     || seen taglist code: 538
2024-02-11 03:51:43,625 -     || saved model
2024-02-11 03:51:43,629 - 
2024-02-11 03:51:43,630 - #epc: 32
2024-02-11 03:51:44,857 - epc:32, epc_KL:  1.000000
2024-02-11 04:01:25,921 - exact_match_tst_copy_acc: 0.518
2024-02-11 04:01:25,922 - exact_match_tst_reinflection_wlemma: 0.083
2024-02-11 04:01:25,923 - exact_match_tst_reinflection_wlemma_TAGFINDER1: 0.059
2024-02-11 04:01:25,924 - exact_match_tst_reinflection_wlemma_TAGFINDER1_or_2: 0.082
2024-02-11 04:01:26,337 - TRN || epcloss: 0.3762
2024-02-11 04:01:26,339 -     || Q: 1.7944
2024-02-11 04:01:26,340 -     || KL: 0.2780
2024-02-11 04:01:26,341 -     || token_match: 0.000, exact_match: 0.000
2024-02-11 04:01:26,341 -     || unique taglist code: 6618
2024-02-11 04:01:26,342 - DEV || epcloss: 0.1641
2024-02-11 04:01:26,343 -     || Q: 1.5524
2024-02-11 04:01:26,344 -     || KL: 0.4781
2024-02-11 04:01:26,345 -     || token_match: 0.000, exact_match: 0.000
2024-02-11 04:01:26,346 -     || unique taglist code: 1120
2024-02-11 04:01:26,348 -     || seen taglist code: 1110
2024-02-11 04:01:26,415 -     || saved model
2024-02-11 04:01:26,418 - 
2024-02-11 04:01:26,419 - #epc: 33
2024-02-11 04:01:27,545 - epc:33, epc_KL:  1.000000
2024-02-11 04:10:51,534 - exact_match_tst_copy_acc: 0.640
2024-02-11 04:10:51,536 - exact_match_tst_reinflection_wlemma: 0.141
2024-02-11 04:10:51,537 - exact_match_tst_reinflection_wlemma_TAGFINDER1: 0.096
2024-02-11 04:10:51,538 - exact_match_tst_reinflection_wlemma_TAGFINDER1_or_2: 0.133
2024-02-11 04:10:51,861 - TRN || epcloss: 0.2223
2024-02-11 04:10:51,862 -     || Q: 1.5422
2024-02-11 04:10:51,863 -     || KL: 0.2633
2024-02-11 04:10:51,864 -     || token_match: 0.000, exact_match: 0.000
2024-02-11 04:10:51,866 -     || unique taglist code: 10508
2024-02-11 04:10:51,867 - DEV || epcloss: 0.1115
2024-02-11 04:10:51,868 -     || Q: 1.4196
2024-02-11 04:10:51,869 -     || KL: 0.4686
2024-02-11 04:10:51,871 -     || token_match: 0.000, exact_match: 0.000
2024-02-11 04:10:51,872 -     || unique taglist code: 1242
2024-02-11 04:10:51,874 -     || seen taglist code: 1231
2024-02-11 04:10:51,935 -     || saved model
2024-02-11 04:10:51,938 - 
2024-02-11 04:10:51,939 - #epc: 34
2024-02-11 04:10:52,937 - epc:34, epc_KL:  1.000000
2024-02-11 04:20:09,338 - exact_match_tst_copy_acc: 0.737
2024-02-11 04:20:09,340 - exact_match_tst_reinflection_wlemma: 0.215
2024-02-11 04:20:09,341 - exact_match_tst_reinflection_wlemma_TAGFINDER1: 0.145
2024-02-11 04:20:09,342 - exact_match_tst_reinflection_wlemma_TAGFINDER1_or_2: 0.195
2024-02-11 04:20:09,863 - TRN || epcloss: 0.1768
2024-02-11 04:20:09,864 -     || Q: 1.4263
2024-02-11 04:20:09,865 -     || KL: 0.2528
2024-02-11 04:20:09,866 -     || token_match: 0.000, exact_match: 0.000
2024-02-11 04:20:09,867 -     || unique taglist code: 10418
2024-02-11 04:20:09,868 - DEV || epcloss: 0.0801
2024-02-11 04:20:09,869 -     || Q: 1.3608
2024-02-11 04:20:09,870 -     || KL: 0.4388
2024-02-11 04:20:09,871 -     || token_match: 0.000, exact_match: 0.000
2024-02-11 04:20:09,872 -     || unique taglist code: 1280
2024-02-11 04:20:09,874 -     || seen taglist code: 1274
2024-02-11 04:20:09,971 -     || saved model
2024-02-11 04:20:09,974 - 
2024-02-11 04:20:09,975 - #epc: 35
2024-02-11 04:20:11,019 - epc:35, epc_KL:  1.000000
2024-02-11 04:29:55,468 - exact_match_tst_copy_acc: 0.765
2024-02-11 04:29:55,470 - exact_match_tst_reinflection_wlemma: 0.263
2024-02-11 04:29:55,471 - exact_match_tst_reinflection_wlemma_TAGFINDER1: 0.172
2024-02-11 04:29:55,472 - exact_match_tst_reinflection_wlemma_TAGFINDER1_or_2: 0.242
2024-02-11 04:29:57,438 - TRN || epcloss: 0.1646
2024-02-11 04:29:57,440 -     || Q: 1.3937
2024-02-11 04:29:57,441 -     || KL: 0.2446
2024-02-11 04:29:57,442 -     || token_match: 0.000, exact_match: 0.000
2024-02-11 04:29:57,443 -     || unique taglist code: 10604
2024-02-11 04:29:57,444 - DEV || epcloss: 0.0700
2024-02-11 04:29:57,445 -     || Q: 1.3621
2024-02-11 04:29:57,446 -     || KL: 0.4261
2024-02-11 04:29:57,448 -     || token_match: 0.000, exact_match: 0.000
2024-02-11 04:29:57,449 -     || unique taglist code: 1250
2024-02-11 04:29:57,451 -     || seen taglist code: 1245
2024-02-11 04:29:57,549 -     || saved model
2024-02-11 04:29:57,552 - 
2024-02-11 04:29:57,553 - #epc: 36
2024-02-11 04:29:58,689 - epc:36, epc_KL:  1.000000
2024-02-11 04:39:22,903 - exact_match_tst_copy_acc: 0.772
2024-02-11 04:39:22,904 - exact_match_tst_reinflection_wlemma: 0.288
2024-02-11 04:39:22,906 - exact_match_tst_reinflection_wlemma_TAGFINDER1: 0.181
2024-02-11 04:39:22,907 - exact_match_tst_reinflection_wlemma_TAGFINDER1_or_2: 0.255
2024-02-11 04:39:24,867 - TRN || epcloss: 0.1413
2024-02-11 04:39:24,869 -     || Q: 1.4369
2024-02-11 04:39:24,870 -     || KL: 0.2384
2024-02-11 04:39:24,871 -     || token_match: 0.000, exact_match: 0.000
2024-02-11 04:39:24,872 -     || unique taglist code: 10488
2024-02-11 04:39:24,873 - DEV || epcloss: 0.0701
2024-02-11 04:39:24,874 -     || Q: 1.4449
2024-02-11 04:39:24,875 -     || KL: 0.4230
2024-02-11 04:39:24,876 -     || token_match: 0.000, exact_match: 0.000
2024-02-11 04:39:24,877 -     || unique taglist code: 1262
2024-02-11 04:39:24,879 -     || seen taglist code: 1251
2024-02-11 04:39:24,980 -     || saved model
2024-02-11 04:39:24,982 - 
2024-02-11 04:39:24,983 - #epc: 37
2024-02-11 04:39:26,024 - epc:37, epc_KL:  1.000000
2024-02-11 04:48:42,240 - exact_match_tst_copy_acc: 0.737
2024-02-11 04:48:42,241 - exact_match_tst_reinflection_wlemma: 0.257
2024-02-11 04:48:42,242 - exact_match_tst_reinflection_wlemma_TAGFINDER1: 0.174
2024-02-11 04:48:42,243 - exact_match_tst_reinflection_wlemma_TAGFINDER1_or_2: 0.242
2024-02-11 04:48:44,074 - TRN || epcloss: 0.3447
2024-02-11 04:48:44,075 -     || Q: 1.6511
2024-02-11 04:48:44,076 -     || KL: 0.2478
2024-02-11 04:48:44,078 -     || token_match: 0.000, exact_match: 0.000
2024-02-11 04:48:44,079 -     || unique taglist code: 11641
2024-02-11 04:48:44,080 - DEV || epcloss: 0.0752
2024-02-11 04:48:44,081 -     || Q: 1.4655
2024-02-11 04:48:44,082 -     || KL: 0.4241
2024-02-11 04:48:44,083 -     || token_match: 0.000, exact_match: 0.000
2024-02-11 04:48:44,084 -     || unique taglist code: 1266
2024-02-11 04:48:44,086 -     || seen taglist code: 1264
2024-02-11 04:48:44,161 -     || saved model
2024-02-11 04:48:44,164 - 
2024-02-11 04:48:44,165 - #epc: 38
2024-02-11 04:48:45,317 - epc:38, epc_KL:  1.000000
2024-02-11 04:58:17,867 - exact_match_tst_copy_acc: 0.699
2024-02-11 04:58:17,869 - exact_match_tst_reinflection_wlemma: 0.275
2024-02-11 04:58:17,870 - exact_match_tst_reinflection_wlemma_TAGFINDER1: 0.172
2024-02-11 04:58:17,871 - exact_match_tst_reinflection_wlemma_TAGFINDER1_or_2: 0.237
2024-02-11 04:58:19,269 - TRN || epcloss: 0.1386
2024-02-11 04:58:19,270 -     || Q: 1.5093
2024-02-11 04:58:19,271 -     || KL: 0.2346
2024-02-11 04:58:19,272 -     || token_match: 0.000, exact_match: 0.000
2024-02-11 04:58:19,273 -     || unique taglist code: 10793
2024-02-11 04:58:19,274 - DEV || epcloss: 0.0832
2024-02-11 04:58:19,276 -     || Q: 1.4522
2024-02-11 04:58:19,277 -     || KL: 0.4349
2024-02-11 04:58:19,278 -     || token_match: 0.000, exact_match: 0.000
2024-02-11 04:58:19,279 -     || unique taglist code: 1260
2024-02-11 04:58:19,281 -     || seen taglist code: 1254
2024-02-11 04:58:19,342 -     || saved model
2024-02-11 04:58:19,345 - 
2024-02-11 04:58:19,346 - #epc: 39
2024-02-11 04:58:20,334 - epc:39, epc_KL:  1.000000
2024-02-11 05:07:56,025 - exact_match_tst_copy_acc: 0.081
2024-02-11 05:07:56,026 - exact_match_tst_reinflection_wlemma: 0.025
2024-02-11 05:07:56,027 - exact_match_tst_reinflection_wlemma_TAGFINDER1: 0.013
2024-02-11 05:07:56,028 - exact_match_tst_reinflection_wlemma_TAGFINDER1_or_2: 0.021
2024-02-11 05:07:57,643 - TRN || epcloss: 0.4071
2024-02-11 05:07:57,645 -     || Q: 1.6924
2024-02-11 05:07:57,646 -     || KL: 0.2596
2024-02-11 05:07:57,647 -     || token_match: 0.000, exact_match: 0.000
2024-02-11 05:07:57,648 -     || unique taglist code: 11030
2024-02-11 05:07:57,649 - DEV || epcloss: 0.7493
2024-02-11 05:07:57,650 -     || Q: 3.3342
2024-02-11 05:07:57,651 -     || KL: 0.8843
2024-02-11 05:07:57,652 -     || token_match: 0.000, exact_match: 0.000
2024-02-11 05:07:57,654 -     || unique taglist code: 819
2024-02-11 05:07:57,655 -     || seen taglist code: 804
2024-02-11 05:07:57,751 -     || saved model
2024-02-11 05:07:57,754 - 
2024-02-11 05:07:57,756 - #epc: 40
2024-02-11 05:07:58,838 - epc:40, epc_KL:  1.000000
2024-02-11 05:19:47,028 - exact_match_tst_copy_acc: 0.000
2024-02-11 05:19:47,029 - exact_match_tst_reinflection_wlemma: 0.000
2024-02-11 05:19:47,030 - exact_match_tst_reinflection_wlemma_TAGFINDER1: 0.000
2024-02-11 05:19:47,031 - exact_match_tst_reinflection_wlemma_TAGFINDER1_or_2: 0.000
2024-02-11 05:19:47,544 - TRN || epcloss: 4.2233
2024-02-11 05:19:47,545 -     || Q: 3.3669
2024-02-11 05:19:47,547 -     || KL: 0.6653
2024-02-11 05:19:47,548 -     || token_match: 0.000, exact_match: 0.000
2024-02-11 05:19:47,549 -     || unique taglist code: 8730
2024-02-11 05:19:47,550 - DEV || epcloss: 6.0059
2024-02-11 05:19:47,551 -     || Q: 3.3194
2024-02-11 05:19:47,552 -     || KL: 1.2095
2024-02-11 05:19:47,553 -     || token_match: 0.000, exact_match: 0.000
2024-02-11 05:19:47,554 -     || unique taglist code: 511
2024-02-11 05:19:47,555 -     || seen taglist code: 502
2024-02-11 05:19:47,623 -     || saved model
2024-02-11 05:19:47,625 - 
2024-02-11 05:19:47,627 - #epc: 41
2024-02-11 05:19:48,753 - epc:41, epc_KL:  1.000000
2024-02-11 05:30:50,282 - exact_match_tst_copy_acc: 0.002
2024-02-11 05:30:50,283 - exact_match_tst_reinflection_wlemma: 0.000
2024-02-11 05:30:50,284 - exact_match_tst_reinflection_wlemma_TAGFINDER1: 0.000
2024-02-11 05:30:50,285 - exact_match_tst_reinflection_wlemma_TAGFINDER1_or_2: 0.000
2024-02-11 05:30:52,143 - TRN || epcloss: 4.6138
2024-02-11 05:30:52,144 -     || Q: 2.7584
2024-02-11 05:30:52,145 -     || KL: 0.4417
2024-02-11 05:30:52,146 -     || token_match: 0.000, exact_match: 0.000
2024-02-11 05:30:52,147 -     || unique taglist code: 3988
2024-02-11 05:30:52,148 - DEV || epcloss: 3.3989
2024-02-11 05:30:52,149 -     || Q: 2.5032
2024-02-11 05:30:52,150 -     || KL: 0.5701
2024-02-11 05:30:52,152 -     || token_match: 0.000, exact_match: 0.000
2024-02-11 05:30:52,153 -     || unique taglist code: 514
2024-02-11 05:30:52,154 -     || seen taglist code: 508
2024-02-11 05:30:52,262 -     || saved model
2024-02-11 05:30:52,265 - 
2024-02-11 05:30:52,266 - #epc: 42
2024-02-11 05:30:53,362 - epc:42, epc_KL:  1.000000
2024-02-11 05:40:31,843 - exact_match_tst_copy_acc: 0.035
2024-02-11 05:40:31,845 - exact_match_tst_reinflection_wlemma: 0.001
2024-02-11 05:40:31,846 - exact_match_tst_reinflection_wlemma_TAGFINDER1: 0.002
2024-02-11 05:40:31,847 - exact_match_tst_reinflection_wlemma_TAGFINDER1_or_2: 0.002
2024-02-11 05:40:32,734 - TRN || epcloss: 1.9767
2024-02-11 05:40:32,736 -     || Q: 2.1038
2024-02-11 05:40:32,736 -     || KL: 0.2974
2024-02-11 05:40:32,737 -     || token_match: 0.000, exact_match: 0.000
2024-02-11 05:40:32,738 -     || unique taglist code: 3674
2024-02-11 05:40:32,740 - DEV || epcloss: 1.0296
2024-02-11 05:40:32,741 -     || Q: 1.7018
2024-02-11 05:40:32,742 -     || KL: 0.5156
2024-02-11 05:40:32,743 -     || token_match: 0.000, exact_match: 0.000
2024-02-11 05:40:32,744 -     || unique taglist code: 585
2024-02-11 05:40:32,745 -     || seen taglist code: 578
2024-02-11 05:40:32,821 -     || saved model
2024-02-11 05:40:32,823 - 
2024-02-11 05:40:32,824 - #epc: 43
2024-02-11 05:40:33,832 - epc:43, epc_KL:  1.000000
2024-02-11 05:49:47,361 - exact_match_tst_copy_acc: 0.192
2024-02-11 05:49:47,363 - exact_match_tst_reinflection_wlemma: 0.007
2024-02-11 05:49:47,364 - exact_match_tst_reinflection_wlemma_TAGFINDER1: 0.004
2024-02-11 05:49:47,365 - exact_match_tst_reinflection_wlemma_TAGFINDER1_or_2: 0.006
2024-02-11 05:49:47,638 - TRN || epcloss: 0.7987
2024-02-11 05:49:47,640 -     || Q: 1.5420
2024-02-11 05:49:47,641 -     || KL: 0.2933
2024-02-11 05:49:47,642 -     || token_match: 0.000, exact_match: 0.000
2024-02-11 05:49:47,643 -     || unique taglist code: 4190
2024-02-11 05:49:47,644 - DEV || epcloss: 0.3838
2024-02-11 05:49:47,645 -     || Q: 1.2626
2024-02-11 05:49:47,646 -     || KL: 0.4819
2024-02-11 05:49:47,647 -     || token_match: 0.000, exact_match: 0.000
2024-02-11 05:49:47,648 -     || unique taglist code: 799
2024-02-11 05:49:47,649 -     || seen taglist code: 791
2024-02-11 05:49:47,759 -     || saved model
2024-02-11 05:49:47,761 - 
2024-02-11 05:49:47,762 - #epc: 44
2024-02-11 05:49:48,711 - epc:44, epc_KL:  1.000000
2024-02-11 05:59:12,469 - exact_match_tst_copy_acc: 0.415
2024-02-11 05:59:12,471 - exact_match_tst_reinflection_wlemma: 0.019
2024-02-11 05:59:12,472 - exact_match_tst_reinflection_wlemma_TAGFINDER1: 0.009
2024-02-11 05:59:12,473 - exact_match_tst_reinflection_wlemma_TAGFINDER1_or_2: 0.015
2024-02-11 05:59:12,785 - TRN || epcloss: 0.4186
2024-02-11 05:59:12,787 -     || Q: 1.3849
2024-02-11 05:59:12,788 -     || KL: 0.2756
2024-02-11 05:59:12,789 -     || token_match: 0.000, exact_match: 0.000
2024-02-11 05:59:12,790 -     || unique taglist code: 10968
2024-02-11 05:59:12,791 - DEV || epcloss: 0.2227
2024-02-11 05:59:12,792 -     || Q: 1.3911
2024-02-11 05:59:12,793 -     || KL: 0.4812
2024-02-11 05:59:12,794 -     || token_match: 0.000, exact_match: 0.000
2024-02-11 05:59:12,795 -     || unique taglist code: 1334
2024-02-11 05:59:12,797 -     || seen taglist code: 1296
2024-02-11 05:59:12,867 -     || saved model
2024-02-11 05:59:12,870 - 
2024-02-11 05:59:12,871 - #epc: 45
2024-02-11 05:59:13,878 - epc:45, epc_KL:  1.000000
2024-02-11 06:08:14,158 - exact_match_tst_copy_acc: 0.586
2024-02-11 06:08:14,159 - exact_match_tst_reinflection_wlemma: 0.052
2024-02-11 06:08:14,160 - exact_match_tst_reinflection_wlemma_TAGFINDER1: 0.029
2024-02-11 06:08:14,161 - exact_match_tst_reinflection_wlemma_TAGFINDER1_or_2: 0.044
2024-02-11 06:08:14,475 - TRN || epcloss: 0.2797
2024-02-11 06:08:14,477 -     || Q: 1.4513
2024-02-11 06:08:14,478 -     || KL: 0.2668
2024-02-11 06:08:14,479 -     || token_match: 0.000, exact_match: 0.000
2024-02-11 06:08:14,480 -     || unique taglist code: 13034
2024-02-11 06:08:14,481 - DEV || epcloss: 0.1465
2024-02-11 06:08:14,482 -     || Q: 1.4451
2024-02-11 06:08:14,483 -     || KL: 0.4760
2024-02-11 06:08:14,484 -     || token_match: 0.000, exact_match: 0.000
2024-02-11 06:08:14,485 -     || unique taglist code: 1378
2024-02-11 06:08:14,487 -     || seen taglist code: 1369
2024-02-11 06:08:14,594 -     || saved model
2024-02-11 06:08:14,598 - 
2024-02-11 06:08:14,599 - #epc: 46
2024-02-11 06:08:15,765 - epc:46, epc_KL:  1.000000
2024-02-11 06:17:50,632 - exact_match_tst_copy_acc: 0.677
2024-02-11 06:17:50,634 - exact_match_tst_reinflection_wlemma: 0.084
2024-02-11 06:17:50,635 - exact_match_tst_reinflection_wlemma_TAGFINDER1: 0.049
2024-02-11 06:17:50,636 - exact_match_tst_reinflection_wlemma_TAGFINDER1_or_2: 0.070
2024-02-11 06:17:50,991 - TRN || epcloss: 0.2231
2024-02-11 06:17:50,993 -     || Q: 1.4383
2024-02-11 06:17:50,994 -     || KL: 0.2602
2024-02-11 06:17:50,995 -     || token_match: 0.000, exact_match: 0.000
2024-02-11 06:17:50,996 -     || unique taglist code: 13459
2024-02-11 06:17:50,997 - DEV || epcloss: 0.1088
2024-02-11 06:17:50,998 -     || Q: 1.4276
2024-02-11 06:17:51,000 -     || KL: 0.4568
2024-02-11 06:17:51,001 -     || token_match: 0.000, exact_match: 0.000
2024-02-11 06:17:51,002 -     || unique taglist code: 1395
2024-02-11 06:17:51,003 -     || seen taglist code: 1389
2024-02-11 06:17:51,084 -     || saved model
2024-02-11 06:17:51,087 - 
2024-02-11 06:17:51,088 - #epc: 47
2024-02-11 06:17:52,084 - epc:47, epc_KL:  1.000000
2024-02-11 06:27:01,338 - exact_match_tst_copy_acc: 0.691
2024-02-11 06:27:01,339 - exact_match_tst_reinflection_wlemma: 0.089
2024-02-11 06:27:01,340 - exact_match_tst_reinflection_wlemma_TAGFINDER1: 0.050
2024-02-11 06:27:01,341 - exact_match_tst_reinflection_wlemma_TAGFINDER1_or_2: 0.073
2024-02-11 06:27:01,662 - TRN || epcloss: 0.1888
2024-02-11 06:27:01,663 -     || Q: 1.4948
2024-02-11 06:27:01,664 -     || KL: 0.2543
2024-02-11 06:27:01,666 -     || token_match: 0.000, exact_match: 0.000
2024-02-11 06:27:01,667 -     || unique taglist code: 14174
2024-02-11 06:27:01,668 - DEV || epcloss: 0.0968
2024-02-11 06:27:01,669 -     || Q: 1.4302
2024-02-11 06:27:01,670 -     || KL: 0.4516
2024-02-11 06:27:01,671 -     || token_match: 0.000, exact_match: 0.000
2024-02-11 06:27:01,672 -     || unique taglist code: 1437
2024-02-11 06:27:01,675 -     || seen taglist code: 1410
2024-02-11 06:27:01,788 -     || saved model
2024-02-11 06:27:01,791 - 
2024-02-11 06:27:01,792 - #epc: 48
2024-02-11 06:27:02,754 - epc:48, epc_KL:  1.000000
2024-02-11 06:36:39,157 - exact_match_tst_copy_acc: 0.697
2024-02-11 06:36:39,158 - exact_match_tst_reinflection_wlemma: 0.099
2024-02-11 06:36:39,159 - exact_match_tst_reinflection_wlemma_TAGFINDER1: 0.056
2024-02-11 06:36:39,160 - exact_match_tst_reinflection_wlemma_TAGFINDER1_or_2: 0.084
2024-02-11 06:36:39,566 - TRN || epcloss: 0.2462
2024-02-11 06:36:39,567 -     || Q: 1.6770
2024-02-11 06:36:39,568 -     || KL: 0.2694
2024-02-11 06:36:39,569 -     || token_match: 0.000, exact_match: 0.000
2024-02-11 06:36:39,570 -     || unique taglist code: 17196
2024-02-11 06:36:39,571 - DEV || epcloss: 0.0992
2024-02-11 06:36:39,573 -     || Q: 1.5059
2024-02-11 06:36:39,574 -     || KL: 0.4501
2024-02-11 06:36:39,575 -     || token_match: 0.000, exact_match: 0.000
2024-02-11 06:36:39,576 -     || unique taglist code: 1492
2024-02-11 06:36:39,579 -     || seen taglist code: 1479
2024-02-11 06:36:39,649 -     || saved model
2024-02-11 06:36:39,651 - 
2024-02-11 06:36:39,652 - #epc: 49
2024-02-11 06:36:40,724 - epc:49, epc_KL:  1.000000
2024-02-11 06:46:24,358 - exact_match_tst_copy_acc: 0.761
2024-02-11 06:46:24,359 - exact_match_tst_reinflection_wlemma: 0.137
2024-02-11 06:46:24,360 - exact_match_tst_reinflection_wlemma_TAGFINDER1: 0.078
2024-02-11 06:46:24,361 - exact_match_tst_reinflection_wlemma_TAGFINDER1_or_2: 0.117
2024-02-11 06:46:24,745 - TRN || epcloss: 0.1656
2024-02-11 06:46:24,746 -     || Q: 1.4538
2024-02-11 06:46:24,747 -     || KL: 0.2455
2024-02-11 06:46:24,748 -     || token_match: 0.000, exact_match: 0.000
2024-02-11 06:46:24,749 -     || unique taglist code: 17167
2024-02-11 06:46:24,750 - DEV || epcloss: 0.0760
2024-02-11 06:46:24,751 -     || Q: 1.3703
2024-02-11 06:46:24,752 -     || KL: 0.4292
2024-02-11 06:46:24,753 -     || token_match: 0.000, exact_match: 0.000
2024-02-11 06:46:24,754 -     || unique taglist code: 1556
2024-02-11 06:46:24,757 -     || seen taglist code: 1551
2024-02-11 06:46:24,846 -     || saved model
