2023-12-25 17:17:59,635 - trnsize: 404897
2023-12-25 17:17:59,676 - devsize: 1446
2023-12-25 17:17:59,677 - tstsize: 1446
2023-12-25 17:18:00,331 - Trn unique tgts: 404896
2023-12-25 17:18:00,331 - Trn unique lemmas: 588
2023-12-25 17:18:00,332 - Trn unique taglists: 703
2023-12-25 17:18:00,333 - Dev unique tgts: 1446
2023-12-25 17:18:00,333 - Dev unique lemmas: 536
2023-12-25 17:18:00,334 - Dev unique taglists: 616
2023-12-25 17:18:00,334 - Tst unique tgts: 1446
2023-12-25 17:18:00,335 - Tst unique lemmas: 536
2023-12-25 17:18:00,335 - Tst unique taglists: 616
2023-12-25 17:18:00,336 - seen_dev_tgt: 1
2023-12-25 17:18:00,336 - seen_dev_lemma: 1446
2023-12-25 17:18:00,337 - seen_dev_taglist: 1446
2023-12-25 17:18:00,337 - seen_tst_tgt: 1
2023-12-25 17:18:00,338 - seen_tst_lemma: 1446
2023-12-25 17:18:00,338 - seen_tst_taglist: 1446
2023-12-25 17:18:24,578 - trnID: run1_4x8_zLEM100_zTAG128_decnh1024_kl1.0_epc10_strt5_decdo0.2_inpemb128_bsize64
2023-12-25 17:18:24,579 - batchsize: 64
2023-12-25 17:18:24,579 - epochs: 50
2023-12-25 17:18:24,580 - lr: 0.00050
2023-12-25 17:18:24,581 - KL_WEIGHT: 1.00000
2023-12-25 17:18:24,581 - opt: Adam (
Parameter Group 0
    amsgrad: False
    betas: (0.5, 0.999)
    capturable: False
    eps: 1e-08
    foreach: None
    lr: 0.0005
    maximize: False
    weight_decay: 0
)
2023-12-25 17:18:24,582 - VQVAE(
  (encoder): Encoder_GRU_VQVAE(
    (layers): ModuleList(
      (0): Embedding(39, 128)
      (1): Dropout(p=0.0, inplace=False)
      (2): GRU(128, 256, batch_first=True, bidirectional=True)
    )
  )
  (z_linears): ModuleList(
    (0): Linear(in_features=512, out_features=128, bias=True)
    (1): Linear(in_features=512, out_features=128, bias=True)
    (2): Linear(in_features=512, out_features=128, bias=True)
    (3): Linear(in_features=512, out_features=128, bias=True)
  )
  (quantizers): ModuleList(
    (0): Quantizer(
      (embeddings): Embedding(8, 128)
    )
    (1): Quantizer(
      (embeddings): Embedding(8, 128)
    )
    (2): Quantizer(
      (embeddings): Embedding(8, 128)
    )
    (3): Quantizer(
      (embeddings): Embedding(8, 128)
    )
  )
  (z_lemma_mu): Linear(in_features=512, out_features=100, bias=True)
  (z_lemma_logvar): Linear(in_features=512, out_features=100, bias=True)
  (up_from_z_layer): Linear(in_features=228, out_features=1024, bias=True)
  (decoder): Decoder_GRU_VQVAE(
    (layers): ModuleList(
      (0): Embedding(39, 128)
      (1): Dropout(p=0.2, inplace=False)
      (2): GRU(356, 1024, batch_first=True)
      (3): Linear(in_features=1024, out_features=39, bias=True)
    )
    (loss): CrossEntropyLoss()
  )
)
2023-12-25 17:18:25,146 - trnsize: 404897
2023-12-25 17:18:25,147 - devsize: 1446
2023-12-25 17:18:25,147 - tstsize: 1446
2023-12-25 17:18:25,148 - 
2023-12-25 17:18:25,149 - #epc: 0
2023-12-25 17:18:25,152 - epc:0, epc_KL:  0.000000
2023-12-25 17:24:21,178 - exact_match_tst_copy_acc: 0.999
2023-12-25 17:24:21,179 - exact_match_tst_reinflection_wlemma: 0.001
2023-12-25 17:24:21,180 - exact_match_tst_reinflection_wlemma_TAGFINDER1: 0.001
2023-12-25 17:24:21,181 - exact_match_tst_reinflection_wlemma_TAGFINDER1_or_2: 0.001
2023-12-25 17:24:21,392 - TRN || epcloss: 0.0635
2023-12-25 17:24:21,393 -     || Q: 0.0204
2023-12-25 17:24:21,394 -     || KL: 5.6396
2023-12-25 17:24:21,395 -     || token_match: 0.000, exact_match: 0.000
2023-12-25 17:24:21,395 -     || unique taglist code: 2667
2023-12-25 17:24:21,396 - DEV || epcloss: 0.0006
2023-12-25 17:24:21,397 -     || Q: 0.0046
2023-12-25 17:24:21,398 -     || KL: 13.0753
2023-12-25 17:24:21,398 -     || token_match: 0.000, exact_match: 0.000
2023-12-25 17:24:21,399 -     || unique taglist code: 295
2023-12-25 17:24:21,400 -     || seen taglist code: 292
2023-12-25 17:24:21,400 -     || MOST used trncode: 2667
2023-12-25 17:24:21,401 -     || MOST used devcode: 295
2023-12-25 17:24:21,643 -     || saved model
2023-12-25 17:24:21,645 - 
2023-12-25 17:24:21,646 - #epc: 1
2023-12-25 17:24:22,187 - epc:1, epc_KL:  0.000000
2023-12-25 17:30:22,746 - exact_match_tst_copy_acc: 0.997
2023-12-25 17:30:22,748 - exact_match_tst_reinflection_wlemma: 0.001
2023-12-25 17:30:22,748 - exact_match_tst_reinflection_wlemma_TAGFINDER1: 0.001
2023-12-25 17:30:22,749 - exact_match_tst_reinflection_wlemma_TAGFINDER1_or_2: 0.001
2023-12-25 17:30:22,983 - TRN || epcloss: 0.0057
2023-12-25 17:30:22,983 -     || Q: 0.0068
2023-12-25 17:30:22,984 -     || KL: 6.1896
2023-12-25 17:30:22,985 -     || token_match: 0.000, exact_match: 0.000
2023-12-25 17:30:22,986 -     || unique taglist code: 2277
2023-12-25 17:30:22,986 - DEV || epcloss: 0.0009
2023-12-25 17:30:22,987 -     || Q: 0.0023
2023-12-25 17:30:22,988 -     || KL: 13.6085
2023-12-25 17:30:22,989 -     || token_match: 0.000, exact_match: 0.000
2023-12-25 17:30:22,989 -     || unique taglist code: 450
2023-12-25 17:30:22,990 -     || seen taglist code: 446
2023-12-25 17:30:22,991 -     || MOST used devcode: 450
2023-12-25 17:30:23,120 -     || saved model
2023-12-25 17:30:23,122 - 
2023-12-25 17:30:23,123 - #epc: 2
2023-12-25 17:30:23,572 - epc:2, epc_KL:  0.000000
2023-12-25 17:36:23,523 - exact_match_tst_copy_acc: 0.980
2023-12-25 17:36:23,524 - exact_match_tst_reinflection_wlemma: 0.001
2023-12-25 17:36:23,525 - exact_match_tst_reinflection_wlemma_TAGFINDER1: 0.001
2023-12-25 17:36:23,525 - exact_match_tst_reinflection_wlemma_TAGFINDER1_or_2: 0.001
2023-12-25 17:36:23,700 - TRN || epcloss: 0.0033
2023-12-25 17:36:23,701 -     || Q: 0.0048
2023-12-25 17:36:23,701 -     || KL: 6.4515
2023-12-25 17:36:23,702 -     || token_match: 0.000, exact_match: 0.000
2023-12-25 17:36:23,703 -     || unique taglist code: 2818
2023-12-25 17:36:23,703 - DEV || epcloss: 0.0042
2023-12-25 17:36:23,704 -     || Q: 0.0080
2023-12-25 17:36:23,705 -     || KL: 14.9626
2023-12-25 17:36:23,705 -     || token_match: 0.000, exact_match: 0.000
2023-12-25 17:36:23,706 -     || unique taglist code: 223
2023-12-25 17:36:23,707 -     || seen taglist code: 222
2023-12-25 17:36:23,707 -     || MOST used trncode: 2818
2023-12-25 17:36:23,852 -     || saved model
2023-12-25 17:36:23,854 - 
2023-12-25 17:36:23,855 - #epc: 3
2023-12-25 17:36:24,311 - epc:3, epc_KL:  0.000000
2023-12-25 17:42:20,548 - exact_match_tst_copy_acc: 0.982
2023-12-25 17:42:20,549 - exact_match_tst_reinflection_wlemma: 0.001
2023-12-25 17:42:20,550 - exact_match_tst_reinflection_wlemma_TAGFINDER1: 0.001
2023-12-25 17:42:20,550 - exact_match_tst_reinflection_wlemma_TAGFINDER1_or_2: 0.001
2023-12-25 17:42:20,766 - TRN || epcloss: 0.0024
2023-12-25 17:42:20,767 -     || Q: 0.0046
2023-12-25 17:42:20,768 -     || KL: 6.9633
2023-12-25 17:42:20,768 -     || token_match: 0.000, exact_match: 0.000
2023-12-25 17:42:20,769 -     || unique taglist code: 1310
2023-12-25 17:42:20,770 - DEV || epcloss: 0.0049
2023-12-25 17:42:20,770 -     || Q: 0.0033
2023-12-25 17:42:20,771 -     || KL: 14.9003
2023-12-25 17:42:20,771 -     || token_match: 0.000, exact_match: 0.000
2023-12-25 17:42:20,772 -     || unique taglist code: 207
2023-12-25 17:42:20,773 -     || seen taglist code: 207
2023-12-25 17:42:20,847 -     || saved model
2023-12-25 17:42:20,849 - 
2023-12-25 17:42:20,850 - #epc: 4
2023-12-25 17:42:21,315 - epc:4, epc_KL:  0.000000
2023-12-25 17:48:17,731 - exact_match_tst_copy_acc: 0.999
2023-12-25 17:48:17,732 - exact_match_tst_reinflection_wlemma: 0.001
2023-12-25 17:48:17,732 - exact_match_tst_reinflection_wlemma_TAGFINDER1: 0.001
2023-12-25 17:48:17,733 - exact_match_tst_reinflection_wlemma_TAGFINDER1_or_2: 0.001
2023-12-25 17:48:17,914 - TRN || epcloss: 0.0026
2023-12-25 17:48:17,915 -     || Q: 0.0041
2023-12-25 17:48:17,915 -     || KL: 6.8050
2023-12-25 17:48:17,916 -     || token_match: 0.000, exact_match: 0.000
2023-12-25 17:48:17,917 -     || unique taglist code: 1391
2023-12-25 17:48:17,917 - DEV || epcloss: 0.0003
2023-12-25 17:48:17,918 -     || Q: 0.0019
2023-12-25 17:48:17,919 -     || KL: 15.0173
2023-12-25 17:48:17,920 -     || token_match: 0.000, exact_match: 0.000
2023-12-25 17:48:17,921 -     || unique taglist code: 177
2023-12-25 17:48:17,921 -     || seen taglist code: 176
2023-12-25 17:48:18,113 -     || saved model
2023-12-25 17:48:18,115 - 
2023-12-25 17:48:18,116 - #epc: 5
2023-12-25 17:48:18,598 - epc:5, epc_KL:  0.100000
2023-12-25 17:54:23,622 - exact_match_tst_copy_acc: 0.999
2023-12-25 17:54:23,623 - exact_match_tst_reinflection_wlemma: 0.005
2023-12-25 17:54:23,624 - exact_match_tst_reinflection_wlemma_TAGFINDER1: 0.004
2023-12-25 17:54:23,624 - exact_match_tst_reinflection_wlemma_TAGFINDER1_or_2: 0.006
2023-12-25 17:54:24,059 - TRN || epcloss: 0.0233
2023-12-25 17:54:24,059 -     || Q: 0.0362
2023-12-25 17:54:24,060 -     || KL: 0.8446
2023-12-25 17:54:24,061 -     || token_match: 0.000, exact_match: 0.000
2023-12-25 17:54:24,061 -     || unique taglist code: 2791
2023-12-25 17:54:24,062 - DEV || epcloss: 0.0005
2023-12-25 17:54:24,063 -     || Q: 0.0439
2023-12-25 17:54:24,063 -     || KL: 1.4728
2023-12-25 17:54:24,064 -     || token_match: 0.000, exact_match: 0.000
2023-12-25 17:54:24,065 -     || unique taglist code: 616
2023-12-25 17:54:24,066 -     || seen taglist code: 613
2023-12-25 17:54:24,067 -     || MOST used devcode: 616
2023-12-25 17:54:24,152 -     || saved model
2023-12-25 17:54:24,154 - 
2023-12-25 17:54:24,155 - #epc: 6
2023-12-25 17:54:24,654 - epc:6, epc_KL:  0.200000
2023-12-25 18:00:28,790 - exact_match_tst_copy_acc: 0.990
2023-12-25 18:00:28,792 - exact_match_tst_reinflection_wlemma: 0.022
2023-12-25 18:00:28,792 - exact_match_tst_reinflection_wlemma_TAGFINDER1: 0.017
2023-12-25 18:00:28,793 - exact_match_tst_reinflection_wlemma_TAGFINDER1_or_2: 0.025
2023-12-25 18:00:29,178 - TRN || epcloss: 0.0273
2023-12-25 18:00:29,179 -     || Q: 0.0885
2023-12-25 18:00:29,180 -     || KL: 0.4818
2023-12-25 18:00:29,181 -     || token_match: 0.000, exact_match: 0.000
2023-12-25 18:00:29,181 -     || unique taglist code: 3187
2023-12-25 18:00:29,182 - DEV || epcloss: 0.0021
2023-12-25 18:00:29,183 -     || Q: 0.0829
2023-12-25 18:00:29,183 -     || KL: 0.8489
2023-12-25 18:00:29,184 -     || token_match: 0.000, exact_match: 0.000
2023-12-25 18:00:29,185 -     || unique taglist code: 817
2023-12-25 18:00:29,186 -     || seen taglist code: 815
2023-12-25 18:00:29,186 -     || MOST used trncode: 3187
2023-12-25 18:00:29,187 -     || MOST used devcode: 817
2023-12-25 18:00:29,328 -     || saved model
2023-12-25 18:00:29,330 - 
2023-12-25 18:00:29,331 - #epc: 7
2023-12-25 18:00:29,816 - epc:7, epc_KL:  0.300000
2023-12-25 18:06:36,152 - exact_match_tst_copy_acc: 0.988
2023-12-25 18:06:36,153 - exact_match_tst_reinflection_wlemma: 0.050
2023-12-25 18:06:36,153 - exact_match_tst_reinflection_wlemma_TAGFINDER1: 0.033
2023-12-25 18:06:36,154 - exact_match_tst_reinflection_wlemma_TAGFINDER1_or_2: 0.048
2023-12-25 18:06:36,532 - TRN || epcloss: 0.0268
2023-12-25 18:06:36,532 -     || Q: 0.1182
2023-12-25 18:06:36,533 -     || KL: 0.3289
2023-12-25 18:06:36,534 -     || token_match: 0.000, exact_match: 0.000
2023-12-25 18:06:36,534 -     || unique taglist code: 3519
2023-12-25 18:06:36,535 - DEV || epcloss: 0.0020
2023-12-25 18:06:36,536 -     || Q: 0.1268
2023-12-25 18:06:36,536 -     || KL: 0.6981
2023-12-25 18:06:36,537 -     || token_match: 0.000, exact_match: 0.000
2023-12-25 18:06:36,537 -     || unique taglist code: 964
2023-12-25 18:06:36,538 -     || seen taglist code: 959
2023-12-25 18:06:36,539 -     || MOST used trncode: 3519
2023-12-25 18:06:36,540 -     || MOST used devcode: 964
2023-12-25 18:06:36,648 -     || saved model
2023-12-25 18:06:36,650 - 
2023-12-25 18:06:36,651 - #epc: 8
2023-12-25 18:06:37,123 - epc:8, epc_KL:  0.400000
2023-12-25 18:12:40,102 - exact_match_tst_copy_acc: 0.993
2023-12-25 18:12:40,103 - exact_match_tst_reinflection_wlemma: 0.056
2023-12-25 18:12:40,103 - exact_match_tst_reinflection_wlemma_TAGFINDER1: 0.036
2023-12-25 18:12:40,104 - exact_match_tst_reinflection_wlemma_TAGFINDER1_or_2: 0.053
2023-12-25 18:12:40,493 - TRN || epcloss: 0.0281
2023-12-25 18:12:40,494 -     || Q: 0.1440
2023-12-25 18:12:40,495 -     || KL: 0.2664
2023-12-25 18:12:40,495 -     || token_match: 0.000, exact_match: 0.000
2023-12-25 18:12:40,496 -     || unique taglist code: 3557
2023-12-25 18:12:40,497 - DEV || epcloss: 0.0014
2023-12-25 18:12:40,497 -     || Q: 0.1307
2023-12-25 18:12:40,498 -     || KL: 0.5283
2023-12-25 18:12:40,499 -     || token_match: 0.000, exact_match: 0.000
2023-12-25 18:12:40,499 -     || unique taglist code: 986
2023-12-25 18:12:40,500 -     || seen taglist code: 986
2023-12-25 18:12:40,501 -     || MOST used trncode: 3557
2023-12-25 18:12:40,502 -     || MOST used devcode: 986
2023-12-25 18:12:40,580 -     || saved model
2023-12-25 18:12:40,582 - 
2023-12-25 18:12:40,583 - #epc: 9
2023-12-25 18:12:41,066 - epc:9, epc_KL:  0.500000
2023-12-25 18:18:45,696 - exact_match_tst_copy_acc: 0.992
2023-12-25 18:18:45,697 - exact_match_tst_reinflection_wlemma: 0.076
2023-12-25 18:18:45,697 - exact_match_tst_reinflection_wlemma_TAGFINDER1: 0.043
2023-12-25 18:18:45,698 - exact_match_tst_reinflection_wlemma_TAGFINDER1_or_2: 0.070
2023-12-25 18:18:46,128 - TRN || epcloss: 0.0309
2023-12-25 18:18:46,129 -     || Q: 0.1717
2023-12-25 18:18:46,129 -     || KL: 0.2278
2023-12-25 18:18:46,130 -     || token_match: 0.000, exact_match: 0.000
2023-12-25 18:18:46,131 -     || unique taglist code: 3427
2023-12-25 18:18:46,131 - DEV || epcloss: 0.0025
2023-12-25 18:18:46,132 -     || Q: 0.1767
2023-12-25 18:18:46,133 -     || KL: 0.4600
2023-12-25 18:18:46,133 -     || token_match: 0.000, exact_match: 0.000
2023-12-25 18:18:46,134 -     || unique taglist code: 985
2023-12-25 18:18:46,135 -     || seen taglist code: 985
2023-12-25 18:18:46,325 -     || saved model
2023-12-25 18:18:46,327 - 
2023-12-25 18:18:46,328 - #epc: 10
2023-12-25 18:18:46,820 - epc:10, epc_KL:  0.600000
2023-12-25 18:24:51,733 - exact_match_tst_copy_acc: 0.987
2023-12-25 18:24:51,734 - exact_match_tst_reinflection_wlemma: 0.110
2023-12-25 18:24:51,735 - exact_match_tst_reinflection_wlemma_TAGFINDER1: 0.059
2023-12-25 18:24:51,736 - exact_match_tst_reinflection_wlemma_TAGFINDER1_or_2: 0.095
2023-12-25 18:24:52,133 - TRN || epcloss: 0.0337
2023-12-25 18:24:52,134 -     || Q: 0.2141
2023-12-25 18:24:52,135 -     || KL: 0.2002
2023-12-25 18:24:52,135 -     || token_match: 0.000, exact_match: 0.000
2023-12-25 18:24:52,136 -     || unique taglist code: 3406
2023-12-25 18:24:52,137 - DEV || epcloss: 0.0029
2023-12-25 18:24:52,137 -     || Q: 0.2129
2023-12-25 18:24:52,138 -     || KL: 0.4203
2023-12-25 18:24:52,139 -     || token_match: 0.000, exact_match: 0.000
2023-12-25 18:24:52,139 -     || unique taglist code: 996
2023-12-25 18:24:52,140 -     || seen taglist code: 996
2023-12-25 18:24:52,141 -     || MOST used devcode: 996
2023-12-25 18:24:52,251 -     || saved model
2023-12-25 18:24:52,253 - 
2023-12-25 18:24:52,253 - #epc: 11
2023-12-25 18:24:52,756 - epc:11, epc_KL:  0.700000
2023-12-25 18:31:01,434 - exact_match_tst_copy_acc: 0.983
2023-12-25 18:31:01,435 - exact_match_tst_reinflection_wlemma: 0.130
2023-12-25 18:31:01,436 - exact_match_tst_reinflection_wlemma_TAGFINDER1: 0.073
2023-12-25 18:31:01,437 - exact_match_tst_reinflection_wlemma_TAGFINDER1_or_2: 0.116
2023-12-25 18:31:01,833 - TRN || epcloss: 0.0377
2023-12-25 18:31:01,833 -     || Q: 0.2676
2023-12-25 18:31:01,834 -     || KL: 0.1812
2023-12-25 18:31:01,835 -     || token_match: 0.000, exact_match: 0.000
2023-12-25 18:31:01,835 -     || unique taglist code: 3426
2023-12-25 18:31:01,836 - DEV || epcloss: 0.0041
2023-12-25 18:31:01,837 -     || Q: 0.2935
2023-12-25 18:31:01,837 -     || KL: 0.3899
2023-12-25 18:31:01,838 -     || token_match: 0.000, exact_match: 0.000
2023-12-25 18:31:01,839 -     || unique taglist code: 1010
2023-12-25 18:31:01,840 -     || seen taglist code: 1009
2023-12-25 18:31:01,840 -     || MOST used devcode: 1010
2023-12-25 18:31:01,939 -     || saved model
2023-12-25 18:31:01,941 - 
2023-12-25 18:31:01,941 - #epc: 12
2023-12-25 18:31:02,425 - epc:12, epc_KL:  0.800000
2023-12-25 18:37:08,821 - exact_match_tst_copy_acc: 0.964
2023-12-25 18:37:08,822 - exact_match_tst_reinflection_wlemma: 0.193
2023-12-25 18:37:08,822 - exact_match_tst_reinflection_wlemma_TAGFINDER1: 0.099
2023-12-25 18:37:08,823 - exact_match_tst_reinflection_wlemma_TAGFINDER1_or_2: 0.160
2023-12-25 18:37:09,244 - TRN || epcloss: 0.0438
2023-12-25 18:37:09,245 -     || Q: 0.3457
2023-12-25 18:37:09,246 -     || KL: 0.1673
2023-12-25 18:37:09,247 -     || token_match: 0.000, exact_match: 0.000
2023-12-25 18:37:09,247 -     || unique taglist code: 3435
2023-12-25 18:37:09,248 - DEV || epcloss: 0.0086
2023-12-25 18:37:09,249 -     || Q: 0.3985
2023-12-25 18:37:09,250 -     || KL: 0.3509
2023-12-25 18:37:09,250 -     || token_match: 0.000, exact_match: 0.000
2023-12-25 18:37:09,251 -     || unique taglist code: 1031
2023-12-25 18:37:09,252 -     || seen taglist code: 1029
2023-12-25 18:37:09,253 -     || MOST used devcode: 1031
2023-12-25 18:37:09,344 -     || saved model
2023-12-25 18:37:09,346 - 
2023-12-25 18:37:09,347 - #epc: 13
2023-12-25 18:37:09,842 - epc:13, epc_KL:  0.900000
2023-12-25 18:43:19,102 - exact_match_tst_copy_acc: 0.961
2023-12-25 18:43:19,103 - exact_match_tst_reinflection_wlemma: 0.232
2023-12-25 18:43:19,104 - exact_match_tst_reinflection_wlemma_TAGFINDER1: 0.121
2023-12-25 18:43:19,105 - exact_match_tst_reinflection_wlemma_TAGFINDER1_or_2: 0.196
2023-12-25 18:43:19,545 - TRN || epcloss: 0.0476
2023-12-25 18:43:19,546 -     || Q: 0.4071
2023-12-25 18:43:19,547 -     || KL: 0.1535
2023-12-25 18:43:19,548 -     || token_match: 0.000, exact_match: 0.000
2023-12-25 18:43:19,549 -     || unique taglist code: 3371
2023-12-25 18:43:19,549 - DEV || epcloss: 0.0086
2023-12-25 18:43:19,550 -     || Q: 0.4366
2023-12-25 18:43:19,551 -     || KL: 0.3158
2023-12-25 18:43:19,551 -     || token_match: 0.000, exact_match: 0.000
2023-12-25 18:43:19,552 -     || unique taglist code: 1031
2023-12-25 18:43:19,553 -     || seen taglist code: 1030
2023-12-25 18:43:19,694 -     || saved model
2023-12-25 18:43:19,696 - 
2023-12-25 18:43:19,697 - #epc: 14
2023-12-25 18:43:20,175 - epc:14, epc_KL:  1.000000
2023-12-25 18:49:28,367 - exact_match_tst_copy_acc: 0.959
2023-12-25 18:49:28,368 - exact_match_tst_reinflection_wlemma: 0.260
2023-12-25 18:49:28,368 - exact_match_tst_reinflection_wlemma_TAGFINDER1: 0.133
2023-12-25 18:49:28,369 - exact_match_tst_reinflection_wlemma_TAGFINDER1_or_2: 0.216
2023-12-25 18:49:28,782 - TRN || epcloss: 0.0512
2023-12-25 18:49:28,783 -     || Q: 0.4733
2023-12-25 18:49:28,784 -     || KL: 0.1411
2023-12-25 18:49:28,785 -     || token_match: 0.000, exact_match: 0.000
2023-12-25 18:49:28,786 -     || unique taglist code: 3370
2023-12-25 18:49:28,786 - DEV || epcloss: 0.0089
2023-12-25 18:49:28,787 -     || Q: 0.4927
2023-12-25 18:49:28,788 -     || KL: 0.2965
2023-12-25 18:49:28,788 -     || token_match: 0.000, exact_match: 0.000
2023-12-25 18:49:28,789 -     || unique taglist code: 1035
2023-12-25 18:49:28,790 -     || seen taglist code: 1034
2023-12-25 18:49:28,791 -     || MOST used devcode: 1035
2023-12-25 18:49:28,932 -     || saved model
2023-12-25 18:49:28,934 - 
2023-12-25 18:49:28,934 - #epc: 15
2023-12-25 18:49:29,445 - epc:15, epc_KL:  1.000000
2023-12-25 18:55:40,538 - exact_match_tst_copy_acc: 0.958
2023-12-25 18:55:40,539 - exact_match_tst_reinflection_wlemma: 0.260
2023-12-25 18:55:40,540 - exact_match_tst_reinflection_wlemma_TAGFINDER1: 0.140
2023-12-25 18:55:40,540 - exact_match_tst_reinflection_wlemma_TAGFINDER1_or_2: 0.217
2023-12-25 18:55:40,963 - TRN || epcloss: 0.0501
2023-12-25 18:55:40,964 -     || Q: 0.4738
2023-12-25 18:55:40,964 -     || KL: 0.1379
2023-12-25 18:55:40,965 -     || token_match: 0.000, exact_match: 0.000
2023-12-25 18:55:40,966 -     || unique taglist code: 3368
2023-12-25 18:55:40,966 - DEV || epcloss: 0.0100
2023-12-25 18:55:40,967 -     || Q: 0.5036
2023-12-25 18:55:40,968 -     || KL: 0.2843
2023-12-25 18:55:40,969 -     || token_match: 0.000, exact_match: 0.000
2023-12-25 18:55:40,969 -     || unique taglist code: 1033
2023-12-25 18:55:40,970 -     || seen taglist code: 1033
2023-12-25 18:55:41,129 -     || saved model
2023-12-25 18:55:41,131 - 
2023-12-25 18:55:41,132 - #epc: 16
2023-12-25 18:55:41,641 - epc:16, epc_KL:  1.000000
2023-12-25 19:01:54,225 - exact_match_tst_copy_acc: 0.962
2023-12-25 19:01:54,226 - exact_match_tst_reinflection_wlemma: 0.259
2023-12-25 19:01:54,227 - exact_match_tst_reinflection_wlemma_TAGFINDER1: 0.141
2023-12-25 19:01:54,227 - exact_match_tst_reinflection_wlemma_TAGFINDER1_or_2: 0.221
2023-12-25 19:01:54,648 - TRN || epcloss: 0.0496
2023-12-25 19:01:54,649 -     || Q: 0.4770
2023-12-25 19:01:54,650 -     || KL: 0.1356
2023-12-25 19:01:54,651 -     || token_match: 0.000, exact_match: 0.000
2023-12-25 19:01:54,651 -     || unique taglist code: 3410
2023-12-25 19:01:54,652 - DEV || epcloss: 0.0085
2023-12-25 19:01:54,653 -     || Q: 0.5008
2023-12-25 19:01:54,654 -     || KL: 0.2949
2023-12-25 19:01:54,654 -     || token_match: 0.000, exact_match: 0.000
2023-12-25 19:01:54,655 -     || unique taglist code: 1026
2023-12-25 19:01:54,656 -     || seen taglist code: 1026
2023-12-25 19:01:54,806 -     || saved model
2023-12-25 19:01:54,808 - 
2023-12-25 19:01:54,809 - #epc: 17
2023-12-25 19:01:55,315 - epc:17, epc_KL:  1.000000
2023-12-25 19:08:06,926 - exact_match_tst_copy_acc: 0.972
2023-12-25 19:08:06,927 - exact_match_tst_reinflection_wlemma: 0.231
2023-12-25 19:08:06,928 - exact_match_tst_reinflection_wlemma_TAGFINDER1: 0.118
2023-12-25 19:08:06,928 - exact_match_tst_reinflection_wlemma_TAGFINDER1_or_2: 0.185
2023-12-25 19:08:07,312 - TRN || epcloss: 0.0485
2023-12-25 19:08:07,313 -     || Q: 0.4864
2023-12-25 19:08:07,314 -     || KL: 0.1342
2023-12-25 19:08:07,315 -     || token_match: 0.000, exact_match: 0.000
2023-12-25 19:08:07,315 -     || unique taglist code: 3398
2023-12-25 19:08:07,316 - DEV || epcloss: 0.0067
2023-12-25 19:08:07,317 -     || Q: 0.4844
2023-12-25 19:08:07,318 -     || KL: 0.2840
2023-12-25 19:08:07,319 -     || token_match: 0.000, exact_match: 0.000
2023-12-25 19:08:07,319 -     || unique taglist code: 1028
2023-12-25 19:08:07,321 -     || seen taglist code: 1026
2023-12-25 19:08:07,476 -     || saved model
2023-12-25 19:08:07,478 - 
2023-12-25 19:08:07,479 - #epc: 18
2023-12-25 19:08:08,008 - epc:18, epc_KL:  1.000000
2023-12-25 19:14:18,085 - exact_match_tst_copy_acc: 0.955
2023-12-25 19:14:18,086 - exact_match_tst_reinflection_wlemma: 0.229
2023-12-25 19:14:18,087 - exact_match_tst_reinflection_wlemma_TAGFINDER1: 0.120
2023-12-25 19:14:18,087 - exact_match_tst_reinflection_wlemma_TAGFINDER1_or_2: 0.185
2023-12-25 19:14:18,483 - TRN || epcloss: 0.0478
2023-12-25 19:14:18,484 -     || Q: 0.4840
2023-12-25 19:14:18,485 -     || KL: 0.1334
2023-12-25 19:14:18,486 -     || token_match: 0.000, exact_match: 0.000
2023-12-25 19:14:18,486 -     || unique taglist code: 3418
2023-12-25 19:14:18,487 - DEV || epcloss: 0.0112
2023-12-25 19:14:18,488 -     || Q: 0.5030
2023-12-25 19:14:18,489 -     || KL: 0.2900
2023-12-25 19:14:18,489 -     || token_match: 0.000, exact_match: 0.000
2023-12-25 19:14:18,490 -     || unique taglist code: 1053
2023-12-25 19:14:18,491 -     || seen taglist code: 1053
2023-12-25 19:14:18,492 -     || MOST used devcode: 1053
2023-12-25 19:14:18,598 -     || saved model
2023-12-25 19:14:18,600 - 
2023-12-25 19:14:18,601 - #epc: 19
2023-12-25 19:14:19,089 - epc:19, epc_KL:  1.000000
2023-12-25 19:20:31,171 - exact_match_tst_copy_acc: 0.950
2023-12-25 19:20:31,172 - exact_match_tst_reinflection_wlemma: 0.234
2023-12-25 19:20:31,173 - exact_match_tst_reinflection_wlemma_TAGFINDER1: 0.122
2023-12-25 19:20:31,174 - exact_match_tst_reinflection_wlemma_TAGFINDER1_or_2: 0.192
2023-12-25 19:20:31,609 - TRN || epcloss: 0.0488
2023-12-25 19:20:31,610 -     || Q: 0.4769
2023-12-25 19:20:31,611 -     || KL: 0.1335
2023-12-25 19:20:31,612 -     || token_match: 0.000, exact_match: 0.000
2023-12-25 19:20:31,613 -     || unique taglist code: 3456
2023-12-25 19:20:31,614 - DEV || epcloss: 0.0130
2023-12-25 19:20:31,614 -     || Q: 0.5081
2023-12-25 19:20:31,615 -     || KL: 0.3013
2023-12-25 19:20:31,616 -     || token_match: 0.000, exact_match: 0.000
2023-12-25 19:20:31,616 -     || unique taglist code: 1032
2023-12-25 19:20:31,617 -     || seen taglist code: 1030
2023-12-25 19:20:31,773 -     || saved model
2023-12-25 19:20:31,775 - 
2023-12-25 19:20:31,776 - #epc: 20
2023-12-25 19:20:32,282 - epc:20, epc_KL:  1.000000
2023-12-25 19:26:42,359 - exact_match_tst_copy_acc: 0.930
2023-12-25 19:26:42,360 - exact_match_tst_reinflection_wlemma: 0.239
2023-12-25 19:26:42,360 - exact_match_tst_reinflection_wlemma_TAGFINDER1: 0.128
2023-12-25 19:26:42,361 - exact_match_tst_reinflection_wlemma_TAGFINDER1_or_2: 0.197
2023-12-25 19:26:42,740 - TRN || epcloss: 0.0487
2023-12-25 19:26:42,741 -     || Q: 0.4826
2023-12-25 19:26:42,742 -     || KL: 0.1330
2023-12-25 19:26:42,743 -     || token_match: 0.000, exact_match: 0.000
2023-12-25 19:26:42,744 -     || unique taglist code: 3437
2023-12-25 19:26:42,745 - DEV || epcloss: 0.0159
2023-12-25 19:26:42,745 -     || Q: 0.4903
2023-12-25 19:26:42,746 -     || KL: 0.2851
2023-12-25 19:26:42,747 -     || token_match: 0.000, exact_match: 0.000
2023-12-25 19:26:42,748 -     || unique taglist code: 1033
2023-12-25 19:26:42,749 -     || seen taglist code: 1033
2023-12-25 19:26:42,884 -     || saved model
2023-12-25 19:26:42,886 - 
2023-12-25 19:26:42,887 - #epc: 21
2023-12-25 19:26:43,387 - epc:21, epc_KL:  1.000000
2023-12-25 19:32:54,843 - exact_match_tst_copy_acc: 0.954
2023-12-25 19:32:54,844 - exact_match_tst_reinflection_wlemma: 0.239
2023-12-25 19:32:54,845 - exact_match_tst_reinflection_wlemma_TAGFINDER1: 0.129
2023-12-25 19:32:54,846 - exact_match_tst_reinflection_wlemma_TAGFINDER1_or_2: 0.198
2023-12-25 19:32:55,248 - TRN || epcloss: 0.0506
2023-12-25 19:32:55,249 -     || Q: 0.5000
2023-12-25 19:32:55,249 -     || KL: 0.1337
2023-12-25 19:32:55,250 -     || token_match: 0.000, exact_match: 0.000
2023-12-25 19:32:55,251 -     || unique taglist code: 3480
2023-12-25 19:32:55,251 - DEV || epcloss: 0.0105
2023-12-25 19:32:55,252 -     || Q: 0.5193
2023-12-25 19:32:55,253 -     || KL: 0.2969
2023-12-25 19:32:55,254 -     || token_match: 0.000, exact_match: 0.000
2023-12-25 19:32:55,254 -     || unique taglist code: 1042
2023-12-25 19:32:55,255 -     || seen taglist code: 1042
2023-12-25 19:32:55,361 -     || saved model
2023-12-25 19:32:55,363 - 
2023-12-25 19:32:55,364 - #epc: 22
2023-12-25 19:32:55,908 - epc:22, epc_KL:  1.000000
2023-12-25 19:39:01,870 - exact_match_tst_copy_acc: 0.914
2023-12-25 19:39:01,871 - exact_match_tst_reinflection_wlemma: 0.228
2023-12-25 19:39:01,871 - exact_match_tst_reinflection_wlemma_TAGFINDER1: 0.122
2023-12-25 19:39:01,872 - exact_match_tst_reinflection_wlemma_TAGFINDER1_or_2: 0.185
2023-12-25 19:39:02,276 - TRN || epcloss: 0.0500
2023-12-25 19:39:02,277 -     || Q: 0.4897
2023-12-25 19:39:02,277 -     || KL: 0.1332
2023-12-25 19:39:02,278 -     || token_match: 0.000, exact_match: 0.000
2023-12-25 19:39:02,279 -     || unique taglist code: 3526
2023-12-25 19:39:02,279 - DEV || epcloss: 0.0205
2023-12-25 19:39:02,280 -     || Q: 0.5098
2023-12-25 19:39:02,280 -     || KL: 0.2831
2023-12-25 19:39:02,281 -     || token_match: 0.000, exact_match: 0.000
2023-12-25 19:39:02,282 -     || unique taglist code: 1045
2023-12-25 19:39:02,283 -     || seen taglist code: 1045
2023-12-25 19:39:02,411 -     || saved model
2023-12-25 19:39:02,413 - 
2023-12-25 19:39:02,414 - #epc: 23
2023-12-25 19:39:02,924 - epc:23, epc_KL:  1.000000
2023-12-25 19:45:40,931 - exact_match_tst_copy_acc: 0.017
2023-12-25 19:45:40,933 - exact_match_tst_reinflection_wlemma: 0.005
2023-12-25 19:45:40,934 - exact_match_tst_reinflection_wlemma_TAGFINDER1: 0.001
2023-12-25 19:45:40,935 - exact_match_tst_reinflection_wlemma_TAGFINDER1_or_2: 0.003
2023-12-25 19:45:41,326 - TRN || epcloss: 0.4299
2023-12-25 19:45:41,326 -     || Q: 0.8372
2023-12-25 19:45:41,327 -     || KL: 0.2726
2023-12-25 19:45:41,328 -     || token_match: 0.000, exact_match: 0.000
2023-12-25 19:45:41,329 -     || unique taglist code: 3847
2023-12-25 19:45:41,329 - DEV || epcloss: 2.0734
2023-12-25 19:45:41,330 -     || Q: 2.4487
2023-12-25 19:45:41,331 -     || KL: 3.3541
2023-12-25 19:45:41,332 -     || token_match: 0.000, exact_match: 0.000
2023-12-25 19:45:41,332 -     || unique taglist code: 394
2023-12-25 19:45:41,333 -     || seen taglist code: 388
2023-12-25 19:45:41,334 -     || MOST used trncode: 3847
2023-12-25 19:45:41,481 -     || saved model
2023-12-25 19:45:41,483 - 
2023-12-25 19:45:41,484 - #epc: 24
2023-12-25 19:45:42,027 - epc:24, epc_KL:  1.000000
2023-12-25 19:51:48,499 - exact_match_tst_copy_acc: 0.089
2023-12-25 19:51:48,500 - exact_match_tst_reinflection_wlemma: 0.008
2023-12-25 19:51:48,501 - exact_match_tst_reinflection_wlemma_TAGFINDER1: 0.003
2023-12-25 19:51:48,502 - exact_match_tst_reinflection_wlemma_TAGFINDER1_or_2: 0.006
2023-12-25 19:51:48,842 - TRN || epcloss: 1.0434
2023-12-25 19:51:48,843 -     || Q: 1.2750
2023-12-25 19:51:48,844 -     || KL: 0.3517
2023-12-25 19:51:48,845 -     || token_match: 0.000, exact_match: 0.000
2023-12-25 19:51:48,845 -     || unique taglist code: 2724
2023-12-25 19:51:48,846 - DEV || epcloss: 0.2792
2023-12-25 19:51:48,847 -     || Q: 0.9141
2023-12-25 19:51:48,847 -     || KL: 0.4619
2023-12-25 19:51:48,848 -     || token_match: 0.000, exact_match: 0.000
2023-12-25 19:51:48,849 -     || unique taglist code: 275
2023-12-25 19:51:48,850 -     || seen taglist code: 274
2023-12-25 19:51:48,967 -     || saved model
2023-12-25 19:51:48,969 - 
2023-12-25 19:51:48,970 - #epc: 25
2023-12-25 19:51:49,517 - epc:25, epc_KL:  1.000000
2023-12-25 19:57:58,208 - exact_match_tst_copy_acc: 0.678
2023-12-25 19:57:58,209 - exact_match_tst_reinflection_wlemma: 0.033
2023-12-25 19:57:58,211 - exact_match_tst_reinflection_wlemma_TAGFINDER1: 0.017
2023-12-25 19:57:58,211 - exact_match_tst_reinflection_wlemma_TAGFINDER1_or_2: 0.028
2023-12-25 19:57:58,523 - TRN || epcloss: 0.3167
2023-12-25 19:57:58,524 -     || Q: 0.9632
2023-12-25 19:57:58,525 -     || KL: 0.1909
2023-12-25 19:57:58,525 -     || token_match: 0.000, exact_match: 0.000
2023-12-25 19:57:58,526 -     || unique taglist code: 1701
2023-12-25 19:57:58,527 - DEV || epcloss: 0.0717
2023-12-25 19:57:58,527 -     || Q: 0.9031
2023-12-25 19:57:58,528 -     || KL: 0.4969
2023-12-25 19:57:58,529 -     || token_match: 0.000, exact_match: 0.000
2023-12-25 19:57:58,530 -     || unique taglist code: 579
2023-12-25 19:57:58,530 -     || seen taglist code: 577
2023-12-25 19:57:58,682 -     || saved model
2023-12-25 19:57:58,684 - 
2023-12-25 19:57:58,685 - #epc: 26
2023-12-25 19:57:59,235 - epc:26, epc_KL:  1.000000
2023-12-25 20:04:07,978 - exact_match_tst_copy_acc: 0.950
2023-12-25 20:04:07,978 - exact_match_tst_reinflection_wlemma: 0.046
2023-12-25 20:04:07,979 - exact_match_tst_reinflection_wlemma_TAGFINDER1: 0.021
2023-12-25 20:04:07,980 - exact_match_tst_reinflection_wlemma_TAGFINDER1_or_2: 0.036
2023-12-25 20:04:08,339 - TRN || epcloss: 0.0871
2023-12-25 20:04:08,340 -     || Q: 0.6103
2023-12-25 20:04:08,341 -     || KL: 0.1740
2023-12-25 20:04:08,341 -     || token_match: 0.000, exact_match: 0.000
2023-12-25 20:04:08,342 -     || unique taglist code: 1529
2023-12-25 20:04:08,343 - DEV || epcloss: 0.0136
2023-12-25 20:04:08,344 -     || Q: 0.5016
2023-12-25 20:04:08,344 -     || KL: 0.3512
2023-12-25 20:04:08,345 -     || token_match: 0.000, exact_match: 0.000
2023-12-25 20:04:08,346 -     || unique taglist code: 584
2023-12-25 20:04:08,346 -     || seen taglist code: 583
2023-12-25 20:04:08,511 -     || saved model
2023-12-25 20:04:08,513 - 
2023-12-25 20:04:08,514 - #epc: 27
2023-12-25 20:04:09,062 - epc:27, epc_KL:  1.000000
2023-12-25 20:10:15,873 - exact_match_tst_copy_acc: 0.936
2023-12-25 20:10:15,874 - exact_match_tst_reinflection_wlemma: 0.049
2023-12-25 20:10:15,875 - exact_match_tst_reinflection_wlemma_TAGFINDER1: 0.026
2023-12-25 20:10:15,875 - exact_match_tst_reinflection_wlemma_TAGFINDER1_or_2: 0.039
2023-12-25 20:10:16,182 - TRN || epcloss: 0.1503
2023-12-25 20:10:16,183 -     || Q: 0.5621
2023-12-25 20:10:16,184 -     || KL: 0.1756
2023-12-25 20:10:16,185 -     || token_match: 0.000, exact_match: 0.000
2023-12-25 20:10:16,186 -     || unique taglist code: 1933
2023-12-25 20:10:16,186 - DEV || epcloss: 0.0146
2023-12-25 20:10:16,187 -     || Q: 0.4764
2023-12-25 20:10:16,188 -     || KL: 0.3508
2023-12-25 20:10:16,189 -     || token_match: 0.000, exact_match: 0.000
2023-12-25 20:10:16,189 -     || unique taglist code: 735
2023-12-25 20:10:16,190 -     || seen taglist code: 735
2023-12-25 20:10:16,331 -     || saved model
2023-12-25 20:10:16,333 - 
2023-12-25 20:10:16,334 - #epc: 28
2023-12-25 20:10:16,878 - epc:28, epc_KL:  1.000000
2023-12-25 20:16:23,309 - exact_match_tst_copy_acc: 0.922
2023-12-25 20:16:23,310 - exact_match_tst_reinflection_wlemma: 0.049
2023-12-25 20:16:23,311 - exact_match_tst_reinflection_wlemma_TAGFINDER1: 0.025
2023-12-25 20:16:23,312 - exact_match_tst_reinflection_wlemma_TAGFINDER1_or_2: 0.036
2023-12-25 20:16:23,670 - TRN || epcloss: 0.0666
2023-12-25 20:16:23,671 -     || Q: 0.4930
2023-12-25 20:16:23,671 -     || KL: 0.1639
2023-12-25 20:16:23,672 -     || token_match: 0.000, exact_match: 0.000
2023-12-25 20:16:23,673 -     || unique taglist code: 1741
2023-12-25 20:16:23,673 - DEV || epcloss: 0.0162
2023-12-25 20:16:23,674 -     || Q: 0.5003
2023-12-25 20:16:23,675 -     || KL: 0.3552
2023-12-25 20:16:23,675 -     || token_match: 0.000, exact_match: 0.000
2023-12-25 20:16:23,676 -     || unique taglist code: 741
2023-12-25 20:16:23,677 -     || seen taglist code: 735
2023-12-25 20:16:23,796 -     || saved model
2023-12-25 20:16:23,798 - 
2023-12-25 20:16:23,799 - #epc: 29
2023-12-25 20:16:24,359 - epc:29, epc_KL:  1.000000
2023-12-25 20:22:32,290 - exact_match_tst_copy_acc: 0.919
2023-12-25 20:22:32,291 - exact_match_tst_reinflection_wlemma: 0.055
2023-12-25 20:22:32,292 - exact_match_tst_reinflection_wlemma_TAGFINDER1: 0.028
2023-12-25 20:22:32,293 - exact_match_tst_reinflection_wlemma_TAGFINDER1_or_2: 0.044
2023-12-25 20:22:32,674 - TRN || epcloss: 0.0700
2023-12-25 20:22:32,674 -     || Q: 0.5229
2023-12-25 20:22:32,675 -     || KL: 0.1651
2023-12-25 20:22:32,676 -     || token_match: 0.000, exact_match: 0.000
2023-12-25 20:22:32,677 -     || unique taglist code: 2224
2023-12-25 20:22:32,678 - DEV || epcloss: 0.0152
2023-12-25 20:22:32,679 -     || Q: 0.5201
2023-12-25 20:22:32,679 -     || KL: 0.3244
2023-12-25 20:22:32,680 -     || token_match: 0.000, exact_match: 0.000
2023-12-25 20:22:32,681 -     || unique taglist code: 745
2023-12-25 20:22:32,682 -     || seen taglist code: 745
2023-12-25 20:22:32,810 -     || saved model
2023-12-25 20:22:32,812 - 
2023-12-25 20:22:32,813 - #epc: 30
2023-12-25 20:22:33,366 - epc:30, epc_KL:  1.000000
2023-12-25 20:28:42,030 - exact_match_tst_copy_acc: 0.941
2023-12-25 20:28:42,030 - exact_match_tst_reinflection_wlemma: 0.055
2023-12-25 20:28:42,031 - exact_match_tst_reinflection_wlemma_TAGFINDER1: 0.025
2023-12-25 20:28:42,032 - exact_match_tst_reinflection_wlemma_TAGFINDER1_or_2: 0.042
2023-12-25 20:28:42,384 - TRN || epcloss: 0.0642
2023-12-25 20:28:42,385 -     || Q: 0.5068
2023-12-25 20:28:42,386 -     || KL: 0.1599
2023-12-25 20:28:42,387 -     || token_match: 0.000, exact_match: 0.000
2023-12-25 20:28:42,387 -     || unique taglist code: 2176
2023-12-25 20:28:42,388 - DEV || epcloss: 0.0128
2023-12-25 20:28:42,389 -     || Q: 0.5086
2023-12-25 20:28:42,389 -     || KL: 0.3240
2023-12-25 20:28:42,390 -     || token_match: 0.000, exact_match: 0.000
2023-12-25 20:28:42,391 -     || unique taglist code: 810
2023-12-25 20:28:42,392 -     || seen taglist code: 809
2023-12-25 20:28:42,519 -     || saved model
2023-12-25 20:28:42,521 - 
2023-12-25 20:28:42,521 - #epc: 31
2023-12-25 20:28:42,992 - epc:31, epc_KL:  1.000000
2023-12-25 20:34:52,967 - exact_match_tst_copy_acc: 0.935
2023-12-25 20:34:52,968 - exact_match_tst_reinflection_wlemma: 0.056
2023-12-25 20:34:52,969 - exact_match_tst_reinflection_wlemma_TAGFINDER1: 0.026
2023-12-25 20:34:52,969 - exact_match_tst_reinflection_wlemma_TAGFINDER1_or_2: 0.043
2023-12-25 20:34:53,351 - TRN || epcloss: 0.0763
2023-12-25 20:34:53,352 -     || Q: 0.5434
2023-12-25 20:34:53,352 -     || KL: 0.1647
2023-12-25 20:34:53,353 -     || token_match: 0.000, exact_match: 0.000
2023-12-25 20:34:53,354 -     || unique taglist code: 2246
2023-12-25 20:34:53,354 - DEV || epcloss: 0.0144
2023-12-25 20:34:53,355 -     || Q: 0.5051
2023-12-25 20:34:53,355 -     || KL: 0.3488
2023-12-25 20:34:53,356 -     || token_match: 0.000, exact_match: 0.000
2023-12-25 20:34:53,357 -     || unique taglist code: 831
2023-12-25 20:34:53,357 -     || seen taglist code: 831
2023-12-25 20:34:53,510 -     || saved model
2023-12-25 20:34:53,513 - 
2023-12-25 20:34:53,513 - #epc: 32
2023-12-25 20:34:54,022 - epc:32, epc_KL:  1.000000
2023-12-25 20:41:02,085 - exact_match_tst_copy_acc: 0.842
2023-12-25 20:41:02,086 - exact_match_tst_reinflection_wlemma: 0.051
2023-12-25 20:41:02,087 - exact_match_tst_reinflection_wlemma_TAGFINDER1: 0.024
2023-12-25 20:41:02,088 - exact_match_tst_reinflection_wlemma_TAGFINDER1_or_2: 0.043
2023-12-25 20:41:02,444 - TRN || epcloss: 0.0759
2023-12-25 20:41:02,445 -     || Q: 0.5562
2023-12-25 20:41:02,445 -     || KL: 0.1638
2023-12-25 20:41:02,446 -     || token_match: 0.000, exact_match: 0.000
2023-12-25 20:41:02,447 -     || unique taglist code: 2464
2023-12-25 20:41:02,448 - DEV || epcloss: 0.0308
2023-12-25 20:41:02,448 -     || Q: 0.5619
2023-12-25 20:41:02,449 -     || KL: 0.3723
2023-12-25 20:41:02,450 -     || token_match: 0.000, exact_match: 0.000
2023-12-25 20:41:02,450 -     || unique taglist code: 804
2023-12-25 20:41:02,451 -     || seen taglist code: 804
2023-12-25 20:41:02,549 -     || saved model
2023-12-25 20:41:02,551 - 
2023-12-25 20:41:02,551 - #epc: 33
2023-12-25 20:41:03,064 - epc:33, epc_KL:  1.000000
2023-12-25 20:47:10,976 - exact_match_tst_copy_acc: 0.947
2023-12-25 20:47:10,977 - exact_match_tst_reinflection_wlemma: 0.057
2023-12-25 20:47:10,977 - exact_match_tst_reinflection_wlemma_TAGFINDER1: 0.031
2023-12-25 20:47:10,978 - exact_match_tst_reinflection_wlemma_TAGFINDER1_or_2: 0.046
2023-12-25 20:47:11,304 - TRN || epcloss: 0.1041
2023-12-25 20:47:11,305 -     || Q: 0.5406
2023-12-25 20:47:11,306 -     || KL: 0.1671
2023-12-25 20:47:11,306 -     || token_match: 0.000, exact_match: 0.000
2023-12-25 20:47:11,307 -     || unique taglist code: 2213
2023-12-25 20:47:11,308 - DEV || epcloss: 0.0126
2023-12-25 20:47:11,308 -     || Q: 0.4858
2023-12-25 20:47:11,309 -     || KL: 0.3369
2023-12-25 20:47:11,310 -     || token_match: 0.000, exact_match: 0.000
2023-12-25 20:47:11,310 -     || unique taglist code: 818
2023-12-25 20:47:11,311 -     || seen taglist code: 818
2023-12-25 20:47:11,440 -     || saved model
2023-12-25 20:47:11,442 - 
2023-12-25 20:47:11,442 - #epc: 34
2023-12-25 20:47:11,956 - epc:34, epc_KL:  1.000000
2023-12-25 20:53:14,973 - exact_match_tst_copy_acc: 0.906
2023-12-25 20:53:14,974 - exact_match_tst_reinflection_wlemma: 0.059
2023-12-25 20:53:14,975 - exact_match_tst_reinflection_wlemma_TAGFINDER1: 0.027
2023-12-25 20:53:14,976 - exact_match_tst_reinflection_wlemma_TAGFINDER1_or_2: 0.045
2023-12-25 20:53:15,268 - TRN || epcloss: 0.0731
2023-12-25 20:53:15,269 -     || Q: 0.5523
2023-12-25 20:53:15,269 -     || KL: 0.1610
2023-12-25 20:53:15,270 -     || token_match: 0.000, exact_match: 0.000
2023-12-25 20:53:15,270 -     || unique taglist code: 2398
2023-12-25 20:53:15,271 - DEV || epcloss: 0.0205
2023-12-25 20:53:15,272 -     || Q: 0.5640
2023-12-25 20:53:15,272 -     || KL: 0.3588
2023-12-25 20:53:15,273 -     || token_match: 0.000, exact_match: 0.000
2023-12-25 20:53:15,274 -     || unique taglist code: 828
2023-12-25 20:53:15,275 -     || seen taglist code: 828
2023-12-25 20:53:15,380 -     || saved model
2023-12-25 20:53:15,382 - 
2023-12-25 20:53:15,383 - #epc: 35
2023-12-25 20:53:15,902 - epc:35, epc_KL:  1.000000
2023-12-25 21:00:43,618 - exact_match_tst_copy_acc: 0.001
2023-12-25 21:00:43,619 - exact_match_tst_reinflection_wlemma: 0.000
2023-12-25 21:00:43,619 - exact_match_tst_reinflection_wlemma_TAGFINDER1: 0.000
2023-12-25 21:00:43,620 - exact_match_tst_reinflection_wlemma_TAGFINDER1_or_2: 0.000
2023-12-25 21:00:43,905 - TRN || epcloss: 0.8252
2023-12-25 21:00:43,906 -     || Q: 1.2858
2023-12-25 21:00:43,907 -     || KL: 0.3196
2023-12-25 21:00:43,908 -     || token_match: 0.000, exact_match: 0.000
2023-12-25 21:00:43,908 -     || unique taglist code: 3013
2023-12-25 21:00:43,909 - DEV || epcloss: 3.0086
2023-12-25 21:00:43,909 -     || Q: 3.3690
2023-12-25 21:00:43,910 -     || KL: 1.7638
2023-12-25 21:00:43,911 -     || token_match: 0.000, exact_match: 0.000
2023-12-25 21:00:43,911 -     || unique taglist code: 89
2023-12-25 21:00:43,912 -     || seen taglist code: 85
2023-12-25 21:00:44,008 -     || saved model
2023-12-25 21:00:44,010 - 
2023-12-25 21:00:44,010 - #epc: 36
2023-12-25 21:00:44,548 - epc:36, epc_KL:  1.000000
2023-12-25 21:07:25,170 - exact_match_tst_copy_acc: 0.001
2023-12-25 21:07:25,171 - exact_match_tst_reinflection_wlemma: 0.001
2023-12-25 21:07:25,172 - exact_match_tst_reinflection_wlemma_TAGFINDER1: 0.000
2023-12-25 21:07:25,172 - exact_match_tst_reinflection_wlemma_TAGFINDER1_or_2: 0.000
2023-12-25 21:07:25,453 - TRN || epcloss: 2.6495
2023-12-25 21:07:25,454 -     || Q: 2.4880
2023-12-25 21:07:25,455 -     || KL: 1.0545
2023-12-25 21:07:25,456 -     || token_match: 0.000, exact_match: 0.000
2023-12-25 21:07:25,456 -     || unique taglist code: 1983
2023-12-25 21:07:25,457 - DEV || epcloss: 1.1121
2023-12-25 21:07:25,458 -     || Q: 1.3856
2023-12-25 21:07:25,459 -     || KL: 0.9712
2023-12-25 21:07:25,460 -     || token_match: 0.000, exact_match: 0.000
2023-12-25 21:07:25,460 -     || unique taglist code: 38
2023-12-25 21:07:25,461 -     || seen taglist code: 38
2023-12-25 21:07:25,605 -     || saved model
2023-12-25 21:07:25,607 - 
2023-12-25 21:07:25,608 - #epc: 37
2023-12-25 21:07:26,123 - epc:37, epc_KL:  1.000000
2023-12-25 21:13:34,949 - exact_match_tst_copy_acc: 0.002
2023-12-25 21:13:34,950 - exact_match_tst_reinflection_wlemma: 0.000
2023-12-25 21:13:34,951 - exact_match_tst_reinflection_wlemma_TAGFINDER1: 0.000
2023-12-25 21:13:34,951 - exact_match_tst_reinflection_wlemma_TAGFINDER1_or_2: 0.000
2023-12-25 21:13:35,212 - TRN || epcloss: 1.0352
2023-12-25 21:13:35,213 -     || Q: 1.0923
2023-12-25 21:13:35,214 -     || KL: 0.2351
2023-12-25 21:13:35,214 -     || token_match: 0.000, exact_match: 0.000
2023-12-25 21:13:35,215 -     || unique taglist code: 291
2023-12-25 21:13:35,215 - DEV || epcloss: 0.6264
2023-12-25 21:13:35,216 -     || Q: 0.9405
2023-12-25 21:13:35,217 -     || KL: 0.3395
2023-12-25 21:13:35,217 -     || token_match: 0.000, exact_match: 0.000
2023-12-25 21:13:35,218 -     || unique taglist code: 90
2023-12-25 21:13:35,219 -     || seen taglist code: 90
2023-12-25 21:13:35,316 -     || saved model
2023-12-25 21:13:35,317 - 
2023-12-25 21:13:35,318 - #epc: 38
2023-12-25 21:13:35,828 - epc:38, epc_KL:  1.000000
2023-12-25 21:20:49,343 - exact_match_tst_copy_acc: 0.000
2023-12-25 21:20:49,344 - exact_match_tst_reinflection_wlemma: 0.000
2023-12-25 21:20:49,344 - exact_match_tst_reinflection_wlemma_TAGFINDER1: 0.000
2023-12-25 21:20:49,345 - exact_match_tst_reinflection_wlemma_TAGFINDER1_or_2: 0.000
2023-12-25 21:20:49,669 - TRN || epcloss: 5.7929
2023-12-25 21:20:49,669 -     || Q: 2.9998
2023-12-25 21:20:49,670 -     || KL: 14.4414
2023-12-25 21:20:49,671 -     || token_match: 0.000, exact_match: 0.000
2023-12-25 21:20:49,671 -     || unique taglist code: 901
2023-12-25 21:20:49,672 - DEV || epcloss: 1.6940
2023-12-25 21:20:49,673 -     || Q: 2.2460
2023-12-25 21:20:49,673 -     || KL: 5.5296
2023-12-25 21:20:49,674 -     || token_match: 0.000, exact_match: 0.000
2023-12-25 21:20:49,674 -     || unique taglist code: 55
2023-12-25 21:20:49,675 -     || seen taglist code: 55
2023-12-25 21:20:49,805 -     || saved model
2023-12-25 21:20:49,807 - 
2023-12-25 21:20:49,808 - #epc: 39
2023-12-25 21:20:50,361 - epc:39, epc_KL:  1.000000
2023-12-25 21:27:17,397 - exact_match_tst_copy_acc: 0.000
2023-12-25 21:27:17,398 - exact_match_tst_reinflection_wlemma: 0.000
2023-12-25 21:27:17,399 - exact_match_tst_reinflection_wlemma_TAGFINDER1: 0.000
2023-12-25 21:27:17,399 - exact_match_tst_reinflection_wlemma_TAGFINDER1_or_2: 0.000
2023-12-25 21:27:17,751 - TRN || epcloss: 1.5479
2023-12-25 21:27:17,752 -     || Q: 1.6954
2023-12-25 21:27:17,753 -     || KL: 1.1147
2023-12-25 21:27:17,753 -     || token_match: 0.000, exact_match: 0.000
2023-12-25 21:27:17,754 -     || unique taglist code: 380
2023-12-25 21:27:17,755 - DEV || epcloss: 1.0692
2023-12-25 21:27:17,755 -     || Q: 1.3120
2023-12-25 21:27:17,756 -     || KL: 0.8918
2023-12-25 21:27:17,756 -     || token_match: 0.000, exact_match: 0.000
2023-12-25 21:27:17,757 -     || unique taglist code: 125
2023-12-25 21:27:17,758 -     || seen taglist code: 121
2023-12-25 21:27:17,897 -     || saved model
2023-12-25 21:27:17,900 - 
2023-12-25 21:27:17,901 - #epc: 40
2023-12-25 21:27:18,456 - epc:40, epc_KL:  1.000000
2023-12-25 21:33:33,166 - exact_match_tst_copy_acc: 0.008
2023-12-25 21:33:33,167 - exact_match_tst_reinflection_wlemma: 0.001
2023-12-25 21:33:33,167 - exact_match_tst_reinflection_wlemma_TAGFINDER1: 0.000
2023-12-25 21:33:33,168 - exact_match_tst_reinflection_wlemma_TAGFINDER1_or_2: 0.000
2023-12-25 21:33:33,695 - TRN || epcloss: 1.0103
2023-12-25 21:33:33,695 -     || Q: 1.0708
2023-12-25 21:33:33,696 -     || KL: 0.2401
2023-12-25 21:33:33,697 -     || token_match: 0.000, exact_match: 0.000
2023-12-25 21:33:33,698 -     || unique taglist code: 659
2023-12-25 21:33:33,698 - DEV || epcloss: 0.6556
2023-12-25 21:33:33,699 -     || Q: 0.8866
2023-12-25 21:33:33,700 -     || KL: 0.3780
2023-12-25 21:33:33,701 -     || token_match: 0.000, exact_match: 0.000
2023-12-25 21:33:33,701 -     || unique taglist code: 202
2023-12-25 21:33:33,702 -     || seen taglist code: 200
2023-12-25 21:33:33,845 -     || saved model
2023-12-25 21:33:33,847 - 
2023-12-25 21:33:33,848 - #epc: 41
2023-12-25 21:33:34,401 - epc:41, epc_KL:  1.000000
2023-12-25 21:39:36,981 - exact_match_tst_copy_acc: 0.044
2023-12-25 21:39:36,982 - exact_match_tst_reinflection_wlemma: 0.001
2023-12-25 21:39:36,982 - exact_match_tst_reinflection_wlemma_TAGFINDER1: 0.001
2023-12-25 21:39:36,983 - exact_match_tst_reinflection_wlemma_TAGFINDER1_or_2: 0.001
2023-12-25 21:39:37,352 - TRN || epcloss: 0.6337
2023-12-25 21:39:37,353 -     || Q: 0.9341
2023-12-25 21:39:37,354 -     || KL: 0.1708
2023-12-25 21:39:37,355 -     || token_match: 0.000, exact_match: 0.000
2023-12-25 21:39:37,356 -     || unique taglist code: 1365
2023-12-25 21:39:37,356 - DEV || epcloss: 0.4361
2023-12-25 21:39:37,357 -     || Q: 1.0099
2023-12-25 21:39:37,358 -     || KL: 0.4120
2023-12-25 21:39:37,359 -     || token_match: 0.000, exact_match: 0.000
2023-12-25 21:39:37,360 -     || unique taglist code: 399
2023-12-25 21:39:37,360 -     || seen taglist code: 394
2023-12-25 21:39:37,489 -     || saved model
2023-12-25 21:39:37,492 - 
2023-12-25 21:39:37,492 - #epc: 42
2023-12-25 21:39:38,078 - epc:42, epc_KL:  1.000000
2023-12-25 21:45:44,790 - exact_match_tst_copy_acc: 0.192
2023-12-25 21:45:44,791 - exact_match_tst_reinflection_wlemma: 0.003
2023-12-25 21:45:44,791 - exact_match_tst_reinflection_wlemma_TAGFINDER1: 0.002
2023-12-25 21:45:44,792 - exact_match_tst_reinflection_wlemma_TAGFINDER1_or_2: 0.002
2023-12-25 21:45:45,172 - TRN || epcloss: 0.4138
2023-12-25 21:45:45,172 -     || Q: 1.0281
2023-12-25 21:45:45,173 -     || KL: 0.1840
2023-12-25 21:45:45,174 -     || token_match: 0.000, exact_match: 0.000
2023-12-25 21:45:45,175 -     || unique taglist code: 2146
2023-12-25 21:45:45,175 - DEV || epcloss: 0.2260
2023-12-25 21:45:45,176 -     || Q: 0.9690
2023-12-25 21:45:45,176 -     || KL: 0.3878
2023-12-25 21:45:45,177 -     || token_match: 0.000, exact_match: 0.000
2023-12-25 21:45:45,178 -     || unique taglist code: 568
2023-12-25 21:45:45,178 -     || seen taglist code: 567
2023-12-25 21:45:45,318 -     || saved model
2023-12-25 21:45:45,321 - 
2023-12-25 21:45:45,322 - #epc: 43
2023-12-25 21:45:45,904 - epc:43, epc_KL:  1.000000
2023-12-25 21:51:47,123 - exact_match_tst_copy_acc: 0.485
2023-12-25 21:51:47,124 - exact_match_tst_reinflection_wlemma: 0.008
2023-12-25 21:51:47,125 - exact_match_tst_reinflection_wlemma_TAGFINDER1: 0.006
2023-12-25 21:51:47,126 - exact_match_tst_reinflection_wlemma_TAGFINDER1_or_2: 0.007
2023-12-25 21:51:47,477 - TRN || epcloss: 0.2628
2023-12-25 21:51:47,478 -     || Q: 1.0662
2023-12-25 21:51:47,479 -     || KL: 0.1825
2023-12-25 21:51:47,479 -     || token_match: 0.000, exact_match: 0.000
2023-12-25 21:51:47,480 -     || unique taglist code: 3409
2023-12-25 21:51:47,481 - DEV || epcloss: 0.1165
2023-12-25 21:51:47,481 -     || Q: 1.0891
2023-12-25 21:51:47,482 -     || KL: 0.3977
2023-12-25 21:51:47,483 -     || token_match: 0.000, exact_match: 0.000
2023-12-25 21:51:47,483 -     || unique taglist code: 860
2023-12-25 21:51:47,484 -     || seen taglist code: 856
2023-12-25 21:51:47,629 -     || saved model
2023-12-25 21:51:47,631 - 
2023-12-25 21:51:47,631 - #epc: 44
2023-12-25 21:51:48,177 - epc:44, epc_KL:  1.000000
2023-12-25 21:57:50,330 - exact_match_tst_copy_acc: 0.638
2023-12-25 21:57:50,331 - exact_match_tst_reinflection_wlemma: 0.012
2023-12-25 21:57:50,332 - exact_match_tst_reinflection_wlemma_TAGFINDER1: 0.004
2023-12-25 21:57:50,332 - exact_match_tst_reinflection_wlemma_TAGFINDER1_or_2: 0.011
2023-12-25 21:57:50,721 - TRN || epcloss: 0.1806
2023-12-25 21:57:50,722 -     || Q: 1.0946
2023-12-25 21:57:50,723 -     || KL: 0.1788
2023-12-25 21:57:50,724 -     || token_match: 0.000, exact_match: 0.000
2023-12-25 21:57:50,725 -     || unique taglist code: 3603
2023-12-25 21:57:50,725 - DEV || epcloss: 0.0747
2023-12-25 21:57:50,726 -     || Q: 1.0049
2023-12-25 21:57:50,726 -     || KL: 0.3771
2023-12-25 21:57:50,727 -     || token_match: 0.000, exact_match: 0.000
2023-12-25 21:57:50,728 -     || unique taglist code: 900
2023-12-25 21:57:50,729 -     || seen taglist code: 900
2023-12-25 21:57:50,857 -     || saved model
2023-12-25 21:57:50,859 - 
2023-12-25 21:57:50,860 - #epc: 45
2023-12-25 21:57:51,427 - epc:45, epc_KL:  1.000000
2023-12-25 22:03:52,828 - exact_match_tst_copy_acc: 0.757
2023-12-25 22:03:52,829 - exact_match_tst_reinflection_wlemma: 0.021
2023-12-25 22:03:52,830 - exact_match_tst_reinflection_wlemma_TAGFINDER1: 0.008
2023-12-25 22:03:52,830 - exact_match_tst_reinflection_wlemma_TAGFINDER1_or_2: 0.016
2023-12-25 22:03:53,143 - TRN || epcloss: 0.1384
2023-12-25 22:03:53,144 -     || Q: 0.9894
2023-12-25 22:03:53,145 -     || KL: 0.1723
2023-12-25 22:03:53,145 -     || token_match: 0.000, exact_match: 0.000
2023-12-25 22:03:53,146 -     || unique taglist code: 3422
2023-12-25 22:03:53,147 - DEV || epcloss: 0.0506
2023-12-25 22:03:53,148 -     || Q: 0.9717
2023-12-25 22:03:53,148 -     || KL: 0.3680
2023-12-25 22:03:53,149 -     || token_match: 0.000, exact_match: 0.000
2023-12-25 22:03:53,149 -     || unique taglist code: 939
2023-12-25 22:03:53,150 -     || seen taglist code: 938
2023-12-25 22:03:53,259 -     || saved model
2023-12-25 22:03:53,261 - 
2023-12-25 22:03:53,262 - #epc: 46
2023-12-25 22:03:53,786 - epc:46, epc_KL:  1.000000
2023-12-25 22:09:56,814 - exact_match_tst_copy_acc: 0.819
2023-12-25 22:09:56,815 - exact_match_tst_reinflection_wlemma: 0.021
2023-12-25 22:09:56,816 - exact_match_tst_reinflection_wlemma_TAGFINDER1: 0.009
2023-12-25 22:09:56,816 - exact_match_tst_reinflection_wlemma_TAGFINDER1_or_2: 0.017
2023-12-25 22:09:57,110 - TRN || epcloss: 0.1114
2023-12-25 22:09:57,111 -     || Q: 0.9184
2023-12-25 22:09:57,111 -     || KL: 0.1662
2023-12-25 22:09:57,112 -     || token_match: 0.000, exact_match: 0.000
2023-12-25 22:09:57,113 -     || unique taglist code: 3298
2023-12-25 22:09:57,113 - DEV || epcloss: 0.0355
2023-12-25 22:09:57,114 -     || Q: 0.8386
2023-12-25 22:09:57,115 -     || KL: 0.3533
2023-12-25 22:09:57,115 -     || token_match: 0.000, exact_match: 0.000
2023-12-25 22:09:57,116 -     || unique taglist code: 961
2023-12-25 22:09:57,117 -     || seen taglist code: 959
2023-12-25 22:09:57,249 -     || saved model
2023-12-25 22:09:57,251 - 
2023-12-25 22:09:57,252 - #epc: 47
2023-12-25 22:09:57,803 - epc:47, epc_KL:  1.000000
2023-12-25 22:16:06,075 - exact_match_tst_copy_acc: 0.834
2023-12-25 22:16:06,076 - exact_match_tst_reinflection_wlemma: 0.033
2023-12-25 22:16:06,076 - exact_match_tst_reinflection_wlemma_TAGFINDER1: 0.017
2023-12-25 22:16:06,077 - exact_match_tst_reinflection_wlemma_TAGFINDER1_or_2: 0.026
2023-12-25 22:16:06,387 - TRN || epcloss: 0.0952
2023-12-25 22:16:06,388 -     || Q: 0.8356
2023-12-25 22:16:06,389 -     || KL: 0.1605
2023-12-25 22:16:06,390 -     || token_match: 0.000, exact_match: 0.000
2023-12-25 22:16:06,390 -     || unique taglist code: 3183
2023-12-25 22:16:06,391 - DEV || epcloss: 0.0307
2023-12-25 22:16:06,392 -     || Q: 0.7871
2023-12-25 22:16:06,392 -     || KL: 0.3391
2023-12-25 22:16:06,393 -     || token_match: 0.000, exact_match: 0.000
2023-12-25 22:16:06,394 -     || unique taglist code: 941
2023-12-25 22:16:06,395 -     || seen taglist code: 941
2023-12-25 22:16:06,530 -     || saved model
2023-12-25 22:16:06,532 - 
2023-12-25 22:16:06,533 - #epc: 48
2023-12-25 22:16:07,077 - epc:48, epc_KL:  1.000000
2023-12-25 22:22:14,388 - exact_match_tst_copy_acc: 0.866
2023-12-25 22:22:14,389 - exact_match_tst_reinflection_wlemma: 0.035
2023-12-25 22:22:14,390 - exact_match_tst_reinflection_wlemma_TAGFINDER1: 0.015
2023-12-25 22:22:14,390 - exact_match_tst_reinflection_wlemma_TAGFINDER1_or_2: 0.028
2023-12-25 22:22:14,681 - TRN || epcloss: 0.0839
2023-12-25 22:22:14,682 -     || Q: 0.7627
2023-12-25 22:22:14,683 -     || KL: 0.1554
2023-12-25 22:22:14,684 -     || token_match: 0.000, exact_match: 0.000
2023-12-25 22:22:14,684 -     || unique taglist code: 3117
2023-12-25 22:22:14,685 - DEV || epcloss: 0.0271
2023-12-25 22:22:14,685 -     || Q: 0.7208
2023-12-25 22:22:14,686 -     || KL: 0.3201
2023-12-25 22:22:14,687 -     || token_match: 0.000, exact_match: 0.000
2023-12-25 22:22:14,688 -     || unique taglist code: 930
2023-12-25 22:22:14,688 -     || seen taglist code: 930
2023-12-25 22:22:14,816 -     || saved model
2023-12-25 22:22:14,818 - 
2023-12-25 22:22:14,819 - #epc: 49
2023-12-25 22:22:15,373 - epc:49, epc_KL:  1.000000
