2024-02-10 22:30:44,958 - trnsize: 533708
2024-02-10 22:30:44,964 - devsize: 2000
2024-02-10 22:30:44,965 - tstsize: 2000
2024-02-10 22:30:46,043 - Trn unique tgts: 533704
2024-02-10 22:30:46,044 - Trn unique lemmas: 3579
2024-02-10 22:30:46,045 - Trn unique taglists: 865
2024-02-10 22:30:46,046 - Dev unique tgts: 2000
2024-02-10 22:30:46,047 - Dev unique lemmas: 1037
2024-02-10 22:30:46,048 - Dev unique taglists: 723
2024-02-10 22:30:46,049 - Tst unique tgts: 2000
2024-02-10 22:30:46,050 - Tst unique lemmas: 1037
2024-02-10 22:30:46,051 - Tst unique taglists: 723
2024-02-10 22:30:46,052 - seen_dev_tgt: 2
2024-02-10 22:30:46,052 - seen_dev_lemma: 2000
2024-02-10 22:30:46,053 - seen_dev_taglist: 1966
2024-02-10 22:30:46,054 - seen_tst_tgt: 2
2024-02-10 22:30:46,055 - seen_tst_lemma: 2000
2024-02-10 22:30:46,056 - seen_tst_taglist: 1966
2024-02-10 22:31:21,075 - trnID: run2_4x8_zLEM100_zTAG128_decnh1024_kl1.0_epc10_strt5_decdo0.2_inpemb128_bsize64
2024-02-10 22:31:21,076 - batchsize: 64
2024-02-10 22:31:21,077 - epochs: 50
2024-02-10 22:31:21,078 - lr: 0.00050
2024-02-10 22:31:21,079 - KL_WEIGHT: 1.00000
2024-02-10 22:31:21,080 - opt: Adam (
Parameter Group 0
    amsgrad: False
    betas: (0.5, 0.999)
    capturable: False
    eps: 1e-08
    foreach: None
    lr: 0.0005
    maximize: False
    weight_decay: 0
)
2024-02-10 22:31:21,081 - VQVAE(
  (encoder): Encoder_GRU_VQVAE(
    (layers): ModuleList(
      (0): Embedding(63, 128)
      (1): Dropout(p=0.0, inplace=False)
      (2): GRU(128, 256, batch_first=True, bidirectional=True)
    )
  )
  (z_linears): ModuleList(
    (0): Linear(in_features=256, out_features=128, bias=True)
    (1): Linear(in_features=256, out_features=128, bias=True)
    (2): Linear(in_features=256, out_features=128, bias=True)
    (3): Linear(in_features=256, out_features=128, bias=True)
  )
  (quantizers): ModuleList(
    (0): Quantizer(
      (embeddings): Embedding(8, 128)
    )
    (1): Quantizer(
      (embeddings): Embedding(8, 128)
    )
    (2): Quantizer(
      (embeddings): Embedding(8, 128)
    )
    (3): Quantizer(
      (embeddings): Embedding(8, 128)
    )
  )
  (z_lemma_mu): Linear(in_features=256, out_features=100, bias=True)
  (z_lemma_logvar): Linear(in_features=256, out_features=100, bias=True)
  (up_from_z_layer): Linear(in_features=228, out_features=1024, bias=True)
  (decoder): Decoder_GRU_VQVAE(
    (layers): ModuleList(
      (0): Embedding(63, 128)
      (1): Dropout(p=0.2, inplace=False)
      (2): GRU(356, 1024, batch_first=True)
      (3): Linear(in_features=1024, out_features=63, bias=True)
    )
    (loss): CrossEntropyLoss()
  )
)
2024-02-10 22:31:21,397 - trnsize: 533708
2024-02-10 22:31:21,398 - devsize: 2000
2024-02-10 22:31:21,399 - tstsize: 2000
2024-02-10 22:31:21,400 - 
2024-02-10 22:31:21,401 - #epc: 0
2024-02-10 22:31:21,405 - epc:0, epc_KL:  0.000000
2024-02-10 22:38:14,273 - exact_match_tst_copy_acc: 0.970
2024-02-10 22:38:14,274 - exact_match_tst_reinflection_wlemma: 0.057
2024-02-10 22:38:14,275 - exact_match_tst_reinflection_wlemma_TAGFINDER1: 0.049
2024-02-10 22:38:14,276 - exact_match_tst_reinflection_wlemma_TAGFINDER1_or_2: 0.058
2024-02-10 22:38:14,490 - TRN || epcloss: 0.0913
2024-02-10 22:38:14,491 -     || Q: 0.0700
2024-02-10 22:38:14,492 -     || KL: 5.8276
2024-02-10 22:38:14,493 -     || token_match: 0.000, exact_match: 0.000
2024-02-10 22:38:14,494 -     || unique taglist code: 1493
2024-02-10 22:38:14,495 - DEV || epcloss: 0.0064
2024-02-10 22:38:14,496 -     || Q: 0.0098
2024-02-10 22:38:14,497 -     || KL: 12.0810
2024-02-10 22:38:14,498 -     || token_match: 0.000, exact_match: 0.000
2024-02-10 22:38:14,499 -     || unique taglist code: 171
2024-02-10 22:38:14,500 -     || seen taglist code: 169
2024-02-10 22:38:14,501 -     || MOST used trncode: 1493
2024-02-10 22:38:14,502 -     || MOST used devcode: 171
2024-02-10 22:38:14,556 -     || saved model
2024-02-10 22:38:14,558 - 
2024-02-10 22:38:14,559 - #epc: 1
2024-02-10 22:38:15,375 - epc:1, epc_KL:  0.000000
2024-02-10 22:45:12,937 - exact_match_tst_copy_acc: 0.987
2024-02-10 22:45:12,938 - exact_match_tst_reinflection_wlemma: 0.072
2024-02-10 22:45:12,939 - exact_match_tst_reinflection_wlemma_TAGFINDER1: 0.059
2024-02-10 22:45:12,940 - exact_match_tst_reinflection_wlemma_TAGFINDER1_or_2: 0.071
2024-02-10 22:45:13,137 - TRN || epcloss: 0.0096
2024-02-10 22:45:13,138 -     || Q: 0.0103
2024-02-10 22:45:13,139 -     || KL: 6.7484
2024-02-10 22:45:13,140 -     || token_match: 0.000, exact_match: 0.000
2024-02-10 22:45:13,141 -     || unique taglist code: 1336
2024-02-10 22:45:13,142 - DEV || epcloss: 0.0028
2024-02-10 22:45:13,143 -     || Q: 0.0077
2024-02-10 22:45:13,144 -     || KL: 12.4715
2024-02-10 22:45:13,145 -     || token_match: 0.000, exact_match: 0.000
2024-02-10 22:45:13,146 -     || unique taglist code: 194
2024-02-10 22:45:13,147 -     || seen taglist code: 193
2024-02-10 22:45:13,148 -     || MOST used devcode: 194
2024-02-10 22:45:13,198 -     || saved model
2024-02-10 22:45:13,200 - 
2024-02-10 22:45:13,201 - #epc: 2
2024-02-10 22:45:13,838 - epc:2, epc_KL:  0.000000
2024-02-10 22:52:12,310 - exact_match_tst_copy_acc: 0.977
2024-02-10 22:52:12,311 - exact_match_tst_reinflection_wlemma: 0.042
2024-02-10 22:52:12,312 - exact_match_tst_reinflection_wlemma_TAGFINDER1: 0.038
2024-02-10 22:52:12,313 - exact_match_tst_reinflection_wlemma_TAGFINDER1_or_2: 0.045
2024-02-10 22:52:12,514 - TRN || epcloss: 0.0058
2024-02-10 22:52:12,515 -     || Q: 0.0065
2024-02-10 22:52:12,516 -     || KL: 7.1182
2024-02-10 22:52:12,517 -     || token_match: 0.000, exact_match: 0.000
2024-02-10 22:52:12,518 -     || unique taglist code: 1363
2024-02-10 22:52:12,519 - DEV || epcloss: 0.0062
2024-02-10 22:52:12,520 -     || Q: 0.0055
2024-02-10 22:52:12,521 -     || KL: 13.3886
2024-02-10 22:52:12,522 -     || token_match: 0.000, exact_match: 0.000
2024-02-10 22:52:12,523 -     || unique taglist code: 193
2024-02-10 22:52:12,524 -     || seen taglist code: 193
2024-02-10 22:52:12,591 -     || saved model
2024-02-10 22:52:12,593 - 
2024-02-10 22:52:12,595 - #epc: 3
2024-02-10 22:52:13,256 - epc:3, epc_KL:  0.000000
2024-02-10 22:59:18,281 - exact_match_tst_copy_acc: 0.982
2024-02-10 22:59:18,283 - exact_match_tst_reinflection_wlemma: 0.059
2024-02-10 22:59:18,284 - exact_match_tst_reinflection_wlemma_TAGFINDER1: 0.046
2024-02-10 22:59:18,285 - exact_match_tst_reinflection_wlemma_TAGFINDER1_or_2: 0.057
2024-02-10 22:59:18,596 - TRN || epcloss: 0.0047
2024-02-10 22:59:18,597 -     || Q: 0.0052
2024-02-10 22:59:18,598 -     || KL: 7.6291
2024-02-10 22:59:18,599 -     || token_match: 0.000, exact_match: 0.000
2024-02-10 22:59:18,600 -     || unique taglist code: 1317
2024-02-10 22:59:18,601 - DEV || epcloss: 0.0037
2024-02-10 22:59:18,602 -     || Q: 0.0048
2024-02-10 22:59:18,603 -     || KL: 13.4955
2024-02-10 22:59:18,604 -     || token_match: 0.000, exact_match: 0.000
2024-02-10 22:59:18,605 -     || unique taglist code: 189
2024-02-10 22:59:18,606 -     || seen taglist code: 188
2024-02-10 22:59:18,665 -     || saved model
2024-02-10 22:59:18,668 - 
2024-02-10 22:59:18,669 - #epc: 4
2024-02-10 22:59:19,431 - epc:4, epc_KL:  0.000000
2024-02-10 23:06:09,118 - exact_match_tst_copy_acc: 0.984
2024-02-10 23:06:09,120 - exact_match_tst_reinflection_wlemma: 0.051
2024-02-10 23:06:09,121 - exact_match_tst_reinflection_wlemma_TAGFINDER1: 0.041
2024-02-10 23:06:09,122 - exact_match_tst_reinflection_wlemma_TAGFINDER1_or_2: 0.049
2024-02-10 23:06:09,438 - TRN || epcloss: 0.0047
2024-02-10 23:06:09,439 -     || Q: 0.0056
2024-02-10 23:06:09,440 -     || KL: 7.8523
2024-02-10 23:06:09,441 -     || token_match: 0.000, exact_match: 0.000
2024-02-10 23:06:09,442 -     || unique taglist code: 1378
2024-02-10 23:06:09,443 - DEV || epcloss: 0.0033
2024-02-10 23:06:09,444 -     || Q: 0.0061
2024-02-10 23:06:09,445 -     || KL: 14.1564
2024-02-10 23:06:09,446 -     || token_match: 0.000, exact_match: 0.000
2024-02-10 23:06:09,447 -     || unique taglist code: 171
2024-02-10 23:06:09,448 -     || seen taglist code: 170
2024-02-10 23:06:09,514 -     || saved model
2024-02-10 23:06:09,516 - 
2024-02-10 23:06:09,517 - #epc: 5
2024-02-10 23:06:10,273 - epc:5, epc_KL:  0.100000
2024-02-10 23:13:02,787 - exact_match_tst_copy_acc: 0.986
2024-02-10 23:13:02,789 - exact_match_tst_reinflection_wlemma: 0.113
2024-02-10 23:13:02,790 - exact_match_tst_reinflection_wlemma_TAGFINDER1: 0.107
2024-02-10 23:13:02,791 - exact_match_tst_reinflection_wlemma_TAGFINDER1_or_2: 0.129
2024-02-10 23:13:03,180 - TRN || epcloss: 0.0287
2024-02-10 23:13:03,181 -     || Q: 0.0204
2024-02-10 23:13:03,182 -     || KL: 0.9615
2024-02-10 23:13:03,183 -     || token_match: 0.000, exact_match: 0.000
2024-02-10 23:13:03,184 -     || unique taglist code: 2040
2024-02-10 23:13:03,185 - DEV || epcloss: 0.0030
2024-02-10 23:13:03,186 -     || Q: 0.0278
2024-02-10 23:13:03,187 -     || KL: 1.3868
2024-02-10 23:13:03,187 -     || token_match: 0.000, exact_match: 0.000
2024-02-10 23:13:03,189 -     || unique taglist code: 385
2024-02-10 23:13:03,190 -     || seen taglist code: 383
2024-02-10 23:13:03,191 -     || MOST used trncode: 2040
2024-02-10 23:13:03,192 -     || MOST used devcode: 385
2024-02-10 23:13:03,276 -     || saved model
2024-02-10 23:13:03,278 - 
2024-02-10 23:13:03,279 - #epc: 6
2024-02-10 23:13:04,148 - epc:6, epc_KL:  0.200000
2024-02-10 23:19:58,191 - exact_match_tst_copy_acc: 0.983
2024-02-10 23:19:58,192 - exact_match_tst_reinflection_wlemma: 0.210
2024-02-10 23:19:58,193 - exact_match_tst_reinflection_wlemma_TAGFINDER1: 0.178
2024-02-10 23:19:58,194 - exact_match_tst_reinflection_wlemma_TAGFINDER1_or_2: 0.211
2024-02-10 23:19:58,540 - TRN || epcloss: 0.0337
2024-02-10 23:19:58,541 -     || Q: 0.0564
2024-02-10 23:19:58,542 -     || KL: 0.5843
2024-02-10 23:19:58,543 -     || token_match: 0.000, exact_match: 0.000
2024-02-10 23:19:58,544 -     || unique taglist code: 2297
2024-02-10 23:19:58,545 - DEV || epcloss: 0.0041
2024-02-10 23:19:58,546 -     || Q: 0.0650
2024-02-10 23:19:58,547 -     || KL: 0.9301
2024-02-10 23:19:58,548 -     || token_match: 0.000, exact_match: 0.000
2024-02-10 23:19:58,549 -     || unique taglist code: 470
2024-02-10 23:19:58,550 -     || seen taglist code: 470
2024-02-10 23:19:58,551 -     || MOST used trncode: 2297
2024-02-10 23:19:58,552 -     || MOST used devcode: 470
2024-02-10 23:19:58,651 -     || saved model
2024-02-10 23:19:58,653 - 
2024-02-10 23:19:58,654 - #epc: 7
2024-02-10 23:19:59,433 - epc:7, epc_KL:  0.300000
2024-02-10 23:26:59,063 - exact_match_tst_copy_acc: 0.974
2024-02-10 23:26:59,065 - exact_match_tst_reinflection_wlemma: 0.296
2024-02-10 23:26:59,066 - exact_match_tst_reinflection_wlemma_TAGFINDER1: 0.252
2024-02-10 23:26:59,067 - exact_match_tst_reinflection_wlemma_TAGFINDER1_or_2: 0.293
2024-02-10 23:26:59,437 - TRN || epcloss: 0.0381
2024-02-10 23:26:59,438 -     || Q: 0.1039
2024-02-10 23:26:59,440 -     || KL: 0.4399
2024-02-10 23:26:59,441 -     || token_match: 0.000, exact_match: 0.000
2024-02-10 23:26:59,442 -     || unique taglist code: 2403
2024-02-10 23:26:59,444 - DEV || epcloss: 0.0075
2024-02-10 23:26:59,445 -     || Q: 0.1083
2024-02-10 23:26:59,446 -     || KL: 0.7359
2024-02-10 23:26:59,447 -     || token_match: 0.000, exact_match: 0.000
2024-02-10 23:26:59,448 -     || unique taglist code: 542
2024-02-10 23:26:59,450 -     || seen taglist code: 540
2024-02-10 23:26:59,451 -     || MOST used trncode: 2403
2024-02-10 23:26:59,453 -     || MOST used devcode: 542
2024-02-10 23:26:59,551 -     || saved model
2024-02-10 23:26:59,553 - 
2024-02-10 23:26:59,555 - #epc: 8
2024-02-10 23:27:00,340 - epc:8, epc_KL:  0.400000
2024-02-10 23:34:00,569 - exact_match_tst_copy_acc: 0.960
2024-02-10 23:34:00,570 - exact_match_tst_reinflection_wlemma: 0.325
2024-02-10 23:34:00,571 - exact_match_tst_reinflection_wlemma_TAGFINDER1: 0.287
2024-02-10 23:34:00,572 - exact_match_tst_reinflection_wlemma_TAGFINDER1_or_2: 0.328
2024-02-10 23:34:00,810 - TRN || epcloss: 0.0431
2024-02-10 23:34:00,811 -     || Q: 0.1449
2024-02-10 23:34:00,812 -     || KL: 0.3689
2024-02-10 23:34:00,813 -     || token_match: 0.000, exact_match: 0.000
2024-02-10 23:34:00,814 -     || unique taglist code: 2550
2024-02-10 23:34:00,815 - DEV || epcloss: 0.0096
2024-02-10 23:34:00,816 -     || Q: 0.1610
2024-02-10 23:34:00,817 -     || KL: 0.6237
2024-02-10 23:34:00,818 -     || token_match: 0.000, exact_match: 0.000
2024-02-10 23:34:00,819 -     || unique taglist code: 606
2024-02-10 23:34:00,820 -     || seen taglist code: 605
2024-02-10 23:34:00,821 -     || MOST used trncode: 2550
2024-02-10 23:34:00,822 -     || MOST used devcode: 606
2024-02-10 23:34:00,875 -     || saved model
2024-02-10 23:34:00,877 - 
2024-02-10 23:34:00,878 - #epc: 9
2024-02-10 23:34:01,610 - epc:9, epc_KL:  0.500000
2024-02-10 23:41:17,026 - exact_match_tst_copy_acc: 0.954
2024-02-10 23:41:17,027 - exact_match_tst_reinflection_wlemma: 0.335
2024-02-10 23:41:17,029 - exact_match_tst_reinflection_wlemma_TAGFINDER1: 0.298
2024-02-10 23:41:17,030 - exact_match_tst_reinflection_wlemma_TAGFINDER1_or_2: 0.337
2024-02-10 23:41:17,326 - TRN || epcloss: 0.0499
2024-02-10 23:41:17,328 -     || Q: 0.2120
2024-02-10 23:41:17,329 -     || KL: 0.3253
2024-02-10 23:41:17,330 -     || token_match: 0.000, exact_match: 0.000
2024-02-10 23:41:17,331 -     || unique taglist code: 2685
2024-02-10 23:41:17,332 - DEV || epcloss: 0.0102
2024-02-10 23:41:17,333 -     || Q: 0.2356
2024-02-10 23:41:17,334 -     || KL: 0.5647
2024-02-10 23:41:17,335 -     || token_match: 0.000, exact_match: 0.000
2024-02-10 23:41:17,336 -     || unique taglist code: 653
2024-02-10 23:41:17,337 -     || seen taglist code: 651
2024-02-10 23:41:17,338 -     || MOST used trncode: 2685
2024-02-10 23:41:17,339 -     || MOST used devcode: 653
2024-02-10 23:41:17,405 -     || saved model
2024-02-10 23:41:17,407 - 
2024-02-10 23:41:17,408 - #epc: 10
2024-02-10 23:41:18,122 - epc:10, epc_KL:  0.600000
2024-02-10 23:48:30,705 - exact_match_tst_copy_acc: 0.944
2024-02-10 23:48:30,706 - exact_match_tst_reinflection_wlemma: 0.341
2024-02-10 23:48:30,707 - exact_match_tst_reinflection_wlemma_TAGFINDER1: 0.297
2024-02-10 23:48:30,708 - exact_match_tst_reinflection_wlemma_TAGFINDER1_or_2: 0.335
2024-02-10 23:48:31,044 - TRN || epcloss: 0.0587
2024-02-10 23:48:31,045 -     || Q: 0.3010
2024-02-10 23:48:31,047 -     || KL: 0.2946
2024-02-10 23:48:31,048 -     || token_match: 0.000, exact_match: 0.000
2024-02-10 23:48:31,049 -     || unique taglist code: 2871
2024-02-10 23:48:31,050 - DEV || epcloss: 0.0128
2024-02-10 23:48:31,050 -     || Q: 0.3267
2024-02-10 23:48:31,051 -     || KL: 0.4996
2024-02-10 23:48:31,052 -     || token_match: 0.000, exact_match: 0.000
2024-02-10 23:48:31,053 -     || unique taglist code: 739
2024-02-10 23:48:31,055 -     || seen taglist code: 736
2024-02-10 23:48:31,056 -     || MOST used trncode: 2871
2024-02-10 23:48:31,057 -     || MOST used devcode: 739
2024-02-10 23:48:31,124 -     || saved model
2024-02-10 23:48:31,127 - 
2024-02-10 23:48:31,128 - #epc: 11
2024-02-10 23:48:31,890 - epc:11, epc_KL:  0.700000
2024-02-10 23:55:41,887 - exact_match_tst_copy_acc: 0.939
2024-02-10 23:55:41,888 - exact_match_tst_reinflection_wlemma: 0.363
2024-02-10 23:55:41,889 - exact_match_tst_reinflection_wlemma_TAGFINDER1: 0.312
2024-02-10 23:55:41,890 - exact_match_tst_reinflection_wlemma_TAGFINDER1_or_2: 0.361
2024-02-10 23:55:42,190 - TRN || epcloss: 0.0654
2024-02-10 23:55:42,191 -     || Q: 0.3617
2024-02-10 23:55:42,192 -     || KL: 0.2705
2024-02-10 23:55:42,193 -     || token_match: 0.000, exact_match: 0.000
2024-02-10 23:55:42,194 -     || unique taglist code: 2974
2024-02-10 23:55:42,195 - DEV || epcloss: 0.0154
2024-02-10 23:55:42,196 -     || Q: 0.3560
2024-02-10 23:55:42,197 -     || KL: 0.4630
2024-02-10 23:55:42,198 -     || token_match: 0.000, exact_match: 0.000
2024-02-10 23:55:42,199 -     || unique taglist code: 756
2024-02-10 23:55:42,200 -     || seen taglist code: 755
2024-02-10 23:55:42,202 -     || MOST used trncode: 2974
2024-02-10 23:55:42,203 -     || MOST used devcode: 756
2024-02-10 23:55:42,267 -     || saved model
2024-02-10 23:55:42,269 - 
2024-02-10 23:55:42,270 - #epc: 12
2024-02-10 23:55:43,015 - epc:12, epc_KL:  0.800000
2024-02-11 00:02:54,331 - exact_match_tst_copy_acc: 0.932
2024-02-11 00:02:54,332 - exact_match_tst_reinflection_wlemma: 0.378
2024-02-11 00:02:54,333 - exact_match_tst_reinflection_wlemma_TAGFINDER1: 0.326
2024-02-11 00:02:54,334 - exact_match_tst_reinflection_wlemma_TAGFINDER1_or_2: 0.379
2024-02-11 00:02:54,584 - TRN || epcloss: 0.0720
2024-02-11 00:02:54,585 -     || Q: 0.4129
2024-02-11 00:02:54,586 -     || KL: 0.2516
2024-02-11 00:02:54,587 -     || token_match: 0.000, exact_match: 0.000
2024-02-11 00:02:54,588 -     || unique taglist code: 3051
2024-02-11 00:02:54,589 - DEV || epcloss: 0.0186
2024-02-11 00:02:54,590 -     || Q: 0.4358
2024-02-11 00:02:54,591 -     || KL: 0.4399
2024-02-11 00:02:54,591 -     || token_match: 0.000, exact_match: 0.000
2024-02-11 00:02:54,592 -     || unique taglist code: 790
2024-02-11 00:02:54,593 -     || seen taglist code: 790
2024-02-11 00:02:54,594 -     || MOST used trncode: 3051
2024-02-11 00:02:54,595 -     || MOST used devcode: 790
2024-02-11 00:02:54,696 -     || saved model
2024-02-11 00:02:54,698 - 
2024-02-11 00:02:54,699 - #epc: 13
2024-02-11 00:02:55,409 - epc:13, epc_KL:  0.900000
2024-02-11 00:10:04,348 - exact_match_tst_copy_acc: 0.906
2024-02-11 00:10:04,349 - exact_match_tst_reinflection_wlemma: 0.401
2024-02-11 00:10:04,350 - exact_match_tst_reinflection_wlemma_TAGFINDER1: 0.336
2024-02-11 00:10:04,351 - exact_match_tst_reinflection_wlemma_TAGFINDER1_or_2: 0.403
2024-02-11 00:10:04,598 - TRN || epcloss: 0.0815
2024-02-11 00:10:04,599 -     || Q: 0.4905
2024-02-11 00:10:04,601 -     || KL: 0.2363
2024-02-11 00:10:04,601 -     || token_match: 0.000, exact_match: 0.000
2024-02-11 00:10:04,602 -     || unique taglist code: 3152
2024-02-11 00:10:04,603 - DEV || epcloss: 0.0265
2024-02-11 00:10:04,604 -     || Q: 0.4941
2024-02-11 00:10:04,605 -     || KL: 0.4112
2024-02-11 00:10:04,606 -     || token_match: 0.000, exact_match: 0.000
2024-02-11 00:10:04,607 -     || unique taglist code: 816
2024-02-11 00:10:04,608 -     || seen taglist code: 814
2024-02-11 00:10:04,609 -     || MOST used trncode: 3152
2024-02-11 00:10:04,610 -     || MOST used devcode: 816
2024-02-11 00:10:04,675 -     || saved model
2024-02-11 00:10:04,677 - 
2024-02-11 00:10:04,678 - #epc: 14
2024-02-11 00:10:05,391 - epc:14, epc_KL:  1.000000
2024-02-11 00:17:13,496 - exact_match_tst_copy_acc: 0.877
2024-02-11 00:17:13,498 - exact_match_tst_reinflection_wlemma: 0.403
2024-02-11 00:17:13,499 - exact_match_tst_reinflection_wlemma_TAGFINDER1: 0.346
2024-02-11 00:17:13,500 - exact_match_tst_reinflection_wlemma_TAGFINDER1_or_2: 0.403
2024-02-11 00:17:13,806 - TRN || epcloss: 0.0935
2024-02-11 00:17:13,807 -     || Q: 0.5801
2024-02-11 00:17:13,808 -     || KL: 0.2244
2024-02-11 00:17:13,809 -     || token_match: 0.000, exact_match: 0.000
2024-02-11 00:17:13,810 -     || unique taglist code: 3288
2024-02-11 00:17:13,811 - DEV || epcloss: 0.0343
2024-02-11 00:17:13,812 -     || Q: 0.5943
2024-02-11 00:17:13,813 -     || KL: 0.3938
2024-02-11 00:17:13,814 -     || token_match: 0.000, exact_match: 0.000
2024-02-11 00:17:13,815 -     || unique taglist code: 828
2024-02-11 00:17:13,816 -     || seen taglist code: 826
2024-02-11 00:17:13,817 -     || MOST used trncode: 3288
2024-02-11 00:17:13,818 -     || MOST used devcode: 828
2024-02-11 00:17:13,885 -     || saved model
2024-02-11 00:17:13,888 - 
2024-02-11 00:17:13,888 - #epc: 15
2024-02-11 00:17:14,631 - epc:15, epc_KL:  1.000000
2024-02-11 00:24:29,886 - exact_match_tst_copy_acc: 0.810
2024-02-11 00:24:29,887 - exact_match_tst_reinflection_wlemma: 0.377
2024-02-11 00:24:29,888 - exact_match_tst_reinflection_wlemma_TAGFINDER1: 0.317
2024-02-11 00:24:29,889 - exact_match_tst_reinflection_wlemma_TAGFINDER1_or_2: 0.375
2024-02-11 00:24:30,149 - TRN || epcloss: 0.0983
2024-02-11 00:24:30,150 -     || Q: 0.5919
2024-02-11 00:24:30,151 -     || KL: 0.2226
2024-02-11 00:24:30,152 -     || token_match: 0.000, exact_match: 0.000
2024-02-11 00:24:30,153 -     || unique taglist code: 3339
2024-02-11 00:24:30,154 - DEV || epcloss: 0.0476
2024-02-11 00:24:30,155 -     || Q: 0.5970
2024-02-11 00:24:30,156 -     || KL: 0.4101
2024-02-11 00:24:30,156 -     || token_match: 0.000, exact_match: 0.000
2024-02-11 00:24:30,157 -     || unique taglist code: 836
2024-02-11 00:24:30,159 -     || seen taglist code: 836
2024-02-11 00:24:30,159 -     || MOST used trncode: 3339
2024-02-11 00:24:30,160 -     || MOST used devcode: 836
2024-02-11 00:24:30,237 -     || saved model
2024-02-11 00:24:30,239 - 
2024-02-11 00:24:30,240 - #epc: 16
2024-02-11 00:24:30,953 - epc:16, epc_KL:  1.000000
2024-02-11 00:31:42,443 - exact_match_tst_copy_acc: 0.854
2024-02-11 00:31:42,445 - exact_match_tst_reinflection_wlemma: 0.438
2024-02-11 00:31:42,446 - exact_match_tst_reinflection_wlemma_TAGFINDER1: 0.372
2024-02-11 00:31:42,447 - exact_match_tst_reinflection_wlemma_TAGFINDER1_or_2: 0.427
2024-02-11 00:31:42,801 - TRN || epcloss: 0.0989
2024-02-11 00:31:42,802 -     || Q: 0.5898
2024-02-11 00:31:42,803 -     || KL: 0.2209
2024-02-11 00:31:42,804 -     || token_match: 0.000, exact_match: 0.000
2024-02-11 00:31:42,805 -     || unique taglist code: 3293
2024-02-11 00:31:42,806 - DEV || epcloss: 0.0396
2024-02-11 00:31:42,807 -     || Q: 0.5782
2024-02-11 00:31:42,808 -     || KL: 0.3848
2024-02-11 00:31:42,809 -     || token_match: 0.000, exact_match: 0.000
2024-02-11 00:31:42,810 -     || unique taglist code: 845
2024-02-11 00:31:42,811 -     || seen taglist code: 844
2024-02-11 00:31:42,812 -     || MOST used devcode: 845
2024-02-11 00:31:42,885 -     || saved model
2024-02-11 00:31:42,888 - 
2024-02-11 00:31:42,889 - #epc: 17
2024-02-11 00:31:43,653 - epc:17, epc_KL:  1.000000
2024-02-11 00:38:50,445 - exact_match_tst_copy_acc: 0.838
2024-02-11 00:38:50,447 - exact_match_tst_reinflection_wlemma: 0.431
2024-02-11 00:38:50,448 - exact_match_tst_reinflection_wlemma_TAGFINDER1: 0.376
2024-02-11 00:38:50,449 - exact_match_tst_reinflection_wlemma_TAGFINDER1_or_2: 0.429
2024-02-11 00:38:50,808 - TRN || epcloss: 0.1059
2024-02-11 00:38:50,809 -     || Q: 0.5990
2024-02-11 00:38:50,810 -     || KL: 0.2215
2024-02-11 00:38:50,811 -     || token_match: 0.000, exact_match: 0.000
2024-02-11 00:38:50,812 -     || unique taglist code: 3425
2024-02-11 00:38:50,813 - DEV || epcloss: 0.0429
2024-02-11 00:38:50,815 -     || Q: 0.5935
2024-02-11 00:38:50,816 -     || KL: 0.3933
2024-02-11 00:38:50,817 -     || token_match: 0.000, exact_match: 0.000
2024-02-11 00:38:50,818 -     || unique taglist code: 858
2024-02-11 00:38:50,820 -     || seen taglist code: 855
2024-02-11 00:38:50,821 -     || MOST used trncode: 3425
2024-02-11 00:38:50,822 -     || MOST used devcode: 858
2024-02-11 00:38:50,912 -     || saved model
2024-02-11 00:38:50,915 - 
2024-02-11 00:38:50,916 - #epc: 18
2024-02-11 00:38:51,766 - epc:18, epc_KL:  1.000000
2024-02-11 00:46:06,337 - exact_match_tst_copy_acc: 0.802
2024-02-11 00:46:06,339 - exact_match_tst_reinflection_wlemma: 0.415
2024-02-11 00:46:06,340 - exact_match_tst_reinflection_wlemma_TAGFINDER1: 0.357
2024-02-11 00:46:06,341 - exact_match_tst_reinflection_wlemma_TAGFINDER1_or_2: 0.419
2024-02-11 00:46:06,636 - TRN || epcloss: 0.1172
2024-02-11 00:46:06,637 -     || Q: 0.6313
2024-02-11 00:46:06,638 -     || KL: 0.2248
2024-02-11 00:46:06,640 -     || token_match: 0.000, exact_match: 0.000
2024-02-11 00:46:06,640 -     || unique taglist code: 3485
2024-02-11 00:46:06,642 - DEV || epcloss: 0.0563
2024-02-11 00:46:06,643 -     || Q: 0.7084
2024-02-11 00:46:06,644 -     || KL: 0.4037
2024-02-11 00:46:06,645 -     || token_match: 0.000, exact_match: 0.000
2024-02-11 00:46:06,646 -     || unique taglist code: 893
2024-02-11 00:46:06,647 -     || seen taglist code: 892
2024-02-11 00:46:06,648 -     || MOST used trncode: 3485
2024-02-11 00:46:06,649 -     || MOST used devcode: 893
2024-02-11 00:46:06,727 -     || saved model
2024-02-11 00:46:06,730 - 
2024-02-11 00:46:06,731 - #epc: 19
2024-02-11 00:46:07,443 - epc:19, epc_KL:  1.000000
2024-02-11 00:53:21,267 - exact_match_tst_copy_acc: 0.517
2024-02-11 00:53:21,268 - exact_match_tst_reinflection_wlemma: 0.233
2024-02-11 00:53:21,269 - exact_match_tst_reinflection_wlemma_TAGFINDER1: 0.192
2024-02-11 00:53:21,270 - exact_match_tst_reinflection_wlemma_TAGFINDER1_or_2: 0.252
2024-02-11 00:53:21,518 - TRN || epcloss: 0.1831
2024-02-11 00:53:21,519 -     || Q: 0.6871
2024-02-11 00:53:21,520 -     || KL: 0.2549
2024-02-11 00:53:21,521 -     || token_match: 0.000, exact_match: 0.000
2024-02-11 00:53:21,522 -     || unique taglist code: 3599
2024-02-11 00:53:21,523 - DEV || epcloss: 0.1895
2024-02-11 00:53:21,524 -     || Q: 0.8264
2024-02-11 00:53:21,525 -     || KL: 0.5640
2024-02-11 00:53:21,526 -     || token_match: 0.000, exact_match: 0.000
2024-02-11 00:53:21,527 -     || unique taglist code: 891
2024-02-11 00:53:21,528 -     || seen taglist code: 889
2024-02-11 00:53:21,529 -     || MOST used trncode: 3599
2024-02-11 00:53:21,651 -     || saved model
2024-02-11 00:53:21,655 - 
2024-02-11 00:53:21,656 - #epc: 20
2024-02-11 00:53:22,370 - epc:20, epc_KL:  1.000000
2024-02-11 01:00:37,021 - exact_match_tst_copy_acc: 0.667
2024-02-11 01:00:37,022 - exact_match_tst_reinflection_wlemma: 0.294
2024-02-11 01:00:37,023 - exact_match_tst_reinflection_wlemma_TAGFINDER1: 0.258
2024-02-11 01:00:37,024 - exact_match_tst_reinflection_wlemma_TAGFINDER1_or_2: 0.309
2024-02-11 01:00:37,358 - TRN || epcloss: 0.2231
2024-02-11 01:00:37,359 -     || Q: 0.7149
2024-02-11 01:00:37,360 -     || KL: 0.2471
2024-02-11 01:00:37,361 -     || token_match: 0.000, exact_match: 0.000
2024-02-11 01:00:37,362 -     || unique taglist code: 3357
2024-02-11 01:00:37,363 - DEV || epcloss: 0.0964
2024-02-11 01:00:37,364 -     || Q: 0.7425
2024-02-11 01:00:37,365 -     || KL: 0.4323
2024-02-11 01:00:37,366 -     || token_match: 0.000, exact_match: 0.000
2024-02-11 01:00:37,367 -     || unique taglist code: 809
2024-02-11 01:00:37,369 -     || seen taglist code: 807
2024-02-11 01:00:37,489 -     || saved model
2024-02-11 01:00:37,492 - 
2024-02-11 01:00:37,494 - #epc: 21
2024-02-11 01:00:38,302 - epc:21, epc_KL:  1.000000
2024-02-11 01:07:51,540 - exact_match_tst_copy_acc: 0.746
2024-02-11 01:07:51,541 - exact_match_tst_reinflection_wlemma: 0.322
2024-02-11 01:07:51,542 - exact_match_tst_reinflection_wlemma_TAGFINDER1: 0.282
2024-02-11 01:07:51,543 - exact_match_tst_reinflection_wlemma_TAGFINDER1_or_2: 0.337
2024-02-11 01:07:51,819 - TRN || epcloss: 0.1618
2024-02-11 01:07:51,821 -     || Q: 0.6370
2024-02-11 01:07:51,822 -     || KL: 0.2394
2024-02-11 01:07:51,823 -     || token_match: 0.000, exact_match: 0.000
2024-02-11 01:07:51,823 -     || unique taglist code: 3221
2024-02-11 01:07:51,824 - DEV || epcloss: 0.0740
2024-02-11 01:07:51,825 -     || Q: 0.6321
2024-02-11 01:07:51,826 -     || KL: 0.4153
2024-02-11 01:07:51,827 -     || token_match: 0.000, exact_match: 0.000
2024-02-11 01:07:51,828 -     || unique taglist code: 844
2024-02-11 01:07:51,830 -     || seen taglist code: 837
2024-02-11 01:07:51,906 -     || saved model
2024-02-11 01:07:51,908 - 
2024-02-11 01:07:51,909 - #epc: 22
2024-02-11 01:07:52,613 - epc:22, epc_KL:  1.000000
2024-02-11 01:15:11,085 - exact_match_tst_copy_acc: 0.058
2024-02-11 01:15:11,087 - exact_match_tst_reinflection_wlemma: 0.016
2024-02-11 01:15:11,088 - exact_match_tst_reinflection_wlemma_TAGFINDER1: 0.014
2024-02-11 01:15:11,089 - exact_match_tst_reinflection_wlemma_TAGFINDER1_or_2: 0.020
2024-02-11 01:15:11,321 - TRN || epcloss: 0.7197
2024-02-11 01:15:11,322 -     || Q: 1.3606
2024-02-11 01:15:11,323 -     || KL: 0.3186
2024-02-11 01:15:11,324 -     || token_match: 0.000, exact_match: 0.000
2024-02-11 01:15:11,325 -     || unique taglist code: 3628
2024-02-11 01:15:11,326 - DEV || epcloss: 0.4187
2024-02-11 01:15:11,327 -     || Q: 1.1164
2024-02-11 01:15:11,328 -     || KL: 0.5145
2024-02-11 01:15:11,328 -     || token_match: 0.000, exact_match: 0.000
2024-02-11 01:15:11,329 -     || unique taglist code: 276
2024-02-11 01:15:11,331 -     || seen taglist code: 276
2024-02-11 01:15:11,332 -     || MOST used trncode: 3628
2024-02-11 01:15:11,445 -     || saved model
2024-02-11 01:15:11,447 - 
2024-02-11 01:15:11,449 - #epc: 23
2024-02-11 01:15:12,150 - epc:23, epc_KL:  1.000000
2024-02-11 01:22:25,647 - exact_match_tst_copy_acc: 0.111
2024-02-11 01:22:25,649 - exact_match_tst_reinflection_wlemma: 0.018
2024-02-11 01:22:25,649 - exact_match_tst_reinflection_wlemma_TAGFINDER1: 0.013
2024-02-11 01:22:25,651 - exact_match_tst_reinflection_wlemma_TAGFINDER1_or_2: 0.022
2024-02-11 01:22:25,938 - TRN || epcloss: 0.9909
2024-02-11 01:22:25,939 -     || Q: 1.1808
2024-02-11 01:22:25,940 -     || KL: 0.3026
2024-02-11 01:22:25,940 -     || token_match: 0.000, exact_match: 0.000
2024-02-11 01:22:25,941 -     || unique taglist code: 2113
2024-02-11 01:22:25,942 - DEV || epcloss: 0.4538
2024-02-11 01:22:25,943 -     || Q: 0.9016
2024-02-11 01:22:25,944 -     || KL: 0.4738
2024-02-11 01:22:25,945 -     || token_match: 0.000, exact_match: 0.000
2024-02-11 01:22:25,946 -     || unique taglist code: 462
2024-02-11 01:22:25,947 -     || seen taglist code: 462
2024-02-11 01:22:26,047 -     || saved model
2024-02-11 01:22:26,050 - 
2024-02-11 01:22:26,051 - #epc: 24
2024-02-11 01:22:26,766 - epc:24, epc_KL:  1.000000
2024-02-11 01:29:36,262 - exact_match_tst_copy_acc: 0.530
2024-02-11 01:29:36,263 - exact_match_tst_reinflection_wlemma: 0.127
2024-02-11 01:29:36,264 - exact_match_tst_reinflection_wlemma_TAGFINDER1: 0.105
2024-02-11 01:29:36,265 - exact_match_tst_reinflection_wlemma_TAGFINDER1_or_2: 0.134
2024-02-11 01:29:36,528 - TRN || epcloss: 0.4123
2024-02-11 01:29:36,529 -     || Q: 0.9056
2024-02-11 01:29:36,530 -     || KL: 0.2721
2024-02-11 01:29:36,531 -     || token_match: 0.000, exact_match: 0.000
2024-02-11 01:29:36,532 -     || unique taglist code: 2536
2024-02-11 01:29:36,533 - DEV || epcloss: 0.1698
2024-02-11 01:29:36,534 -     || Q: 0.8938
2024-02-11 01:29:36,535 -     || KL: 0.4805
2024-02-11 01:29:36,536 -     || token_match: 0.000, exact_match: 0.000
2024-02-11 01:29:36,537 -     || unique taglist code: 717
2024-02-11 01:29:36,538 -     || seen taglist code: 712
2024-02-11 01:29:36,622 -     || saved model
2024-02-11 01:29:36,625 - 
2024-02-11 01:29:36,626 - #epc: 25
2024-02-11 01:29:37,329 - epc:25, epc_KL:  1.000000
2024-02-11 01:36:03,306 - exact_match_tst_copy_acc: 0.022
2024-02-11 01:36:03,307 - exact_match_tst_reinflection_wlemma: 0.008
2024-02-11 01:36:03,308 - exact_match_tst_reinflection_wlemma_TAGFINDER1: 0.006
2024-02-11 01:36:03,309 - exact_match_tst_reinflection_wlemma_TAGFINDER1_or_2: 0.011
2024-02-11 01:36:03,554 - TRN || epcloss: 0.3370
2024-02-11 01:36:03,555 -     || Q: 1.0031
2024-02-11 01:36:03,556 -     || KL: 0.2896
2024-02-11 01:36:03,557 -     || token_match: 0.000, exact_match: 0.000
2024-02-11 01:36:03,558 -     || unique taglist code: 3704
2024-02-11 01:36:03,559 - DEV || epcloss: 0.8458
2024-02-11 01:36:03,560 -     || Q: 2.2500
2024-02-11 01:36:03,561 -     || KL: 0.8535
2024-02-11 01:36:03,562 -     || token_match: 0.000, exact_match: 0.000
2024-02-11 01:36:03,563 -     || unique taglist code: 427
2024-02-11 01:36:03,564 -     || seen taglist code: 425
2024-02-11 01:36:03,565 -     || MOST used trncode: 3704
2024-02-11 01:36:03,655 -     || saved model
2024-02-11 01:36:03,657 - 
2024-02-11 01:36:03,658 - #epc: 26
2024-02-11 01:36:04,214 - epc:26, epc_KL:  1.000000
2024-02-11 01:44:37,396 - exact_match_tst_copy_acc: 0.000
2024-02-11 01:44:37,397 - exact_match_tst_reinflection_wlemma: 0.000
2024-02-11 01:44:37,398 - exact_match_tst_reinflection_wlemma_TAGFINDER1: 0.000
2024-02-11 01:44:37,399 - exact_match_tst_reinflection_wlemma_TAGFINDER1_or_2: 0.000
2024-02-11 01:44:38,650 - TRN || epcloss: 1.4684
2024-02-11 01:44:38,651 -     || Q: 1.6312
2024-02-11 01:44:38,652 -     || KL: 0.4705
2024-02-11 01:44:38,653 -     || token_match: 0.000, exact_match: 0.000
2024-02-11 01:44:38,654 -     || unique taglist code: 2666
2024-02-11 01:44:38,655 - DEV || epcloss: 2.8185
2024-02-11 01:44:38,656 -     || Q: 1.9065
2024-02-11 01:44:38,657 -     || KL: 1.0237
2024-02-11 01:44:38,658 -     || token_match: 0.000, exact_match: 0.000
2024-02-11 01:44:38,659 -     || unique taglist code: 128
2024-02-11 01:44:38,660 -     || seen taglist code: 128
2024-02-11 01:44:38,748 -     || saved model
2024-02-11 01:44:38,750 - 
2024-02-11 01:44:38,751 - #epc: 27
2024-02-11 01:44:39,304 - epc:27, epc_KL:  1.000000
2024-02-11 01:50:51,662 - exact_match_tst_copy_acc: 0.051
2024-02-11 01:50:51,663 - exact_match_tst_reinflection_wlemma: 0.002
2024-02-11 01:50:51,664 - exact_match_tst_reinflection_wlemma_TAGFINDER1: 0.003
2024-02-11 01:50:51,665 - exact_match_tst_reinflection_wlemma_TAGFINDER1_or_2: 0.004
2024-02-11 01:50:52,037 - TRN || epcloss: 1.2679
2024-02-11 01:50:52,038 -     || Q: 0.9038
2024-02-11 01:50:52,039 -     || KL: 0.3185
2024-02-11 01:50:52,040 -     || token_match: 0.000, exact_match: 0.000
2024-02-11 01:50:52,041 -     || unique taglist code: 752
2024-02-11 01:50:52,042 - DEV || epcloss: 0.6338
2024-02-11 01:50:52,043 -     || Q: 0.6366
2024-02-11 01:50:52,044 -     || KL: 0.4726
2024-02-11 01:50:52,045 -     || token_match: 0.000, exact_match: 0.000
2024-02-11 01:50:52,046 -     || unique taglist code: 275
2024-02-11 01:50:52,047 -     || seen taglist code: 273
2024-02-11 01:50:52,124 -     || saved model
2024-02-11 01:50:52,126 - 
2024-02-11 01:50:52,127 - #epc: 28
2024-02-11 01:50:52,658 - epc:28, epc_KL:  1.000000
2024-02-11 01:57:03,488 - exact_match_tst_copy_acc: 0.301
2024-02-11 01:57:03,489 - exact_match_tst_reinflection_wlemma: 0.028
2024-02-11 01:57:03,490 - exact_match_tst_reinflection_wlemma_TAGFINDER1: 0.017
2024-02-11 01:57:03,491 - exact_match_tst_reinflection_wlemma_TAGFINDER1_or_2: 0.030
2024-02-11 01:57:03,867 - TRN || epcloss: 0.5629
2024-02-11 01:57:03,868 -     || Q: 0.7699
2024-02-11 01:57:03,869 -     || KL: 0.2771
2024-02-11 01:57:03,870 -     || token_match: 0.000, exact_match: 0.000
2024-02-11 01:57:03,871 -     || unique taglist code: 1996
2024-02-11 01:57:03,872 - DEV || epcloss: 0.2987
2024-02-11 01:57:03,873 -     || Q: 0.8979
2024-02-11 01:57:03,873 -     || KL: 0.5024
2024-02-11 01:57:03,874 -     || token_match: 0.000, exact_match: 0.000
2024-02-11 01:57:03,875 -     || unique taglist code: 577
2024-02-11 01:57:03,876 -     || seen taglist code: 574
2024-02-11 01:57:03,923 -     || saved model
2024-02-11 01:57:03,925 - 
2024-02-11 01:57:03,926 - #epc: 29
2024-02-11 01:57:04,473 - epc:29, epc_KL:  1.000000
2024-02-11 02:03:35,623 - exact_match_tst_copy_acc: 0.452
2024-02-11 02:03:35,624 - exact_match_tst_reinflection_wlemma: 0.062
2024-02-11 02:03:35,625 - exact_match_tst_reinflection_wlemma_TAGFINDER1: 0.046
2024-02-11 02:03:35,627 - exact_match_tst_reinflection_wlemma_TAGFINDER1_or_2: 0.060
2024-02-11 02:03:36,039 - TRN || epcloss: 0.3884
2024-02-11 02:03:36,040 -     || Q: 0.9287
2024-02-11 02:03:36,041 -     || KL: 0.2952
2024-02-11 02:03:36,042 -     || token_match: 0.000, exact_match: 0.000
2024-02-11 02:03:36,043 -     || unique taglist code: 2931
2024-02-11 02:03:36,044 - DEV || epcloss: 0.2087
2024-02-11 02:03:36,045 -     || Q: 0.8432
2024-02-11 02:03:36,046 -     || KL: 0.5153
2024-02-11 02:03:36,047 -     || token_match: 0.000, exact_match: 0.000
2024-02-11 02:03:36,048 -     || unique taglist code: 667
2024-02-11 02:03:36,049 -     || seen taglist code: 665
2024-02-11 02:03:36,105 -     || saved model
2024-02-11 02:03:36,107 - 
2024-02-11 02:03:36,108 - #epc: 30
2024-02-11 02:03:36,661 - epc:30, epc_KL:  1.000000
2024-02-11 02:12:03,338 - exact_match_tst_copy_acc: 0.000
2024-02-11 02:12:03,339 - exact_match_tst_reinflection_wlemma: 0.000
2024-02-11 02:12:03,340 - exact_match_tst_reinflection_wlemma_TAGFINDER1: 0.000
2024-02-11 02:12:03,341 - exact_match_tst_reinflection_wlemma_TAGFINDER1_or_2: 0.000
2024-02-11 02:12:03,759 - TRN || epcloss: 0.3153
2024-02-11 02:12:03,760 -     || Q: 0.8831
2024-02-11 02:12:03,761 -     || KL: 0.2932
2024-02-11 02:12:03,762 -     || token_match: 0.000, exact_match: 0.000
2024-02-11 02:12:03,763 -     || unique taglist code: 3246
2024-02-11 02:12:03,764 - DEV || epcloss: 4.7485
2024-02-11 02:12:03,765 -     || Q: 11.8267
2024-02-11 02:12:03,766 -     || KL: 3.5082
2024-02-11 02:12:03,767 -     || token_match: 0.000, exact_match: 0.000
2024-02-11 02:12:03,767 -     || unique taglist code: 57
2024-02-11 02:12:03,768 -     || seen taglist code: 53
2024-02-11 02:12:03,819 -     || saved model
2024-02-11 02:12:03,821 - 
2024-02-11 02:12:03,822 - #epc: 31
2024-02-11 02:12:04,392 - epc:31, epc_KL:  1.000000
2024-02-11 02:18:24,377 - exact_match_tst_copy_acc: 0.021
2024-02-11 02:18:24,378 - exact_match_tst_reinflection_wlemma: 0.002
2024-02-11 02:18:24,379 - exact_match_tst_reinflection_wlemma_TAGFINDER1: 0.001
2024-02-11 02:18:24,380 - exact_match_tst_reinflection_wlemma_TAGFINDER1_or_2: 0.003
2024-02-11 02:18:24,785 - TRN || epcloss: 1.4037
2024-02-11 02:18:24,786 -     || Q: 2.4419
2024-02-11 02:18:24,788 -     || KL: 0.3822
2024-02-11 02:18:24,789 -     || token_match: 0.000, exact_match: 0.000
2024-02-11 02:18:24,790 -     || unique taglist code: 1931
2024-02-11 02:18:24,791 - DEV || epcloss: 0.7333
2024-02-11 02:18:24,792 -     || Q: 1.0971
2024-02-11 02:18:24,793 -     || KL: 0.5416
2024-02-11 02:18:24,794 -     || token_match: 0.000, exact_match: 0.000
2024-02-11 02:18:24,795 -     || unique taglist code: 297
2024-02-11 02:18:24,796 -     || seen taglist code: 297
2024-02-11 02:18:24,906 -     || saved model
2024-02-11 02:18:24,909 - 
2024-02-11 02:18:24,910 - #epc: 32
2024-02-11 02:18:25,465 - epc:32, epc_KL:  1.000000
2024-02-11 02:24:30,175 - exact_match_tst_copy_acc: 0.287
2024-02-11 02:24:30,176 - exact_match_tst_reinflection_wlemma: 0.026
2024-02-11 02:24:30,177 - exact_match_tst_reinflection_wlemma_TAGFINDER1: 0.018
2024-02-11 02:24:30,178 - exact_match_tst_reinflection_wlemma_TAGFINDER1_or_2: 0.026
2024-02-11 02:24:30,576 - TRN || epcloss: 0.6536
2024-02-11 02:24:30,577 -     || Q: 1.0529
2024-02-11 02:24:30,578 -     || KL: 0.2927
2024-02-11 02:24:30,579 -     || token_match: 0.000, exact_match: 0.000
2024-02-11 02:24:30,579 -     || unique taglist code: 1404
2024-02-11 02:24:30,580 - DEV || epcloss: 0.3452
2024-02-11 02:24:30,581 -     || Q: 1.0992
2024-02-11 02:24:30,582 -     || KL: 0.5229
2024-02-11 02:24:30,583 -     || token_match: 0.000, exact_match: 0.000
2024-02-11 02:24:30,584 -     || unique taglist code: 438
2024-02-11 02:24:30,585 -     || seen taglist code: 437
2024-02-11 02:24:30,654 -     || saved model
2024-02-11 02:24:30,655 - 
2024-02-11 02:24:30,656 - #epc: 33
2024-02-11 02:24:31,198 - epc:33, epc_KL:  1.000000
2024-02-11 02:30:32,688 - exact_match_tst_copy_acc: 0.454
2024-02-11 02:30:32,690 - exact_match_tst_reinflection_wlemma: 0.042
2024-02-11 02:30:32,691 - exact_match_tst_reinflection_wlemma_TAGFINDER1: 0.030
2024-02-11 02:30:32,692 - exact_match_tst_reinflection_wlemma_TAGFINDER1_or_2: 0.042
2024-02-11 02:30:33,092 - TRN || epcloss: 0.3950
2024-02-11 02:30:33,093 -     || Q: 1.0912
2024-02-11 02:30:33,094 -     || KL: 0.2947
2024-02-11 02:30:33,095 -     || token_match: 0.000, exact_match: 0.000
2024-02-11 02:30:33,096 -     || unique taglist code: 1944
2024-02-11 02:30:33,097 - DEV || epcloss: 0.2202
2024-02-11 02:30:33,098 -     || Q: 1.1283
2024-02-11 02:30:33,099 -     || KL: 0.5354
2024-02-11 02:30:33,100 -     || token_match: 0.000, exact_match: 0.000
2024-02-11 02:30:33,101 -     || unique taglist code: 569
2024-02-11 02:30:33,102 -     || seen taglist code: 568
2024-02-11 02:30:33,146 -     || saved model
2024-02-11 02:30:33,148 - 
2024-02-11 02:30:33,149 - #epc: 34
2024-02-11 02:30:33,683 - epc:34, epc_KL:  1.000000
2024-02-11 02:36:30,947 - exact_match_tst_copy_acc: 0.256
2024-02-11 02:36:30,948 - exact_match_tst_reinflection_wlemma: 0.025
2024-02-11 02:36:30,949 - exact_match_tst_reinflection_wlemma_TAGFINDER1: 0.018
2024-02-11 02:36:30,950 - exact_match_tst_reinflection_wlemma_TAGFINDER1_or_2: 0.028
2024-02-11 02:36:31,336 - TRN || epcloss: 0.5703
2024-02-11 02:36:31,337 -     || Q: 1.7085
2024-02-11 02:36:31,338 -     || KL: 0.3308
2024-02-11 02:36:31,339 -     || token_match: 0.000, exact_match: 0.000
2024-02-11 02:36:31,340 -     || unique taglist code: 2429
2024-02-11 02:36:31,341 - DEV || epcloss: 0.3191
2024-02-11 02:36:31,342 -     || Q: 1.5099
2024-02-11 02:36:31,343 -     || KL: 0.5339
2024-02-11 02:36:31,344 -     || token_match: 0.000, exact_match: 0.000
2024-02-11 02:36:31,345 -     || unique taglist code: 511
2024-02-11 02:36:31,346 -     || seen taglist code: 508
2024-02-11 02:36:31,396 -     || saved model
2024-02-11 02:36:31,398 - 
2024-02-11 02:36:31,399 - #epc: 35
2024-02-11 02:36:31,947 - epc:35, epc_KL:  1.000000
2024-02-11 02:42:32,963 - exact_match_tst_copy_acc: 0.577
2024-02-11 02:42:32,964 - exact_match_tst_reinflection_wlemma: 0.075
2024-02-11 02:42:32,965 - exact_match_tst_reinflection_wlemma_TAGFINDER1: 0.058
2024-02-11 02:42:32,966 - exact_match_tst_reinflection_wlemma_TAGFINDER1_or_2: 0.075
2024-02-11 02:42:33,398 - TRN || epcloss: 0.3321
2024-02-11 02:42:33,399 -     || Q: 1.1474
2024-02-11 02:42:33,400 -     || KL: 0.2963
2024-02-11 02:42:33,401 -     || token_match: 0.000, exact_match: 0.000
2024-02-11 02:42:33,402 -     || unique taglist code: 2206
2024-02-11 02:42:33,403 - DEV || epcloss: 0.1704
2024-02-11 02:42:33,404 -     || Q: 1.0077
2024-02-11 02:42:33,405 -     || KL: 0.5090
2024-02-11 02:42:33,406 -     || token_match: 0.000, exact_match: 0.000
2024-02-11 02:42:33,407 -     || unique taglist code: 618
2024-02-11 02:42:33,408 -     || seen taglist code: 617
2024-02-11 02:42:33,459 -     || saved model
2024-02-11 02:42:33,461 - 
2024-02-11 02:42:33,462 - #epc: 36
2024-02-11 02:42:33,993 - epc:36, epc_KL:  1.000000
2024-02-11 02:48:29,724 - exact_match_tst_copy_acc: 0.609
2024-02-11 02:48:29,725 - exact_match_tst_reinflection_wlemma: 0.104
2024-02-11 02:48:29,726 - exact_match_tst_reinflection_wlemma_TAGFINDER1: 0.083
2024-02-11 02:48:29,727 - exact_match_tst_reinflection_wlemma_TAGFINDER1_or_2: 0.105
2024-02-11 02:48:30,108 - TRN || epcloss: 0.2782
2024-02-11 02:48:30,109 -     || Q: 1.0496
2024-02-11 02:48:30,110 -     || KL: 0.2950
2024-02-11 02:48:30,111 -     || token_match: 0.000, exact_match: 0.000
2024-02-11 02:48:30,112 -     || unique taglist code: 2332
2024-02-11 02:48:30,113 - DEV || epcloss: 0.1433
2024-02-11 02:48:30,114 -     || Q: 0.9030
2024-02-11 02:48:30,115 -     || KL: 0.5042
2024-02-11 02:48:30,116 -     || token_match: 0.000, exact_match: 0.000
2024-02-11 02:48:30,117 -     || unique taglist code: 616
2024-02-11 02:48:30,118 -     || seen taglist code: 615
2024-02-11 02:48:30,170 -     || saved model
2024-02-11 02:48:30,172 - 
2024-02-11 02:48:30,173 - #epc: 37
2024-02-11 02:48:30,593 - epc:37, epc_KL:  1.000000
2024-02-11 02:54:26,169 - exact_match_tst_copy_acc: 0.705
2024-02-11 02:54:26,170 - exact_match_tst_reinflection_wlemma: 0.128
2024-02-11 02:54:26,171 - exact_match_tst_reinflection_wlemma_TAGFINDER1: 0.104
2024-02-11 02:54:26,172 - exact_match_tst_reinflection_wlemma_TAGFINDER1_or_2: 0.127
2024-02-11 02:54:26,523 - TRN || epcloss: 0.2134
2024-02-11 02:54:26,524 -     || Q: 0.9014
2024-02-11 02:54:26,525 -     || KL: 0.2797
2024-02-11 02:54:26,526 -     || token_match: 0.000, exact_match: 0.000
2024-02-11 02:54:26,527 -     || unique taglist code: 2398
2024-02-11 02:54:26,528 - DEV || epcloss: 0.1094
2024-02-11 02:54:26,529 -     || Q: 0.9622
2024-02-11 02:54:26,530 -     || KL: 0.4901
2024-02-11 02:54:26,531 -     || token_match: 0.000, exact_match: 0.000
2024-02-11 02:54:26,532 -     || unique taglist code: 639
2024-02-11 02:54:26,533 -     || seen taglist code: 637
2024-02-11 02:54:26,589 -     || saved model
2024-02-11 02:54:26,591 - 
2024-02-11 02:54:26,593 - #epc: 38
2024-02-11 02:54:27,014 - epc:38, epc_KL:  1.000000
2024-02-11 03:00:22,725 - exact_match_tst_copy_acc: 0.742
2024-02-11 03:00:22,725 - exact_match_tst_reinflection_wlemma: 0.192
2024-02-11 03:00:22,727 - exact_match_tst_reinflection_wlemma_TAGFINDER1: 0.163
2024-02-11 03:00:22,727 - exact_match_tst_reinflection_wlemma_TAGFINDER1_or_2: 0.191
2024-02-11 03:00:23,056 - TRN || epcloss: 0.1848
2024-02-11 03:00:23,057 -     || Q: 0.9178
2024-02-11 03:00:23,058 -     || KL: 0.2737
2024-02-11 03:00:23,059 -     || token_match: 0.000, exact_match: 0.000
2024-02-11 03:00:23,060 -     || unique taglist code: 2804
2024-02-11 03:00:23,061 - DEV || epcloss: 0.0893
2024-02-11 03:00:23,062 -     || Q: 0.9485
2024-02-11 03:00:23,063 -     || KL: 0.4804
2024-02-11 03:00:23,064 -     || token_match: 0.000, exact_match: 0.000
2024-02-11 03:00:23,065 -     || unique taglist code: 665
2024-02-11 03:00:23,066 -     || seen taglist code: 661
2024-02-11 03:00:23,114 -     || saved model
2024-02-11 03:00:23,115 - 
2024-02-11 03:00:23,116 - #epc: 39
2024-02-11 03:00:23,529 - epc:39, epc_KL:  1.000000
2024-02-11 03:06:18,845 - exact_match_tst_copy_acc: 0.762
2024-02-11 03:06:18,846 - exact_match_tst_reinflection_wlemma: 0.179
2024-02-11 03:06:18,847 - exact_match_tst_reinflection_wlemma_TAGFINDER1: 0.148
2024-02-11 03:06:18,848 - exact_match_tst_reinflection_wlemma_TAGFINDER1_or_2: 0.174
2024-02-11 03:06:19,167 - TRN || epcloss: 0.1660
2024-02-11 03:06:19,168 -     || Q: 0.8973
2024-02-11 03:06:19,169 -     || KL: 0.2686
2024-02-11 03:06:19,170 -     || token_match: 0.000, exact_match: 0.000
2024-02-11 03:06:19,171 -     || unique taglist code: 3056
2024-02-11 03:06:19,172 - DEV || epcloss: 0.0840
2024-02-11 03:06:19,173 -     || Q: 0.9910
2024-02-11 03:06:19,174 -     || KL: 0.4659
2024-02-11 03:06:19,175 -     || token_match: 0.000, exact_match: 0.000
2024-02-11 03:06:19,176 -     || unique taglist code: 689
2024-02-11 03:06:19,177 -     || seen taglist code: 689
2024-02-11 03:06:19,227 -     || saved model
2024-02-11 03:06:19,229 - 
2024-02-11 03:06:19,230 - #epc: 40
2024-02-11 03:06:19,651 - epc:40, epc_KL:  1.000000
2024-02-11 03:12:52,377 - exact_match_tst_copy_acc: 0.780
2024-02-11 03:12:52,379 - exact_match_tst_reinflection_wlemma: 0.225
2024-02-11 03:12:52,379 - exact_match_tst_reinflection_wlemma_TAGFINDER1: 0.190
2024-02-11 03:12:52,380 - exact_match_tst_reinflection_wlemma_TAGFINDER1_or_2: 0.218
2024-02-11 03:12:52,704 - TRN || epcloss: 0.1543
2024-02-11 03:12:52,705 -     || Q: 0.8899
2024-02-11 03:12:52,706 -     || KL: 0.2649
2024-02-11 03:12:52,707 -     || token_match: 0.000, exact_match: 0.000
2024-02-11 03:12:52,708 -     || unique taglist code: 3318
2024-02-11 03:12:52,709 - DEV || epcloss: 0.0724
2024-02-11 03:12:52,710 -     || Q: 0.9163
2024-02-11 03:12:52,711 -     || KL: 0.4653
2024-02-11 03:12:52,711 -     || token_match: 0.000, exact_match: 0.000
2024-02-11 03:12:52,712 -     || unique taglist code: 752
2024-02-11 03:12:52,713 -     || seen taglist code: 751
2024-02-11 03:12:52,761 -     || saved model
2024-02-11 03:12:52,762 - 
2024-02-11 03:12:52,763 - #epc: 41
2024-02-11 03:12:53,200 - epc:41, epc_KL:  1.000000
2024-02-11 03:19:48,718 - exact_match_tst_copy_acc: 0.788
2024-02-11 03:19:48,719 - exact_match_tst_reinflection_wlemma: 0.233
2024-02-11 03:19:48,720 - exact_match_tst_reinflection_wlemma_TAGFINDER1: 0.211
2024-02-11 03:19:48,721 - exact_match_tst_reinflection_wlemma_TAGFINDER1_or_2: 0.236
2024-02-11 03:19:49,051 - TRN || epcloss: 0.1475
2024-02-11 03:19:49,052 -     || Q: 0.8870
2024-02-11 03:19:49,053 -     || KL: 0.2621
2024-02-11 03:19:49,054 -     || token_match: 0.000, exact_match: 0.000
2024-02-11 03:19:49,055 -     || unique taglist code: 3406
2024-02-11 03:19:49,056 - DEV || epcloss: 0.0704
2024-02-11 03:19:49,057 -     || Q: 0.9259
2024-02-11 03:19:49,058 -     || KL: 0.4656
2024-02-11 03:19:49,059 -     || token_match: 0.000, exact_match: 0.000
2024-02-11 03:19:49,060 -     || unique taglist code: 788
2024-02-11 03:19:49,062 -     || seen taglist code: 785
2024-02-11 03:19:49,113 -     || saved model
2024-02-11 03:19:49,115 - 
2024-02-11 03:19:49,116 - #epc: 42
2024-02-11 03:19:49,564 - epc:42, epc_KL:  1.000000
2024-02-11 03:26:14,228 - exact_match_tst_copy_acc: 0.789
2024-02-11 03:26:14,229 - exact_match_tst_reinflection_wlemma: 0.239
2024-02-11 03:26:14,230 - exact_match_tst_reinflection_wlemma_TAGFINDER1: 0.203
2024-02-11 03:26:14,231 - exact_match_tst_reinflection_wlemma_TAGFINDER1_or_2: 0.233
2024-02-11 03:26:14,575 - TRN || epcloss: 0.1440
2024-02-11 03:26:14,576 -     || Q: 0.8843
2024-02-11 03:26:14,577 -     || KL: 0.2601
2024-02-11 03:26:14,578 -     || token_match: 0.000, exact_match: 0.000
2024-02-11 03:26:14,579 -     || unique taglist code: 3425
2024-02-11 03:26:14,580 - DEV || epcloss: 0.0688
2024-02-11 03:26:14,581 -     || Q: 1.0107
2024-02-11 03:26:14,582 -     || KL: 0.4691
2024-02-11 03:26:14,583 -     || token_match: 0.000, exact_match: 0.000
2024-02-11 03:26:14,584 -     || unique taglist code: 789
2024-02-11 03:26:14,585 -     || seen taglist code: 789
2024-02-11 03:26:14,660 -     || saved model
2024-02-11 03:26:14,663 - 
2024-02-11 03:26:14,664 - #epc: 43
2024-02-11 03:26:15,103 - epc:43, epc_KL:  1.000000
2024-02-11 03:32:13,176 - exact_match_tst_copy_acc: 0.807
2024-02-11 03:32:13,177 - exact_match_tst_reinflection_wlemma: 0.254
2024-02-11 03:32:13,178 - exact_match_tst_reinflection_wlemma_TAGFINDER1: 0.221
2024-02-11 03:32:13,179 - exact_match_tst_reinflection_wlemma_TAGFINDER1_or_2: 0.254
2024-02-11 03:32:13,522 - TRN || epcloss: 0.1385
2024-02-11 03:32:13,523 -     || Q: 0.8707
2024-02-11 03:32:13,524 -     || KL: 0.2573
2024-02-11 03:32:13,525 -     || token_match: 0.000, exact_match: 0.000
2024-02-11 03:32:13,526 -     || unique taglist code: 3372
2024-02-11 03:32:13,527 - DEV || epcloss: 0.0647
2024-02-11 03:32:13,528 -     || Q: 0.9037
2024-02-11 03:32:13,529 -     || KL: 0.4542
2024-02-11 03:32:13,530 -     || token_match: 0.000, exact_match: 0.000
2024-02-11 03:32:13,531 -     || unique taglist code: 785
2024-02-11 03:32:13,532 -     || seen taglist code: 783
2024-02-11 03:32:13,579 -     || saved model
2024-02-11 03:32:13,581 - 
2024-02-11 03:32:13,581 - #epc: 44
2024-02-11 03:32:13,990 - epc:44, epc_KL:  1.000000
2024-02-11 03:38:10,495 - exact_match_tst_copy_acc: 0.817
2024-02-11 03:38:10,497 - exact_match_tst_reinflection_wlemma: 0.278
2024-02-11 03:38:10,498 - exact_match_tst_reinflection_wlemma_TAGFINDER1: 0.242
2024-02-11 03:38:10,499 - exact_match_tst_reinflection_wlemma_TAGFINDER1_or_2: 0.274
2024-02-11 03:38:10,913 - TRN || epcloss: 0.1339
2024-02-11 03:38:10,914 -     || Q: 0.8740
2024-02-11 03:38:10,915 -     || KL: 0.2539
2024-02-11 03:38:10,916 -     || token_match: 0.000, exact_match: 0.000
2024-02-11 03:38:10,917 -     || unique taglist code: 3411
2024-02-11 03:38:10,918 - DEV || epcloss: 0.0631
2024-02-11 03:38:10,919 -     || Q: 0.9165
2024-02-11 03:38:10,920 -     || KL: 0.4445
2024-02-11 03:38:10,921 -     || token_match: 0.000, exact_match: 0.000
2024-02-11 03:38:10,922 -     || unique taglist code: 825
2024-02-11 03:38:10,924 -     || seen taglist code: 825
2024-02-11 03:38:11,027 -     || saved model
2024-02-11 03:38:11,029 - 
2024-02-11 03:38:11,030 - #epc: 45
2024-02-11 03:38:11,442 - epc:45, epc_KL:  1.000000
2024-02-11 03:44:09,618 - exact_match_tst_copy_acc: 0.820
2024-02-11 03:44:09,619 - exact_match_tst_reinflection_wlemma: 0.315
2024-02-11 03:44:09,619 - exact_match_tst_reinflection_wlemma_TAGFINDER1: 0.270
2024-02-11 03:44:09,620 - exact_match_tst_reinflection_wlemma_TAGFINDER1_or_2: 0.308
2024-02-11 03:44:09,977 - TRN || epcloss: 0.1288
2024-02-11 03:44:09,978 -     || Q: 0.8446
2024-02-11 03:44:09,979 -     || KL: 0.2516
2024-02-11 03:44:09,980 -     || token_match: 0.000, exact_match: 0.000
2024-02-11 03:44:09,980 -     || unique taglist code: 3333
2024-02-11 03:44:09,981 - DEV || epcloss: 0.0587
2024-02-11 03:44:09,982 -     || Q: 0.8959
2024-02-11 03:44:09,983 -     || KL: 0.4428
2024-02-11 03:44:09,984 -     || token_match: 0.000, exact_match: 0.000
2024-02-11 03:44:09,985 -     || unique taglist code: 826
2024-02-11 03:44:09,986 -     || seen taglist code: 823
2024-02-11 03:44:10,036 -     || saved model
2024-02-11 03:44:10,038 - 
2024-02-11 03:44:10,039 - #epc: 46
2024-02-11 03:44:10,464 - epc:46, epc_KL:  1.000000
2024-02-11 03:50:07,005 - exact_match_tst_copy_acc: 0.834
2024-02-11 03:50:07,006 - exact_match_tst_reinflection_wlemma: 0.304
2024-02-11 03:50:07,007 - exact_match_tst_reinflection_wlemma_TAGFINDER1: 0.267
2024-02-11 03:50:07,008 - exact_match_tst_reinflection_wlemma_TAGFINDER1_or_2: 0.304
2024-02-11 03:50:07,371 - TRN || epcloss: 0.1292
2024-02-11 03:50:07,372 -     || Q: 0.8444
2024-02-11 03:50:07,373 -     || KL: 0.2506
2024-02-11 03:50:07,374 -     || token_match: 0.000, exact_match: 0.000
2024-02-11 03:50:07,375 -     || unique taglist code: 3279
2024-02-11 03:50:07,375 - DEV || epcloss: 0.0528
2024-02-11 03:50:07,376 -     || Q: 0.8620
2024-02-11 03:50:07,377 -     || KL: 0.4390
2024-02-11 03:50:07,378 -     || token_match: 0.000, exact_match: 0.000
2024-02-11 03:50:07,379 -     || unique taglist code: 804
2024-02-11 03:50:07,380 -     || seen taglist code: 802
2024-02-11 03:50:07,428 -     || saved model
2024-02-11 03:50:07,429 - 
2024-02-11 03:50:07,430 - #epc: 47
2024-02-11 03:50:07,845 - epc:47, epc_KL:  1.000000
2024-02-11 03:56:02,267 - exact_match_tst_copy_acc: 0.814
2024-02-11 03:56:02,268 - exact_match_tst_reinflection_wlemma: 0.300
2024-02-11 03:56:02,269 - exact_match_tst_reinflection_wlemma_TAGFINDER1: 0.258
2024-02-11 03:56:02,270 - exact_match_tst_reinflection_wlemma_TAGFINDER1_or_2: 0.289
2024-02-11 03:56:02,635 - TRN || epcloss: 0.1252
2024-02-11 03:56:02,636 -     || Q: 0.8391
2024-02-11 03:56:02,636 -     || KL: 0.2491
2024-02-11 03:56:02,637 -     || token_match: 0.000, exact_match: 0.000
2024-02-11 03:56:02,638 -     || unique taglist code: 3171
2024-02-11 03:56:02,639 - DEV || epcloss: 0.0588
2024-02-11 03:56:02,640 -     || Q: 0.9047
2024-02-11 03:56:02,641 -     || KL: 0.4412
2024-02-11 03:56:02,642 -     || token_match: 0.000, exact_match: 0.000
2024-02-11 03:56:02,643 -     || unique taglist code: 784
2024-02-11 03:56:02,644 -     || seen taglist code: 783
2024-02-11 03:56:02,693 -     || saved model
2024-02-11 03:56:02,695 - 
2024-02-11 03:56:02,696 - #epc: 48
2024-02-11 03:56:03,117 - epc:48, epc_KL:  1.000000
2024-02-11 04:01:57,088 - exact_match_tst_copy_acc: 0.822
2024-02-11 04:01:57,089 - exact_match_tst_reinflection_wlemma: 0.298
2024-02-11 04:01:57,090 - exact_match_tst_reinflection_wlemma_TAGFINDER1: 0.253
2024-02-11 04:01:57,091 - exact_match_tst_reinflection_wlemma_TAGFINDER1_or_2: 0.292
2024-02-11 04:01:57,449 - TRN || epcloss: 0.1260
2024-02-11 04:01:57,450 -     || Q: 0.8526
2024-02-11 04:01:57,451 -     || KL: 0.2482
2024-02-11 04:01:57,452 -     || token_match: 0.000, exact_match: 0.000
2024-02-11 04:01:57,453 -     || unique taglist code: 3160
2024-02-11 04:01:57,454 - DEV || epcloss: 0.0560
2024-02-11 04:01:57,455 -     || Q: 0.9071
2024-02-11 04:01:57,456 -     || KL: 0.4338
2024-02-11 04:01:57,457 -     || token_match: 0.000, exact_match: 0.000
2024-02-11 04:01:57,458 -     || unique taglist code: 778
2024-02-11 04:01:57,459 -     || seen taglist code: 776
2024-02-11 04:01:57,506 -     || saved model
2024-02-11 04:01:57,508 - 
2024-02-11 04:01:57,509 - #epc: 49
2024-02-11 04:01:57,926 - epc:49, epc_KL:  1.000000
2024-02-11 04:07:57,442 - exact_match_tst_copy_acc: 0.835
2024-02-11 04:07:57,443 - exact_match_tst_reinflection_wlemma: 0.312
2024-02-11 04:07:57,444 - exact_match_tst_reinflection_wlemma_TAGFINDER1: 0.269
2024-02-11 04:07:57,445 - exact_match_tst_reinflection_wlemma_TAGFINDER1_or_2: 0.308
2024-02-11 04:07:57,798 - TRN || epcloss: 0.1234
2024-02-11 04:07:57,799 -     || Q: 0.8207
2024-02-11 04:07:57,800 -     || KL: 0.2471
2024-02-11 04:07:57,801 -     || token_match: 0.000, exact_match: 0.000
2024-02-11 04:07:57,801 -     || unique taglist code: 3084
2024-02-11 04:07:57,802 - DEV || epcloss: 0.0530
2024-02-11 04:07:57,803 -     || Q: 0.8163
2024-02-11 04:07:57,804 -     || KL: 0.4377
2024-02-11 04:07:57,805 -     || token_match: 0.000, exact_match: 0.000
2024-02-11 04:07:57,806 -     || unique taglist code: 766
2024-02-11 04:07:57,807 -     || seen taglist code: 764
2024-02-11 04:07:57,858 -     || saved model
