2023-02-20 02:09:50,939 - trnID: 3
2023-02-20 02:09:50,941 - batchsize: 64
2023-02-20 02:09:50,941 - epochs: 200
2023-02-20 02:09:50,942 - lr: 0.00050
2023-02-20 02:09:50,943 - opt: Adam (
Parameter Group 0
    amsgrad: False
    betas: (0.5, 0.999)
    capturable: False
    differentiable: False
    eps: 1e-08
    foreach: None
    fused: False
    lr: 0.0005
    maximize: False
    weight_decay: 0
)
2023-02-20 02:09:50,944 - VQVAE2(
  (encoder): Encoder_GRU_VQVAE2(
    (layers): ModuleList(
      (0): Embedding(51, 64)
      (1): Dropout(p=0.0, inplace=False)
      (2): GRU(64, 256, batch_first=True)
    )
  )
  (quantizer): Quantizer2(
    (embeddings): Embedding(1000, 256)
  )
  (decoder): Decoder_GRU_VQVAE2(
    (layers): ModuleList(
      (0): Embedding(51, 64)
      (1): Dropout(p=0.3, inplace=False)
      (2): GRU(320, 256, batch_first=True)
      (3): Linear(in_features=256, out_features=51, bias=True)
    )
    (loss): CrossEntropyLoss()
  )
)
2023-02-20 02:09:51,208 - trnsize: 14000
2023-02-20 02:09:51,209 - devsize: 1000
2023-02-20 02:09:51,210 - 
2023-02-20 02:09:51,211 - #epc: 0
