2023-12-19 17:34:50,205 - trnsize: 404897
2023-12-19 17:34:50,216 - devsize: 1446
2023-12-19 17:34:50,216 - tstsize: 1446
2023-12-19 17:34:50,794 - Trn unique tgts: 404896
2023-12-19 17:34:50,795 - Trn unique lemmas: 588
2023-12-19 17:34:50,796 - Trn unique taglists: 703
2023-12-19 17:34:50,796 - Dev unique tgts: 1446
2023-12-19 17:34:50,797 - Dev unique lemmas: 536
2023-12-19 17:34:50,798 - Dev unique taglists: 616
2023-12-19 17:34:50,798 - Tst unique tgts: 1446
2023-12-19 17:34:50,799 - Tst unique lemmas: 536
2023-12-19 17:34:50,800 - Tst unique taglists: 616
2023-12-19 17:34:50,800 - seen_dev_tgt: 1
2023-12-19 17:34:50,801 - seen_dev_lemma: 1446
2023-12-19 17:34:50,801 - seen_dev_taglist: 1446
2023-12-19 17:34:50,802 - seen_tst_tgt: 1
2023-12-19 17:34:50,803 - seen_tst_lemma: 1446
2023-12-19 17:34:50,803 - seen_tst_taglist: 1446
2023-12-19 17:35:15,190 - trnID: run1_6x8_zLEM100_zTAG128_decnh1024_kl0.2_epc10_strt5_decdo0.2_inpemb128_bsize64
2023-12-19 17:35:15,190 - batchsize: 64
2023-12-19 17:35:15,191 - epochs: 75
2023-12-19 17:35:15,192 - lr: 0.00050
2023-12-19 17:35:15,192 - KL_WEIGHT: 0.20000
2023-12-19 17:35:15,194 - opt: Adam (
Parameter Group 0
    amsgrad: False
    betas: (0.5, 0.999)
    capturable: False
    eps: 1e-08
    foreach: None
    lr: 0.0005
    maximize: False
    weight_decay: 0
)
2023-12-19 17:35:15,195 - VQVAE(
  (encoder): Encoder_GRU_VQVAE(
    (layers): ModuleList(
      (0): Embedding(39, 128)
      (1): Dropout(p=0.0, inplace=False)
      (2): GRU(128, 256, batch_first=True, bidirectional=True)
    )
  )
  (z_linears): ModuleList(
    (0): Linear(in_features=256, out_features=128, bias=True)
    (1): Linear(in_features=256, out_features=128, bias=True)
    (2): Linear(in_features=256, out_features=128, bias=True)
    (3): Linear(in_features=256, out_features=128, bias=True)
    (4): Linear(in_features=256, out_features=128, bias=True)
    (5): Linear(in_features=256, out_features=128, bias=True)
  )
  (quantizers): ModuleList(
    (0): Quantizer(
      (embeddings): Embedding(8, 128)
    )
    (1): Quantizer(
      (embeddings): Embedding(8, 128)
    )
    (2): Quantizer(
      (embeddings): Embedding(8, 128)
    )
    (3): Quantizer(
      (embeddings): Embedding(8, 128)
    )
    (4): Quantizer(
      (embeddings): Embedding(8, 128)
    )
    (5): Quantizer(
      (embeddings): Embedding(8, 128)
    )
  )
  (z_lemma_mu): Linear(in_features=256, out_features=100, bias=True)
  (z_lemma_logvar): Linear(in_features=256, out_features=100, bias=True)
  (up_from_z_layer): Linear(in_features=228, out_features=1024, bias=True)
  (decoder): Decoder_GRU_VQVAE(
    (layers): ModuleList(
      (0): Embedding(39, 128)
      (1): Dropout(p=0.2, inplace=False)
      (2): GRU(356, 1024, batch_first=True)
      (3): Linear(in_features=1024, out_features=39, bias=True)
    )
    (loss): CrossEntropyLoss()
  )
)
2023-12-19 17:35:15,322 - trnsize: 404897
2023-12-19 17:35:15,323 - devsize: 1446
2023-12-19 17:35:15,324 - tstsize: 1446
2023-12-19 17:35:15,324 - 
2023-12-19 17:35:15,325 - #epc: 0
2023-12-19 17:35:15,328 - epc:0, epc_KL:  0.000000
2023-12-19 17:41:17,365 - exact_match_tst_copy_acc: 0.992
2023-12-19 17:41:17,366 - exact_match_tst_reinflection_wlemma: 0.055
2023-12-19 17:41:17,367 - exact_match_tst_reinflection_wlemma_TAGFINDER1: 0.056
2023-12-19 17:41:17,367 - exact_match_tst_reinflection_wlemma_TAGFINDER1_or_2: 0.058
2023-12-19 17:41:17,678 - TRN || epcloss: 0.0758
2023-12-19 17:41:17,679 -     || Q: 0.0840
2023-12-19 17:41:17,680 -     || KL: 5.2671
2023-12-19 17:41:17,680 -     || token_match: 0.977, exact_match: 0.842
2023-12-19 17:41:17,681 -     || unique taglist code: 6191
2023-12-19 17:41:17,681 - DEV || epcloss: 0.0022
2023-12-19 17:41:17,682 -     || Q: 0.0133
2023-12-19 17:41:17,683 -     || KL: 12.6292
2023-12-19 17:41:17,683 -     || token_match: 1.000, exact_match: 0.992
2023-12-19 17:41:17,684 -     || unique taglist code: 271
2023-12-19 17:41:17,685 -     || seen taglist code: 261
2023-12-19 17:41:17,685 -     || MOST used trncode: 6191
2023-12-19 17:41:17,686 -     || MOST used devcode: 271
2023-12-19 17:41:17,686 -     || BEST exact match (teacher forcing): 0.992
2023-12-19 17:41:17,760 -     || saved model
2023-12-19 17:41:17,762 - 
2023-12-19 17:41:17,762 - #epc: 1
2023-12-19 17:41:18,345 - epc:1, epc_KL:  0.000000
2023-12-19 17:47:26,899 - exact_match_tst_copy_acc: 0.998
2023-12-19 17:47:26,900 - exact_match_tst_reinflection_wlemma: 0.060
2023-12-19 17:47:26,901 - exact_match_tst_reinflection_wlemma_TAGFINDER1: 0.061
2023-12-19 17:47:26,901 - exact_match_tst_reinflection_wlemma_TAGFINDER1_or_2: 0.064
2023-12-19 17:47:27,137 - TRN || epcloss: 0.0043
2023-12-19 17:47:27,138 -     || Q: 0.0073
2023-12-19 17:47:27,138 -     || KL: 6.3034
2023-12-19 17:47:27,139 -     || token_match: 0.999, exact_match: 0.983
2023-12-19 17:47:27,140 -     || unique taglist code: 4078
2023-12-19 17:47:27,140 - DEV || epcloss: 0.0003
2023-12-19 17:47:27,141 -     || Q: 0.0025
2023-12-19 17:47:27,142 -     || KL: 14.0057
2023-12-19 17:47:27,143 -     || token_match: 1.000, exact_match: 0.999
2023-12-19 17:47:27,143 -     || unique taglist code: 279
2023-12-19 17:47:27,144 -     || seen taglist code: 277
2023-12-19 17:47:27,145 -     || MOST used devcode: 279
2023-12-19 17:47:27,146 -     || BEST exact match (teacher forcing): 0.999
2023-12-19 17:47:27,268 -     || saved model
2023-12-19 17:47:27,270 - 
2023-12-19 17:47:27,270 - #epc: 2
2023-12-19 17:47:27,839 - epc:2, epc_KL:  0.000000
2023-12-19 17:53:38,715 - exact_match_tst_copy_acc: 0.998
2023-12-19 17:53:38,716 - exact_match_tst_reinflection_wlemma: 0.044
2023-12-19 17:53:38,717 - exact_match_tst_reinflection_wlemma_TAGFINDER1: 0.046
2023-12-19 17:53:38,717 - exact_match_tst_reinflection_wlemma_TAGFINDER1_or_2: 0.046
2023-12-19 17:53:38,945 - TRN || epcloss: 0.0028
2023-12-19 17:53:38,946 -     || Q: 0.0042
2023-12-19 17:53:38,946 -     || KL: 6.6159
2023-12-19 17:53:38,947 -     || token_match: 0.999, exact_match: 0.989
2023-12-19 17:53:38,948 -     || unique taglist code: 5075
2023-12-19 17:53:38,948 - DEV || epcloss: 0.0004
2023-12-19 17:53:38,949 -     || Q: 0.0038
2023-12-19 17:53:38,950 -     || KL: 15.2070
2023-12-19 17:53:38,951 -     || token_match: 1.000, exact_match: 0.998
2023-12-19 17:53:38,951 -     || unique taglist code: 269
2023-12-19 17:53:38,952 -     || seen taglist code: 262
2023-12-19 17:53:39,040 -     || saved model
2023-12-19 17:53:39,041 - 
2023-12-19 17:53:39,042 - #epc: 3
2023-12-19 17:53:39,598 - epc:3, epc_KL:  0.000000
2023-12-19 17:59:48,220 - exact_match_tst_copy_acc: 0.999
2023-12-19 17:59:48,221 - exact_match_tst_reinflection_wlemma: 0.054
2023-12-19 17:59:48,222 - exact_match_tst_reinflection_wlemma_TAGFINDER1: 0.051
2023-12-19 17:59:48,222 - exact_match_tst_reinflection_wlemma_TAGFINDER1_or_2: 0.054
2023-12-19 17:59:48,453 - TRN || epcloss: 0.0022
2023-12-19 17:59:48,454 -     || Q: 0.0042
2023-12-19 17:59:48,455 -     || KL: 7.1895
2023-12-19 17:59:48,456 -     || token_match: 0.999, exact_match: 0.990
2023-12-19 17:59:48,456 -     || unique taglist code: 4724
2023-12-19 17:59:48,457 - DEV || epcloss: 0.0002
2023-12-19 17:59:48,458 -     || Q: 0.0021
2023-12-19 17:59:48,458 -     || KL: 15.4727
2023-12-19 17:59:48,459 -     || token_match: 1.000, exact_match: 1.000
2023-12-19 17:59:48,460 -     || unique taglist code: 290
2023-12-19 17:59:48,461 -     || seen taglist code: 278
2023-12-19 17:59:48,462 -     || MOST used devcode: 290
2023-12-19 17:59:48,462 -     || BEST exact match (teacher forcing): 1.000
2023-12-19 17:59:48,544 -     || saved model
2023-12-19 17:59:48,546 - 
2023-12-19 17:59:48,547 - #epc: 4
2023-12-19 17:59:49,099 - epc:4, epc_KL:  0.000000
2023-12-19 18:05:56,605 - exact_match_tst_copy_acc: 0.997
2023-12-19 18:05:56,606 - exact_match_tst_reinflection_wlemma: 0.045
2023-12-19 18:05:56,607 - exact_match_tst_reinflection_wlemma_TAGFINDER1: 0.046
2023-12-19 18:05:56,608 - exact_match_tst_reinflection_wlemma_TAGFINDER1_or_2: 0.048
2023-12-19 18:05:56,807 - TRN || epcloss: 0.0018
2023-12-19 18:05:56,808 -     || Q: 0.0036
2023-12-19 18:05:56,809 -     || KL: 7.5103
2023-12-19 18:05:56,810 -     || token_match: 1.000, exact_match: 0.992
2023-12-19 18:05:56,810 -     || unique taglist code: 6217
2023-12-19 18:05:56,811 - DEV || epcloss: 0.0005
2023-12-19 18:05:56,812 -     || Q: 0.0021
2023-12-19 18:05:56,813 -     || KL: 16.5053
2023-12-19 18:05:56,814 -     || token_match: 1.000, exact_match: 0.997
2023-12-19 18:05:56,814 -     || unique taglist code: 353
2023-12-19 18:05:56,815 -     || seen taglist code: 343
2023-12-19 18:05:56,816 -     || MOST used trncode: 6217
2023-12-19 18:05:56,817 -     || MOST used devcode: 353
2023-12-19 18:05:56,877 -     || saved model
2023-12-19 18:05:56,879 - 
2023-12-19 18:05:56,879 - #epc: 5
2023-12-19 18:05:57,443 - epc:5, epc_KL:  0.020000
2023-12-19 18:12:07,973 - exact_match_tst_copy_acc: 0.995
2023-12-19 18:12:07,975 - exact_match_tst_reinflection_wlemma: 0.068
2023-12-19 18:12:07,976 - exact_match_tst_reinflection_wlemma_TAGFINDER1: 0.069
2023-12-19 18:12:07,976 - exact_match_tst_reinflection_wlemma_TAGFINDER1_or_2: 0.072
2023-12-19 18:12:08,336 - TRN || epcloss: 0.0067
2023-12-19 18:12:08,337 -     || Q: 0.0044
2023-12-19 18:12:08,338 -     || KL: 1.2628
2023-12-19 18:12:08,339 -     || token_match: 0.998, exact_match: 0.967
2023-12-19 18:12:08,339 -     || unique taglist code: 7746
2023-12-19 18:12:08,340 - DEV || epcloss: 0.0043
2023-12-19 18:12:08,341 -     || Q: 0.0040
2023-12-19 18:12:08,341 -     || KL: 2.3354
2023-12-19 18:12:08,342 -     || token_match: 0.999, exact_match: 0.978
2023-12-19 18:12:08,343 -     || unique taglist code: 462
2023-12-19 18:12:08,344 -     || seen taglist code: 448
2023-12-19 18:12:08,345 -     || MOST used trncode: 7746
2023-12-19 18:12:08,346 -     || MOST used devcode: 462
2023-12-19 18:12:08,400 -     || saved model
2023-12-19 18:12:08,402 - 
2023-12-19 18:12:08,403 - #epc: 6
2023-12-19 18:12:08,954 - epc:6, epc_KL:  0.040000
2023-12-19 18:18:20,197 - exact_match_tst_copy_acc: 0.997
2023-12-19 18:18:20,198 - exact_match_tst_reinflection_wlemma: 0.100
2023-12-19 18:18:20,198 - exact_match_tst_reinflection_wlemma_TAGFINDER1: 0.100
2023-12-19 18:18:20,199 - exact_match_tst_reinflection_wlemma_TAGFINDER1_or_2: 0.104
2023-12-19 18:18:20,472 - TRN || epcloss: 0.0070
2023-12-19 18:18:20,473 -     || Q: 0.0048
2023-12-19 18:18:20,474 -     || KL: 0.7961
2023-12-19 18:18:20,475 -     || token_match: 0.998, exact_match: 0.961
2023-12-19 18:18:20,475 -     || unique taglist code: 7632
2023-12-19 18:18:20,476 - DEV || epcloss: 0.0041
2023-12-19 18:18:20,477 -     || Q: 0.0059
2023-12-19 18:18:20,477 -     || KL: 1.6602
2023-12-19 18:18:20,478 -     || token_match: 0.999, exact_match: 0.977
2023-12-19 18:18:20,479 -     || unique taglist code: 553
2023-12-19 18:18:20,480 -     || seen taglist code: 541
2023-12-19 18:18:20,481 -     || MOST used devcode: 553
2023-12-19 18:18:20,627 -     || saved model
2023-12-19 18:18:20,629 - 
2023-12-19 18:18:20,630 - #epc: 7
2023-12-19 18:18:21,205 - epc:7, epc_KL:  0.060000
2023-12-19 18:24:33,887 - exact_match_tst_copy_acc: 0.998
2023-12-19 18:24:33,888 - exact_match_tst_reinflection_wlemma: 0.127
2023-12-19 18:24:33,889 - exact_match_tst_reinflection_wlemma_TAGFINDER1: 0.121
2023-12-19 18:24:33,889 - exact_match_tst_reinflection_wlemma_TAGFINDER1_or_2: 0.133
2023-12-19 18:24:34,186 - TRN || epcloss: 0.0076
2023-12-19 18:24:34,187 -     || Q: 0.0082
2023-12-19 18:24:34,188 -     || KL: 0.5963
2023-12-19 18:24:34,189 -     || token_match: 0.998, exact_match: 0.957
2023-12-19 18:24:34,189 -     || unique taglist code: 8762
2023-12-19 18:24:34,190 - DEV || epcloss: 0.0066
2023-12-19 18:24:34,191 -     || Q: 0.0086
2023-12-19 18:24:34,192 -     || KL: 1.1873
2023-12-19 18:24:34,192 -     || token_match: 0.998, exact_match: 0.962
2023-12-19 18:24:34,193 -     || unique taglist code: 790
2023-12-19 18:24:34,194 -     || seen taglist code: 777
2023-12-19 18:24:34,195 -     || MOST used trncode: 8762
2023-12-19 18:24:34,196 -     || MOST used devcode: 790
2023-12-19 18:24:34,279 -     || saved model
2023-12-19 18:24:34,281 - 
2023-12-19 18:24:34,282 - #epc: 8
2023-12-19 18:24:34,832 - epc:8, epc_KL:  0.080000
2023-12-19 18:30:48,242 - exact_match_tst_copy_acc: 0.996
2023-12-19 18:30:48,243 - exact_match_tst_reinflection_wlemma: 0.268
2023-12-19 18:30:48,244 - exact_match_tst_reinflection_wlemma_TAGFINDER1: 0.253
2023-12-19 18:30:48,244 - exact_match_tst_reinflection_wlemma_TAGFINDER1_or_2: 0.271
2023-12-19 18:30:48,502 - TRN || epcloss: 0.0078
2023-12-19 18:30:48,503 -     || Q: 0.0126
2023-12-19 18:30:48,503 -     || KL: 0.4790
2023-12-19 18:30:48,504 -     || token_match: 0.998, exact_match: 0.956
2023-12-19 18:30:48,505 -     || unique taglist code: 9240
2023-12-19 18:30:48,505 - DEV || epcloss: 0.0079
2023-12-19 18:30:48,506 -     || Q: 0.0127
2023-12-19 18:30:48,507 -     || KL: 0.9925
2023-12-19 18:30:48,508 -     || token_match: 0.997, exact_match: 0.947
2023-12-19 18:30:48,508 -     || unique taglist code: 851
2023-12-19 18:30:48,510 -     || seen taglist code: 842
2023-12-19 18:30:48,511 -     || MOST used trncode: 9240
2023-12-19 18:30:48,511 -     || MOST used devcode: 851
2023-12-19 18:30:48,596 -     || saved model
2023-12-19 18:30:48,598 - 
2023-12-19 18:30:48,598 - #epc: 9
2023-12-19 18:30:49,158 - epc:9, epc_KL:  0.100000
2023-12-19 18:37:00,546 - exact_match_tst_copy_acc: 0.988
2023-12-19 18:37:00,547 - exact_match_tst_reinflection_wlemma: 0.535
2023-12-19 18:37:00,548 - exact_match_tst_reinflection_wlemma_TAGFINDER1: 0.510
2023-12-19 18:37:00,548 - exact_match_tst_reinflection_wlemma_TAGFINDER1_or_2: 0.539
2023-12-19 18:37:00,796 - TRN || epcloss: 0.0081
2023-12-19 18:37:00,797 -     || Q: 0.0166
2023-12-19 18:37:00,797 -     || KL: 0.4026
2023-12-19 18:37:00,798 -     || token_match: 0.998, exact_match: 0.955
2023-12-19 18:37:00,799 -     || unique taglist code: 9104
2023-12-19 18:37:00,799 - DEV || epcloss: 0.0093
2023-12-19 18:37:00,800 -     || Q: 0.0193
2023-12-19 18:37:00,801 -     || KL: 0.8771
2023-12-19 18:37:00,801 -     || token_match: 0.997, exact_match: 0.950
2023-12-19 18:37:00,802 -     || unique taglist code: 860
2023-12-19 18:37:00,803 -     || seen taglist code: 842
2023-12-19 18:37:00,804 -     || MOST used devcode: 860
2023-12-19 18:37:00,859 -     || saved model
2023-12-19 18:37:00,860 - 
2023-12-19 18:37:00,861 - #epc: 10
2023-12-19 18:37:01,406 - epc:10, epc_KL:  0.120000
2023-12-19 18:43:15,013 - exact_match_tst_copy_acc: 0.997
2023-12-19 18:43:15,014 - exact_match_tst_reinflection_wlemma: 0.617
2023-12-19 18:43:15,015 - exact_match_tst_reinflection_wlemma_TAGFINDER1: 0.595
2023-12-19 18:43:15,016 - exact_match_tst_reinflection_wlemma_TAGFINDER1_or_2: 0.623
2023-12-19 18:43:15,278 - TRN || epcloss: 0.0084
2023-12-19 18:43:15,279 -     || Q: 0.0203
2023-12-19 18:43:15,279 -     || KL: 0.3519
2023-12-19 18:43:15,280 -     || token_match: 0.997, exact_match: 0.953
2023-12-19 18:43:15,281 -     || unique taglist code: 8211
2023-12-19 18:43:15,282 - DEV || epcloss: 0.0083
2023-12-19 18:43:15,283 -     || Q: 0.0215
2023-12-19 18:43:15,283 -     || KL: 0.7238
2023-12-19 18:43:15,284 -     || token_match: 0.998, exact_match: 0.954
2023-12-19 18:43:15,285 -     || unique taglist code: 849
2023-12-19 18:43:15,286 -     || seen taglist code: 843
2023-12-19 18:43:15,383 -     || saved model
2023-12-19 18:43:15,386 - 
2023-12-19 18:43:15,387 - #epc: 11
2023-12-19 18:43:15,968 - epc:11, epc_KL:  0.140000
2023-12-19 18:49:29,765 - exact_match_tst_copy_acc: 0.997
2023-12-19 18:49:29,765 - exact_match_tst_reinflection_wlemma: 0.642
2023-12-19 18:49:29,766 - exact_match_tst_reinflection_wlemma_TAGFINDER1: 0.620
2023-12-19 18:49:29,767 - exact_match_tst_reinflection_wlemma_TAGFINDER1_or_2: 0.648
2023-12-19 18:49:29,998 - TRN || epcloss: 0.0090
2023-12-19 18:49:29,999 -     || Q: 0.0254
2023-12-19 18:49:30,000 -     || KL: 0.3221
2023-12-19 18:49:30,001 -     || token_match: 0.997, exact_match: 0.951
2023-12-19 18:49:30,001 -     || unique taglist code: 7761
2023-12-19 18:49:30,002 - DEV || epcloss: 0.0079
2023-12-19 18:49:30,003 -     || Q: 0.0241
2023-12-19 18:49:30,003 -     || KL: 0.6712
2023-12-19 18:49:30,004 -     || token_match: 0.998, exact_match: 0.960
2023-12-19 18:49:30,005 -     || unique taglist code: 862
2023-12-19 18:49:30,006 -     || seen taglist code: 857
2023-12-19 18:49:30,007 -     || MOST used devcode: 862
2023-12-19 18:49:30,121 -     || saved model
2023-12-19 18:49:30,123 - 
2023-12-19 18:49:30,124 - #epc: 12
2023-12-19 18:49:30,669 - epc:12, epc_KL:  0.160000
2023-12-19 18:55:44,250 - exact_match_tst_copy_acc: 0.966
2023-12-19 18:55:44,251 - exact_match_tst_reinflection_wlemma: 0.683
2023-12-19 18:55:44,252 - exact_match_tst_reinflection_wlemma_TAGFINDER1: 0.666
2023-12-19 18:55:44,253 - exact_match_tst_reinflection_wlemma_TAGFINDER1_or_2: 0.696
2023-12-19 18:55:44,534 - TRN || epcloss: 0.0095
2023-12-19 18:55:44,535 -     || Q: 0.0291
2023-12-19 18:55:44,535 -     || KL: 0.2982
2023-12-19 18:55:44,536 -     || token_match: 0.997, exact_match: 0.949
2023-12-19 18:55:44,537 -     || unique taglist code: 7474
2023-12-19 18:55:44,538 - DEV || epcloss: 0.0236
2023-12-19 18:55:44,538 -     || Q: 0.0443
2023-12-19 18:55:44,539 -     || KL: 0.7267
2023-12-19 18:55:44,539 -     || token_match: 0.994, exact_match: 0.908
2023-12-19 18:55:44,540 -     || unique taglist code: 948
2023-12-19 18:55:44,541 -     || seen taglist code: 910
2023-12-19 18:55:44,542 -     || MOST used devcode: 948
2023-12-19 18:55:44,636 -     || saved model
2023-12-19 18:55:44,638 - 
2023-12-19 18:55:44,638 - #epc: 13
2023-12-19 18:55:45,202 - epc:13, epc_KL:  0.180000
2023-12-19 19:02:01,697 - exact_match_tst_copy_acc: 0.997
2023-12-19 19:02:01,698 - exact_match_tst_reinflection_wlemma: 0.822
2023-12-19 19:02:01,698 - exact_match_tst_reinflection_wlemma_TAGFINDER1: 0.795
2023-12-19 19:02:01,699 - exact_match_tst_reinflection_wlemma_TAGFINDER1_or_2: 0.828
2023-12-19 19:02:01,964 - TRN || epcloss: 0.0101
2023-12-19 19:02:01,965 -     || Q: 0.0358
2023-12-19 19:02:01,965 -     || KL: 0.2806
2023-12-19 19:02:01,966 -     || token_match: 0.997, exact_match: 0.947
2023-12-19 19:02:01,967 -     || unique taglist code: 9145
2023-12-19 19:02:01,967 - DEV || epcloss: 0.0065
2023-12-19 19:02:01,968 -     || Q: 0.0345
2023-12-19 19:02:01,969 -     || KL: 0.6031
2023-12-19 19:02:01,970 -     || token_match: 0.998, exact_match: 0.958
2023-12-19 19:02:01,970 -     || unique taglist code: 1005
2023-12-19 19:02:01,971 -     || seen taglist code: 994
2023-12-19 19:02:01,972 -     || MOST used devcode: 1005
2023-12-19 19:02:02,100 -     || saved model
2023-12-19 19:02:02,102 - 
2023-12-19 19:02:02,103 - #epc: 14
2023-12-19 19:02:02,692 - epc:14, epc_KL:  0.200000
2023-12-19 19:08:16,315 - exact_match_tst_copy_acc: 0.993
2023-12-19 19:08:16,316 - exact_match_tst_reinflection_wlemma: 0.947
2023-12-19 19:08:16,316 - exact_match_tst_reinflection_wlemma_TAGFINDER1: 0.913
2023-12-19 19:08:16,317 - exact_match_tst_reinflection_wlemma_TAGFINDER1_or_2: 0.953
2023-12-19 19:08:16,578 - TRN || epcloss: 0.0107
2023-12-19 19:08:16,579 -     || Q: 0.0408
2023-12-19 19:08:16,580 -     || KL: 0.2604
2023-12-19 19:08:16,580 -     || token_match: 0.997, exact_match: 0.944
2023-12-19 19:08:16,581 -     || unique taglist code: 9730
2023-12-19 19:08:16,582 - DEV || epcloss: 0.0093
2023-12-19 19:08:16,582 -     || Q: 0.0364
2023-12-19 19:08:16,583 -     || KL: 0.5600
2023-12-19 19:08:16,584 -     || token_match: 0.998, exact_match: 0.957
2023-12-19 19:08:16,585 -     || unique taglist code: 1079
2023-12-19 19:08:16,586 -     || seen taglist code: 1073
2023-12-19 19:08:16,587 -     || MOST used trncode: 9730
2023-12-19 19:08:16,587 -     || MOST used devcode: 1079
2023-12-19 19:08:16,629 -     || saved model
2023-12-19 19:08:16,631 - 
2023-12-19 19:08:16,632 - #epc: 15
2023-12-19 19:08:17,195 - epc:15, epc_KL:  0.200000
2023-12-19 19:14:28,196 - exact_match_tst_copy_acc: 0.990
2023-12-19 19:14:28,197 - exact_match_tst_reinflection_wlemma: 0.945
2023-12-19 19:14:28,197 - exact_match_tst_reinflection_wlemma_TAGFINDER1: 0.902
2023-12-19 19:14:28,198 - exact_match_tst_reinflection_wlemma_TAGFINDER1_or_2: 0.948
2023-12-19 19:14:28,435 - TRN || epcloss: 0.0107
2023-12-19 19:14:28,436 -     || Q: 0.0427
2023-12-19 19:14:28,436 -     || KL: 0.2492
2023-12-19 19:14:28,437 -     || token_match: 0.997, exact_match: 0.945
2023-12-19 19:14:28,438 -     || unique taglist code: 10021
2023-12-19 19:14:28,438 - DEV || epcloss: 0.0112
2023-12-19 19:14:28,439 -     || Q: 0.0456
2023-12-19 19:14:28,440 -     || KL: 0.5299
2023-12-19 19:14:28,441 -     || token_match: 0.997, exact_match: 0.941
2023-12-19 19:14:28,441 -     || unique taglist code: 1068
2023-12-19 19:14:28,443 -     || seen taglist code: 1062
2023-12-19 19:14:28,443 -     || MOST used trncode: 10021
2023-12-19 19:14:28,543 -     || saved model
2023-12-19 19:14:28,545 - 
2023-12-19 19:14:28,546 - #epc: 16
2023-12-19 19:14:29,098 - epc:16, epc_KL:  0.200000
2023-12-19 19:20:40,504 - exact_match_tst_copy_acc: 0.994
2023-12-19 19:20:40,505 - exact_match_tst_reinflection_wlemma: 0.968
2023-12-19 19:20:40,506 - exact_match_tst_reinflection_wlemma_TAGFINDER1: 0.921
2023-12-19 19:20:40,507 - exact_match_tst_reinflection_wlemma_TAGFINDER1_or_2: 0.965
2023-12-19 19:20:40,719 - TRN || epcloss: 0.0110
2023-12-19 19:20:40,720 -     || Q: 0.0503
2023-12-19 19:20:40,721 -     || KL: 0.2429
2023-12-19 19:20:40,721 -     || token_match: 0.997, exact_match: 0.945
2023-12-19 19:20:40,722 -     || unique taglist code: 9984
2023-12-19 19:20:40,723 - DEV || epcloss: 0.0081
2023-12-19 19:20:40,724 -     || Q: 0.0451
2023-12-19 19:20:40,724 -     || KL: 0.5328
2023-12-19 19:20:40,725 -     || token_match: 0.998, exact_match: 0.955
2023-12-19 19:20:40,726 -     || unique taglist code: 1058
2023-12-19 19:20:40,727 -     || seen taglist code: 1047
2023-12-19 19:20:40,810 -     || saved model
2023-12-19 19:20:40,812 - 
2023-12-19 19:20:40,813 - #epc: 17
2023-12-19 19:20:41,386 - epc:17, epc_KL:  0.200000
2023-12-19 19:26:51,775 - exact_match_tst_copy_acc: 0.994
2023-12-19 19:26:51,776 - exact_match_tst_reinflection_wlemma: 0.972
2023-12-19 19:26:51,777 - exact_match_tst_reinflection_wlemma_TAGFINDER1: 0.911
2023-12-19 19:26:51,777 - exact_match_tst_reinflection_wlemma_TAGFINDER1_or_2: 0.970
2023-12-19 19:26:52,016 - TRN || epcloss: 0.0107
2023-12-19 19:26:52,017 -     || Q: 0.0516
2023-12-19 19:26:52,017 -     || KL: 0.2370
2023-12-19 19:26:52,018 -     || token_match: 0.997, exact_match: 0.947
2023-12-19 19:26:52,019 -     || unique taglist code: 10309
2023-12-19 19:26:52,019 - DEV || epcloss: 0.0080
2023-12-19 19:26:52,020 -     || Q: 0.0455
2023-12-19 19:26:52,021 -     || KL: 0.4977
2023-12-19 19:26:52,021 -     || token_match: 0.998, exact_match: 0.964
2023-12-19 19:26:52,022 -     || unique taglist code: 1076
2023-12-19 19:26:52,023 -     || seen taglist code: 1067
2023-12-19 19:26:52,024 -     || MOST used trncode: 10309
2023-12-19 19:26:52,116 -     || saved model
2023-12-19 19:26:52,118 - 
2023-12-19 19:26:52,118 - #epc: 18
2023-12-19 19:26:52,666 - epc:18, epc_KL:  0.200000
2023-12-19 19:33:02,031 - exact_match_tst_copy_acc: 0.994
2023-12-19 19:33:02,032 - exact_match_tst_reinflection_wlemma: 0.979
2023-12-19 19:33:02,033 - exact_match_tst_reinflection_wlemma_TAGFINDER1: 0.900
2023-12-19 19:33:02,034 - exact_match_tst_reinflection_wlemma_TAGFINDER1_or_2: 0.979
2023-12-19 19:33:02,279 - TRN || epcloss: 0.0114
2023-12-19 19:33:02,280 -     || Q: 0.0560
2023-12-19 19:33:02,280 -     || KL: 0.2344
2023-12-19 19:33:02,281 -     || token_match: 0.997, exact_match: 0.944
2023-12-19 19:33:02,282 -     || unique taglist code: 11065
2023-12-19 19:33:02,283 - DEV || epcloss: 0.0088
2023-12-19 19:33:02,283 -     || Q: 0.0581
2023-12-19 19:33:02,284 -     || KL: 0.5045
2023-12-19 19:33:02,285 -     || token_match: 0.998, exact_match: 0.959
2023-12-19 19:33:02,286 -     || unique taglist code: 1082
2023-12-19 19:33:02,287 -     || seen taglist code: 1071
2023-12-19 19:33:02,288 -     || MOST used trncode: 11065
2023-12-19 19:33:02,288 -     || MOST used devcode: 1082
2023-12-19 19:33:02,400 -     || saved model
2023-12-19 19:33:02,401 - 
2023-12-19 19:33:02,402 - #epc: 19
2023-12-19 19:33:02,912 - epc:19, epc_KL:  0.200000
2023-12-19 19:39:07,550 - exact_match_tst_copy_acc: 0.993
2023-12-19 19:39:07,551 - exact_match_tst_reinflection_wlemma: 0.977
2023-12-19 19:39:07,552 - exact_match_tst_reinflection_wlemma_TAGFINDER1: 0.876
2023-12-19 19:39:07,552 - exact_match_tst_reinflection_wlemma_TAGFINDER1_or_2: 0.972
2023-12-19 19:39:07,778 - TRN || epcloss: 0.0106
2023-12-19 19:39:07,779 -     || Q: 0.0559
2023-12-19 19:39:07,780 -     || KL: 0.2312
2023-12-19 19:39:07,780 -     || token_match: 0.997, exact_match: 0.947
2023-12-19 19:39:07,781 -     || unique taglist code: 11011
2023-12-19 19:39:07,782 - DEV || epcloss: 0.0105
2023-12-19 19:39:07,783 -     || Q: 0.0535
2023-12-19 19:39:07,784 -     || KL: 0.5039
2023-12-19 19:39:07,784 -     || token_match: 0.997, exact_match: 0.954
2023-12-19 19:39:07,785 -     || unique taglist code: 1073
2023-12-19 19:39:07,786 -     || seen taglist code: 1061
2023-12-19 19:39:07,856 -     || saved model
2023-12-19 19:39:07,857 - 
2023-12-19 19:39:07,858 - #epc: 20
2023-12-19 19:39:08,303 - epc:20, epc_KL:  0.200000
2023-12-19 19:45:10,874 - exact_match_tst_copy_acc: 0.989
2023-12-19 19:45:10,875 - exact_match_tst_reinflection_wlemma: 0.972
2023-12-19 19:45:10,875 - exact_match_tst_reinflection_wlemma_TAGFINDER1: 0.878
2023-12-19 19:45:10,876 - exact_match_tst_reinflection_wlemma_TAGFINDER1_or_2: 0.972
2023-12-19 19:45:11,075 - TRN || epcloss: 0.0122
2023-12-19 19:45:11,076 -     || Q: 0.0650
2023-12-19 19:45:11,077 -     || KL: 0.2339
2023-12-19 19:45:11,078 -     || token_match: 0.997, exact_match: 0.943
2023-12-19 19:45:11,078 -     || unique taglist code: 12147
2023-12-19 19:45:11,079 - DEV || epcloss: 0.0083
2023-12-19 19:45:11,080 -     || Q: 0.0616
2023-12-19 19:45:11,081 -     || KL: 0.5118
2023-12-19 19:45:11,082 -     || token_match: 0.997, exact_match: 0.954
2023-12-19 19:45:11,082 -     || unique taglist code: 1052
2023-12-19 19:45:11,083 -     || seen taglist code: 1036
2023-12-19 19:45:11,084 -     || MOST used trncode: 12147
2023-12-19 19:45:11,142 -     || saved model
2023-12-19 19:45:11,144 - 
2023-12-19 19:45:11,145 - #epc: 21
2023-12-19 19:45:11,587 - epc:21, epc_KL:  0.200000
2023-12-19 19:51:14,206 - exact_match_tst_copy_acc: 0.869
2023-12-19 19:51:14,207 - exact_match_tst_reinflection_wlemma: 0.854
2023-12-19 19:51:14,208 - exact_match_tst_reinflection_wlemma_TAGFINDER1: 0.775
2023-12-19 19:51:14,208 - exact_match_tst_reinflection_wlemma_TAGFINDER1_or_2: 0.854
2023-12-19 19:51:14,417 - TRN || epcloss: 0.0133
2023-12-19 19:51:14,418 -     || Q: 0.0692
2023-12-19 19:51:14,419 -     || KL: 0.2381
2023-12-19 19:51:14,419 -     || token_match: 0.996, exact_match: 0.939
2023-12-19 19:51:14,420 -     || unique taglist code: 12274
2023-12-19 19:51:14,421 - DEV || epcloss: 0.0379
2023-12-19 19:51:14,421 -     || Q: 0.0677
2023-12-19 19:51:14,422 -     || KL: 0.5096
2023-12-19 19:51:14,423 -     || token_match: 0.989, exact_match: 0.823
2023-12-19 19:51:14,423 -     || unique taglist code: 1062
2023-12-19 19:51:14,424 -     || seen taglist code: 1034
2023-12-19 19:51:14,425 -     || MOST used trncode: 12274
2023-12-19 19:51:14,475 -     || saved model
2023-12-19 19:51:14,477 - 
2023-12-19 19:51:14,477 - #epc: 22
2023-12-19 19:51:14,910 - epc:22, epc_KL:  0.200000
2023-12-19 19:57:16,770 - exact_match_tst_copy_acc: 0.748
2023-12-19 19:57:16,771 - exact_match_tst_reinflection_wlemma: 0.680
2023-12-19 19:57:16,772 - exact_match_tst_reinflection_wlemma_TAGFINDER1: 0.594
2023-12-19 19:57:16,772 - exact_match_tst_reinflection_wlemma_TAGFINDER1_or_2: 0.723
2023-12-19 19:57:17,012 - TRN || epcloss: 0.0808
2023-12-19 19:57:17,012 -     || Q: 0.1075
2023-12-19 19:57:17,013 -     || KL: 0.2904
2023-12-19 19:57:17,014 -     || token_match: 0.982, exact_match: 0.803
2023-12-19 19:57:17,015 -     || unique taglist code: 20667
2023-12-19 19:57:17,015 - DEV || epcloss: 0.1265
2023-12-19 19:57:17,016 -     || Q: 0.1599
2023-12-19 19:57:17,017 -     || KL: 0.9904
2023-12-19 19:57:17,018 -     || token_match: 0.976, exact_match: 0.674
2023-12-19 19:57:17,018 -     || unique taglist code: 1123
2023-12-19 19:57:17,019 -     || seen taglist code: 1081
2023-12-19 19:57:17,020 -     || MOST used trncode: 20667
2023-12-19 19:57:17,021 -     || MOST used devcode: 1123
2023-12-19 19:57:17,106 -     || saved model
2023-12-19 19:57:17,108 - 
2023-12-19 19:57:17,108 - #epc: 23
2023-12-19 19:57:17,552 - epc:23, epc_KL:  0.200000
2023-12-19 20:03:18,859 - exact_match_tst_copy_acc: 0.793
2023-12-19 20:03:18,860 - exact_match_tst_reinflection_wlemma: 0.698
2023-12-19 20:03:18,861 - exact_match_tst_reinflection_wlemma_TAGFINDER1: 0.609
2023-12-19 20:03:18,862 - exact_match_tst_reinflection_wlemma_TAGFINDER1_or_2: 0.727
2023-12-19 20:03:19,081 - TRN || epcloss: 0.0931
2023-12-19 20:03:19,082 -     || Q: 0.1531
2023-12-19 20:03:19,083 -     || KL: 0.3639
2023-12-19 20:03:19,083 -     || token_match: 0.981, exact_match: 0.748
2023-12-19 20:03:19,084 -     || unique taglist code: 21207
2023-12-19 20:03:19,085 - DEV || epcloss: 0.0986
2023-12-19 20:03:19,086 -     || Q: 0.1610
2023-12-19 20:03:19,087 -     || KL: 0.8461
2023-12-19 20:03:19,087 -     || token_match: 0.978, exact_match: 0.680
2023-12-19 20:03:19,088 -     || unique taglist code: 1104
2023-12-19 20:03:19,089 -     || seen taglist code: 1035
2023-12-19 20:03:19,090 -     || MOST used trncode: 21207
2023-12-19 20:03:19,158 -     || saved model
2023-12-19 20:03:19,160 - 
2023-12-19 20:03:19,161 - #epc: 24
2023-12-19 20:03:19,601 - epc:24, epc_KL:  0.200000
2023-12-19 20:09:21,764 - exact_match_tst_copy_acc: 0.909
2023-12-19 20:09:21,765 - exact_match_tst_reinflection_wlemma: 0.859
2023-12-19 20:09:21,766 - exact_match_tst_reinflection_wlemma_TAGFINDER1: 0.772
2023-12-19 20:09:21,767 - exact_match_tst_reinflection_wlemma_TAGFINDER1_or_2: 0.880
2023-12-19 20:09:22,015 - TRN || epcloss: 0.0992
2023-12-19 20:09:22,016 -     || Q: 0.1562
2023-12-19 20:09:22,017 -     || KL: 0.3357
2023-12-19 20:09:22,017 -     || token_match: 0.983, exact_match: 0.776
2023-12-19 20:09:22,018 -     || unique taglist code: 18937
2023-12-19 20:09:22,019 - DEV || epcloss: 0.0702
2023-12-19 20:09:22,019 -     || Q: 0.1607
2023-12-19 20:09:22,020 -     || KL: 0.7394
2023-12-19 20:09:22,021 -     || token_match: 0.988, exact_match: 0.828
2023-12-19 20:09:22,022 -     || unique taglist code: 1109
2023-12-19 20:09:22,023 -     || seen taglist code: 1063
2023-12-19 20:09:22,071 -     || saved model
2023-12-19 20:09:22,073 - 
2023-12-19 20:09:22,074 - #epc: 25
2023-12-19 20:09:22,505 - epc:25, epc_KL:  0.200000
2023-12-19 20:15:24,834 - exact_match_tst_copy_acc: 0.848
2023-12-19 20:15:24,835 - exact_match_tst_reinflection_wlemma: 0.775
2023-12-19 20:15:24,836 - exact_match_tst_reinflection_wlemma_TAGFINDER1: 0.739
2023-12-19 20:15:24,837 - exact_match_tst_reinflection_wlemma_TAGFINDER1_or_2: 0.815
2023-12-19 20:15:25,080 - TRN || epcloss: 0.1416
2023-12-19 20:15:25,081 -     || Q: 0.2290
2023-12-19 20:15:25,082 -     || KL: 0.3884
2023-12-19 20:15:25,083 -     || token_match: 0.963, exact_match: 0.636
2023-12-19 20:15:25,083 -     || unique taglist code: 28061
2023-12-19 20:15:25,084 - DEV || epcloss: 0.0732
2023-12-19 20:15:25,085 -     || Q: 0.2500
2023-12-19 20:15:25,086 -     || KL: 0.8830
2023-12-19 20:15:25,087 -     || token_match: 0.983, exact_match: 0.768
2023-12-19 20:15:25,087 -     || unique taglist code: 1093
2023-12-19 20:15:25,089 -     || seen taglist code: 1064
2023-12-19 20:15:25,089 -     || MOST used trncode: 28061
2023-12-19 20:15:25,147 -     || saved model
2023-12-19 20:15:25,148 - 
2023-12-19 20:15:25,149 - #epc: 26
2023-12-19 20:15:25,579 - epc:26, epc_KL:  0.200000
2023-12-19 20:21:29,245 - exact_match_tst_copy_acc: 0.898
2023-12-19 20:21:29,246 - exact_match_tst_reinflection_wlemma: 0.834
2023-12-19 20:21:29,247 - exact_match_tst_reinflection_wlemma_TAGFINDER1: 0.746
2023-12-19 20:21:29,247 - exact_match_tst_reinflection_wlemma_TAGFINDER1_or_2: 0.857
2023-12-19 20:21:29,542 - TRN || epcloss: 0.1229
2023-12-19 20:21:29,543 -     || Q: 0.3701
2023-12-19 20:21:29,544 -     || KL: 0.3968
2023-12-19 20:21:29,544 -     || token_match: 0.967, exact_match: 0.628
2023-12-19 20:21:29,545 -     || unique taglist code: 26381
2023-12-19 20:21:29,546 - DEV || epcloss: 0.0345
2023-12-19 20:21:29,547 -     || Q: 0.2649
2023-12-19 20:21:29,548 -     || KL: 0.7588
2023-12-19 20:21:29,548 -     || token_match: 0.989, exact_match: 0.820
2023-12-19 20:21:29,549 -     || unique taglist code: 1063
2023-12-19 20:21:29,550 -     || seen taglist code: 1036
2023-12-19 20:21:29,609 -     || saved model
2023-12-19 20:21:29,611 - 
2023-12-19 20:21:29,612 - #epc: 27
2023-12-19 20:21:30,054 - epc:27, epc_KL:  0.200000
2023-12-19 20:27:32,894 - exact_match_tst_copy_acc: 0.905
2023-12-19 20:27:32,895 - exact_match_tst_reinflection_wlemma: 0.840
2023-12-19 20:27:32,895 - exact_match_tst_reinflection_wlemma_TAGFINDER1: 0.768
2023-12-19 20:27:32,896 - exact_match_tst_reinflection_wlemma_TAGFINDER1_or_2: 0.857
2023-12-19 20:27:33,220 - TRN || epcloss: 0.0420
2023-12-19 20:27:33,221 -     || Q: 0.2228
2023-12-19 20:27:33,222 -     || KL: 0.3214
2023-12-19 20:27:33,223 -     || token_match: 0.988, exact_match: 0.822
2023-12-19 20:27:33,223 -     || unique taglist code: 22636
2023-12-19 20:27:33,224 - DEV || epcloss: 0.0520
2023-12-19 20:27:33,225 -     || Q: 0.1959
2023-12-19 20:27:33,226 -     || KL: 0.9263
2023-12-19 20:27:33,226 -     || token_match: 0.987, exact_match: 0.819
2023-12-19 20:27:33,227 -     || unique taglist code: 1096
2023-12-19 20:27:33,228 -     || seen taglist code: 1068
2023-12-19 20:27:33,317 -     || saved model
2023-12-19 20:27:33,319 - 
2023-12-19 20:27:33,320 - #epc: 28
2023-12-19 20:27:33,782 - epc:28, epc_KL:  0.200000
2023-12-19 20:33:37,203 - exact_match_tst_copy_acc: 0.938
2023-12-19 20:33:37,204 - exact_match_tst_reinflection_wlemma: 0.888
2023-12-19 20:33:37,205 - exact_match_tst_reinflection_wlemma_TAGFINDER1: 0.817
2023-12-19 20:33:37,205 - exact_match_tst_reinflection_wlemma_TAGFINDER1_or_2: 0.898
2023-12-19 20:33:37,553 - TRN || epcloss: 0.0536
2023-12-19 20:33:37,554 -     || Q: 0.1906
2023-12-19 20:33:37,555 -     || KL: 0.3351
2023-12-19 20:33:37,556 -     || token_match: 0.986, exact_match: 0.811
2023-12-19 20:33:37,556 -     || unique taglist code: 20749
2023-12-19 20:33:37,557 - DEV || epcloss: 0.0323
2023-12-19 20:33:37,558 -     || Q: 0.1662
2023-12-19 20:33:37,559 -     || KL: 0.7726
2023-12-19 20:33:37,560 -     || token_match: 0.991, exact_match: 0.885
2023-12-19 20:33:37,560 -     || unique taglist code: 1075
2023-12-19 20:33:37,561 -     || seen taglist code: 1062
2023-12-19 20:33:37,702 -     || saved model
2023-12-19 20:33:37,704 - 
2023-12-19 20:33:37,705 - #epc: 29
2023-12-19 20:33:38,199 - epc:29, epc_KL:  0.200000
2023-12-19 20:39:42,107 - exact_match_tst_copy_acc: 0.879
2023-12-19 20:39:42,108 - exact_match_tst_reinflection_wlemma: 0.767
2023-12-19 20:39:42,109 - exact_match_tst_reinflection_wlemma_TAGFINDER1: 0.683
2023-12-19 20:39:42,110 - exact_match_tst_reinflection_wlemma_TAGFINDER1_or_2: 0.786
2023-12-19 20:39:42,492 - TRN || epcloss: 0.0744
2023-12-19 20:39:42,493 -     || Q: 0.2638
2023-12-19 20:39:42,494 -     || KL: 0.3585
2023-12-19 20:39:42,494 -     || token_match: 0.978, exact_match: 0.702
2023-12-19 20:39:42,495 -     || unique taglist code: 28819
2023-12-19 20:39:42,496 - DEV || epcloss: 0.0449
2023-12-19 20:39:42,497 -     || Q: 0.1980
2023-12-19 20:39:42,497 -     || KL: 0.7770
2023-12-19 20:39:42,498 -     || token_match: 0.987, exact_match: 0.797
2023-12-19 20:39:42,499 -     || unique taglist code: 1120
2023-12-19 20:39:42,500 -     || seen taglist code: 1071
2023-12-19 20:39:42,501 -     || MOST used trncode: 28819
2023-12-19 20:39:42,618 -     || saved model
2023-12-19 20:39:42,621 - 
2023-12-19 20:39:42,621 - #epc: 30
2023-12-19 20:39:43,114 - epc:30, epc_KL:  0.200000
2023-12-19 20:45:45,918 - exact_match_tst_copy_acc: 0.851
2023-12-19 20:45:45,919 - exact_match_tst_reinflection_wlemma: 0.776
2023-12-19 20:45:45,920 - exact_match_tst_reinflection_wlemma_TAGFINDER1: 0.685
2023-12-19 20:45:45,920 - exact_match_tst_reinflection_wlemma_TAGFINDER1_or_2: 0.794
2023-12-19 20:45:46,325 - TRN || epcloss: 0.0372
2023-12-19 20:45:46,326 -     || Q: 0.1644
2023-12-19 20:45:46,326 -     || KL: 0.3134
2023-12-19 20:45:46,327 -     || token_match: 0.990, exact_match: 0.836
2023-12-19 20:45:46,328 -     || unique taglist code: 22480
2023-12-19 20:45:46,329 - DEV || epcloss: 0.0683
2023-12-19 20:45:46,329 -     || Q: 0.1994
2023-12-19 20:45:46,330 -     || KL: 0.8772
2023-12-19 20:45:46,331 -     || token_match: 0.982, exact_match: 0.741
2023-12-19 20:45:46,332 -     || unique taglist code: 1143
2023-12-19 20:45:46,333 -     || seen taglist code: 1050
2023-12-19 20:45:46,334 -     || MOST used devcode: 1143
2023-12-19 20:45:46,460 -     || saved model
2023-12-19 20:45:46,462 - 
2023-12-19 20:45:46,463 - #epc: 31
2023-12-19 20:45:46,959 - epc:31, epc_KL:  0.200000
2023-12-19 20:51:48,556 - exact_match_tst_copy_acc: 0.183
2023-12-19 20:51:48,557 - exact_match_tst_reinflection_wlemma: 0.064
2023-12-19 20:51:48,558 - exact_match_tst_reinflection_wlemma_TAGFINDER1: 0.057
2023-12-19 20:51:48,559 - exact_match_tst_reinflection_wlemma_TAGFINDER1_or_2: 0.076
2023-12-19 20:51:49,064 - TRN || epcloss: 0.5369
2023-12-19 20:51:49,065 -     || Q: 0.5146
2023-12-19 20:51:49,065 -     || KL: 0.4827
2023-12-19 20:51:49,066 -     || token_match: 0.845, exact_match: 0.283
2023-12-19 20:51:49,067 -     || unique taglist code: 26997
2023-12-19 20:51:49,068 - DEV || epcloss: 0.3275
2023-12-19 20:51:49,069 -     || Q: 0.4687
2023-12-19 20:51:49,069 -     || KL: 1.0315
2023-12-19 20:51:49,070 -     || token_match: 0.891, exact_match: 0.132
2023-12-19 20:51:49,071 -     || unique taglist code: 848
2023-12-19 20:51:49,072 -     || seen taglist code: 802
2023-12-19 20:51:49,219 -     || saved model
2023-12-19 20:51:49,222 - 
2023-12-19 20:51:49,223 - #epc: 32
2023-12-19 20:51:49,716 - epc:32, epc_KL:  0.200000
2023-12-19 20:57:50,666 - exact_match_tst_copy_acc: 0.219
2023-12-19 20:57:50,667 - exact_match_tst_reinflection_wlemma: 0.077
2023-12-19 20:57:50,668 - exact_match_tst_reinflection_wlemma_TAGFINDER1: 0.075
2023-12-19 20:57:50,669 - exact_match_tst_reinflection_wlemma_TAGFINDER1_or_2: 0.094
2023-12-19 20:57:51,154 - TRN || epcloss: 0.5475
2023-12-19 20:57:51,155 -     || Q: 0.5997
2023-12-19 20:57:51,156 -     || KL: 0.5773
2023-12-19 20:57:51,156 -     || token_match: 0.831, exact_match: 0.062
2023-12-19 20:57:51,157 -     || unique taglist code: 21644
2023-12-19 20:57:51,158 - DEV || epcloss: 0.2846
2023-12-19 20:57:51,159 -     || Q: 0.6593
2023-12-19 20:57:51,160 -     || KL: 1.1408
2023-12-19 20:57:51,161 -     || token_match: 0.902, exact_match: 0.161
2023-12-19 20:57:51,161 -     || unique taglist code: 874
2023-12-19 20:57:51,163 -     || seen taglist code: 829
2023-12-19 20:57:51,312 -     || saved model
2023-12-19 20:57:51,315 - 
2023-12-19 20:57:51,315 - #epc: 33
2023-12-19 20:57:51,810 - epc:33, epc_KL:  0.200000
2023-12-19 21:03:54,431 - exact_match_tst_copy_acc: 0.876
2023-12-19 21:03:54,432 - exact_match_tst_reinflection_wlemma: 0.568
2023-12-19 21:03:54,433 - exact_match_tst_reinflection_wlemma_TAGFINDER1: 0.510
2023-12-19 21:03:54,434 - exact_match_tst_reinflection_wlemma_TAGFINDER1_or_2: 0.576
2023-12-19 21:03:54,884 - TRN || epcloss: 0.1479
2023-12-19 21:03:54,884 -     || Q: 0.4375
2023-12-19 21:03:54,886 -     || KL: 0.4345
2023-12-19 21:03:54,887 -     || token_match: 0.951, exact_match: 0.477
2023-12-19 21:03:54,888 -     || unique taglist code: 22401
2023-12-19 21:03:54,889 - DEV || epcloss: 0.0517
2023-12-19 21:03:54,889 -     || Q: 0.2457
2023-12-19 21:03:54,890 -     || KL: 0.8177
2023-12-19 21:03:54,891 -     || token_match: 0.985, exact_match: 0.773
2023-12-19 21:03:54,892 -     || unique taglist code: 1047
2023-12-19 21:03:54,893 -     || seen taglist code: 1001
2023-12-19 21:03:55,487 -     || saved model
2023-12-19 21:03:55,489 - 
2023-12-19 21:03:55,490 - #epc: 34
2023-12-19 21:03:55,987 - epc:34, epc_KL:  0.200000
2023-12-19 21:09:59,467 - exact_match_tst_copy_acc: 0.975
2023-12-19 21:09:59,468 - exact_match_tst_reinflection_wlemma: 0.837
2023-12-19 21:09:59,469 - exact_match_tst_reinflection_wlemma_TAGFINDER1: 0.768
2023-12-19 21:09:59,470 - exact_match_tst_reinflection_wlemma_TAGFINDER1_or_2: 0.837
2023-12-19 21:09:59,855 - TRN || epcloss: 0.0439
2023-12-19 21:09:59,856 -     || Q: 0.2045
2023-12-19 21:09:59,857 -     || KL: 0.3369
2023-12-19 21:09:59,858 -     || token_match: 0.987, exact_match: 0.796
2023-12-19 21:09:59,859 -     || unique taglist code: 18924
2023-12-19 21:09:59,859 - DEV || epcloss: 0.0193
2023-12-19 21:09:59,860 -     || Q: 0.1439
2023-12-19 21:09:59,861 -     || KL: 0.6947
2023-12-19 21:09:59,862 -     || token_match: 0.995, exact_match: 0.907
2023-12-19 21:09:59,862 -     || unique taglist code: 1071
2023-12-19 21:09:59,863 -     || seen taglist code: 1048
2023-12-19 21:09:59,969 -     || saved model
2023-12-19 21:09:59,971 - 
2023-12-19 21:09:59,972 - #epc: 35
2023-12-19 21:10:00,468 - epc:35, epc_KL:  0.200000
2023-12-19 21:16:03,237 - exact_match_tst_copy_acc: 0.143
2023-12-19 21:16:03,239 - exact_match_tst_reinflection_wlemma: 0.088
2023-12-19 21:16:03,239 - exact_match_tst_reinflection_wlemma_TAGFINDER1: 0.076
2023-12-19 21:16:03,240 - exact_match_tst_reinflection_wlemma_TAGFINDER1_or_2: 0.104
2023-12-19 21:16:03,627 - TRN || epcloss: 0.4308
2023-12-19 21:16:03,628 -     || Q: 0.2745
2023-12-19 21:16:03,629 -     || KL: 0.4807
2023-12-19 21:16:03,630 -     || token_match: 0.900, exact_match: 0.496
2023-12-19 21:16:03,631 -     || unique taglist code: 26781
2023-12-19 21:16:03,632 - DEV || epcloss: 0.3695
2023-12-19 21:16:03,632 -     || Q: 0.3061
2023-12-19 21:16:03,633 -     || KL: 1.3068
2023-12-19 21:16:03,634 -     || token_match: 0.874, exact_match: 0.118
2023-12-19 21:16:03,635 -     || unique taglist code: 945
2023-12-19 21:16:03,636 -     || seen taglist code: 859
2023-12-19 21:16:03,734 -     || saved model
2023-12-19 21:16:03,736 - 
2023-12-19 21:16:03,737 - #epc: 36
2023-12-19 21:16:04,227 - epc:36, epc_KL:  0.200000
2023-12-19 21:22:08,316 - exact_match_tst_copy_acc: 0.878
2023-12-19 21:22:08,317 - exact_match_tst_reinflection_wlemma: 0.650
2023-12-19 21:22:08,319 - exact_match_tst_reinflection_wlemma_TAGFINDER1: 0.579
2023-12-19 21:22:08,319 - exact_match_tst_reinflection_wlemma_TAGFINDER1_or_2: 0.672
2023-12-19 21:22:08,628 - TRN || epcloss: 0.1527
2023-12-19 21:22:08,629 -     || Q: 0.3187
2023-12-19 21:22:08,630 -     || KL: 0.4132
2023-12-19 21:22:08,631 -     || token_match: 0.949, exact_match: 0.487
2023-12-19 21:22:08,632 -     || unique taglist code: 29192
2023-12-19 21:22:08,633 - DEV || epcloss: 0.0533
2023-12-19 21:22:08,633 -     || Q: 0.2524
2023-12-19 21:22:08,634 -     || KL: 0.7940
2023-12-19 21:22:08,635 -     || token_match: 0.984, exact_match: 0.755
2023-12-19 21:22:08,636 -     || unique taglist code: 1157
2023-12-19 21:22:08,637 -     || seen taglist code: 1096
2023-12-19 21:22:08,638 -     || MOST used trncode: 29192
2023-12-19 21:22:08,639 -     || MOST used devcode: 1157
2023-12-19 21:22:08,685 -     || saved model
2023-12-19 21:22:08,687 - 
2023-12-19 21:22:08,688 - #epc: 37
2023-12-19 21:22:09,123 - epc:37, epc_KL:  0.200000
2023-12-19 21:28:12,608 - exact_match_tst_copy_acc: 0.970
2023-12-19 21:28:12,609 - exact_match_tst_reinflection_wlemma: 0.822
2023-12-19 21:28:12,610 - exact_match_tst_reinflection_wlemma_TAGFINDER1: 0.756
2023-12-19 21:28:12,611 - exact_match_tst_reinflection_wlemma_TAGFINDER1_or_2: 0.831
2023-12-19 21:28:12,905 - TRN || epcloss: 0.0396
2023-12-19 21:28:12,905 -     || Q: 0.2021
2023-12-19 21:28:12,906 -     || KL: 0.3236
2023-12-19 21:28:12,907 -     || token_match: 0.988, exact_match: 0.818
2023-12-19 21:28:12,908 -     || unique taglist code: 21572
2023-12-19 21:28:12,908 - DEV || epcloss: 0.0225
2023-12-19 21:28:12,909 -     || Q: 0.1422
2023-12-19 21:28:12,910 -     || KL: 0.7013
2023-12-19 21:28:12,911 -     || token_match: 0.993, exact_match: 0.883
2023-12-19 21:28:12,911 -     || unique taglist code: 1029
2023-12-19 21:28:12,912 -     || seen taglist code: 1015
2023-12-19 21:28:12,953 -     || saved model
2023-12-19 21:28:12,955 - 
2023-12-19 21:28:12,955 - #epc: 38
2023-12-19 21:28:13,387 - epc:38, epc_KL:  0.200000
2023-12-19 21:34:17,468 - exact_match_tst_copy_acc: 0.977
2023-12-19 21:34:17,468 - exact_match_tst_reinflection_wlemma: 0.882
2023-12-19 21:34:17,469 - exact_match_tst_reinflection_wlemma_TAGFINDER1: 0.804
2023-12-19 21:34:17,470 - exact_match_tst_reinflection_wlemma_TAGFINDER1_or_2: 0.887
2023-12-19 21:34:17,809 - TRN || epcloss: 0.0275
2023-12-19 21:34:17,810 -     || Q: 0.1464
2023-12-19 21:34:17,811 -     || KL: 0.3040
2023-12-19 21:34:17,812 -     || token_match: 0.992, exact_match: 0.866
2023-12-19 21:34:17,812 -     || unique taglist code: 17466
2023-12-19 21:34:17,813 - DEV || epcloss: 0.0164
2023-12-19 21:34:17,814 -     || Q: 0.1174
2023-12-19 21:34:17,815 -     || KL: 0.6789
2023-12-19 21:34:17,816 -     || token_match: 0.995, exact_match: 0.911
2023-12-19 21:34:17,817 -     || unique taglist code: 1116
2023-12-19 21:34:17,818 -     || seen taglist code: 1100
2023-12-19 21:34:17,888 -     || saved model
2023-12-19 21:34:17,890 - 
2023-12-19 21:34:17,890 - #epc: 39
2023-12-19 21:34:18,330 - epc:39, epc_KL:  0.200000
2023-12-19 21:40:22,971 - exact_match_tst_copy_acc: 0.982
2023-12-19 21:40:22,971 - exact_match_tst_reinflection_wlemma: 0.925
2023-12-19 21:40:22,972 - exact_match_tst_reinflection_wlemma_TAGFINDER1: 0.827
2023-12-19 21:40:22,973 - exact_match_tst_reinflection_wlemma_TAGFINDER1_or_2: 0.923
2023-12-19 21:40:23,293 - TRN || epcloss: 0.0200
2023-12-19 21:40:23,294 -     || Q: 0.1190
2023-12-19 21:40:23,294 -     || KL: 0.2881
2023-12-19 21:40:23,295 -     || token_match: 0.994, exact_match: 0.897
2023-12-19 21:40:23,296 -     || unique taglist code: 15070
2023-12-19 21:40:23,296 - DEV || epcloss: 0.0160
2023-12-19 21:40:23,297 -     || Q: 0.1095
2023-12-19 21:40:23,298 -     || KL: 0.6316
2023-12-19 21:40:23,298 -     || token_match: 0.995, exact_match: 0.916
2023-12-19 21:40:23,299 -     || unique taglist code: 1097
2023-12-19 21:40:23,300 -     || seen taglist code: 1083
2023-12-19 21:40:23,347 -     || saved model
2023-12-19 21:40:23,349 - 
2023-12-19 21:40:23,350 - #epc: 40
2023-12-19 21:40:23,781 - epc:40, epc_KL:  0.200000
2023-12-19 21:46:25,138 - exact_match_tst_copy_acc: 0.981
2023-12-19 21:46:25,139 - exact_match_tst_reinflection_wlemma: 0.925
2023-12-19 21:46:25,139 - exact_match_tst_reinflection_wlemma_TAGFINDER1: 0.830
2023-12-19 21:46:25,140 - exact_match_tst_reinflection_wlemma_TAGFINDER1_or_2: 0.923
2023-12-19 21:46:25,489 - TRN || epcloss: 0.0177
2023-12-19 21:46:25,490 -     || Q: 0.1076
2023-12-19 21:46:25,491 -     || KL: 0.2774
2023-12-19 21:46:25,491 -     || token_match: 0.995, exact_match: 0.909
2023-12-19 21:46:25,492 -     || unique taglist code: 14928
2023-12-19 21:46:25,493 - DEV || epcloss: 0.0134
2023-12-19 21:46:25,493 -     || Q: 0.1049
2023-12-19 21:46:25,494 -     || KL: 0.6180
2023-12-19 21:46:25,495 -     || token_match: 0.996, exact_match: 0.927
2023-12-19 21:46:25,495 -     || unique taglist code: 1135
2023-12-19 21:46:25,497 -     || seen taglist code: 1113
2023-12-19 21:46:25,552 -     || saved model
2023-12-19 21:46:25,554 - 
2023-12-19 21:46:25,555 - #epc: 41
2023-12-19 21:46:25,982 - epc:41, epc_KL:  0.200000
2023-12-19 21:52:28,497 - exact_match_tst_copy_acc: 0.983
2023-12-19 21:52:28,498 - exact_match_tst_reinflection_wlemma: 0.925
2023-12-19 21:52:28,499 - exact_match_tst_reinflection_wlemma_TAGFINDER1: 0.830
2023-12-19 21:52:28,500 - exact_match_tst_reinflection_wlemma_TAGFINDER1_or_2: 0.919
2023-12-19 21:52:28,999 - TRN || epcloss: 0.0180
2023-12-19 21:52:29,000 -     || Q: 0.1081
2023-12-19 21:52:29,001 -     || KL: 0.2793
2023-12-19 21:52:29,002 -     || token_match: 0.995, exact_match: 0.908
2023-12-19 21:52:29,003 -     || unique taglist code: 16186
2023-12-19 21:52:29,004 - DEV || epcloss: 0.0121
2023-12-19 21:52:29,005 -     || Q: 0.1135
2023-12-19 21:52:29,006 -     || KL: 0.6083
2023-12-19 21:52:29,007 -     || token_match: 0.996, exact_match: 0.934
2023-12-19 21:52:29,008 -     || unique taglist code: 1154
2023-12-19 21:52:29,010 -     || seen taglist code: 1130
2023-12-19 21:52:29,067 -     || saved model
2023-12-19 21:52:29,070 - 
2023-12-19 21:52:29,071 - #epc: 42
2023-12-19 21:52:29,584 - epc:42, epc_KL:  0.200000
2023-12-19 21:58:35,729 - exact_match_tst_copy_acc: 0.981
2023-12-19 21:58:35,730 - exact_match_tst_reinflection_wlemma: 0.941
2023-12-19 21:58:35,731 - exact_match_tst_reinflection_wlemma_TAGFINDER1: 0.831
2023-12-19 21:58:35,731 - exact_match_tst_reinflection_wlemma_TAGFINDER1_or_2: 0.934
2023-12-19 21:58:36,272 - TRN || epcloss: 0.0177
2023-12-19 21:58:36,273 -     || Q: 0.1054
2023-12-19 21:58:36,274 -     || KL: 0.2747
2023-12-19 21:58:36,276 -     || token_match: 0.995, exact_match: 0.912
2023-12-19 21:58:36,277 -     || unique taglist code: 16763
2023-12-19 21:58:36,278 - DEV || epcloss: 0.0174
2023-12-19 21:58:36,279 -     || Q: 0.1086
2023-12-19 21:58:36,279 -     || KL: 0.5983
2023-12-19 21:58:36,280 -     || token_match: 0.995, exact_match: 0.911
2023-12-19 21:58:36,281 -     || unique taglist code: 1140
2023-12-19 21:58:36,283 -     || seen taglist code: 1121
2023-12-19 21:58:36,346 -     || saved model
2023-12-19 21:58:36,348 - 
2023-12-19 21:58:36,349 - #epc: 43
2023-12-19 21:58:36,841 - epc:43, epc_KL:  0.200000
2023-12-19 22:04:42,234 - exact_match_tst_copy_acc: 0.984
2023-12-19 22:04:42,235 - exact_match_tst_reinflection_wlemma: 0.950
2023-12-19 22:04:42,236 - exact_match_tst_reinflection_wlemma_TAGFINDER1: 0.826
2023-12-19 22:04:42,237 - exact_match_tst_reinflection_wlemma_TAGFINDER1_or_2: 0.932
2023-12-19 22:04:42,699 - TRN || epcloss: 0.0169
2023-12-19 22:04:42,700 -     || Q: 0.0998
2023-12-19 22:04:42,701 -     || KL: 0.2726
2023-12-19 22:04:42,702 -     || token_match: 0.995, exact_match: 0.916
2023-12-19 22:04:42,703 -     || unique taglist code: 16067
2023-12-19 22:04:42,704 - DEV || epcloss: 0.0110
2023-12-19 22:04:42,706 -     || Q: 0.0836
2023-12-19 22:04:42,707 -     || KL: 0.6074
2023-12-19 22:04:42,708 -     || token_match: 0.997, exact_match: 0.943
2023-12-19 22:04:42,708 -     || unique taglist code: 1174
2023-12-19 22:04:42,710 -     || seen taglist code: 1157
2023-12-19 22:04:42,711 -     || MOST used devcode: 1174
2023-12-19 22:04:42,777 -     || saved model
2023-12-19 22:04:42,779 - 
2023-12-19 22:04:42,780 - #epc: 44
2023-12-19 22:04:43,273 - epc:44, epc_KL:  0.200000
2023-12-19 22:10:48,058 - exact_match_tst_copy_acc: 0.991
2023-12-19 22:10:48,059 - exact_match_tst_reinflection_wlemma: 0.935
2023-12-19 22:10:48,060 - exact_match_tst_reinflection_wlemma_TAGFINDER1: 0.837
2023-12-19 22:10:48,061 - exact_match_tst_reinflection_wlemma_TAGFINDER1_or_2: 0.927
2023-12-19 22:10:48,520 - TRN || epcloss: 0.0196
2023-12-19 22:10:48,521 -     || Q: 0.1099
2023-12-19 22:10:48,522 -     || KL: 0.2764
2023-12-19 22:10:48,523 -     || token_match: 0.994, exact_match: 0.904
2023-12-19 22:10:48,524 -     || unique taglist code: 18958
2023-12-19 22:10:48,525 - DEV || epcloss: 0.0094
2023-12-19 22:10:48,526 -     || Q: 0.0958
2023-12-19 22:10:48,527 -     || KL: 0.6284
2023-12-19 22:10:48,528 -     || token_match: 0.997, exact_match: 0.945
2023-12-19 22:10:48,529 -     || unique taglist code: 1147
2023-12-19 22:10:48,531 -     || seen taglist code: 1137
2023-12-19 22:10:48,626 -     || saved model
2023-12-19 22:10:48,628 - 
2023-12-19 22:10:48,629 - #epc: 45
2023-12-19 22:10:49,120 - epc:45, epc_KL:  0.200000
2023-12-19 22:16:52,985 - exact_match_tst_copy_acc: 0.990
2023-12-19 22:16:52,987 - exact_match_tst_reinflection_wlemma: 0.959
2023-12-19 22:16:52,988 - exact_match_tst_reinflection_wlemma_TAGFINDER1: 0.846
2023-12-19 22:16:52,988 - exact_match_tst_reinflection_wlemma_TAGFINDER1_or_2: 0.953
2023-12-19 22:16:53,653 - TRN || epcloss: 0.0147
2023-12-19 22:16:53,654 -     || Q: 0.0973
2023-12-19 22:16:53,656 -     || KL: 0.2660
2023-12-19 22:16:53,657 -     || token_match: 0.996, exact_match: 0.924
2023-12-19 22:16:53,658 -     || unique taglist code: 14904
2023-12-19 22:16:53,659 - DEV || epcloss: 0.0074
2023-12-19 22:16:53,659 -     || Q: 0.0706
2023-12-19 22:16:53,660 -     || KL: 0.5775
2023-12-19 22:16:53,661 -     || token_match: 0.998, exact_match: 0.957
2023-12-19 22:16:53,662 -     || unique taglist code: 1163
2023-12-19 22:16:53,664 -     || seen taglist code: 1149
2023-12-19 22:16:53,834 -     || saved model
2023-12-19 22:16:53,836 - 
2023-12-19 22:16:53,837 - #epc: 46
2023-12-19 22:16:54,330 - epc:46, epc_KL:  0.200000
2023-12-19 22:22:57,299 - exact_match_tst_copy_acc: 0.985
2023-12-19 22:22:57,300 - exact_match_tst_reinflection_wlemma: 0.943
2023-12-19 22:22:57,301 - exact_match_tst_reinflection_wlemma_TAGFINDER1: 0.824
2023-12-19 22:22:57,301 - exact_match_tst_reinflection_wlemma_TAGFINDER1_or_2: 0.934
2023-12-19 22:22:57,824 - TRN || epcloss: 0.0156
2023-12-19 22:22:57,825 -     || Q: 0.0964
2023-12-19 22:22:57,826 -     || KL: 0.2648
2023-12-19 22:22:57,826 -     || token_match: 0.995, exact_match: 0.921
2023-12-19 22:22:57,827 -     || unique taglist code: 15262
2023-12-19 22:22:57,828 - DEV || epcloss: 0.0113
2023-12-19 22:22:57,829 -     || Q: 0.0920
2023-12-19 22:22:57,830 -     || KL: 0.5785
2023-12-19 22:22:57,831 -     || token_match: 0.997, exact_match: 0.941
2023-12-19 22:22:57,832 -     || unique taglist code: 1165
2023-12-19 22:22:57,833 -     || seen taglist code: 1143
2023-12-19 22:22:57,948 -     || saved model
2023-12-19 22:22:57,951 - 
2023-12-19 22:22:57,951 - #epc: 47
2023-12-19 22:22:58,446 - epc:47, epc_KL:  0.200000
2023-12-19 22:29:04,590 - exact_match_tst_copy_acc: 0.988
2023-12-19 22:29:04,591 - exact_match_tst_reinflection_wlemma: 0.956
2023-12-19 22:29:04,592 - exact_match_tst_reinflection_wlemma_TAGFINDER1: 0.835
2023-12-19 22:29:04,593 - exact_match_tst_reinflection_wlemma_TAGFINDER1_or_2: 0.939
2023-12-19 22:29:05,190 - TRN || epcloss: 0.0159
2023-12-19 22:29:05,191 -     || Q: 0.0977
2023-12-19 22:29:05,192 -     || KL: 0.2611
2023-12-19 22:29:05,193 -     || token_match: 0.995, exact_match: 0.919
2023-12-19 22:29:05,194 -     || unique taglist code: 16176
2023-12-19 22:29:05,195 - DEV || epcloss: 0.0102
2023-12-19 22:29:05,196 -     || Q: 0.0902
2023-12-19 22:29:05,197 -     || KL: 0.5609
2023-12-19 22:29:05,198 -     || token_match: 0.997, exact_match: 0.942
2023-12-19 22:29:05,199 -     || unique taglist code: 1158
2023-12-19 22:29:05,201 -     || seen taglist code: 1142
2023-12-19 22:29:05,352 -     || saved model
2023-12-19 22:29:05,355 - 
2023-12-19 22:29:05,356 - #epc: 48
2023-12-19 22:29:05,851 - epc:48, epc_KL:  0.200000
2023-12-19 22:35:08,668 - exact_match_tst_copy_acc: 0.928
2023-12-19 22:35:08,669 - exact_match_tst_reinflection_wlemma: 0.909
2023-12-19 22:35:08,670 - exact_match_tst_reinflection_wlemma_TAGFINDER1: 0.760
2023-12-19 22:35:08,671 - exact_match_tst_reinflection_wlemma_TAGFINDER1_or_2: 0.902
2023-12-19 22:35:09,138 - TRN || epcloss: 0.0148
2023-12-19 22:35:09,139 -     || Q: 0.0937
2023-12-19 22:35:09,140 -     || KL: 0.2589
2023-12-19 22:35:09,140 -     || token_match: 0.996, exact_match: 0.924
2023-12-19 22:35:09,141 -     || unique taglist code: 14823
2023-12-19 22:35:09,142 - DEV || epcloss: 0.0385
2023-12-19 22:35:09,143 -     || Q: 0.1289
2023-12-19 22:35:09,144 -     || KL: 0.6079
2023-12-19 22:35:09,144 -     || token_match: 0.991, exact_match: 0.857
2023-12-19 22:35:09,145 -     || unique taglist code: 1187
2023-12-19 22:35:09,146 -     || seen taglist code: 1098
2023-12-19 22:35:09,147 -     || MOST used devcode: 1187
2023-12-19 22:35:09,268 -     || saved model
2023-12-19 22:35:09,271 - 
2023-12-19 22:35:09,272 - #epc: 49
2023-12-19 22:35:09,765 - epc:49, epc_KL:  0.200000
2023-12-19 22:41:52,230 - exact_match_tst_copy_acc: 0.021
2023-12-19 22:41:52,231 - exact_match_tst_reinflection_wlemma: 0.018
2023-12-19 22:41:52,232 - exact_match_tst_reinflection_wlemma_TAGFINDER1: 0.015
2023-12-19 22:41:52,233 - exact_match_tst_reinflection_wlemma_TAGFINDER1_or_2: 0.022
2023-12-19 22:41:53,545 - TRN || epcloss: 4.9295
2023-12-19 22:41:53,546 -     || Q: 0.3135
2023-12-19 22:41:53,547 -     || KL: 0.6296
2023-12-19 22:41:53,548 -     || token_match: 0.585, exact_match: 0.090
2023-12-19 22:41:53,548 -     || unique taglist code: 26943
2023-12-19 22:41:53,549 - DEV || epcloss: 3.3368
2023-12-19 22:41:53,550 -     || Q: 0.3068
2023-12-19 22:41:53,551 -     || KL: 1.6318
2023-12-19 22:41:53,552 -     || token_match: 0.596, exact_match: 0.011
2023-12-19 22:41:53,553 -     || unique taglist code: 950
2023-12-19 22:41:53,554 -     || seen taglist code: 909
2023-12-19 22:41:53,683 -     || saved model
2023-12-19 22:41:53,686 - 
2023-12-19 22:41:53,686 - #epc: 50
2023-12-19 22:41:54,145 - epc:50, epc_KL:  0.200000
2023-12-19 22:48:02,499 - exact_match_tst_copy_acc: 0.002
2023-12-19 22:48:02,500 - exact_match_tst_reinflection_wlemma: 0.002
2023-12-19 22:48:02,501 - exact_match_tst_reinflection_wlemma_TAGFINDER1: 0.002
2023-12-19 22:48:02,502 - exact_match_tst_reinflection_wlemma_TAGFINDER1_or_2: 0.003
2023-12-19 22:48:02,992 - TRN || epcloss: 2.9028
2023-12-19 22:48:02,993 -     || Q: 0.3779
2023-12-19 22:48:02,994 -     || KL: 0.7554
2023-12-19 22:48:02,995 -     || token_match: 0.623, exact_match: 0.007
2023-12-19 22:48:02,996 -     || unique taglist code: 11992
2023-12-19 22:48:02,997 - DEV || epcloss: 3.1276
2023-12-19 22:48:02,998 -     || Q: 0.4334
2023-12-19 22:48:02,999 -     || KL: 2.2243
2023-12-19 22:48:02,999 -     || token_match: 0.617, exact_match: 0.000
2023-12-19 22:48:03,000 -     || unique taglist code: 592
2023-12-19 22:48:03,002 -     || seen taglist code: 587
2023-12-19 22:48:03,147 -     || saved model
2023-12-19 22:48:03,150 - 
2023-12-19 22:48:03,151 - #epc: 51
2023-12-19 22:48:03,644 - epc:51, epc_KL:  0.200000
2023-12-19 22:54:10,192 - exact_match_tst_copy_acc: 0.004
2023-12-19 22:54:10,193 - exact_match_tst_reinflection_wlemma: 0.001
2023-12-19 22:54:10,194 - exact_match_tst_reinflection_wlemma_TAGFINDER1: 0.001
2023-12-19 22:54:10,195 - exact_match_tst_reinflection_wlemma_TAGFINDER1_or_2: 0.001
2023-12-19 22:54:10,572 - TRN || epcloss: 1.7726
2023-12-19 22:54:10,573 -     || Q: 0.6314
2023-12-19 22:54:10,574 -     || KL: 0.8211
2023-12-19 22:54:10,575 -     || token_match: 0.692, exact_match: 0.002
2023-12-19 22:54:10,576 -     || unique taglist code: 3297
2023-12-19 22:54:10,577 - DEV || epcloss: 1.0811
2023-12-19 22:54:10,578 -     || Q: 0.7336
2023-12-19 22:54:10,578 -     || KL: 1.7689
2023-12-19 22:54:10,579 -     || token_match: 0.728, exact_match: 0.007
2023-12-19 22:54:10,580 -     || unique taglist code: 314
2023-12-19 22:54:10,581 -     || seen taglist code: 313
2023-12-19 22:54:10,702 -     || saved model
2023-12-19 22:54:10,704 - 
2023-12-19 22:54:10,705 - #epc: 52
2023-12-19 22:54:11,204 - epc:52, epc_KL:  0.200000
2023-12-19 23:00:15,876 - exact_match_tst_copy_acc: 0.012
2023-12-19 23:00:15,878 - exact_match_tst_reinflection_wlemma: 0.001
2023-12-19 23:00:15,878 - exact_match_tst_reinflection_wlemma_TAGFINDER1: 0.003
2023-12-19 23:00:15,879 - exact_match_tst_reinflection_wlemma_TAGFINDER1_or_2: 0.003
2023-12-19 23:00:16,284 - TRN || epcloss: 1.0869
2023-12-19 23:00:16,285 -     || Q: 0.8061
2023-12-19 23:00:16,289 -     || KL: 0.6018
2023-12-19 23:00:16,290 -     || token_match: 0.768, exact_match: 0.005
2023-12-19 23:00:16,291 -     || unique taglist code: 1739
2023-12-19 23:00:16,292 - DEV || epcloss: 0.6919
2023-12-19 23:00:16,293 -     || Q: 0.7716
2023-12-19 23:00:16,294 -     || KL: 1.2165
2023-12-19 23:00:16,295 -     || token_match: 0.792, exact_match: 0.008
2023-12-19 23:00:16,296 -     || unique taglist code: 268
2023-12-19 23:00:16,297 -     || seen taglist code: 266
2023-12-19 23:00:16,443 -     || saved model
2023-12-19 23:00:16,446 - 
2023-12-19 23:00:16,446 - #epc: 53
2023-12-19 23:00:16,938 - epc:53, epc_KL:  0.200000
2023-12-19 23:07:23,339 - exact_match_tst_copy_acc: 0.006
2023-12-19 23:07:23,340 - exact_match_tst_reinflection_wlemma: 0.001
2023-12-19 23:07:23,341 - exact_match_tst_reinflection_wlemma_TAGFINDER1: 0.001
2023-12-19 23:07:23,342 - exact_match_tst_reinflection_wlemma_TAGFINDER1_or_2: 0.003
2023-12-19 23:07:24,208 - TRN || epcloss: 1.6325
2023-12-19 23:07:24,209 -     || Q: 0.8366
2023-12-19 23:07:24,210 -     || KL: 0.6003
2023-12-19 23:07:24,211 -     || token_match: 0.781, exact_match: 0.009
2023-12-19 23:07:24,212 -     || unique taglist code: 2075
2023-12-19 23:07:24,213 - DEV || epcloss: 6.9676
2023-12-19 23:07:24,214 -     || Q: 2.5302
2023-12-19 23:07:24,215 -     || KL: 1.7054
2023-12-19 23:07:24,216 -     || token_match: 0.577, exact_match: 0.006
2023-12-19 23:07:24,217 -     || unique taglist code: 222
2023-12-19 23:07:24,218 -     || seen taglist code: 212
2023-12-19 23:07:24,328 -     || saved model
2023-12-19 23:07:24,330 - 
2023-12-19 23:07:24,331 - #epc: 54
2023-12-19 23:07:24,827 - epc:54, epc_KL:  0.200000
2023-12-19 23:13:36,758 - exact_match_tst_copy_acc: 0.005
2023-12-19 23:13:36,758 - exact_match_tst_reinflection_wlemma: 0.001
2023-12-19 23:13:36,759 - exact_match_tst_reinflection_wlemma_TAGFINDER1: 0.002
2023-12-19 23:13:36,760 - exact_match_tst_reinflection_wlemma_TAGFINDER1_or_2: 0.003
2023-12-19 23:13:37,194 - TRN || epcloss: 2.8117
2023-12-19 23:13:37,196 -     || Q: 1.4235
2023-12-19 23:13:37,197 -     || KL: 0.7698
2023-12-19 23:13:37,197 -     || token_match: 0.677, exact_match: 0.004
2023-12-19 23:13:37,199 -     || unique taglist code: 2340
2023-12-19 23:13:37,199 - DEV || epcloss: 0.9448
2023-12-19 23:13:37,201 -     || Q: 1.6200
2023-12-19 23:13:37,202 -     || KL: 1.9787
2023-12-19 23:13:37,203 -     || token_match: 0.763, exact_match: 0.005
2023-12-19 23:13:37,204 -     || unique taglist code: 188
2023-12-19 23:13:37,205 -     || seen taglist code: 186
2023-12-19 23:13:37,305 -     || saved model
2023-12-19 23:13:37,308 - 
2023-12-19 23:13:37,308 - #epc: 55
2023-12-19 23:13:37,767 - epc:55, epc_KL:  0.200000
2023-12-19 23:19:41,605 - exact_match_tst_copy_acc: 0.018
2023-12-19 23:19:41,606 - exact_match_tst_reinflection_wlemma: 0.003
2023-12-19 23:19:41,607 - exact_match_tst_reinflection_wlemma_TAGFINDER1: 0.003
2023-12-19 23:19:41,608 - exact_match_tst_reinflection_wlemma_TAGFINDER1_or_2: 0.005
2023-12-19 23:19:42,053 - TRN || epcloss: 0.6552
2023-12-19 23:19:42,054 -     || Q: 1.1009
2023-12-19 23:19:42,055 -     || KL: 0.9131
2023-12-19 23:19:42,055 -     || token_match: 0.797, exact_match: 0.008
2023-12-19 23:19:42,056 -     || unique taglist code: 1136
2023-12-19 23:19:42,057 - DEV || epcloss: 0.5190
2023-12-19 23:19:42,058 -     || Q: 0.8871
2023-12-19 23:19:42,058 -     || KL: 1.2307
2023-12-19 23:19:42,059 -     || token_match: 0.828, exact_match: 0.010
2023-12-19 23:19:42,060 -     || unique taglist code: 162
2023-12-19 23:19:42,060 -     || seen taglist code: 161
2023-12-19 23:19:42,144 -     || saved model
2023-12-19 23:19:42,146 - 
2023-12-19 23:19:42,147 - #epc: 56
2023-12-19 23:19:42,598 - epc:56, epc_KL:  0.200000
2023-12-19 23:25:51,985 - exact_match_tst_copy_acc: 0.043
2023-12-19 23:25:51,985 - exact_match_tst_reinflection_wlemma: 0.008
2023-12-19 23:25:51,986 - exact_match_tst_reinflection_wlemma_TAGFINDER1: 0.006
2023-12-19 23:25:51,987 - exact_match_tst_reinflection_wlemma_TAGFINDER1_or_2: 0.008
2023-12-19 23:25:52,334 - TRN || epcloss: 0.6581
2023-12-19 23:25:52,335 -     || Q: 0.9282
2023-12-19 23:25:52,336 -     || KL: 0.5694
2023-12-19 23:25:52,337 -     || token_match: 0.839, exact_match: 0.026
2023-12-19 23:25:52,337 -     || unique taglist code: 1717
2023-12-19 23:25:52,338 - DEV || epcloss: 0.9977
2023-12-19 23:25:52,339 -     || Q: 1.2167
2023-12-19 23:25:52,339 -     || KL: 1.8480
2023-12-19 23:25:52,340 -     || token_match: 0.819, exact_match: 0.033
2023-12-19 23:25:52,341 -     || unique taglist code: 244
2023-12-19 23:25:52,341 -     || seen taglist code: 233
2023-12-19 23:25:52,394 -     || saved model
2023-12-19 23:25:52,395 - 
2023-12-19 23:25:52,396 - #epc: 57
2023-12-19 23:25:52,826 - epc:57, epc_KL:  0.200000
2023-12-19 23:31:58,381 - exact_match_tst_copy_acc: 0.100
2023-12-19 23:31:58,382 - exact_match_tst_reinflection_wlemma: 0.012
2023-12-19 23:31:58,383 - exact_match_tst_reinflection_wlemma_TAGFINDER1: 0.012
2023-12-19 23:31:58,383 - exact_match_tst_reinflection_wlemma_TAGFINDER1_or_2: 0.017
2023-12-19 23:31:58,724 - TRN || epcloss: 0.5991
2023-12-19 23:31:58,725 -     || Q: 0.9652
2023-12-19 23:31:58,725 -     || KL: 0.6925
2023-12-19 23:31:58,726 -     || token_match: 0.851, exact_match: 0.046
2023-12-19 23:31:58,727 -     || unique taglist code: 2910
2023-12-19 23:31:58,727 - DEV || epcloss: 0.3149
2023-12-19 23:31:58,728 -     || Q: 0.8017
2023-12-19 23:31:58,729 -     || KL: 1.2194
2023-12-19 23:31:58,729 -     || token_match: 0.885, exact_match: 0.068
2023-12-19 23:31:58,730 -     || unique taglist code: 327
2023-12-19 23:31:58,731 -     || seen taglist code: 320
2023-12-19 23:31:58,808 -     || saved model
2023-12-19 23:31:58,809 - 
2023-12-19 23:31:58,810 - #epc: 58
2023-12-19 23:31:59,244 - epc:58, epc_KL:  0.200000
2023-12-19 23:38:00,820 - exact_match_tst_copy_acc: 0.555
2023-12-19 23:38:00,821 - exact_match_tst_reinflection_wlemma: 0.113
2023-12-19 23:38:00,822 - exact_match_tst_reinflection_wlemma_TAGFINDER1: 0.103
2023-12-19 23:38:00,823 - exact_match_tst_reinflection_wlemma_TAGFINDER1_or_2: 0.129
2023-12-19 23:38:01,300 - TRN || epcloss: 0.2555
2023-12-19 23:38:01,301 -     || Q: 0.7436
2023-12-19 23:38:01,301 -     || KL: 0.5275
2023-12-19 23:38:01,302 -     || token_match: 0.916, exact_match: 0.204
2023-12-19 23:38:01,303 -     || unique taglist code: 7637
2023-12-19 23:38:01,304 - DEV || epcloss: 0.1305
2023-12-19 23:38:01,304 -     || Q: 0.5695
2023-12-19 23:38:01,305 -     || KL: 1.0700
2023-12-19 23:38:01,306 -     || token_match: 0.955, exact_match: 0.441
2023-12-19 23:38:01,306 -     || unique taglist code: 717
2023-12-19 23:38:01,307 -     || seen taglist code: 686
2023-12-19 23:38:01,409 -     || saved model
2023-12-19 23:38:01,412 - 
2023-12-19 23:38:01,413 - #epc: 59
2023-12-19 23:38:01,907 - epc:59, epc_KL:  0.200000
2023-12-19 23:44:13,809 - exact_match_tst_copy_acc: 0.891
2023-12-19 23:44:13,880 - exact_match_tst_reinflection_wlemma: 0.374
2023-12-19 23:44:13,893 - exact_match_tst_reinflection_wlemma_TAGFINDER1: 0.327
2023-12-19 23:44:13,902 - exact_match_tst_reinflection_wlemma_TAGFINDER1_or_2: 0.390
2023-12-19 23:44:14,515 - TRN || epcloss: 0.1051
2023-12-19 23:44:14,517 -     || Q: 0.3702
2023-12-19 23:44:14,518 -     || KL: 0.4444
2023-12-19 23:44:14,519 -     || token_match: 0.969, exact_match: 0.594
2023-12-19 23:44:14,520 -     || unique taglist code: 13928
2023-12-19 23:44:14,521 - DEV || epcloss: 0.0504
2023-12-19 23:44:14,522 -     || Q: 0.2533
2023-12-19 23:44:14,523 -     || KL: 0.8714
2023-12-19 23:44:14,524 -     || token_match: 0.986, exact_match: 0.784
2023-12-19 23:44:14,525 -     || unique taglist code: 875
2023-12-19 23:44:14,526 -     || seen taglist code: 849
2023-12-19 23:44:14,655 -     || saved model
2023-12-19 23:44:14,658 - 
2023-12-19 23:44:14,658 - #epc: 60
2023-12-19 23:44:15,148 - epc:60, epc_KL:  0.200000
2023-12-19 23:50:22,149 - exact_match_tst_copy_acc: 0.403
2023-12-19 23:50:22,150 - exact_match_tst_reinflection_wlemma: 0.187
2023-12-19 23:50:22,151 - exact_match_tst_reinflection_wlemma_TAGFINDER1: 0.159
2023-12-19 23:50:22,151 - exact_match_tst_reinflection_wlemma_TAGFINDER1_or_2: 0.207
2023-12-19 23:50:22,711 - TRN || epcloss: 0.0559
2023-12-19 23:50:22,713 -     || Q: 0.2598
2023-12-19 23:50:22,713 -     || KL: 0.3772
2023-12-19 23:50:22,714 -     || token_match: 0.984, exact_match: 0.762
2023-12-19 23:50:22,715 -     || unique taglist code: 13462
2023-12-19 23:50:22,716 - DEV || epcloss: 0.1885
2023-12-19 23:50:22,717 -     || Q: 1.1417
2023-12-19 23:50:22,718 -     || KL: 0.9024
2023-12-19 23:50:22,719 -     || token_match: 0.939, exact_match: 0.344
2023-12-19 23:50:22,720 -     || unique taglist code: 817
2023-12-19 23:50:22,721 -     || seen taglist code: 637
2023-12-19 23:50:22,867 -     || saved model
2023-12-19 23:50:22,869 - 
2023-12-19 23:50:22,870 - #epc: 61
2023-12-19 23:50:23,366 - epc:61, epc_KL:  0.200000
2023-12-19 23:56:30,443 - exact_match_tst_copy_acc: 0.953
2023-12-19 23:56:30,444 - exact_match_tst_reinflection_wlemma: 0.604
2023-12-19 23:56:30,444 - exact_match_tst_reinflection_wlemma_TAGFINDER1: 0.553
2023-12-19 23:56:30,445 - exact_match_tst_reinflection_wlemma_TAGFINDER1_or_2: 0.607
2023-12-19 23:56:30,869 - TRN || epcloss: 0.0396
2023-12-19 23:56:30,870 -     || Q: 0.2284
2023-12-19 23:56:30,871 -     || KL: 0.3466
2023-12-19 23:56:30,872 -     || token_match: 0.989, exact_match: 0.824
2023-12-19 23:56:30,873 -     || unique taglist code: 11151
2023-12-19 23:56:30,874 - DEV || epcloss: 0.0275
2023-12-19 23:56:30,875 -     || Q: 0.1814
2023-12-19 23:56:30,876 -     || KL: 0.7203
2023-12-19 23:56:30,876 -     || token_match: 0.992, exact_match: 0.869
2023-12-19 23:56:30,877 -     || unique taglist code: 840
2023-12-19 23:56:30,879 -     || seen taglist code: 828
2023-12-19 23:56:30,941 -     || saved model
2023-12-19 23:56:30,943 - 
2023-12-19 23:56:30,944 - #epc: 62
2023-12-19 23:56:31,435 - epc:62, epc_KL:  0.200000
2023-12-20 00:02:37,314 - exact_match_tst_copy_acc: 0.958
2023-12-20 00:02:37,316 - exact_match_tst_reinflection_wlemma: 0.610
2023-12-20 00:02:37,316 - exact_match_tst_reinflection_wlemma_TAGFINDER1: 0.564
2023-12-20 00:02:37,317 - exact_match_tst_reinflection_wlemma_TAGFINDER1_or_2: 0.613
2023-12-20 00:02:37,731 - TRN || epcloss: 0.0291
2023-12-20 00:02:37,732 -     || Q: 0.1914
2023-12-20 00:02:37,733 -     || KL: 0.3212
2023-12-20 00:02:37,734 -     || token_match: 0.992, exact_match: 0.865
2023-12-20 00:02:37,735 -     || unique taglist code: 9712
2023-12-20 00:02:37,736 - DEV || epcloss: 0.0210
2023-12-20 00:02:37,737 -     || Q: 0.1631
2023-12-20 00:02:37,738 -     || KL: 0.6924
2023-12-20 00:02:37,739 -     || token_match: 0.994, exact_match: 0.893
2023-12-20 00:02:37,739 -     || unique taglist code: 823
2023-12-20 00:02:37,741 -     || seen taglist code: 811
2023-12-20 00:02:37,837 -     || saved model
2023-12-20 00:02:37,839 - 
2023-12-20 00:02:37,840 - #epc: 63
2023-12-20 00:02:38,340 - epc:63, epc_KL:  0.200000
2023-12-20 00:08:41,776 - exact_match_tst_copy_acc: 0.967
2023-12-20 00:08:41,777 - exact_match_tst_reinflection_wlemma: 0.704
2023-12-20 00:08:41,778 - exact_match_tst_reinflection_wlemma_TAGFINDER1: 0.660
2023-12-20 00:08:41,779 - exact_match_tst_reinflection_wlemma_TAGFINDER1_or_2: 0.713
2023-12-20 00:08:42,124 - TRN || epcloss: 0.0225
2023-12-20 00:08:42,125 -     || Q: 0.1613
2023-12-20 00:08:42,126 -     || KL: 0.3039
2023-12-20 00:08:42,127 -     || token_match: 0.994, exact_match: 0.893
2023-12-20 00:08:42,128 -     || unique taglist code: 9046
2023-12-20 00:08:42,129 - DEV || epcloss: 0.0230
2023-12-20 00:08:42,130 -     || Q: 0.1459
2023-12-20 00:08:42,131 -     || KL: 0.6729
2023-12-20 00:08:42,132 -     || token_match: 0.994, exact_match: 0.893
2023-12-20 00:08:42,132 -     || unique taglist code: 820
2023-12-20 00:08:42,134 -     || seen taglist code: 803
2023-12-20 00:08:42,247 -     || saved model
2023-12-20 00:08:42,250 - 
2023-12-20 00:08:42,251 - #epc: 64
2023-12-20 00:08:42,743 - epc:64, epc_KL:  0.200000
2023-12-20 00:14:51,002 - exact_match_tst_copy_acc: 0.978
2023-12-20 00:14:51,003 - exact_match_tst_reinflection_wlemma: 0.734
2023-12-20 00:14:51,004 - exact_match_tst_reinflection_wlemma_TAGFINDER1: 0.664
2023-12-20 00:14:51,005 - exact_match_tst_reinflection_wlemma_TAGFINDER1_or_2: 0.730
2023-12-20 00:14:51,434 - TRN || epcloss: 0.0216
2023-12-20 00:14:51,436 -     || Q: 0.1564
2023-12-20 00:14:51,437 -     || KL: 0.2979
2023-12-20 00:14:51,438 -     || token_match: 0.994, exact_match: 0.897
2023-12-20 00:14:51,439 -     || unique taglist code: 9641
2023-12-20 00:14:51,440 - DEV || epcloss: 0.0472
2023-12-20 00:14:51,441 -     || Q: 0.1355
2023-12-20 00:14:51,442 -     || KL: 0.6715
2023-12-20 00:14:51,443 -     || token_match: 0.995, exact_match: 0.911
2023-12-20 00:14:51,443 -     || unique taglist code: 886
2023-12-20 00:14:51,445 -     || seen taglist code: 872
2023-12-20 00:14:51,556 -     || saved model
2023-12-20 00:14:51,558 - 
2023-12-20 00:14:51,559 - #epc: 65
2023-12-20 00:14:52,045 - epc:65, epc_KL:  0.200000
2023-12-20 00:20:57,929 - exact_match_tst_copy_acc: 0.966
2023-12-20 00:20:57,930 - exact_match_tst_reinflection_wlemma: 0.703
2023-12-20 00:20:57,931 - exact_match_tst_reinflection_wlemma_TAGFINDER1: 0.656
2023-12-20 00:20:57,932 - exact_match_tst_reinflection_wlemma_TAGFINDER1_or_2: 0.709
2023-12-20 00:20:58,323 - TRN || epcloss: 0.0740
2023-12-20 00:20:58,324 -     || Q: 0.2334
2023-12-20 00:20:58,325 -     || KL: 0.3462
2023-12-20 00:20:58,326 -     || token_match: 0.989, exact_match: 0.831
2023-12-20 00:20:58,327 -     || unique taglist code: 13601
2023-12-20 00:20:58,328 - DEV || epcloss: 0.0310
2023-12-20 00:20:58,329 -     || Q: 0.1655
2023-12-20 00:20:58,330 -     || KL: 0.7156
2023-12-20 00:20:58,331 -     || token_match: 0.995, exact_match: 0.918
2023-12-20 00:20:58,332 -     || unique taglist code: 953
2023-12-20 00:20:58,334 -     || seen taglist code: 941
2023-12-20 00:20:58,425 -     || saved model
2023-12-20 00:20:58,427 - 
2023-12-20 00:20:58,428 - #epc: 66
2023-12-20 00:20:58,925 - epc:66, epc_KL:  0.200000
2023-12-20 00:27:04,654 - exact_match_tst_copy_acc: 0.976
2023-12-20 00:27:04,655 - exact_match_tst_reinflection_wlemma: 0.754
2023-12-20 00:27:04,656 - exact_match_tst_reinflection_wlemma_TAGFINDER1: 0.698
2023-12-20 00:27:04,657 - exact_match_tst_reinflection_wlemma_TAGFINDER1_or_2: 0.755
2023-12-20 00:27:05,115 - TRN || epcloss: 0.0262
2023-12-20 00:27:05,116 -     || Q: 0.1683
2023-12-20 00:27:05,117 -     || KL: 0.3138
2023-12-20 00:27:05,118 -     || token_match: 0.994, exact_match: 0.895
2023-12-20 00:27:05,118 -     || unique taglist code: 11144
2023-12-20 00:27:05,120 - DEV || epcloss: 0.0157
2023-12-20 00:27:05,121 -     || Q: 0.1206
2023-12-20 00:27:05,121 -     || KL: 0.6475
2023-12-20 00:27:05,122 -     || token_match: 0.996, exact_match: 0.938
2023-12-20 00:27:05,123 -     || unique taglist code: 877
2023-12-20 00:27:05,125 -     || seen taglist code: 865
2023-12-20 00:27:05,272 -     || saved model
2023-12-20 00:27:05,276 - 
2023-12-20 00:27:05,276 - #epc: 67
2023-12-20 00:27:05,788 - epc:67, epc_KL:  0.200000
2023-12-20 00:33:06,520 - exact_match_tst_copy_acc: 0.981
2023-12-20 00:33:06,521 - exact_match_tst_reinflection_wlemma: 0.734
2023-12-20 00:33:06,522 - exact_match_tst_reinflection_wlemma_TAGFINDER1: 0.682
2023-12-20 00:33:06,523 - exact_match_tst_reinflection_wlemma_TAGFINDER1_or_2: 0.740
2023-12-20 00:33:06,942 - TRN || epcloss: 0.0167
2023-12-20 00:33:06,943 -     || Q: 0.1344
2023-12-20 00:33:06,943 -     || KL: 0.2874
2023-12-20 00:33:06,944 -     || token_match: 0.995, exact_match: 0.919
2023-12-20 00:33:06,945 -     || unique taglist code: 8913
2023-12-20 00:33:06,946 - DEV || epcloss: 0.0142
2023-12-20 00:33:06,946 -     || Q: 0.1115
2023-12-20 00:33:06,947 -     || KL: 0.6106
2023-12-20 00:33:06,948 -     || token_match: 0.996, exact_match: 0.923
2023-12-20 00:33:06,949 -     || unique taglist code: 844
2023-12-20 00:33:06,950 -     || seen taglist code: 833
2023-12-20 00:33:07,327 -     || saved model
2023-12-20 00:33:07,329 - 
2023-12-20 00:33:07,330 - #epc: 68
2023-12-20 00:33:07,823 - epc:68, epc_KL:  0.200000
2023-12-20 00:39:08,434 - exact_match_tst_copy_acc: 0.985
2023-12-20 00:39:08,435 - exact_match_tst_reinflection_wlemma: 0.777
2023-12-20 00:39:08,435 - exact_match_tst_reinflection_wlemma_TAGFINDER1: 0.709
2023-12-20 00:39:08,436 - exact_match_tst_reinflection_wlemma_TAGFINDER1_or_2: 0.781
2023-12-20 00:39:08,942 - TRN || epcloss: 0.0165
2023-12-20 00:39:08,943 -     || Q: 0.1403
2023-12-20 00:39:08,944 -     || KL: 0.2837
2023-12-20 00:39:08,945 -     || token_match: 0.995, exact_match: 0.921
2023-12-20 00:39:08,945 -     || unique taglist code: 9085
2023-12-20 00:39:08,946 - DEV || epcloss: 0.0109
2023-12-20 00:39:08,947 -     || Q: 0.1146
2023-12-20 00:39:08,947 -     || KL: 0.5959
2023-12-20 00:39:08,948 -     || token_match: 0.997, exact_match: 0.952
2023-12-20 00:39:08,949 -     || unique taglist code: 848
2023-12-20 00:39:08,950 -     || seen taglist code: 841
2023-12-20 00:39:09,071 -     || saved model
2023-12-20 00:39:09,074 - 
2023-12-20 00:39:09,074 - #epc: 69
2023-12-20 00:39:09,562 - epc:69, epc_KL:  0.200000
2023-12-20 00:46:11,846 - exact_match_tst_copy_acc: 0.001
2023-12-20 00:46:11,848 - exact_match_tst_reinflection_wlemma: 0.001
2023-12-20 00:46:11,848 - exact_match_tst_reinflection_wlemma_TAGFINDER1: 0.001
2023-12-20 00:46:11,849 - exact_match_tst_reinflection_wlemma_TAGFINDER1_or_2: 0.001
2023-12-20 00:46:12,338 - TRN || epcloss: 3.2910
2023-12-20 00:46:12,339 -     || Q: 0.5200
2023-12-20 00:46:12,340 -     || KL: 0.6668
2023-12-20 00:46:12,341 -     || token_match: 0.643, exact_match: 0.384
2023-12-20 00:46:12,342 -     || unique taglist code: 7744
2023-12-20 00:46:12,343 - DEV || epcloss: 3.8229
2023-12-20 00:46:12,344 -     || Q: 0.5464
2023-12-20 00:46:12,345 -     || KL: 2.6690
2023-12-20 00:46:12,346 -     || token_match: 0.443, exact_match: 0.001
2023-12-20 00:46:12,347 -     || unique taglist code: 85
2023-12-20 00:46:12,348 -     || seen taglist code: 84
2023-12-20 00:46:12,460 -     || saved model
2023-12-20 00:46:12,463 - 
2023-12-20 00:46:12,464 - #epc: 70
2023-12-20 00:46:12,969 - epc:70, epc_KL:  0.200000
2023-12-20 00:54:03,078 - exact_match_tst_copy_acc: 0.000
2023-12-20 00:54:03,079 - exact_match_tst_reinflection_wlemma: 0.000
2023-12-20 00:54:03,080 - exact_match_tst_reinflection_wlemma_TAGFINDER1: 0.000
2023-12-20 00:54:03,081 - exact_match_tst_reinflection_wlemma_TAGFINDER1_or_2: 0.000
2023-12-20 00:54:04,795 - TRN || epcloss: 2.7820
2023-12-20 00:54:04,796 -     || Q: 0.8652
2023-12-20 00:54:04,797 -     || KL: 1.0080
2023-12-20 00:54:04,798 -     || token_match: 0.586, exact_match: 0.002
2023-12-20 00:54:04,799 -     || unique taglist code: 5086
2023-12-20 00:54:04,800 - DEV || epcloss: 9.5130
2023-12-20 00:54:04,801 -     || Q: 2.6596
2023-12-20 00:54:04,802 -     || KL: 2.5278
2023-12-20 00:54:04,803 -     || token_match: 0.314, exact_match: 0.000
2023-12-20 00:54:04,803 -     || unique taglist code: 103
2023-12-20 00:54:04,804 -     || seen taglist code: 98
2023-12-20 00:54:04,962 -     || saved model
2023-12-20 00:54:04,965 - 
2023-12-20 00:54:04,966 - #epc: 71
2023-12-20 00:54:05,464 - epc:71, epc_KL:  0.200000
2023-12-20 01:01:04,372 - exact_match_tst_copy_acc: 0.001
2023-12-20 01:01:04,374 - exact_match_tst_reinflection_wlemma: 0.000
2023-12-20 01:01:04,375 - exact_match_tst_reinflection_wlemma_TAGFINDER1: 0.000
2023-12-20 01:01:04,375 - exact_match_tst_reinflection_wlemma_TAGFINDER1_or_2: 0.000
2023-12-20 01:01:05,966 - TRN || epcloss: 3.2633
2023-12-20 01:01:05,966 -     || Q: 1.2657
2023-12-20 01:01:05,968 -     || KL: 1.2452
2023-12-20 01:01:05,968 -     || token_match: 0.515, exact_match: 0.000
2023-12-20 01:01:05,969 -     || unique taglist code: 2031
2023-12-20 01:01:05,970 - DEV || epcloss: 1.4784
2023-12-20 01:01:05,971 -     || Q: 0.8386
2023-12-20 01:01:05,971 -     || KL: 2.5071
2023-12-20 01:01:05,972 -     || token_match: 0.618, exact_match: 0.001
2023-12-20 01:01:05,973 -     || unique taglist code: 308
2023-12-20 01:01:05,973 -     || seen taglist code: 301
2023-12-20 01:01:06,096 -     || saved model
2023-12-20 01:01:06,098 - 
2023-12-20 01:01:06,099 - #epc: 72
2023-12-20 01:01:06,558 - epc:72, epc_KL:  0.200000
2023-12-20 01:07:56,032 - exact_match_tst_copy_acc: 0.012
2023-12-20 01:07:56,033 - exact_match_tst_reinflection_wlemma: 0.001
2023-12-20 01:07:56,034 - exact_match_tst_reinflection_wlemma_TAGFINDER1: 0.000
2023-12-20 01:07:56,035 - exact_match_tst_reinflection_wlemma_TAGFINDER1_or_2: 0.000
2023-12-20 01:07:57,321 - TRN || epcloss: 1.5859
2023-12-20 01:07:57,322 -     || Q: 0.8663
2023-12-20 01:07:57,323 -     || KL: 0.8991
2023-12-20 01:07:57,324 -     || token_match: 0.659, exact_match: 0.002
2023-12-20 01:07:57,325 -     || unique taglist code: 4329
2023-12-20 01:07:57,325 - DEV || epcloss: 0.7967
2023-12-20 01:07:57,326 -     || Q: 1.2341
2023-12-20 01:07:57,327 -     || KL: 1.4186
2023-12-20 01:07:57,328 -     || token_match: 0.749, exact_match: 0.006
2023-12-20 01:07:57,329 -     || unique taglist code: 630
2023-12-20 01:07:57,330 -     || seen taglist code: 612
2023-12-20 01:07:57,454 -     || saved model
2023-12-20 01:07:57,456 - 
2023-12-20 01:07:57,457 - #epc: 73
2023-12-20 01:07:57,923 - epc:73, epc_KL:  0.200000
2023-12-20 01:15:23,273 - exact_match_tst_copy_acc: 0.001
2023-12-20 01:15:23,274 - exact_match_tst_reinflection_wlemma: 0.000
2023-12-20 01:15:23,275 - exact_match_tst_reinflection_wlemma_TAGFINDER1: 0.000
2023-12-20 01:15:23,276 - exact_match_tst_reinflection_wlemma_TAGFINDER1_or_2: 0.000
2023-12-20 01:15:24,399 - TRN || epcloss: 4.4127
2023-12-20 01:15:24,400 -     || Q: 2.4864
2023-12-20 01:15:24,401 -     || KL: 1.0351
2023-12-20 01:15:24,402 -     || token_match: 0.532, exact_match: 0.004
2023-12-20 01:15:24,403 -     || unique taglist code: 14605
2023-12-20 01:15:24,403 - DEV || epcloss: 3.9265
2023-12-20 01:15:24,404 -     || Q: 2.3072
2023-12-20 01:15:24,405 -     || KL: 2.9644
2023-12-20 01:15:24,406 -     || token_match: 0.478, exact_match: 0.001
2023-12-20 01:15:24,407 -     || unique taglist code: 515
2023-12-20 01:15:24,408 -     || seen taglist code: 500
2023-12-20 01:15:24,532 -     || saved model
2023-12-20 01:15:24,535 - 
2023-12-20 01:15:24,536 - #epc: 74
2023-12-20 01:15:24,996 - epc:74, epc_KL:  0.200000
2023-12-20 01:22:16,677 - exact_match_tst_copy_acc: 0.001
2023-12-20 01:22:16,678 - exact_match_tst_reinflection_wlemma: 0.001
2023-12-20 01:22:16,679 - exact_match_tst_reinflection_wlemma_TAGFINDER1: 0.001
2023-12-20 01:22:16,680 - exact_match_tst_reinflection_wlemma_TAGFINDER1_or_2: 0.001
2023-12-20 01:22:18,035 - TRN || epcloss: 4.4313
2023-12-20 01:22:18,036 -     || Q: 2.0705
2023-12-20 01:22:18,037 -     || KL: 1.4102
2023-12-20 01:22:18,037 -     || token_match: 0.523, exact_match: 0.000
2023-12-20 01:22:18,038 -     || unique taglist code: 8184
2023-12-20 01:22:18,039 - DEV || epcloss: 1.9035
2023-12-20 01:22:18,040 -     || Q: 1.3856
2023-12-20 01:22:18,041 -     || KL: 2.8149
2023-12-20 01:22:18,041 -     || token_match: 0.651, exact_match: 0.001
2023-12-20 01:22:18,042 -     || unique taglist code: 165
2023-12-20 01:22:18,043 -     || seen taglist code: 165
2023-12-20 01:22:18,167 -     || saved model
2023-12-20 01:22:18,169 - Training is over, saved model with best dev exact match: 1.000 (epc 3)
2023-12-20 01:22:18,170 - Training is over, most used trncode at 36, most used devcode at 48 
