2023-11-17 20:47:10,241 - trnsize: 124033
2023-11-17 20:47:10,251 - devsize: 538
2023-11-17 20:47:10,252 - tstsize: 538
2023-11-17 20:47:10,562 - Trn unique tgts: 124033
2023-11-17 20:47:10,562 - Trn unique lemmas: 2925
2023-11-17 20:47:10,563 - Trn unique taglists: 89
2023-11-17 20:47:10,564 - Dev unique tgts: 538
2023-11-17 20:47:10,564 - Dev unique lemmas: 487
2023-11-17 20:47:10,565 - Dev unique taglists: 93
2023-11-17 20:47:10,565 - Tst unique tgts: 538
2023-11-17 20:47:10,566 - Tst unique lemmas: 487
2023-11-17 20:47:10,566 - Tst unique taglists: 93
2023-11-17 20:47:10,567 - seen_dev_tgt: 1
2023-11-17 20:47:10,568 - seen_dev_lemma: 538
2023-11-17 20:47:10,568 - seen_dev_taglist: 504
2023-11-17 20:47:10,569 - seen_tst_tgt: 1
2023-11-17 20:47:10,569 - seen_tst_lemma: 538
2023-11-17 20:47:10,570 - seen_tst_taglist: 504
2023-11-17 20:47:16,225 - trnID: 3x10_UtrNOUN_zLEM16_zTAG64_decnh256_kl0.1_epc10_strt5_decdo0.2_inpemb64_bsize128
2023-11-17 20:47:16,226 - batchsize: 128
2023-11-17 20:47:16,227 - epochs: 200
2023-11-17 20:47:16,227 - lr: 0.00050
2023-11-17 20:47:16,228 - KL_WEIGHT: 0.10000
2023-11-17 20:47:16,228 - opt: Adam (
Parameter Group 0
    amsgrad: False
    betas: (0.5, 0.999)
    capturable: False
    eps: 1e-08
    foreach: None
    lr: 0.0005
    maximize: False
    weight_decay: 0
)
2023-11-17 20:47:16,229 - VQVAE(
  (encoder): Encoder_GRU_VQVAE(
    (layers): ModuleList(
      (0): Embedding(63, 64)
      (1): Dropout(p=0.0, inplace=False)
      (2): GRU(64, 256, batch_first=True, bidirectional=True)
    )
  )
  (z_linears): ModuleList(
    (0): Linear(in_features=512, out_features=64, bias=True)
    (1): Linear(in_features=512, out_features=64, bias=True)
    (2): Linear(in_features=512, out_features=64, bias=True)
  )
  (quantizers): ModuleList(
    (0): Quantizer(
      (embeddings): Embedding(10, 64)
    )
    (1): Quantizer(
      (embeddings): Embedding(10, 64)
    )
    (2): Quantizer(
      (embeddings): Embedding(10, 64)
    )
  )
  (z_lemma_mu): Linear(in_features=512, out_features=16, bias=True)
  (z_lemma_logvar): Linear(in_features=512, out_features=16, bias=True)
  (up_from_z_layer): Linear(in_features=80, out_features=256, bias=True)
  (decoder): Decoder_GRU_VQVAE(
    (layers): ModuleList(
      (0): Embedding(63, 64)
      (1): Dropout(p=0.2, inplace=False)
      (2): GRU(144, 256, batch_first=True)
      (3): Linear(in_features=256, out_features=63, bias=True)
    )
    (loss): CrossEntropyLoss()
  )
)
2023-11-17 20:47:16,353 - trnsize: 124033
2023-11-17 20:47:16,354 - devsize: 538
2023-11-17 20:47:16,355 - tstsize: 538
2023-11-17 20:47:16,355 - 
2023-11-17 20:47:16,356 - #epc: 0
2023-11-17 20:47:16,357 - epc:0, epc_KL:  0.000000
2023-11-17 20:48:31,108 - exact_match_tst_copy_acc: 0.040
2023-11-17 20:48:32,420 - TRN || epcloss: 1.2816
2023-11-17 20:48:32,421 -     || Q: 0.5004
2023-11-17 20:48:32,422 -     || KL: 0.9127
2023-11-17 20:48:32,422 -     || token_match: 0.634, exact_match: 0.041
2023-11-17 20:48:32,423 -     || unique taglist code: 606
2023-11-17 20:48:32,424 - DEV || epcloss: 0.7949
2023-11-17 20:48:32,424 -     || Q: 0.5383
2023-11-17 20:48:32,425 -     || KL: 5.3767
2023-11-17 20:48:32,426 -     || token_match: 0.750, exact_match: 0.045
2023-11-17 20:48:32,426 -     || unique taglist code: 135
2023-11-17 20:48:32,427 -     || seen taglist code: 133
2023-11-17 20:48:32,428 -     || BEST exact match (teacher forcing): 0.045
2023-11-17 20:48:32,435 - 
2023-11-17 20:48:32,436 - #epc: 1
2023-11-17 20:48:32,491 - epc:1, epc_KL:  0.000000
2023-11-17 20:49:47,148 - exact_match_tst_copy_acc: 0.373
2023-11-17 20:49:48,618 - TRN || epcloss: 0.4579
2023-11-17 20:49:48,619 -     || Q: 0.4493
2023-11-17 20:49:48,620 -     || KL: 1.2401
2023-11-17 20:49:48,621 -     || token_match: 0.862, exact_match: 0.312
2023-11-17 20:49:48,621 -     || unique taglist code: 582
2023-11-17 20:49:48,622 - DEV || epcloss: 0.3652
2023-11-17 20:49:48,623 -     || Q: 0.4032
2023-11-17 20:49:48,623 -     || KL: 6.3726
2023-11-17 20:49:48,624 -     || token_match: 0.890, exact_match: 0.401
2023-11-17 20:49:48,625 -     || unique taglist code: 187
2023-11-17 20:49:48,625 -     || seen taglist code: 186
2023-11-17 20:49:48,626 -     || BEST exact match (teacher forcing): 0.401
2023-11-17 20:49:48,632 - 
2023-11-17 20:49:48,633 - #epc: 2
2023-11-17 20:49:48,683 - epc:2, epc_KL:  0.000000
2023-11-17 20:51:03,781 - exact_match_tst_copy_acc: 0.770
2023-11-17 20:51:05,276 - TRN || epcloss: 0.2796
2023-11-17 20:51:05,279 -     || Q: 0.3514
2023-11-17 20:51:05,282 -     || KL: 1.2788
2023-11-17 20:51:05,288 -     || token_match: 0.915, exact_match: 0.507
2023-11-17 20:51:05,290 -     || unique taglist code: 618
2023-11-17 20:51:05,293 - DEV || epcloss: 0.1269
2023-11-17 20:51:05,295 -     || Q: 0.3009
2023-11-17 20:51:05,298 -     || KL: 6.6408
2023-11-17 20:51:05,299 -     || token_match: 0.967, exact_match: 0.781
2023-11-17 20:51:05,302 -     || unique taglist code: 200
2023-11-17 20:51:05,304 -     || seen taglist code: 200
2023-11-17 20:51:05,306 -     || BEST exact match (teacher forcing): 0.781
2023-11-17 20:51:05,314 - 
2023-11-17 20:51:05,315 - #epc: 3
2023-11-17 20:51:05,369 - epc:3, epc_KL:  0.000000
2023-11-17 20:52:20,217 - exact_match_tst_copy_acc: 0.844
2023-11-17 20:52:21,716 - TRN || epcloss: 0.1803
2023-11-17 20:52:21,717 -     || Q: 0.2907
2023-11-17 20:52:21,718 -     || KL: 1.3158
2023-11-17 20:52:21,719 -     || token_match: 0.945, exact_match: 0.643
2023-11-17 20:52:21,719 -     || unique taglist code: 669
2023-11-17 20:52:21,720 - DEV || epcloss: 0.0741
2023-11-17 20:52:21,720 -     || Q: 0.2610
2023-11-17 20:52:21,721 -     || KL: 6.6953
2023-11-17 20:52:21,722 -     || token_match: 0.981, exact_match: 0.849
2023-11-17 20:52:21,722 -     || unique taglist code: 214
2023-11-17 20:52:21,723 -     || seen taglist code: 214
2023-11-17 20:52:21,724 -     || BEST exact match (teacher forcing): 0.849
2023-11-17 20:52:21,730 - 
2023-11-17 20:52:21,731 - #epc: 4
2023-11-17 20:52:21,785 - epc:4, epc_KL:  0.000000
2023-11-17 20:53:36,679 - exact_match_tst_copy_acc: 0.886
2023-11-17 20:53:38,186 - TRN || epcloss: 0.1489
2023-11-17 20:53:38,187 -     || Q: 0.2634
2023-11-17 20:53:38,187 -     || KL: 1.3104
2023-11-17 20:53:38,188 -     || token_match: 0.955, exact_match: 0.689
2023-11-17 20:53:38,189 -     || unique taglist code: 732
2023-11-17 20:53:38,190 - DEV || epcloss: 0.0492
2023-11-17 20:53:38,190 -     || Q: 0.2249
2023-11-17 20:53:38,191 -     || KL: 6.6690
2023-11-17 20:53:38,192 -     || token_match: 0.989, exact_match: 0.900
2023-11-17 20:53:38,193 -     || unique taglist code: 230
2023-11-17 20:53:38,193 -     || seen taglist code: 230
2023-11-17 20:53:38,194 -     || BEST exact match (teacher forcing): 0.900
2023-11-17 20:53:38,225 - 
2023-11-17 20:53:38,226 - #epc: 5
2023-11-17 20:53:38,280 - epc:5, epc_KL:  0.010000
2023-11-17 20:54:53,371 - exact_match_tst_copy_acc: 0.926
2023-11-17 20:54:54,907 - TRN || epcloss: 0.1189
2023-11-17 20:54:54,907 -     || Q: 0.2297
2023-11-17 20:54:54,908 -     || KL: 1.0728
2023-11-17 20:54:54,909 -     || token_match: 0.964, exact_match: 0.742
2023-11-17 20:54:54,909 -     || unique taglist code: 789
2023-11-17 20:54:54,910 - DEV || epcloss: 0.0388
2023-11-17 20:54:54,911 -     || Q: 0.2134
2023-11-17 20:54:54,911 -     || KL: 5.0929
2023-11-17 20:54:54,912 -     || token_match: 0.990, exact_match: 0.928
2023-11-17 20:54:54,913 -     || unique taglist code: 258
2023-11-17 20:54:54,914 -     || seen taglist code: 258
2023-11-17 20:54:54,914 -     || BEST exact match (teacher forcing): 0.928
2023-11-17 20:54:54,920 - 
2023-11-17 20:54:54,920 - #epc: 6
2023-11-17 20:54:54,980 - epc:6, epc_KL:  0.020000
2023-11-17 20:56:10,040 - exact_match_tst_copy_acc: 0.924
2023-11-17 20:56:11,590 - TRN || epcloss: 0.0839
2023-11-17 20:56:11,591 -     || Q: 0.1898
2023-11-17 20:56:11,592 -     || KL: 0.8776
2023-11-17 20:56:11,592 -     || token_match: 0.975, exact_match: 0.795
2023-11-17 20:56:11,593 -     || unique taglist code: 855
2023-11-17 20:56:11,594 - DEV || epcloss: 0.0303
2023-11-17 20:56:11,595 -     || Q: 0.1864
2023-11-17 20:56:11,595 -     || KL: 4.2725
2023-11-17 20:56:11,596 -     || token_match: 0.992, exact_match: 0.929
2023-11-17 20:56:11,597 -     || unique taglist code: 276
2023-11-17 20:56:11,598 -     || seen taglist code: 276
2023-11-17 20:56:11,598 -     || BEST exact match (teacher forcing): 0.929
2023-11-17 20:56:11,607 - 
2023-11-17 20:56:11,608 - #epc: 7
2023-11-17 20:56:11,664 - epc:7, epc_KL:  0.030000
2023-11-17 20:57:26,504 - exact_match_tst_copy_acc: 0.954
2023-11-17 20:57:28,098 - TRN || epcloss: 0.0808
2023-11-17 20:57:28,099 -     || Q: 0.1839
2023-11-17 20:57:28,100 -     || KL: 0.7483
2023-11-17 20:57:28,100 -     || token_match: 0.975, exact_match: 0.800
2023-11-17 20:57:28,101 -     || unique taglist code: 891
2023-11-17 20:57:28,102 - DEV || epcloss: 0.0222
2023-11-17 20:57:28,103 -     || Q: 0.1562
2023-11-17 20:57:28,103 -     || KL: 3.6218
2023-11-17 20:57:28,104 -     || token_match: 0.996, exact_match: 0.952
2023-11-17 20:57:28,105 -     || unique taglist code: 281
2023-11-17 20:57:28,105 -     || seen taglist code: 281
2023-11-17 20:57:28,106 -     || BEST exact match (teacher forcing): 0.952
2023-11-17 20:57:28,112 - 
2023-11-17 20:57:28,113 - #epc: 8
2023-11-17 20:57:28,165 - epc:8, epc_KL:  0.040000
2023-11-17 20:58:42,946 - exact_match_tst_copy_acc: 0.729
2023-11-17 20:58:44,517 - TRN || epcloss: 0.0698
2023-11-17 20:58:44,518 -     || Q: 0.1592
2023-11-17 20:58:44,519 -     || KL: 0.6327
2023-11-17 20:58:44,519 -     || token_match: 0.980, exact_match: 0.826
2023-11-17 20:58:44,520 -     || unique taglist code: 928
2023-11-17 20:58:44,521 - DEV || epcloss: 0.1210
2023-11-17 20:58:44,521 -     || Q: 0.2339
2023-11-17 20:58:44,522 -     || KL: 3.0786
2023-11-17 20:58:44,523 -     || token_match: 0.963, exact_match: 0.719
2023-11-17 20:58:44,523 -     || unique taglist code: 305
2023-11-17 20:58:44,524 -     || seen taglist code: 305
2023-11-17 20:58:44,531 - 
2023-11-17 20:58:44,532 - #epc: 9
2023-11-17 20:58:44,593 - epc:9, epc_KL:  0.050000
2023-11-17 20:59:59,685 - exact_match_tst_copy_acc: 0.956
2023-11-17 21:00:01,283 - TRN || epcloss: 0.0588
2023-11-17 21:00:01,284 -     || Q: 0.1548
2023-11-17 21:00:01,285 -     || KL: 0.5732
2023-11-17 21:00:01,286 -     || token_match: 0.982, exact_match: 0.838
2023-11-17 21:00:01,286 -     || unique taglist code: 948
2023-11-17 21:00:01,287 - DEV || epcloss: 0.0147
2023-11-17 21:00:01,288 -     || Q: 0.1300
2023-11-17 21:00:01,288 -     || KL: 2.8284
2023-11-17 21:00:01,289 -     || token_match: 0.996, exact_match: 0.952
2023-11-17 21:00:01,290 -     || unique taglist code: 323
2023-11-17 21:00:01,290 -     || seen taglist code: 323
2023-11-17 21:00:01,299 - 
2023-11-17 21:00:01,299 - #epc: 10
2023-11-17 21:00:01,353 - epc:10, epc_KL:  0.060000
2023-11-17 21:01:16,277 - exact_match_tst_copy_acc: 0.932
2023-11-17 21:01:17,881 - TRN || epcloss: 0.0525
2023-11-17 21:01:17,882 -     || Q: 0.1447
2023-11-17 21:01:17,883 -     || KL: 0.5166
2023-11-17 21:01:17,884 -     || token_match: 0.984, exact_match: 0.852
2023-11-17 21:01:17,884 -     || unique taglist code: 960
2023-11-17 21:01:17,885 - DEV || epcloss: 0.0229
2023-11-17 21:01:17,886 -     || Q: 0.1615
2023-11-17 21:01:17,886 -     || KL: 2.7348
2023-11-17 21:01:17,887 -     || token_match: 0.993, exact_match: 0.929
2023-11-17 21:01:17,888 -     || unique taglist code: 330
2023-11-17 21:01:17,888 -     || seen taglist code: 330
2023-11-17 21:01:17,896 - 
2023-11-17 21:01:17,896 - #epc: 11
2023-11-17 21:01:17,948 - epc:11, epc_KL:  0.070000
2023-11-17 21:02:33,105 - exact_match_tst_copy_acc: 0.878
2023-11-17 21:02:34,695 - TRN || epcloss: 0.0573
2023-11-17 21:02:34,695 -     || Q: 0.1444
2023-11-17 21:02:34,696 -     || KL: 0.4702
2023-11-17 21:02:34,697 -     || token_match: 0.983, exact_match: 0.847
2023-11-17 21:02:34,697 -     || unique taglist code: 965
2023-11-17 21:02:34,698 - DEV || epcloss: 0.0329
2023-11-17 21:02:34,699 -     || Q: 0.1861
2023-11-17 21:02:34,699 -     || KL: 2.4022
2023-11-17 21:02:34,700 -     || token_match: 0.990, exact_match: 0.894
2023-11-17 21:02:34,700 -     || unique taglist code: 345
2023-11-17 21:02:34,701 -     || seen taglist code: 345
2023-11-17 21:02:34,710 - 
2023-11-17 21:02:34,711 - #epc: 12
2023-11-17 21:02:34,758 - epc:12, epc_KL:  0.080000
2023-11-17 21:03:49,219 - exact_match_tst_copy_acc: 0.972
2023-11-17 21:03:50,795 - TRN || epcloss: 0.0394
2023-11-17 21:03:50,796 -     || Q: 0.1324
2023-11-17 21:03:50,797 -     || KL: 0.4341
2023-11-17 21:03:50,797 -     || token_match: 0.988, exact_match: 0.878
2023-11-17 21:03:50,798 -     || unique taglist code: 972
2023-11-17 21:03:50,799 - DEV || epcloss: 0.0097
2023-11-17 21:03:50,800 -     || Q: 0.1161
2023-11-17 21:03:50,800 -     || KL: 2.1896
2023-11-17 21:03:50,801 -     || token_match: 0.997, exact_match: 0.968
2023-11-17 21:03:50,802 -     || unique taglist code: 339
2023-11-17 21:03:50,802 -     || seen taglist code: 339
2023-11-17 21:03:50,803 -     || BEST exact match (teacher forcing): 0.968
2023-11-17 21:03:50,811 - 
2023-11-17 21:03:50,812 - #epc: 13
2023-11-17 21:03:50,857 - epc:13, epc_KL:  0.090000
2023-11-17 21:05:05,693 - exact_match_tst_copy_acc: 0.962
2023-11-17 21:05:07,319 - TRN || epcloss: 0.0438
2023-11-17 21:05:07,320 -     || Q: 0.1303
2023-11-17 21:05:07,320 -     || KL: 0.4122
2023-11-17 21:05:07,321 -     || token_match: 0.987, exact_match: 0.869
2023-11-17 21:05:07,322 -     || unique taglist code: 986
2023-11-17 21:05:07,322 - DEV || epcloss: 0.0129
2023-11-17 21:05:07,323 -     || Q: 0.1398
2023-11-17 21:05:07,324 -     || KL: 2.1837
2023-11-17 21:05:07,324 -     || token_match: 0.997, exact_match: 0.967
2023-11-17 21:05:07,325 -     || unique taglist code: 355
2023-11-17 21:05:07,326 -     || seen taglist code: 355
2023-11-17 21:05:07,332 - 
2023-11-17 21:05:07,333 - #epc: 14
2023-11-17 21:05:07,386 - epc:14, epc_KL:  0.100000
2023-11-17 21:06:22,240 - exact_match_tst_copy_acc: 0.980
2023-11-17 21:06:23,841 - TRN || epcloss: 0.0410
2023-11-17 21:06:23,841 -     || Q: 0.1339
2023-11-17 21:06:23,842 -     || KL: 0.3978
2023-11-17 21:06:23,843 -     || token_match: 0.987, exact_match: 0.871
2023-11-17 21:06:23,844 -     || unique taglist code: 993
2023-11-17 21:06:23,845 - DEV || epcloss: 0.0084
2023-11-17 21:06:23,845 -     || Q: 0.1184
2023-11-17 21:06:23,846 -     || KL: 2.0697
2023-11-17 21:06:23,846 -     || token_match: 0.998, exact_match: 0.980
2023-11-17 21:06:23,847 -     || unique taglist code: 350
2023-11-17 21:06:23,848 -     || seen taglist code: 350
2023-11-17 21:06:23,849 -     || BEST exact match (teacher forcing): 0.980
2023-11-17 21:06:23,857 - 
2023-11-17 21:06:23,858 - #epc: 15
2023-11-17 21:06:23,907 - epc:15, epc_KL:  0.100000
2023-11-17 21:07:38,772 - exact_match_tst_copy_acc: 0.966
2023-11-17 21:07:40,410 - TRN || epcloss: 0.0358
2023-11-17 21:07:40,411 -     || Q: 0.1164
2023-11-17 21:07:40,411 -     || KL: 0.3907
2023-11-17 21:07:40,412 -     || token_match: 0.989, exact_match: 0.885
2023-11-17 21:07:40,413 -     || unique taglist code: 995
2023-11-17 21:07:40,413 - DEV || epcloss: 0.0105
2023-11-17 21:07:40,414 -     || Q: 0.1252
2023-11-17 21:07:40,415 -     || KL: 2.0476
2023-11-17 21:07:40,415 -     || token_match: 0.997, exact_match: 0.961
2023-11-17 21:07:40,416 -     || unique taglist code: 370
2023-11-17 21:07:40,417 -     || seen taglist code: 370
2023-11-17 21:07:40,424 - 
2023-11-17 21:07:40,424 - #epc: 16
2023-11-17 21:07:40,476 - epc:16, epc_KL:  0.100000
2023-11-17 21:08:55,815 - exact_match_tst_copy_acc: 0.988
2023-11-17 21:08:57,528 - TRN || epcloss: 0.0522
2023-11-17 21:08:57,529 -     || Q: 0.1546
2023-11-17 21:08:57,529 -     || KL: 0.4207
2023-11-17 21:08:57,530 -     || token_match: 0.985, exact_match: 0.858
2023-11-17 21:08:57,531 -     || unique taglist code: 999
2023-11-17 21:08:57,531 - DEV || epcloss: 0.0060
2023-11-17 21:08:57,532 -     || Q: 0.1138
2023-11-17 21:08:57,533 -     || KL: 1.9916
2023-11-17 21:08:57,533 -     || token_match: 0.999, exact_match: 0.987
2023-11-17 21:08:57,534 -     || unique taglist code: 353
2023-11-17 21:08:57,535 -     || seen taglist code: 353
2023-11-17 21:08:57,535 -     || BEST exact match (teacher forcing): 0.987
2023-11-17 21:08:57,543 - 
2023-11-17 21:08:57,543 - #epc: 17
2023-11-17 21:08:57,595 - epc:17, epc_KL:  0.100000
2023-11-17 21:10:12,317 - exact_match_tst_copy_acc: 0.970
2023-11-17 21:10:13,946 - TRN || epcloss: 0.0293
2023-11-17 21:10:13,947 -     || Q: 0.1081
2023-11-17 21:10:13,947 -     || KL: 0.3658
2023-11-17 21:10:13,948 -     || token_match: 0.991, exact_match: 0.902
2023-11-17 21:10:13,949 -     || unique taglist code: 996
2023-11-17 21:10:13,949 - DEV || epcloss: 0.0082
2023-11-17 21:10:13,950 -     || Q: 0.1092
2023-11-17 21:10:13,951 -     || KL: 1.8793
2023-11-17 21:10:13,951 -     || token_match: 0.998, exact_match: 0.972
2023-11-17 21:10:13,952 -     || unique taglist code: 348
2023-11-17 21:10:13,953 -     || seen taglist code: 348
2023-11-17 21:10:13,959 - 
2023-11-17 21:10:13,960 - #epc: 18
2023-11-17 21:10:14,003 - epc:18, epc_KL:  0.100000
2023-11-17 21:11:28,599 - exact_match_tst_copy_acc: 0.984
2023-11-17 21:11:30,226 - TRN || epcloss: 0.0271
2023-11-17 21:11:30,227 -     || Q: 0.1040
2023-11-17 21:11:30,228 -     || KL: 0.3586
2023-11-17 21:11:30,229 -     || token_match: 0.992, exact_match: 0.907
2023-11-17 21:11:30,229 -     || unique taglist code: 998
2023-11-17 21:11:30,230 - DEV || epcloss: 0.0055
2023-11-17 21:11:30,231 -     || Q: 0.0966
2023-11-17 21:11:30,232 -     || KL: 1.8800
2023-11-17 21:11:30,232 -     || token_match: 0.999, exact_match: 0.981
2023-11-17 21:11:30,233 -     || unique taglist code: 359
2023-11-17 21:11:30,234 -     || seen taglist code: 359
2023-11-17 21:11:30,244 - 
2023-11-17 21:11:30,244 - #epc: 19
2023-11-17 21:11:30,298 - epc:19, epc_KL:  0.100000
2023-11-17 21:12:45,233 - exact_match_tst_copy_acc: 0.964
2023-11-17 21:12:46,850 - TRN || epcloss: 0.0308
2023-11-17 21:12:46,851 -     || Q: 0.0994
2023-11-17 21:12:46,852 -     || KL: 0.3572
2023-11-17 21:12:46,852 -     || token_match: 0.991, exact_match: 0.902
2023-11-17 21:12:46,853 -     || unique taglist code: 998
2023-11-17 21:12:46,854 - DEV || epcloss: 0.0079
2023-11-17 21:12:46,854 -     || Q: 0.1069
2023-11-17 21:12:46,855 -     || KL: 1.8794
2023-11-17 21:12:46,856 -     || token_match: 0.998, exact_match: 0.980
2023-11-17 21:12:46,856 -     || unique taglist code: 361
2023-11-17 21:12:46,857 -     || seen taglist code: 361
2023-11-17 21:12:46,866 - 
2023-11-17 21:12:46,867 - #epc: 20
2023-11-17 21:12:46,916 - epc:20, epc_KL:  0.100000
2023-11-17 21:14:01,713 - exact_match_tst_copy_acc: 0.982
2023-11-17 21:14:03,331 - TRN || epcloss: 0.0430
2023-11-17 21:14:03,332 -     || Q: 0.1301
2023-11-17 21:14:03,333 -     || KL: 0.3663
2023-11-17 21:14:03,333 -     || token_match: 0.988, exact_match: 0.879
2023-11-17 21:14:03,334 -     || unique taglist code: 998
2023-11-17 21:14:03,335 - DEV || epcloss: 0.0048
2023-11-17 21:14:03,335 -     || Q: 0.0976
2023-11-17 21:14:03,336 -     || KL: 1.8481
2023-11-17 21:14:03,337 -     || token_match: 0.999, exact_match: 0.989
2023-11-17 21:14:03,337 -     || unique taglist code: 362
2023-11-17 21:14:03,338 -     || seen taglist code: 362
2023-11-17 21:14:03,339 -     || BEST exact match (teacher forcing): 0.989
2023-11-17 21:14:03,347 - 
2023-11-17 21:14:03,347 - #epc: 21
2023-11-17 21:14:03,395 - epc:21, epc_KL:  0.100000
2023-11-17 21:15:18,439 - exact_match_tst_copy_acc: 0.980
2023-11-17 21:15:20,115 - TRN || epcloss: 0.0230
2023-11-17 21:15:20,117 -     || Q: 0.0936
2023-11-17 21:15:20,118 -     || KL: 0.3455
2023-11-17 21:15:20,119 -     || token_match: 0.993, exact_match: 0.920
2023-11-17 21:15:20,119 -     || unique taglist code: 998
2023-11-17 21:15:20,120 - DEV || epcloss: 0.0054
2023-11-17 21:15:20,121 -     || Q: 0.0850
2023-11-17 21:15:20,122 -     || KL: 1.7764
2023-11-17 21:15:20,123 -     || token_match: 0.998, exact_match: 0.976
2023-11-17 21:15:20,123 -     || unique taglist code: 367
2023-11-17 21:15:20,124 -     || seen taglist code: 367
2023-11-17 21:15:20,131 - 
2023-11-17 21:15:20,131 - #epc: 22
2023-11-17 21:15:20,188 - epc:22, epc_KL:  0.100000
2023-11-17 21:16:35,091 - exact_match_tst_copy_acc: 0.978
2023-11-17 21:16:36,719 - TRN || epcloss: 0.0287
2023-11-17 21:16:36,719 -     || Q: 0.0915
2023-11-17 21:16:36,720 -     || KL: 0.3484
2023-11-17 21:16:36,721 -     || token_match: 0.991, exact_match: 0.912
2023-11-17 21:16:36,722 -     || unique taglist code: 1000
2023-11-17 21:16:36,723 - DEV || epcloss: 0.0046
2023-11-17 21:16:36,723 -     || Q: 0.0894
2023-11-17 21:16:36,724 -     || KL: 1.8602
2023-11-17 21:16:36,725 -     || token_match: 0.999, exact_match: 0.981
2023-11-17 21:16:36,725 -     || unique taglist code: 348
2023-11-17 21:16:36,726 -     || seen taglist code: 348
2023-11-17 21:16:36,736 - 
2023-11-17 21:16:36,737 - #epc: 23
2023-11-17 21:16:36,791 - epc:23, epc_KL:  0.100000
2023-11-17 21:17:51,852 - exact_match_tst_copy_acc: 0.974
2023-11-17 21:17:53,513 - TRN || epcloss: 0.0339
2023-11-17 21:17:53,514 -     || Q: 0.0997
2023-11-17 21:17:53,515 -     || KL: 0.3457
2023-11-17 21:17:53,516 -     || token_match: 0.990, exact_match: 0.899
2023-11-17 21:17:53,516 -     || unique taglist code: 999
2023-11-17 21:17:53,517 - DEV || epcloss: 0.0084
2023-11-17 21:17:53,518 -     || Q: 0.1177
2023-11-17 21:17:53,518 -     || KL: 1.9120
2023-11-17 21:17:53,519 -     || token_match: 0.997, exact_match: 0.970
2023-11-17 21:17:53,520 -     || unique taglist code: 370
2023-11-17 21:17:53,520 -     || seen taglist code: 370
2023-11-17 21:17:53,528 - 
2023-11-17 21:17:53,528 - #epc: 24
2023-11-17 21:17:53,588 - epc:24, epc_KL:  0.100000
2023-11-17 21:19:08,267 - exact_match_tst_copy_acc: 0.976
2023-11-17 21:19:09,890 - TRN || epcloss: 0.0262
2023-11-17 21:19:09,891 -     || Q: 0.1049
2023-11-17 21:19:09,892 -     || KL: 0.3571
2023-11-17 21:19:09,893 -     || token_match: 0.992, exact_match: 0.910
2023-11-17 21:19:09,893 -     || unique taglist code: 999
2023-11-17 21:19:09,894 - DEV || epcloss: 0.0063
2023-11-17 21:19:09,895 -     || Q: 0.0969
2023-11-17 21:19:09,895 -     || KL: 1.8387
2023-11-17 21:19:09,896 -     || token_match: 0.998, exact_match: 0.980
2023-11-17 21:19:09,897 -     || unique taglist code: 362
2023-11-17 21:19:09,897 -     || seen taglist code: 362
2023-11-17 21:19:09,907 - 
2023-11-17 21:19:09,908 - #epc: 25
2023-11-17 21:19:09,967 - epc:25, epc_KL:  0.100000
2023-11-17 21:20:25,027 - exact_match_tst_copy_acc: 0.984
2023-11-17 21:20:26,625 - TRN || epcloss: 0.0243
2023-11-17 21:20:26,626 -     || Q: 0.1011
2023-11-17 21:20:26,627 -     || KL: 0.3481
2023-11-17 21:20:26,627 -     || token_match: 0.993, exact_match: 0.916
2023-11-17 21:20:26,628 -     || unique taglist code: 999
2023-11-17 21:20:26,629 - DEV || epcloss: 0.0035
2023-11-17 21:20:26,629 -     || Q: 0.0843
2023-11-17 21:20:26,630 -     || KL: 1.7527
2023-11-17 21:20:26,631 -     || token_match: 0.999, exact_match: 0.993
2023-11-17 21:20:26,631 -     || unique taglist code: 352
2023-11-17 21:20:26,632 -     || seen taglist code: 352
2023-11-17 21:20:26,633 -     || BEST exact match (teacher forcing): 0.993
2023-11-17 21:20:26,640 - 
2023-11-17 21:20:26,640 - #epc: 26
2023-11-17 21:20:26,692 - epc:26, epc_KL:  0.100000
2023-11-17 21:21:42,022 - exact_match_tst_copy_acc: 0.984
2023-11-17 21:21:43,681 - TRN || epcloss: 0.0338
2023-11-17 21:21:43,682 -     || Q: 0.1061
2023-11-17 21:21:43,683 -     || KL: 0.3494
2023-11-17 21:21:43,683 -     || token_match: 0.990, exact_match: 0.901
2023-11-17 21:21:43,684 -     || unique taglist code: 999
2023-11-17 21:21:43,685 - DEV || epcloss: 0.0046
2023-11-17 21:21:43,685 -     || Q: 0.0954
2023-11-17 21:21:43,686 -     || KL: 1.8279
2023-11-17 21:21:43,687 -     || token_match: 0.999, exact_match: 0.989
2023-11-17 21:21:43,687 -     || unique taglist code: 348
2023-11-17 21:21:43,688 -     || seen taglist code: 348
2023-11-17 21:21:43,696 - 
2023-11-17 21:21:43,697 - #epc: 27
2023-11-17 21:21:43,749 - epc:27, epc_KL:  0.100000
2023-11-17 21:22:59,041 - exact_match_tst_copy_acc: 0.974
2023-11-17 21:23:00,645 - TRN || epcloss: 0.0217
2023-11-17 21:23:00,645 -     || Q: 0.0887
2023-11-17 21:23:00,646 -     || KL: 0.3389
2023-11-17 21:23:00,647 -     || token_match: 0.993, exact_match: 0.923
2023-11-17 21:23:00,648 -     || unique taglist code: 999
2023-11-17 21:23:00,648 - DEV || epcloss: 0.0033
2023-11-17 21:23:00,649 -     || Q: 0.0800
2023-11-17 21:23:00,650 -     || KL: 1.7939
2023-11-17 21:23:00,650 -     || token_match: 0.999, exact_match: 0.987
2023-11-17 21:23:00,651 -     || unique taglist code: 371
2023-11-17 21:23:00,652 -     || seen taglist code: 371
2023-11-17 21:23:00,661 - 
2023-11-17 21:23:00,662 - #epc: 28
2023-11-17 21:23:00,713 - epc:28, epc_KL:  0.100000
2023-11-17 21:24:15,902 - exact_match_tst_copy_acc: 0.992
2023-11-17 21:24:17,550 - TRN || epcloss: 0.0225
2023-11-17 21:24:17,551 -     || Q: 0.0833
2023-11-17 21:24:17,552 -     || KL: 0.3442
2023-11-17 21:24:17,553 -     || token_match: 0.993, exact_match: 0.923
2023-11-17 21:24:17,553 -     || unique taglist code: 999
2023-11-17 21:24:17,554 - DEV || epcloss: 0.0048
2023-11-17 21:24:17,555 -     || Q: 0.0756
2023-11-17 21:24:17,555 -     || KL: 1.7485
2023-11-17 21:24:17,556 -     || token_match: 0.999, exact_match: 0.989
2023-11-17 21:24:17,556 -     || unique taglist code: 357
2023-11-17 21:24:17,557 -     || seen taglist code: 357
2023-11-17 21:24:17,564 - 
2023-11-17 21:24:17,564 - #epc: 29
2023-11-17 21:24:17,628 - epc:29, epc_KL:  0.100000
2023-11-17 21:25:32,481 - exact_match_tst_copy_acc: 0.974
2023-11-17 21:25:34,127 - TRN || epcloss: 0.0239
2023-11-17 21:25:34,128 -     || Q: 0.0846
2023-11-17 21:25:34,128 -     || KL: 0.3418
2023-11-17 21:25:34,129 -     || token_match: 0.993, exact_match: 0.919
2023-11-17 21:25:34,130 -     || unique taglist code: 999
2023-11-17 21:25:34,130 - DEV || epcloss: 0.0050
2023-11-17 21:25:34,131 -     || Q: 0.0829
2023-11-17 21:25:34,132 -     || KL: 1.7552
2023-11-17 21:25:34,132 -     || token_match: 0.999, exact_match: 0.987
2023-11-17 21:25:34,133 -     || unique taglist code: 349
2023-11-17 21:25:34,134 -     || seen taglist code: 349
2023-11-17 21:25:34,140 - 
2023-11-17 21:25:34,140 - #epc: 30
2023-11-17 21:25:34,197 - epc:30, epc_KL:  0.100000
2023-11-17 21:26:48,474 - exact_match_tst_copy_acc: 0.986
2023-11-17 21:26:50,098 - TRN || epcloss: 0.0197
2023-11-17 21:26:50,099 -     || Q: 0.0786
2023-11-17 21:26:50,100 -     || KL: 0.3307
2023-11-17 21:26:50,101 -     || token_match: 0.994, exact_match: 0.929
2023-11-17 21:26:50,102 -     || unique taglist code: 998
2023-11-17 21:26:50,103 - DEV || epcloss: 0.0043
2023-11-17 21:26:50,103 -     || Q: 0.0739
2023-11-17 21:26:50,104 -     || KL: 1.7197
2023-11-17 21:26:50,105 -     || token_match: 0.999, exact_match: 0.985
2023-11-17 21:26:50,105 -     || unique taglist code: 346
2023-11-17 21:26:50,106 -     || seen taglist code: 346
2023-11-17 21:26:50,115 - 
2023-11-17 21:26:50,116 - #epc: 31
2023-11-17 21:26:50,167 - epc:31, epc_KL:  0.100000
2023-11-17 21:28:04,973 - exact_match_tst_copy_acc: 0.988
2023-11-17 21:28:06,624 - TRN || epcloss: 0.0204
2023-11-17 21:28:06,625 -     || Q: 0.0793
2023-11-17 21:28:06,626 -     || KL: 0.3308
2023-11-17 21:28:06,627 -     || token_match: 0.994, exact_match: 0.928
2023-11-17 21:28:06,627 -     || unique taglist code: 997
2023-11-17 21:28:06,628 - DEV || epcloss: 0.0032
2023-11-17 21:28:06,628 -     || Q: 0.0684
2023-11-17 21:28:06,629 -     || KL: 1.6907
2023-11-17 21:28:06,630 -     || token_match: 0.999, exact_match: 0.987
2023-11-17 21:28:06,630 -     || unique taglist code: 351
2023-11-17 21:28:06,631 -     || seen taglist code: 351
2023-11-17 21:28:06,639 - 
2023-11-17 21:28:06,640 - #epc: 32
2023-11-17 21:28:06,689 - epc:32, epc_KL:  0.100000
2023-11-17 21:29:21,770 - exact_match_tst_copy_acc: 0.982
2023-11-17 21:29:23,396 - TRN || epcloss: 0.0196
2023-11-17 21:29:23,397 -     || Q: 0.0743
2023-11-17 21:29:23,397 -     || KL: 0.3322
2023-11-17 21:29:23,398 -     || token_match: 0.994, exact_match: 0.930
2023-11-17 21:29:23,399 -     || unique taglist code: 1000
2023-11-17 21:29:23,399 - DEV || epcloss: 0.0047
2023-11-17 21:29:23,400 -     || Q: 0.0764
2023-11-17 21:29:23,401 -     || KL: 1.7286
2023-11-17 21:29:23,401 -     || token_match: 0.998, exact_match: 0.976
2023-11-17 21:29:23,402 -     || unique taglist code: 372
2023-11-17 21:29:23,402 -     || seen taglist code: 372
2023-11-17 21:29:23,409 - 
2023-11-17 21:29:23,410 - #epc: 33
2023-11-17 21:29:23,461 - epc:33, epc_KL:  0.100000
2023-11-17 21:30:39,188 - exact_match_tst_copy_acc: 0.974
2023-11-17 21:30:40,879 - TRN || epcloss: 0.0192
2023-11-17 21:30:40,880 -     || Q: 0.0778
2023-11-17 21:30:40,881 -     || KL: 0.3276
2023-11-17 21:30:40,882 -     || token_match: 0.994, exact_match: 0.930
2023-11-17 21:30:40,882 -     || unique taglist code: 1000
2023-11-17 21:30:40,883 - DEV || epcloss: 0.0045
2023-11-17 21:30:40,884 -     || Q: 0.0740
2023-11-17 21:30:40,884 -     || KL: 1.6789
2023-11-17 21:30:40,885 -     || token_match: 0.998, exact_match: 0.980
2023-11-17 21:30:40,885 -     || unique taglist code: 366
2023-11-17 21:30:40,886 -     || seen taglist code: 366
2023-11-17 21:30:40,929 -     || saved model
2023-11-17 21:30:40,931 - 
2023-11-17 21:30:40,931 - #epc: 34
2023-11-17 21:30:40,993 - epc:34, epc_KL:  0.100000
2023-11-17 21:31:56,164 - exact_match_tst_copy_acc: 0.992
2023-11-17 21:31:57,827 - TRN || epcloss: 0.0238
2023-11-17 21:31:57,828 -     || Q: 0.0873
2023-11-17 21:31:57,828 -     || KL: 0.3337
2023-11-17 21:31:57,829 -     || token_match: 0.993, exact_match: 0.921
2023-11-17 21:31:57,830 -     || unique taglist code: 1000
2023-11-17 21:31:57,831 - DEV || epcloss: 0.0028
2023-11-17 21:31:57,832 -     || Q: 0.0788
2023-11-17 21:31:57,832 -     || KL: 1.6975
2023-11-17 21:31:57,833 -     || token_match: 0.999, exact_match: 0.987
2023-11-17 21:31:57,834 -     || unique taglist code: 378
2023-11-17 21:31:57,834 -     || seen taglist code: 378
2023-11-17 21:31:57,842 - 
2023-11-17 21:31:57,843 - #epc: 35
2023-11-17 21:31:57,896 - epc:35, epc_KL:  0.100000
2023-11-17 21:33:12,742 - exact_match_tst_copy_acc: 0.980
2023-11-17 21:33:14,398 - TRN || epcloss: 0.0168
2023-11-17 21:33:14,399 -     || Q: 0.0730
2023-11-17 21:33:14,399 -     || KL: 0.3255
2023-11-17 21:33:14,400 -     || token_match: 0.995, exact_match: 0.938
2023-11-17 21:33:14,401 -     || unique taglist code: 999
2023-11-17 21:33:14,402 - DEV || epcloss: 0.0040
2023-11-17 21:33:14,402 -     || Q: 0.0742
2023-11-17 21:33:14,403 -     || KL: 1.6610
2023-11-17 21:33:14,404 -     || token_match: 0.999, exact_match: 0.983
2023-11-17 21:33:14,404 -     || unique taglist code: 352
2023-11-17 21:33:14,405 -     || seen taglist code: 352
2023-11-17 21:33:14,414 - 
2023-11-17 21:33:14,414 - #epc: 36
2023-11-17 21:33:14,465 - epc:36, epc_KL:  0.100000
2023-11-17 21:34:29,272 - exact_match_tst_copy_acc: 0.984
2023-11-17 21:34:30,912 - TRN || epcloss: 0.0187
2023-11-17 21:34:30,913 -     || Q: 0.0749
2023-11-17 21:34:30,913 -     || KL: 0.3264
2023-11-17 21:34:30,914 -     || token_match: 0.994, exact_match: 0.933
2023-11-17 21:34:30,915 -     || unique taglist code: 999
2023-11-17 21:34:30,915 - DEV || epcloss: 0.0038
2023-11-17 21:34:30,916 -     || Q: 0.0705
2023-11-17 21:34:30,917 -     || KL: 1.6708
2023-11-17 21:34:30,917 -     || token_match: 0.999, exact_match: 0.989
2023-11-17 21:34:30,918 -     || unique taglist code: 372
2023-11-17 21:34:30,919 -     || seen taglist code: 372
2023-11-17 21:34:30,979 -     || saved model
2023-11-17 21:34:30,981 - 
2023-11-17 21:34:30,982 - #epc: 37
2023-11-17 21:34:31,039 - epc:37, epc_KL:  0.100000
2023-11-17 21:35:45,979 - exact_match_tst_copy_acc: 0.996
2023-11-17 21:35:47,595 - TRN || epcloss: 0.0217
2023-11-17 21:35:47,596 -     || Q: 0.0767
2023-11-17 21:35:47,597 -     || KL: 0.3249
2023-11-17 21:35:47,598 -     || token_match: 0.994, exact_match: 0.931
2023-11-17 21:35:47,598 -     || unique taglist code: 999
2023-11-17 21:35:47,599 - DEV || epcloss: 0.0020
2023-11-17 21:35:47,600 -     || Q: 0.0612
2023-11-17 21:35:47,600 -     || KL: 1.6426
2023-11-17 21:35:47,601 -     || token_match: 1.000, exact_match: 0.994
2023-11-17 21:35:47,601 -     || unique taglist code: 354
2023-11-17 21:35:47,602 -     || seen taglist code: 354
2023-11-17 21:35:47,603 -     || BEST exact match (teacher forcing): 0.994
2023-11-17 21:35:47,611 - 
2023-11-17 21:35:47,612 - #epc: 38
2023-11-17 21:35:47,660 - epc:38, epc_KL:  0.100000
2023-11-17 21:37:02,895 - exact_match_tst_copy_acc: 0.982
2023-11-17 21:37:04,550 - TRN || epcloss: 0.0156
2023-11-17 21:37:04,550 -     || Q: 0.0668
2023-11-17 21:37:04,551 -     || KL: 0.3174
2023-11-17 21:37:04,552 -     || token_match: 0.995, exact_match: 0.943
2023-11-17 21:37:04,552 -     || unique taglist code: 999
2023-11-17 21:37:04,553 - DEV || epcloss: 0.0053
2023-11-17 21:37:04,554 -     || Q: 0.0708
2023-11-17 21:37:04,555 -     || KL: 1.7071
2023-11-17 21:37:04,555 -     || token_match: 0.998, exact_match: 0.980
2023-11-17 21:37:04,556 -     || unique taglist code: 358
2023-11-17 21:37:04,557 -     || seen taglist code: 358
2023-11-17 21:37:04,564 - 
2023-11-17 21:37:04,564 - #epc: 39
2023-11-17 21:37:04,624 - epc:39, epc_KL:  0.100000
2023-11-17 21:38:19,700 - exact_match_tst_copy_acc: 0.988
2023-11-17 21:38:21,346 - TRN || epcloss: 0.0212
2023-11-17 21:38:21,347 -     || Q: 0.0840
2023-11-17 21:38:21,347 -     || KL: 0.3306
2023-11-17 21:38:21,348 -     || token_match: 0.993, exact_match: 0.927
2023-11-17 21:38:21,349 -     || unique taglist code: 1000
2023-11-17 21:38:21,349 - DEV || epcloss: 0.0030
2023-11-17 21:38:21,350 -     || Q: 0.0686
2023-11-17 21:38:21,351 -     || KL: 1.7064
2023-11-17 21:38:21,351 -     || token_match: 0.999, exact_match: 0.983
2023-11-17 21:38:21,352 -     || unique taglist code: 361
2023-11-17 21:38:21,353 -     || seen taglist code: 361
2023-11-17 21:38:21,418 -     || saved model
2023-11-17 21:38:21,420 - 
2023-11-17 21:38:21,421 - #epc: 40
2023-11-17 21:38:21,484 - epc:40, epc_KL:  0.100000
2023-11-17 21:39:36,413 - exact_match_tst_copy_acc: 0.994
2023-11-17 21:39:38,040 - TRN || epcloss: 0.0185
2023-11-17 21:39:38,041 -     || Q: 0.0718
2023-11-17 21:39:38,042 -     || KL: 0.3221
2023-11-17 21:39:38,043 -     || token_match: 0.994, exact_match: 0.937
2023-11-17 21:39:38,043 -     || unique taglist code: 1000
2023-11-17 21:39:38,044 - DEV || epcloss: 0.0019
2023-11-17 21:39:38,044 -     || Q: 0.0683
2023-11-17 21:39:38,045 -     || KL: 1.6833
2023-11-17 21:39:38,046 -     || token_match: 1.000, exact_match: 0.994
2023-11-17 21:39:38,047 -     || unique taglist code: 348
2023-11-17 21:39:38,047 -     || seen taglist code: 348
2023-11-17 21:39:38,054 - 
2023-11-17 21:39:38,055 - #epc: 41
2023-11-17 21:39:38,111 - epc:41, epc_KL:  0.100000
2023-11-17 21:40:53,131 - exact_match_tst_copy_acc: 0.990
2023-11-17 21:40:54,737 - TRN || epcloss: 0.0198
2023-11-17 21:40:54,738 -     || Q: 0.0711
2023-11-17 21:40:54,739 -     || KL: 0.3220
2023-11-17 21:40:54,740 -     || token_match: 0.994, exact_match: 0.936
2023-11-17 21:40:54,741 -     || unique taglist code: 999
2023-11-17 21:40:54,742 - DEV || epcloss: 0.0044
2023-11-17 21:40:54,742 -     || Q: 0.0721
2023-11-17 21:40:54,743 -     || KL: 1.6891
2023-11-17 21:40:54,744 -     || token_match: 0.999, exact_match: 0.987
2023-11-17 21:40:54,744 -     || unique taglist code: 374
2023-11-17 21:40:54,745 -     || seen taglist code: 374
2023-11-17 21:40:54,754 - 
2023-11-17 21:40:54,755 - #epc: 42
2023-11-17 21:40:54,804 - epc:42, epc_KL:  0.100000
2023-11-17 21:42:09,944 - exact_match_tst_copy_acc: 0.978
2023-11-17 21:42:11,596 - TRN || epcloss: 0.0165
2023-11-17 21:42:11,596 -     || Q: 0.0661
2023-11-17 21:42:11,597 -     || KL: 0.3218
2023-11-17 21:42:11,598 -     || token_match: 0.995, exact_match: 0.940
2023-11-17 21:42:11,599 -     || unique taglist code: 999
2023-11-17 21:42:11,599 - DEV || epcloss: 0.0107
2023-11-17 21:42:11,600 -     || Q: 0.0738
2023-11-17 21:42:11,601 -     || KL: 1.7183
2023-11-17 21:42:11,602 -     || token_match: 0.997, exact_match: 0.963
2023-11-17 21:42:11,602 -     || unique taglist code: 350
2023-11-17 21:42:11,603 -     || seen taglist code: 350
2023-11-17 21:42:11,674 -     || saved model
2023-11-17 21:42:11,676 - 
2023-11-17 21:42:11,677 - #epc: 43
2023-11-17 21:42:11,737 - epc:43, epc_KL:  0.100000
2023-11-17 21:43:26,836 - exact_match_tst_copy_acc: 0.978
2023-11-17 21:43:28,524 - TRN || epcloss: 0.0195
2023-11-17 21:43:28,525 -     || Q: 0.0658
2023-11-17 21:43:28,526 -     || KL: 0.3156
2023-11-17 21:43:28,526 -     || token_match: 0.995, exact_match: 0.940
2023-11-17 21:43:28,527 -     || unique taglist code: 1000
2023-11-17 21:43:28,528 - DEV || epcloss: 0.0085
2023-11-17 21:43:28,528 -     || Q: 0.0887
2023-11-17 21:43:28,529 -     || KL: 1.7692
2023-11-17 21:43:28,530 -     || token_match: 0.998, exact_match: 0.976
2023-11-17 21:43:28,530 -     || unique taglist code: 381
2023-11-17 21:43:28,531 -     || seen taglist code: 381
2023-11-17 21:43:28,538 - 
2023-11-17 21:43:28,538 - #epc: 44
2023-11-17 21:43:28,592 - epc:44, epc_KL:  0.100000
2023-11-17 21:44:43,545 - exact_match_tst_copy_acc: 0.984
2023-11-17 21:44:45,223 - TRN || epcloss: 0.0234
2023-11-17 21:44:45,223 -     || Q: 0.0839
2023-11-17 21:44:45,224 -     || KL: 0.3492
2023-11-17 21:44:45,225 -     || token_match: 0.993, exact_match: 0.923
2023-11-17 21:44:45,226 -     || unique taglist code: 1000
2023-11-17 21:44:45,226 - DEV || epcloss: 0.0037
2023-11-17 21:44:45,227 -     || Q: 0.0650
2023-11-17 21:44:45,228 -     || KL: 1.6510
2023-11-17 21:44:45,229 -     || token_match: 0.999, exact_match: 0.989
2023-11-17 21:44:45,229 -     || unique taglist code: 358
2023-11-17 21:44:45,230 -     || seen taglist code: 358
2023-11-17 21:44:45,239 - 
2023-11-17 21:44:45,240 - #epc: 45
2023-11-17 21:44:45,295 - epc:45, epc_KL:  0.100000
2023-11-17 21:46:00,551 - exact_match_tst_copy_acc: 0.986
2023-11-17 21:46:02,181 - TRN || epcloss: 0.0134
2023-11-17 21:46:02,182 -     || Q: 0.0629
2023-11-17 21:46:02,183 -     || KL: 0.3110
2023-11-17 21:46:02,183 -     || token_match: 0.996, exact_match: 0.949
2023-11-17 21:46:02,184 -     || unique taglist code: 998
2023-11-17 21:46:02,185 - DEV || epcloss: 0.0032
2023-11-17 21:46:02,185 -     || Q: 0.0586
2023-11-17 21:46:02,186 -     || KL: 1.6279
2023-11-17 21:46:02,187 -     || token_match: 0.999, exact_match: 0.987
2023-11-17 21:46:02,187 -     || unique taglist code: 358
2023-11-17 21:46:02,188 -     || seen taglist code: 358
2023-11-17 21:46:02,239 -     || saved model
2023-11-17 21:46:02,242 - 
2023-11-17 21:46:02,243 - #epc: 46
2023-11-17 21:46:02,302 - epc:46, epc_KL:  0.100000
2023-11-17 21:47:17,632 - exact_match_tst_copy_acc: 0.982
2023-11-17 21:47:19,252 - TRN || epcloss: 0.0139
2023-11-17 21:47:19,253 -     || Q: 0.0606
2023-11-17 21:47:19,254 -     || KL: 0.3117
2023-11-17 21:47:19,254 -     || token_match: 0.996, exact_match: 0.949
2023-11-17 21:47:19,255 -     || unique taglist code: 999
2023-11-17 21:47:19,256 - DEV || epcloss: 0.0037
2023-11-17 21:47:19,256 -     || Q: 0.0585
2023-11-17 21:47:19,257 -     || KL: 1.6054
2023-11-17 21:47:19,258 -     || token_match: 0.999, exact_match: 0.981
2023-11-17 21:47:19,259 -     || unique taglist code: 351
2023-11-17 21:47:19,259 -     || seen taglist code: 351
2023-11-17 21:47:19,266 - 
2023-11-17 21:47:19,267 - #epc: 47
2023-11-17 21:47:19,319 - epc:47, epc_KL:  0.100000
2023-11-17 21:48:34,098 - exact_match_tst_copy_acc: 0.986
2023-11-17 21:48:35,757 - TRN || epcloss: 0.0142
2023-11-17 21:48:35,758 -     || Q: 0.0599
2023-11-17 21:48:35,759 -     || KL: 0.3113
2023-11-17 21:48:35,760 -     || token_match: 0.996, exact_match: 0.947
2023-11-17 21:48:35,761 -     || unique taglist code: 997
2023-11-17 21:48:35,762 - DEV || epcloss: 0.0030
2023-11-17 21:48:35,762 -     || Q: 0.0557
2023-11-17 21:48:35,763 -     || KL: 1.6805
2023-11-17 21:48:35,764 -     || token_match: 0.999, exact_match: 0.989
2023-11-17 21:48:35,765 -     || unique taglist code: 367
2023-11-17 21:48:35,765 -     || seen taglist code: 367
2023-11-17 21:48:35,773 - 
2023-11-17 21:48:35,774 - #epc: 48
2023-11-17 21:48:35,828 - epc:48, epc_KL:  0.100000
2023-11-17 21:49:50,724 - exact_match_tst_copy_acc: 0.990
2023-11-17 21:49:52,361 - TRN || epcloss: 0.0161
2023-11-17 21:49:52,362 -     || Q: 0.0651
2023-11-17 21:49:52,363 -     || KL: 0.3246
2023-11-17 21:49:52,364 -     || token_match: 0.995, exact_match: 0.941
2023-11-17 21:49:52,364 -     || unique taglist code: 996
2023-11-17 21:49:52,365 - DEV || epcloss: 0.0041
2023-11-17 21:49:52,365 -     || Q: 0.0625
2023-11-17 21:49:52,366 -     || KL: 1.5649
2023-11-17 21:49:52,367 -     || token_match: 0.999, exact_match: 0.987
2023-11-17 21:49:52,367 -     || unique taglist code: 356
2023-11-17 21:49:52,368 -     || seen taglist code: 356
2023-11-17 21:49:52,418 -     || saved model
2023-11-17 21:49:52,420 - 
2023-11-17 21:49:52,421 - #epc: 49
2023-11-17 21:49:52,481 - epc:49, epc_KL:  0.100000
2023-11-17 21:51:07,447 - exact_match_tst_copy_acc: 0.992
2023-11-17 21:51:09,099 - TRN || epcloss: 0.0168
2023-11-17 21:51:09,100 -     || Q: 0.0670
2023-11-17 21:51:09,100 -     || KL: 0.3172
2023-11-17 21:51:09,101 -     || token_match: 0.995, exact_match: 0.938
2023-11-17 21:51:09,102 -     || unique taglist code: 999
2023-11-17 21:51:09,103 - DEV || epcloss: 0.0034
2023-11-17 21:51:09,103 -     || Q: 0.0635
2023-11-17 21:51:09,104 -     || KL: 1.6622
2023-11-17 21:51:09,105 -     || token_match: 0.999, exact_match: 0.991
2023-11-17 21:51:09,106 -     || unique taglist code: 349
2023-11-17 21:51:09,106 -     || seen taglist code: 349
2023-11-17 21:51:09,116 - 
2023-11-17 21:51:09,116 - #epc: 50
2023-11-17 21:51:09,175 - epc:50, epc_KL:  0.100000
