2023-12-19 22:43:56,603 - {'Part': <dataset.vocab.TagVocab object at 0x7f31cc6db460>, 'Mood': <dataset.vocab.TagVocab object at 0x7f31cc6db4c0>, 'Tense': <dataset.vocab.TagVocab object at 0x7f31cc6db520>, 'Aspect': <dataset.vocab.TagVocab object at 0x7f31cc6db580>, 'Person': <dataset.vocab.TagVocab object at 0x7f31cc6db5e0>, 'Number': <dataset.vocab.TagVocab object at 0x7f31cc6db640>, 'Valency': <dataset.vocab.TagVocab object at 0x7f31cc6db6a0>, 'Polarity': <dataset.vocab.TagVocab object at 0x7f31cc6db700>, 'Interrogativity': <dataset.vocab.TagVocab object at 0x7f31cc6db760>, 'Language-Specific': <dataset.vocab.TagVocab object at 0x7f31cc6db7c0>, 'Finiteness': <dataset.vocab.TagVocab object at 0x7f31cc6db820>}
2023-12-19 22:43:56,641 - tstsize: 1444
2023-12-19 22:43:56,642 - 
2023-12-19 22:43:56,643 - #epc: 0
2023-12-19 22:44:03,539 - epc: 0, epc_loss: 2257.278, epc_acc: 0.284
2023-12-19 22:44:03,540 - 
2023-12-19 22:44:03,541 - #epc: 1
2023-12-19 22:44:10,223 - epc: 1, epc_loss: 1969.905, epc_acc: 0.333
2023-12-19 22:44:10,224 - 
2023-12-19 22:44:10,225 - #epc: 2
2023-12-19 22:44:16,917 - epc: 2, epc_loss: 1797.970, epc_acc: 0.354
2023-12-19 22:44:16,918 - 
2023-12-19 22:44:16,919 - #epc: 3
2023-12-19 22:44:23,612 - epc: 3, epc_loss: 1716.666, epc_acc: 0.353
2023-12-19 22:44:23,613 - 
2023-12-19 22:44:23,614 - #epc: 4
2023-12-19 22:44:30,313 - epc: 4, epc_loss: 1682.084, epc_acc: 0.350
2023-12-19 22:44:30,314 - 
2023-12-19 22:44:30,314 - #epc: 5
2023-12-19 22:44:37,012 - epc: 5, epc_loss: 1649.536, epc_acc: 0.363
2023-12-19 22:44:37,013 - 
2023-12-19 22:44:37,014 - #epc: 6
2023-12-19 22:44:43,708 - epc: 6, epc_loss: 1627.442, epc_acc: 0.360
2023-12-19 22:44:43,709 - 
2023-12-19 22:44:43,709 - #epc: 7
2023-12-19 22:44:50,406 - epc: 7, epc_loss: 1620.804, epc_acc: 0.347
2023-12-19 22:44:50,407 - 
2023-12-19 22:44:50,407 - #epc: 8
2023-12-19 22:44:57,110 - epc: 8, epc_loss: 1618.889, epc_acc: 0.355
2023-12-19 22:44:57,111 - 
2023-12-19 22:44:57,111 - #epc: 9
2023-12-19 22:45:03,809 - epc: 9, epc_loss: 1612.134, epc_acc: 0.357
2023-12-19 22:45:03,810 - 
2023-12-19 22:45:03,811 - #epc: 10
2023-12-19 22:45:10,506 - epc: 10, epc_loss: 1601.843, epc_acc: 0.361
2023-12-19 22:45:10,507 - 
2023-12-19 22:45:10,507 - #epc: 11
2023-12-19 22:45:17,213 - epc: 11, epc_loss: 1600.471, epc_acc: 0.366
2023-12-19 22:45:17,213 - 
2023-12-19 22:45:17,214 - #epc: 12
2023-12-19 22:45:23,905 - epc: 12, epc_loss: 1609.141, epc_acc: 0.351
2023-12-19 22:45:23,905 - 
2023-12-19 22:45:23,906 - #epc: 13
2023-12-19 22:45:30,597 - epc: 13, epc_loss: 1595.664, epc_acc: 0.339
2023-12-19 22:45:30,598 - 
2023-12-19 22:45:30,599 - #epc: 14
2023-12-19 22:45:37,287 - epc: 14, epc_loss: 1602.234, epc_acc: 0.359
2023-12-19 22:45:37,288 - 
2023-12-19 22:45:37,288 - #epc: 15
2023-12-19 22:45:43,981 - epc: 15, epc_loss: 1605.711, epc_acc: 0.367
2023-12-19 22:45:43,982 - 
2023-12-19 22:45:43,982 - #epc: 16
2023-12-19 22:45:50,678 - epc: 16, epc_loss: 1601.359, epc_acc: 0.356
2023-12-19 22:45:50,680 - 
2023-12-19 22:45:50,680 - #epc: 17
2023-12-19 22:45:57,374 - epc: 17, epc_loss: 1594.707, epc_acc: 0.367
2023-12-19 22:45:57,374 - 
2023-12-19 22:45:57,375 - #epc: 18
2023-12-19 22:46:04,070 - epc: 18, epc_loss: 1619.626, epc_acc: 0.342
2023-12-19 22:46:04,071 - 
2023-12-19 22:46:04,072 - #epc: 19
2023-12-19 22:46:10,763 - epc: 19, epc_loss: 1594.002, epc_acc: 0.368
2023-12-19 22:46:10,765 - {0: 0, 1: 0, 2: 470, 3: 507, 4: 467}
2023-12-19 22:46:10,765 - baseline: 0.3511
2023-12-19 23:01:31,003 - {'Part': <dataset.vocab.TagVocab object at 0x7f1ca7277460>, 'Mood': <dataset.vocab.TagVocab object at 0x7f1ca72774c0>, 'Tense': <dataset.vocab.TagVocab object at 0x7f1ca7277520>, 'Aspect': <dataset.vocab.TagVocab object at 0x7f1ca7277580>, 'Person': <dataset.vocab.TagVocab object at 0x7f1ca72775e0>, 'Number': <dataset.vocab.TagVocab object at 0x7f1ca7277640>, 'Valency': <dataset.vocab.TagVocab object at 0x7f1ca72776a0>, 'Polarity': <dataset.vocab.TagVocab object at 0x7f1ca7277700>, 'Interrogativity': <dataset.vocab.TagVocab object at 0x7f1ca7277760>, 'Language-Specific': <dataset.vocab.TagVocab object at 0x7f1ca72777c0>, 'Finiteness': <dataset.vocab.TagVocab object at 0x7f1ca7277820>}
2023-12-19 23:01:31,038 - tstsize: 1444
2023-12-19 23:01:31,039 - 
2023-12-19 23:01:31,039 - #epc: 0
2023-12-19 23:01:37,946 - epc: 0, epc_loss: 2269.814, epc_acc: 0.278
2023-12-19 23:01:37,947 - 
2023-12-19 23:01:37,948 - #epc: 1
2023-12-19 23:01:44,615 - epc: 1, epc_loss: 1961.964, epc_acc: 0.346
2023-12-19 23:01:44,616 - 
2023-12-19 23:01:44,617 - #epc: 2
2023-12-19 23:01:51,297 - epc: 2, epc_loss: 1794.222, epc_acc: 0.366
2023-12-19 23:01:51,298 - 
2023-12-19 23:01:51,298 - #epc: 3
2023-12-19 23:01:57,972 - epc: 3, epc_loss: 1728.006, epc_acc: 0.350
2023-12-19 23:01:57,973 - 
2023-12-19 23:01:57,974 - #epc: 4
2023-12-19 23:02:04,653 - epc: 4, epc_loss: 1682.275, epc_acc: 0.327
2023-12-19 23:02:04,654 - 
2023-12-19 23:02:04,654 - #epc: 5
2023-12-19 23:02:11,334 - epc: 5, epc_loss: 1642.706, epc_acc: 0.384
2023-12-19 23:02:11,334 - 
2023-12-19 23:02:11,335 - #epc: 6
