2023-12-19 22:58:20,704 - {'Part': <dataset.vocab.TagVocab object at 0x7f1723a67460>, 'Mood': <dataset.vocab.TagVocab object at 0x7f1723a674c0>, 'Tense': <dataset.vocab.TagVocab object at 0x7f1723a67520>, 'Aspect': <dataset.vocab.TagVocab object at 0x7f1723a67580>, 'Person': <dataset.vocab.TagVocab object at 0x7f1723a675e0>, 'Number': <dataset.vocab.TagVocab object at 0x7f1723a67640>, 'Valency': <dataset.vocab.TagVocab object at 0x7f1723a676a0>, 'Polarity': <dataset.vocab.TagVocab object at 0x7f1723a67700>, 'Interrogativity': <dataset.vocab.TagVocab object at 0x7f1723a67760>, 'Language-Specific': <dataset.vocab.TagVocab object at 0x7f1723a677c0>, 'Finiteness': <dataset.vocab.TagVocab object at 0x7f1723a67820>}
2023-12-19 22:58:20,757 - tstsize: 1444
2023-12-19 22:58:20,758 - 
2023-12-19 22:58:20,758 - #epc: 0
2023-12-19 22:58:27,691 - epc: 0, epc_loss: 1851.653, epc_acc: 0.336
2023-12-19 22:58:27,691 - 
2023-12-19 22:58:27,692 - #epc: 1
2023-12-19 22:58:34,400 - epc: 1, epc_loss: 1661.286, epc_acc: 0.336
2023-12-19 22:58:34,401 - 
2023-12-19 22:58:34,401 - #epc: 2
2023-12-19 22:58:41,112 - epc: 2, epc_loss: 1620.248, epc_acc: 0.330
2023-12-19 22:58:41,113 - 
2023-12-19 22:58:41,113 - #epc: 3
2023-12-19 22:58:47,820 - epc: 3, epc_loss: 1604.176, epc_acc: 0.347
2023-12-19 22:58:47,821 - 
2023-12-19 22:58:47,822 - #epc: 4
2023-12-19 22:58:54,526 - epc: 4, epc_loss: 1599.335, epc_acc: 0.324
2023-12-19 22:58:54,527 - 
2023-12-19 22:58:54,528 - #epc: 5
2023-12-19 22:59:01,231 - epc: 5, epc_loss: 1596.685, epc_acc: 0.323
2023-12-19 22:59:01,231 - 
2023-12-19 22:59:01,232 - #epc: 6
2023-12-19 22:59:07,935 - epc: 6, epc_loss: 1594.096, epc_acc: 0.322
2023-12-19 22:59:07,936 - 
2023-12-19 22:59:07,937 - #epc: 7
2023-12-19 22:59:14,644 - epc: 7, epc_loss: 1593.108, epc_acc: 0.334
2023-12-19 22:59:14,645 - 
2023-12-19 22:59:14,645 - #epc: 8
2023-12-19 22:59:21,353 - epc: 8, epc_loss: 1592.145, epc_acc: 0.325
2023-12-19 22:59:21,354 - 
2023-12-19 22:59:21,355 - #epc: 9
2023-12-19 22:59:28,062 - epc: 9, epc_loss: 1590.755, epc_acc: 0.342
2023-12-19 22:59:28,063 - 
2023-12-19 22:59:28,063 - #epc: 10
2023-12-19 22:59:34,770 - epc: 10, epc_loss: 1591.982, epc_acc: 0.318
2023-12-19 22:59:34,771 - 
2023-12-19 22:59:34,772 - #epc: 11
2023-12-19 22:59:41,477 - epc: 11, epc_loss: 1591.826, epc_acc: 0.333
2023-12-19 22:59:41,478 - 
2023-12-19 22:59:41,478 - #epc: 12
2023-12-19 22:59:48,182 - epc: 12, epc_loss: 1592.638, epc_acc: 0.313
2023-12-19 22:59:48,183 - 
2023-12-19 22:59:48,184 - #epc: 13
2023-12-19 22:59:54,885 - epc: 13, epc_loss: 1592.724, epc_acc: 0.330
2023-12-19 22:59:54,886 - 
2023-12-19 22:59:54,886 - #epc: 14
2023-12-19 23:00:01,583 - epc: 14, epc_loss: 1589.897, epc_acc: 0.350
2023-12-19 23:00:01,584 - 
2023-12-19 23:00:01,585 - #epc: 15
2023-12-19 23:00:08,280 - epc: 15, epc_loss: 1592.087, epc_acc: 0.330
2023-12-19 23:00:08,282 - 
2023-12-19 23:00:08,282 - #epc: 16
2023-12-19 23:00:14,983 - epc: 16, epc_loss: 1590.548, epc_acc: 0.344
2023-12-19 23:00:14,985 - 
2023-12-19 23:00:14,985 - #epc: 17
2023-12-19 23:00:21,679 - epc: 17, epc_loss: 1591.904, epc_acc: 0.329
2023-12-19 23:00:21,680 - 
2023-12-19 23:00:21,681 - #epc: 18
2023-12-19 23:00:28,378 - epc: 18, epc_loss: 1589.767, epc_acc: 0.342
2023-12-19 23:00:28,379 - 
2023-12-19 23:00:28,380 - #epc: 19
2023-12-19 23:00:35,075 - epc: 19, epc_loss: 1590.426, epc_acc: 0.357
2023-12-19 23:00:35,076 - {0: 0, 1: 0, 2: 470, 3: 507, 4: 467}
2023-12-19 23:00:35,076 - baseline: 0.3511
