2023-12-22 00:34:30,953 - trnsize: 404897
2023-12-22 00:34:30,961 - devsize: 1446
2023-12-22 00:34:30,962 - tstsize: 1446
2023-12-22 00:34:31,528 - Trn unique tgts: 404896
2023-12-22 00:34:31,529 - Trn unique lemmas: 588
2023-12-22 00:34:31,530 - Trn unique taglists: 703
2023-12-22 00:34:31,530 - Dev unique tgts: 1446
2023-12-22 00:34:31,531 - Dev unique lemmas: 536
2023-12-22 00:34:31,532 - Dev unique taglists: 616
2023-12-22 00:34:31,533 - Tst unique tgts: 1446
2023-12-22 00:34:31,533 - Tst unique lemmas: 536
2023-12-22 00:34:31,534 - Tst unique taglists: 616
2023-12-22 00:34:31,535 - seen_dev_tgt: 1
2023-12-22 00:34:31,535 - seen_dev_lemma: 1446
2023-12-22 00:34:31,536 - seen_dev_taglist: 1446
2023-12-22 00:34:31,537 - seen_tst_tgt: 1
2023-12-22 00:34:31,538 - seen_tst_lemma: 1446
2023-12-22 00:34:31,538 - seen_tst_taglist: 1446
2023-12-22 00:34:55,818 - trnID: run1_12x12_zLEM100_zTAG128_decnh1024_kl0.5_epc10_strt5_decdo0.2_inpemb128_bsize64
2023-12-22 00:34:55,819 - batchsize: 64
2023-12-22 00:34:55,820 - epochs: 50
2023-12-22 00:34:55,821 - lr: 0.00050
2023-12-22 00:34:55,821 - KL_WEIGHT: 0.50000
2023-12-22 00:34:55,822 - opt: Adam (
Parameter Group 0
    amsgrad: False
    betas: (0.5, 0.999)
    capturable: False
    eps: 1e-08
    foreach: None
    lr: 0.0005
    maximize: False
    weight_decay: 0
)
2023-12-22 00:34:55,823 - VQVAE(
  (encoder): Encoder_GRU_VQVAE(
    (layers): ModuleList(
      (0): Embedding(39, 128)
      (1): Dropout(p=0.0, inplace=False)
      (2): GRU(128, 256, batch_first=True, bidirectional=True)
    )
  )
  (z_linears): ModuleList(
    (0): Linear(in_features=256, out_features=128, bias=True)
    (1): Linear(in_features=256, out_features=128, bias=True)
    (2): Linear(in_features=256, out_features=128, bias=True)
    (3): Linear(in_features=256, out_features=128, bias=True)
    (4): Linear(in_features=256, out_features=128, bias=True)
    (5): Linear(in_features=256, out_features=128, bias=True)
    (6): Linear(in_features=256, out_features=128, bias=True)
    (7): Linear(in_features=256, out_features=128, bias=True)
    (8): Linear(in_features=256, out_features=128, bias=True)
    (9): Linear(in_features=256, out_features=128, bias=True)
    (10): Linear(in_features=256, out_features=128, bias=True)
    (11): Linear(in_features=256, out_features=128, bias=True)
  )
  (quantizers): ModuleList(
    (0): Quantizer(
      (embeddings): Embedding(12, 128)
    )
    (1): Quantizer(
      (embeddings): Embedding(12, 128)
    )
    (2): Quantizer(
      (embeddings): Embedding(12, 128)
    )
    (3): Quantizer(
      (embeddings): Embedding(12, 128)
    )
    (4): Quantizer(
      (embeddings): Embedding(12, 128)
    )
    (5): Quantizer(
      (embeddings): Embedding(12, 128)
    )
    (6): Quantizer(
      (embeddings): Embedding(12, 128)
    )
    (7): Quantizer(
      (embeddings): Embedding(12, 128)
    )
    (8): Quantizer(
      (embeddings): Embedding(12, 128)
    )
    (9): Quantizer(
      (embeddings): Embedding(12, 128)
    )
    (10): Quantizer(
      (embeddings): Embedding(12, 128)
    )
    (11): Quantizer(
      (embeddings): Embedding(12, 128)
    )
  )
  (z_lemma_mu): Linear(in_features=256, out_features=100, bias=True)
  (z_lemma_logvar): Linear(in_features=256, out_features=100, bias=True)
  (up_from_z_layer): Linear(in_features=228, out_features=1024, bias=True)
  (decoder): Decoder_GRU_VQVAE(
    (layers): ModuleList(
      (0): Embedding(39, 128)
      (1): Dropout(p=0.2, inplace=False)
      (2): GRU(356, 1024, batch_first=True)
      (3): Linear(in_features=1024, out_features=39, bias=True)
    )
    (loss): CrossEntropyLoss()
  )
)
2023-12-22 00:34:55,961 - trnsize: 404897
2023-12-22 00:34:55,962 - devsize: 1446
2023-12-22 00:34:55,963 - tstsize: 1446
2023-12-22 00:34:55,964 - 
2023-12-22 00:34:55,965 - #epc: 0
2023-12-22 00:34:55,967 - epc:0, epc_KL:  0.000000
2023-12-22 00:42:08,203 - exact_match_tst_copy_acc: 0.995
2023-12-22 00:42:08,204 - exact_match_tst_reinflection_wlemma: 0.129
2023-12-22 00:42:08,204 - exact_match_tst_reinflection_wlemma_TAGFINDER1: 0.131
2023-12-22 00:42:08,205 - exact_match_tst_reinflection_wlemma_TAGFINDER1_or_2: 0.132
2023-12-22 00:42:08,579 - TRN || epcloss: 0.0671
2023-12-22 00:42:08,580 -     || Q: 0.0698
2023-12-22 00:42:08,581 -     || KL: 5.5011
2023-12-22 00:42:08,582 -     || token_match: 0.000, exact_match: 0.000
2023-12-22 00:42:08,583 -     || unique taglist code: 76548
2023-12-22 00:42:08,583 - DEV || epcloss: 0.0012
2023-12-22 00:42:08,584 -     || Q: 0.0088
2023-12-22 00:42:08,585 -     || KL: 13.1310
2023-12-22 00:42:08,585 -     || token_match: 0.000, exact_match: 0.000
2023-12-22 00:42:08,586 -     || unique taglist code: 770
2023-12-22 00:42:08,587 -     || seen taglist code: 652
2023-12-22 00:42:08,589 -     || MOST used trncode: 76548
2023-12-22 00:42:08,590 -     || MOST used devcode: 770
2023-12-22 00:42:08,673 -     || saved model
2023-12-22 00:42:08,676 - 
2023-12-22 00:42:08,677 - #epc: 1
2023-12-22 00:42:09,837 - epc:1, epc_KL:  0.000000
2023-12-22 00:49:24,345 - exact_match_tst_copy_acc: 0.991
2023-12-22 00:49:24,346 - exact_match_tst_reinflection_wlemma: 0.129
2023-12-22 00:49:24,346 - exact_match_tst_reinflection_wlemma_TAGFINDER1: 0.132
2023-12-22 00:49:24,347 - exact_match_tst_reinflection_wlemma_TAGFINDER1_or_2: 0.134
2023-12-22 00:49:24,744 - TRN || epcloss: 0.0053
2023-12-22 00:49:24,745 -     || Q: 0.0104
2023-12-22 00:49:24,745 -     || KL: 6.2361
2023-12-22 00:49:24,746 -     || token_match: 0.000, exact_match: 0.000
2023-12-22 00:49:24,747 -     || unique taglist code: 70286
2023-12-22 00:49:24,747 - DEV || epcloss: 0.0023
2023-12-22 00:49:24,748 -     || Q: 0.0166
2023-12-22 00:49:24,749 -     || KL: 12.8298
2023-12-22 00:49:24,750 -     || token_match: 0.000, exact_match: 0.000
2023-12-22 00:49:24,750 -     || unique taglist code: 845
2023-12-22 00:49:24,753 -     || seen taglist code: 531
2023-12-22 00:49:24,754 -     || MOST used devcode: 845
2023-12-22 00:49:24,797 -     || saved model
2023-12-22 00:49:24,799 - 
2023-12-22 00:49:24,800 - #epc: 2
2023-12-22 00:49:25,799 - epc:2, epc_KL:  0.000000
2023-12-22 00:56:44,785 - exact_match_tst_copy_acc: 0.999
2023-12-22 00:56:44,786 - exact_match_tst_reinflection_wlemma: 0.127
2023-12-22 00:56:44,787 - exact_match_tst_reinflection_wlemma_TAGFINDER1: 0.127
2023-12-22 00:56:44,787 - exact_match_tst_reinflection_wlemma_TAGFINDER1_or_2: 0.128
2023-12-22 00:56:45,274 - TRN || epcloss: 0.0031
2023-12-22 00:56:45,275 -     || Q: 0.0075
2023-12-22 00:56:45,276 -     || KL: 6.5978
2023-12-22 00:56:45,276 -     || token_match: 0.000, exact_match: 0.000
2023-12-22 00:56:45,277 -     || unique taglist code: 65990
2023-12-22 00:56:45,278 - DEV || epcloss: 0.0005
2023-12-22 00:56:45,279 -     || Q: 0.0061
2023-12-22 00:56:45,279 -     || KL: 14.4473
2023-12-22 00:56:45,280 -     || token_match: 0.000, exact_match: 0.000
2023-12-22 00:56:45,281 -     || unique taglist code: 811
2023-12-22 00:56:45,283 -     || seen taglist code: 599
2023-12-22 00:56:45,346 -     || saved model
2023-12-22 00:56:45,349 - 
2023-12-22 00:56:45,350 - #epc: 3
2023-12-22 00:56:46,472 - epc:3, epc_KL:  0.000000
2023-12-22 01:04:00,671 - exact_match_tst_copy_acc: 0.945
2023-12-22 01:04:00,672 - exact_match_tst_reinflection_wlemma: 0.107
2023-12-22 01:04:00,672 - exact_match_tst_reinflection_wlemma_TAGFINDER1: 0.104
2023-12-22 01:04:00,673 - exact_match_tst_reinflection_wlemma_TAGFINDER1_or_2: 0.109
2023-12-22 01:04:00,963 - TRN || epcloss: 0.0025
2023-12-22 01:04:00,964 -     || Q: 0.0049
2023-12-22 01:04:00,965 -     || KL: 7.0491
2023-12-22 01:04:00,966 -     || token_match: 0.000, exact_match: 0.000
2023-12-22 01:04:00,966 -     || unique taglist code: 72338
2023-12-22 01:04:00,967 - DEV || epcloss: 0.0096
2023-12-22 01:04:00,968 -     || Q: 0.0134
2023-12-22 01:04:00,968 -     || KL: 14.6579
2023-12-22 01:04:00,969 -     || token_match: 0.000, exact_match: 0.000
2023-12-22 01:04:00,970 -     || unique taglist code: 911
2023-12-22 01:04:00,972 -     || seen taglist code: 225
2023-12-22 01:04:00,973 -     || MOST used devcode: 911
2023-12-22 01:04:01,035 -     || saved model
2023-12-22 01:04:01,037 - 
2023-12-22 01:04:01,038 - #epc: 4
2023-12-22 01:04:02,019 - epc:4, epc_KL:  0.000000
2023-12-22 01:11:23,930 - exact_match_tst_copy_acc: 0.999
2023-12-22 01:11:23,931 - exact_match_tst_reinflection_wlemma: 0.105
2023-12-22 01:11:23,932 - exact_match_tst_reinflection_wlemma_TAGFINDER1: 0.105
2023-12-22 01:11:23,932 - exact_match_tst_reinflection_wlemma_TAGFINDER1_or_2: 0.110
2023-12-22 01:11:24,392 - TRN || epcloss: 0.0022
2023-12-22 01:11:24,394 -     || Q: 0.0041
2023-12-22 01:11:24,395 -     || KL: 7.3590
2023-12-22 01:11:24,396 -     || token_match: 0.000, exact_match: 0.000
2023-12-22 01:11:24,397 -     || unique taglist code: 83174
2023-12-22 01:11:24,398 - DEV || epcloss: 0.0003
2023-12-22 01:11:24,399 -     || Q: 0.0016
2023-12-22 01:11:24,400 -     || KL: 16.2400
2023-12-22 01:11:24,400 -     || token_match: 0.000, exact_match: 0.000
2023-12-22 01:11:24,401 -     || unique taglist code: 843
2023-12-22 01:11:24,404 -     || seen taglist code: 684
2023-12-22 01:11:24,405 -     || MOST used trncode: 83174
2023-12-22 01:11:24,459 -     || saved model
2023-12-22 01:11:24,462 - 
2023-12-22 01:11:24,463 - #epc: 5
2023-12-22 01:11:25,590 - epc:5, epc_KL:  0.050000
2023-12-22 01:19:18,005 - exact_match_tst_copy_acc: 0.997
2023-12-22 01:19:18,006 - exact_match_tst_reinflection_wlemma: 0.446
2023-12-22 01:19:18,007 - exact_match_tst_reinflection_wlemma_TAGFINDER1: 0.441
2023-12-22 01:19:18,008 - exact_match_tst_reinflection_wlemma_TAGFINDER1_or_2: 0.454
2023-12-22 01:19:18,451 - TRN || epcloss: 0.0115
2023-12-22 01:19:18,452 -     || Q: 0.0087
2023-12-22 01:19:18,453 -     || KL: 0.8490
2023-12-22 01:19:18,454 -     || token_match: 0.000, exact_match: 0.000
2023-12-22 01:19:18,455 -     || unique taglist code: 111270
2023-12-22 01:19:18,456 - DEV || epcloss: 0.0007
2023-12-22 01:19:18,457 -     || Q: 0.0102
2023-12-22 01:19:18,457 -     || KL: 1.5067
2023-12-22 01:19:18,458 -     || token_match: 0.000, exact_match: 0.000
2023-12-22 01:19:18,459 -     || unique taglist code: 1142
2023-12-22 01:19:18,465 -     || seen taglist code: 898
2023-12-22 01:19:18,466 -     || MOST used trncode: 111270
2023-12-22 01:19:18,467 -     || MOST used devcode: 1142
2023-12-22 01:19:18,515 -     || saved model
2023-12-22 01:19:18,517 - 
2023-12-22 01:19:18,518 - #epc: 6
2023-12-22 01:19:19,689 - epc:6, epc_KL:  0.100000
2023-12-22 01:27:12,413 - exact_match_tst_copy_acc: 0.993
2023-12-22 01:27:12,414 - exact_match_tst_reinflection_wlemma: 0.936
2023-12-22 01:27:12,415 - exact_match_tst_reinflection_wlemma_TAGFINDER1: 0.856
2023-12-22 01:27:12,416 - exact_match_tst_reinflection_wlemma_TAGFINDER1_or_2: 0.934
2023-12-22 01:27:12,893 - TRN || epcloss: 0.0123
2023-12-22 01:27:12,894 -     || Q: 0.0217
2023-12-22 01:27:12,895 -     || KL: 0.4675
2023-12-22 01:27:12,896 -     || token_match: 0.000, exact_match: 0.000
2023-12-22 01:27:12,897 -     || unique taglist code: 111326
2023-12-22 01:27:12,898 - DEV || epcloss: 0.0013
2023-12-22 01:27:12,899 -     || Q: 0.0321
2023-12-22 01:27:12,899 -     || KL: 0.9428
2023-12-22 01:27:12,900 -     || token_match: 0.000, exact_match: 0.000
2023-12-22 01:27:12,901 -     || unique taglist code: 1348
2023-12-22 01:27:12,905 -     || seen taglist code: 1034
2023-12-22 01:27:12,906 -     || MOST used trncode: 111326
2023-12-22 01:27:12,907 -     || MOST used devcode: 1348
2023-12-22 01:27:13,000 -     || saved model
2023-12-22 01:27:13,002 - 
2023-12-22 01:27:13,003 - #epc: 7
2023-12-22 01:27:14,325 - epc:7, epc_KL:  0.150000
2023-12-22 01:35:04,107 - exact_match_tst_copy_acc: 0.994
2023-12-22 01:35:04,108 - exact_match_tst_reinflection_wlemma: 0.978
2023-12-22 01:35:04,108 - exact_match_tst_reinflection_wlemma_TAGFINDER1: 0.803
2023-12-22 01:35:04,109 - exact_match_tst_reinflection_wlemma_TAGFINDER1_or_2: 0.934
2023-12-22 01:35:04,480 - TRN || epcloss: 0.0122
2023-12-22 01:35:04,480 -     || Q: 0.0374
2023-12-22 01:35:04,481 -     || KL: 0.3248
2023-12-22 01:35:04,482 -     || token_match: 0.000, exact_match: 0.000
2023-12-22 01:35:04,483 -     || unique taglist code: 156605
2023-12-22 01:35:04,483 - DEV || epcloss: 0.0011
2023-12-22 01:35:04,484 -     || Q: 0.0374
2023-12-22 01:35:04,485 -     || KL: 0.6417
2023-12-22 01:35:04,486 -     || token_match: 0.000, exact_match: 0.000
2023-12-22 01:35:04,486 -     || unique taglist code: 1417
2023-12-22 01:35:04,490 -     || seen taglist code: 746
2023-12-22 01:35:04,490 -     || MOST used trncode: 156605
2023-12-22 01:35:04,491 -     || MOST used devcode: 1417
2023-12-22 01:35:04,536 -     || saved model
2023-12-22 01:35:04,538 - 
2023-12-22 01:35:04,539 - #epc: 8
2023-12-22 01:35:05,791 - epc:8, epc_KL:  0.200000
2023-12-22 01:42:56,250 - exact_match_tst_copy_acc: 0.994
2023-12-22 01:42:56,251 - exact_match_tst_reinflection_wlemma: 0.988
2023-12-22 01:42:56,252 - exact_match_tst_reinflection_wlemma_TAGFINDER1: 0.659
2023-12-22 01:42:56,253 - exact_match_tst_reinflection_wlemma_TAGFINDER1_or_2: 0.877
2023-12-22 01:42:56,727 - TRN || epcloss: 0.0124
2023-12-22 01:42:56,728 -     || Q: 0.0537
2023-12-22 01:42:56,729 -     || KL: 0.2419
2023-12-22 01:42:56,729 -     || token_match: 0.000, exact_match: 0.000
2023-12-22 01:42:56,730 -     || unique taglist code: 248600
2023-12-22 01:42:56,731 - DEV || epcloss: 0.0009
2023-12-22 01:42:56,732 -     || Q: 0.0587
2023-12-22 01:42:56,732 -     || KL: 0.5045
2023-12-22 01:42:56,733 -     || token_match: 0.000, exact_match: 0.000
2023-12-22 01:42:56,734 -     || unique taglist code: 1438
2023-12-22 01:42:56,737 -     || seen taglist code: 459
2023-12-22 01:42:56,738 -     || MOST used trncode: 248600
2023-12-22 01:42:56,739 -     || MOST used devcode: 1438
2023-12-22 01:42:56,794 -     || saved model
2023-12-22 01:42:56,796 - 
2023-12-22 01:42:56,797 - #epc: 9
2023-12-22 01:42:58,093 - epc:9, epc_KL:  0.250000
2023-12-22 01:50:47,982 - exact_match_tst_copy_acc: 0.993
2023-12-22 01:50:47,983 - exact_match_tst_reinflection_wlemma: 0.988
2023-12-22 01:50:47,984 - exact_match_tst_reinflection_wlemma_TAGFINDER1: 0.531
2023-12-22 01:50:47,985 - exact_match_tst_reinflection_wlemma_TAGFINDER1_or_2: 0.799
2023-12-22 01:50:48,430 - TRN || epcloss: 0.0133
2023-12-22 01:50:48,431 -     || Q: 0.0790
2023-12-22 01:50:48,432 -     || KL: 0.1886
2023-12-22 01:50:48,433 -     || token_match: 0.000, exact_match: 0.000
2023-12-22 01:50:48,434 -     || unique taglist code: 334395
2023-12-22 01:50:48,435 - DEV || epcloss: 0.0018
2023-12-22 01:50:48,436 -     || Q: 0.0881
2023-12-22 01:50:48,437 -     || KL: 0.3625
2023-12-22 01:50:48,438 -     || token_match: 0.000, exact_match: 0.000
2023-12-22 01:50:48,439 -     || unique taglist code: 1446
2023-12-22 01:50:48,444 -     || seen taglist code: 304
2023-12-22 01:50:48,445 -     || MOST used trncode: 334395
2023-12-22 01:50:48,446 -     || MOST used devcode: 1446
2023-12-22 01:50:48,505 -     || saved model
2023-12-22 01:50:48,507 - 
2023-12-22 01:50:48,508 - #epc: 10
2023-12-22 01:50:50,018 - epc:10, epc_KL:  0.300000
2023-12-22 01:58:38,941 - exact_match_tst_copy_acc: 0.988
2023-12-22 01:58:38,942 - exact_match_tst_reinflection_wlemma: 0.984
2023-12-22 01:58:38,943 - exact_match_tst_reinflection_wlemma_TAGFINDER1: 0.460
2023-12-22 01:58:38,944 - exact_match_tst_reinflection_wlemma_TAGFINDER1_or_2: 0.750
2023-12-22 01:58:39,391 - TRN || epcloss: 0.0135
2023-12-22 01:58:39,392 -     || Q: 0.1047
2023-12-22 01:58:39,393 -     || KL: 0.1459
2023-12-22 01:58:39,394 -     || token_match: 0.000, exact_match: 0.000
2023-12-22 01:58:39,395 -     || unique taglist code: 376386
2023-12-22 01:58:39,396 - DEV || epcloss: 0.0023
2023-12-22 01:58:39,397 -     || Q: 0.1034
2023-12-22 01:58:39,398 -     || KL: 0.2753
2023-12-22 01:58:39,399 -     || token_match: 0.000, exact_match: 0.000
2023-12-22 01:58:39,399 -     || unique taglist code: 1445
2023-12-22 01:58:39,401 -     || seen taglist code: 126
2023-12-22 01:58:39,403 -     || MOST used trncode: 376386
2023-12-22 01:58:39,463 -     || saved model
2023-12-22 01:58:39,465 - 
2023-12-22 01:58:39,466 - #epc: 11
2023-12-22 01:58:40,791 - epc:11, epc_KL:  0.350000
2023-12-22 02:06:33,040 - exact_match_tst_copy_acc: 0.989
2023-12-22 02:06:33,041 - exact_match_tst_reinflection_wlemma: 0.985
2023-12-22 02:06:33,041 - exact_match_tst_reinflection_wlemma_TAGFINDER1: 0.439
2023-12-22 02:06:33,042 - exact_match_tst_reinflection_wlemma_TAGFINDER1_or_2: 0.723
2023-12-22 02:06:33,637 - TRN || epcloss: 0.0132
2023-12-22 02:06:33,638 -     || Q: 0.1233
2023-12-22 02:06:33,639 -     || KL: 0.1095
2023-12-22 02:06:33,640 -     || token_match: 0.000, exact_match: 0.000
2023-12-22 02:06:33,640 -     || unique taglist code: 396281
2023-12-22 02:06:33,641 - DEV || epcloss: 0.0023
2023-12-22 02:06:33,642 -     || Q: 0.1232
2023-12-22 02:06:33,643 -     || KL: 0.2079
2023-12-22 02:06:33,643 -     || token_match: 0.000, exact_match: 0.000
2023-12-22 02:06:33,644 -     || unique taglist code: 1446
2023-12-22 02:06:33,646 -     || seen taglist code: 45
2023-12-22 02:06:33,647 -     || MOST used trncode: 396281
2023-12-22 02:06:33,712 -     || saved model
2023-12-22 02:06:33,714 - 
2023-12-22 02:06:33,715 - #epc: 12
2023-12-22 02:06:34,993 - epc:12, epc_KL:  0.400000
2023-12-22 02:14:25,265 - exact_match_tst_copy_acc: 0.990
2023-12-22 02:14:25,267 - exact_match_tst_reinflection_wlemma: 0.988
2023-12-22 02:14:25,267 - exact_match_tst_reinflection_wlemma_TAGFINDER1: 0.427
2023-12-22 02:14:25,268 - exact_match_tst_reinflection_wlemma_TAGFINDER1_or_2: 0.715
2023-12-22 02:14:25,887 - TRN || epcloss: 0.0131
2023-12-22 02:14:25,889 -     || Q: 0.1426
2023-12-22 02:14:25,890 -     || KL: 0.0776
2023-12-22 02:14:25,891 -     || token_match: 0.000, exact_match: 0.000
2023-12-22 02:14:25,892 -     || unique taglist code: 403119
2023-12-22 02:14:25,893 - DEV || epcloss: 0.0027
2023-12-22 02:14:25,893 -     || Q: 0.1528
2023-12-22 02:14:25,894 -     || KL: 0.1263
2023-12-22 02:14:25,895 -     || token_match: 0.000, exact_match: 0.000
2023-12-22 02:14:25,896 -     || unique taglist code: 1446
2023-12-22 02:14:25,898 -     || seen taglist code: 4
2023-12-22 02:14:25,899 -     || MOST used trncode: 403119
2023-12-22 02:14:25,967 -     || saved model
2023-12-22 02:14:25,970 - 
2023-12-22 02:14:25,971 - #epc: 13
2023-12-22 02:14:27,320 - epc:13, epc_KL:  0.450000
2023-12-22 02:22:19,235 - exact_match_tst_copy_acc: 0.980
2023-12-22 02:22:19,236 - exact_match_tst_reinflection_wlemma: 0.981
2023-12-22 02:22:19,236 - exact_match_tst_reinflection_wlemma_TAGFINDER1: 0.415
2023-12-22 02:22:19,237 - exact_match_tst_reinflection_wlemma_TAGFINDER1_or_2: 0.705
2023-12-22 02:22:19,851 - TRN || epcloss: 0.0145
2023-12-22 02:22:19,852 -     || Q: 0.1919
2023-12-22 02:22:19,853 -     || KL: 0.0456
2023-12-22 02:22:19,854 -     || token_match: 0.000, exact_match: 0.000
2023-12-22 02:22:19,855 -     || unique taglist code: 404563
2023-12-22 02:22:19,855 - DEV || epcloss: 0.0038
2023-12-22 02:22:19,856 -     || Q: 0.1959
2023-12-22 02:22:19,857 -     || KL: 0.0623
2023-12-22 02:22:19,858 -     || token_match: 0.000, exact_match: 0.000
2023-12-22 02:22:19,859 -     || unique taglist code: 1446
2023-12-22 02:22:19,860 -     || seen taglist code: 3
2023-12-22 02:22:19,861 -     || MOST used trncode: 404563
2023-12-22 02:22:19,920 -     || saved model
2023-12-22 02:22:19,922 - 
2023-12-22 02:22:19,923 - #epc: 14
2023-12-22 02:22:21,266 - epc:14, epc_KL:  0.500000
2023-12-22 02:30:12,527 - exact_match_tst_copy_acc: 0.977
2023-12-22 02:30:12,528 - exact_match_tst_reinflection_wlemma: 0.981
2023-12-22 02:30:12,529 - exact_match_tst_reinflection_wlemma_TAGFINDER1: 0.416
2023-12-22 02:30:12,530 - exact_match_tst_reinflection_wlemma_TAGFINDER1_or_2: 0.705
2023-12-22 02:30:13,027 - TRN || epcloss: 0.0128
2023-12-22 02:30:13,028 -     || Q: 0.2172
2023-12-22 02:30:13,029 -     || KL: 0.0142
2023-12-22 02:30:13,030 -     || token_match: 0.000, exact_match: 0.000
2023-12-22 02:30:13,031 -     || unique taglist code: 404691
2023-12-22 02:30:13,031 - DEV || epcloss: 0.0042
2023-12-22 02:30:13,032 -     || Q: 0.2096
2023-12-22 02:30:13,033 -     || KL: 0.0117
2023-12-22 02:30:13,034 -     || token_match: 0.000, exact_match: 0.000
2023-12-22 02:30:13,035 -     || unique taglist code: 1446
2023-12-22 02:30:13,036 -     || seen taglist code: 1
2023-12-22 02:30:13,037 -     || MOST used trncode: 404691
2023-12-22 02:30:13,106 -     || saved model
2023-12-22 02:30:13,108 - 
2023-12-22 02:30:13,109 - #epc: 15
2023-12-22 02:30:14,383 - epc:15, epc_KL:  0.500000
2023-12-22 02:37:53,758 - exact_match_tst_copy_acc: 0.977
2023-12-22 02:37:53,759 - exact_match_tst_reinflection_wlemma: 0.978
2023-12-22 02:37:53,760 - exact_match_tst_reinflection_wlemma_TAGFINDER1: 0.416
2023-12-22 02:37:53,761 - exact_match_tst_reinflection_wlemma_TAGFINDER1_or_2: 0.703
2023-12-22 02:37:54,235 - TRN || epcloss: 0.0107
2023-12-22 02:37:54,237 -     || Q: 0.2031
2023-12-22 02:37:54,237 -     || KL: 0.0035
2023-12-22 02:37:54,238 -     || token_match: 0.000, exact_match: 0.000
2023-12-22 02:37:54,239 -     || unique taglist code: 404798
2023-12-22 02:37:54,240 - DEV || epcloss: 0.0041
2023-12-22 02:37:54,241 -     || Q: 0.1813
2023-12-22 02:37:54,242 -     || KL: 0.0046
2023-12-22 02:37:54,243 -     || token_match: 0.000, exact_match: 0.000
2023-12-22 02:37:54,244 -     || unique taglist code: 1446
2023-12-22 02:37:54,249 -     || seen taglist code: 0
2023-12-22 02:37:54,250 -     || MOST used trncode: 404798
2023-12-22 02:37:54,322 -     || saved model
2023-12-22 02:37:54,325 - 
2023-12-22 02:37:54,325 - #epc: 16
2023-12-22 02:37:55,553 - epc:16, epc_KL:  0.500000
2023-12-22 02:45:23,756 - exact_match_tst_copy_acc: 0.974
2023-12-22 02:45:23,757 - exact_match_tst_reinflection_wlemma: 0.974
2023-12-22 02:45:23,757 - exact_match_tst_reinflection_wlemma_TAGFINDER1: 0.415
2023-12-22 02:45:23,758 - exact_match_tst_reinflection_wlemma_TAGFINDER1_or_2: 0.698
2023-12-22 02:45:24,226 - TRN || epcloss: 0.0090
2023-12-22 02:45:24,227 -     || Q: 0.1670
2023-12-22 02:45:24,228 -     || KL: 0.0013
2023-12-22 02:45:24,229 -     || token_match: 0.000, exact_match: 0.000
2023-12-22 02:45:24,230 -     || unique taglist code: 404816
2023-12-22 02:45:24,231 - DEV || epcloss: 0.0056
2023-12-22 02:45:24,232 -     || Q: 0.1578
2023-12-22 02:45:24,233 -     || KL: 0.0035
2023-12-22 02:45:24,233 -     || token_match: 0.000, exact_match: 0.000
2023-12-22 02:45:24,234 -     || unique taglist code: 1446
2023-12-22 02:45:24,236 -     || seen taglist code: 1
2023-12-22 02:45:24,237 -     || MOST used trncode: 404816
2023-12-22 02:45:24,327 -     || saved model
2023-12-22 02:45:24,329 - 
2023-12-22 02:45:24,330 - #epc: 17
2023-12-22 02:45:25,618 - epc:17, epc_KL:  0.500000
2023-12-22 02:53:02,988 - exact_match_tst_copy_acc: 0.978
2023-12-22 02:53:02,989 - exact_match_tst_reinflection_wlemma: 0.979
2023-12-22 02:53:02,990 - exact_match_tst_reinflection_wlemma_TAGFINDER1: 0.415
2023-12-22 02:53:02,991 - exact_match_tst_reinflection_wlemma_TAGFINDER1_or_2: 0.703
2023-12-22 02:53:03,470 - TRN || epcloss: 0.0075
2023-12-22 02:53:03,471 -     || Q: 0.1473
2023-12-22 02:53:03,472 -     || KL: 0.0009
2023-12-22 02:53:03,473 -     || token_match: 0.000, exact_match: 0.000
2023-12-22 02:53:03,474 -     || unique taglist code: 404842
2023-12-22 02:53:03,475 - DEV || epcloss: 0.0037
2023-12-22 02:53:03,476 -     || Q: 0.1319
2023-12-22 02:53:03,477 -     || KL: 0.0014
2023-12-22 02:53:03,478 -     || token_match: 0.000, exact_match: 0.000
2023-12-22 02:53:03,478 -     || unique taglist code: 1446
2023-12-22 02:53:03,480 -     || seen taglist code: 0
2023-12-22 02:53:03,481 -     || MOST used trncode: 404842
2023-12-22 02:53:03,559 -     || saved model
2023-12-22 02:53:03,561 - 
2023-12-22 02:53:03,562 - #epc: 18
2023-12-22 02:53:04,822 - epc:18, epc_KL:  0.500000
2023-12-22 03:00:51,268 - exact_match_tst_copy_acc: 0.985
2023-12-22 03:00:51,269 - exact_match_tst_reinflection_wlemma: 0.985
2023-12-22 03:00:51,270 - exact_match_tst_reinflection_wlemma_TAGFINDER1: 0.418
2023-12-22 03:00:51,271 - exact_match_tst_reinflection_wlemma_TAGFINDER1_or_2: 0.708
2023-12-22 03:00:51,743 - TRN || epcloss: 0.0078
2023-12-22 03:00:51,744 -     || Q: 0.1455
2023-12-22 03:00:51,745 -     || KL: 0.0007
2023-12-22 03:00:51,746 -     || token_match: 0.000, exact_match: 0.000
2023-12-22 03:00:51,747 -     || unique taglist code: 404842
2023-12-22 03:00:51,748 - DEV || epcloss: 0.0031
2023-12-22 03:00:51,749 -     || Q: 0.1278
2023-12-22 03:00:51,750 -     || KL: 0.0013
2023-12-22 03:00:51,751 -     || token_match: 0.000, exact_match: 0.000
2023-12-22 03:00:51,752 -     || unique taglist code: 1446
2023-12-22 03:00:51,754 -     || seen taglist code: 2
2023-12-22 03:00:51,832 -     || saved model
2023-12-22 03:00:51,834 - 
2023-12-22 03:00:51,836 - #epc: 19
2023-12-22 03:00:53,040 - epc:19, epc_KL:  0.500000
2023-12-22 03:08:48,855 - exact_match_tst_copy_acc: 0.985
2023-12-22 03:08:48,856 - exact_match_tst_reinflection_wlemma: 0.986
2023-12-22 03:08:48,857 - exact_match_tst_reinflection_wlemma_TAGFINDER1: 0.420
2023-12-22 03:08:48,858 - exact_match_tst_reinflection_wlemma_TAGFINDER1_or_2: 0.709
2023-12-22 03:08:49,269 - TRN || epcloss: 0.0093
2023-12-22 03:08:49,270 -     || Q: 0.1560
2023-12-22 03:08:49,271 -     || KL: 0.0007
2023-12-22 03:08:49,272 -     || token_match: 0.000, exact_match: 0.000
2023-12-22 03:08:49,272 -     || unique taglist code: 404806
2023-12-22 03:08:49,273 - DEV || epcloss: 0.0035
2023-12-22 03:08:49,274 -     || Q: 0.1473
2023-12-22 03:08:49,275 -     || KL: 0.0013
2023-12-22 03:08:49,276 -     || token_match: 0.000, exact_match: 0.000
2023-12-22 03:08:49,276 -     || unique taglist code: 1446
2023-12-22 03:08:49,278 -     || seen taglist code: 2
2023-12-22 03:08:49,350 -     || saved model
2023-12-22 03:08:49,352 - 
2023-12-22 03:08:49,354 - #epc: 20
2023-12-22 03:08:50,571 - epc:20, epc_KL:  0.500000
2023-12-22 03:16:44,603 - exact_match_tst_copy_acc: 0.976
2023-12-22 03:16:44,605 - exact_match_tst_reinflection_wlemma: 0.976
2023-12-22 03:16:44,605 - exact_match_tst_reinflection_wlemma_TAGFINDER1: 0.414
2023-12-22 03:16:44,606 - exact_match_tst_reinflection_wlemma_TAGFINDER1_or_2: 0.700
2023-12-22 03:16:45,090 - TRN || epcloss: 0.0090
2023-12-22 03:16:45,092 -     || Q: 0.1557
2023-12-22 03:16:45,093 -     || KL: 0.0006
2023-12-22 03:16:45,093 -     || token_match: 0.000, exact_match: 0.000
2023-12-22 03:16:45,094 -     || unique taglist code: 404798
2023-12-22 03:16:45,095 - DEV || epcloss: 0.0064
2023-12-22 03:16:45,096 -     || Q: 0.1477
2023-12-22 03:16:45,097 -     || KL: 0.0015
2023-12-22 03:16:45,098 -     || token_match: 0.000, exact_match: 0.000
2023-12-22 03:16:45,099 -     || unique taglist code: 1446
2023-12-22 03:16:45,101 -     || seen taglist code: 2
2023-12-22 03:16:45,185 -     || saved model
2023-12-22 03:16:45,187 - 
2023-12-22 03:16:45,188 - #epc: 21
2023-12-22 03:16:46,476 - epc:21, epc_KL:  0.500000
2023-12-22 03:24:37,307 - exact_match_tst_copy_acc: 0.981
2023-12-22 03:24:37,309 - exact_match_tst_reinflection_wlemma: 0.981
2023-12-22 03:24:37,310 - exact_match_tst_reinflection_wlemma_TAGFINDER1: 0.414
2023-12-22 03:24:37,310 - exact_match_tst_reinflection_wlemma_TAGFINDER1_or_2: 0.703
2023-12-22 03:24:37,741 - TRN || epcloss: 0.0149
2023-12-22 03:24:37,742 -     || Q: 0.1892
2023-12-22 03:24:37,743 -     || KL: 0.0013
2023-12-22 03:24:37,744 -     || token_match: 0.000, exact_match: 0.000
2023-12-22 03:24:37,745 -     || unique taglist code: 404735
2023-12-22 03:24:37,746 - DEV || epcloss: 0.0039
2023-12-22 03:24:37,747 -     || Q: 0.1665
2023-12-22 03:24:37,748 -     || KL: 0.0008
2023-12-22 03:24:37,749 -     || token_match: 0.000, exact_match: 0.000
2023-12-22 03:24:37,750 -     || unique taglist code: 1446
2023-12-22 03:24:37,752 -     || seen taglist code: 2
2023-12-22 03:24:37,844 -     || saved model
2023-12-22 03:24:37,847 - 
2023-12-22 03:24:37,848 - #epc: 22
2023-12-22 03:24:39,168 - epc:22, epc_KL:  0.500000
2023-12-22 03:32:27,719 - exact_match_tst_copy_acc: 0.932
2023-12-22 03:32:27,720 - exact_match_tst_reinflection_wlemma: 0.930
2023-12-22 03:32:27,721 - exact_match_tst_reinflection_wlemma_TAGFINDER1: 0.382
2023-12-22 03:32:27,722 - exact_match_tst_reinflection_wlemma_TAGFINDER1_or_2: 0.660
2023-12-22 03:32:28,082 - TRN || epcloss: 0.0100
2023-12-22 03:32:28,083 -     || Q: 0.1638
2023-12-22 03:32:28,084 -     || KL: 0.0008
2023-12-22 03:32:28,085 -     || token_match: 0.000, exact_match: 0.000
2023-12-22 03:32:28,086 -     || unique taglist code: 404746
2023-12-22 03:32:28,087 - DEV || epcloss: 0.0139
2023-12-22 03:32:28,088 -     || Q: 0.2064
2023-12-22 03:32:28,089 -     || KL: 0.0041
2023-12-22 03:32:28,090 -     || token_match: 0.000, exact_match: 0.000
2023-12-22 03:32:28,090 -     || unique taglist code: 1446
2023-12-22 03:32:28,092 -     || seen taglist code: 1
2023-12-22 03:32:28,172 -     || saved model
2023-12-22 03:32:28,174 - 
2023-12-22 03:32:28,176 - #epc: 23
2023-12-22 03:32:29,449 - epc:23, epc_KL:  0.500000
2023-12-22 03:40:15,836 - exact_match_tst_copy_acc: 0.966
2023-12-22 03:40:15,837 - exact_match_tst_reinflection_wlemma: 0.964
2023-12-22 03:40:15,838 - exact_match_tst_reinflection_wlemma_TAGFINDER1: 0.409
2023-12-22 03:40:15,839 - exact_match_tst_reinflection_wlemma_TAGFINDER1_or_2: 0.688
2023-12-22 03:40:16,178 - TRN || epcloss: 0.0133
2023-12-22 03:40:16,179 -     || Q: 0.1864
2023-12-22 03:40:16,180 -     || KL: 0.0008
2023-12-22 03:40:16,181 -     || token_match: 0.000, exact_match: 0.000
2023-12-22 03:40:16,182 -     || unique taglist code: 404755
2023-12-22 03:40:16,183 - DEV || epcloss: 0.0088
2023-12-22 03:40:16,187 -     || Q: 0.1789
2023-12-22 03:40:16,188 -     || KL: 0.0015
2023-12-22 03:40:16,189 -     || token_match: 0.000, exact_match: 0.000
2023-12-22 03:40:16,190 -     || unique taglist code: 1446
2023-12-22 03:40:16,191 -     || seen taglist code: 2
2023-12-22 03:40:16,250 -     || saved model
2023-12-22 03:40:16,252 - 
2023-12-22 03:40:16,253 - #epc: 24
2023-12-22 03:40:17,392 - epc:24, epc_KL:  0.500000
2023-12-22 03:48:04,086 - exact_match_tst_copy_acc: 0.960
2023-12-22 03:48:04,087 - exact_match_tst_reinflection_wlemma: 0.961
2023-12-22 03:48:04,088 - exact_match_tst_reinflection_wlemma_TAGFINDER1: 0.405
2023-12-22 03:48:04,089 - exact_match_tst_reinflection_wlemma_TAGFINDER1_or_2: 0.685
2023-12-22 03:48:04,441 - TRN || epcloss: 0.0139
2023-12-22 03:48:04,443 -     || Q: 0.1930
2023-12-22 03:48:04,443 -     || KL: 0.0009
2023-12-22 03:48:04,444 -     || token_match: 0.000, exact_match: 0.000
2023-12-22 03:48:04,445 -     || unique taglist code: 404695
2023-12-22 03:48:04,446 - DEV || epcloss: 0.0104
2023-12-22 03:48:04,447 -     || Q: 0.2005
2023-12-22 03:48:04,448 -     || KL: 0.0035
2023-12-22 03:48:04,448 -     || token_match: 0.000, exact_match: 0.000
2023-12-22 03:48:04,449 -     || unique taglist code: 1446
2023-12-22 03:48:04,451 -     || seen taglist code: 1
2023-12-22 03:48:04,508 -     || saved model
2023-12-22 03:48:04,511 - 
2023-12-22 03:48:04,512 - #epc: 25
2023-12-22 03:48:05,644 - epc:25, epc_KL:  0.500000
2023-12-22 03:55:30,917 - exact_match_tst_copy_acc: 0.889
2023-12-22 03:55:30,918 - exact_match_tst_reinflection_wlemma: 0.888
2023-12-22 03:55:30,919 - exact_match_tst_reinflection_wlemma_TAGFINDER1: 0.371
2023-12-22 03:55:30,920 - exact_match_tst_reinflection_wlemma_TAGFINDER1_or_2: 0.628
2023-12-22 03:55:31,445 - TRN || epcloss: 0.0175
2023-12-22 03:55:31,446 -     || Q: 0.2121
2023-12-22 03:55:31,447 -     || KL: 0.0010
2023-12-22 03:55:31,448 -     || token_match: 0.000, exact_match: 0.000
2023-12-22 03:55:31,449 -     || unique taglist code: 404705
2023-12-22 03:55:31,450 - DEV || epcloss: 0.0248
2023-12-22 03:55:31,451 -     || Q: 0.2661
2023-12-22 03:55:31,452 -     || KL: 0.0041
2023-12-22 03:55:31,453 -     || token_match: 0.000, exact_match: 0.000
2023-12-22 03:55:31,454 -     || unique taglist code: 1446
2023-12-22 03:55:31,456 -     || seen taglist code: 2
2023-12-22 03:55:31,517 -     || saved model
2023-12-22 03:55:31,520 - 
2023-12-22 03:55:31,521 - #epc: 26
2023-12-22 03:55:32,891 - epc:26, epc_KL:  0.500000
2023-12-22 04:02:54,902 - exact_match_tst_copy_acc: 0.936
2023-12-22 04:02:54,903 - exact_match_tst_reinflection_wlemma: 0.938
2023-12-22 04:02:54,904 - exact_match_tst_reinflection_wlemma_TAGFINDER1: 0.392
2023-12-22 04:02:54,905 - exact_match_tst_reinflection_wlemma_TAGFINDER1_or_2: 0.667
2023-12-22 04:02:55,214 - TRN || epcloss: 0.0202
2023-12-22 04:02:55,215 -     || Q: 0.2554
2023-12-22 04:02:55,216 -     || KL: 0.0012
2023-12-22 04:02:55,216 -     || token_match: 0.000, exact_match: 0.000
2023-12-22 04:02:55,217 -     || unique taglist code: 404612
2023-12-22 04:02:55,218 - DEV || epcloss: 0.0131
2023-12-22 04:02:55,219 -     || Q: 0.2089
2023-12-22 04:02:55,220 -     || KL: 0.0022
2023-12-22 04:02:55,220 -     || token_match: 0.000, exact_match: 0.000
2023-12-22 04:02:55,221 -     || unique taglist code: 1446
2023-12-22 04:02:55,223 -     || seen taglist code: 3
2023-12-22 04:02:55,273 -     || saved model
2023-12-22 04:02:55,275 - 
2023-12-22 04:02:55,276 - #epc: 27
2023-12-22 04:02:56,216 - epc:27, epc_KL:  0.500000
2023-12-22 04:10:15,105 - exact_match_tst_copy_acc: 0.952
2023-12-22 04:10:15,106 - exact_match_tst_reinflection_wlemma: 0.951
2023-12-22 04:10:15,106 - exact_match_tst_reinflection_wlemma_TAGFINDER1: 0.398
2023-12-22 04:10:15,107 - exact_match_tst_reinflection_wlemma_TAGFINDER1_or_2: 0.680
2023-12-22 04:10:15,463 - TRN || epcloss: 0.0353
2023-12-22 04:10:15,464 -     || Q: 0.3216
2023-12-22 04:10:15,465 -     || KL: 0.0031
2023-12-22 04:10:15,465 -     || token_match: 0.000, exact_match: 0.000
2023-12-22 04:10:15,466 -     || unique taglist code: 404347
2023-12-22 04:10:15,467 - DEV || epcloss: 0.0092
2023-12-22 04:10:15,468 -     || Q: 0.2507
2023-12-22 04:10:15,469 -     || KL: 0.0015
2023-12-22 04:10:15,470 -     || token_match: 0.000, exact_match: 0.000
2023-12-22 04:10:15,471 -     || unique taglist code: 1446
2023-12-22 04:10:15,472 -     || seen taglist code: 5
2023-12-22 04:10:15,527 -     || saved model
2023-12-22 04:10:15,529 - 
2023-12-22 04:10:15,530 - #epc: 28
2023-12-22 04:10:16,474 - epc:28, epc_KL:  0.500000
2023-12-22 04:17:50,023 - exact_match_tst_copy_acc: 0.876
2023-12-22 04:17:50,024 - exact_match_tst_reinflection_wlemma: 0.876
2023-12-22 04:17:50,025 - exact_match_tst_reinflection_wlemma_TAGFINDER1: 0.364
2023-12-22 04:17:50,026 - exact_match_tst_reinflection_wlemma_TAGFINDER1_or_2: 0.622
2023-12-22 04:17:50,526 - TRN || epcloss: 0.0243
2023-12-22 04:17:50,527 -     || Q: 0.2804
2023-12-22 04:17:50,528 -     || KL: 0.0016
2023-12-22 04:17:50,529 -     || token_match: 0.000, exact_match: 0.000
2023-12-22 04:17:50,530 -     || unique taglist code: 404547
2023-12-22 04:17:50,531 - DEV || epcloss: 0.0262
2023-12-22 04:17:50,532 -     || Q: 0.2930
2023-12-22 04:17:50,533 -     || KL: 0.0080
2023-12-22 04:17:50,533 -     || token_match: 0.000, exact_match: 0.000
2023-12-22 04:17:50,534 -     || unique taglist code: 1446
2023-12-22 04:17:50,536 -     || seen taglist code: 2
2023-12-22 04:17:50,600 -     || saved model
2023-12-22 04:17:50,602 - 
2023-12-22 04:17:50,603 - #epc: 29
2023-12-22 04:17:51,690 - epc:29, epc_KL:  0.500000
2023-12-22 04:25:42,046 - exact_match_tst_copy_acc: 0.909
2023-12-22 04:25:42,047 - exact_match_tst_reinflection_wlemma: 0.907
2023-12-22 04:25:42,048 - exact_match_tst_reinflection_wlemma_TAGFINDER1: 0.381
2023-12-22 04:25:42,048 - exact_match_tst_reinflection_wlemma_TAGFINDER1_or_2: 0.648
2023-12-22 04:25:42,494 - TRN || epcloss: 0.0274
2023-12-22 04:25:42,495 -     || Q: 0.2993
2023-12-22 04:25:42,496 -     || KL: 0.0017
2023-12-22 04:25:42,497 -     || token_match: 0.000, exact_match: 0.000
2023-12-22 04:25:42,498 -     || unique taglist code: 404511
2023-12-22 04:25:42,499 - DEV || epcloss: 0.0202
2023-12-22 04:25:42,500 -     || Q: 0.3050
2023-12-22 04:25:42,500 -     || KL: 0.0058
2023-12-22 04:25:42,501 -     || token_match: 0.000, exact_match: 0.000
2023-12-22 04:25:42,502 -     || unique taglist code: 1446
2023-12-22 04:25:42,504 -     || seen taglist code: 3
2023-12-22 04:25:42,565 -     || saved model
2023-12-22 04:25:42,567 - 
2023-12-22 04:25:42,568 - #epc: 30
2023-12-22 04:25:43,786 - epc:30, epc_KL:  0.500000
2023-12-22 04:35:35,583 - exact_match_tst_copy_acc: 0.000
2023-12-22 04:35:35,584 - exact_match_tst_reinflection_wlemma: 0.000
2023-12-22 04:35:35,585 - exact_match_tst_reinflection_wlemma_TAGFINDER1: 0.000
2023-12-22 04:35:35,586 - exact_match_tst_reinflection_wlemma_TAGFINDER1_or_2: 0.000
2023-12-22 04:35:37,081 - TRN || epcloss: 5.0008
2023-12-22 04:35:37,082 -     || Q: 1.1466
2023-12-22 04:35:37,083 -     || KL: 0.6008
2023-12-22 04:35:37,084 -     || token_match: 0.000, exact_match: 0.000
2023-12-22 04:35:37,085 -     || unique taglist code: 167371
2023-12-22 04:35:37,085 - DEV || epcloss: 2.8833
2023-12-22 04:35:37,086 -     || Q: 0.4151
2023-12-22 04:35:37,087 -     || KL: 1.4016
2023-12-22 04:35:37,088 -     || token_match: 0.000, exact_match: 0.000
2023-12-22 04:35:37,089 -     || unique taglist code: 1360
2023-12-22 04:35:37,092 -     || seen taglist code: 641
2023-12-22 04:35:37,187 -     || saved model
2023-12-22 04:35:37,189 - 
2023-12-22 04:35:37,190 - #epc: 31
2023-12-22 04:35:38,540 - epc:31, epc_KL:  0.500000
2023-12-22 04:44:43,385 - exact_match_tst_copy_acc: 0.013
2023-12-22 04:44:43,386 - exact_match_tst_reinflection_wlemma: 0.004
2023-12-22 04:44:43,387 - exact_match_tst_reinflection_wlemma_TAGFINDER1: 0.001
2023-12-22 04:44:43,388 - exact_match_tst_reinflection_wlemma_TAGFINDER1_or_2: 0.001
2023-12-22 04:44:44,035 - TRN || epcloss: 1.6404
2023-12-22 04:44:44,037 -     || Q: 0.7072
2023-12-22 04:44:44,038 -     || KL: 0.2781
2023-12-22 04:44:44,038 -     || token_match: 0.000, exact_match: 0.000
2023-12-22 04:44:44,039 -     || unique taglist code: 346123
2023-12-22 04:44:44,040 - DEV || epcloss: 0.8637
2023-12-22 04:44:44,041 -     || Q: 2.4162
2023-12-22 04:44:44,042 -     || KL: 0.2955
2023-12-22 04:44:44,043 -     || token_match: 0.000, exact_match: 0.000
2023-12-22 04:44:44,044 -     || unique taglist code: 1446
2023-12-22 04:44:44,048 -     || seen taglist code: 50
2023-12-22 04:44:44,145 -     || saved model
2023-12-22 04:44:44,147 - 
2023-12-22 04:44:44,148 - #epc: 32
2023-12-22 04:44:45,307 - epc:32, epc_KL:  0.500000
2023-12-22 04:52:56,443 - exact_match_tst_copy_acc: 0.123
2023-12-22 04:52:56,444 - exact_match_tst_reinflection_wlemma: 0.062
2023-12-22 04:52:56,445 - exact_match_tst_reinflection_wlemma_TAGFINDER1: 0.019
2023-12-22 04:52:56,445 - exact_match_tst_reinflection_wlemma_TAGFINDER1_or_2: 0.041
2023-12-22 04:52:56,880 - TRN || epcloss: 0.7015
2023-12-22 04:52:56,881 -     || Q: 3.6213
2023-12-22 04:52:56,882 -     || KL: 0.1030
2023-12-22 04:52:56,883 -     || token_match: 0.000, exact_match: 0.000
2023-12-22 04:52:56,884 -     || unique taglist code: 390098
2023-12-22 04:52:56,885 - DEV || epcloss: 0.4068
2023-12-22 04:52:56,886 -     || Q: 3.4114
2023-12-22 04:52:56,887 -     || KL: 0.1679
2023-12-22 04:52:56,888 -     || token_match: 0.000, exact_match: 0.000
2023-12-22 04:52:56,888 -     || unique taglist code: 1444
2023-12-22 04:52:56,890 -     || seen taglist code: 69
2023-12-22 04:52:57,000 -     || saved model
2023-12-22 04:52:57,003 - 
2023-12-22 04:52:57,004 - #epc: 33
2023-12-22 04:52:58,579 - epc:33, epc_KL:  0.500000
2023-12-22 05:00:36,602 - exact_match_tst_copy_acc: 0.375
2023-12-22 05:00:36,603 - exact_match_tst_reinflection_wlemma: 0.230
2023-12-22 05:00:36,603 - exact_match_tst_reinflection_wlemma_TAGFINDER1: 0.068
2023-12-22 05:00:36,605 - exact_match_tst_reinflection_wlemma_TAGFINDER1_or_2: 0.142
2023-12-22 05:00:36,929 - TRN || epcloss: 0.3775
2023-12-22 05:00:36,930 -     || Q: 3.1837
2023-12-22 05:00:36,931 -     || KL: 0.0646
2023-12-22 05:00:36,932 -     || token_match: 0.000, exact_match: 0.000
2023-12-22 05:00:36,933 -     || unique taglist code: 388624
2023-12-22 05:00:36,934 - DEV || epcloss: 0.2132
2023-12-22 05:00:36,934 -     || Q: 2.8493
2023-12-22 05:00:36,935 -     || KL: 0.1124
2023-12-22 05:00:36,936 -     || token_match: 0.000, exact_match: 0.000
2023-12-22 05:00:36,937 -     || unique taglist code: 1446
2023-12-22 05:00:36,939 -     || seen taglist code: 75
2023-12-22 05:00:36,993 -     || saved model
2023-12-22 05:00:36,995 - 
2023-12-22 05:00:36,996 - #epc: 34
2023-12-22 05:00:38,074 - epc:34, epc_KL:  0.500000
2023-12-22 05:08:35,194 - exact_match_tst_copy_acc: 0.515
2023-12-22 05:08:35,195 - exact_match_tst_reinflection_wlemma: 0.380
2023-12-22 05:08:35,195 - exact_match_tst_reinflection_wlemma_TAGFINDER1: 0.121
2023-12-22 05:08:35,196 - exact_match_tst_reinflection_wlemma_TAGFINDER1_or_2: 0.233
2023-12-22 05:08:35,521 - TRN || epcloss: 0.2313
2023-12-22 05:08:35,522 -     || Q: 2.5592
2023-12-22 05:08:35,522 -     || KL: 0.0452
2023-12-22 05:08:35,523 -     || token_match: 0.000, exact_match: 0.000
2023-12-22 05:08:35,524 -     || unique taglist code: 391494
2023-12-22 05:08:35,524 - DEV || epcloss: 0.1506
2023-12-22 05:08:35,525 -     || Q: 2.2708
2023-12-22 05:08:35,526 -     || KL: 0.0765
2023-12-22 05:08:35,527 -     || token_match: 0.000, exact_match: 0.000
2023-12-22 05:08:35,527 -     || unique taglist code: 1445
2023-12-22 05:08:35,529 -     || seen taglist code: 56
2023-12-22 05:08:35,577 -     || saved model
2023-12-22 05:08:35,579 - 
2023-12-22 05:08:35,579 - #epc: 35
2023-12-22 05:08:36,708 - epc:35, epc_KL:  0.500000
2023-12-22 05:16:27,455 - exact_match_tst_copy_acc: 0.633
2023-12-22 05:16:27,456 - exact_match_tst_reinflection_wlemma: 0.527
2023-12-22 05:16:27,457 - exact_match_tst_reinflection_wlemma_TAGFINDER1: 0.179
2023-12-22 05:16:27,458 - exact_match_tst_reinflection_wlemma_TAGFINDER1_or_2: 0.353
2023-12-22 05:16:27,881 - TRN || epcloss: 0.1603
2023-12-22 05:16:27,882 -     || Q: 2.0870
2023-12-22 05:16:27,883 -     || KL: 0.0300
2023-12-22 05:16:27,884 -     || token_match: 0.000, exact_match: 0.000
2023-12-22 05:16:27,885 -     || unique taglist code: 394749
2023-12-22 05:16:27,885 - DEV || epcloss: 0.0999
2023-12-22 05:16:27,886 -     || Q: 1.8394
2023-12-22 05:16:27,887 -     || KL: 0.0514
2023-12-22 05:16:27,888 -     || token_match: 0.000, exact_match: 0.000
2023-12-22 05:16:27,889 -     || unique taglist code: 1446
2023-12-22 05:16:27,895 -     || seen taglist code: 56
2023-12-22 05:16:27,964 -     || saved model
2023-12-22 05:16:27,967 - 
2023-12-22 05:16:27,968 - #epc: 36
2023-12-22 05:16:29,194 - epc:36, epc_KL:  0.500000
2023-12-22 05:24:18,769 - exact_match_tst_copy_acc: 0.725
2023-12-22 05:24:18,770 - exact_match_tst_reinflection_wlemma: 0.630
2023-12-22 05:24:18,771 - exact_match_tst_reinflection_wlemma_TAGFINDER1: 0.230
2023-12-22 05:24:18,772 - exact_match_tst_reinflection_wlemma_TAGFINDER1_or_2: 0.424
2023-12-22 05:24:19,182 - TRN || epcloss: 0.1188
2023-12-22 05:24:19,183 -     || Q: 1.8220
2023-12-22 05:24:19,184 -     || KL: 0.0191
2023-12-22 05:24:19,185 -     || token_match: 0.000, exact_match: 0.000
2023-12-22 05:24:19,186 -     || unique taglist code: 396848
2023-12-22 05:24:19,187 - DEV || epcloss: 0.0755
2023-12-22 05:24:19,188 -     || Q: 1.6501
2023-12-22 05:24:19,189 -     || KL: 0.0320
2023-12-22 05:24:19,189 -     || token_match: 0.000, exact_match: 0.000
2023-12-22 05:24:19,190 -     || unique taglist code: 1446
2023-12-22 05:24:19,192 -     || seen taglist code: 40
2023-12-22 05:24:19,249 -     || saved model
2023-12-22 05:24:19,251 - 
2023-12-22 05:24:19,253 - #epc: 37
2023-12-22 05:24:20,506 - epc:37, epc_KL:  0.500000
2023-12-22 05:32:09,010 - exact_match_tst_copy_acc: 0.766
2023-12-22 05:32:09,011 - exact_match_tst_reinflection_wlemma: 0.703
2023-12-22 05:32:09,011 - exact_match_tst_reinflection_wlemma_TAGFINDER1: 0.266
2023-12-22 05:32:09,012 - exact_match_tst_reinflection_wlemma_TAGFINDER1_or_2: 0.481
2023-12-22 05:32:09,278 - TRN || epcloss: 0.0942
2023-12-22 05:32:09,280 -     || Q: 1.6647
2023-12-22 05:32:09,280 -     || KL: 0.0130
2023-12-22 05:32:09,281 -     || token_match: 0.000, exact_match: 0.000
2023-12-22 05:32:09,282 -     || unique taglist code: 399232
2023-12-22 05:32:09,283 - DEV || epcloss: 0.0616
2023-12-22 05:32:09,284 -     || Q: 1.4707
2023-12-22 05:32:09,284 -     || KL: 0.0227
2023-12-22 05:32:09,285 -     || token_match: 0.000, exact_match: 0.000
2023-12-22 05:32:09,286 -     || unique taglist code: 1446
2023-12-22 05:32:09,287 -     || seen taglist code: 28
2023-12-22 05:32:09,342 -     || saved model
2023-12-22 05:32:09,344 - 
2023-12-22 05:32:09,345 - #epc: 38
2023-12-22 05:32:10,667 - epc:38, epc_KL:  0.500000
2023-12-22 05:39:59,259 - exact_match_tst_copy_acc: 0.824
2023-12-22 05:39:59,260 - exact_match_tst_reinflection_wlemma: 0.811
2023-12-22 05:39:59,261 - exact_match_tst_reinflection_wlemma_TAGFINDER1: 0.313
2023-12-22 05:39:59,262 - exact_match_tst_reinflection_wlemma_TAGFINDER1_or_2: 0.559
2023-12-22 05:39:59,541 - TRN || epcloss: 0.0724
2023-12-22 05:39:59,542 -     || Q: 1.4504
2023-12-22 05:39:59,543 -     || KL: 0.0075
2023-12-22 05:39:59,544 -     || token_match: 0.000, exact_match: 0.000
2023-12-22 05:39:59,544 -     || unique taglist code: 400635
2023-12-22 05:39:59,545 - DEV || epcloss: 0.0422
2023-12-22 05:39:59,546 -     || Q: 1.2582
2023-12-22 05:39:59,547 -     || KL: 0.0084
2023-12-22 05:39:59,548 -     || token_match: 0.000, exact_match: 0.000
2023-12-22 05:39:59,548 -     || unique taglist code: 1446
2023-12-22 05:39:59,550 -     || seen taglist code: 21
2023-12-22 05:39:59,645 -     || saved model
2023-12-22 05:39:59,648 - 
2023-12-22 05:39:59,649 - #epc: 39
2023-12-22 05:40:00,888 - epc:39, epc_KL:  0.500000
2023-12-22 05:47:50,406 - exact_match_tst_copy_acc: 0.871
2023-12-22 05:47:50,408 - exact_match_tst_reinflection_wlemma: 0.869
2023-12-22 05:47:50,409 - exact_match_tst_reinflection_wlemma_TAGFINDER1: 0.339
2023-12-22 05:47:50,410 - exact_match_tst_reinflection_wlemma_TAGFINDER1_or_2: 0.604
2023-12-22 05:47:50,747 - TRN || epcloss: 0.0589
2023-12-22 05:47:50,748 -     || Q: 1.2840
2023-12-22 05:47:50,749 -     || KL: 0.0026
2023-12-22 05:47:50,750 -     || token_match: 0.000, exact_match: 0.000
2023-12-22 05:47:50,751 -     || unique taglist code: 402077
2023-12-22 05:47:50,752 - DEV || epcloss: 0.0318
2023-12-22 05:47:50,753 -     || Q: 1.1432
2023-12-22 05:47:50,754 -     || KL: 0.0023
2023-12-22 05:47:50,755 -     || token_match: 0.000, exact_match: 0.000
2023-12-22 05:47:50,755 -     || unique taglist code: 1446
2023-12-22 05:47:50,760 -     || seen taglist code: 15
2023-12-22 05:47:50,855 -     || saved model
2023-12-22 05:47:50,857 - 
2023-12-22 05:47:50,858 - #epc: 40
2023-12-22 05:47:52,029 - epc:40, epc_KL:  0.500000
2023-12-22 05:55:36,597 - exact_match_tst_copy_acc: 0.891
2023-12-22 05:55:36,599 - exact_match_tst_reinflection_wlemma: 0.889
2023-12-22 05:55:36,599 - exact_match_tst_reinflection_wlemma_TAGFINDER1: 0.356
2023-12-22 05:55:36,600 - exact_match_tst_reinflection_wlemma_TAGFINDER1_or_2: 0.626
2023-12-22 05:55:37,030 - TRN || epcloss: 0.0487
2023-12-22 05:55:37,031 -     || Q: 1.1190
2023-12-22 05:55:37,032 -     || KL: 0.0009
2023-12-22 05:55:37,033 -     || token_match: 0.000, exact_match: 0.000
2023-12-22 05:55:37,034 -     || unique taglist code: 402965
2023-12-22 05:55:37,035 - DEV || epcloss: 0.0277
2023-12-22 05:55:37,036 -     || Q: 0.9979
2023-12-22 05:55:37,037 -     || KL: 0.0015
2023-12-22 05:55:37,038 -     || token_match: 0.000, exact_match: 0.000
2023-12-22 05:55:37,038 -     || unique taglist code: 1446
2023-12-22 05:55:37,040 -     || seen taglist code: 11
2023-12-22 05:55:37,117 -     || saved model
2023-12-22 05:55:37,120 - 
2023-12-22 05:55:37,121 - #epc: 41
2023-12-22 05:55:38,523 - epc:41, epc_KL:  0.500000
2023-12-22 06:03:24,334 - exact_match_tst_copy_acc: 0.891
2023-12-22 06:03:24,335 - exact_match_tst_reinflection_wlemma: 0.891
2023-12-22 06:03:24,336 - exact_match_tst_reinflection_wlemma_TAGFINDER1: 0.368
2023-12-22 06:03:24,337 - exact_match_tst_reinflection_wlemma_TAGFINDER1_or_2: 0.632
2023-12-22 06:03:24,737 - TRN || epcloss: 0.0419
2023-12-22 06:03:24,739 -     || Q: 0.9779
2023-12-22 06:03:24,740 -     || KL: 0.0007
2023-12-22 06:03:24,741 -     || token_match: 0.000, exact_match: 0.000
2023-12-22 06:03:24,741 -     || unique taglist code: 403207
2023-12-22 06:03:24,742 - DEV || epcloss: 0.0227
2023-12-22 06:03:24,743 -     || Q: 0.8701
2023-12-22 06:03:24,744 -     || KL: 0.0019
2023-12-22 06:03:24,745 -     || token_match: 0.000, exact_match: 0.000
2023-12-22 06:03:24,746 -     || unique taglist code: 1446
2023-12-22 06:03:24,747 -     || seen taglist code: 8
2023-12-22 06:03:24,904 -     || saved model
2023-12-22 06:03:24,906 - 
2023-12-22 06:03:24,908 - #epc: 42
2023-12-22 06:03:26,184 - epc:42, epc_KL:  0.500000
2023-12-22 06:11:16,339 - exact_match_tst_copy_acc: 0.866
2023-12-22 06:11:16,340 - exact_match_tst_reinflection_wlemma: 0.865
2023-12-22 06:11:16,341 - exact_match_tst_reinflection_wlemma_TAGFINDER1: 0.345
2023-12-22 06:11:16,342 - exact_match_tst_reinflection_wlemma_TAGFINDER1_or_2: 0.609
2023-12-22 06:11:16,727 - TRN || epcloss: 0.0405
2023-12-22 06:11:16,728 -     || Q: 0.9008
2023-12-22 06:11:16,729 -     || KL: 0.0007
2023-12-22 06:11:16,730 -     || token_match: 0.000, exact_match: 0.000
2023-12-22 06:11:16,731 -     || unique taglist code: 403462
2023-12-22 06:11:16,732 - DEV || epcloss: 0.0468
2023-12-22 06:11:16,733 -     || Q: 0.8434
2023-12-22 06:11:16,733 -     || KL: 0.0049
2023-12-22 06:11:16,734 -     || token_match: 0.000, exact_match: 0.000
2023-12-22 06:11:16,735 -     || unique taglist code: 1446
2023-12-22 06:11:16,737 -     || seen taglist code: 7
2023-12-22 06:11:16,804 -     || saved model
2023-12-22 06:11:16,806 - 
2023-12-22 06:11:16,807 - #epc: 43
2023-12-22 06:11:18,040 - epc:43, epc_KL:  0.500000
2023-12-22 06:19:07,399 - exact_match_tst_copy_acc: 0.938
2023-12-22 06:19:07,401 - exact_match_tst_reinflection_wlemma: 0.938
2023-12-22 06:19:07,401 - exact_match_tst_reinflection_wlemma_TAGFINDER1: 0.384
2023-12-22 06:19:07,402 - exact_match_tst_reinflection_wlemma_TAGFINDER1_or_2: 0.665
2023-12-22 06:19:07,757 - TRN || epcloss: 0.0318
2023-12-22 06:19:07,758 -     || Q: 0.7782
2023-12-22 06:19:07,759 -     || KL: 0.0005
2023-12-22 06:19:07,760 -     || token_match: 0.000, exact_match: 0.000
2023-12-22 06:19:07,761 -     || unique taglist code: 403631
2023-12-22 06:19:07,762 - DEV || epcloss: 0.0169
2023-12-22 06:19:07,763 -     || Q: 0.6673
2023-12-22 06:19:07,764 -     || KL: 0.0011
2023-12-22 06:19:07,765 -     || token_match: 0.000, exact_match: 0.000
2023-12-22 06:19:07,766 -     || unique taglist code: 1446
2023-12-22 06:19:07,768 -     || seen taglist code: 7
2023-12-22 06:19:07,925 -     || saved model
2023-12-22 06:19:07,928 - 
2023-12-22 06:19:07,929 - #epc: 44
2023-12-22 06:19:09,294 - epc:44, epc_KL:  0.500000
2023-12-22 06:26:49,639 - exact_match_tst_copy_acc: 0.927
2023-12-22 06:26:49,640 - exact_match_tst_reinflection_wlemma: 0.927
2023-12-22 06:26:49,641 - exact_match_tst_reinflection_wlemma_TAGFINDER1: 0.380
2023-12-22 06:26:49,642 - exact_match_tst_reinflection_wlemma_TAGFINDER1_or_2: 0.656
2023-12-22 06:26:50,066 - TRN || epcloss: 0.0305
2023-12-22 06:26:50,068 -     || Q: 0.7428
2023-12-22 06:26:50,069 -     || KL: 0.0005
2023-12-22 06:26:50,070 -     || token_match: 0.000, exact_match: 0.000
2023-12-22 06:26:50,071 -     || unique taglist code: 403741
2023-12-22 06:26:50,072 - DEV || epcloss: 0.0174
2023-12-22 06:26:50,073 -     || Q: 0.6985
2023-12-22 06:26:50,074 -     || KL: 0.0012
2023-12-22 06:26:50,075 -     || token_match: 0.000, exact_match: 0.000
2023-12-22 06:26:50,076 -     || unique taglist code: 1446
2023-12-22 06:26:50,083 -     || seen taglist code: 4
2023-12-22 06:26:50,241 -     || saved model
2023-12-22 06:26:50,245 - 
2023-12-22 06:26:50,247 - #epc: 45
2023-12-22 06:26:51,634 - epc:45, epc_KL:  0.500000
2023-12-22 06:34:21,852 - exact_match_tst_copy_acc: 0.943
2023-12-22 06:34:21,853 - exact_match_tst_reinflection_wlemma: 0.942
2023-12-22 06:34:21,854 - exact_match_tst_reinflection_wlemma_TAGFINDER1: 0.393
2023-12-22 06:34:21,855 - exact_match_tst_reinflection_wlemma_TAGFINDER1_or_2: 0.671
2023-12-22 06:34:22,154 - TRN || epcloss: 0.0269
2023-12-22 06:34:22,155 -     || Q: 0.6961
2023-12-22 06:34:22,156 -     || KL: 0.0005
2023-12-22 06:34:22,157 -     || token_match: 0.000, exact_match: 0.000
2023-12-22 06:34:22,158 -     || unique taglist code: 403918
2023-12-22 06:34:22,158 - DEV || epcloss: 0.0139
2023-12-22 06:34:22,159 -     || Q: 0.6490
2023-12-22 06:34:22,160 -     || KL: 0.0019
2023-12-22 06:34:22,161 -     || token_match: 0.000, exact_match: 0.000
2023-12-22 06:34:22,162 -     || unique taglist code: 1445
2023-12-22 06:34:22,164 -     || seen taglist code: 7
2023-12-22 06:34:22,273 -     || saved model
2023-12-22 06:34:22,275 - 
2023-12-22 06:34:22,276 - #epc: 46
2023-12-22 06:34:23,757 - epc:46, epc_KL:  0.500000
2023-12-22 06:41:44,799 - exact_match_tst_copy_acc: 0.909
2023-12-22 06:41:44,801 - exact_match_tst_reinflection_wlemma: 0.909
2023-12-22 06:41:44,802 - exact_match_tst_reinflection_wlemma_TAGFINDER1: 0.370
2023-12-22 06:41:44,803 - exact_match_tst_reinflection_wlemma_TAGFINDER1_or_2: 0.645
2023-12-22 06:41:45,186 - TRN || epcloss: 0.0228
2023-12-22 06:41:45,187 -     || Q: 0.6027
2023-12-22 06:41:45,188 -     || KL: 0.0004
2023-12-22 06:41:45,189 -     || token_match: 0.000, exact_match: 0.000
2023-12-22 06:41:45,190 -     || unique taglist code: 404084
2023-12-22 06:41:45,191 - DEV || epcloss: 0.0226
2023-12-22 06:41:45,192 -     || Q: 0.6651
2023-12-22 06:41:45,193 -     || KL: 0.0026
2023-12-22 06:41:45,193 -     || token_match: 0.000, exact_match: 0.000
2023-12-22 06:41:45,194 -     || unique taglist code: 1446
2023-12-22 06:41:45,196 -     || seen taglist code: 2
2023-12-22 06:41:45,356 -     || saved model
2023-12-22 06:41:45,360 - 
2023-12-22 06:41:45,362 - #epc: 47
2023-12-22 06:41:46,848 - epc:47, epc_KL:  0.500000
2023-12-22 06:49:09,819 - exact_match_tst_copy_acc: 0.891
2023-12-22 06:49:09,820 - exact_match_tst_reinflection_wlemma: 0.891
2023-12-22 06:49:09,822 - exact_match_tst_reinflection_wlemma_TAGFINDER1: 0.367
2023-12-22 06:49:09,823 - exact_match_tst_reinflection_wlemma_TAGFINDER1_or_2: 0.627
2023-12-22 06:49:10,241 - TRN || epcloss: 0.0221
2023-12-22 06:49:10,242 -     || Q: 0.5928
2023-12-22 06:49:10,243 -     || KL: 0.0004
2023-12-22 06:49:10,244 -     || token_match: 0.000, exact_match: 0.000
2023-12-22 06:49:10,245 -     || unique taglist code: 404016
2023-12-22 06:49:10,246 - DEV || epcloss: 0.0283
2023-12-22 06:49:10,247 -     || Q: 0.7079
2023-12-22 06:49:10,248 -     || KL: 0.0049
2023-12-22 06:49:10,248 -     || token_match: 0.000, exact_match: 0.000
2023-12-22 06:49:10,249 -     || unique taglist code: 1446
2023-12-22 06:49:10,251 -     || seen taglist code: 6
2023-12-22 06:49:10,359 -     || saved model
2023-12-22 06:49:10,361 - 
2023-12-22 06:49:10,362 - #epc: 48
2023-12-22 06:49:11,758 - epc:48, epc_KL:  0.500000
2023-12-22 06:56:34,645 - exact_match_tst_copy_acc: 0.954
2023-12-22 06:56:34,646 - exact_match_tst_reinflection_wlemma: 0.954
2023-12-22 06:56:34,647 - exact_match_tst_reinflection_wlemma_TAGFINDER1: 0.398
2023-12-22 06:56:34,648 - exact_match_tst_reinflection_wlemma_TAGFINDER1_or_2: 0.680
2023-12-22 06:56:35,067 - TRN || epcloss: 0.0212
2023-12-22 06:56:35,069 -     || Q: 0.5754
2023-12-22 06:56:35,070 -     || KL: 0.0004
2023-12-22 06:56:35,071 -     || token_match: 0.000, exact_match: 0.000
2023-12-22 06:56:35,071 -     || unique taglist code: 404105
2023-12-22 06:56:35,072 - DEV || epcloss: 0.0106
2023-12-22 06:56:35,073 -     || Q: 0.4915
2023-12-22 06:56:35,074 -     || KL: 0.0005
2023-12-22 06:56:35,075 -     || token_match: 0.000, exact_match: 0.000
2023-12-22 06:56:35,076 -     || unique taglist code: 1446
2023-12-22 06:56:35,077 -     || seen taglist code: 3
2023-12-22 06:56:35,165 -     || saved model
2023-12-22 06:56:35,167 - 
2023-12-22 06:56:35,168 - #epc: 49
2023-12-22 06:56:36,552 - epc:49, epc_KL:  0.500000
2023-12-22 07:03:57,486 - exact_match_tst_copy_acc: 0.952
2023-12-22 07:03:57,486 - exact_match_tst_reinflection_wlemma: 0.954
2023-12-22 07:03:57,487 - exact_match_tst_reinflection_wlemma_TAGFINDER1: 0.391
2023-12-22 07:03:57,488 - exact_match_tst_reinflection_wlemma_TAGFINDER1_or_2: 0.676
2023-12-22 07:03:57,934 - TRN || epcloss: 0.0196
2023-12-22 07:03:57,936 -     || Q: 0.5199
2023-12-22 07:03:57,936 -     || KL: 0.0004
2023-12-22 07:03:57,937 -     || token_match: 0.000, exact_match: 0.000
2023-12-22 07:03:57,938 -     || unique taglist code: 404081
2023-12-22 07:03:57,939 - DEV || epcloss: 0.0099
2023-12-22 07:03:57,940 -     || Q: 0.4716
2023-12-22 07:03:57,941 -     || KL: 0.0005
2023-12-22 07:03:57,941 -     || token_match: 0.000, exact_match: 0.000
2023-12-22 07:03:57,942 -     || unique taglist code: 1445
2023-12-22 07:03:57,944 -     || seen taglist code: 4
2023-12-22 07:03:58,000 -     || saved model
