2023-12-26 03:14:03,970 - trnsize: 404897
2023-12-26 03:14:04,012 - devsize: 1446
2023-12-26 03:14:04,013 - tstsize: 1446
2023-12-26 03:14:04,555 - Trn unique tgts: 404896
2023-12-26 03:14:04,557 - Trn unique lemmas: 588
2023-12-26 03:14:04,563 - Trn unique taglists: 703
2023-12-26 03:14:04,564 - Dev unique tgts: 1446
2023-12-26 03:14:04,565 - Dev unique lemmas: 536
2023-12-26 03:14:04,566 - Dev unique taglists: 616
2023-12-26 03:14:04,567 - Tst unique tgts: 1446
2023-12-26 03:14:04,569 - Tst unique lemmas: 536
2023-12-26 03:14:04,570 - Tst unique taglists: 616
2023-12-26 03:14:04,571 - seen_dev_tgt: 1
2023-12-26 03:14:04,572 - seen_dev_lemma: 1446
2023-12-26 03:14:04,573 - seen_dev_taglist: 1446
2023-12-26 03:14:04,574 - seen_tst_tgt: 1
2023-12-26 03:14:04,575 - seen_tst_lemma: 1446
2023-12-26 03:14:04,576 - seen_tst_taglist: 1446
2023-12-26 03:14:29,894 - trnID: run7_4x8_zLEM100_zTAG128_decnh1024_kl1.0_epc10_strt5_decdo0.2_inpemb128_bsize64
2023-12-26 03:14:29,895 - batchsize: 64
2023-12-26 03:14:29,896 - epochs: 50
2023-12-26 03:14:29,898 - lr: 0.00050
2023-12-26 03:14:29,899 - KL_WEIGHT: 1.00000
2023-12-26 03:14:29,900 - opt: Adam (
Parameter Group 0
    amsgrad: False
    betas: (0.5, 0.999)
    capturable: False
    eps: 1e-08
    foreach: None
    lr: 0.0005
    maximize: False
    weight_decay: 0
)
2023-12-26 03:14:29,901 - VQVAE(
  (encoder): Encoder_GRU_VQVAE(
    (layers): ModuleList(
      (0): Embedding(39, 128)
      (1): Dropout(p=0.0, inplace=False)
      (2): GRU(128, 256, batch_first=True, bidirectional=True)
    )
  )
  (z_linears): ModuleList(
    (0): Linear(in_features=256, out_features=128, bias=True)
    (1): Linear(in_features=256, out_features=128, bias=True)
    (2): Linear(in_features=256, out_features=128, bias=True)
    (3): Linear(in_features=256, out_features=128, bias=True)
  )
  (quantizers): ModuleList(
    (0): Quantizer(
      (embeddings): Embedding(8, 128)
    )
    (1): Quantizer(
      (embeddings): Embedding(8, 128)
    )
    (2): Quantizer(
      (embeddings): Embedding(8, 128)
    )
    (3): Quantizer(
      (embeddings): Embedding(8, 128)
    )
  )
  (z_lemma_mu): Linear(in_features=256, out_features=100, bias=True)
  (z_lemma_logvar): Linear(in_features=256, out_features=100, bias=True)
  (up_from_z_layer): Linear(in_features=228, out_features=1024, bias=True)
  (decoder): Decoder_GRU_VQVAE(
    (layers): ModuleList(
      (0): Embedding(39, 128)
      (1): Dropout(p=0.2, inplace=False)
      (2): GRU(356, 1024, batch_first=True)
      (3): Linear(in_features=1024, out_features=39, bias=True)
    )
    (loss): CrossEntropyLoss()
  )
)
2023-12-26 03:14:30,197 - trnsize: 404897
2023-12-26 03:14:30,198 - devsize: 1446
2023-12-26 03:14:30,199 - tstsize: 1446
2023-12-26 03:14:30,200 - 
2023-12-26 03:14:30,201 - #epc: 0
2023-12-26 03:14:30,207 - epc:0, epc_KL:  0.000000
2023-12-26 03:20:38,485 - exact_match_tst_copy_acc: 0.999
2023-12-26 03:20:38,486 - exact_match_tst_reinflection_wlemma: 0.050
2023-12-26 03:20:38,488 - exact_match_tst_reinflection_wlemma_TAGFINDER1: 0.049
2023-12-26 03:20:38,489 - exact_match_tst_reinflection_wlemma_TAGFINDER1_or_2: 0.050
2023-12-26 03:20:38,754 - TRN || epcloss: 0.0735
2023-12-26 03:20:38,755 -     || Q: 0.0959
2023-12-26 03:20:38,756 -     || KL: 5.6734
2023-12-26 03:20:38,758 -     || token_match: 0.000, exact_match: 0.000
2023-12-26 03:20:38,759 -     || unique taglist code: 1217
2023-12-26 03:20:38,760 - DEV || epcloss: 0.0009
2023-12-26 03:20:38,761 -     || Q: 0.0034
2023-12-26 03:20:38,763 -     || KL: 13.7381
2023-12-26 03:20:38,764 -     || token_match: 0.000, exact_match: 0.000
2023-12-26 03:20:38,765 -     || unique taglist code: 113
2023-12-26 03:20:38,766 -     || seen taglist code: 113
2023-12-26 03:20:38,767 -     || MOST used trncode: 1217
2023-12-26 03:20:38,768 -     || MOST used devcode: 113
2023-12-26 03:20:38,870 -     || saved model
2023-12-26 03:20:38,872 - 
2023-12-26 03:20:38,873 - #epc: 1
2023-12-26 03:20:39,327 - epc:1, epc_KL:  0.000000
2023-12-26 03:27:00,958 - exact_match_tst_copy_acc: 0.998
2023-12-26 03:27:00,959 - exact_match_tst_reinflection_wlemma: 0.050
2023-12-26 03:27:00,960 - exact_match_tst_reinflection_wlemma_TAGFINDER1: 0.051
2023-12-26 03:27:00,962 - exact_match_tst_reinflection_wlemma_TAGFINDER1_or_2: 0.051
2023-12-26 03:27:01,230 - TRN || epcloss: 0.0054
2023-12-26 03:27:01,232 -     || Q: 0.0068
2023-12-26 03:27:01,233 -     || KL: 6.3254
2023-12-26 03:27:01,235 -     || token_match: 0.000, exact_match: 0.000
2023-12-26 03:27:01,236 -     || unique taglist code: 1032
2023-12-26 03:27:01,237 - DEV || epcloss: 0.0006
2023-12-26 03:27:01,238 -     || Q: 0.0037
2023-12-26 03:27:01,239 -     || KL: 14.2197
2023-12-26 03:27:01,240 -     || token_match: 0.000, exact_match: 0.000
2023-12-26 03:27:01,242 -     || unique taglist code: 104
2023-12-26 03:27:01,243 -     || seen taglist code: 104
2023-12-26 03:27:01,422 -     || saved model
2023-12-26 03:27:01,424 - 
2023-12-26 03:27:01,425 - #epc: 2
2023-12-26 03:27:01,873 - epc:2, epc_KL:  0.000000
2023-12-26 03:33:27,606 - exact_match_tst_copy_acc: 0.974
2023-12-26 03:33:27,608 - exact_match_tst_reinflection_wlemma: 0.041
2023-12-26 03:33:27,609 - exact_match_tst_reinflection_wlemma_TAGFINDER1: 0.041
2023-12-26 03:33:27,611 - exact_match_tst_reinflection_wlemma_TAGFINDER1_or_2: 0.042
2023-12-26 03:33:27,886 - TRN || epcloss: 0.0026
2023-12-26 03:33:27,888 -     || Q: 0.0037
2023-12-26 03:33:27,889 -     || KL: 6.7131
2023-12-26 03:33:27,891 -     || token_match: 0.000, exact_match: 0.000
2023-12-26 03:33:27,892 -     || unique taglist code: 889
2023-12-26 03:33:27,894 - DEV || epcloss: 0.0041
2023-12-26 03:33:27,895 -     || Q: 0.0063
2023-12-26 03:33:27,897 -     || KL: 14.7075
2023-12-26 03:33:27,898 -     || token_match: 0.000, exact_match: 0.000
2023-12-26 03:33:27,899 -     || unique taglist code: 145
2023-12-26 03:33:27,901 -     || seen taglist code: 144
2023-12-26 03:33:27,902 -     || MOST used devcode: 145
2023-12-26 03:33:27,948 -     || saved model
2023-12-26 03:33:27,950 - 
2023-12-26 03:33:27,952 - #epc: 3
2023-12-26 03:33:28,412 - epc:3, epc_KL:  0.000000
2023-12-26 03:39:55,001 - exact_match_tst_copy_acc: 0.999
2023-12-26 03:39:55,002 - exact_match_tst_reinflection_wlemma: 0.041
2023-12-26 03:39:55,003 - exact_match_tst_reinflection_wlemma_TAGFINDER1: 0.041
2023-12-26 03:39:55,004 - exact_match_tst_reinflection_wlemma_TAGFINDER1_or_2: 0.041
2023-12-26 03:39:55,248 - TRN || epcloss: 0.0018
2023-12-26 03:39:55,249 -     || Q: 0.0029
2023-12-26 03:39:55,250 -     || KL: 7.1759
2023-12-26 03:39:55,252 -     || token_match: 0.000, exact_match: 0.000
2023-12-26 03:39:55,253 -     || unique taglist code: 1019
2023-12-26 03:39:55,254 - DEV || epcloss: 0.0002
2023-12-26 03:39:55,255 -     || Q: 0.0021
2023-12-26 03:39:55,256 -     || KL: 16.2585
2023-12-26 03:39:55,258 -     || token_match: 0.000, exact_match: 0.000
2023-12-26 03:39:55,259 -     || unique taglist code: 113
2023-12-26 03:39:55,260 -     || seen taglist code: 112
2023-12-26 03:39:55,373 -     || saved model
2023-12-26 03:39:55,376 - 
2023-12-26 03:39:55,377 - #epc: 4
2023-12-26 03:39:55,830 - epc:4, epc_KL:  0.000000
2023-12-26 03:46:39,075 - exact_match_tst_copy_acc: 0.995
2023-12-26 03:46:39,076 - exact_match_tst_reinflection_wlemma: 0.045
2023-12-26 03:46:39,077 - exact_match_tst_reinflection_wlemma_TAGFINDER1: 0.046
2023-12-26 03:46:39,078 - exact_match_tst_reinflection_wlemma_TAGFINDER1_or_2: 0.046
2023-12-26 03:46:39,326 - TRN || epcloss: 0.0018
2023-12-26 03:46:39,327 -     || Q: 0.0024
2023-12-26 03:46:39,329 -     || KL: 7.6015
2023-12-26 03:46:39,331 -     || token_match: 0.000, exact_match: 0.000
2023-12-26 03:46:39,332 -     || unique taglist code: 1123
2023-12-26 03:46:39,333 - DEV || epcloss: 0.0009
2023-12-26 03:46:39,335 -     || Q: 0.0025
2023-12-26 03:46:39,336 -     || KL: 16.6603
2023-12-26 03:46:39,338 -     || token_match: 0.000, exact_match: 0.000
2023-12-26 03:46:39,339 -     || unique taglist code: 150
2023-12-26 03:46:39,340 -     || seen taglist code: 149
2023-12-26 03:46:39,341 -     || MOST used devcode: 150
2023-12-26 03:46:39,421 -     || saved model
2023-12-26 03:46:39,423 - 
2023-12-26 03:46:39,424 - #epc: 5
2023-12-26 03:46:39,904 - epc:5, epc_KL:  0.100000
2023-12-26 03:53:27,848 - exact_match_tst_copy_acc: 0.989
2023-12-26 03:53:27,849 - exact_match_tst_reinflection_wlemma: 0.100
2023-12-26 03:53:27,850 - exact_match_tst_reinflection_wlemma_TAGFINDER1: 0.098
2023-12-26 03:53:27,852 - exact_match_tst_reinflection_wlemma_TAGFINDER1_or_2: 0.109
2023-12-26 03:53:28,266 - TRN || epcloss: 0.0198
2023-12-26 03:53:28,267 -     || Q: 0.0153
2023-12-26 03:53:28,269 -     || KL: 0.7311
2023-12-26 03:53:28,270 -     || token_match: 0.000, exact_match: 0.000
2023-12-26 03:53:28,272 -     || unique taglist code: 2086
2023-12-26 03:53:28,273 - DEV || epcloss: 0.0034
2023-12-26 03:53:28,274 -     || Q: 0.0281
2023-12-26 03:53:28,275 -     || KL: 1.2793
2023-12-26 03:53:28,276 -     || token_match: 0.000, exact_match: 0.000
2023-12-26 03:53:28,277 -     || unique taglist code: 449
2023-12-26 03:53:28,279 -     || seen taglist code: 448
2023-12-26 03:53:28,280 -     || MOST used trncode: 2086
2023-12-26 03:53:28,281 -     || MOST used devcode: 449
2023-12-26 03:53:28,399 -     || saved model
2023-12-26 03:53:28,401 - 
2023-12-26 03:53:28,403 - #epc: 6
2023-12-26 03:53:28,934 - epc:6, epc_KL:  0.200000
2023-12-26 04:00:22,484 - exact_match_tst_copy_acc: 0.976
2023-12-26 04:00:22,485 - exact_match_tst_reinflection_wlemma: 0.214
2023-12-26 04:00:22,487 - exact_match_tst_reinflection_wlemma_TAGFINDER1: 0.200
2023-12-26 04:00:22,489 - exact_match_tst_reinflection_wlemma_TAGFINDER1_or_2: 0.232
2023-12-26 04:00:22,841 - TRN || epcloss: 0.0227
2023-12-26 04:00:22,844 -     || Q: 0.0559
2023-12-26 04:00:22,845 -     || KL: 0.4096
2023-12-26 04:00:22,846 -     || token_match: 0.000, exact_match: 0.000
2023-12-26 04:00:22,847 -     || unique taglist code: 2393
2023-12-26 04:00:22,848 - DEV || epcloss: 0.0065
2023-12-26 04:00:22,849 -     || Q: 0.0598
2023-12-26 04:00:22,850 -     || KL: 0.7890
2023-12-26 04:00:22,851 -     || token_match: 0.000, exact_match: 0.000
2023-12-26 04:00:22,852 -     || unique taglist code: 714
2023-12-26 04:00:22,854 -     || seen taglist code: 709
2023-12-26 04:00:22,855 -     || MOST used trncode: 2393
2023-12-26 04:00:22,856 -     || MOST used devcode: 714
2023-12-26 04:00:22,977 -     || saved model
2023-12-26 04:00:22,979 - 
2023-12-26 04:00:22,981 - #epc: 7
2023-12-26 04:00:23,565 - epc:7, epc_KL:  0.300000
2023-12-26 04:07:29,596 - exact_match_tst_copy_acc: 0.988
2023-12-26 04:07:29,598 - exact_match_tst_reinflection_wlemma: 0.301
2023-12-26 04:07:29,599 - exact_match_tst_reinflection_wlemma_TAGFINDER1: 0.240
2023-12-26 04:07:29,600 - exact_match_tst_reinflection_wlemma_TAGFINDER1_or_2: 0.304
2023-12-26 04:07:30,179 - TRN || epcloss: 0.0242
2023-12-26 04:07:30,180 -     || Q: 0.0971
2023-12-26 04:07:30,181 -     || KL: 0.2898
2023-12-26 04:07:30,183 -     || token_match: 0.000, exact_match: 0.000
2023-12-26 04:07:30,184 -     || unique taglist code: 2516
2023-12-26 04:07:30,185 - DEV || epcloss: 0.0027
2023-12-26 04:07:30,186 -     || Q: 0.1090
2023-12-26 04:07:30,187 -     || KL: 0.5936
2023-12-26 04:07:30,189 -     || token_match: 0.000, exact_match: 0.000
2023-12-26 04:07:30,191 -     || unique taglist code: 755
2023-12-26 04:07:30,192 -     || seen taglist code: 755
2023-12-26 04:07:30,194 -     || MOST used trncode: 2516
2023-12-26 04:07:30,195 -     || MOST used devcode: 755
2023-12-26 04:07:30,292 -     || saved model
2023-12-26 04:07:30,295 - 
2023-12-26 04:07:30,296 - #epc: 8
2023-12-26 04:07:30,941 - epc:8, epc_KL:  0.400000
2023-12-26 04:14:36,293 - exact_match_tst_copy_acc: 0.992
2023-12-26 04:14:36,294 - exact_match_tst_reinflection_wlemma: 0.428
2023-12-26 04:14:36,295 - exact_match_tst_reinflection_wlemma_TAGFINDER1: 0.341
2023-12-26 04:14:36,296 - exact_match_tst_reinflection_wlemma_TAGFINDER1_or_2: 0.438
2023-12-26 04:14:36,843 - TRN || epcloss: 0.0265
2023-12-26 04:14:36,845 -     || Q: 0.1478
2023-12-26 04:14:36,846 -     || KL: 0.2399
2023-12-26 04:14:36,847 -     || token_match: 0.000, exact_match: 0.000
2023-12-26 04:14:36,848 -     || unique taglist code: 2431
2023-12-26 04:14:36,850 - DEV || epcloss: 0.0024
2023-12-26 04:14:36,851 -     || Q: 0.1573
2023-12-26 04:14:36,852 -     || KL: 0.4789
2023-12-26 04:14:36,854 -     || token_match: 0.000, exact_match: 0.000
2023-12-26 04:14:36,855 -     || unique taglist code: 794
2023-12-26 04:14:36,857 -     || seen taglist code: 794
2023-12-26 04:14:36,858 -     || MOST used devcode: 794
2023-12-26 04:14:36,932 -     || saved model
2023-12-26 04:14:36,935 - 
2023-12-26 04:14:36,936 - #epc: 9
2023-12-26 04:14:37,575 - epc:9, epc_KL:  0.500000
2023-12-26 04:21:44,378 - exact_match_tst_copy_acc: 0.948
2023-12-26 04:21:44,379 - exact_match_tst_reinflection_wlemma: 0.528
2023-12-26 04:21:44,380 - exact_match_tst_reinflection_wlemma_TAGFINDER1: 0.401
2023-12-26 04:21:44,381 - exact_match_tst_reinflection_wlemma_TAGFINDER1_or_2: 0.534
2023-12-26 04:21:44,944 - TRN || epcloss: 0.0309
2023-12-26 04:21:44,945 -     || Q: 0.2155
2023-12-26 04:21:44,946 -     || KL: 0.2094
2023-12-26 04:21:44,948 -     || token_match: 0.000, exact_match: 0.000
2023-12-26 04:21:44,949 -     || unique taglist code: 2552
2023-12-26 04:21:44,950 - DEV || epcloss: 0.0114
2023-12-26 04:21:44,951 -     || Q: 0.2348
2023-12-26 04:21:44,952 -     || KL: 0.4393
2023-12-26 04:21:44,953 -     || token_match: 0.000, exact_match: 0.000
2023-12-26 04:21:44,954 -     || unique taglist code: 807
2023-12-26 04:21:44,955 -     || seen taglist code: 804
2023-12-26 04:21:44,957 -     || MOST used trncode: 2552
2023-12-26 04:21:44,958 -     || MOST used devcode: 807
2023-12-26 04:21:45,056 -     || saved model
2023-12-26 04:21:45,058 - 
2023-12-26 04:21:45,059 - #epc: 10
2023-12-26 04:21:45,726 - epc:10, epc_KL:  0.600000
2023-12-26 04:28:49,517 - exact_match_tst_copy_acc: 0.972
2023-12-26 04:28:49,518 - exact_match_tst_reinflection_wlemma: 0.535
2023-12-26 04:28:49,520 - exact_match_tst_reinflection_wlemma_TAGFINDER1: 0.410
2023-12-26 04:28:49,521 - exact_match_tst_reinflection_wlemma_TAGFINDER1_or_2: 0.535
2023-12-26 04:28:50,062 - TRN || epcloss: 0.0348
2023-12-26 04:28:50,063 -     || Q: 0.2800
2023-12-26 04:28:50,065 -     || KL: 0.1860
2023-12-26 04:28:50,066 -     || token_match: 0.000, exact_match: 0.000
2023-12-26 04:28:50,067 -     || unique taglist code: 2511
2023-12-26 04:28:50,068 - DEV || epcloss: 0.0059
2023-12-26 04:28:50,069 -     || Q: 0.2736
2023-12-26 04:28:50,070 -     || KL: 0.3837
2023-12-26 04:28:50,071 -     || token_match: 0.000, exact_match: 0.000
2023-12-26 04:28:50,072 -     || unique taglist code: 816
2023-12-26 04:28:50,074 -     || seen taglist code: 816
2023-12-26 04:28:50,075 -     || MOST used devcode: 816
2023-12-26 04:28:50,190 -     || saved model
2023-12-26 04:28:50,193 - 
2023-12-26 04:28:50,194 - #epc: 11
2023-12-26 04:28:50,772 - epc:11, epc_KL:  0.700000
2023-12-26 04:35:51,322 - exact_match_tst_copy_acc: 0.954
2023-12-26 04:35:51,323 - exact_match_tst_reinflection_wlemma: 0.583
2023-12-26 04:35:51,324 - exact_match_tst_reinflection_wlemma_TAGFINDER1: 0.438
2023-12-26 04:35:51,325 - exact_match_tst_reinflection_wlemma_TAGFINDER1_or_2: 0.582
2023-12-26 04:35:51,886 - TRN || epcloss: 0.0368
2023-12-26 04:35:51,888 -     || Q: 0.3135
2023-12-26 04:35:51,889 -     || KL: 0.1680
2023-12-26 04:35:51,890 -     || token_match: 0.000, exact_match: 0.000
2023-12-26 04:35:51,891 -     || unique taglist code: 2419
2023-12-26 04:35:51,892 - DEV || epcloss: 0.0101
2023-12-26 04:35:51,893 -     || Q: 0.3134
2023-12-26 04:35:51,894 -     || KL: 0.3504
2023-12-26 04:35:51,895 -     || token_match: 0.000, exact_match: 0.000
2023-12-26 04:35:51,896 -     || unique taglist code: 850
2023-12-26 04:35:51,898 -     || seen taglist code: 849
2023-12-26 04:35:51,899 -     || MOST used devcode: 850
2023-12-26 04:35:52,002 -     || saved model
2023-12-26 04:35:52,005 - 
2023-12-26 04:35:52,006 - #epc: 12
2023-12-26 04:35:52,525 - epc:12, epc_KL:  0.800000
2023-12-26 04:42:48,332 - exact_match_tst_copy_acc: 0.958
2023-12-26 04:42:48,333 - exact_match_tst_reinflection_wlemma: 0.590
2023-12-26 04:42:48,334 - exact_match_tst_reinflection_wlemma_TAGFINDER1: 0.429
2023-12-26 04:42:48,335 - exact_match_tst_reinflection_wlemma_TAGFINDER1_or_2: 0.581
2023-12-26 04:42:48,912 - TRN || epcloss: 0.0391
2023-12-26 04:42:48,914 -     || Q: 0.3454
2023-12-26 04:42:48,915 -     || KL: 0.1566
2023-12-26 04:42:48,917 -     || token_match: 0.000, exact_match: 0.000
2023-12-26 04:42:48,918 -     || unique taglist code: 2425
2023-12-26 04:42:48,919 - DEV || epcloss: 0.0084
2023-12-26 04:42:48,920 -     || Q: 0.3470
2023-12-26 04:42:48,922 -     || KL: 0.3265
2023-12-26 04:42:48,923 -     || token_match: 0.000, exact_match: 0.000
2023-12-26 04:42:48,924 -     || unique taglist code: 872
2023-12-26 04:42:48,925 -     || seen taglist code: 869
2023-12-26 04:42:48,926 -     || MOST used devcode: 872
2023-12-26 04:42:49,057 -     || saved model
2023-12-26 04:42:49,059 - 
2023-12-26 04:42:49,060 - #epc: 13
2023-12-26 04:42:49,610 - epc:13, epc_KL:  0.900000
2023-12-26 04:49:45,662 - exact_match_tst_copy_acc: 0.945
2023-12-26 04:49:45,663 - exact_match_tst_reinflection_wlemma: 0.612
2023-12-26 04:49:45,665 - exact_match_tst_reinflection_wlemma_TAGFINDER1: 0.437
2023-12-26 04:49:45,666 - exact_match_tst_reinflection_wlemma_TAGFINDER1_or_2: 0.607
2023-12-26 04:49:46,279 - TRN || epcloss: 0.0426
2023-12-26 04:49:46,281 -     || Q: 0.3902
2023-12-26 04:49:46,282 -     || KL: 0.1477
2023-12-26 04:49:46,283 -     || token_match: 0.000, exact_match: 0.000
2023-12-26 04:49:46,284 -     || unique taglist code: 2471
2023-12-26 04:49:46,285 - DEV || epcloss: 0.0120
2023-12-26 04:49:46,286 -     || Q: 0.4052
2023-12-26 04:49:46,287 -     || KL: 0.3136
2023-12-26 04:49:46,289 -     || token_match: 0.000, exact_match: 0.000
2023-12-26 04:49:46,290 -     || unique taglist code: 864
2023-12-26 04:49:46,292 -     || seen taglist code: 863
2023-12-26 04:49:46,391 -     || saved model
2023-12-26 04:49:46,395 - 
2023-12-26 04:49:46,396 - #epc: 14
2023-12-26 04:49:46,981 - epc:14, epc_KL:  1.000000
2023-12-26 04:56:45,053 - exact_match_tst_copy_acc: 0.938
2023-12-26 04:56:45,054 - exact_match_tst_reinflection_wlemma: 0.645
2023-12-26 04:56:45,055 - exact_match_tst_reinflection_wlemma_TAGFINDER1: 0.472
2023-12-26 04:56:45,057 - exact_match_tst_reinflection_wlemma_TAGFINDER1_or_2: 0.649
2023-12-26 04:56:45,704 - TRN || epcloss: 0.0471
2023-12-26 04:56:45,706 -     || Q: 0.4390
2023-12-26 04:56:45,707 -     || KL: 0.1407
2023-12-26 04:56:45,708 -     || token_match: 0.000, exact_match: 0.000
2023-12-26 04:56:45,709 -     || unique taglist code: 2516
2023-12-26 04:56:45,710 - DEV || epcloss: 0.0122
2023-12-26 04:56:45,713 -     || Q: 0.4106
2023-12-26 04:56:45,714 -     || KL: 0.2918
2023-12-26 04:56:45,715 -     || token_match: 0.000, exact_match: 0.000
2023-12-26 04:56:45,716 -     || unique taglist code: 880
2023-12-26 04:56:45,717 -     || seen taglist code: 878
2023-12-26 04:56:45,719 -     || MOST used devcode: 880
2023-12-26 04:56:45,794 -     || saved model
2023-12-26 04:56:45,797 - 
2023-12-26 04:56:45,798 - #epc: 15
2023-12-26 04:56:46,311 - epc:15, epc_KL:  1.000000
2023-12-26 05:03:44,316 - exact_match_tst_copy_acc: 0.938
2023-12-26 05:03:44,318 - exact_match_tst_reinflection_wlemma: 0.694
2023-12-26 05:03:44,319 - exact_match_tst_reinflection_wlemma_TAGFINDER1: 0.493
2023-12-26 05:03:44,320 - exact_match_tst_reinflection_wlemma_TAGFINDER1_or_2: 0.683
2023-12-26 05:03:44,754 - TRN || epcloss: 0.0469
2023-12-26 05:03:44,755 -     || Q: 0.4328
2023-12-26 05:03:44,756 -     || KL: 0.1380
2023-12-26 05:03:44,757 -     || token_match: 0.000, exact_match: 0.000
2023-12-26 05:03:44,759 -     || unique taglist code: 2469
2023-12-26 05:03:44,760 - DEV || epcloss: 0.0120
2023-12-26 05:03:44,761 -     || Q: 0.4278
2023-12-26 05:03:44,762 -     || KL: 0.2949
2023-12-26 05:03:44,764 -     || token_match: 0.000, exact_match: 0.000
2023-12-26 05:03:44,765 -     || unique taglist code: 877
2023-12-26 05:03:44,766 -     || seen taglist code: 876
2023-12-26 05:03:44,880 -     || saved model
2023-12-26 05:03:44,883 - 
2023-12-26 05:03:44,884 - #epc: 16
2023-12-26 05:03:45,245 - epc:16, epc_KL:  1.000000
2023-12-26 05:10:42,644 - exact_match_tst_copy_acc: 0.932
2023-12-26 05:10:42,646 - exact_match_tst_reinflection_wlemma: 0.662
2023-12-26 05:10:42,647 - exact_match_tst_reinflection_wlemma_TAGFINDER1: 0.470
2023-12-26 05:10:42,648 - exact_match_tst_reinflection_wlemma_TAGFINDER1_or_2: 0.656
2023-12-26 05:10:43,058 - TRN || epcloss: 0.0476
2023-12-26 05:10:43,060 -     || Q: 0.4474
2023-12-26 05:10:43,061 -     || KL: 0.1362
2023-12-26 05:10:43,062 -     || token_match: 0.000, exact_match: 0.000
2023-12-26 05:10:43,063 -     || unique taglist code: 2523
2023-12-26 05:10:43,064 - DEV || epcloss: 0.0136
2023-12-26 05:10:43,065 -     || Q: 0.4424
2023-12-26 05:10:43,066 -     || KL: 0.2868
2023-12-26 05:10:43,067 -     || token_match: 0.000, exact_match: 0.000
2023-12-26 05:10:43,068 -     || unique taglist code: 876
2023-12-26 05:10:43,069 -     || seen taglist code: 876
2023-12-26 05:10:43,174 -     || saved model
2023-12-26 05:10:43,176 - 
2023-12-26 05:10:43,177 - #epc: 17
2023-12-26 05:10:43,520 - epc:17, epc_KL:  1.000000
2023-12-26 05:17:37,184 - exact_match_tst_copy_acc: 0.932
2023-12-26 05:17:37,185 - exact_match_tst_reinflection_wlemma: 0.696
2023-12-26 05:17:37,186 - exact_match_tst_reinflection_wlemma_TAGFINDER1: 0.489
2023-12-26 05:17:37,187 - exact_match_tst_reinflection_wlemma_TAGFINDER1_or_2: 0.693
2023-12-26 05:17:37,601 - TRN || epcloss: 0.0474
2023-12-26 05:17:37,602 -     || Q: 0.4618
2023-12-26 05:17:37,604 -     || KL: 0.1346
2023-12-26 05:17:37,605 -     || token_match: 0.000, exact_match: 0.000
2023-12-26 05:17:37,606 -     || unique taglist code: 2442
2023-12-26 05:17:37,607 - DEV || epcloss: 0.0155
2023-12-26 05:17:37,608 -     || Q: 0.4897
2023-12-26 05:17:37,609 -     || KL: 0.2848
2023-12-26 05:17:37,610 -     || token_match: 0.000, exact_match: 0.000
2023-12-26 05:17:37,612 -     || unique taglist code: 875
2023-12-26 05:17:37,613 -     || seen taglist code: 873
2023-12-26 05:17:37,754 -     || saved model
2023-12-26 05:17:37,757 - 
2023-12-26 05:17:37,758 - #epc: 18
2023-12-26 05:17:38,106 - epc:18, epc_KL:  1.000000
2023-12-26 05:24:33,886 - exact_match_tst_copy_acc: 0.920
2023-12-26 05:24:33,888 - exact_match_tst_reinflection_wlemma: 0.687
2023-12-26 05:24:33,889 - exact_match_tst_reinflection_wlemma_TAGFINDER1: 0.479
2023-12-26 05:24:33,890 - exact_match_tst_reinflection_wlemma_TAGFINDER1_or_2: 0.676
2023-12-26 05:24:34,306 - TRN || epcloss: 0.0499
2023-12-26 05:24:34,308 -     || Q: 0.4832
2023-12-26 05:24:34,309 -     || KL: 0.1342
2023-12-26 05:24:34,310 -     || token_match: 0.000, exact_match: 0.000
2023-12-26 05:24:34,311 -     || unique taglist code: 2527
2023-12-26 05:24:34,313 - DEV || epcloss: 0.0168
2023-12-26 05:24:34,314 -     || Q: 0.4653
2023-12-26 05:24:34,315 -     || KL: 0.2793
2023-12-26 05:24:34,316 -     || token_match: 0.000, exact_match: 0.000
2023-12-26 05:24:34,317 -     || unique taglist code: 901
2023-12-26 05:24:34,319 -     || seen taglist code: 898
2023-12-26 05:24:34,320 -     || MOST used devcode: 901
2023-12-26 05:24:34,441 -     || saved model
2023-12-26 05:24:34,443 - 
2023-12-26 05:24:34,444 - #epc: 19
2023-12-26 05:24:34,787 - epc:19, epc_KL:  1.000000
2023-12-26 05:31:32,492 - exact_match_tst_copy_acc: 0.916
2023-12-26 05:31:32,494 - exact_match_tst_reinflection_wlemma: 0.687
2023-12-26 05:31:32,495 - exact_match_tst_reinflection_wlemma_TAGFINDER1: 0.483
2023-12-26 05:31:32,496 - exact_match_tst_reinflection_wlemma_TAGFINDER1_or_2: 0.673
2023-12-26 05:31:32,840 - TRN || epcloss: 0.0486
2023-12-26 05:31:32,842 -     || Q: 0.4715
2023-12-26 05:31:32,843 -     || KL: 0.1341
2023-12-26 05:31:32,844 -     || token_match: 0.000, exact_match: 0.000
2023-12-26 05:31:32,846 -     || unique taglist code: 2520
2023-12-26 05:31:32,847 - DEV || epcloss: 0.0169
2023-12-26 05:31:32,848 -     || Q: 0.4876
2023-12-26 05:31:32,849 -     || KL: 0.2893
2023-12-26 05:31:32,850 -     || token_match: 0.000, exact_match: 0.000
2023-12-26 05:31:32,852 -     || unique taglist code: 884
2023-12-26 05:31:32,853 -     || seen taglist code: 881
2023-12-26 05:31:32,939 -     || saved model
2023-12-26 05:31:32,942 - 
2023-12-26 05:31:32,943 - #epc: 20
2023-12-26 05:31:33,297 - epc:20, epc_KL:  1.000000
2023-12-26 05:38:28,783 - exact_match_tst_copy_acc: 0.921
2023-12-26 05:38:28,784 - exact_match_tst_reinflection_wlemma: 0.716
2023-12-26 05:38:28,785 - exact_match_tst_reinflection_wlemma_TAGFINDER1: 0.505
2023-12-26 05:38:28,786 - exact_match_tst_reinflection_wlemma_TAGFINDER1_or_2: 0.699
2023-12-26 05:38:29,171 - TRN || epcloss: 0.0510
2023-12-26 05:38:29,173 -     || Q: 0.5024
2023-12-26 05:38:29,174 -     || KL: 0.1346
2023-12-26 05:38:29,175 -     || token_match: 0.000, exact_match: 0.000
2023-12-26 05:38:29,176 -     || unique taglist code: 2579
2023-12-26 05:38:29,177 - DEV || epcloss: 0.0154
2023-12-26 05:38:29,178 -     || Q: 0.4667
2023-12-26 05:38:29,179 -     || KL: 0.2800
2023-12-26 05:38:29,180 -     || token_match: 0.000, exact_match: 0.000
2023-12-26 05:38:29,181 -     || unique taglist code: 879
2023-12-26 05:38:29,182 -     || seen taglist code: 878
2023-12-26 05:38:29,184 -     || MOST used trncode: 2579
2023-12-26 05:38:29,309 -     || saved model
2023-12-26 05:38:29,311 - 
2023-12-26 05:38:29,312 - #epc: 21
2023-12-26 05:38:29,656 - epc:21, epc_KL:  1.000000
2023-12-26 05:45:26,810 - exact_match_tst_copy_acc: 0.915
2023-12-26 05:45:26,811 - exact_match_tst_reinflection_wlemma: 0.706
2023-12-26 05:45:26,812 - exact_match_tst_reinflection_wlemma_TAGFINDER1: 0.501
2023-12-26 05:45:26,814 - exact_match_tst_reinflection_wlemma_TAGFINDER1_or_2: 0.703
2023-12-26 05:45:27,165 - TRN || epcloss: 0.0514
2023-12-26 05:45:27,167 -     || Q: 0.4941
2023-12-26 05:45:27,168 -     || KL: 0.1338
2023-12-26 05:45:27,170 -     || token_match: 0.000, exact_match: 0.000
2023-12-26 05:45:27,171 -     || unique taglist code: 2539
2023-12-26 05:45:27,172 - DEV || epcloss: 0.0187
2023-12-26 05:45:27,173 -     || Q: 0.5000
2023-12-26 05:45:27,174 -     || KL: 0.2783
2023-12-26 05:45:27,176 -     || token_match: 0.000, exact_match: 0.000
2023-12-26 05:45:27,177 -     || unique taglist code: 874
2023-12-26 05:45:27,178 -     || seen taglist code: 873
2023-12-26 05:45:27,284 -     || saved model
2023-12-26 05:45:27,286 - 
2023-12-26 05:45:27,287 - #epc: 22
2023-12-26 05:45:27,625 - epc:22, epc_KL:  1.000000
2023-12-26 05:52:24,586 - exact_match_tst_copy_acc: 0.914
2023-12-26 05:52:24,588 - exact_match_tst_reinflection_wlemma: 0.732
2023-12-26 05:52:24,588 - exact_match_tst_reinflection_wlemma_TAGFINDER1: 0.517
2023-12-26 05:52:24,590 - exact_match_tst_reinflection_wlemma_TAGFINDER1_or_2: 0.723
2023-12-26 05:52:24,967 - TRN || epcloss: 0.0534
2023-12-26 05:52:24,968 -     || Q: 0.5107
2023-12-26 05:52:24,969 -     || KL: 0.1341
2023-12-26 05:52:24,971 -     || token_match: 0.000, exact_match: 0.000
2023-12-26 05:52:24,972 -     || unique taglist code: 2529
2023-12-26 05:52:24,974 - DEV || epcloss: 0.0166
2023-12-26 05:52:24,975 -     || Q: 0.4751
2023-12-26 05:52:24,976 -     || KL: 0.2829
2023-12-26 05:52:24,978 -     || token_match: 0.000, exact_match: 0.000
2023-12-26 05:52:24,979 -     || unique taglist code: 885
2023-12-26 05:52:24,980 -     || seen taglist code: 879
2023-12-26 05:52:25,086 -     || saved model
2023-12-26 05:52:25,088 - 
2023-12-26 05:52:25,090 - #epc: 23
2023-12-26 05:52:25,450 - epc:23, epc_KL:  1.000000
2023-12-26 05:59:22,483 - exact_match_tst_copy_acc: 0.906
2023-12-26 05:59:22,485 - exact_match_tst_reinflection_wlemma: 0.696
2023-12-26 05:59:22,486 - exact_match_tst_reinflection_wlemma_TAGFINDER1: 0.479
2023-12-26 05:59:22,487 - exact_match_tst_reinflection_wlemma_TAGFINDER1_or_2: 0.692
2023-12-26 05:59:22,908 - TRN || epcloss: 0.0530
2023-12-26 05:59:22,909 -     || Q: 0.5084
2023-12-26 05:59:22,910 -     || KL: 0.1340
2023-12-26 05:59:22,911 -     || token_match: 0.000, exact_match: 0.000
2023-12-26 05:59:22,912 -     || unique taglist code: 2608
2023-12-26 05:59:22,914 - DEV || epcloss: 0.0198
2023-12-26 05:59:22,915 -     || Q: 0.5165
2023-12-26 05:59:22,916 -     || KL: 0.2885
2023-12-26 05:59:22,917 -     || token_match: 0.000, exact_match: 0.000
2023-12-26 05:59:22,918 -     || unique taglist code: 882
2023-12-26 05:59:22,920 -     || seen taglist code: 881
2023-12-26 05:59:22,921 -     || MOST used trncode: 2608
2023-12-26 05:59:23,041 -     || saved model
2023-12-26 05:59:23,044 - 
2023-12-26 05:59:23,045 - #epc: 24
2023-12-26 05:59:23,405 - epc:24, epc_KL:  1.000000
2023-12-26 06:06:17,614 - exact_match_tst_copy_acc: 0.934
2023-12-26 06:06:17,616 - exact_match_tst_reinflection_wlemma: 0.727
2023-12-26 06:06:17,617 - exact_match_tst_reinflection_wlemma_TAGFINDER1: 0.512
2023-12-26 06:06:17,618 - exact_match_tst_reinflection_wlemma_TAGFINDER1_or_2: 0.721
2023-12-26 06:06:17,999 - TRN || epcloss: 0.0522
2023-12-26 06:06:18,001 -     || Q: 0.4994
2023-12-26 06:06:18,002 -     || KL: 0.1343
2023-12-26 06:06:18,003 -     || token_match: 0.000, exact_match: 0.000
2023-12-26 06:06:18,004 -     || unique taglist code: 2657
2023-12-26 06:06:18,005 - DEV || epcloss: 0.0153
2023-12-26 06:06:18,006 -     || Q: 0.4760
2023-12-26 06:06:18,007 -     || KL: 0.2842
2023-12-26 06:06:18,009 -     || token_match: 0.000, exact_match: 0.000
2023-12-26 06:06:18,010 -     || unique taglist code: 901
2023-12-26 06:06:18,011 -     || seen taglist code: 900
2023-12-26 06:06:18,013 -     || MOST used trncode: 2657
2023-12-26 06:06:18,128 -     || saved model
2023-12-26 06:06:18,130 - 
2023-12-26 06:06:18,132 - #epc: 25
2023-12-26 06:06:18,473 - epc:25, epc_KL:  1.000000
2023-12-26 06:13:14,084 - exact_match_tst_copy_acc: 0.898
2023-12-26 06:13:14,086 - exact_match_tst_reinflection_wlemma: 0.698
2023-12-26 06:13:14,087 - exact_match_tst_reinflection_wlemma_TAGFINDER1: 0.501
2023-12-26 06:13:14,088 - exact_match_tst_reinflection_wlemma_TAGFINDER1_or_2: 0.695
2023-12-26 06:13:14,525 - TRN || epcloss: 0.0539
2023-12-26 06:13:14,526 -     || Q: 0.4924
2023-12-26 06:13:14,527 -     || KL: 0.1354
2023-12-26 06:13:14,529 -     || token_match: 0.000, exact_match: 0.000
2023-12-26 06:13:14,530 -     || unique taglist code: 2966
2023-12-26 06:13:14,531 - DEV || epcloss: 0.0237
2023-12-26 06:13:14,532 -     || Q: 0.5141
2023-12-26 06:13:14,533 -     || KL: 0.2945
2023-12-26 06:13:14,534 -     || token_match: 0.000, exact_match: 0.000
2023-12-26 06:13:14,535 -     || unique taglist code: 925
2023-12-26 06:13:14,536 -     || seen taglist code: 922
2023-12-26 06:13:14,537 -     || MOST used trncode: 2966
2023-12-26 06:13:14,538 -     || MOST used devcode: 925
2023-12-26 06:13:14,625 -     || saved model
2023-12-26 06:13:14,628 - 
2023-12-26 06:13:14,629 - #epc: 26
2023-12-26 06:13:14,981 - epc:26, epc_KL:  1.000000
2023-12-26 06:20:10,765 - exact_match_tst_copy_acc: 0.894
2023-12-26 06:20:10,766 - exact_match_tst_reinflection_wlemma: 0.681
2023-12-26 06:20:10,767 - exact_match_tst_reinflection_wlemma_TAGFINDER1: 0.485
2023-12-26 06:20:10,768 - exact_match_tst_reinflection_wlemma_TAGFINDER1_or_2: 0.674
2023-12-26 06:20:11,231 - TRN || epcloss: 0.0652
2023-12-26 06:20:11,232 -     || Q: 0.5132
2023-12-26 06:20:11,234 -     || KL: 0.1395
2023-12-26 06:20:11,235 -     || token_match: 0.000, exact_match: 0.000
2023-12-26 06:20:11,236 -     || unique taglist code: 3165
2023-12-26 06:20:11,237 - DEV || epcloss: 0.0240
2023-12-26 06:20:11,238 -     || Q: 0.4856
2023-12-26 06:20:11,239 -     || KL: 0.3023
2023-12-26 06:20:11,240 -     || token_match: 0.000, exact_match: 0.000
2023-12-26 06:20:11,241 -     || unique taglist code: 924
2023-12-26 06:20:11,243 -     || seen taglist code: 924
2023-12-26 06:20:11,244 -     || MOST used trncode: 3165
2023-12-26 06:20:11,348 -     || saved model
2023-12-26 06:20:11,350 - 
2023-12-26 06:20:11,351 - #epc: 27
2023-12-26 06:20:11,703 - epc:27, epc_KL:  1.000000
2023-12-26 06:27:06,610 - exact_match_tst_copy_acc: 0.854
2023-12-26 06:27:06,612 - exact_match_tst_reinflection_wlemma: 0.675
2023-12-26 06:27:06,613 - exact_match_tst_reinflection_wlemma_TAGFINDER1: 0.467
2023-12-26 06:27:06,614 - exact_match_tst_reinflection_wlemma_TAGFINDER1_or_2: 0.662
2023-12-26 06:27:07,002 - TRN || epcloss: 0.0784
2023-12-26 06:27:07,003 -     || Q: 0.5547
2023-12-26 06:27:07,004 -     || KL: 0.1463
2023-12-26 06:27:07,006 -     || token_match: 0.000, exact_match: 0.000
2023-12-26 06:27:07,007 -     || unique taglist code: 3271
2023-12-26 06:27:07,008 - DEV || epcloss: 0.0303
2023-12-26 06:27:07,009 -     || Q: 0.5322
2023-12-26 06:27:07,010 -     || KL: 0.3266
2023-12-26 06:27:07,011 -     || token_match: 0.000, exact_match: 0.000
2023-12-26 06:27:07,012 -     || unique taglist code: 933
2023-12-26 06:27:07,014 -     || seen taglist code: 932
2023-12-26 06:27:07,015 -     || MOST used trncode: 3271
2023-12-26 06:27:07,017 -     || MOST used devcode: 933
2023-12-26 06:27:07,112 -     || saved model
2023-12-26 06:27:07,115 - 
2023-12-26 06:27:07,117 - #epc: 28
2023-12-26 06:27:07,463 - epc:28, epc_KL:  1.000000
2023-12-26 06:34:05,787 - exact_match_tst_copy_acc: 0.869
2023-12-26 06:34:05,788 - exact_match_tst_reinflection_wlemma: 0.687
2023-12-26 06:34:05,789 - exact_match_tst_reinflection_wlemma_TAGFINDER1: 0.479
2023-12-26 06:34:05,790 - exact_match_tst_reinflection_wlemma_TAGFINDER1_or_2: 0.676
2023-12-26 06:34:06,190 - TRN || epcloss: 0.0641
2023-12-26 06:34:06,191 -     || Q: 0.5109
2023-12-26 06:34:06,192 -     || KL: 0.1388
2023-12-26 06:34:06,194 -     || token_match: 0.000, exact_match: 0.000
2023-12-26 06:34:06,195 -     || unique taglist code: 3133
2023-12-26 06:34:06,196 - DEV || epcloss: 0.0284
2023-12-26 06:34:06,197 -     || Q: 0.5273
2023-12-26 06:34:06,198 -     || KL: 0.3002
2023-12-26 06:34:06,199 -     || token_match: 0.000, exact_match: 0.000
2023-12-26 06:34:06,200 -     || unique taglist code: 909
2023-12-26 06:34:06,201 -     || seen taglist code: 908
2023-12-26 06:34:06,300 -     || saved model
2023-12-26 06:34:06,303 - 
2023-12-26 06:34:06,304 - #epc: 29
2023-12-26 06:34:06,657 - epc:29, epc_KL:  1.000000
2023-12-26 06:41:03,053 - exact_match_tst_copy_acc: 0.864
2023-12-26 06:41:03,054 - exact_match_tst_reinflection_wlemma: 0.665
2023-12-26 06:41:03,055 - exact_match_tst_reinflection_wlemma_TAGFINDER1: 0.467
2023-12-26 06:41:03,056 - exact_match_tst_reinflection_wlemma_TAGFINDER1_or_2: 0.655
2023-12-26 06:41:03,476 - TRN || epcloss: 0.0866
2023-12-26 06:41:03,478 -     || Q: 0.6082
2023-12-26 06:41:03,479 -     || KL: 0.1471
2023-12-26 06:41:03,481 -     || token_match: 0.000, exact_match: 0.000
2023-12-26 06:41:03,482 -     || unique taglist code: 3453
2023-12-26 06:41:03,483 - DEV || epcloss: 0.0297
2023-12-26 06:41:03,484 -     || Q: 0.5959
2023-12-26 06:41:03,485 -     || KL: 0.3085
2023-12-26 06:41:03,486 -     || token_match: 0.000, exact_match: 0.000
2023-12-26 06:41:03,488 -     || unique taglist code: 924
2023-12-26 06:41:03,489 -     || seen taglist code: 923
2023-12-26 06:41:03,491 -     || MOST used trncode: 3453
2023-12-26 06:41:03,607 -     || saved model
2023-12-26 06:41:03,609 - 
2023-12-26 06:41:03,611 - #epc: 30
2023-12-26 06:41:03,963 - epc:30, epc_KL:  1.000000
2023-12-26 06:48:00,388 - exact_match_tst_copy_acc: 0.754
2023-12-26 06:48:00,389 - exact_match_tst_reinflection_wlemma: 0.568
2023-12-26 06:48:00,390 - exact_match_tst_reinflection_wlemma_TAGFINDER1: 0.407
2023-12-26 06:48:00,391 - exact_match_tst_reinflection_wlemma_TAGFINDER1_or_2: 0.566
2023-12-26 06:48:00,817 - TRN || epcloss: 0.0780
2023-12-26 06:48:00,819 -     || Q: 0.5729
2023-12-26 06:48:00,820 -     || KL: 0.1416
2023-12-26 06:48:00,821 -     || token_match: 0.000, exact_match: 0.000
2023-12-26 06:48:00,823 -     || unique taglist code: 3349
2023-12-26 06:48:00,824 - DEV || epcloss: 0.0598
2023-12-26 06:48:00,825 -     || Q: 0.7374
2023-12-26 06:48:00,826 -     || KL: 0.3425
2023-12-26 06:48:00,827 -     || token_match: 0.000, exact_match: 0.000
2023-12-26 06:48:00,828 -     || unique taglist code: 901
2023-12-26 06:48:00,830 -     || seen taglist code: 898
2023-12-26 06:48:00,959 -     || saved model
2023-12-26 06:48:00,962 - 
2023-12-26 06:48:00,963 - #epc: 31
2023-12-26 06:48:01,309 - epc:31, epc_KL:  1.000000
2023-12-26 06:54:59,722 - exact_match_tst_copy_acc: 0.770
2023-12-26 06:54:59,723 - exact_match_tst_reinflection_wlemma: 0.568
2023-12-26 06:54:59,724 - exact_match_tst_reinflection_wlemma_TAGFINDER1: 0.406
2023-12-26 06:54:59,725 - exact_match_tst_reinflection_wlemma_TAGFINDER1_or_2: 0.582
2023-12-26 06:55:00,155 - TRN || epcloss: 0.0843
2023-12-26 06:55:00,156 -     || Q: 0.5703
2023-12-26 06:55:00,157 -     || KL: 0.1450
2023-12-26 06:55:00,158 -     || token_match: 0.000, exact_match: 0.000
2023-12-26 06:55:00,159 -     || unique taglist code: 3375
2023-12-26 06:55:00,160 - DEV || epcloss: 0.0488
2023-12-26 06:55:00,161 -     || Q: 0.6417
2023-12-26 06:55:00,162 -     || KL: 0.3252
2023-12-26 06:55:00,163 -     || token_match: 0.000, exact_match: 0.000
2023-12-26 06:55:00,164 -     || unique taglist code: 929
2023-12-26 06:55:00,167 -     || seen taglist code: 927
2023-12-26 06:55:00,298 -     || saved model
2023-12-26 06:55:00,300 - 
2023-12-26 06:55:00,301 - #epc: 32
2023-12-26 06:55:00,648 - epc:32, epc_KL:  1.000000
2023-12-26 07:01:57,894 - exact_match_tst_copy_acc: 0.771
2023-12-26 07:01:57,895 - exact_match_tst_reinflection_wlemma: 0.580
2023-12-26 07:01:57,896 - exact_match_tst_reinflection_wlemma_TAGFINDER1: 0.403
2023-12-26 07:01:57,897 - exact_match_tst_reinflection_wlemma_TAGFINDER1_or_2: 0.577
2023-12-26 07:01:58,325 - TRN || epcloss: 0.1097
2023-12-26 07:01:58,327 -     || Q: 0.6198
2023-12-26 07:01:58,328 -     || KL: 0.1553
2023-12-26 07:01:58,330 -     || token_match: 0.000, exact_match: 0.000
2023-12-26 07:01:58,331 -     || unique taglist code: 3482
2023-12-26 07:01:58,332 - DEV || epcloss: 0.0487
2023-12-26 07:01:58,333 -     || Q: 0.5697
2023-12-26 07:01:58,334 -     || KL: 0.3411
2023-12-26 07:01:58,335 -     || token_match: 0.000, exact_match: 0.000
2023-12-26 07:01:58,336 -     || unique taglist code: 904
2023-12-26 07:01:58,338 -     || seen taglist code: 904
2023-12-26 07:01:58,339 -     || MOST used trncode: 3482
2023-12-26 07:01:58,475 -     || saved model
2023-12-26 07:01:58,478 - 
2023-12-26 07:01:58,479 - #epc: 33
2023-12-26 07:01:58,838 - epc:33, epc_KL:  1.000000
2023-12-26 07:10:23,442 - exact_match_tst_copy_acc: 0.000
2023-12-26 07:10:23,443 - exact_match_tst_reinflection_wlemma: 0.000
2023-12-26 07:10:23,444 - exact_match_tst_reinflection_wlemma_TAGFINDER1: 0.000
2023-12-26 07:10:23,445 - exact_match_tst_reinflection_wlemma_TAGFINDER1_or_2: 0.000
2023-12-26 07:10:24,380 - TRN || epcloss: 1.8749
2023-12-26 07:10:24,381 -     || Q: 1.3735
2023-12-26 07:10:24,382 -     || KL: 0.4353
2023-12-26 07:10:24,383 -     || token_match: 0.000, exact_match: 0.000
2023-12-26 07:10:24,384 -     || unique taglist code: 3535
2023-12-26 07:10:24,386 - DEV || epcloss: 2.0811
2023-12-26 07:10:24,387 -     || Q: 1.4341
2023-12-26 07:10:24,389 -     || KL: 1.0332
2023-12-26 07:10:24,390 -     || token_match: 0.000, exact_match: 0.000
2023-12-26 07:10:24,391 -     || unique taglist code: 256
2023-12-26 07:10:24,392 -     || seen taglist code: 256
2023-12-26 07:10:24,393 -     || MOST used trncode: 3535
2023-12-26 07:10:24,489 -     || saved model
2023-12-26 07:10:24,492 - 
2023-12-26 07:10:24,493 - #epc: 34
2023-12-26 07:10:24,838 - epc:34, epc_KL:  1.000000
2023-12-26 07:18:15,243 - exact_match_tst_copy_acc: 0.000
2023-12-26 07:18:15,244 - exact_match_tst_reinflection_wlemma: 0.000
2023-12-26 07:18:15,246 - exact_match_tst_reinflection_wlemma_TAGFINDER1: 0.000
2023-12-26 07:18:15,247 - exact_match_tst_reinflection_wlemma_TAGFINDER1_or_2: 0.000
2023-12-26 07:18:15,890 - TRN || epcloss: 2.1857
2023-12-26 07:18:15,891 -     || Q: 1.2020
2023-12-26 07:18:15,893 -     || KL: 0.3222
2023-12-26 07:18:15,894 -     || token_match: 0.000, exact_match: 0.000
2023-12-26 07:18:15,895 -     || unique taglist code: 2102
2023-12-26 07:18:15,896 - DEV || epcloss: 1.7447
2023-12-26 07:18:15,898 -     || Q: 1.2093
2023-12-26 07:18:15,899 -     || KL: 0.7392
2023-12-26 07:18:15,900 -     || token_match: 0.000, exact_match: 0.000
2023-12-26 07:18:15,901 -     || unique taglist code: 331
2023-12-26 07:18:15,902 -     || seen taglist code: 331
2023-12-26 07:18:15,996 -     || saved model
2023-12-26 07:18:15,998 - 
2023-12-26 07:18:15,999 - #epc: 35
2023-12-26 07:18:16,343 - epc:35, epc_KL:  1.000000
2023-12-26 07:26:47,233 - exact_match_tst_copy_acc: 0.000
2023-12-26 07:26:47,235 - exact_match_tst_reinflection_wlemma: 0.000
2023-12-26 07:26:47,236 - exact_match_tst_reinflection_wlemma_TAGFINDER1: 0.000
2023-12-26 07:26:47,237 - exact_match_tst_reinflection_wlemma_TAGFINDER1_or_2: 0.000
2023-12-26 07:26:48,329 - TRN || epcloss: 2.1147
2023-12-26 07:26:48,330 -     || Q: 1.4173
2023-12-26 07:26:48,331 -     || KL: 0.3758
2023-12-26 07:26:48,333 -     || token_match: 0.000, exact_match: 0.000
2023-12-26 07:26:48,334 -     || unique taglist code: 1277
2023-12-26 07:26:48,335 - DEV || epcloss: 1.5586
2023-12-26 07:26:48,337 -     || Q: 1.2681
2023-12-26 07:26:48,338 -     || KL: 0.6713
2023-12-26 07:26:48,339 -     || token_match: 0.000, exact_match: 0.000
2023-12-26 07:26:48,340 -     || unique taglist code: 221
2023-12-26 07:26:48,341 -     || seen taglist code: 221
2023-12-26 07:26:48,425 -     || saved model
2023-12-26 07:26:48,428 - 
2023-12-26 07:26:48,429 - #epc: 36
2023-12-26 07:26:48,778 - epc:36, epc_KL:  1.000000
2023-12-26 07:33:48,135 - exact_match_tst_copy_acc: 0.001
2023-12-26 07:33:48,136 - exact_match_tst_reinflection_wlemma: 0.001
2023-12-26 07:33:48,138 - exact_match_tst_reinflection_wlemma_TAGFINDER1: 0.000
2023-12-26 07:33:48,139 - exact_match_tst_reinflection_wlemma_TAGFINDER1_or_2: 0.001
2023-12-26 07:33:49,056 - TRN || epcloss: 1.5839
2023-12-26 07:33:49,058 -     || Q: 1.2891
2023-12-26 07:33:49,059 -     || KL: 0.2360
2023-12-26 07:33:49,060 -     || token_match: 0.000, exact_match: 0.000
2023-12-26 07:33:49,061 -     || unique taglist code: 836
2023-12-26 07:33:49,063 - DEV || epcloss: 0.9873
2023-12-26 07:33:49,064 -     || Q: 1.2988
2023-12-26 07:33:49,065 -     || KL: 0.4214
2023-12-26 07:33:49,066 -     || token_match: 0.000, exact_match: 0.000
2023-12-26 07:33:49,067 -     || unique taglist code: 77
2023-12-26 07:33:49,068 -     || seen taglist code: 77
2023-12-26 07:33:49,195 -     || saved model
2023-12-26 07:33:49,198 - 
2023-12-26 07:33:49,200 - #epc: 37
2023-12-26 07:33:49,556 - epc:37, epc_KL:  1.000000
2023-12-26 07:41:04,916 - exact_match_tst_copy_acc: 0.001
2023-12-26 07:41:04,918 - exact_match_tst_reinflection_wlemma: 0.000
2023-12-26 07:41:04,919 - exact_match_tst_reinflection_wlemma_TAGFINDER1: 0.000
2023-12-26 07:41:04,920 - exact_match_tst_reinflection_wlemma_TAGFINDER1_or_2: 0.000
2023-12-26 07:41:05,557 - TRN || epcloss: 1.2791
2023-12-26 07:41:05,558 -     || Q: 1.5200
2023-12-26 07:41:05,559 -     || KL: 0.2357
2023-12-26 07:41:05,560 -     || token_match: 0.000, exact_match: 0.000
2023-12-26 07:41:05,561 -     || unique taglist code: 541
2023-12-26 07:41:05,563 - DEV || epcloss: 1.1118
2023-12-26 07:41:05,564 -     || Q: 1.5904
2023-12-26 07:41:05,565 -     || KL: 0.5221
2023-12-26 07:41:05,566 -     || token_match: 0.000, exact_match: 0.000
2023-12-26 07:41:05,567 -     || unique taglist code: 130
2023-12-26 07:41:05,568 -     || seen taglist code: 130
2023-12-26 07:41:05,690 -     || saved model
2023-12-26 07:41:05,693 - 
2023-12-26 07:41:05,694 - #epc: 38
2023-12-26 07:41:06,046 - epc:38, epc_KL:  1.000000
2023-12-26 07:48:12,467 - exact_match_tst_copy_acc: 0.001
2023-12-26 07:48:12,468 - exact_match_tst_reinflection_wlemma: 0.002
2023-12-26 07:48:12,469 - exact_match_tst_reinflection_wlemma_TAGFINDER1: 0.000
2023-12-26 07:48:12,470 - exact_match_tst_reinflection_wlemma_TAGFINDER1_or_2: 0.001
2023-12-26 07:48:12,971 - TRN || epcloss: 1.1261
2023-12-26 07:48:12,972 -     || Q: 1.2761
2023-12-26 07:48:12,975 -     || KL: 0.1946
2023-12-26 07:48:12,977 -     || token_match: 0.000, exact_match: 0.000
2023-12-26 07:48:12,978 -     || unique taglist code: 608
2023-12-26 07:48:12,979 - DEV || epcloss: 0.8452
2023-12-26 07:48:12,980 -     || Q: 1.0974
2023-12-26 07:48:12,981 -     || KL: 0.4131
2023-12-26 07:48:12,982 -     || token_match: 0.000, exact_match: 0.000
2023-12-26 07:48:12,983 -     || unique taglist code: 219
2023-12-26 07:48:12,985 -     || seen taglist code: 217
2023-12-26 07:48:13,158 -     || saved model
2023-12-26 07:48:13,161 - 
2023-12-26 07:48:13,162 - #epc: 39
2023-12-26 07:48:13,520 - epc:39, epc_KL:  1.000000
2023-12-26 07:55:20,025 - exact_match_tst_copy_acc: 0.001
2023-12-26 07:55:20,026 - exact_match_tst_reinflection_wlemma: 0.001
2023-12-26 07:55:20,027 - exact_match_tst_reinflection_wlemma_TAGFINDER1: 0.000
2023-12-26 07:55:20,028 - exact_match_tst_reinflection_wlemma_TAGFINDER1_or_2: 0.000
2023-12-26 07:55:20,622 - TRN || epcloss: 1.2933
2023-12-26 07:55:20,623 -     || Q: 1.5730
2023-12-26 07:55:20,624 -     || KL: 0.2585
2023-12-26 07:55:20,625 -     || token_match: 0.000, exact_match: 0.000
2023-12-26 07:55:20,626 -     || unique taglist code: 768
2023-12-26 07:55:20,627 - DEV || epcloss: 0.9314
2023-12-26 07:55:20,628 -     || Q: 1.4229
2023-12-26 07:55:20,630 -     || KL: 0.4952
2023-12-26 07:55:20,631 -     || token_match: 0.000, exact_match: 0.000
2023-12-26 07:55:20,632 -     || unique taglist code: 233
2023-12-26 07:55:20,633 -     || seen taglist code: 233
2023-12-26 07:55:20,741 -     || saved model
2023-12-26 07:55:20,743 - 
2023-12-26 07:55:20,744 - #epc: 40
2023-12-26 07:55:21,085 - epc:40, epc_KL:  1.000000
2023-12-26 08:02:28,121 - exact_match_tst_copy_acc: 0.007
2023-12-26 08:02:28,122 - exact_match_tst_reinflection_wlemma: 0.002
2023-12-26 08:02:28,123 - exact_match_tst_reinflection_wlemma_TAGFINDER1: 0.002
2023-12-26 08:02:28,124 - exact_match_tst_reinflection_wlemma_TAGFINDER1_or_2: 0.003
2023-12-26 08:02:28,547 - TRN || epcloss: 1.1156
2023-12-26 08:02:28,548 -     || Q: 1.5410
2023-12-26 08:02:28,549 -     || KL: 0.2039
2023-12-26 08:02:28,550 -     || token_match: 0.000, exact_match: 0.000
2023-12-26 08:02:28,551 -     || unique taglist code: 695
2023-12-26 08:02:28,553 - DEV || epcloss: 0.7395
2023-12-26 08:02:28,554 -     || Q: 1.4462
2023-12-26 08:02:28,555 -     || KL: 0.4274
2023-12-26 08:02:28,556 -     || token_match: 0.000, exact_match: 0.000
2023-12-26 08:02:28,557 -     || unique taglist code: 220
2023-12-26 08:02:28,558 -     || seen taglist code: 219
2023-12-26 08:02:28,671 -     || saved model
2023-12-26 08:02:28,673 - 
2023-12-26 08:02:28,674 - #epc: 41
2023-12-26 08:02:29,017 - epc:41, epc_KL:  1.000000
2023-12-26 08:09:40,779 - exact_match_tst_copy_acc: 0.000
2023-12-26 08:09:40,780 - exact_match_tst_reinflection_wlemma: 0.001
2023-12-26 08:09:40,782 - exact_match_tst_reinflection_wlemma_TAGFINDER1: 0.000
2023-12-26 08:09:40,783 - exact_match_tst_reinflection_wlemma_TAGFINDER1_or_2: 0.001
2023-12-26 08:09:41,354 - TRN || epcloss: 1.0127
2023-12-26 08:09:41,356 -     || Q: 2.0193
2023-12-26 08:09:41,357 -     || KL: 0.2294
2023-12-26 08:09:41,358 -     || token_match: 0.000, exact_match: 0.000
2023-12-26 08:09:41,359 -     || unique taglist code: 791
2023-12-26 08:09:41,360 - DEV || epcloss: 0.9447
2023-12-26 08:09:41,362 -     || Q: 2.0114
2023-12-26 08:09:41,363 -     || KL: 0.5973
2023-12-26 08:09:41,364 -     || token_match: 0.000, exact_match: 0.000
2023-12-26 08:09:41,365 -     || unique taglist code: 141
2023-12-26 08:09:41,366 -     || seen taglist code: 141
2023-12-26 08:09:41,482 -     || saved model
2023-12-26 08:09:41,485 - 
2023-12-26 08:09:41,487 - #epc: 42
2023-12-26 08:09:41,834 - epc:42, epc_KL:  1.000000
2023-12-26 08:17:33,611 - exact_match_tst_copy_acc: 0.001
2023-12-26 08:17:33,613 - exact_match_tst_reinflection_wlemma: 0.000
2023-12-26 08:17:33,614 - exact_match_tst_reinflection_wlemma_TAGFINDER1: 0.000
2023-12-26 08:17:33,615 - exact_match_tst_reinflection_wlemma_TAGFINDER1_or_2: 0.000
2023-12-26 08:17:33,992 - TRN || epcloss: 1.6757
2023-12-26 08:17:33,993 -     || Q: 2.3843
2023-12-26 08:17:33,995 -     || KL: 0.3757
2023-12-26 08:17:33,996 -     || token_match: 0.000, exact_match: 0.000
2023-12-26 08:17:33,997 -     || unique taglist code: 446
2023-12-26 08:17:33,998 - DEV || epcloss: 1.4241
2023-12-26 08:17:33,999 -     || Q: 2.5897
2023-12-26 08:17:34,001 -     || KL: 0.7512
2023-12-26 08:17:34,002 -     || token_match: 0.000, exact_match: 0.000
2023-12-26 08:17:34,003 -     || unique taglist code: 50
2023-12-26 08:17:34,004 -     || seen taglist code: 50
2023-12-26 08:17:34,091 -     || saved model
2023-12-26 08:17:34,093 - 
2023-12-26 08:17:34,095 - #epc: 43
2023-12-26 08:17:34,446 - epc:43, epc_KL:  1.000000
2023-12-26 08:25:15,690 - exact_match_tst_copy_acc: 0.000
2023-12-26 08:25:15,691 - exact_match_tst_reinflection_wlemma: 0.001
2023-12-26 08:25:15,692 - exact_match_tst_reinflection_wlemma_TAGFINDER1: 0.001
2023-12-26 08:25:15,693 - exact_match_tst_reinflection_wlemma_TAGFINDER1_or_2: 0.001
2023-12-26 08:25:17,095 - TRN || epcloss: 1.8616
2023-12-26 08:25:17,096 -     || Q: 2.9947
2023-12-26 08:25:17,097 -     || KL: 0.3420
2023-12-26 08:25:17,098 -     || token_match: 0.000, exact_match: 0.000
2023-12-26 08:25:17,099 -     || unique taglist code: 287
2023-12-26 08:25:17,101 - DEV || epcloss: 1.3435
2023-12-26 08:25:17,102 -     || Q: 2.3624
2023-12-26 08:25:17,103 -     || KL: 0.6271
2023-12-26 08:25:17,104 -     || token_match: 0.000, exact_match: 0.000
2023-12-26 08:25:17,105 -     || unique taglist code: 19
2023-12-26 08:25:17,106 -     || seen taglist code: 19
2023-12-26 08:25:17,290 -     || saved model
2023-12-26 08:25:17,293 - 
2023-12-26 08:25:17,294 - #epc: 44
2023-12-26 08:25:17,639 - epc:44, epc_KL:  1.000000
2023-12-26 08:32:52,264 - exact_match_tst_copy_acc: 0.001
2023-12-26 08:32:52,266 - exact_match_tst_reinflection_wlemma: 0.000
2023-12-26 08:32:52,267 - exact_match_tst_reinflection_wlemma_TAGFINDER1: 0.000
2023-12-26 08:32:52,268 - exact_match_tst_reinflection_wlemma_TAGFINDER1_or_2: 0.001
2023-12-26 08:32:53,847 - TRN || epcloss: 1.1942
2023-12-26 08:32:53,848 -     || Q: 1.5611
2023-12-26 08:32:53,850 -     || KL: 0.2113
2023-12-26 08:32:53,851 -     || token_match: 0.000, exact_match: 0.000
2023-12-26 08:32:53,852 -     || unique taglist code: 117
2023-12-26 08:32:53,853 - DEV || epcloss: 0.7892
2023-12-26 08:32:53,854 -     || Q: 1.3834
2023-12-26 08:32:53,856 -     || KL: 0.4244
2023-12-26 08:32:53,857 -     || token_match: 0.000, exact_match: 0.000
2023-12-26 08:32:53,858 -     || unique taglist code: 20
2023-12-26 08:32:53,859 -     || seen taglist code: 20
2023-12-26 08:32:53,979 -     || saved model
2023-12-26 08:32:53,982 - 
2023-12-26 08:32:53,983 - #epc: 45
2023-12-26 08:32:54,332 - epc:45, epc_KL:  1.000000
2023-12-26 08:40:02,507 - exact_match_tst_copy_acc: 0.000
2023-12-26 08:40:02,509 - exact_match_tst_reinflection_wlemma: 0.000
2023-12-26 08:40:02,510 - exact_match_tst_reinflection_wlemma_TAGFINDER1: 0.000
2023-12-26 08:40:02,511 - exact_match_tst_reinflection_wlemma_TAGFINDER1_or_2: 0.000
2023-12-26 08:40:04,107 - TRN || epcloss: 1.8214
2023-12-26 08:40:04,109 -     || Q: 2.4115
2023-12-26 08:40:04,110 -     || KL: 0.4227
2023-12-26 08:40:04,111 -     || token_match: 0.000, exact_match: 0.000
2023-12-26 08:40:04,112 -     || unique taglist code: 329
2023-12-26 08:40:04,113 - DEV || epcloss: 1.0804
2023-12-26 08:40:04,114 -     || Q: 1.6808
2023-12-26 08:40:04,115 -     || KL: 0.7575
2023-12-26 08:40:04,117 -     || token_match: 0.000, exact_match: 0.000
2023-12-26 08:40:04,118 -     || unique taglist code: 25
2023-12-26 08:40:04,119 -     || seen taglist code: 25
2023-12-26 08:40:04,237 -     || saved model
2023-12-26 08:40:04,239 - 
2023-12-26 08:40:04,240 - #epc: 46
2023-12-26 08:40:04,597 - epc:46, epc_KL:  1.000000
2023-12-26 08:47:42,132 - exact_match_tst_copy_acc: 0.003
2023-12-26 08:47:42,133 - exact_match_tst_reinflection_wlemma: 0.000
2023-12-26 08:47:42,134 - exact_match_tst_reinflection_wlemma_TAGFINDER1: 0.000
2023-12-26 08:47:42,135 - exact_match_tst_reinflection_wlemma_TAGFINDER1_or_2: 0.000
2023-12-26 08:47:43,753 - TRN || epcloss: 1.2583
2023-12-26 08:47:43,755 -     || Q: 1.4224
2023-12-26 08:47:43,756 -     || KL: 0.2501
2023-12-26 08:47:43,757 -     || token_match: 0.000, exact_match: 0.000
2023-12-26 08:47:43,758 -     || unique taglist code: 182
2023-12-26 08:47:43,759 - DEV || epcloss: 0.8692
2023-12-26 08:47:43,761 -     || Q: 1.3084
2023-12-26 08:47:43,762 -     || KL: 0.4709
2023-12-26 08:47:43,763 -     || token_match: 0.000, exact_match: 0.000
2023-12-26 08:47:43,764 -     || unique taglist code: 70
2023-12-26 08:47:43,765 -     || seen taglist code: 70
2023-12-26 08:47:43,896 -     || saved model
2023-12-26 08:47:43,899 - 
2023-12-26 08:47:43,900 - #epc: 47
2023-12-26 08:47:44,240 - epc:47, epc_KL:  1.000000
2023-12-26 08:54:53,098 - exact_match_tst_copy_acc: 0.008
2023-12-26 08:54:53,099 - exact_match_tst_reinflection_wlemma: 0.000
2023-12-26 08:54:53,101 - exact_match_tst_reinflection_wlemma_TAGFINDER1: 0.000
2023-12-26 08:54:53,102 - exact_match_tst_reinflection_wlemma_TAGFINDER1_or_2: 0.000
2023-12-26 08:54:54,718 - TRN || epcloss: 0.9318
2023-12-26 08:54:54,719 -     || Q: 1.1587
2023-12-26 08:54:54,720 -     || KL: 0.2048
2023-12-26 08:54:54,722 -     || token_match: 0.000, exact_match: 0.000
2023-12-26 08:54:54,723 -     || unique taglist code: 239
2023-12-26 08:54:54,724 - DEV || epcloss: 0.6638
2023-12-26 08:54:54,725 -     || Q: 1.0212
2023-12-26 08:54:54,726 -     || KL: 0.4207
2023-12-26 08:54:54,728 -     || token_match: 0.000, exact_match: 0.000
2023-12-26 08:54:54,729 -     || unique taglist code: 84
2023-12-26 08:54:54,730 -     || seen taglist code: 83
2023-12-26 08:54:54,843 -     || saved model
2023-12-26 08:54:54,846 - 
2023-12-26 08:54:54,847 - #epc: 48
2023-12-26 08:54:55,203 - epc:48, epc_KL:  1.000000
2023-12-26 09:01:53,547 - exact_match_tst_copy_acc: 0.029
2023-12-26 09:01:53,548 - exact_match_tst_reinflection_wlemma: 0.004
2023-12-26 09:01:53,549 - exact_match_tst_reinflection_wlemma_TAGFINDER1: 0.002
2023-12-26 09:01:53,550 - exact_match_tst_reinflection_wlemma_TAGFINDER1_or_2: 0.006
2023-12-26 09:01:55,239 - TRN || epcloss: 0.7362
2023-12-26 09:01:55,240 -     || Q: 1.0764
2023-12-26 09:01:55,241 -     || KL: 0.2065
2023-12-26 09:01:55,243 -     || token_match: 0.000, exact_match: 0.000
2023-12-26 09:01:55,244 -     || unique taglist code: 396
2023-12-26 09:01:55,245 - DEV || epcloss: 0.5293
2023-12-26 09:01:55,246 -     || Q: 0.8622
2023-12-26 09:01:55,248 -     || KL: 0.4404
2023-12-26 09:01:55,249 -     || token_match: 0.000, exact_match: 0.000
2023-12-26 09:01:55,250 -     || unique taglist code: 141
2023-12-26 09:01:55,251 -     || seen taglist code: 141
2023-12-26 09:01:55,363 -     || saved model
2023-12-26 09:01:55,366 - 
2023-12-26 09:01:55,367 - #epc: 49
2023-12-26 09:01:55,706 - epc:49, epc_KL:  1.000000
2023-12-26 09:08:47,715 - exact_match_tst_copy_acc: 0.120
2023-12-26 09:08:47,717 - exact_match_tst_reinflection_wlemma: 0.007
2023-12-26 09:08:47,718 - exact_match_tst_reinflection_wlemma_TAGFINDER1: 0.003
2023-12-26 09:08:47,719 - exact_match_tst_reinflection_wlemma_TAGFINDER1_or_2: 0.005
2023-12-26 09:08:49,338 - TRN || epcloss: 0.5760
2023-12-26 09:08:49,339 -     || Q: 0.9706
2023-12-26 09:08:49,341 -     || KL: 0.2080
2023-12-26 09:08:49,342 -     || token_match: 0.000, exact_match: 0.000
2023-12-26 09:08:49,343 -     || unique taglist code: 467
2023-12-26 09:08:49,344 - DEV || epcloss: 0.3670
2023-12-26 09:08:49,345 -     || Q: 1.0086
2023-12-26 09:08:49,347 -     || KL: 0.4648
2023-12-26 09:08:49,348 -     || token_match: 0.000, exact_match: 0.000
2023-12-26 09:08:49,349 -     || unique taglist code: 207
2023-12-26 09:08:49,350 -     || seen taglist code: 207
2023-12-26 09:08:49,484 -     || saved model
