2023-12-20 13:05:34,798 — Logger0 — INFO — config:113 — {'Part': <dataset.vocab.TagVocab object at 0x7ff025f20250>, 'Mood': <dataset.vocab.TagVocab object at 0x7ff025f202b0>, 'Tense': <dataset.vocab.TagVocab object at 0x7ff025f20310>, 'Aspect': <dataset.vocab.TagVocab object at 0x7ff025f20370>, 'Person': <dataset.vocab.TagVocab object at 0x7ff025f203d0>, 'Number': <dataset.vocab.TagVocab object at 0x7ff025f20430>, 'Valency': <dataset.vocab.TagVocab object at 0x7ff025f20490>, 'Polarity': <dataset.vocab.TagVocab object at 0x7ff025f204f0>, 'Interrogativity': <dataset.vocab.TagVocab object at 0x7ff025f20550>, 'Language-Specific': <dataset.vocab.TagVocab object at 0x7ff025f205b0>, 'Finiteness': <dataset.vocab.TagVocab object at 0x7ff025f20610>}
2023-12-20 13:05:34,840 — Logger0 — INFO — train:120 — tstsize: 1444
2023-12-20 13:05:34,841 — Logger0 — INFO — train:124 — 
2023-12-20 13:05:34,842 — Logger0 — INFO — train:125 — #epc: 0
2023-12-20 13:05:40,661 — Logger0 — INFO — train:164 — epc: 0, epc_loss: 1895.422, epc_acc: 0.307
2023-12-20 13:05:40,661 — Logger0 — INFO — train:124 — 
2023-12-20 13:05:40,662 — Logger0 — INFO — train:125 — #epc: 1
2023-12-20 13:05:46,266 — Logger0 — INFO — train:164 — epc: 1, epc_loss: 1676.077, epc_acc: 0.352
2023-12-20 13:05:46,266 — Logger0 — INFO — train:124 — 
2023-12-20 13:05:46,267 — Logger0 — INFO — train:125 — #epc: 2
2023-12-20 13:05:51,881 — Logger0 — INFO — train:164 — epc: 2, epc_loss: 1633.603, epc_acc: 0.338
2023-12-20 13:05:51,881 — Logger0 — INFO — train:124 — 
2023-12-20 13:05:51,882 — Logger0 — INFO — train:125 — #epc: 3
2023-12-20 13:05:57,518 — Logger0 — INFO — train:164 — epc: 3, epc_loss: 1609.030, epc_acc: 0.353
2023-12-20 13:05:57,519 — Logger0 — INFO — train:124 — 
2023-12-20 13:05:57,520 — Logger0 — INFO — train:125 — #epc: 4
2023-12-20 13:06:03,170 — Logger0 — INFO — train:164 — epc: 4, epc_loss: 1603.970, epc_acc: 0.334
2023-12-20 13:06:03,171 — Logger0 — INFO — train:124 — 
2023-12-20 13:06:03,171 — Logger0 — INFO — train:125 — #epc: 5
2023-12-20 13:06:08,764 — Logger0 — INFO — train:164 — epc: 5, epc_loss: 1600.076, epc_acc: 0.326
2023-12-20 13:06:08,765 — Logger0 — INFO — train:124 — 
2023-12-20 13:06:08,765 — Logger0 — INFO — train:125 — #epc: 6
2023-12-20 13:06:14,337 — Logger0 — INFO — train:164 — epc: 6, epc_loss: 1597.496, epc_acc: 0.332
2023-12-20 13:06:14,338 — Logger0 — INFO — train:124 — 
2023-12-20 13:06:14,339 — Logger0 — INFO — train:125 — #epc: 7
2023-12-20 13:06:19,949 — Logger0 — INFO — train:164 — epc: 7, epc_loss: 1593.276, epc_acc: 0.339
2023-12-20 13:06:19,950 — Logger0 — INFO — train:124 — 
2023-12-20 13:06:19,951 — Logger0 — INFO — train:125 — #epc: 8
2023-12-20 13:06:25,579 — Logger0 — INFO — train:164 — epc: 8, epc_loss: 1594.547, epc_acc: 0.343
2023-12-20 13:06:25,580 — Logger0 — INFO — train:124 — 
2023-12-20 13:06:25,581 — Logger0 — INFO — train:125 — #epc: 9
2023-12-20 13:06:31,184 — Logger0 — INFO — train:164 — epc: 9, epc_loss: 1592.536, epc_acc: 0.359
2023-12-20 13:06:31,184 — Logger0 — INFO — train:165 — {0: 0, 1: 0, 2: 470, 3: 507, 4: 467}
2023-12-20 13:06:31,185 — Logger0 — INFO — train:166 — baseline: 0.3511
2023-12-20 13:06:31,186 — Logger0 — INFO — train:167 — max acc: 0.3594
2023-12-20 13:06:33,246 — Logger1 — INFO — config:113 — {'Part': <dataset.vocab.TagVocab object at 0x7ff025f22f20>, 'Mood': <dataset.vocab.TagVocab object at 0x7ff025f22d40>, 'Tense': <dataset.vocab.TagVocab object at 0x7ff025f21990>, 'Aspect': <dataset.vocab.TagVocab object at 0x7ff025f21300>, 'Person': <dataset.vocab.TagVocab object at 0x7ff025f21060>, 'Number': <dataset.vocab.TagVocab object at 0x7ff025f20ee0>, 'Valency': <dataset.vocab.TagVocab object at 0x7ff01372c070>, 'Polarity': <dataset.vocab.TagVocab object at 0x7ff01372c100>, 'Interrogativity': <dataset.vocab.TagVocab object at 0x7ff01372c160>, 'Language-Specific': <dataset.vocab.TagVocab object at 0x7ff01372c1c0>, 'Finiteness': <dataset.vocab.TagVocab object at 0x7ff01372c220>}
2023-12-20 13:06:33,286 — Logger1 — INFO — train:120 — tstsize: 1444
2023-12-20 13:06:33,287 — Logger1 — INFO — train:124 — 
2023-12-20 13:06:33,287 — Logger1 — INFO — train:125 — #epc: 0
2023-12-20 13:06:38,988 — Logger1 — INFO — train:164 — epc: 0, epc_loss: 1811.345, epc_acc: 0.330
2023-12-20 13:06:38,989 — Logger1 — INFO — train:124 — 
2023-12-20 13:06:38,989 — Logger1 — INFO — train:125 — #epc: 1
2023-12-20 13:06:44,623 — Logger1 — INFO — train:164 — epc: 1, epc_loss: 1653.996, epc_acc: 0.343
2023-12-20 13:06:44,623 — Logger1 — INFO — train:124 — 
2023-12-20 13:06:44,624 — Logger1 — INFO — train:125 — #epc: 2
2023-12-20 13:06:50,282 — Logger1 — INFO — train:164 — epc: 2, epc_loss: 1621.021, epc_acc: 0.356
2023-12-20 13:06:50,283 — Logger1 — INFO — train:124 — 
2023-12-20 13:06:50,283 — Logger1 — INFO — train:125 — #epc: 3
2023-12-20 13:06:55,968 — Logger1 — INFO — train:164 — epc: 3, epc_loss: 1604.580, epc_acc: 0.348
2023-12-20 13:06:55,968 — Logger1 — INFO — train:124 — 
2023-12-20 13:06:55,969 — Logger1 — INFO — train:125 — #epc: 4
2023-12-20 13:07:01,614 — Logger1 — INFO — train:164 — epc: 4, epc_loss: 1600.593, epc_acc: 0.339
2023-12-20 13:07:01,614 — Logger1 — INFO — train:124 — 
2023-12-20 13:07:01,615 — Logger1 — INFO — train:125 — #epc: 5
2023-12-20 13:07:07,243 — Logger1 — INFO — train:164 — epc: 5, epc_loss: 1592.517, epc_acc: 0.358
2023-12-20 13:07:07,244 — Logger1 — INFO — train:124 — 
2023-12-20 13:07:07,244 — Logger1 — INFO — train:125 — #epc: 6
2023-12-20 13:07:12,833 — Logger1 — INFO — train:164 — epc: 6, epc_loss: 1589.964, epc_acc: 0.356
2023-12-20 13:07:12,833 — Logger1 — INFO — train:124 — 
2023-12-20 13:07:12,834 — Logger1 — INFO — train:125 — #epc: 7
2023-12-20 13:07:18,513 — Logger1 — INFO — train:164 — epc: 7, epc_loss: 1587.696, epc_acc: 0.367
2023-12-20 13:07:18,514 — Logger1 — INFO — train:124 — 
2023-12-20 13:07:18,514 — Logger1 — INFO — train:125 — #epc: 8
2023-12-20 13:07:24,140 — Logger1 — INFO — train:164 — epc: 8, epc_loss: 1588.379, epc_acc: 0.366
2023-12-20 13:07:24,141 — Logger1 — INFO — train:124 — 
2023-12-20 13:07:24,141 — Logger1 — INFO — train:125 — #epc: 9
2023-12-20 13:07:29,775 — Logger1 — INFO — train:164 — epc: 9, epc_loss: 1585.869, epc_acc: 0.352
2023-12-20 13:07:29,776 — Logger1 — INFO — train:165 — {0: 0, 1: 0, 2: 470, 3: 507, 4: 467}
2023-12-20 13:07:29,776 — Logger1 — INFO — train:166 — baseline: 0.3511
2023-12-20 13:07:29,777 — Logger1 — INFO — train:167 — max acc: 0.3670
2023-12-20 13:07:31,840 — Logger2 — INFO — config:113 — {'Part': <dataset.vocab.TagVocab object at 0x7ff025f205b0>, 'Mood': <dataset.vocab.TagVocab object at 0x7ff025f20580>, 'Tense': <dataset.vocab.TagVocab object at 0x7ff025f20310>, 'Aspect': <dataset.vocab.TagVocab object at 0x7ff025f202b0>, 'Person': <dataset.vocab.TagVocab object at 0x7ff025f20250>, 'Number': <dataset.vocab.TagVocab object at 0x7ff025f20130>, 'Valency': <dataset.vocab.TagVocab object at 0x7ff025f20d60>, 'Polarity': <dataset.vocab.TagVocab object at 0x7ff025f20a90>, 'Interrogativity': <dataset.vocab.TagVocab object at 0x7ff025f209a0>, 'Language-Specific': <dataset.vocab.TagVocab object at 0x7ff025f209d0>, 'Finiteness': <dataset.vocab.TagVocab object at 0x7ff025f20a60>}
2023-12-20 13:07:31,880 — Logger2 — INFO — train:120 — tstsize: 1444
2023-12-20 13:07:31,881 — Logger2 — INFO — train:124 — 
2023-12-20 13:07:31,882 — Logger2 — INFO — train:125 — #epc: 0
2023-12-20 13:07:37,537 — Logger2 — INFO — train:164 — epc: 0, epc_loss: 1404.494, epc_acc: 0.532
2023-12-20 13:07:37,538 — Logger2 — INFO — train:124 — 
2023-12-20 13:07:37,538 — Logger2 — INFO — train:125 — #epc: 1
2023-12-20 13:07:43,166 — Logger2 — INFO — train:164 — epc: 1, epc_loss: 1105.420, epc_acc: 0.553
2023-12-20 13:07:43,166 — Logger2 — INFO — train:124 — 
2023-12-20 13:07:43,167 — Logger2 — INFO — train:125 — #epc: 2
2023-12-20 13:07:48,793 — Logger2 — INFO — train:164 — epc: 2, epc_loss: 1072.818, epc_acc: 0.547
2023-12-20 13:07:48,794 — Logger2 — INFO — train:124 — 
2023-12-20 13:07:48,794 — Logger2 — INFO — train:125 — #epc: 3
2023-12-20 13:07:54,444 — Logger2 — INFO — train:164 — epc: 3, epc_loss: 1061.437, epc_acc: 0.547
2023-12-20 13:07:54,445 — Logger2 — INFO — train:124 — 
2023-12-20 13:07:54,445 — Logger2 — INFO — train:125 — #epc: 4
2023-12-20 13:08:00,061 — Logger2 — INFO — train:164 — epc: 4, epc_loss: 1052.787, epc_acc: 0.543
2023-12-20 13:08:00,062 — Logger2 — INFO — train:124 — 
2023-12-20 13:08:00,062 — Logger2 — INFO — train:125 — #epc: 5
2023-12-20 13:08:05,625 — Logger2 — INFO — train:164 — epc: 5, epc_loss: 1050.272, epc_acc: 0.551
2023-12-20 13:08:05,626 — Logger2 — INFO — train:124 — 
2023-12-20 13:08:05,626 — Logger2 — INFO — train:125 — #epc: 6
2023-12-20 13:08:11,219 — Logger2 — INFO — train:164 — epc: 6, epc_loss: 1049.057, epc_acc: 0.552
2023-12-20 13:08:11,220 — Logger2 — INFO — train:124 — 
2023-12-20 13:08:11,221 — Logger2 — INFO — train:125 — #epc: 7
2023-12-20 13:08:16,765 — Logger2 — INFO — train:164 — epc: 7, epc_loss: 1048.696, epc_acc: 0.553
2023-12-20 13:08:16,766 — Logger2 — INFO — train:124 — 
2023-12-20 13:08:16,766 — Logger2 — INFO — train:125 — #epc: 8
2023-12-20 13:08:22,337 — Logger2 — INFO — train:164 — epc: 8, epc_loss: 1043.425, epc_acc: 0.551
2023-12-20 13:08:22,337 — Logger2 — INFO — train:124 — 
2023-12-20 13:08:22,338 — Logger2 — INFO — train:125 — #epc: 9
2023-12-20 13:08:27,878 — Logger2 — INFO — train:164 — epc: 9, epc_loss: 1046.241, epc_acc: 0.548
2023-12-20 13:08:27,879 — Logger2 — INFO — train:165 — {0: 0, 1: 0, 2: 470, 3: 507, 4: 467}
2023-12-20 13:08:27,879 — Logger2 — INFO — train:166 — baseline: 0.3511
2023-12-20 13:08:27,880 — Logger2 — INFO — train:167 — max acc: 0.5526
2023-12-20 13:08:29,875 — Logger3 — INFO — config:113 — {'Part': <dataset.vocab.TagVocab object at 0x7ff025f22d40>, 'Mood': <dataset.vocab.TagVocab object at 0x7ff025f22d10>, 'Tense': <dataset.vocab.TagVocab object at 0x7ff025f204f0>, 'Aspect': <dataset.vocab.TagVocab object at 0x7ff01372c940>, 'Person': <dataset.vocab.TagVocab object at 0x7ff01372c220>, 'Number': <dataset.vocab.TagVocab object at 0x7ff01372c1c0>, 'Valency': <dataset.vocab.TagVocab object at 0x7ff01372c160>, 'Polarity': <dataset.vocab.TagVocab object at 0x7ff01372c100>, 'Interrogativity': <dataset.vocab.TagVocab object at 0x7ff01372c070>, 'Language-Specific': <dataset.vocab.TagVocab object at 0x7ff01372c910>, 'Finiteness': <dataset.vocab.TagVocab object at 0x7ff01372c6d0>}
2023-12-20 13:08:29,917 — Logger3 — INFO — train:120 — tstsize: 1444
2023-12-20 13:08:29,917 — Logger3 — INFO — train:124 — 
2023-12-20 13:08:29,918 — Logger3 — INFO — train:125 — #epc: 0
2023-12-20 13:08:35,540 — Logger3 — INFO — train:164 — epc: 0, epc_loss: 882.657, epc_acc: 0.817
2023-12-20 13:08:35,541 — Logger3 — INFO — train:124 — 
2023-12-20 13:08:35,542 — Logger3 — INFO — train:125 — #epc: 1
2023-12-20 13:08:41,135 — Logger3 — INFO — train:164 — epc: 1, epc_loss: 500.506, epc_acc: 0.861
2023-12-20 13:08:41,136 — Logger3 — INFO — train:124 — 
2023-12-20 13:08:41,136 — Logger3 — INFO — train:125 — #epc: 2
2023-12-20 13:08:46,716 — Logger3 — INFO — train:164 — epc: 2, epc_loss: 463.940, epc_acc: 0.858
2023-12-20 13:08:46,717 — Logger3 — INFO — train:124 — 
2023-12-20 13:08:46,717 — Logger3 — INFO — train:125 — #epc: 3
2023-12-20 13:08:52,247 — Logger3 — INFO — train:164 — epc: 3, epc_loss: 452.327, epc_acc: 0.861
2023-12-20 13:08:52,248 — Logger3 — INFO — train:124 — 
2023-12-20 13:08:52,248 — Logger3 — INFO — train:125 — #epc: 4
2023-12-20 13:08:57,815 — Logger3 — INFO — train:164 — epc: 4, epc_loss: 441.319, epc_acc: 0.861
2023-12-20 13:08:57,816 — Logger3 — INFO — train:124 — 
2023-12-20 13:08:57,816 — Logger3 — INFO — train:125 — #epc: 5
2023-12-20 13:09:03,426 — Logger3 — INFO — train:164 — epc: 5, epc_loss: 436.449, epc_acc: 0.859
2023-12-20 13:09:03,427 — Logger3 — INFO — train:124 — 
2023-12-20 13:09:03,427 — Logger3 — INFO — train:125 — #epc: 6
2023-12-20 13:09:09,111 — Logger3 — INFO — train:164 — epc: 6, epc_loss: 433.546, epc_acc: 0.859
2023-12-20 13:09:09,112 — Logger3 — INFO — train:124 — 
2023-12-20 13:09:09,112 — Logger3 — INFO — train:125 — #epc: 7
2023-12-20 13:09:14,790 — Logger3 — INFO — train:164 — epc: 7, epc_loss: 431.089, epc_acc: 0.861
2023-12-20 13:09:14,791 — Logger3 — INFO — train:124 — 
2023-12-20 13:09:14,791 — Logger3 — INFO — train:125 — #epc: 8
2023-12-20 13:09:20,432 — Logger3 — INFO — train:164 — epc: 8, epc_loss: 429.235, epc_acc: 0.857
2023-12-20 13:09:20,433 — Logger3 — INFO — train:124 — 
2023-12-20 13:09:20,433 — Logger3 — INFO — train:125 — #epc: 9
2023-12-20 13:09:26,093 — Logger3 — INFO — train:164 — epc: 9, epc_loss: 426.557, epc_acc: 0.858
2023-12-20 13:09:26,093 — Logger3 — INFO — train:165 — {0: 0, 1: 0, 2: 470, 3: 507, 4: 467}
2023-12-20 13:09:26,094 — Logger3 — INFO — train:166 — baseline: 0.3511
2023-12-20 13:09:26,094 — Logger3 — INFO — train:167 — max acc: 0.8615
