2023-11-14 22:45:23,803 - Trn unique tgts: 256000
2023-11-14 22:45:23,807 - Trn unique lemmas: 588
2023-11-14 22:45:23,808 - Trn unique taglists: 843
2023-11-14 22:45:23,808 - Dev unique tgts: 799
2023-11-14 22:45:23,809 - Dev unique lemmas: 443
2023-11-14 22:45:23,809 - Dev unique taglists: 352
2023-11-14 22:45:23,810 - Tst unique tgts: 1446
2023-11-14 22:45:23,810 - Tst unique lemmas: 536
2023-11-14 22:45:23,811 - Tst unique taglists: 616
2023-11-14 22:45:23,811 - seen_dev_tgt: 0
2023-11-14 22:45:23,812 - seen_dev_lemma: 799
2023-11-14 22:45:23,812 - seen_dev_taglist: 799
2023-11-14 22:45:23,813 - seen_tst_tgt: 1
2023-11-14 22:45:23,813 - seen_tst_lemma: 1446
2023-11-14 22:45:23,814 - seen_tst_taglist: 1446
2023-11-14 22:45:36,503 - trnID: tur_mergedstdata_VERBS_256k_z128_dec_nh300_kl0.1_epc10_start5_dec_dropout0.2_input_emb_dim64_batchsize64
2023-11-14 22:45:36,504 - batchsize: 64
2023-11-14 22:45:36,504 - epochs: 200
2023-11-14 22:45:36,505 - lr: 0.00050
2023-11-14 22:45:36,506 - KL_WEIGHT: 0.10000
2023-11-14 22:45:36,506 - opt: Adam (
Parameter Group 0
    amsgrad: False
    betas: (0.5, 0.999)
    capturable: False
    eps: 1e-08
    foreach: None
    lr: 0.0005
    maximize: False
    weight_decay: 0
)
2023-11-14 22:45:36,507 - VQVAE(
  (encoder): Encoder_GRU_VQVAE(
    (layers): ModuleList(
      (0): Embedding(39, 64)
      (1): Dropout(p=0.0, inplace=False)
      (2): GRU(64, 256, batch_first=True, bidirectional=True)
    )
  )
  (z_linears): ModuleList(
    (0): Linear(in_features=512, out_features=128, bias=True)
    (1): Linear(in_features=512, out_features=128, bias=True)
    (2): Linear(in_features=512, out_features=128, bias=True)
    (3): Linear(in_features=512, out_features=128, bias=True)
    (4): Linear(in_features=512, out_features=128, bias=True)
    (5): Linear(in_features=512, out_features=128, bias=True)
    (6): Linear(in_features=512, out_features=128, bias=True)
    (7): Linear(in_features=512, out_features=128, bias=True)
    (8): Linear(in_features=512, out_features=128, bias=True)
    (9): Linear(in_features=512, out_features=128, bias=True)
    (10): Linear(in_features=512, out_features=128, bias=True)
  )
  (quantizers): ModuleList(
    (0): Quantizer(
      (embeddings): Embedding(3, 128)
    )
    (1): Quantizer(
      (embeddings): Embedding(4, 128)
    )
    (2): Quantizer(
      (embeddings): Embedding(5, 128)
    )
    (3): Quantizer(
      (embeddings): Embedding(4, 128)
    )
    (4): Quantizer(
      (embeddings): Embedding(5, 128)
    )
    (5): Quantizer(
      (embeddings): Embedding(3, 128)
    )
    (6): Quantizer(
      (embeddings): Embedding(5, 128)
    )
    (7): Quantizer(
      (embeddings): Embedding(8, 128)
    )
    (8): Quantizer(
      (embeddings): Embedding(3, 128)
    )
    (9): Quantizer(
      (embeddings): Embedding(5, 128)
    )
    (10): Quantizer(
      (embeddings): Embedding(3, 128)
    )
  )
  (z_lemma_mu): Linear(in_features=512, out_features=128, bias=True)
  (z_lemma_logvar): Linear(in_features=512, out_features=128, bias=True)
  (up_from_z_layer): Linear(in_features=128, out_features=300, bias=True)
  (decoder): Decoder_GRU_VQVAE(
    (layers): ModuleList(
      (0): Embedding(39, 64)
      (1): Dropout(p=0.2, inplace=False)
      (2): GRU(320, 300, batch_first=True)
      (3): Linear(in_features=300, out_features=39, bias=True)
    )
    (loss): CrossEntropyLoss()
  )
)
2023-11-14 22:45:36,695 - trnsize: 256000
2023-11-14 22:45:36,696 - devsize: 799
2023-11-14 22:45:36,696 - 
2023-11-14 22:45:36,697 - #epc: 0
2023-11-14 22:45:36,699 - epc:0, epc_KL:  0.000000
2023-11-14 22:47:23,251 - exact_match_tst_dictsupervised_wlemma: 0.007
2023-11-14 22:47:23,252 - TRN || epcloss: 0.3379
2023-11-14 22:47:23,253 -     || Q: 0.4614
2023-11-14 22:47:23,253 -     || KL: 3.8157
2023-11-14 22:47:23,254 -     || token_match: 0.905, exact_match: 0.500
2023-11-14 22:47:23,255 - DEV || epcloss: 0.1366
2023-11-14 22:47:23,255 -     || Q: 0.2022
2023-11-14 22:47:23,256 -     || KL: 12.3267
2023-11-14 22:47:23,256 -     || token_match: 0.963, exact_match: 0.660
2023-11-14 22:47:23,257 -     || BEST exact match (teacher forcing): 0.660
2023-11-14 22:47:23,258 - 
2023-11-14 22:47:23,259 - #epc: 1
2023-11-14 22:47:23,873 - epc:1, epc_KL:  0.000000
2023-11-14 22:49:09,251 - exact_match_tst_dictsupervised_wlemma: 0.017
2023-11-14 22:49:09,252 - TRN || epcloss: 0.0305
2023-11-14 22:49:09,262 -     || Q: 0.1274
2023-11-14 22:49:09,263 -     || KL: 4.4581
2023-11-14 22:49:09,263 -     || token_match: 0.992, exact_match: 0.888
2023-11-14 22:49:09,264 - DEV || epcloss: 0.0890
2023-11-14 22:49:09,265 -     || Q: 0.1292
2023-11-14 22:49:09,265 -     || KL: 10.1275
2023-11-14 22:49:09,266 -     || token_match: 0.976, exact_match: 0.770
2023-11-14 22:49:09,266 -     || BEST exact match (teacher forcing): 0.770
2023-11-14 22:49:09,268 - 
2023-11-14 22:49:09,268 - #epc: 2
2023-11-14 22:49:09,798 - epc:2, epc_KL:  0.000000
2023-11-14 22:50:58,130 - exact_match_tst_dictsupervised_wlemma: 0.023
2023-11-14 22:50:58,131 - TRN || epcloss: 0.0187
2023-11-14 22:50:58,132 -     || Q: 0.0884
2023-11-14 22:50:58,133 -     || KL: 4.5373
2023-11-14 22:50:58,133 -     || token_match: 0.995, exact_match: 0.944
2023-11-14 22:50:58,134 - DEV || epcloss: 0.0476
2023-11-14 22:50:58,134 -     || Q: 0.0610
2023-11-14 22:50:58,135 -     || KL: 11.8087
2023-11-14 22:50:58,135 -     || token_match: 0.986, exact_match: 0.846
2023-11-14 22:50:58,136 -     || BEST exact match (teacher forcing): 0.846
2023-11-14 22:50:58,137 - 
2023-11-14 22:50:58,138 - #epc: 3
2023-11-14 22:50:58,684 - epc:3, epc_KL:  0.000000
2023-11-14 22:52:44,995 - exact_match_tst_dictsupervised_wlemma: 0.027
2023-11-14 22:52:44,996 - TRN || epcloss: 0.0183
2023-11-14 22:52:44,997 -     || Q: 0.0663
2023-11-14 22:52:44,997 -     || KL: 4.5020
2023-11-14 22:52:44,998 -     || token_match: 0.995, exact_match: 0.937
2023-11-14 22:52:44,999 - DEV || epcloss: 0.0413
2023-11-14 22:52:44,999 -     || Q: 0.0639
2023-11-14 22:52:45,000 -     || KL: 11.2845
2023-11-14 22:52:45,000 -     || token_match: 0.988, exact_match: 0.869
2023-11-14 22:52:45,001 -     || BEST exact match (teacher forcing): 0.869
2023-11-14 22:52:45,002 - 
2023-11-14 22:52:45,003 - #epc: 4
2023-11-14 22:52:45,604 - epc:4, epc_KL:  0.000000
2023-11-14 22:54:33,343 - exact_match_tst_dictsupervised_wlemma: 0.043
2023-11-14 22:54:33,344 - TRN || epcloss: 0.0128
2023-11-14 22:54:33,345 -     || Q: 0.0488
2023-11-14 22:54:33,345 -     || KL: 4.5435
2023-11-14 22:54:33,346 -     || token_match: 0.997, exact_match: 0.959
2023-11-14 22:54:33,347 - DEV || epcloss: 0.0235
2023-11-14 22:54:33,347 -     || Q: 0.0441
2023-11-14 22:54:33,348 -     || KL: 12.7377
2023-11-14 22:54:33,348 -     || token_match: 0.993, exact_match: 0.904
2023-11-14 22:54:33,349 -     || BEST exact match (teacher forcing): 0.904
2023-11-14 22:54:33,350 - 
2023-11-14 22:54:33,351 - #epc: 5
2023-11-14 22:54:33,870 - epc:5, epc_KL:  0.050000
2023-11-14 22:56:21,539 - exact_match_tst_dictsupervised_wlemma: 0.488
2023-11-14 22:56:21,540 - TRN || epcloss: 0.0213
2023-11-14 22:56:21,541 -     || Q: 0.2873
2023-11-14 22:56:21,542 -     || KL: 1.0817
2023-11-14 22:56:21,543 -     || token_match: 0.994, exact_match: 0.897
2023-11-14 22:56:21,544 - DEV || epcloss: 0.0633
2023-11-14 22:56:21,544 -     || Q: 0.4332
2023-11-14 22:56:21,545 -     || KL: 2.3402
2023-11-14 22:56:21,545 -     || token_match: 0.981, exact_match: 0.796
2023-11-14 22:56:21,547 - 
2023-11-14 22:56:21,548 - #epc: 6
2023-11-14 22:56:22,080 - epc:6, epc_KL:  0.060000
2023-11-14 22:58:07,285 - exact_match_tst_dictsupervised_wlemma: 0.638
2023-11-14 22:58:07,287 - TRN || epcloss: 0.0156
2023-11-14 22:58:07,288 -     || Q: 0.5466
2023-11-14 22:58:07,288 -     || KL: 0.7505
2023-11-14 22:58:07,289 -     || token_match: 0.995, exact_match: 0.920
2023-11-14 22:58:07,290 - DEV || epcloss: 0.0638
2023-11-14 22:58:07,290 -     || Q: 0.5834
2023-11-14 22:58:07,291 -     || KL: 2.0877
2023-11-14 22:58:07,291 -     || token_match: 0.983, exact_match: 0.786
2023-11-14 22:58:07,293 - 
2023-11-14 22:58:07,293 - #epc: 7
2023-11-14 22:58:07,829 - epc:7, epc_KL:  0.070000
2023-11-14 22:59:54,106 - exact_match_tst_dictsupervised_wlemma: 0.704
2023-11-14 22:59:54,108 - TRN || epcloss: 0.0155
2023-11-14 22:59:54,109 -     || Q: 0.7225
2023-11-14 22:59:54,110 -     || KL: 0.6374
2023-11-14 22:59:54,110 -     || token_match: 0.995, exact_match: 0.923
2023-11-14 22:59:54,111 - DEV || epcloss: 0.0558
2023-11-14 22:59:54,112 -     || Q: 0.7675
2023-11-14 22:59:54,112 -     || KL: 1.9612
2023-11-14 22:59:54,113 -     || token_match: 0.985, exact_match: 0.820
2023-11-14 22:59:54,115 - 
2023-11-14 22:59:54,116 - #epc: 8
2023-11-14 22:59:54,633 - epc:8, epc_KL:  0.080000
2023-11-14 23:01:40,001 - exact_match_tst_dictsupervised_wlemma: 0.731
2023-11-14 23:01:40,003 - TRN || epcloss: 0.0122
2023-11-14 23:01:40,004 -     || Q: 0.7980
2023-11-14 23:01:40,004 -     || KL: 0.5567
2023-11-14 23:01:40,005 -     || token_match: 0.996, exact_match: 0.935
2023-11-14 23:01:40,006 - DEV || epcloss: 0.0584
2023-11-14 23:01:40,006 -     || Q: 0.8375
2023-11-14 23:01:40,007 -     || KL: 1.7090
2023-11-14 23:01:40,007 -     || token_match: 0.984, exact_match: 0.792
2023-11-14 23:01:40,009 - 
2023-11-14 23:01:40,010 - #epc: 9
2023-11-14 23:01:40,563 - epc:9, epc_KL:  0.090000
2023-11-14 23:03:26,207 - exact_match_tst_dictsupervised_wlemma: 0.721
2023-11-14 23:03:26,209 - TRN || epcloss: 0.0126
2023-11-14 23:03:26,210 -     || Q: 0.8869
2023-11-14 23:03:26,210 -     || KL: 0.4749
2023-11-14 23:03:26,211 -     || token_match: 0.996, exact_match: 0.935
2023-11-14 23:03:26,212 - DEV || epcloss: 0.0558
2023-11-14 23:03:26,212 -     || Q: 1.0229
2023-11-14 23:03:26,213 -     || KL: 1.5567
2023-11-14 23:03:26,213 -     || token_match: 0.986, exact_match: 0.817
2023-11-14 23:03:26,215 - 
2023-11-14 23:03:26,215 - #epc: 10
2023-11-14 23:03:26,723 - epc:10, epc_KL:  0.100000
2023-11-14 23:05:11,327 - exact_match_tst_dictsupervised_wlemma: 0.807
2023-11-14 23:05:11,329 - TRN || epcloss: 0.0104
2023-11-14 23:05:11,330 -     || Q: 0.9686
2023-11-14 23:05:11,330 -     || KL: 0.4180
2023-11-14 23:05:11,331 -     || token_match: 0.997, exact_match: 0.944
2023-11-14 23:05:11,332 - DEV || epcloss: 0.0488
2023-11-14 23:05:11,332 -     || Q: 1.0824
2023-11-14 23:05:11,333 -     || KL: 1.3989
2023-11-14 23:05:11,334 -     || token_match: 0.988, exact_match: 0.825
2023-11-14 23:05:11,335 - 
2023-11-14 23:05:11,336 - #epc: 11
2023-11-14 23:05:11,886 - epc:11, epc_KL:  0.100000
2023-11-14 23:06:57,073 - exact_match_tst_dictsupervised_wlemma: 0.761
2023-11-14 23:06:57,075 - TRN || epcloss: 0.0099
2023-11-14 23:06:57,076 -     || Q: 0.9719
2023-11-14 23:06:57,077 -     || KL: 0.3757
2023-11-14 23:06:57,078 -     || token_match: 0.997, exact_match: 0.948
2023-11-14 23:06:57,078 - DEV || epcloss: 0.0448
2023-11-14 23:06:57,079 -     || Q: 1.0096
2023-11-14 23:06:57,080 -     || KL: 1.1763
2023-11-14 23:06:57,080 -     || token_match: 0.989, exact_match: 0.826
2023-11-14 23:06:57,082 - 
2023-11-14 23:06:57,082 - #epc: 12
2023-11-14 23:06:57,662 - epc:12, epc_KL:  0.100000
2023-11-14 23:08:44,197 - exact_match_tst_dictsupervised_wlemma: 0.804
2023-11-14 23:08:44,199 - TRN || epcloss: 0.0084
2023-11-14 23:08:44,200 -     || Q: 0.9017
2023-11-14 23:08:44,200 -     || KL: 0.3465
2023-11-14 23:08:44,201 -     || token_match: 0.997, exact_match: 0.955
2023-11-14 23:08:44,201 - DEV || epcloss: 0.0537
2023-11-14 23:08:44,202 -     || Q: 1.0605
2023-11-14 23:08:44,203 -     || KL: 1.0371
2023-11-14 23:08:44,203 -     || token_match: 0.987, exact_match: 0.817
2023-11-14 23:08:44,204 - 
2023-11-14 23:08:44,205 - #epc: 13
2023-11-14 23:08:44,751 - epc:13, epc_KL:  0.100000
2023-11-14 23:10:30,871 - exact_match_tst_dictsupervised_wlemma: 0.814
2023-11-14 23:10:30,873 - TRN || epcloss: 0.0080
2023-11-14 23:10:30,874 -     || Q: 0.8892
2023-11-14 23:10:30,874 -     || KL: 0.3304
2023-11-14 23:10:30,875 -     || token_match: 0.998, exact_match: 0.957
2023-11-14 23:10:30,876 - DEV || epcloss: 0.0394
2023-11-14 23:10:30,876 -     || Q: 1.0003
2023-11-14 23:10:30,877 -     || KL: 1.0273
2023-11-14 23:10:30,877 -     || token_match: 0.991, exact_match: 0.862
2023-11-14 23:10:30,879 - 
2023-11-14 23:10:30,879 - #epc: 14
2023-11-14 23:10:31,458 - epc:14, epc_KL:  0.100000
2023-11-14 23:12:17,065 - exact_match_tst_dictsupervised_wlemma: 0.771
2023-11-14 23:12:17,066 - TRN || epcloss: 0.0077
2023-11-14 23:12:17,067 -     || Q: 0.8675
2023-11-14 23:12:17,068 -     || KL: 0.3250
2023-11-14 23:12:17,069 -     || token_match: 0.998, exact_match: 0.958
2023-11-14 23:12:17,070 - DEV || epcloss: 0.0470
2023-11-14 23:12:17,070 -     || Q: 0.9421
2023-11-14 23:12:17,071 -     || KL: 1.0304
2023-11-14 23:12:17,072 -     || token_match: 0.988, exact_match: 0.827
2023-11-14 23:12:17,073 - 
2023-11-14 23:12:17,074 - #epc: 15
2023-11-14 23:12:17,612 - epc:15, epc_KL:  0.100000
2023-11-14 23:14:03,782 - exact_match_tst_dictsupervised_wlemma: 0.794
2023-11-14 23:14:03,783 - TRN || epcloss: 0.0070
2023-11-14 23:14:03,784 -     || Q: 0.8243
2023-11-14 23:14:03,785 -     || KL: 0.3198
2023-11-14 23:14:03,785 -     || token_match: 0.998, exact_match: 0.962
2023-11-14 23:14:03,786 - DEV || epcloss: 0.0446
2023-11-14 23:14:03,787 -     || Q: 1.1298
2023-11-14 23:14:03,788 -     || KL: 1.2033
2023-11-14 23:14:03,789 -     || token_match: 0.989, exact_match: 0.844
2023-11-14 23:14:03,790 - 
2023-11-14 23:14:03,791 - #epc: 16
2023-11-14 23:14:04,348 - epc:16, epc_KL:  0.100000
2023-11-14 23:15:49,187 - exact_match_tst_dictsupervised_wlemma: 0.827
2023-11-14 23:15:49,188 - TRN || epcloss: 0.0068
2023-11-14 23:15:49,190 -     || Q: 0.7786
2023-11-14 23:15:49,190 -     || KL: 0.3088
2023-11-14 23:15:49,191 -     || token_match: 0.998, exact_match: 0.963
2023-11-14 23:15:49,191 - DEV || epcloss: 0.0492
2023-11-14 23:15:49,192 -     || Q: 0.8481
2023-11-14 23:15:49,192 -     || KL: 0.9554
2023-11-14 23:15:49,193 -     || token_match: 0.990, exact_match: 0.850
2023-11-14 23:15:49,194 - 
2023-11-14 23:15:49,195 - #epc: 17
2023-11-14 23:15:49,819 - epc:17, epc_KL:  0.100000
2023-11-14 23:17:35,785 - exact_match_tst_dictsupervised_wlemma: 0.784
2023-11-14 23:17:35,786 - TRN || epcloss: 0.0069
2023-11-14 23:17:35,787 -     || Q: 0.8145
2023-11-14 23:17:35,788 -     || KL: 0.3036
2023-11-14 23:17:35,789 -     || token_match: 0.998, exact_match: 0.963
2023-11-14 23:17:35,790 - DEV || epcloss: 0.0534
2023-11-14 23:17:35,790 -     || Q: 0.8612
2023-11-14 23:17:35,791 -     || KL: 1.0279
2023-11-14 23:17:35,792 -     || token_match: 0.988, exact_match: 0.827
2023-11-14 23:17:35,793 - 
2023-11-14 23:17:35,794 - #epc: 18
2023-11-14 23:17:36,328 - epc:18, epc_KL:  0.100000
2023-11-14 23:19:21,328 - exact_match_tst_dictsupervised_wlemma: 0.854
2023-11-14 23:19:21,329 - TRN || epcloss: 0.0062
2023-11-14 23:19:21,330 -     || Q: 0.7508
2023-11-14 23:19:21,331 -     || KL: 0.2970
2023-11-14 23:19:21,331 -     || token_match: 0.998, exact_match: 0.966
2023-11-14 23:19:21,332 - DEV || epcloss: 0.0513
2023-11-14 23:19:21,332 -     || Q: 0.8534
2023-11-14 23:19:21,333 -     || KL: 0.9644
2023-11-14 23:19:21,333 -     || token_match: 0.990, exact_match: 0.842
2023-11-14 23:19:21,335 - 
2023-11-14 23:19:21,335 - #epc: 19
2023-11-14 23:19:21,936 - epc:19, epc_KL:  0.100000
2023-11-14 23:21:08,387 - exact_match_tst_dictsupervised_wlemma: 0.827
2023-11-14 23:21:08,388 - TRN || epcloss: 0.0072
2023-11-14 23:21:08,389 -     || Q: 0.7506
2023-11-14 23:21:08,390 -     || KL: 0.3001
2023-11-14 23:21:08,390 -     || token_match: 0.998, exact_match: 0.964
2023-11-14 23:21:08,391 - DEV || epcloss: 0.0422
2023-11-14 23:21:08,391 -     || Q: 0.8663
2023-11-14 23:21:08,392 -     || KL: 1.0051
2023-11-14 23:21:08,393 -     || token_match: 0.990, exact_match: 0.855
2023-11-14 23:21:08,394 - 
2023-11-14 23:21:08,395 - #epc: 20
2023-11-14 23:21:08,973 - epc:20, epc_KL:  0.100000
2023-11-14 23:22:54,580 - exact_match_tst_dictsupervised_wlemma: 0.841
2023-11-14 23:22:54,581 - TRN || epcloss: 0.0058
2023-11-14 23:22:54,582 -     || Q: 0.6852
2023-11-14 23:22:54,582 -     || KL: 0.2874
2023-11-14 23:22:54,583 -     || token_match: 0.998, exact_match: 0.969
2023-11-14 23:22:54,584 - DEV || epcloss: 0.0388
2023-11-14 23:22:54,585 -     || Q: 0.7967
2023-11-14 23:22:54,585 -     || KL: 0.9363
2023-11-14 23:22:54,586 -     || token_match: 0.991, exact_match: 0.860
2023-11-14 23:22:54,587 - 
2023-11-14 23:22:54,588 - #epc: 21
2023-11-14 23:22:55,176 - epc:21, epc_KL:  0.100000
2023-11-14 23:24:40,926 - exact_match_tst_dictsupervised_wlemma: 0.844
2023-11-14 23:24:40,927 - TRN || epcloss: 0.0061
2023-11-14 23:24:40,928 -     || Q: 0.7138
2023-11-14 23:24:40,929 -     || KL: 0.2863
2023-11-14 23:24:40,930 -     || token_match: 0.998, exact_match: 0.968
2023-11-14 23:24:40,930 - DEV || epcloss: 0.0441
2023-11-14 23:24:40,931 -     || Q: 0.8464
2023-11-14 23:24:40,932 -     || KL: 0.9651
2023-11-14 23:24:40,933 -     || token_match: 0.991, exact_match: 0.869
2023-11-14 23:24:40,934 - 
2023-11-14 23:24:40,935 - #epc: 22
2023-11-14 23:24:41,531 - epc:22, epc_KL:  0.100000
2023-11-14 23:26:27,525 - exact_match_tst_dictsupervised_wlemma: 0.847
2023-11-14 23:26:27,526 - TRN || epcloss: 0.0061
2023-11-14 23:26:27,527 -     || Q: 0.6969
2023-11-14 23:26:27,528 -     || KL: 0.2844
2023-11-14 23:26:27,528 -     || token_match: 0.998, exact_match: 0.967
2023-11-14 23:26:27,529 - DEV || epcloss: 0.0468
2023-11-14 23:26:27,530 -     || Q: 0.8985
2023-11-14 23:26:27,530 -     || KL: 0.9965
2023-11-14 23:26:27,531 -     || token_match: 0.990, exact_match: 0.854
2023-11-14 23:26:27,532 - 
2023-11-14 23:26:27,533 - #epc: 23
2023-11-14 23:26:28,094 - epc:23, epc_KL:  0.100000
2023-11-14 23:28:14,003 - exact_match_tst_dictsupervised_wlemma: 0.860
2023-11-14 23:28:14,004 - TRN || epcloss: 0.0056
2023-11-14 23:28:14,005 -     || Q: 0.6780
2023-11-14 23:28:14,006 -     || KL: 0.2822
2023-11-14 23:28:14,006 -     || token_match: 0.998, exact_match: 0.970
2023-11-14 23:28:14,007 - DEV || epcloss: 0.0389
2023-11-14 23:28:14,008 -     || Q: 0.8201
2023-11-14 23:28:14,008 -     || KL: 0.9561
2023-11-14 23:28:14,009 -     || token_match: 0.991, exact_match: 0.860
2023-11-14 23:28:14,010 - 
2023-11-14 23:28:14,011 - #epc: 24
2023-11-14 23:28:14,615 - epc:24, epc_KL:  0.100000
2023-11-14 23:29:59,648 - exact_match_tst_dictsupervised_wlemma: 0.847
2023-11-14 23:29:59,649 - TRN || epcloss: 0.0059
2023-11-14 23:29:59,651 -     || Q: 0.6695
2023-11-14 23:29:59,651 -     || KL: 0.2806
2023-11-14 23:29:59,652 -     || token_match: 0.998, exact_match: 0.969
2023-11-14 23:29:59,653 - DEV || epcloss: 0.0381
2023-11-14 23:29:59,653 -     || Q: 0.9147
2023-11-14 23:29:59,654 -     || KL: 1.1180
2023-11-14 23:29:59,654 -     || token_match: 0.992, exact_match: 0.875
2023-11-14 23:29:59,656 - 
2023-11-14 23:29:59,656 - #epc: 25
2023-11-14 23:30:00,278 - epc:25, epc_KL:  0.100000
2023-11-14 23:31:46,857 - exact_match_tst_dictsupervised_wlemma: 0.864
2023-11-14 23:31:46,858 - TRN || epcloss: 0.0053
2023-11-14 23:31:46,859 -     || Q: 0.6619
2023-11-14 23:31:46,860 -     || KL: 0.2845
2023-11-14 23:31:46,860 -     || token_match: 0.998, exact_match: 0.971
2023-11-14 23:31:46,861 - DEV || epcloss: 0.0427
2023-11-14 23:31:46,862 -     || Q: 0.8939
2023-11-14 23:31:46,863 -     || KL: 1.0567
2023-11-14 23:31:46,863 -     || token_match: 0.992, exact_match: 0.870
2023-11-14 23:31:46,865 - 
2023-11-14 23:31:46,865 - #epc: 26
2023-11-14 23:31:47,440 - epc:26, epc_KL:  0.100000
2023-11-14 23:33:35,863 - exact_match_tst_dictsupervised_wlemma: 0.850
2023-11-14 23:33:35,864 - TRN || epcloss: 0.0058
2023-11-14 23:33:35,865 -     || Q: 0.6802
2023-11-14 23:33:35,866 -     || KL: 0.2787
2023-11-14 23:33:35,866 -     || token_match: 0.998, exact_match: 0.970
2023-11-14 23:33:35,867 - DEV || epcloss: 0.0430
2023-11-14 23:33:35,867 -     || Q: 0.9152
2023-11-14 23:33:35,868 -     || KL: 0.9385
2023-11-14 23:33:35,868 -     || token_match: 0.991, exact_match: 0.866
2023-11-14 23:33:35,870 - 
2023-11-14 23:33:35,870 - #epc: 27
2023-11-14 23:33:36,479 - epc:27, epc_KL:  0.100000
2023-11-14 23:35:23,246 - exact_match_tst_dictsupervised_wlemma: 0.860
2023-11-14 23:35:23,248 - TRN || epcloss: 0.0053
2023-11-14 23:35:23,249 -     || Q: 0.6274
2023-11-14 23:35:23,250 -     || KL: 0.2727
2023-11-14 23:35:23,250 -     || token_match: 0.998, exact_match: 0.971
2023-11-14 23:35:23,251 - DEV || epcloss: 0.0379
2023-11-14 23:35:23,251 -     || Q: 0.9085
2023-11-14 23:35:23,252 -     || KL: 0.8966
2023-11-14 23:35:23,253 -     || token_match: 0.992, exact_match: 0.877
2023-11-14 23:35:23,254 - 
2023-11-14 23:35:23,255 - #epc: 28
2023-11-14 23:35:23,807 - epc:28, epc_KL:  0.100000
2023-11-14 23:37:11,692 - exact_match_tst_dictsupervised_wlemma: 0.831
2023-11-14 23:37:11,693 - TRN || epcloss: 0.0055
2023-11-14 23:37:11,694 -     || Q: 0.6566
2023-11-14 23:37:11,695 -     || KL: 0.2733
2023-11-14 23:37:11,695 -     || token_match: 0.998, exact_match: 0.970
2023-11-14 23:37:11,696 - DEV || epcloss: 0.0513
2023-11-14 23:37:11,697 -     || Q: 0.8483
2023-11-14 23:37:11,697 -     || KL: 0.9155
2023-11-14 23:37:11,698 -     || token_match: 0.990, exact_match: 0.845
2023-11-14 23:37:11,699 - 
2023-11-14 23:37:11,700 - #epc: 29
2023-11-14 23:37:12,321 - epc:29, epc_KL:  0.100000
2023-11-14 23:38:59,532 - exact_match_tst_dictsupervised_wlemma: 0.860
2023-11-14 23:38:59,533 - TRN || epcloss: 0.0058
2023-11-14 23:38:59,535 -     || Q: 0.6656
2023-11-14 23:38:59,535 -     || KL: 0.2738
2023-11-14 23:38:59,536 -     || token_match: 0.998, exact_match: 0.970
2023-11-14 23:38:59,537 - DEV || epcloss: 0.0437
2023-11-14 23:38:59,537 -     || Q: 0.8809
2023-11-14 23:38:59,538 -     || KL: 0.9066
2023-11-14 23:38:59,538 -     || token_match: 0.992, exact_match: 0.876
2023-11-14 23:38:59,540 - 
2023-11-14 23:38:59,540 - #epc: 30
2023-11-14 23:39:00,100 - epc:30, epc_KL:  0.100000
2023-11-14 23:40:48,531 - exact_match_tst_dictsupervised_wlemma: 0.860
2023-11-14 23:40:48,532 - TRN || epcloss: 0.0054
2023-11-14 23:40:48,533 -     || Q: 0.6269
2023-11-14 23:40:48,534 -     || KL: 0.2699
2023-11-14 23:40:48,534 -     || token_match: 0.998, exact_match: 0.971
2023-11-14 23:40:48,535 - DEV || epcloss: 0.0444
2023-11-14 23:40:48,535 -     || Q: 0.8451
2023-11-14 23:40:48,536 -     || KL: 0.9874
2023-11-14 23:40:48,537 -     || token_match: 0.991, exact_match: 0.851
2023-11-14 23:40:48,538 - 
2023-11-14 23:40:48,539 - #epc: 31
2023-11-14 23:40:49,157 - epc:31, epc_KL:  0.100000
2023-11-14 23:42:32,602 - exact_match_dev_dictsupervised_wtgt: 91
2023-11-14 23:42:38,122 - exact_match_tst_dictsupervised_wlemma: 0.860
2023-11-14 23:42:38,123 - TRN || epcloss: 0.0053
2023-11-14 23:42:38,124 -     || Q: 0.6242
2023-11-14 23:42:38,125 -     || KL: 0.2709
2023-11-14 23:42:38,125 -     || token_match: 0.998, exact_match: 0.972
2023-11-14 23:42:38,126 - DEV || epcloss: 0.0488
2023-11-14 23:42:38,127 -     || Q: 0.7864
2023-11-14 23:42:38,127 -     || KL: 0.9701
2023-11-14 23:42:38,128 -     || token_match: 0.991, exact_match: 0.860
2023-11-14 23:42:38,129 - 
2023-11-14 23:42:38,130 - #epc: 32
2023-11-14 23:42:38,702 - epc:32, epc_KL:  0.100000
2023-11-14 23:44:21,900 - exact_match_dev_dictsupervised_wtgt: 90
2023-11-14 23:44:27,232 - exact_match_tst_dictsupervised_wlemma: 0.817
2023-11-14 23:44:27,234 - TRN || epcloss: 0.0058
2023-11-14 23:44:27,234 -     || Q: 0.6545
2023-11-14 23:44:27,235 -     || KL: 0.2758
2023-11-14 23:44:27,236 -     || token_match: 0.998, exact_match: 0.970
2023-11-14 23:44:27,236 - DEV || epcloss: 0.0408
2023-11-14 23:44:27,237 -     || Q: 1.0159
2023-11-14 23:44:27,237 -     || KL: 1.0006
2023-11-14 23:44:27,238 -     || token_match: 0.992, exact_match: 0.869
2023-11-14 23:44:27,239 - 
2023-11-14 23:44:27,240 - #epc: 33
2023-11-14 23:44:27,869 - epc:33, epc_KL:  0.100000
2023-11-14 23:46:10,646 - exact_match_dev_dictsupervised_wtgt: 81
2023-11-14 23:46:16,174 - exact_match_tst_dictsupervised_wlemma: 0.804
2023-11-14 23:46:16,176 - TRN || epcloss: 0.0050
2023-11-14 23:46:16,177 -     || Q: 0.6045
2023-11-14 23:46:16,178 -     || KL: 0.2668
2023-11-14 23:46:16,178 -     || token_match: 0.999, exact_match: 0.973
2023-11-14 23:46:16,179 - DEV || epcloss: 0.0488
2023-11-14 23:46:16,179 -     || Q: 0.8789
2023-11-14 23:46:16,180 -     || KL: 0.9884
2023-11-14 23:46:16,180 -     || token_match: 0.991, exact_match: 0.872
2023-11-14 23:46:16,212 -     || saved model
2023-11-14 23:46:16,214 - 
2023-11-14 23:46:16,215 - #epc: 34
2023-11-14 23:46:16,787 - epc:34, epc_KL:  0.100000
2023-11-14 23:48:00,372 - exact_match_dev_dictsupervised_wtgt: 85
2023-11-14 23:48:06,020 - exact_match_tst_dictsupervised_wlemma: 0.841
2023-11-14 23:48:06,021 - TRN || epcloss: 0.0049
2023-11-14 23:48:06,022 -     || Q: 0.5930
2023-11-14 23:48:06,023 -     || KL: 0.2688
2023-11-14 23:48:06,023 -     || token_match: 0.999, exact_match: 0.973
2023-11-14 23:48:06,024 - DEV || epcloss: 0.0447
2023-11-14 23:48:06,025 -     || Q: 0.7967
2023-11-14 23:48:06,025 -     || KL: 0.9026
2023-11-14 23:48:06,026 -     || token_match: 0.992, exact_match: 0.861
2023-11-14 23:48:06,027 - 
2023-11-14 23:48:06,028 - #epc: 35
2023-11-14 23:48:06,668 - epc:35, epc_KL:  0.100000
2023-11-14 23:49:51,208 - exact_match_dev_dictsupervised_wtgt: 89
2023-11-14 23:49:56,781 - exact_match_tst_dictsupervised_wlemma: 0.854
2023-11-14 23:49:56,782 - TRN || epcloss: 0.0053
2023-11-14 23:49:56,783 -     || Q: 0.6169
2023-11-14 23:49:56,784 -     || KL: 0.2653
2023-11-14 23:49:56,785 -     || token_match: 0.998, exact_match: 0.972
2023-11-14 23:49:56,785 - DEV || epcloss: 0.0401
2023-11-14 23:49:56,786 -     || Q: 0.7497
2023-11-14 23:49:56,787 -     || KL: 0.8761
2023-11-14 23:49:56,787 -     || token_match: 0.992, exact_match: 0.859
2023-11-14 23:49:56,788 - 
2023-11-14 23:49:56,789 - #epc: 36
2023-11-14 23:49:57,391 - epc:36, epc_KL:  0.100000
2023-11-14 23:51:41,470 - exact_match_dev_dictsupervised_wtgt: 87
2023-11-14 23:51:46,912 - exact_match_tst_dictsupervised_wlemma: 0.834
2023-11-14 23:51:46,913 - TRN || epcloss: 0.0052
2023-11-14 23:51:46,914 -     || Q: 0.6182
2023-11-14 23:51:46,915 -     || KL: 0.2686
2023-11-14 23:51:46,916 -     || token_match: 0.998, exact_match: 0.972
2023-11-14 23:51:46,916 - DEV || epcloss: 0.0472
2023-11-14 23:51:46,917 -     || Q: 0.9209
2023-11-14 23:51:46,917 -     || KL: 0.9017
2023-11-14 23:51:46,918 -     || token_match: 0.991, exact_match: 0.861
2023-11-14 23:51:46,974 -     || saved model
2023-11-14 23:51:46,975 - 
2023-11-14 23:51:46,976 - #epc: 37
2023-11-14 23:51:47,591 - epc:37, epc_KL:  0.100000
2023-11-14 23:53:31,393 - exact_match_dev_dictsupervised_wtgt: 88
2023-11-14 23:53:36,758 - exact_match_tst_dictsupervised_wlemma: 0.837
2023-11-14 23:53:36,759 - TRN || epcloss: 0.0054
2023-11-14 23:53:36,760 -     || Q: 0.6276
2023-11-14 23:53:36,761 -     || KL: 0.2669
2023-11-14 23:53:36,762 -     || token_match: 0.998, exact_match: 0.972
2023-11-14 23:53:36,762 - DEV || epcloss: 0.0402
2023-11-14 23:53:36,763 -     || Q: 0.7862
2023-11-14 23:53:36,763 -     || KL: 0.8752
2023-11-14 23:53:36,764 -     || token_match: 0.992, exact_match: 0.874
2023-11-14 23:53:36,765 - 
2023-11-14 23:53:36,766 - #epc: 38
2023-11-14 23:53:37,398 - epc:38, epc_KL:  0.100000
2023-11-14 23:55:21,583 - exact_match_dev_dictsupervised_wtgt: 88
2023-11-14 23:55:26,961 - exact_match_tst_dictsupervised_wlemma: 0.817
2023-11-14 23:55:26,962 - TRN || epcloss: 0.0051
2023-11-14 23:55:26,963 -     || Q: 0.6155
2023-11-14 23:55:26,964 -     || KL: 0.2657
2023-11-14 23:55:26,965 -     || token_match: 0.998, exact_match: 0.972
2023-11-14 23:55:26,965 - DEV || epcloss: 0.0452
2023-11-14 23:55:26,966 -     || Q: 0.9196
2023-11-14 23:55:26,966 -     || KL: 0.9335
2023-11-14 23:55:26,967 -     || token_match: 0.991, exact_match: 0.865
2023-11-14 23:55:26,968 - 
2023-11-14 23:55:26,969 - #epc: 39
2023-11-14 23:55:27,563 - epc:39, epc_KL:  0.100000
2023-11-14 23:57:11,005 - exact_match_dev_dictsupervised_wtgt: 88
2023-11-14 23:57:16,514 - exact_match_tst_dictsupervised_wlemma: 0.821
2023-11-14 23:57:16,515 - TRN || epcloss: 0.0056
2023-11-14 23:57:16,516 -     || Q: 0.6308
2023-11-14 23:57:16,517 -     || KL: 0.2731
2023-11-14 23:57:16,517 -     || token_match: 0.998, exact_match: 0.972
2023-11-14 23:57:16,518 - DEV || epcloss: 0.0445
2023-11-14 23:57:16,518 -     || Q: 0.8968
2023-11-14 23:57:16,519 -     || KL: 0.8707
2023-11-14 23:57:16,519 -     || token_match: 0.991, exact_match: 0.862
2023-11-14 23:57:16,567 -     || saved model
2023-11-14 23:57:16,569 - 
2023-11-14 23:57:16,570 - #epc: 40
2023-11-14 23:57:17,174 - epc:40, epc_KL:  0.100000
2023-11-14 23:59:00,707 - exact_match_dev_dictsupervised_wtgt: 83
2023-11-14 23:59:06,074 - exact_match_tst_dictsupervised_wlemma: 0.880
2023-11-14 23:59:06,075 - TRN || epcloss: 0.0051
2023-11-14 23:59:06,076 -     || Q: 0.5749
2023-11-14 23:59:06,077 -     || KL: 0.2644
2023-11-14 23:59:06,078 -     || token_match: 0.998, exact_match: 0.973
2023-11-14 23:59:06,078 - DEV || epcloss: 0.0571
2023-11-14 23:59:06,079 -     || Q: 0.9108
2023-11-14 23:59:06,080 -     || KL: 1.0568
2023-11-14 23:59:06,080 -     || token_match: 0.989, exact_match: 0.845
2023-11-14 23:59:06,082 - 
2023-11-14 23:59:06,082 - #epc: 41
2023-11-14 23:59:06,718 - epc:41, epc_KL:  0.100000
2023-11-15 00:00:51,250 - exact_match_dev_dictsupervised_wtgt: 85
2023-11-15 00:00:56,856 - exact_match_tst_dictsupervised_wlemma: 0.827
2023-11-15 00:00:56,857 - TRN || epcloss: 0.0057
2023-11-15 00:00:56,858 -     || Q: 0.6153
2023-11-15 00:00:56,858 -     || KL: 0.2695
2023-11-15 00:00:56,859 -     || token_match: 0.998, exact_match: 0.971
2023-11-15 00:00:56,859 - DEV || epcloss: 0.0490
2023-11-15 00:00:56,860 -     || Q: 0.8295
2023-11-15 00:00:56,861 -     || KL: 0.9684
2023-11-15 00:00:56,861 -     || token_match: 0.991, exact_match: 0.856
2023-11-15 00:00:56,863 - 
2023-11-15 00:00:56,863 - #epc: 42
2023-11-15 00:00:57,485 - epc:42, epc_KL:  0.100000
2023-11-15 00:02:41,874 - exact_match_dev_dictsupervised_wtgt: 87
2023-11-15 00:02:47,488 - exact_match_tst_dictsupervised_wlemma: 0.837
2023-11-15 00:02:47,490 - TRN || epcloss: 0.0052
2023-11-15 00:02:47,491 -     || Q: 0.5811
2023-11-15 00:02:47,491 -     || KL: 0.2631
2023-11-15 00:02:47,492 -     || token_match: 0.998, exact_match: 0.973
2023-11-15 00:02:47,493 - DEV || epcloss: 0.0408
2023-11-15 00:02:47,493 -     || Q: 1.0881
2023-11-15 00:02:47,494 -     || KL: 1.0064
2023-11-15 00:02:47,494 -     || token_match: 0.990, exact_match: 0.847
2023-11-15 00:02:47,547 -     || saved model
2023-11-15 00:02:47,549 - 
2023-11-15 00:02:47,550 - #epc: 43
2023-11-15 00:02:48,176 - epc:43, epc_KL:  0.100000
2023-11-15 00:04:31,437 - exact_match_dev_dictsupervised_wtgt: 83
2023-11-15 00:04:37,079 - exact_match_tst_dictsupervised_wlemma: 0.847
2023-11-15 00:04:37,081 - TRN || epcloss: 0.0050
2023-11-15 00:04:37,082 -     || Q: 0.5655
2023-11-15 00:04:37,082 -     || KL: 0.2624
2023-11-15 00:04:37,083 -     || token_match: 0.999, exact_match: 0.974
2023-11-15 00:04:37,084 - DEV || epcloss: 0.0409
2023-11-15 00:04:37,084 -     || Q: 0.8002
2023-11-15 00:04:37,085 -     || KL: 0.8772
2023-11-15 00:04:37,085 -     || token_match: 0.991, exact_match: 0.861
2023-11-15 00:04:37,087 - 
2023-11-15 00:04:37,087 - #epc: 44
2023-11-15 00:04:37,753 - epc:44, epc_KL:  0.100000
2023-11-15 00:06:21,300 - exact_match_dev_dictsupervised_wtgt: 87
2023-11-15 00:06:26,816 - exact_match_tst_dictsupervised_wlemma: 0.837
2023-11-15 00:06:26,817 - TRN || epcloss: 0.0052
2023-11-15 00:06:26,818 -     || Q: 0.5924
2023-11-15 00:06:26,819 -     || KL: 0.2655
2023-11-15 00:06:26,820 -     || token_match: 0.998, exact_match: 0.972
2023-11-15 00:06:26,820 - DEV || epcloss: 0.0476
2023-11-15 00:06:26,821 -     || Q: 0.8604
2023-11-15 00:06:26,821 -     || KL: 0.9024
2023-11-15 00:06:26,822 -     || token_match: 0.990, exact_match: 0.850
2023-11-15 00:06:26,823 - 
2023-11-15 00:06:26,824 - #epc: 45
2023-11-15 00:06:27,432 - epc:45, epc_KL:  0.100000
2023-11-15 00:08:11,146 - exact_match_dev_dictsupervised_wtgt: 88
2023-11-15 00:08:16,636 - exact_match_tst_dictsupervised_wlemma: 0.841
2023-11-15 00:08:16,637 - TRN || epcloss: 0.0052
2023-11-15 00:08:16,638 -     || Q: 0.5831
2023-11-15 00:08:16,638 -     || KL: 0.2634
2023-11-15 00:08:16,639 -     || token_match: 0.998, exact_match: 0.973
2023-11-15 00:08:16,640 - DEV || epcloss: 0.0518
2023-11-15 00:08:16,640 -     || Q: 1.0050
2023-11-15 00:08:16,641 -     || KL: 0.9866
2023-11-15 00:08:16,642 -     || token_match: 0.989, exact_match: 0.849
2023-11-15 00:08:16,693 -     || saved model
2023-11-15 00:08:16,695 - 
2023-11-15 00:08:16,696 - #epc: 46
2023-11-15 00:08:17,312 - epc:46, epc_KL:  0.100000
2023-11-15 00:10:02,394 - exact_match_dev_dictsupervised_wtgt: 81
2023-11-15 00:10:08,054 - exact_match_tst_dictsupervised_wlemma: 0.817
2023-11-15 00:10:08,055 - TRN || epcloss: 0.0052
2023-11-15 00:10:08,056 -     || Q: 0.5976
2023-11-15 00:10:08,057 -     || KL: 0.2654
2023-11-15 00:10:08,057 -     || token_match: 0.998, exact_match: 0.972
2023-11-15 00:10:08,058 - DEV || epcloss: 0.0463
2023-11-15 00:10:08,059 -     || Q: 0.8452
2023-11-15 00:10:08,059 -     || KL: 0.8688
2023-11-15 00:10:08,060 -     || token_match: 0.991, exact_match: 0.849
2023-11-15 00:10:08,061 - 
2023-11-15 00:10:08,062 - #epc: 47
2023-11-15 00:10:08,737 - epc:47, epc_KL:  0.100000
2023-11-15 00:11:52,780 - exact_match_dev_dictsupervised_wtgt: 84
2023-11-15 00:11:58,355 - exact_match_tst_dictsupervised_wlemma: 0.824
2023-11-15 00:11:58,357 - TRN || epcloss: 0.0062
2023-11-15 00:11:58,357 -     || Q: 0.6542
2023-11-15 00:11:58,358 -     || KL: 0.2712
2023-11-15 00:11:58,359 -     || token_match: 0.998, exact_match: 0.970
2023-11-15 00:11:58,359 - DEV || epcloss: 0.0601
2023-11-15 00:11:58,360 -     || Q: 1.2487
2023-11-15 00:11:58,361 -     || KL: 0.9615
2023-11-15 00:11:58,361 -     || token_match: 0.987, exact_match: 0.820
2023-11-15 00:11:58,363 - 
2023-11-15 00:11:58,363 - #epc: 48
2023-11-15 00:11:59,010 - epc:48, epc_KL:  0.100000
2023-11-15 00:13:43,458 - exact_match_dev_dictsupervised_wtgt: 82
2023-11-15 00:13:49,049 - exact_match_tst_dictsupervised_wlemma: 0.860
2023-11-15 00:13:49,050 - TRN || epcloss: 0.0051
2023-11-15 00:13:49,051 -     || Q: 0.6213
2023-11-15 00:13:49,052 -     || KL: 0.2669
2023-11-15 00:13:49,052 -     || token_match: 0.999, exact_match: 0.973
2023-11-15 00:13:49,053 - DEV || epcloss: 0.0403
2023-11-15 00:13:49,054 -     || Q: 0.9033
2023-11-15 00:13:49,054 -     || KL: 0.8925
2023-11-15 00:13:49,055 -     || token_match: 0.991, exact_match: 0.867
2023-11-15 00:13:49,110 -     || saved model
2023-11-15 00:13:49,112 - 
2023-11-15 00:13:49,113 - #epc: 49
2023-11-15 00:13:49,732 - epc:49, epc_KL:  0.100000
2023-11-15 00:15:34,289 - exact_match_dev_dictsupervised_wtgt: 86
2023-11-15 00:15:39,718 - exact_match_tst_dictsupervised_wlemma: 0.801
2023-11-15 00:15:39,719 - TRN || epcloss: 0.0051
2023-11-15 00:15:39,720 -     || Q: 0.5626
2023-11-15 00:15:39,721 -     || KL: 0.2638
2023-11-15 00:15:39,722 -     || token_match: 0.999, exact_match: 0.973
2023-11-15 00:15:39,722 - DEV || epcloss: 0.0548
2023-11-15 00:15:39,723 -     || Q: 0.8432
2023-11-15 00:15:39,725 -     || KL: 0.8858
2023-11-15 00:15:39,726 -     || token_match: 0.990, exact_match: 0.862
2023-11-15 00:15:39,727 - 
2023-11-15 00:15:39,728 - #epc: 50
2023-11-15 00:15:40,377 - epc:50, epc_KL:  0.100000
2023-11-15 00:17:25,256 - exact_match_dev_dictsupervised_wtgt: 85
2023-11-15 00:17:30,656 - exact_match_tst_dictsupervised_wlemma: 0.831
2023-11-15 00:17:30,657 - TRN || epcloss: 0.0050
2023-11-15 00:17:30,658 -     || Q: 0.5735
2023-11-15 00:17:30,659 -     || KL: 0.2639
2023-11-15 00:17:30,659 -     || token_match: 0.999, exact_match: 0.973
2023-11-15 00:17:30,660 - DEV || epcloss: 0.0492
2023-11-15 00:17:30,661 -     || Q: 0.8167
2023-11-15 00:17:30,661 -     || KL: 0.8833
2023-11-15 00:17:30,662 -     || token_match: 0.991, exact_match: 0.859
2023-11-15 00:17:30,664 - 
2023-11-15 00:17:30,664 - #epc: 51
2023-11-15 00:17:31,372 - epc:51, epc_KL:  0.100000
2023-11-15 00:19:14,542 - exact_match_dev_dictsupervised_wtgt: 89
2023-11-15 00:19:19,908 - exact_match_tst_dictsupervised_wlemma: 0.854
2023-11-15 00:19:19,909 - TRN || epcloss: 0.0057
2023-11-15 00:19:19,910 -     || Q: 0.6147
2023-11-15 00:19:19,911 -     || KL: 0.2652
2023-11-15 00:19:19,911 -     || token_match: 0.998, exact_match: 0.971
2023-11-15 00:19:19,912 - DEV || epcloss: 0.0501
2023-11-15 00:19:19,912 -     || Q: 1.0150
2023-11-15 00:19:19,913 -     || KL: 0.9490
2023-11-15 00:19:19,914 -     || token_match: 0.990, exact_match: 0.857
2023-11-15 00:19:19,960 -     || saved model
2023-11-15 00:19:19,961 - 
2023-11-15 00:19:19,962 - #epc: 52
2023-11-15 00:19:20,585 - epc:52, epc_KL:  0.100000
2023-11-15 00:21:05,658 - exact_match_dev_dictsupervised_wtgt: 86
2023-11-15 00:21:11,207 - exact_match_tst_dictsupervised_wlemma: 0.864
2023-11-15 00:21:11,208 - TRN || epcloss: 0.0052
2023-11-15 00:21:11,209 -     || Q: 0.6106
2023-11-15 00:21:11,210 -     || KL: 0.2647
2023-11-15 00:21:11,211 -     || token_match: 0.998, exact_match: 0.972
2023-11-15 00:21:11,211 - DEV || epcloss: 0.0368
2023-11-15 00:21:11,212 -     || Q: 1.1166
2023-11-15 00:21:11,212 -     || KL: 0.9259
2023-11-15 00:21:11,213 -     || token_match: 0.993, exact_match: 0.881
2023-11-15 00:21:11,214 - 
2023-11-15 00:21:11,215 - #epc: 53
2023-11-15 00:21:11,888 - epc:53, epc_KL:  0.100000
2023-11-15 00:22:55,815 - exact_match_dev_dictsupervised_wtgt: 87
2023-11-15 00:23:01,217 - exact_match_tst_dictsupervised_wlemma: 0.844
2023-11-15 00:23:01,218 - TRN || epcloss: 0.0052
2023-11-15 00:23:01,220 -     || Q: 0.5932
2023-11-15 00:23:01,220 -     || KL: 0.2637
2023-11-15 00:23:01,221 -     || token_match: 0.998, exact_match: 0.972
2023-11-15 00:23:01,222 - DEV || epcloss: 0.0465
2023-11-15 00:23:01,222 -     || Q: 0.8611
2023-11-15 00:23:01,223 -     || KL: 0.9848
2023-11-15 00:23:01,223 -     || token_match: 0.989, exact_match: 0.851
2023-11-15 00:23:01,225 - 
2023-11-15 00:23:01,225 - #epc: 54
2023-11-15 00:23:01,838 - epc:54, epc_KL:  0.100000
2023-11-15 00:24:45,577 - exact_match_dev_dictsupervised_wtgt: 84
2023-11-15 00:24:50,952 - exact_match_tst_dictsupervised_wlemma: 0.870
2023-11-15 00:24:50,953 - TRN || epcloss: 0.0054
2023-11-15 00:24:50,954 -     || Q: 0.6027
2023-11-15 00:24:50,955 -     || KL: 0.2685
2023-11-15 00:24:50,955 -     || token_match: 0.998, exact_match: 0.972
2023-11-15 00:24:50,956 - DEV || epcloss: 0.0503
2023-11-15 00:24:50,957 -     || Q: 0.8740
2023-11-15 00:24:50,957 -     || KL: 0.9296
2023-11-15 00:24:50,958 -     || token_match: 0.990, exact_match: 0.854
2023-11-15 00:24:51,013 -     || saved model
2023-11-15 00:24:51,015 - 
2023-11-15 00:24:51,016 - #epc: 55
2023-11-15 00:24:51,677 - epc:55, epc_KL:  0.100000
2023-11-15 00:26:36,258 - exact_match_dev_dictsupervised_wtgt: 85
2023-11-15 00:26:41,850 - exact_match_tst_dictsupervised_wlemma: 0.854
2023-11-15 00:26:41,851 - TRN || epcloss: 0.0052
2023-11-15 00:26:41,852 -     || Q: 0.5795
2023-11-15 00:26:41,853 -     || KL: 0.2647
2023-11-15 00:26:41,854 -     || token_match: 0.999, exact_match: 0.973
2023-11-15 00:26:41,854 - DEV || epcloss: 0.0360
2023-11-15 00:26:41,855 -     || Q: 1.0386
2023-11-15 00:26:41,856 -     || KL: 0.9392
2023-11-15 00:26:41,856 -     || token_match: 0.993, exact_match: 0.879
2023-11-15 00:26:41,858 - 
2023-11-15 00:26:41,858 - #epc: 56
2023-11-15 00:26:42,505 - epc:56, epc_KL:  0.100000
2023-11-15 00:28:25,389 - exact_match_dev_dictsupervised_wtgt: 88
2023-11-15 00:28:30,823 - exact_match_tst_dictsupervised_wlemma: 0.850
2023-11-15 00:28:30,825 - TRN || epcloss: 0.0055
2023-11-15 00:28:30,826 -     || Q: 0.5800
2023-11-15 00:28:30,826 -     || KL: 0.2677
2023-11-15 00:28:30,827 -     || token_match: 0.998, exact_match: 0.972
2023-11-15 00:28:30,828 - DEV || epcloss: 0.0430
2023-11-15 00:28:30,828 -     || Q: 0.9730
2023-11-15 00:28:30,829 -     || KL: 1.0205
2023-11-15 00:28:30,829 -     || token_match: 0.992, exact_match: 0.866
2023-11-15 00:28:30,831 - 
2023-11-15 00:28:30,831 - #epc: 57
2023-11-15 00:28:31,459 - epc:57, epc_KL:  0.100000
2023-11-15 00:30:15,387 - exact_match_dev_dictsupervised_wtgt: 89
2023-11-15 00:30:20,772 - exact_match_tst_dictsupervised_wlemma: 0.831
2023-11-15 00:30:20,773 - TRN || epcloss: 0.0054
2023-11-15 00:30:20,774 -     || Q: 0.5771
2023-11-15 00:30:20,775 -     || KL: 0.2675
2023-11-15 00:30:20,775 -     || token_match: 0.998, exact_match: 0.972
2023-11-15 00:30:20,776 - DEV || epcloss: 0.0518
2023-11-15 00:30:20,777 -     || Q: 0.8789
2023-11-15 00:30:20,777 -     || KL: 0.9804
2023-11-15 00:30:20,778 -     || token_match: 0.989, exact_match: 0.844
2023-11-15 00:30:20,830 -     || saved model
2023-11-15 00:30:20,832 - 
2023-11-15 00:30:20,832 - #epc: 58
2023-11-15 00:30:21,538 - epc:58, epc_KL:  0.100000
2023-11-15 00:32:06,175 - exact_match_dev_dictsupervised_wtgt: 89
2023-11-15 00:32:11,816 - exact_match_tst_dictsupervised_wlemma: 0.867
2023-11-15 00:32:11,818 - TRN || epcloss: 0.0055
2023-11-15 00:32:11,819 -     || Q: 0.6058
2023-11-15 00:32:11,820 -     || KL: 0.2686
2023-11-15 00:32:11,820 -     || token_match: 0.998, exact_match: 0.972
2023-11-15 00:32:11,821 - DEV || epcloss: 0.0384
2023-11-15 00:32:11,822 -     || Q: 0.9509
2023-11-15 00:32:11,822 -     || KL: 0.9274
2023-11-15 00:32:11,823 -     || token_match: 0.992, exact_match: 0.866
2023-11-15 00:32:11,824 - 
2023-11-15 00:32:11,825 - #epc: 59
2023-11-15 00:32:12,456 - epc:59, epc_KL:  0.100000
2023-11-15 00:33:56,541 - exact_match_dev_dictsupervised_wtgt: 80
2023-11-15 00:34:02,046 - exact_match_tst_dictsupervised_wlemma: 0.821
2023-11-15 00:34:02,048 - TRN || epcloss: 0.0053
2023-11-15 00:34:02,049 -     || Q: 0.5743
2023-11-15 00:34:02,050 -     || KL: 0.2653
2023-11-15 00:34:02,051 -     || token_match: 0.998, exact_match: 0.972
2023-11-15 00:34:02,051 - DEV || epcloss: 0.0465
2023-11-15 00:34:02,052 -     || Q: 1.0472
2023-11-15 00:34:02,053 -     || KL: 0.9163
2023-11-15 00:34:02,053 -     || token_match: 0.991, exact_match: 0.862
2023-11-15 00:34:02,055 - 
2023-11-15 00:34:02,055 - #epc: 60
2023-11-15 00:34:02,757 - epc:60, epc_KL:  0.100000
2023-11-15 00:35:47,292 - exact_match_dev_dictsupervised_wtgt: 84
2023-11-15 00:35:52,780 - exact_match_tst_dictsupervised_wlemma: 0.827
2023-11-15 00:35:52,781 - TRN || epcloss: 0.0055
2023-11-15 00:35:52,783 -     || Q: 0.6273
2023-11-15 00:35:52,783 -     || KL: 0.2688
2023-11-15 00:35:52,784 -     || token_match: 0.998, exact_match: 0.972
2023-11-15 00:35:52,785 - DEV || epcloss: 0.0464
2023-11-15 00:35:52,785 -     || Q: 0.9954
2023-11-15 00:35:52,786 -     || KL: 0.9122
2023-11-15 00:35:52,786 -     || token_match: 0.990, exact_match: 0.852
2023-11-15 00:35:52,833 -     || saved model
2023-11-15 00:35:52,835 - 
2023-11-15 00:35:52,835 - #epc: 61
2023-11-15 00:35:53,479 - epc:61, epc_KL:  0.100000
2023-11-15 00:37:36,362 - exact_match_dev_dictsupervised_wtgt: 79
2023-11-15 00:37:41,989 - exact_match_tst_dictsupervised_wlemma: 0.827
2023-11-15 00:37:41,990 - TRN || epcloss: 0.0054
2023-11-15 00:37:41,991 -     || Q: 0.5751
2023-11-15 00:37:41,992 -     || KL: 0.2666
2023-11-15 00:37:41,992 -     || token_match: 0.998, exact_match: 0.972
2023-11-15 00:37:41,993 - DEV || epcloss: 0.0513
2023-11-15 00:37:41,993 -     || Q: 1.1000
2023-11-15 00:37:41,994 -     || KL: 0.9348
2023-11-15 00:37:41,995 -     || token_match: 0.989, exact_match: 0.845
2023-11-15 00:37:41,996 - 
2023-11-15 00:37:41,996 - #epc: 62
2023-11-15 00:37:42,714 - epc:62, epc_KL:  0.100000
2023-11-15 00:39:26,132 - exact_match_dev_dictsupervised_wtgt: 89
2023-11-15 00:39:31,650 - exact_match_tst_dictsupervised_wlemma: 0.831
2023-11-15 00:39:31,651 - TRN || epcloss: 0.0055
2023-11-15 00:39:31,652 -     || Q: 0.5903
2023-11-15 00:39:31,653 -     || KL: 0.2687
2023-11-15 00:39:31,653 -     || token_match: 0.998, exact_match: 0.972
2023-11-15 00:39:31,654 - DEV || epcloss: 0.0554
2023-11-15 00:39:31,654 -     || Q: 1.1456
2023-11-15 00:39:31,655 -     || KL: 0.9886
2023-11-15 00:39:31,656 -     || token_match: 0.989, exact_match: 0.847
2023-11-15 00:39:31,657 - 
2023-11-15 00:39:31,658 - #epc: 63
2023-11-15 00:39:32,280 - epc:63, epc_KL:  0.100000
2023-11-15 00:41:17,891 - exact_match_dev_dictsupervised_wtgt: 81
2023-11-15 00:41:23,447 - exact_match_tst_dictsupervised_wlemma: 0.754
2023-11-15 00:41:23,448 - TRN || epcloss: 0.0062
2023-11-15 00:41:23,449 -     || Q: 0.6574
2023-11-15 00:41:23,450 -     || KL: 0.2746
2023-11-15 00:41:23,450 -     || token_match: 0.998, exact_match: 0.968
2023-11-15 00:41:23,451 - DEV || epcloss: 0.0539
2023-11-15 00:41:23,451 -     || Q: 0.8895
2023-11-15 00:41:23,452 -     || KL: 0.9543
2023-11-15 00:41:23,453 -     || token_match: 0.989, exact_match: 0.845
2023-11-15 00:41:23,485 -     || saved model
2023-11-15 00:41:23,487 - 
2023-11-15 00:41:23,488 - #epc: 64
2023-11-15 00:41:24,179 - epc:64, epc_KL:  0.100000
2023-11-15 00:43:08,609 - exact_match_dev_dictsupervised_wtgt: 82
2023-11-15 00:43:14,162 - exact_match_tst_dictsupervised_wlemma: 0.797
2023-11-15 00:43:14,164 - TRN || epcloss: 0.0059
2023-11-15 00:43:14,164 -     || Q: 0.5903
2023-11-15 00:43:14,165 -     || KL: 0.2719
2023-11-15 00:43:14,165 -     || token_match: 0.998, exact_match: 0.970
2023-11-15 00:43:14,166 - DEV || epcloss: 0.0600
2023-11-15 00:43:14,167 -     || Q: 1.0301
2023-11-15 00:43:14,167 -     || KL: 0.9905
2023-11-15 00:43:14,168 -     || token_match: 0.989, exact_match: 0.844
2023-11-15 00:43:14,169 - 
2023-11-15 00:43:14,170 - #epc: 65
2023-11-15 00:43:14,791 - epc:65, epc_KL:  0.100000
2023-11-15 00:44:59,323 - exact_match_dev_dictsupervised_wtgt: 78
2023-11-15 00:45:04,680 - exact_match_tst_dictsupervised_wlemma: 0.821
2023-11-15 00:45:04,681 - TRN || epcloss: 0.0053
2023-11-15 00:45:04,682 -     || Q: 0.5715
2023-11-15 00:45:04,683 -     || KL: 0.2681
2023-11-15 00:45:04,683 -     || token_match: 0.998, exact_match: 0.973
2023-11-15 00:45:04,684 - DEV || epcloss: 0.0463
2023-11-15 00:45:04,684 -     || Q: 1.2027
2023-11-15 00:45:04,685 -     || KL: 0.9737
2023-11-15 00:45:04,685 -     || token_match: 0.992, exact_match: 0.871
2023-11-15 00:45:04,687 - 
2023-11-15 00:45:04,688 - #epc: 66
2023-11-15 00:45:05,364 - epc:66, epc_KL:  0.100000
2023-11-15 00:46:48,339 - exact_match_dev_dictsupervised_wtgt: 87
2023-11-15 00:46:53,675 - exact_match_tst_dictsupervised_wlemma: 0.804
2023-11-15 00:46:53,676 - TRN || epcloss: 0.0062
2023-11-15 00:46:53,677 -     || Q: 0.6327
2023-11-15 00:46:53,678 -     || KL: 0.2720
2023-11-15 00:46:53,678 -     || token_match: 0.998, exact_match: 0.969
2023-11-15 00:46:53,679 - DEV || epcloss: 0.0506
2023-11-15 00:46:53,679 -     || Q: 1.0713
2023-11-15 00:46:53,680 -     || KL: 0.9723
2023-11-15 00:46:53,680 -     || token_match: 0.990, exact_match: 0.851
2023-11-15 00:46:53,733 -     || saved model
2023-11-15 00:46:53,735 - 
2023-11-15 00:46:53,735 - #epc: 67
2023-11-15 00:46:54,342 - epc:67, epc_KL:  0.100000
2023-11-15 00:48:38,767 - exact_match_dev_dictsupervised_wtgt: 86
2023-11-15 00:48:44,290 - exact_match_tst_dictsupervised_wlemma: 0.814
2023-11-15 00:48:44,291 - TRN || epcloss: 0.0061
2023-11-15 00:48:44,293 -     || Q: 0.6176
2023-11-15 00:48:44,293 -     || KL: 0.2740
2023-11-15 00:48:44,294 -     || token_match: 0.998, exact_match: 0.969
2023-11-15 00:48:44,295 - DEV || epcloss: 0.0456
2023-11-15 00:48:44,295 -     || Q: 0.8931
2023-11-15 00:48:44,296 -     || KL: 0.8833
2023-11-15 00:48:44,296 -     || token_match: 0.991, exact_match: 0.855
2023-11-15 00:48:44,298 - 
2023-11-15 00:48:44,299 - #epc: 68
2023-11-15 00:48:44,984 - epc:68, epc_KL:  0.100000
2023-11-15 00:50:29,563 - exact_match_dev_dictsupervised_wtgt: 81
2023-11-15 00:50:35,154 - exact_match_tst_dictsupervised_wlemma: 0.791
2023-11-15 00:50:35,156 - TRN || epcloss: 0.0075
2023-11-15 00:50:35,157 -     || Q: 0.7415
2023-11-15 00:50:35,157 -     || KL: 0.2857
2023-11-15 00:50:35,158 -     || token_match: 0.998, exact_match: 0.962
2023-11-15 00:50:35,159 - DEV || epcloss: 0.0583
2023-11-15 00:50:35,159 -     || Q: 1.1108
2023-11-15 00:50:35,160 -     || KL: 1.0133
2023-11-15 00:50:35,160 -     || token_match: 0.988, exact_match: 0.825
2023-11-15 00:50:35,162 - 
2023-11-15 00:50:35,162 - #epc: 69
2023-11-15 00:50:35,819 - epc:69, epc_KL:  0.100000
2023-11-15 00:52:21,337 - exact_match_dev_dictsupervised_wtgt: 84
2023-11-15 00:52:27,033 - exact_match_tst_dictsupervised_wlemma: 0.804
2023-11-15 00:52:27,034 - TRN || epcloss: 0.0067
2023-11-15 00:52:27,036 -     || Q: 0.7010
2023-11-15 00:52:27,036 -     || KL: 0.2835
2023-11-15 00:52:27,037 -     || token_match: 0.998, exact_match: 0.967
2023-11-15 00:52:27,037 - DEV || epcloss: 0.0860
2023-11-15 00:52:27,038 -     || Q: 1.1643
2023-11-15 00:52:27,039 -     || KL: 1.2977
2023-11-15 00:52:27,039 -     || token_match: 0.987, exact_match: 0.841
2023-11-15 00:52:27,092 -     || saved model
2023-11-15 00:52:27,094 - 
2023-11-15 00:52:27,095 - #epc: 70
2023-11-15 00:52:27,790 - epc:70, epc_KL:  0.100000
2023-11-15 00:54:12,889 - exact_match_dev_dictsupervised_wtgt: 84
2023-11-15 00:54:18,344 - exact_match_tst_dictsupervised_wlemma: 0.797
2023-11-15 00:54:18,345 - TRN || epcloss: 0.0129
2023-11-15 00:54:18,345 -     || Q: 0.6992
2023-11-15 00:54:18,346 -     || KL: 0.2977
2023-11-15 00:54:18,347 -     || token_match: 0.997, exact_match: 0.954
2023-11-15 00:54:18,347 - DEV || epcloss: 0.0623
2023-11-15 00:54:18,348 -     || Q: 1.3518
2023-11-15 00:54:18,348 -     || KL: 1.1742
2023-11-15 00:54:18,349 -     || token_match: 0.988, exact_match: 0.837
2023-11-15 00:54:18,350 - 
2023-11-15 00:54:18,351 - #epc: 71
2023-11-15 00:54:19,029 - epc:71, epc_KL:  0.100000
2023-11-15 00:56:03,038 - exact_match_dev_dictsupervised_wtgt: 80
2023-11-15 00:56:08,657 - exact_match_tst_dictsupervised_wlemma: 0.850
2023-11-15 00:56:08,659 - TRN || epcloss: 0.0064
2023-11-15 00:56:08,660 -     || Q: 0.6309
2023-11-15 00:56:08,661 -     || KL: 0.2834
2023-11-15 00:56:08,662 -     || token_match: 0.998, exact_match: 0.968
2023-11-15 00:56:08,662 - DEV || epcloss: 0.0603
2023-11-15 00:56:08,663 -     || Q: 0.9461
2023-11-15 00:56:08,664 -     || KL: 1.0685
2023-11-15 00:56:08,665 -     || token_match: 0.990, exact_match: 0.865
2023-11-15 00:56:08,666 - 
2023-11-15 00:56:08,667 - #epc: 72
2023-11-15 00:56:09,355 - epc:72, epc_KL:  0.100000
2023-11-15 00:57:54,124 - exact_match_dev_dictsupervised_wtgt: 88
2023-11-15 00:57:59,655 - exact_match_tst_dictsupervised_wlemma: 0.827
2023-11-15 00:57:59,656 - TRN || epcloss: 0.0072
2023-11-15 00:57:59,656 -     || Q: 0.6520
2023-11-15 00:57:59,657 -     || KL: 0.2864
2023-11-15 00:57:59,658 -     || token_match: 0.998, exact_match: 0.965
2023-11-15 00:57:59,658 - DEV || epcloss: 0.0865
2023-11-15 00:57:59,659 -     || Q: 0.9540
2023-11-15 00:57:59,659 -     || KL: 1.4080
2023-11-15 00:57:59,660 -     || token_match: 0.986, exact_match: 0.840
2023-11-15 00:57:59,710 -     || saved model
2023-11-15 00:57:59,712 - 
2023-11-15 00:57:59,713 - #epc: 73
2023-11-15 00:58:00,404 - epc:73, epc_KL:  0.100000
2023-11-15 00:59:43,793 - exact_match_dev_dictsupervised_wtgt: 88
2023-11-15 00:59:49,391 - exact_match_tst_dictsupervised_wlemma: 0.797
2023-11-15 00:59:49,392 - TRN || epcloss: 0.0075
2023-11-15 00:59:49,393 -     || Q: 0.6306
2023-11-15 00:59:49,394 -     || KL: 0.2866
2023-11-15 00:59:49,394 -     || token_match: 0.998, exact_match: 0.963
2023-11-15 00:59:49,395 - DEV || epcloss: 0.0648
2023-11-15 00:59:49,396 -     || Q: 0.9725
2023-11-15 00:59:49,396 -     || KL: 1.2555
2023-11-15 00:59:49,397 -     || token_match: 0.988, exact_match: 0.842
2023-11-15 00:59:49,398 - 
2023-11-15 00:59:49,399 - #epc: 74
2023-11-15 00:59:50,073 - epc:74, epc_KL:  0.100000
2023-11-15 01:01:33,325 - exact_match_dev_dictsupervised_wtgt: 84
2023-11-15 01:01:38,930 - exact_match_tst_dictsupervised_wlemma: 0.831
2023-11-15 01:01:38,932 - TRN || epcloss: 0.0069
2023-11-15 01:01:38,933 -     || Q: 0.6362
2023-11-15 01:01:38,933 -     || KL: 0.2892
2023-11-15 01:01:38,934 -     || token_match: 0.998, exact_match: 0.965
2023-11-15 01:01:38,935 - DEV || epcloss: 0.0786
2023-11-15 01:01:38,935 -     || Q: 0.9090
2023-11-15 01:01:38,936 -     || KL: 1.1576
2023-11-15 01:01:38,936 -     || token_match: 0.987, exact_match: 0.845
2023-11-15 01:01:38,938 - 
2023-11-15 01:01:38,938 - #epc: 75
2023-11-15 01:01:39,673 - epc:75, epc_KL:  0.100000
2023-11-15 01:03:23,993 - exact_match_dev_dictsupervised_wtgt: 88
2023-11-15 01:03:29,375 - exact_match_tst_dictsupervised_wlemma: 0.850
2023-11-15 01:03:29,376 - TRN || epcloss: 0.0080
2023-11-15 01:03:29,377 -     || Q: 0.6454
2023-11-15 01:03:29,378 -     || KL: 0.2900
2023-11-15 01:03:29,378 -     || token_match: 0.998, exact_match: 0.965
2023-11-15 01:03:29,379 - DEV || epcloss: 0.0625
2023-11-15 01:03:29,379 -     || Q: 1.0439
2023-11-15 01:03:29,380 -     || KL: 1.6279
2023-11-15 01:03:29,380 -     || token_match: 0.989, exact_match: 0.864
2023-11-15 01:03:29,433 -     || saved model
2023-11-15 01:03:29,435 - 
2023-11-15 01:03:29,436 - #epc: 76
2023-11-15 01:03:30,095 - epc:76, epc_KL:  0.100000
2023-11-15 01:05:14,206 - exact_match_dev_dictsupervised_wtgt: 87
2023-11-15 01:05:19,622 - exact_match_tst_dictsupervised_wlemma: 0.864
2023-11-15 01:05:19,624 - TRN || epcloss: 0.0074
2023-11-15 01:05:19,625 -     || Q: 0.6254
2023-11-15 01:05:19,625 -     || KL: 0.2866
2023-11-15 01:05:19,626 -     || token_match: 0.998, exact_match: 0.969
2023-11-15 01:05:19,627 - DEV || epcloss: 0.0564
2023-11-15 01:05:19,627 -     || Q: 1.0607
2023-11-15 01:05:19,628 -     || KL: 1.1428
2023-11-15 01:05:19,628 -     || token_match: 0.989, exact_match: 0.841
2023-11-15 01:05:19,630 - 
2023-11-15 01:05:19,630 - #epc: 77
2023-11-15 01:05:20,340 - epc:77, epc_KL:  0.100000
2023-11-15 01:07:04,647 - exact_match_dev_dictsupervised_wtgt: 84
2023-11-15 01:07:10,213 - exact_match_tst_dictsupervised_wlemma: 0.797
2023-11-15 01:07:10,214 - TRN || epcloss: 0.0067
2023-11-15 01:07:10,215 -     || Q: 0.6676
2023-11-15 01:07:10,216 -     || KL: 0.2863
2023-11-15 01:07:10,217 -     || token_match: 0.998, exact_match: 0.966
2023-11-15 01:07:10,217 - DEV || epcloss: 0.0668
2023-11-15 01:07:10,218 -     || Q: 1.0287
2023-11-15 01:07:10,219 -     || KL: 1.3166
2023-11-15 01:07:10,219 -     || token_match: 0.989, exact_match: 0.864
2023-11-15 01:07:10,221 - 
2023-11-15 01:07:10,221 - #epc: 78
2023-11-15 01:07:10,880 - epc:78, epc_KL:  0.100000
2023-11-15 01:08:55,612 - exact_match_dev_dictsupervised_wtgt: 87
2023-11-15 01:09:01,224 - exact_match_tst_dictsupervised_wlemma: 0.777
2023-11-15 01:09:01,226 - TRN || epcloss: 0.0077
2023-11-15 01:09:01,226 -     || Q: 0.6765
2023-11-15 01:09:01,227 -     || KL: 0.2928
2023-11-15 01:09:01,228 -     || token_match: 0.998, exact_match: 0.963
2023-11-15 01:09:01,228 - DEV || epcloss: 0.0612
2023-11-15 01:09:01,229 -     || Q: 1.1234
2023-11-15 01:09:01,230 -     || KL: 1.1776
2023-11-15 01:09:01,230 -     || token_match: 0.989, exact_match: 0.849
2023-11-15 01:09:01,262 -     || saved model
2023-11-15 01:09:01,264 - 
2023-11-15 01:09:01,264 - #epc: 79
2023-11-15 01:09:01,998 - epc:79, epc_KL:  0.100000
2023-11-15 01:10:45,973 - exact_match_dev_dictsupervised_wtgt: 80
2023-11-15 01:10:51,605 - exact_match_tst_dictsupervised_wlemma: 0.801
2023-11-15 01:10:51,606 - TRN || epcloss: 0.0093
2023-11-15 01:10:51,607 -     || Q: 0.7033
2023-11-15 01:10:51,608 -     || KL: 0.2991
2023-11-15 01:10:51,608 -     || token_match: 0.998, exact_match: 0.958
2023-11-15 01:10:51,609 - DEV || epcloss: 0.1465
2023-11-15 01:10:51,609 -     || Q: 1.1061
2023-11-15 01:10:51,610 -     || KL: 2.2392
2023-11-15 01:10:51,611 -     || token_match: 0.986, exact_match: 0.831
2023-11-15 01:10:51,612 - 
2023-11-15 01:10:51,613 - #epc: 80
2023-11-15 01:10:52,261 - epc:80, epc_KL:  0.100000
2023-11-15 01:12:36,783 - exact_match_dev_dictsupervised_wtgt: 83
2023-11-15 01:12:42,399 - exact_match_tst_dictsupervised_wlemma: 0.824
2023-11-15 01:12:42,401 - TRN || epcloss: 0.0085
2023-11-15 01:12:42,401 -     || Q: 0.6530
2023-11-15 01:12:42,402 -     || KL: 0.2932
2023-11-15 01:12:42,403 -     || token_match: 0.998, exact_match: 0.961
2023-11-15 01:12:42,403 - DEV || epcloss: 0.0845
2023-11-15 01:12:42,404 -     || Q: 1.1015
2023-11-15 01:12:42,404 -     || KL: 1.2680
2023-11-15 01:12:42,405 -     || token_match: 0.987, exact_match: 0.845
2023-11-15 01:12:42,406 - 
2023-11-15 01:12:42,407 - #epc: 81
2023-11-15 01:12:43,143 - epc:81, epc_KL:  0.100000
2023-11-15 01:14:26,914 - exact_match_dev_dictsupervised_wtgt: 85
2023-11-15 01:14:32,555 - exact_match_tst_dictsupervised_wlemma: 0.817
2023-11-15 01:14:32,557 - TRN || epcloss: 0.0089
2023-11-15 01:14:32,557 -     || Q: 0.7787
2023-11-15 01:14:32,558 -     || KL: 0.3072
2023-11-15 01:14:32,559 -     || token_match: 0.998, exact_match: 0.958
2023-11-15 01:14:32,559 - DEV || epcloss: 0.0749
2023-11-15 01:14:32,560 -     || Q: 0.9384
2023-11-15 01:14:32,560 -     || KL: 1.1115
2023-11-15 01:14:32,561 -     || token_match: 0.988, exact_match: 0.844
2023-11-15 01:14:32,593 -     || saved model
2023-11-15 01:14:32,595 - 
2023-11-15 01:14:32,596 - #epc: 82
2023-11-15 01:14:33,252 - epc:82, epc_KL:  0.100000
2023-11-15 01:16:17,082 - exact_match_dev_dictsupervised_wtgt: 82
2023-11-15 01:16:22,518 - exact_match_tst_dictsupervised_wlemma: 0.761
2023-11-15 01:16:22,519 - TRN || epcloss: 0.0273
2023-11-15 01:16:22,521 -     || Q: 0.7666
2023-11-15 01:16:22,521 -     || KL: 0.3319
2023-11-15 01:16:22,522 -     || token_match: 0.992, exact_match: 0.883
2023-11-15 01:16:22,522 - DEV || epcloss: 0.0711
2023-11-15 01:16:22,523 -     || Q: 1.3139
2023-11-15 01:16:22,524 -     || KL: 1.2493
2023-11-15 01:16:22,524 -     || token_match: 0.987, exact_match: 0.832
2023-11-15 01:16:22,526 - 
2023-11-15 01:16:22,526 - #epc: 83
2023-11-15 01:16:23,250 - epc:83, epc_KL:  0.100000
2023-11-15 01:18:07,873 - exact_match_dev_dictsupervised_wtgt: 86
2023-11-15 01:18:13,535 - exact_match_tst_dictsupervised_wlemma: 0.734
2023-11-15 01:18:13,536 - TRN || epcloss: 0.0075
2023-11-15 01:18:13,537 -     || Q: 0.7436
2023-11-15 01:18:13,538 -     || KL: 0.3132
2023-11-15 01:18:13,538 -     || token_match: 0.998, exact_match: 0.963
2023-11-15 01:18:13,539 - DEV || epcloss: 0.1043
2023-11-15 01:18:13,539 -     || Q: 1.0825
2023-11-15 01:18:13,540 -     || KL: 1.2144
2023-11-15 01:18:13,541 -     || token_match: 0.986, exact_match: 0.834
2023-11-15 01:18:13,542 - 
2023-11-15 01:18:13,543 - #epc: 84
2023-11-15 01:18:14,192 - epc:84, epc_KL:  0.100000
2023-11-15 01:19:58,662 - exact_match_dev_dictsupervised_wtgt: 74
2023-11-15 01:20:04,269 - exact_match_tst_dictsupervised_wlemma: 0.724
2023-11-15 01:20:04,270 - TRN || epcloss: 0.0089
2023-11-15 01:20:04,271 -     || Q: 0.6515
2023-11-15 01:20:04,271 -     || KL: 0.3003
2023-11-15 01:20:04,272 -     || token_match: 0.998, exact_match: 0.957
2023-11-15 01:20:04,273 - DEV || epcloss: 0.0862
2023-11-15 01:20:04,273 -     || Q: 0.9824
2023-11-15 01:20:04,274 -     || KL: 1.2769
2023-11-15 01:20:04,274 -     || token_match: 0.983, exact_match: 0.800
2023-11-15 01:20:04,307 -     || saved model
2023-11-15 01:20:04,308 - 
2023-11-15 01:20:04,309 - #epc: 85
2023-11-15 01:20:05,050 - epc:85, epc_KL:  0.100000
2023-11-15 01:21:48,796 - exact_match_dev_dictsupervised_wtgt: 57
2023-11-15 01:21:54,425 - exact_match_tst_dictsupervised_wlemma: 0.605
2023-11-15 01:21:54,426 - TRN || epcloss: 0.0077
2023-11-15 01:21:54,427 -     || Q: 0.6276
2023-11-15 01:21:54,428 -     || KL: 0.3040
2023-11-15 01:21:54,428 -     || token_match: 0.998, exact_match: 0.962
2023-11-15 01:21:54,429 - DEV || epcloss: 0.1422
2023-11-15 01:21:54,430 -     || Q: 1.4682
2023-11-15 01:21:54,430 -     || KL: 1.5773
2023-11-15 01:21:54,431 -     || token_match: 0.971, exact_match: 0.672
2023-11-15 01:21:54,432 - 
2023-11-15 01:21:54,433 - #epc: 86
2023-11-15 01:21:55,106 - epc:86, epc_KL:  0.100000
2023-11-15 01:23:40,142 - exact_match_dev_dictsupervised_wtgt: 82
2023-11-15 01:23:45,683 - exact_match_tst_dictsupervised_wlemma: 0.791
2023-11-15 01:23:45,684 - TRN || epcloss: 0.0158
2023-11-15 01:23:45,685 -     || Q: 0.7716
2023-11-15 01:23:45,686 -     || KL: 0.3487
2023-11-15 01:23:45,687 -     || token_match: 0.995, exact_match: 0.923
2023-11-15 01:23:45,687 - DEV || epcloss: 0.0556
2023-11-15 01:23:45,688 -     || Q: 1.0646
2023-11-15 01:23:45,689 -     || KL: 1.2850
2023-11-15 01:23:45,689 -     || token_match: 0.988, exact_match: 0.857
2023-11-15 01:23:45,691 - 
2023-11-15 01:23:45,691 - #epc: 87
2023-11-15 01:23:46,395 - epc:87, epc_KL:  0.100000
2023-11-15 01:25:30,515 - exact_match_dev_dictsupervised_wtgt: 77
2023-11-15 01:25:36,158 - exact_match_tst_dictsupervised_wlemma: 0.781
2023-11-15 01:25:36,159 - TRN || epcloss: 0.1047
2023-11-15 01:25:36,160 -     || Q: 1.0207
2023-11-15 01:25:36,160 -     || KL: 0.4043
2023-11-15 01:25:36,161 -     || token_match: 0.972, exact_match: 0.711
2023-11-15 01:25:36,161 - DEV || epcloss: 0.1045
2023-11-15 01:25:36,162 -     || Q: 1.6791
2023-11-15 01:25:36,163 -     || KL: 2.5319
2023-11-15 01:25:36,163 -     || token_match: 0.981, exact_match: 0.786
2023-11-15 01:25:36,229 -     || saved model
2023-11-15 01:25:36,231 - 
2023-11-15 01:25:36,232 - #epc: 88
2023-11-15 01:25:36,934 - epc:88, epc_KL:  0.100000
2023-11-15 01:27:21,423 - exact_match_dev_dictsupervised_wtgt: 78
2023-11-15 01:27:27,062 - exact_match_tst_dictsupervised_wlemma: 0.777
2023-11-15 01:27:27,063 - TRN || epcloss: 0.0092
2023-11-15 01:27:27,064 -     || Q: 0.8684
2023-11-15 01:27:27,065 -     || KL: 0.3518
2023-11-15 01:27:27,065 -     || token_match: 0.998, exact_match: 0.957
2023-11-15 01:27:27,066 - DEV || epcloss: 0.0797
2023-11-15 01:27:27,066 -     || Q: 1.3691
2023-11-15 01:27:27,067 -     || KL: 1.7346
2023-11-15 01:27:27,067 -     || token_match: 0.985, exact_match: 0.814
2023-11-15 01:27:27,069 - 
2023-11-15 01:27:27,069 - #epc: 89
2023-11-15 01:27:27,763 - epc:89, epc_KL:  0.100000
2023-11-15 01:29:12,480 - exact_match_dev_dictsupervised_wtgt: 80
2023-11-15 01:29:18,124 - exact_match_tst_dictsupervised_wlemma: 0.784
2023-11-15 01:29:18,125 - TRN || epcloss: 0.0070
2023-11-15 01:29:18,126 -     || Q: 0.6993
2023-11-15 01:29:18,127 -     || KL: 0.3034
2023-11-15 01:29:18,127 -     || token_match: 0.998, exact_match: 0.966
2023-11-15 01:29:18,128 - DEV || epcloss: 0.0624
2023-11-15 01:29:18,129 -     || Q: 1.2962
2023-11-15 01:29:18,129 -     || KL: 1.2856
2023-11-15 01:29:18,130 -     || token_match: 0.986, exact_match: 0.822
2023-11-15 01:29:18,131 - 
2023-11-15 01:29:18,132 - #epc: 90
2023-11-15 01:29:18,873 - epc:90, epc_KL:  0.100000
2023-11-15 01:31:03,372 - exact_match_dev_dictsupervised_wtgt: 78
2023-11-15 01:31:08,864 - exact_match_tst_dictsupervised_wlemma: 0.771
2023-11-15 01:31:08,865 - TRN || epcloss: 0.0100
2023-11-15 01:31:08,866 -     || Q: 0.7601
2023-11-15 01:31:08,867 -     || KL: 0.3180
2023-11-15 01:31:08,867 -     || token_match: 0.997, exact_match: 0.952
2023-11-15 01:31:08,868 - DEV || epcloss: 0.0868
2023-11-15 01:31:08,868 -     || Q: 1.2499
2023-11-15 01:31:08,869 -     || KL: 1.5330
2023-11-15 01:31:08,870 -     || token_match: 0.984, exact_match: 0.822
2023-11-15 01:31:08,916 -     || saved model
2023-11-15 01:31:08,917 - 
2023-11-15 01:31:08,918 - #epc: 91
2023-11-15 01:31:09,598 - epc:91, epc_KL:  0.100000
2023-11-15 01:32:53,794 - exact_match_dev_dictsupervised_wtgt: 58
2023-11-15 01:32:59,364 - exact_match_tst_dictsupervised_wlemma: 0.618
2023-11-15 01:32:59,365 - TRN || epcloss: 0.0082
2023-11-15 01:32:59,367 -     || Q: 0.7710
2023-11-15 01:32:59,367 -     || KL: 0.3167
2023-11-15 01:32:59,368 -     || token_match: 0.998, exact_match: 0.962
2023-11-15 01:32:59,368 - DEV || epcloss: 0.2360
2023-11-15 01:32:59,369 -     || Q: 1.3208
2023-11-15 01:32:59,370 -     || KL: 2.2567
2023-11-15 01:32:59,370 -     || token_match: 0.967, exact_match: 0.627
2023-11-15 01:32:59,371 - 
2023-11-15 01:32:59,372 - #epc: 92
2023-11-15 01:33:00,111 - epc:92, epc_KL:  0.100000
2023-11-15 01:34:44,201 - exact_match_dev_dictsupervised_wtgt: 77
2023-11-15 01:34:49,688 - exact_match_tst_dictsupervised_wlemma: 0.748
2023-11-15 01:34:49,690 - TRN || epcloss: 0.0175
2023-11-15 01:34:49,691 -     || Q: 0.7886
2023-11-15 01:34:49,692 -     || KL: 0.3568
2023-11-15 01:34:49,692 -     || token_match: 0.995, exact_match: 0.917
2023-11-15 01:34:49,693 - DEV || epcloss: 0.0772
2023-11-15 01:34:49,694 -     || Q: 1.1514
2023-11-15 01:34:49,694 -     || KL: 1.3870
2023-11-15 01:34:49,695 -     || token_match: 0.985, exact_match: 0.816
2023-11-15 01:34:49,696 - 
2023-11-15 01:34:49,697 - #epc: 93
2023-11-15 01:34:50,383 - epc:93, epc_KL:  0.100000
2023-11-15 01:36:35,209 - exact_match_dev_dictsupervised_wtgt: 76
2023-11-15 01:36:40,692 - exact_match_tst_dictsupervised_wlemma: 0.754
2023-11-15 01:36:40,693 - TRN || epcloss: 0.0128
2023-11-15 01:36:40,695 -     || Q: 0.8118
2023-11-15 01:36:40,695 -     || KL: 0.3451
2023-11-15 01:36:40,696 -     || token_match: 0.996, exact_match: 0.940
2023-11-15 01:36:40,697 - DEV || epcloss: 0.0955
2023-11-15 01:36:40,697 -     || Q: 1.2600
2023-11-15 01:36:40,698 -     || KL: 1.7175
2023-11-15 01:36:40,698 -     || token_match: 0.982, exact_match: 0.796
2023-11-15 01:36:40,745 -     || saved model
2023-11-15 01:36:40,746 - 
2023-11-15 01:36:40,747 - #epc: 94
2023-11-15 01:36:41,498 - epc:94, epc_KL:  0.100000
2023-11-15 01:38:25,921 - exact_match_dev_dictsupervised_wtgt: 41
2023-11-15 01:38:31,430 - exact_match_tst_dictsupervised_wlemma: 0.468
2023-11-15 01:38:31,431 - TRN || epcloss: 0.0241
2023-11-15 01:38:31,433 -     || Q: 0.7454
2023-11-15 01:38:31,433 -     || KL: 0.3189
2023-11-15 01:38:31,434 -     || token_match: 0.994, exact_match: 0.911
2023-11-15 01:38:31,434 - DEV || epcloss: 0.2583
2023-11-15 01:38:31,435 -     || Q: 1.3513
2023-11-15 01:38:31,435 -     || KL: 2.2441
2023-11-15 01:38:31,436 -     || token_match: 0.953, exact_match: 0.542
2023-11-15 01:38:31,437 - 
2023-11-15 01:38:31,438 - #epc: 95
2023-11-15 01:38:32,118 - epc:95, epc_KL:  0.100000
2023-11-15 01:40:17,972 - exact_match_dev_dictsupervised_wtgt: 70
2023-11-15 01:40:23,475 - exact_match_tst_dictsupervised_wlemma: 0.618
2023-11-15 01:40:23,476 - TRN || epcloss: 0.0676
2023-11-15 01:40:23,477 -     || Q: 0.9202
2023-11-15 01:40:23,478 -     || KL: 0.3826
2023-11-15 01:40:23,478 -     || token_match: 0.981, exact_match: 0.721
2023-11-15 01:40:23,479 - DEV || epcloss: 0.1663
2023-11-15 01:40:23,479 -     || Q: 1.5514
2023-11-15 01:40:23,480 -     || KL: 1.7737
2023-11-15 01:40:23,480 -     || token_match: 0.965, exact_match: 0.663
2023-11-15 01:40:23,482 - 
2023-11-15 01:40:23,482 - #epc: 96
2023-11-15 01:40:24,244 - epc:96, epc_KL:  0.100000
2023-11-15 01:42:09,846 - exact_match_dev_dictsupervised_wtgt: 78
2023-11-15 01:42:15,491 - exact_match_tst_dictsupervised_wlemma: 0.721
2023-11-15 01:42:15,492 - TRN || epcloss: 0.0250
2023-11-15 01:42:15,494 -     || Q: 0.9761
2023-11-15 01:42:15,494 -     || KL: 0.3959
2023-11-15 01:42:15,495 -     || token_match: 0.993, exact_match: 0.885
2023-11-15 01:42:15,496 - DEV || epcloss: 0.0870
2023-11-15 01:42:15,496 -     || Q: 1.5785
2023-11-15 01:42:15,497 -     || KL: 1.7070
2023-11-15 01:42:15,498 -     || token_match: 0.981, exact_match: 0.788
2023-11-15 01:42:15,544 -     || saved model
2023-11-15 01:42:15,546 - 
2023-11-15 01:42:15,546 - #epc: 97
2023-11-15 01:42:16,217 - epc:97, epc_KL:  0.100000
2023-11-15 01:44:02,027 - exact_match_dev_dictsupervised_wtgt: 79
2023-11-15 01:44:07,676 - exact_match_tst_dictsupervised_wlemma: 0.771
2023-11-15 01:44:07,677 - TRN || epcloss: 0.0078
2023-11-15 01:44:07,678 -     || Q: 0.7947
2023-11-15 01:44:07,679 -     || KL: 0.3349
2023-11-15 01:44:07,680 -     || token_match: 0.998, exact_match: 0.962
2023-11-15 01:44:07,680 - DEV || epcloss: 0.0956
2023-11-15 01:44:07,681 -     || Q: 1.3041
2023-11-15 01:44:07,681 -     || KL: 1.4586
2023-11-15 01:44:07,682 -     || token_match: 0.983, exact_match: 0.806
2023-11-15 01:44:07,683 - 
2023-11-15 01:44:07,684 - #epc: 98
2023-11-15 01:44:08,432 - epc:98, epc_KL:  0.100000
2023-11-15 01:45:53,876 - exact_match_dev_dictsupervised_wtgt: 76
2023-11-15 01:45:59,519 - exact_match_tst_dictsupervised_wlemma: 0.761
2023-11-15 01:45:59,521 - TRN || epcloss: 0.0138
2023-11-15 01:45:59,522 -     || Q: 0.8748
2023-11-15 01:45:59,522 -     || KL: 0.3517
2023-11-15 01:45:59,523 -     || token_match: 0.997, exact_match: 0.945
2023-11-15 01:45:59,523 - DEV || epcloss: 4.8214
2023-11-15 01:45:59,524 -     || Q: 1.5795
2023-11-15 01:45:59,525 -     || KL: 2823.5767
2023-11-15 01:45:59,525 -     || token_match: 0.981, exact_match: 0.798
2023-11-15 01:45:59,527 - 
2023-11-15 01:45:59,527 - #epc: 99
2023-11-15 01:46:00,216 - epc:99, epc_KL:  0.100000
2023-11-15 01:47:44,823 - exact_match_dev_dictsupervised_wtgt: 72
2023-11-15 01:47:50,476 - exact_match_tst_dictsupervised_wlemma: 0.728
2023-11-15 01:47:50,477 - TRN || epcloss: 0.0356
2023-11-15 01:47:50,478 -     || Q: 0.9625
2023-11-15 01:47:50,479 -     || KL: 9.0031
2023-11-15 01:47:50,479 -     || token_match: 0.996, exact_match: 0.933
2023-11-15 01:47:50,480 - DEV || epcloss: 0.1475
2023-11-15 01:47:50,481 -     || Q: 1.7071
2023-11-15 01:47:50,481 -     || KL: 2.7214
2023-11-15 01:47:50,482 -     || token_match: 0.980, exact_match: 0.788
2023-11-15 01:47:50,528 -     || saved model
2023-11-15 01:47:50,530 - 
2023-11-15 01:47:50,530 - #epc: 100
2023-11-15 01:47:51,267 - epc:100, epc_KL:  0.100000
2023-11-15 01:49:36,466 - exact_match_dev_dictsupervised_wtgt: 77
2023-11-15 01:49:42,044 - exact_match_tst_dictsupervised_wlemma: 0.784
2023-11-15 01:49:42,045 - TRN || epcloss: 0.0109
2023-11-15 01:49:42,046 -     || Q: 0.9307
2023-11-15 01:49:42,047 -     || KL: 0.3828
2023-11-15 01:49:42,047 -     || token_match: 0.997, exact_match: 0.954
2023-11-15 01:49:42,048 - DEV || epcloss: 0.1145
2023-11-15 01:49:42,049 -     || Q: 1.5638
2023-11-15 01:49:42,049 -     || KL: 2.1344
2023-11-15 01:49:42,050 -     || token_match: 0.984, exact_match: 0.809
2023-11-15 01:49:42,051 - 
2023-11-15 01:49:42,052 - #epc: 101
2023-11-15 01:49:42,766 - epc:101, epc_KL:  0.100000
2023-11-15 01:51:28,291 - exact_match_dev_dictsupervised_wtgt: 83
2023-11-15 01:51:33,790 - exact_match_tst_dictsupervised_wlemma: 0.771
2023-11-15 01:51:33,791 - TRN || epcloss: 0.0152
2023-11-15 01:51:33,792 -     || Q: 0.9134
2023-11-15 01:51:33,793 -     || KL: 0.3744
2023-11-15 01:51:33,793 -     || token_match: 0.996, exact_match: 0.932
2023-11-15 01:51:33,794 - DEV || epcloss: 0.0771
2023-11-15 01:51:33,795 -     || Q: 1.3568
2023-11-15 01:51:33,795 -     || KL: 1.5891
2023-11-15 01:51:33,796 -     || token_match: 0.985, exact_match: 0.815
2023-11-15 01:51:33,797 - 
2023-11-15 01:51:33,798 - #epc: 102
2023-11-15 01:51:34,509 - epc:102, epc_KL:  0.100000
2023-11-15 01:53:20,259 - exact_match_dev_dictsupervised_wtgt: 65
2023-11-15 01:53:25,894 - exact_match_tst_dictsupervised_wlemma: 0.635
2023-11-15 01:53:25,895 - TRN || epcloss: 0.0129
2023-11-15 01:53:25,896 -     || Q: 0.8765
2023-11-15 01:53:25,897 -     || KL: 0.3495
2023-11-15 01:53:25,897 -     || token_match: 0.996, exact_match: 0.941
2023-11-15 01:53:25,898 - DEV || epcloss: 0.1615
2023-11-15 01:53:25,898 -     || Q: 1.6297
2023-11-15 01:53:25,899 -     || KL: 2.1366
2023-11-15 01:53:25,900 -     || token_match: 0.972, exact_match: 0.710
2023-11-15 01:53:25,953 -     || saved model
2023-11-15 01:53:25,956 - 
2023-11-15 01:53:25,956 - #epc: 103
2023-11-15 01:53:26,714 - epc:103, epc_KL:  0.100000
2023-11-15 01:55:12,235 - exact_match_dev_dictsupervised_wtgt: 79
2023-11-15 01:55:17,871 - exact_match_tst_dictsupervised_wlemma: 0.714
2023-11-15 01:55:17,872 - TRN || epcloss: 0.0129
2023-11-15 01:55:17,873 -     || Q: 0.9799
2023-11-15 01:55:17,874 -     || KL: 0.3606
2023-11-15 01:55:17,874 -     || token_match: 0.996, exact_match: 0.939
2023-11-15 01:55:17,875 - DEV || epcloss: 0.1118
2023-11-15 01:55:17,876 -     || Q: 1.6520
2023-11-15 01:55:17,876 -     || KL: 1.6748
2023-11-15 01:55:17,877 -     || token_match: 0.982, exact_match: 0.795
2023-11-15 01:55:17,878 - 
2023-11-15 01:55:17,878 - #epc: 104
2023-11-15 01:55:18,585 - epc:104, epc_KL:  0.100000
2023-11-15 01:57:04,195 - exact_match_dev_dictsupervised_wtgt: 78
2023-11-15 01:57:09,836 - exact_match_tst_dictsupervised_wlemma: 0.774
2023-11-15 01:57:09,837 - TRN || epcloss: 0.0102
2023-11-15 01:57:09,839 -     || Q: 0.9358
2023-11-15 01:57:09,839 -     || KL: 0.3459
2023-11-15 01:57:09,840 -     || token_match: 0.997, exact_match: 0.954
2023-11-15 01:57:09,841 - DEV || epcloss: 0.1015
2023-11-15 01:57:09,841 -     || Q: 1.2908
2023-11-15 01:57:09,842 -     || KL: 1.7120
2023-11-15 01:57:09,842 -     || token_match: 0.984, exact_match: 0.821
2023-11-15 01:57:09,844 - 
2023-11-15 01:57:09,844 - #epc: 105
2023-11-15 01:57:10,625 - epc:105, epc_KL:  0.100000
2023-11-15 01:58:55,848 - exact_match_dev_dictsupervised_wtgt: 67
2023-11-15 01:59:01,419 - exact_match_tst_dictsupervised_wlemma: 0.565
2023-11-15 01:59:01,420 - TRN || epcloss: 0.0122
2023-11-15 01:59:01,421 -     || Q: 0.8787
2023-11-15 01:59:01,422 -     || KL: 0.3491
2023-11-15 01:59:01,422 -     || token_match: 0.997, exact_match: 0.946
2023-11-15 01:59:01,423 - DEV || epcloss: 0.1674
2023-11-15 01:59:01,424 -     || Q: 1.4900
2023-11-15 01:59:01,424 -     || KL: 1.9928
2023-11-15 01:59:01,425 -     || token_match: 0.975, exact_match: 0.693
2023-11-15 01:59:01,456 -     || saved model
2023-11-15 01:59:01,458 - 
2023-11-15 01:59:01,458 - #epc: 106
2023-11-15 01:59:02,154 - epc:106, epc_KL:  0.100000
2023-11-15 02:00:47,501 - exact_match_dev_dictsupervised_wtgt: 80
2023-11-15 02:00:53,004 - exact_match_tst_dictsupervised_wlemma: 0.741
2023-11-15 02:00:53,005 - TRN || epcloss: 0.0117
2023-11-15 02:00:53,006 -     || Q: 0.8952
2023-11-15 02:00:53,007 -     || KL: 0.3448
2023-11-15 02:00:53,007 -     || token_match: 0.997, exact_match: 0.949
2023-11-15 02:00:53,008 - DEV || epcloss: 0.0811
2023-11-15 02:00:53,008 -     || Q: 1.1998
2023-11-15 02:00:53,009 -     || KL: 1.6195
2023-11-15 02:00:53,009 -     || token_match: 0.984, exact_match: 0.811
2023-11-15 02:00:53,011 - 
2023-11-15 02:00:53,011 - #epc: 107
2023-11-15 02:00:53,778 - epc:107, epc_KL:  0.100000
2023-11-15 02:02:39,302 - exact_match_dev_dictsupervised_wtgt: 73
2023-11-15 02:02:44,908 - exact_match_tst_dictsupervised_wlemma: 0.694
2023-11-15 02:02:44,909 - TRN || epcloss: 0.0101
2023-11-15 02:02:44,911 -     || Q: 0.8149
2023-11-15 02:02:44,911 -     || KL: 0.3357
2023-11-15 02:02:44,912 -     || token_match: 0.997, exact_match: 0.952
2023-11-15 02:02:44,913 - DEV || epcloss: 0.0978
2023-11-15 02:02:44,913 -     || Q: 1.3273
2023-11-15 02:02:44,914 -     || KL: 1.6627
2023-11-15 02:02:44,914 -     || token_match: 0.981, exact_match: 0.791
2023-11-15 02:02:44,916 - 
2023-11-15 02:02:44,916 - #epc: 108
2023-11-15 02:02:45,596 - epc:108, epc_KL:  0.100000
2023-11-15 02:04:31,445 - exact_match_dev_dictsupervised_wtgt: 77
2023-11-15 02:04:36,953 - exact_match_tst_dictsupervised_wlemma: 0.741
2023-11-15 02:04:36,955 - TRN || epcloss: 0.0127
2023-11-15 02:04:36,956 -     || Q: 0.9553
2023-11-15 02:04:36,957 -     || KL: 0.3637
2023-11-15 02:04:36,957 -     || token_match: 0.996, exact_match: 0.939
2023-11-15 02:04:36,958 - DEV || epcloss: 0.1683
2023-11-15 02:04:36,958 -     || Q: 1.4738
2023-11-15 02:04:36,959 -     || KL: 3.4417
2023-11-15 02:04:36,960 -     || token_match: 0.981, exact_match: 0.800
2023-11-15 02:04:36,994 -     || saved model
2023-11-15 02:04:36,995 - 
2023-11-15 02:04:36,996 - #epc: 109
2023-11-15 02:04:37,747 - epc:109, epc_KL:  0.100000
2023-11-15 02:06:23,254 - exact_match_dev_dictsupervised_wtgt: 72
2023-11-15 02:06:28,890 - exact_match_tst_dictsupervised_wlemma: 0.701
2023-11-15 02:06:28,891 - TRN || epcloss: 0.0802
2023-11-15 02:06:28,892 -     || Q: 1.0854
2023-11-15 02:06:28,893 -     || KL: 0.6008
2023-11-15 02:06:28,894 -     || token_match: 0.982, exact_match: 0.777
2023-11-15 02:06:28,894 - DEV || epcloss: 0.1348
2023-11-15 02:06:28,895 -     || Q: 1.4811
2023-11-15 02:06:28,895 -     || KL: 1.7507
2023-11-15 02:06:28,896 -     || token_match: 0.973, exact_match: 0.721
2023-11-15 02:06:28,897 - 
2023-11-15 02:06:28,898 - #epc: 110
2023-11-15 02:06:29,596 - epc:110, epc_KL:  0.100000
2023-11-15 02:08:15,471 - exact_match_dev_dictsupervised_wtgt: 67
2023-11-15 02:08:21,113 - exact_match_tst_dictsupervised_wlemma: 0.668
2023-11-15 02:08:21,114 - TRN || epcloss: 0.0285
2023-11-15 02:08:21,116 -     || Q: 1.0934
2023-11-15 02:08:21,116 -     || KL: 0.4559
2023-11-15 02:08:21,117 -     || token_match: 0.992, exact_match: 0.873
2023-11-15 02:08:21,118 - DEV || epcloss: 0.1799
2023-11-15 02:08:21,118 -     || Q: 1.4182
2023-11-15 02:08:21,119 -     || KL: 2.3345
2023-11-15 02:08:21,119 -     || token_match: 0.972, exact_match: 0.718
2023-11-15 02:08:21,121 - 
2023-11-15 02:08:21,121 - #epc: 111
2023-11-15 02:08:21,865 - epc:111, epc_KL:  0.100000
2023-11-15 02:10:07,415 - exact_match_dev_dictsupervised_wtgt: 77
2023-11-15 02:10:13,060 - exact_match_tst_dictsupervised_wlemma: 0.741
2023-11-15 02:10:13,061 - TRN || epcloss: 0.0127
2023-11-15 02:10:13,062 -     || Q: 0.9679
2023-11-15 02:10:13,063 -     || KL: 0.3915
2023-11-15 02:10:13,063 -     || token_match: 0.997, exact_match: 0.942
2023-11-15 02:10:13,064 - DEV || epcloss: 0.1094
2023-11-15 02:10:13,064 -     || Q: 1.3828
2023-11-15 02:10:13,065 -     || KL: 1.5187
2023-11-15 02:10:13,065 -     || token_match: 0.980, exact_match: 0.788
2023-11-15 02:10:13,095 -     || saved model
2023-11-15 02:10:13,096 - 
2023-11-15 02:10:13,097 - #epc: 112
2023-11-15 02:10:13,828 - epc:112, epc_KL:  0.100000
2023-11-15 02:11:58,073 - exact_match_dev_dictsupervised_wtgt: 56
2023-11-15 02:12:03,665 - exact_match_tst_dictsupervised_wlemma: 0.595
2023-11-15 02:12:03,666 - TRN || epcloss: 0.0301
2023-11-15 02:12:03,667 -     || Q: 1.0650
2023-11-15 02:12:03,668 -     || KL: 0.3987
2023-11-15 02:12:03,668 -     || token_match: 0.991, exact_match: 0.866
2023-11-15 02:12:03,669 - DEV || epcloss: 0.2032
2023-11-15 02:12:03,670 -     || Q: 1.8333
2023-11-15 02:12:03,670 -     || KL: 2.1191
2023-11-15 02:12:03,671 -     || token_match: 0.961, exact_match: 0.631
2023-11-15 02:12:03,672 - 
2023-11-15 02:12:03,673 - #epc: 113
2023-11-15 02:12:04,393 - epc:113, epc_KL:  0.100000
2023-11-15 02:13:50,057 - exact_match_dev_dictsupervised_wtgt: 78
2023-11-15 02:13:55,567 - exact_match_tst_dictsupervised_wlemma: 0.734
2023-11-15 02:13:55,568 - TRN || epcloss: 0.0192
2023-11-15 02:13:55,570 -     || Q: 1.1333
2023-11-15 02:13:55,570 -     || KL: 0.4234
2023-11-15 02:13:55,571 -     || token_match: 0.995, exact_match: 0.910
2023-11-15 02:13:55,571 - DEV || epcloss: 0.1088
2023-11-15 02:13:55,572 -     || Q: 1.6599
2023-11-15 02:13:55,572 -     || KL: 2.0844
2023-11-15 02:13:55,573 -     || token_match: 0.980, exact_match: 0.772
2023-11-15 02:13:55,574 - 
2023-11-15 02:13:55,575 - #epc: 114
2023-11-15 02:13:56,341 - epc:114, epc_KL:  0.100000
2023-11-15 02:15:41,645 - exact_match_dev_dictsupervised_wtgt: 77
2023-11-15 02:15:47,162 - exact_match_tst_dictsupervised_wlemma: 0.708
2023-11-15 02:15:47,163 - TRN || epcloss: 0.0254
2023-11-15 02:15:47,165 -     || Q: 1.3063
2023-11-15 02:15:47,165 -     || KL: 0.4136
2023-11-15 02:15:47,166 -     || token_match: 0.993, exact_match: 0.885
2023-11-15 02:15:47,166 - DEV || epcloss: 0.1916
2023-11-15 02:15:47,167 -     || Q: 1.6127
2023-11-15 02:15:47,167 -     || KL: 1.9210
2023-11-15 02:15:47,168 -     || token_match: 0.976, exact_match: 0.746
2023-11-15 02:15:47,216 -     || saved model
2023-11-15 02:15:47,217 - 
2023-11-15 02:15:47,218 - #epc: 115
2023-11-15 02:15:47,974 - epc:115, epc_KL:  0.100000
2023-11-15 02:17:33,773 - exact_match_dev_dictsupervised_wtgt: 76
2023-11-15 02:17:39,313 - exact_match_tst_dictsupervised_wlemma: 0.738
2023-11-15 02:17:39,314 - TRN || epcloss: 0.0129
2023-11-15 02:17:39,315 -     || Q: 0.9900
2023-11-15 02:17:39,315 -     || KL: 0.3782
2023-11-15 02:17:39,316 -     || token_match: 0.997, exact_match: 0.941
2023-11-15 02:17:39,316 - DEV || epcloss: 0.0972
2023-11-15 02:17:39,317 -     || Q: 1.1421
2023-11-15 02:17:39,318 -     || KL: 1.3366
2023-11-15 02:17:39,318 -     || token_match: 0.981, exact_match: 0.781
2023-11-15 02:17:39,320 - 
2023-11-15 02:17:39,320 - #epc: 116
2023-11-15 02:17:40,024 - epc:116, epc_KL:  0.100000
2023-11-15 02:19:25,759 - exact_match_dev_dictsupervised_wtgt: 80
2023-11-15 02:19:31,345 - exact_match_tst_dictsupervised_wlemma: 0.757
2023-11-15 02:19:31,346 - TRN || epcloss: 0.0144
2023-11-15 02:19:31,348 -     || Q: 0.9463
2023-11-15 02:19:31,348 -     || KL: 0.3698
2023-11-15 02:19:31,349 -     || token_match: 0.996, exact_match: 0.930
2023-11-15 02:19:31,350 - DEV || epcloss: 0.0894
2023-11-15 02:19:31,350 -     || Q: 1.3086
2023-11-15 02:19:31,351 -     || KL: 1.3914
2023-11-15 02:19:31,351 -     || token_match: 0.981, exact_match: 0.793
2023-11-15 02:19:31,353 - 
2023-11-15 02:19:31,353 - #epc: 117
2023-11-15 02:19:32,122 - epc:117, epc_KL:  0.100000
