2023-12-25 20:56:14,646 - trnsize: 404897
2023-12-25 20:56:14,670 - devsize: 1446
2023-12-25 20:56:14,671 - tstsize: 1446
2023-12-25 20:56:15,298 - Trn unique tgts: 404896
2023-12-25 20:56:15,300 - Trn unique lemmas: 588
2023-12-25 20:56:15,301 - Trn unique taglists: 703
2023-12-25 20:56:15,302 - Dev unique tgts: 1446
2023-12-25 20:56:15,303 - Dev unique lemmas: 536
2023-12-25 20:56:15,304 - Dev unique taglists: 616
2023-12-25 20:56:15,305 - Tst unique tgts: 1446
2023-12-25 20:56:15,306 - Tst unique lemmas: 536
2023-12-25 20:56:15,307 - Tst unique taglists: 616
2023-12-25 20:56:15,308 - seen_dev_tgt: 1
2023-12-25 20:56:15,310 - seen_dev_lemma: 1446
2023-12-25 20:56:15,311 - seen_dev_taglist: 1446
2023-12-25 20:56:15,312 - seen_tst_tgt: 1
2023-12-25 20:56:15,313 - seen_tst_lemma: 1446
2023-12-25 20:56:15,314 - seen_tst_taglist: 1446
2023-12-25 20:56:37,947 - trnID: run2_8x12_zLEM100_zTAG128_decnh1024_kl0.2_epc10_strt5_decdo0.2_inpemb128_bsize64
2023-12-25 20:56:37,948 - batchsize: 64
2023-12-25 20:56:37,949 - epochs: 50
2023-12-25 20:56:37,949 - lr: 0.00050
2023-12-25 20:56:37,950 - KL_WEIGHT: 0.20000
2023-12-25 20:56:37,951 - opt: Adam (
Parameter Group 0
    amsgrad: False
    betas: (0.5, 0.999)
    capturable: False
    eps: 1e-08
    foreach: None
    lr: 0.0005
    maximize: False
    weight_decay: 0
)
2023-12-25 20:56:37,952 - VQVAE(
  (encoder): Encoder_GRU_VQVAE(
    (layers): ModuleList(
      (0): Embedding(39, 128)
      (1): Dropout(p=0.0, inplace=False)
      (2): GRU(128, 256, batch_first=True, bidirectional=True)
    )
  )
  (z_linears): ModuleList(
    (0): Linear(in_features=256, out_features=128, bias=True)
    (1): Linear(in_features=256, out_features=128, bias=True)
    (2): Linear(in_features=256, out_features=128, bias=True)
    (3): Linear(in_features=256, out_features=128, bias=True)
    (4): Linear(in_features=256, out_features=128, bias=True)
    (5): Linear(in_features=256, out_features=128, bias=True)
    (6): Linear(in_features=256, out_features=128, bias=True)
    (7): Linear(in_features=256, out_features=128, bias=True)
  )
  (quantizers): ModuleList(
    (0): Quantizer(
      (embeddings): Embedding(12, 128)
    )
    (1): Quantizer(
      (embeddings): Embedding(12, 128)
    )
    (2): Quantizer(
      (embeddings): Embedding(12, 128)
    )
    (3): Quantizer(
      (embeddings): Embedding(12, 128)
    )
    (4): Quantizer(
      (embeddings): Embedding(12, 128)
    )
    (5): Quantizer(
      (embeddings): Embedding(12, 128)
    )
    (6): Quantizer(
      (embeddings): Embedding(12, 128)
    )
    (7): Quantizer(
      (embeddings): Embedding(12, 128)
    )
  )
  (z_lemma_mu): Linear(in_features=256, out_features=100, bias=True)
  (z_lemma_logvar): Linear(in_features=256, out_features=100, bias=True)
  (up_from_z_layer): Linear(in_features=228, out_features=1024, bias=True)
  (decoder): Decoder_GRU_VQVAE(
    (layers): ModuleList(
      (0): Embedding(39, 128)
      (1): Dropout(p=0.2, inplace=False)
      (2): GRU(356, 1024, batch_first=True)
      (3): Linear(in_features=1024, out_features=39, bias=True)
    )
    (loss): CrossEntropyLoss()
  )
)
2023-12-25 20:56:38,372 - trnsize: 404897
2023-12-25 20:56:38,373 - devsize: 1446
2023-12-25 20:56:38,374 - tstsize: 1446
2023-12-25 20:56:38,375 - 
2023-12-25 20:56:38,376 - #epc: 0
2023-12-25 20:56:38,382 - epc:0, epc_KL:  0.000000
2023-12-25 21:03:40,958 - exact_match_tst_copy_acc: 0.984
2023-12-25 21:03:40,959 - exact_match_tst_reinflection_wlemma: 0.092
2023-12-25 21:03:40,960 - exact_match_tst_reinflection_wlemma_TAGFINDER1: 0.091
2023-12-25 21:03:40,961 - exact_match_tst_reinflection_wlemma_TAGFINDER1_or_2: 0.092
2023-12-25 21:03:41,272 - TRN || epcloss: 0.0712
2023-12-25 21:03:41,274 -     || Q: 0.0770
2023-12-25 21:03:41,275 -     || KL: 5.3785
2023-12-25 21:03:41,276 -     || token_match: 0.000, exact_match: 0.000
2023-12-25 21:03:41,277 -     || unique taglist code: 24923
2023-12-25 21:03:41,279 - DEV || epcloss: 0.0028
2023-12-25 21:03:41,280 -     || Q: 0.0078
2023-12-25 21:03:41,281 -     || KL: 13.2691
2023-12-25 21:03:41,283 -     || token_match: 0.000, exact_match: 0.000
2023-12-25 21:03:41,284 -     || unique taglist code: 529
2023-12-25 21:03:41,286 -     || seen taglist code: 492
2023-12-25 21:03:41,287 -     || MOST used trncode: 24923
2023-12-25 21:03:41,288 -     || MOST used devcode: 529
2023-12-25 21:03:41,366 -     || saved model
2023-12-25 21:03:41,369 - 
2023-12-25 21:03:41,370 - #epc: 1
2023-12-25 21:03:42,162 - epc:1, epc_KL:  0.000000
2023-12-25 21:10:48,096 - exact_match_tst_copy_acc: 0.996
2023-12-25 21:10:48,098 - exact_match_tst_reinflection_wlemma: 0.071
2023-12-25 21:10:48,099 - exact_match_tst_reinflection_wlemma_TAGFINDER1: 0.071
2023-12-25 21:10:48,100 - exact_match_tst_reinflection_wlemma_TAGFINDER1_or_2: 0.072
2023-12-25 21:10:48,411 - TRN || epcloss: 0.0076
2023-12-25 21:10:48,412 -     || Q: 0.0105
2023-12-25 21:10:48,413 -     || KL: 6.0359
2023-12-25 21:10:48,415 -     || token_match: 0.000, exact_match: 0.000
2023-12-25 21:10:48,416 -     || unique taglist code: 22603
2023-12-25 21:10:48,417 - DEV || epcloss: 0.0009
2023-12-25 21:10:48,418 -     || Q: 0.0043
2023-12-25 21:10:48,420 -     || KL: 13.9612
2023-12-25 21:10:48,421 -     || token_match: 0.000, exact_match: 0.000
2023-12-25 21:10:48,422 -     || unique taglist code: 518
2023-12-25 21:10:48,425 -     || seen taglist code: 485
2023-12-25 21:10:48,522 -     || saved model
2023-12-25 21:10:48,527 - 
2023-12-25 21:10:48,528 - #epc: 2
2023-12-25 21:10:49,423 - epc:2, epc_KL:  0.000000
2023-12-25 21:17:51,344 - exact_match_tst_copy_acc: 0.976
2023-12-25 21:17:51,346 - exact_match_tst_reinflection_wlemma: 0.084
2023-12-25 21:17:51,347 - exact_match_tst_reinflection_wlemma_TAGFINDER1: 0.084
2023-12-25 21:17:51,348 - exact_match_tst_reinflection_wlemma_TAGFINDER1_or_2: 0.084
2023-12-25 21:17:51,649 - TRN || epcloss: 0.0042
2023-12-25 21:17:51,650 -     || Q: 0.0058
2023-12-25 21:17:51,651 -     || KL: 6.6993
2023-12-25 21:17:51,652 -     || token_match: 0.000, exact_match: 0.000
2023-12-25 21:17:51,654 -     || unique taglist code: 21663
2023-12-25 21:17:51,655 - DEV || epcloss: 0.0062
2023-12-25 21:17:51,656 -     || Q: 0.0031
2023-12-25 21:17:51,657 -     || KL: 15.0071
2023-12-25 21:17:51,658 -     || token_match: 0.000, exact_match: 0.000
2023-12-25 21:17:51,659 -     || unique taglist code: 579
2023-12-25 21:17:51,661 -     || seen taglist code: 533
2023-12-25 21:17:51,663 -     || MOST used devcode: 579
2023-12-25 21:17:51,740 -     || saved model
2023-12-25 21:17:51,742 - 
2023-12-25 21:17:51,743 - #epc: 3
2023-12-25 21:17:52,475 - epc:3, epc_KL:  0.000000
2023-12-25 21:24:54,786 - exact_match_tst_copy_acc: 0.993
2023-12-25 21:24:54,787 - exact_match_tst_reinflection_wlemma: 0.091
2023-12-25 21:24:54,788 - exact_match_tst_reinflection_wlemma_TAGFINDER1: 0.089
2023-12-25 21:24:54,790 - exact_match_tst_reinflection_wlemma_TAGFINDER1_or_2: 0.093
2023-12-25 21:24:55,275 - TRN || epcloss: 0.0026
2023-12-25 21:24:55,276 -     || Q: 0.0041
2023-12-25 21:24:55,278 -     || KL: 7.1515
2023-12-25 21:24:55,279 -     || token_match: 0.000, exact_match: 0.000
2023-12-25 21:24:55,280 -     || unique taglist code: 33527
2023-12-25 21:24:55,281 - DEV || epcloss: 0.0013
2023-12-25 21:24:55,282 -     || Q: 0.0031
2023-12-25 21:24:55,283 -     || KL: 15.8898
2023-12-25 21:24:55,285 -     || token_match: 0.000, exact_match: 0.000
2023-12-25 21:24:55,286 -     || unique taglist code: 655
2023-12-25 21:24:55,289 -     || seen taglist code: 558
2023-12-25 21:24:55,290 -     || MOST used trncode: 33527
2023-12-25 21:24:55,292 -     || MOST used devcode: 655
2023-12-25 21:24:55,408 -     || saved model
2023-12-25 21:24:55,411 - 
2023-12-25 21:24:55,412 - #epc: 4
2023-12-25 21:24:56,492 - epc:4, epc_KL:  0.000000
2023-12-25 21:32:02,138 - exact_match_tst_copy_acc: 0.994
2023-12-25 21:32:02,140 - exact_match_tst_reinflection_wlemma: 0.055
2023-12-25 21:32:02,141 - exact_match_tst_reinflection_wlemma_TAGFINDER1: 0.054
2023-12-25 21:32:02,142 - exact_match_tst_reinflection_wlemma_TAGFINDER1_or_2: 0.055
2023-12-25 21:32:02,442 - TRN || epcloss: 0.0022
2023-12-25 21:32:02,443 -     || Q: 0.0040
2023-12-25 21:32:02,444 -     || KL: 7.5138
2023-12-25 21:32:02,446 -     || token_match: 0.000, exact_match: 0.000
2023-12-25 21:32:02,447 -     || unique taglist code: 35856
2023-12-25 21:32:02,449 - DEV || epcloss: 0.0008
2023-12-25 21:32:02,450 -     || Q: 0.0032
2023-12-25 21:32:02,453 -     || KL: 16.6718
2023-12-25 21:32:02,454 -     || token_match: 0.000, exact_match: 0.000
2023-12-25 21:32:02,455 -     || unique taglist code: 622
2023-12-25 21:32:02,457 -     || seen taglist code: 546
2023-12-25 21:32:02,458 -     || MOST used trncode: 35856
2023-12-25 21:32:02,565 -     || saved model
2023-12-25 21:32:02,569 - 
2023-12-25 21:32:02,571 - #epc: 5
2023-12-25 21:32:03,722 - epc:5, epc_KL:  0.020000
2023-12-25 21:39:12,099 - exact_match_tst_copy_acc: 0.998
2023-12-25 21:39:12,101 - exact_match_tst_reinflection_wlemma: 0.136
2023-12-25 21:39:12,102 - exact_match_tst_reinflection_wlemma_TAGFINDER1: 0.132
2023-12-25 21:39:12,104 - exact_match_tst_reinflection_wlemma_TAGFINDER1_or_2: 0.138
2023-12-25 21:39:12,692 - TRN || epcloss: 0.0061
2023-12-25 21:39:12,693 -     || Q: 0.0044
2023-12-25 21:39:12,694 -     || KL: 1.2120
2023-12-25 21:39:12,695 -     || token_match: 0.000, exact_match: 0.000
2023-12-25 21:39:12,697 -     || unique taglist code: 52408
2023-12-25 21:39:12,698 - DEV || epcloss: 0.0003
2023-12-25 21:39:12,699 -     || Q: 0.0029
2023-12-25 21:39:12,700 -     || KL: 2.0718
2023-12-25 21:39:12,701 -     || token_match: 0.000, exact_match: 0.000
2023-12-25 21:39:12,702 -     || unique taglist code: 836
2023-12-25 21:39:12,706 -     || seen taglist code: 764
2023-12-25 21:39:12,707 -     || MOST used trncode: 52408
2023-12-25 21:39:12,708 -     || MOST used devcode: 836
2023-12-25 21:39:12,797 -     || saved model
2023-12-25 21:39:12,800 - 
2023-12-25 21:39:12,801 - #epc: 6
2023-12-25 21:39:13,872 - epc:6, epc_KL:  0.040000
2023-12-25 21:46:21,149 - exact_match_tst_copy_acc: 0.998
2023-12-25 21:46:21,150 - exact_match_tst_reinflection_wlemma: 0.202
2023-12-25 21:46:21,151 - exact_match_tst_reinflection_wlemma_TAGFINDER1: 0.199
2023-12-25 21:46:21,152 - exact_match_tst_reinflection_wlemma_TAGFINDER1_or_2: 0.209
2023-12-25 21:46:21,680 - TRN || epcloss: 0.0072
2023-12-25 21:46:21,681 -     || Q: 0.0056
2023-12-25 21:46:21,682 -     || KL: 0.7297
2023-12-25 21:46:21,683 -     || token_match: 0.000, exact_match: 0.000
2023-12-25 21:46:21,684 -     || unique taglist code: 47044
2023-12-25 21:46:21,685 - DEV || epcloss: 0.0005
2023-12-25 21:46:21,686 -     || Q: 0.0064
2023-12-25 21:46:21,687 -     || KL: 1.4764
2023-12-25 21:46:21,689 -     || token_match: 0.000, exact_match: 0.000
2023-12-25 21:46:21,690 -     || unique taglist code: 918
2023-12-25 21:46:21,692 -     || seen taglist code: 830
2023-12-25 21:46:21,693 -     || MOST used devcode: 918
2023-12-25 21:46:21,789 -     || saved model
2023-12-25 21:46:21,792 - 
2023-12-25 21:46:21,793 - #epc: 7
2023-12-25 21:46:22,794 - epc:7, epc_KL:  0.060000
2023-12-25 21:53:32,091 - exact_match_tst_copy_acc: 0.998
2023-12-25 21:53:32,092 - exact_match_tst_reinflection_wlemma: 0.415
2023-12-25 21:53:32,094 - exact_match_tst_reinflection_wlemma_TAGFINDER1: 0.404
2023-12-25 21:53:32,095 - exact_match_tst_reinflection_wlemma_TAGFINDER1_or_2: 0.421
2023-12-25 21:53:32,738 - TRN || epcloss: 0.0071
2023-12-25 21:53:32,739 -     || Q: 0.0086
2023-12-25 21:53:32,740 -     || KL: 0.5327
2023-12-25 21:53:32,742 -     || token_match: 0.000, exact_match: 0.000
2023-12-25 21:53:32,743 -     || unique taglist code: 30574
2023-12-25 21:53:32,744 - DEV || epcloss: 0.0003
2023-12-25 21:53:32,746 -     || Q: 0.0079
2023-12-25 21:53:32,747 -     || KL: 1.0514
2023-12-25 21:53:32,748 -     || token_match: 0.000, exact_match: 0.000
2023-12-25 21:53:32,749 -     || unique taglist code: 908
2023-12-25 21:53:32,752 -     || seen taglist code: 875
2023-12-25 21:53:32,824 -     || saved model
2023-12-25 21:53:32,826 - 
2023-12-25 21:53:32,828 - #epc: 8
2023-12-25 21:53:33,879 - epc:8, epc_KL:  0.080000
2023-12-25 22:00:47,212 - exact_match_tst_copy_acc: 1.000
2023-12-25 22:00:47,214 - exact_match_tst_reinflection_wlemma: 0.671
2023-12-25 22:00:47,215 - exact_match_tst_reinflection_wlemma_TAGFINDER1: 0.642
2023-12-25 22:00:47,216 - exact_match_tst_reinflection_wlemma_TAGFINDER1_or_2: 0.679
2023-12-25 22:00:47,602 - TRN || epcloss: 0.0072
2023-12-25 22:00:47,604 -     || Q: 0.0115
2023-12-25 22:00:47,605 -     || KL: 0.4204
2023-12-25 22:00:47,606 -     || token_match: 0.000, exact_match: 0.000
2023-12-25 22:00:47,607 -     || unique taglist code: 28642
2023-12-25 22:00:47,608 - DEV || epcloss: 0.0001
2023-12-25 22:00:47,610 -     || Q: 0.0111
2023-12-25 22:00:47,611 -     || KL: 0.8306
2023-12-25 22:00:47,612 -     || token_match: 0.000, exact_match: 0.000
2023-12-25 22:00:47,613 -     || unique taglist code: 1029
2023-12-25 22:00:47,616 -     || seen taglist code: 980
2023-12-25 22:00:47,617 -     || MOST used devcode: 1029
2023-12-25 22:00:47,704 -     || saved model
2023-12-25 22:00:47,707 - 
2023-12-25 22:00:47,709 - #epc: 9
2023-12-25 22:00:48,483 - epc:9, epc_KL:  0.100000
2023-12-25 22:08:01,233 - exact_match_tst_copy_acc: 0.998
2023-12-25 22:08:01,235 - exact_match_tst_reinflection_wlemma: 0.843
2023-12-25 22:08:01,236 - exact_match_tst_reinflection_wlemma_TAGFINDER1: 0.806
2023-12-25 22:08:01,237 - exact_match_tst_reinflection_wlemma_TAGFINDER1_or_2: 0.850
2023-12-25 22:08:01,636 - TRN || epcloss: 0.0076
2023-12-25 22:08:01,638 -     || Q: 0.0138
2023-12-25 22:08:01,639 -     || KL: 0.3523
2023-12-25 22:08:01,640 -     || token_match: 0.000, exact_match: 0.000
2023-12-25 22:08:01,641 -     || unique taglist code: 34143
2023-12-25 22:08:01,642 - DEV || epcloss: 0.0008
2023-12-25 22:08:01,643 -     || Q: 0.0125
2023-12-25 22:08:01,644 -     || KL: 0.7239
2023-12-25 22:08:01,645 -     || token_match: 0.000, exact_match: 0.000
2023-12-25 22:08:01,646 -     || unique taglist code: 1136
2023-12-25 22:08:01,649 -     || seen taglist code: 1065
2023-12-25 22:08:01,650 -     || MOST used devcode: 1136
2023-12-25 22:08:01,743 -     || saved model
2023-12-25 22:08:01,745 - 
2023-12-25 22:08:01,746 - #epc: 10
2023-12-25 22:08:02,464 - epc:10, epc_KL:  0.120000
2023-12-25 22:15:14,165 - exact_match_tst_copy_acc: 0.994
2023-12-25 22:15:14,167 - exact_match_tst_reinflection_wlemma: 0.922
2023-12-25 22:15:14,169 - exact_match_tst_reinflection_wlemma_TAGFINDER1: 0.880
2023-12-25 22:15:14,170 - exact_match_tst_reinflection_wlemma_TAGFINDER1_or_2: 0.925
2023-12-25 22:15:14,613 - TRN || epcloss: 0.0076
2023-12-25 22:15:14,614 -     || Q: 0.0162
2023-12-25 22:15:14,615 -     || KL: 0.3107
2023-12-25 22:15:14,616 -     || token_match: 0.000, exact_match: 0.000
2023-12-25 22:15:14,617 -     || unique taglist code: 39294
2023-12-25 22:15:14,619 - DEV || epcloss: 0.0010
2023-12-25 22:15:14,620 -     || Q: 0.0177
2023-12-25 22:15:14,622 -     || KL: 0.7156
2023-12-25 22:15:14,623 -     || token_match: 0.000, exact_match: 0.000
2023-12-25 22:15:14,624 -     || unique taglist code: 1183
2023-12-25 22:15:14,627 -     || seen taglist code: 1104
2023-12-25 22:15:14,628 -     || MOST used devcode: 1183
2023-12-25 22:15:14,710 -     || saved model
2023-12-25 22:15:14,713 - 
2023-12-25 22:15:14,714 - #epc: 11
2023-12-25 22:15:15,441 - epc:11, epc_KL:  0.140000
2023-12-25 22:22:22,864 - exact_match_tst_copy_acc: 0.994
2023-12-25 22:22:22,865 - exact_match_tst_reinflection_wlemma: 0.964
2023-12-25 22:22:22,867 - exact_match_tst_reinflection_wlemma_TAGFINDER1: 0.929
2023-12-25 22:22:22,868 - exact_match_tst_reinflection_wlemma_TAGFINDER1_or_2: 0.963
2023-12-25 22:22:23,326 - TRN || epcloss: 0.0080
2023-12-25 22:22:23,328 -     || Q: 0.0204
2023-12-25 22:22:23,329 -     || KL: 0.2827
2023-12-25 22:22:23,330 -     || token_match: 0.000, exact_match: 0.000
2023-12-25 22:22:23,331 -     || unique taglist code: 43017
2023-12-25 22:22:23,333 - DEV || epcloss: 0.0016
2023-12-25 22:22:23,334 -     || Q: 0.0238
2023-12-25 22:22:23,335 -     || KL: 0.5882
2023-12-25 22:22:23,336 -     || token_match: 0.000, exact_match: 0.000
2023-12-25 22:22:23,338 -     || unique taglist code: 1259
2023-12-25 22:22:23,340 -     || seen taglist code: 1154
2023-12-25 22:22:23,342 -     || MOST used devcode: 1259
2023-12-25 22:22:23,450 -     || saved model
2023-12-25 22:22:23,454 - 
2023-12-25 22:22:23,455 - #epc: 12
2023-12-25 22:22:23,990 - epc:12, epc_KL:  0.160000
2023-12-25 22:29:27,324 - exact_match_tst_copy_acc: 0.996
2023-12-25 22:29:27,325 - exact_match_tst_reinflection_wlemma: 0.973
2023-12-25 22:29:27,326 - exact_match_tst_reinflection_wlemma_TAGFINDER1: 0.916
2023-12-25 22:29:27,327 - exact_match_tst_reinflection_wlemma_TAGFINDER1_or_2: 0.972
2023-12-25 22:29:27,743 - TRN || epcloss: 0.0084
2023-12-25 22:29:27,744 -     || Q: 0.0257
2023-12-25 22:29:27,746 -     || KL: 0.2599
2023-12-25 22:29:27,747 -     || token_match: 0.000, exact_match: 0.000
2023-12-25 22:29:27,748 -     || unique taglist code: 43313
2023-12-25 22:29:27,749 - DEV || epcloss: 0.0010
2023-12-25 22:29:27,750 -     || Q: 0.0318
2023-12-25 22:29:27,751 -     || KL: 0.5680
2023-12-25 22:29:27,753 -     || token_match: 0.000, exact_match: 0.000
2023-12-25 22:29:27,754 -     || unique taglist code: 1301
2023-12-25 22:29:27,756 -     || seen taglist code: 1226
2023-12-25 22:29:27,757 -     || MOST used devcode: 1301
2023-12-25 22:29:27,903 -     || saved model
2023-12-25 22:29:27,905 - 
2023-12-25 22:29:27,907 - #epc: 13
2023-12-25 22:29:28,440 - epc:13, epc_KL:  0.180000
2023-12-25 22:36:28,263 - exact_match_tst_copy_acc: 0.997
2023-12-25 22:36:28,264 - exact_match_tst_reinflection_wlemma: 0.979
2023-12-25 22:36:28,265 - exact_match_tst_reinflection_wlemma_TAGFINDER1: 0.896
2023-12-25 22:36:28,266 - exact_match_tst_reinflection_wlemma_TAGFINDER1_or_2: 0.974
2023-12-25 22:36:28,681 - TRN || epcloss: 0.0088
2023-12-25 22:36:28,682 -     || Q: 0.0308
2023-12-25 22:36:28,684 -     || KL: 0.2418
2023-12-25 22:36:28,685 -     || token_match: 0.000, exact_match: 0.000
2023-12-25 22:36:28,686 -     || unique taglist code: 45260
2023-12-25 22:36:28,687 - DEV || epcloss: 0.0007
2023-12-25 22:36:28,688 -     || Q: 0.0304
2023-12-25 22:36:28,689 -     || KL: 0.5089
2023-12-25 22:36:28,690 -     || token_match: 0.000, exact_match: 0.000
2023-12-25 22:36:28,691 -     || unique taglist code: 1333
2023-12-25 22:36:28,693 -     || seen taglist code: 1222
2023-12-25 22:36:28,694 -     || MOST used devcode: 1333
2023-12-25 22:36:28,772 -     || saved model
2023-12-25 22:36:28,774 - 
2023-12-25 22:36:28,775 - #epc: 14
2023-12-25 22:36:29,294 - epc:14, epc_KL:  0.200000
2023-12-25 22:43:31,878 - exact_match_tst_copy_acc: 0.996
2023-12-25 22:43:31,880 - exact_match_tst_reinflection_wlemma: 0.983
2023-12-25 22:43:31,882 - exact_match_tst_reinflection_wlemma_TAGFINDER1: 0.892
2023-12-25 22:43:31,883 - exact_match_tst_reinflection_wlemma_TAGFINDER1_or_2: 0.976
2023-12-25 22:43:32,294 - TRN || epcloss: 0.0093
2023-12-25 22:43:32,295 -     || Q: 0.0375
2023-12-25 22:43:32,296 -     || KL: 0.2286
2023-12-25 22:43:32,298 -     || token_match: 0.000, exact_match: 0.000
2023-12-25 22:43:32,299 -     || unique taglist code: 58067
2023-12-25 22:43:32,300 - DEV || epcloss: 0.0008
2023-12-25 22:43:32,301 -     || Q: 0.0378
2023-12-25 22:43:32,302 -     || KL: 0.4928
2023-12-25 22:43:32,303 -     || token_match: 0.000, exact_match: 0.000
2023-12-25 22:43:32,304 -     || unique taglist code: 1368
2023-12-25 22:43:32,307 -     || seen taglist code: 1184
2023-12-25 22:43:32,308 -     || MOST used trncode: 58067
2023-12-25 22:43:32,309 -     || MOST used devcode: 1368
2023-12-25 22:43:32,430 -     || saved model
2023-12-25 22:43:32,433 - 
2023-12-25 22:43:32,434 - #epc: 15
2023-12-25 22:43:32,964 - epc:15, epc_KL:  0.200000
2023-12-25 22:50:34,574 - exact_match_tst_copy_acc: 0.995
2023-12-25 22:50:34,576 - exact_match_tst_reinflection_wlemma: 0.983
2023-12-25 22:50:34,577 - exact_match_tst_reinflection_wlemma_TAGFINDER1: 0.833
2023-12-25 22:50:34,579 - exact_match_tst_reinflection_wlemma_TAGFINDER1_or_2: 0.959
2023-12-25 22:50:35,006 - TRN || epcloss: 0.0094
2023-12-25 22:50:35,007 -     || Q: 0.0414
2023-12-25 22:50:35,008 -     || KL: 0.2200
2023-12-25 22:50:35,010 -     || token_match: 0.000, exact_match: 0.000
2023-12-25 22:50:35,011 -     || unique taglist code: 67451
2023-12-25 22:50:35,013 - DEV || epcloss: 0.0011
2023-12-25 22:50:35,014 -     || Q: 0.0429
2023-12-25 22:50:35,015 -     || KL: 0.4686
2023-12-25 22:50:35,016 -     || token_match: 0.000, exact_match: 0.000
2023-12-25 22:50:35,017 -     || unique taglist code: 1393
2023-12-25 22:50:35,019 -     || seen taglist code: 1271
2023-12-25 22:50:35,020 -     || MOST used trncode: 67451
2023-12-25 22:50:35,022 -     || MOST used devcode: 1393
2023-12-25 22:50:35,158 -     || saved model
2023-12-25 22:50:35,161 - 
2023-12-25 22:50:35,162 - #epc: 16
2023-12-25 22:50:35,787 - epc:16, epc_KL:  0.200000
2023-12-25 22:57:36,696 - exact_match_tst_copy_acc: 0.992
2023-12-25 22:57:36,698 - exact_match_tst_reinflection_wlemma: 0.981
2023-12-25 22:57:36,699 - exact_match_tst_reinflection_wlemma_TAGFINDER1: 0.815
2023-12-25 22:57:36,700 - exact_match_tst_reinflection_wlemma_TAGFINDER1_or_2: 0.957
2023-12-25 22:57:37,147 - TRN || epcloss: 0.0097
2023-12-25 22:57:37,149 -     || Q: 0.0444
2023-12-25 22:57:37,151 -     || KL: 0.2157
2023-12-25 22:57:37,153 -     || token_match: 0.000, exact_match: 0.000
2023-12-25 22:57:37,153 -     || unique taglist code: 69793
2023-12-25 22:57:37,155 - DEV || epcloss: 0.0024
2023-12-25 22:57:37,156 -     || Q: 0.0479
2023-12-25 22:57:37,157 -     || KL: 0.4749
2023-12-25 22:57:37,158 -     || token_match: 0.000, exact_match: 0.000
2023-12-25 22:57:37,159 -     || unique taglist code: 1387
2023-12-25 22:57:37,162 -     || seen taglist code: 1237
2023-12-25 22:57:37,163 -     || MOST used trncode: 69793
2023-12-25 22:57:37,271 -     || saved model
2023-12-25 22:57:37,273 - 
2023-12-25 22:57:37,275 - #epc: 17
2023-12-25 22:57:37,794 - epc:17, epc_KL:  0.200000
2023-12-25 23:04:44,002 - exact_match_tst_copy_acc: 0.992
2023-12-25 23:04:44,004 - exact_match_tst_reinflection_wlemma: 0.980
2023-12-25 23:04:44,005 - exact_match_tst_reinflection_wlemma_TAGFINDER1: 0.769
2023-12-25 23:04:44,006 - exact_match_tst_reinflection_wlemma_TAGFINDER1_or_2: 0.942
2023-12-25 23:04:44,424 - TRN || epcloss: 0.0094
2023-12-25 23:04:44,426 -     || Q: 0.0448
2023-12-25 23:04:44,427 -     || KL: 0.2110
2023-12-25 23:04:44,429 -     || token_match: 0.000, exact_match: 0.000
2023-12-25 23:04:44,430 -     || unique taglist code: 85291
2023-12-25 23:04:44,431 - DEV || epcloss: 0.0022
2023-12-25 23:04:44,432 -     || Q: 0.0470
2023-12-25 23:04:44,433 -     || KL: 0.4466
2023-12-25 23:04:44,434 -     || token_match: 0.000, exact_match: 0.000
2023-12-25 23:04:44,435 -     || unique taglist code: 1396
2023-12-25 23:04:44,438 -     || seen taglist code: 1171
2023-12-25 23:04:44,439 -     || MOST used trncode: 85291
2023-12-25 23:04:44,440 -     || MOST used devcode: 1396
2023-12-25 23:04:44,543 -     || saved model
2023-12-25 23:04:44,545 - 
2023-12-25 23:04:44,547 - #epc: 18
2023-12-25 23:04:45,079 - epc:18, epc_KL:  0.200000
2023-12-25 23:11:49,569 - exact_match_tst_copy_acc: 0.995
2023-12-25 23:11:49,571 - exact_match_tst_reinflection_wlemma: 0.988
2023-12-25 23:11:49,573 - exact_match_tst_reinflection_wlemma_TAGFINDER1: 0.723
2023-12-25 23:11:49,574 - exact_match_tst_reinflection_wlemma_TAGFINDER1_or_2: 0.914
2023-12-25 23:11:50,000 - TRN || epcloss: 0.0092
2023-12-25 23:11:50,001 -     || Q: 0.0442
2023-12-25 23:11:50,002 -     || KL: 0.2048
2023-12-25 23:11:50,003 -     || token_match: 0.000, exact_match: 0.000
2023-12-25 23:11:50,004 -     || unique taglist code: 99264
2023-12-25 23:11:50,006 - DEV || epcloss: 0.0014
2023-12-25 23:11:50,007 -     || Q: 0.0410
2023-12-25 23:11:50,008 -     || KL: 0.4389
2023-12-25 23:11:50,009 -     || token_match: 0.000, exact_match: 0.000
2023-12-25 23:11:50,010 -     || unique taglist code: 1405
2023-12-25 23:11:50,013 -     || seen taglist code: 1242
2023-12-25 23:11:50,014 -     || MOST used trncode: 99264
2023-12-25 23:11:50,015 -     || MOST used devcode: 1405
2023-12-25 23:11:50,127 -     || saved model
2023-12-25 23:11:50,129 - 
2023-12-25 23:11:50,131 - #epc: 19
2023-12-25 23:11:50,652 - epc:19, epc_KL:  0.200000
2023-12-25 23:18:56,237 - exact_match_tst_copy_acc: 0.991
2023-12-25 23:18:56,239 - exact_match_tst_reinflection_wlemma: 0.979
2023-12-25 23:18:56,240 - exact_match_tst_reinflection_wlemma_TAGFINDER1: 0.707
2023-12-25 23:18:56,241 - exact_match_tst_reinflection_wlemma_TAGFINDER1_or_2: 0.907
2023-12-25 23:18:56,656 - TRN || epcloss: 0.0096
2023-12-25 23:18:56,658 -     || Q: 0.0457
2023-12-25 23:18:56,659 -     || KL: 0.2032
2023-12-25 23:18:56,660 -     || token_match: 0.000, exact_match: 0.000
2023-12-25 23:18:56,661 -     || unique taglist code: 103119
2023-12-25 23:18:56,662 - DEV || epcloss: 0.0021
2023-12-25 23:18:56,663 -     || Q: 0.0440
2023-12-25 23:18:56,664 -     || KL: 0.4434
2023-12-25 23:18:56,665 -     || token_match: 0.000, exact_match: 0.000
2023-12-25 23:18:56,667 -     || unique taglist code: 1410
2023-12-25 23:18:56,669 -     || seen taglist code: 1227
2023-12-25 23:18:56,670 -     || MOST used trncode: 103119
2023-12-25 23:18:56,671 -     || MOST used devcode: 1410
2023-12-25 23:18:56,800 -     || saved model
2023-12-25 23:18:56,802 - 
2023-12-25 23:18:56,803 - #epc: 20
2023-12-25 23:18:57,321 - epc:20, epc_KL:  0.200000
2023-12-25 23:26:02,248 - exact_match_tst_copy_acc: 0.994
2023-12-25 23:26:02,249 - exact_match_tst_reinflection_wlemma: 0.985
2023-12-25 23:26:02,250 - exact_match_tst_reinflection_wlemma_TAGFINDER1: 0.707
2023-12-25 23:26:02,251 - exact_match_tst_reinflection_wlemma_TAGFINDER1_or_2: 0.917
2023-12-25 23:26:02,656 - TRN || epcloss: 0.0111
2023-12-25 23:26:02,658 -     || Q: 0.0542
2023-12-25 23:26:02,659 -     || KL: 0.2064
2023-12-25 23:26:02,660 -     || token_match: 0.000, exact_match: 0.000
2023-12-25 23:26:02,661 -     || unique taglist code: 114408
2023-12-25 23:26:02,662 - DEV || epcloss: 0.0011
2023-12-25 23:26:02,663 -     || Q: 0.0452
2023-12-25 23:26:02,664 -     || KL: 0.4232
2023-12-25 23:26:02,665 -     || token_match: 0.000, exact_match: 0.000
2023-12-25 23:26:02,666 -     || unique taglist code: 1410
2023-12-25 23:26:02,669 -     || seen taglist code: 1232
2023-12-25 23:26:02,670 -     || MOST used trncode: 114408
2023-12-25 23:26:02,789 -     || saved model
2023-12-25 23:26:02,792 - 
2023-12-25 23:26:02,793 - #epc: 21
2023-12-25 23:26:03,321 - epc:21, epc_KL:  0.200000
2023-12-25 23:33:09,356 - exact_match_tst_copy_acc: 0.987
2023-12-25 23:33:09,358 - exact_match_tst_reinflection_wlemma: 0.970
2023-12-25 23:33:09,359 - exact_match_tst_reinflection_wlemma_TAGFINDER1: 0.698
2023-12-25 23:33:09,360 - exact_match_tst_reinflection_wlemma_TAGFINDER1_or_2: 0.901
2023-12-25 23:33:09,781 - TRN || epcloss: 0.0320
2023-12-25 23:33:09,783 -     || Q: 0.0875
2023-12-25 23:33:09,784 -     || KL: 0.2366
2023-12-25 23:33:09,785 -     || token_match: 0.000, exact_match: 0.000
2023-12-25 23:33:09,786 -     || unique taglist code: 143097
2023-12-25 23:33:09,787 - DEV || epcloss: 0.0039
2023-12-25 23:33:09,789 -     || Q: 0.0883
2023-12-25 23:33:09,790 -     || KL: 0.5026
2023-12-25 23:33:09,791 -     || token_match: 0.000, exact_match: 0.000
2023-12-25 23:33:09,792 -     || unique taglist code: 1408
2023-12-25 23:33:09,794 -     || seen taglist code: 1191
2023-12-25 23:33:09,795 -     || MOST used trncode: 143097
2023-12-25 23:33:09,910 -     || saved model
2023-12-25 23:33:09,912 - 
2023-12-25 23:33:09,914 - #epc: 22
2023-12-25 23:33:10,437 - epc:22, epc_KL:  0.200000
2023-12-25 23:40:15,374 - exact_match_tst_copy_acc: 0.961
2023-12-25 23:40:15,375 - exact_match_tst_reinflection_wlemma: 0.947
2023-12-25 23:40:15,376 - exact_match_tst_reinflection_wlemma_TAGFINDER1: 0.682
2023-12-25 23:40:15,377 - exact_match_tst_reinflection_wlemma_TAGFINDER1_or_2: 0.882
2023-12-25 23:40:15,816 - TRN || epcloss: 0.0283
2023-12-25 23:40:15,818 -     || Q: 0.0915
2023-12-25 23:40:15,819 -     || KL: 0.2423
2023-12-25 23:40:15,820 -     || token_match: 0.000, exact_match: 0.000
2023-12-25 23:40:15,821 -     || unique taglist code: 132419
2023-12-25 23:40:15,822 - DEV || epcloss: 0.0110
2023-12-25 23:40:15,823 -     || Q: 0.0828
2023-12-25 23:40:15,825 -     || KL: 0.5020
2023-12-25 23:40:15,826 -     || token_match: 0.000, exact_match: 0.000
2023-12-25 23:40:15,827 -     || unique taglist code: 1403
2023-12-25 23:40:15,829 -     || seen taglist code: 1183
2023-12-25 23:40:15,965 -     || saved model
2023-12-25 23:40:15,968 - 
2023-12-25 23:40:15,969 - #epc: 23
2023-12-25 23:40:16,503 - epc:23, epc_KL:  0.200000
2023-12-25 23:47:20,513 - exact_match_tst_copy_acc: 0.990
2023-12-25 23:47:20,514 - exact_match_tst_reinflection_wlemma: 0.976
2023-12-25 23:47:20,515 - exact_match_tst_reinflection_wlemma_TAGFINDER1: 0.669
2023-12-25 23:47:20,516 - exact_match_tst_reinflection_wlemma_TAGFINDER1_or_2: 0.895
2023-12-25 23:47:20,930 - TRN || epcloss: 0.0125
2023-12-25 23:47:20,931 -     || Q: 0.0683
2023-12-25 23:47:20,932 -     || KL: 0.2093
2023-12-25 23:47:20,934 -     || token_match: 0.000, exact_match: 0.000
2023-12-25 23:47:20,935 -     || unique taglist code: 105537
2023-12-25 23:47:20,936 - DEV || epcloss: 0.0028
2023-12-25 23:47:20,937 -     || Q: 0.0648
2023-12-25 23:47:20,938 -     || KL: 0.4679
2023-12-25 23:47:20,940 -     || token_match: 0.000, exact_match: 0.000
2023-12-25 23:47:20,941 -     || unique taglist code: 1406
2023-12-25 23:47:20,943 -     || seen taglist code: 1125
2023-12-25 23:47:21,097 -     || saved model
2023-12-25 23:47:21,100 - 
2023-12-25 23:47:21,101 - #epc: 24
2023-12-25 23:47:21,634 - epc:24, epc_KL:  0.200000
2023-12-25 23:54:21,805 - exact_match_tst_copy_acc: 0.538
2023-12-25 23:54:21,807 - exact_match_tst_reinflection_wlemma: 0.519
2023-12-25 23:54:21,808 - exact_match_tst_reinflection_wlemma_TAGFINDER1: 0.364
2023-12-25 23:54:21,809 - exact_match_tst_reinflection_wlemma_TAGFINDER1_or_2: 0.515
2023-12-25 23:54:22,208 - TRN || epcloss: 0.0690
2023-12-25 23:54:22,209 -     || Q: 0.1202
2023-12-25 23:54:22,210 -     || KL: 0.2783
2023-12-25 23:54:22,211 -     || token_match: 0.000, exact_match: 0.000
2023-12-25 23:54:22,213 -     || unique taglist code: 173176
2023-12-25 23:54:22,214 - DEV || epcloss: 0.1075
2023-12-25 23:54:22,215 -     || Q: 0.2068
2023-12-25 23:54:22,216 -     || KL: 1.1412
2023-12-25 23:54:22,217 -     || token_match: 0.000, exact_match: 0.000
2023-12-25 23:54:22,219 -     || unique taglist code: 1400
2023-12-25 23:54:22,221 -     || seen taglist code: 754
2023-12-25 23:54:22,223 -     || MOST used trncode: 173176
2023-12-25 23:54:22,313 -     || saved model
2023-12-25 23:54:22,316 - 
2023-12-25 23:54:22,317 - #epc: 25
2023-12-25 23:54:22,875 - epc:25, epc_KL:  0.200000
2023-12-26 00:01:25,153 - exact_match_tst_copy_acc: 0.976
2023-12-26 00:01:25,154 - exact_match_tst_reinflection_wlemma: 0.965
2023-12-26 00:01:25,156 - exact_match_tst_reinflection_wlemma_TAGFINDER1: 0.683
2023-12-26 00:01:25,158 - exact_match_tst_reinflection_wlemma_TAGFINDER1_or_2: 0.895
2023-12-26 00:01:25,484 - TRN || epcloss: 0.0557
2023-12-26 00:01:25,485 -     || Q: 0.1781
2023-12-26 00:01:25,486 -     || KL: 0.3056
2023-12-26 00:01:25,487 -     || token_match: 0.000, exact_match: 0.000
2023-12-26 00:01:25,489 -     || unique taglist code: 149483
2023-12-26 00:01:25,490 - DEV || epcloss: 0.0073
2023-12-26 00:01:25,491 -     || Q: 0.1316
2023-12-26 00:01:25,492 -     || KL: 0.5346
2023-12-26 00:01:25,493 -     || token_match: 0.000, exact_match: 0.000
2023-12-26 00:01:25,494 -     || unique taglist code: 1397
2023-12-26 00:01:25,497 -     || seen taglist code: 1098
2023-12-26 00:01:25,594 -     || saved model
2023-12-26 00:01:25,596 - 
2023-12-26 00:01:25,598 - #epc: 26
2023-12-26 00:01:26,156 - epc:26, epc_KL:  0.200000
2023-12-26 00:08:30,248 - exact_match_tst_copy_acc: 0.979
2023-12-26 00:08:30,249 - exact_match_tst_reinflection_wlemma: 0.963
2023-12-26 00:08:30,250 - exact_match_tst_reinflection_wlemma_TAGFINDER1: 0.701
2023-12-26 00:08:30,252 - exact_match_tst_reinflection_wlemma_TAGFINDER1_or_2: 0.896
2023-12-26 00:08:30,637 - TRN || epcloss: 0.0239
2023-12-26 00:08:30,639 -     || Q: 0.1230
2023-12-26 00:08:30,641 -     || KL: 0.2438
2023-12-26 00:08:30,642 -     || token_match: 0.000, exact_match: 0.000
2023-12-26 00:08:30,644 -     || unique taglist code: 125825
2023-12-26 00:08:30,645 - DEV || epcloss: 0.0062
2023-12-26 00:08:30,646 -     || Q: 0.1078
2023-12-26 00:08:30,647 -     || KL: 0.5776
2023-12-26 00:08:30,648 -     || token_match: 0.000, exact_match: 0.000
2023-12-26 00:08:30,650 -     || unique taglist code: 1411
2023-12-26 00:08:30,652 -     || seen taglist code: 1181
2023-12-26 00:08:30,653 -     || MOST used devcode: 1411
2023-12-26 00:08:30,730 -     || saved model
2023-12-26 00:08:30,732 - 
2023-12-26 00:08:30,734 - #epc: 27
2023-12-26 00:08:31,253 - epc:27, epc_KL:  0.200000
2023-12-26 00:15:33,715 - exact_match_tst_copy_acc: 0.965
2023-12-26 00:15:33,717 - exact_match_tst_reinflection_wlemma: 0.962
2023-12-26 00:15:33,718 - exact_match_tst_reinflection_wlemma_TAGFINDER1: 0.683
2023-12-26 00:15:33,719 - exact_match_tst_reinflection_wlemma_TAGFINDER1_or_2: 0.896
2023-12-26 00:15:34,132 - TRN || epcloss: 0.0235
2023-12-26 00:15:34,134 -     || Q: 0.1126
2023-12-26 00:15:34,135 -     || KL: 0.2420
2023-12-26 00:15:34,136 -     || token_match: 0.000, exact_match: 0.000
2023-12-26 00:15:34,137 -     || unique taglist code: 126000
2023-12-26 00:15:34,138 - DEV || epcloss: 0.0083
2023-12-26 00:15:34,139 -     || Q: 0.0948
2023-12-26 00:15:34,140 -     || KL: 0.5580
2023-12-26 00:15:34,142 -     || token_match: 0.000, exact_match: 0.000
2023-12-26 00:15:34,143 -     || unique taglist code: 1418
2023-12-26 00:15:34,145 -     || seen taglist code: 1159
2023-12-26 00:15:34,146 -     || MOST used devcode: 1418
2023-12-26 00:15:34,276 -     || saved model
2023-12-26 00:15:34,279 - 
2023-12-26 00:15:34,280 - #epc: 28
2023-12-26 00:15:34,804 - epc:28, epc_KL:  0.200000
2023-12-26 00:22:39,355 - exact_match_tst_copy_acc: 0.873
2023-12-26 00:22:39,356 - exact_match_tst_reinflection_wlemma: 0.853
2023-12-26 00:22:39,358 - exact_match_tst_reinflection_wlemma_TAGFINDER1: 0.590
2023-12-26 00:22:39,359 - exact_match_tst_reinflection_wlemma_TAGFINDER1_or_2: 0.794
2023-12-26 00:22:39,796 - TRN || epcloss: 0.0352
2023-12-26 00:22:39,798 -     || Q: 0.1286
2023-12-26 00:22:39,799 -     || KL: 0.2622
2023-12-26 00:22:39,800 -     || token_match: 0.000, exact_match: 0.000
2023-12-26 00:22:39,801 -     || unique taglist code: 142009
2023-12-26 00:22:39,802 - DEV || epcloss: 0.0386
2023-12-26 00:22:39,803 -     || Q: 0.1562
2023-12-26 00:22:39,804 -     || KL: 0.7354
2023-12-26 00:22:39,806 -     || token_match: 0.000, exact_match: 0.000
2023-12-26 00:22:39,807 -     || unique taglist code: 1423
2023-12-26 00:22:39,809 -     || seen taglist code: 971
2023-12-26 00:22:39,810 -     || MOST used devcode: 1423
2023-12-26 00:22:39,937 -     || saved model
2023-12-26 00:22:39,939 - 
2023-12-26 00:22:39,940 - #epc: 29
2023-12-26 00:22:40,465 - epc:29, epc_KL:  0.200000
2023-12-26 00:30:10,318 - exact_match_tst_copy_acc: 0.003
2023-12-26 00:30:10,320 - exact_match_tst_reinflection_wlemma: 0.001
2023-12-26 00:30:10,321 - exact_match_tst_reinflection_wlemma_TAGFINDER1: 0.001
2023-12-26 00:30:10,322 - exact_match_tst_reinflection_wlemma_TAGFINDER1_or_2: 0.001
2023-12-26 00:30:11,208 - TRN || epcloss: 1.8791
2023-12-26 00:30:11,210 -     || Q: 2.5800
2023-12-26 00:30:11,211 -     || KL: 0.7519
2023-12-26 00:30:11,212 -     || token_match: 0.000, exact_match: 0.000
2023-12-26 00:30:11,213 -     || unique taglist code: 117761
2023-12-26 00:30:11,215 - DEV || epcloss: 1.3062
2023-12-26 00:30:11,216 -     || Q: 1.2932
2023-12-26 00:30:11,217 -     || KL: 1.5589
2023-12-26 00:30:11,219 -     || token_match: 0.000, exact_match: 0.000
2023-12-26 00:30:11,220 -     || unique taglist code: 851
2023-12-26 00:30:11,222 -     || seen taglist code: 587
2023-12-26 00:30:11,343 -     || saved model
2023-12-26 00:30:11,346 - 
2023-12-26 00:30:11,347 - #epc: 30
2023-12-26 00:30:11,875 - epc:30, epc_KL:  0.200000
2023-12-26 00:37:13,623 - exact_match_tst_copy_acc: 0.512
2023-12-26 00:37:13,625 - exact_match_tst_reinflection_wlemma: 0.470
2023-12-26 00:37:13,626 - exact_match_tst_reinflection_wlemma_TAGFINDER1: 0.331
2023-12-26 00:37:13,627 - exact_match_tst_reinflection_wlemma_TAGFINDER1_or_2: 0.488
2023-12-26 00:37:14,606 - TRN || epcloss: 0.5907
2023-12-26 00:37:14,607 -     || Q: 0.4975
2023-12-26 00:37:14,608 -     || KL: 0.4860
2023-12-26 00:37:14,609 -     || token_match: 0.000, exact_match: 0.000
2023-12-26 00:37:14,611 -     || unique taglist code: 100210
2023-12-26 00:37:14,612 - DEV || epcloss: 0.1364
2023-12-26 00:37:14,613 -     || Q: 0.4153
2023-12-26 00:37:14,614 -     || KL: 0.8148
2023-12-26 00:37:14,615 -     || token_match: 0.000, exact_match: 0.000
2023-12-26 00:37:14,616 -     || unique taglist code: 1373
2023-12-26 00:37:14,619 -     || seen taglist code: 1020
2023-12-26 00:37:14,741 -     || saved model
2023-12-26 00:37:14,743 - 
2023-12-26 00:37:14,745 - #epc: 31
2023-12-26 00:37:15,269 - epc:31, epc_KL:  0.200000
2023-12-26 00:44:18,677 - exact_match_tst_copy_acc: 0.552
2023-12-26 00:44:18,678 - exact_match_tst_reinflection_wlemma: 0.531
2023-12-26 00:44:18,679 - exact_match_tst_reinflection_wlemma_TAGFINDER1: 0.411
2023-12-26 00:44:18,681 - exact_match_tst_reinflection_wlemma_TAGFINDER1_or_2: 0.553
2023-12-26 00:44:19,962 - TRN || epcloss: 0.1389
2023-12-26 00:44:19,964 -     || Q: 0.4164
2023-12-26 00:44:19,965 -     || KL: 0.3633
2023-12-26 00:44:19,966 -     || token_match: 0.000, exact_match: 0.000
2023-12-26 00:44:19,967 -     || unique taglist code: 96802
2023-12-26 00:44:19,969 - DEV || epcloss: 0.1435
2023-12-26 00:44:19,970 -     || Q: 0.4843
2023-12-26 00:44:19,971 -     || KL: 1.0315
2023-12-26 00:44:19,972 -     || token_match: 0.000, exact_match: 0.000
2023-12-26 00:44:19,973 -     || unique taglist code: 1343
2023-12-26 00:44:19,975 -     || seen taglist code: 1031
2023-12-26 00:44:20,125 -     || saved model
2023-12-26 00:44:20,127 - 
2023-12-26 00:44:20,128 - #epc: 32
2023-12-26 00:44:20,654 - epc:32, epc_KL:  0.200000
2023-12-26 00:51:37,395 - exact_match_tst_copy_acc: 0.029
2023-12-26 00:51:37,396 - exact_match_tst_reinflection_wlemma: 0.008
2023-12-26 00:51:37,397 - exact_match_tst_reinflection_wlemma_TAGFINDER1: 0.002
2023-12-26 00:51:37,398 - exact_match_tst_reinflection_wlemma_TAGFINDER1_or_2: 0.008
2023-12-26 00:51:38,314 - TRN || epcloss: 1.6627
2023-12-26 00:51:38,316 -     || Q: 0.5779
2023-12-26 00:51:38,317 -     || KL: 0.7170
2023-12-26 00:51:38,319 -     || token_match: 0.000, exact_match: 0.000
2023-12-26 00:51:38,320 -     || unique taglist code: 42169
2023-12-26 00:51:38,321 - DEV || epcloss: 0.6759
2023-12-26 00:51:38,323 -     || Q: 0.3915
2023-12-26 00:51:38,324 -     || KL: 1.2502
2023-12-26 00:51:38,325 -     || token_match: 0.000, exact_match: 0.000
2023-12-26 00:51:38,326 -     || unique taglist code: 1209
2023-12-26 00:51:38,328 -     || seen taglist code: 996
2023-12-26 00:51:38,451 -     || saved model
2023-12-26 00:51:38,453 - 
2023-12-26 00:51:38,454 - #epc: 33
2023-12-26 00:51:38,971 - epc:33, epc_KL:  0.200000
2023-12-26 00:58:42,383 - exact_match_tst_copy_acc: 0.343
2023-12-26 00:58:42,384 - exact_match_tst_reinflection_wlemma: 0.248
2023-12-26 00:58:42,385 - exact_match_tst_reinflection_wlemma_TAGFINDER1: 0.172
2023-12-26 00:58:42,386 - exact_match_tst_reinflection_wlemma_TAGFINDER1_or_2: 0.244
2023-12-26 00:58:42,507 - TRN || epcloss: 0.4725
2023-12-26 00:58:42,508 -     || Q: 0.4631
2023-12-26 00:58:42,510 -     || KL: 0.4505
2023-12-26 00:58:42,511 -     || token_match: 0.000, exact_match: 0.000
2023-12-26 00:58:42,512 -     || unique taglist code: 90151
2023-12-26 00:58:42,513 - DEV || epcloss: 0.2218
2023-12-26 00:58:42,515 -     || Q: 0.5418
2023-12-26 00:58:42,516 -     || KL: 1.1041
2023-12-26 00:58:42,517 -     || token_match: 0.000, exact_match: 0.000
2023-12-26 00:58:42,519 -     || unique taglist code: 1373
2023-12-26 00:58:42,522 -     || seen taglist code: 1127
2023-12-26 00:58:42,645 -     || saved model
2023-12-26 00:58:42,647 - 
2023-12-26 00:58:42,648 - #epc: 34
2023-12-26 00:58:43,174 - epc:34, epc_KL:  0.200000
2023-12-26 01:06:04,176 - exact_match_tst_copy_acc: 0.004
2023-12-26 01:06:04,177 - exact_match_tst_reinflection_wlemma: 0.005
2023-12-26 01:06:04,178 - exact_match_tst_reinflection_wlemma_TAGFINDER1: 0.001
2023-12-26 01:06:04,179 - exact_match_tst_reinflection_wlemma_TAGFINDER1_or_2: 0.002
2023-12-26 01:06:04,514 - TRN || epcloss: 1.0749
2023-12-26 01:06:04,515 -     || Q: 0.7083
2023-12-26 01:06:04,516 -     || KL: 0.6822
2023-12-26 01:06:04,517 -     || token_match: 0.000, exact_match: 0.000
2023-12-26 01:06:04,518 -     || unique taglist code: 74666
2023-12-26 01:06:04,519 - DEV || epcloss: 0.9192
2023-12-26 01:06:04,520 -     || Q: 0.5938
2023-12-26 01:06:04,521 -     || KL: 2.3113
2023-12-26 01:06:04,523 -     || token_match: 0.000, exact_match: 0.000
2023-12-26 01:06:04,524 -     || unique taglist code: 920
2023-12-26 01:06:04,525 -     || seen taglist code: 768
2023-12-26 01:06:04,624 -     || saved model
2023-12-26 01:06:04,626 - 
2023-12-26 01:06:04,627 - #epc: 35
2023-12-26 01:06:05,145 - epc:35, epc_KL:  0.200000
2023-12-26 01:13:05,225 - exact_match_tst_copy_acc: 0.358
2023-12-26 01:13:05,227 - exact_match_tst_reinflection_wlemma: 0.180
2023-12-26 01:13:05,228 - exact_match_tst_reinflection_wlemma_TAGFINDER1: 0.124
2023-12-26 01:13:05,229 - exact_match_tst_reinflection_wlemma_TAGFINDER1_or_2: 0.185
2023-12-26 01:13:06,338 - TRN || epcloss: 0.5044
2023-12-26 01:13:06,340 -     || Q: 0.5591
2023-12-26 01:13:06,341 -     || KL: 0.6459
2023-12-26 01:13:06,342 -     || token_match: 0.000, exact_match: 0.000
2023-12-26 01:13:06,343 -     || unique taglist code: 84006
2023-12-26 01:13:06,344 - DEV || epcloss: 0.2267
2023-12-26 01:13:06,345 -     || Q: 0.5759
2023-12-26 01:13:06,346 -     || KL: 1.1645
2023-12-26 01:13:06,347 -     || token_match: 0.000, exact_match: 0.000
2023-12-26 01:13:06,348 -     || unique taglist code: 1381
2023-12-26 01:13:06,351 -     || seen taglist code: 1106
2023-12-26 01:13:06,451 -     || saved model
2023-12-26 01:13:06,454 - 
2023-12-26 01:13:06,455 - #epc: 36
2023-12-26 01:13:06,973 - epc:36, epc_KL:  0.200000
2023-12-26 01:20:06,714 - exact_match_tst_copy_acc: 0.804
2023-12-26 01:20:06,864 - exact_match_tst_reinflection_wlemma: 0.494
2023-12-26 01:20:06,875 - exact_match_tst_reinflection_wlemma_TAGFINDER1: 0.364
2023-12-26 01:20:06,877 - exact_match_tst_reinflection_wlemma_TAGFINDER1_or_2: 0.486
2023-12-26 01:20:08,431 - TRN || epcloss: 0.1502
2023-12-26 01:20:08,432 -     || Q: 0.6024
2023-12-26 01:20:08,433 -     || KL: 0.4461
2023-12-26 01:20:08,434 -     || token_match: 0.000, exact_match: 0.000
2023-12-26 01:20:08,435 -     || unique taglist code: 93084
2023-12-26 01:20:08,436 - DEV || epcloss: 0.0509
2023-12-26 01:20:08,437 -     || Q: 0.5502
2023-12-26 01:20:08,439 -     || KL: 0.9296
2023-12-26 01:20:08,440 -     || token_match: 0.000, exact_match: 0.000
2023-12-26 01:20:08,441 -     || unique taglist code: 1368
2023-12-26 01:20:08,443 -     || seen taglist code: 1173
2023-12-26 01:20:08,603 -     || saved model
2023-12-26 01:20:08,605 - 
2023-12-26 01:20:08,606 - #epc: 37
2023-12-26 01:20:09,133 - epc:37, epc_KL:  0.200000
2023-12-26 01:27:09,698 - exact_match_tst_copy_acc: 0.900
2023-12-26 01:27:09,699 - exact_match_tst_reinflection_wlemma: 0.681
2023-12-26 01:27:09,700 - exact_match_tst_reinflection_wlemma_TAGFINDER1: 0.512
2023-12-26 01:27:09,701 - exact_match_tst_reinflection_wlemma_TAGFINDER1_or_2: 0.665
2023-12-26 01:27:11,240 - TRN || epcloss: 0.0755
2023-12-26 01:27:11,241 -     || Q: 0.4826
2023-12-26 01:27:11,243 -     || KL: 0.3882
2023-12-26 01:27:11,244 -     || token_match: 0.000, exact_match: 0.000
2023-12-26 01:27:11,246 -     || unique taglist code: 87164
2023-12-26 01:27:11,247 - DEV || epcloss: 0.0244
2023-12-26 01:27:11,248 -     || Q: 0.4369
2023-12-26 01:27:11,249 -     || KL: 0.8253
2023-12-26 01:27:11,251 -     || token_match: 0.000, exact_match: 0.000
2023-12-26 01:27:11,252 -     || unique taglist code: 1377
2023-12-26 01:27:11,254 -     || seen taglist code: 1198
2023-12-26 01:27:11,894 -     || saved model
2023-12-26 01:27:11,896 - 
2023-12-26 01:27:11,897 - #epc: 38
2023-12-26 01:27:12,474 - epc:38, epc_KL:  0.200000
2023-12-26 01:34:12,430 - exact_match_tst_copy_acc: 0.948
2023-12-26 01:34:12,432 - exact_match_tst_reinflection_wlemma: 0.797
2023-12-26 01:34:12,433 - exact_match_tst_reinflection_wlemma_TAGFINDER1: 0.632
2023-12-26 01:34:12,434 - exact_match_tst_reinflection_wlemma_TAGFINDER1_or_2: 0.784
2023-12-26 01:34:13,991 - TRN || epcloss: 0.0617
2023-12-26 01:34:13,992 -     || Q: 0.3935
2023-12-26 01:34:13,994 -     || KL: 0.3690
2023-12-26 01:34:13,995 -     || token_match: 0.000, exact_match: 0.000
2023-12-26 01:34:13,996 -     || unique taglist code: 80317
2023-12-26 01:34:13,997 - DEV || epcloss: 0.0133
2023-12-26 01:34:13,998 -     || Q: 0.3180
2023-12-26 01:34:13,999 -     || KL: 0.7563
2023-12-26 01:34:14,000 -     || token_match: 0.000, exact_match: 0.000
2023-12-26 01:34:14,001 -     || unique taglist code: 1374
2023-12-26 01:34:14,003 -     || seen taglist code: 1257
2023-12-26 01:34:14,127 -     || saved model
2023-12-26 01:34:14,129 - 
2023-12-26 01:34:14,130 - #epc: 39
2023-12-26 01:34:14,652 - epc:39, epc_KL:  0.200000
2023-12-26 01:41:14,786 - exact_match_tst_copy_acc: 0.909
2023-12-26 01:41:14,790 - exact_match_tst_reinflection_wlemma: 0.769
2023-12-26 01:41:14,794 - exact_match_tst_reinflection_wlemma_TAGFINDER1: 0.606
2023-12-26 01:41:14,798 - exact_match_tst_reinflection_wlemma_TAGFINDER1_or_2: 0.761
2023-12-26 01:41:16,336 - TRN || epcloss: 0.1067
2023-12-26 01:41:16,338 -     || Q: 0.3556
2023-12-26 01:41:16,339 -     || KL: 0.3642
2023-12-26 01:41:16,340 -     || token_match: 0.000, exact_match: 0.000
2023-12-26 01:41:16,341 -     || unique taglist code: 99085
2023-12-26 01:41:16,342 - DEV || epcloss: 0.0231
2023-12-26 01:41:16,343 -     || Q: 0.2938
2023-12-26 01:41:16,345 -     || KL: 0.7903
2023-12-26 01:41:16,346 -     || token_match: 0.000, exact_match: 0.000
2023-12-26 01:41:16,347 -     || unique taglist code: 1345
2023-12-26 01:41:16,350 -     || seen taglist code: 1162
2023-12-26 01:41:16,429 -     || saved model
2023-12-26 01:41:16,432 - 
2023-12-26 01:41:16,433 - #epc: 40
2023-12-26 01:41:16,955 - epc:40, epc_KL:  0.200000
2023-12-26 01:48:15,506 - exact_match_tst_copy_acc: 0.964
2023-12-26 01:48:15,507 - exact_match_tst_reinflection_wlemma: 0.892
2023-12-26 01:48:15,508 - exact_match_tst_reinflection_wlemma_TAGFINDER1: 0.666
2023-12-26 01:48:15,509 - exact_match_tst_reinflection_wlemma_TAGFINDER1_or_2: 0.850
2023-12-26 01:48:17,026 - TRN || epcloss: 0.0299
2023-12-26 01:48:17,027 -     || Q: 0.2681
2023-12-26 01:48:17,028 -     || KL: 0.3158
2023-12-26 01:48:17,030 -     || token_match: 0.000, exact_match: 0.000
2023-12-26 01:48:17,031 -     || unique taglist code: 75503
2023-12-26 01:48:17,032 - DEV || epcloss: 0.0091
2023-12-26 01:48:17,033 -     || Q: 0.2353
2023-12-26 01:48:17,034 -     || KL: 0.6734
2023-12-26 01:48:17,035 -     || token_match: 0.000, exact_match: 0.000
2023-12-26 01:48:17,036 -     || unique taglist code: 1403
2023-12-26 01:48:17,038 -     || seen taglist code: 1245
2023-12-26 01:48:17,194 -     || saved model
2023-12-26 01:48:17,197 - 
2023-12-26 01:48:17,198 - #epc: 41
2023-12-26 01:48:17,718 - epc:41, epc_KL:  0.200000
2023-12-26 01:55:19,524 - exact_match_tst_copy_acc: 0.126
2023-12-26 01:55:19,525 - exact_match_tst_reinflection_wlemma: 0.092
2023-12-26 01:55:19,526 - exact_match_tst_reinflection_wlemma_TAGFINDER1: 0.048
2023-12-26 01:55:19,527 - exact_match_tst_reinflection_wlemma_TAGFINDER1_or_2: 0.086
2023-12-26 01:55:21,039 - TRN || epcloss: 0.1537
2023-12-26 01:55:21,041 -     || Q: 0.3063
2023-12-26 01:55:21,042 -     || KL: 0.3211
2023-12-26 01:55:21,043 -     || token_match: 0.000, exact_match: 0.000
2023-12-26 01:55:21,044 -     || unique taglist code: 95353
2023-12-26 01:55:21,045 - DEV || epcloss: 0.4453
2023-12-26 01:55:21,046 -     || Q: 1.0191
2023-12-26 01:55:21,047 -     || KL: 1.3471
2023-12-26 01:55:21,048 -     || token_match: 0.000, exact_match: 0.000
2023-12-26 01:55:21,049 -     || unique taglist code: 845
2023-12-26 01:55:21,051 -     || seen taglist code: 567
2023-12-26 01:55:21,165 -     || saved model
2023-12-26 01:55:21,168 - 
2023-12-26 01:55:21,169 - #epc: 42
2023-12-26 01:55:21,694 - epc:42, epc_KL:  0.200000
2023-12-26 02:02:19,913 - exact_match_tst_copy_acc: 0.948
2023-12-26 02:02:20,103 - exact_match_tst_reinflection_wlemma: 0.852
2023-12-26 02:02:20,113 - exact_match_tst_reinflection_wlemma_TAGFINDER1: 0.637
2023-12-26 02:02:20,114 - exact_match_tst_reinflection_wlemma_TAGFINDER1_or_2: 0.817
2023-12-26 02:02:21,657 - TRN || epcloss: 0.1803
2023-12-26 02:02:21,658 -     || Q: 0.6184
2023-12-26 02:02:21,659 -     || KL: 0.4438
2023-12-26 02:02:21,660 -     || token_match: 0.000, exact_match: 0.000
2023-12-26 02:02:21,661 -     || unique taglist code: 104177
2023-12-26 02:02:21,662 - DEV || epcloss: 0.0133
2023-12-26 02:02:21,663 -     || Q: 0.3507
2023-12-26 02:02:21,665 -     || KL: 0.7437
2023-12-26 02:02:21,666 -     || token_match: 0.000, exact_match: 0.000
2023-12-26 02:02:21,667 -     || unique taglist code: 1393
2023-12-26 02:02:21,669 -     || seen taglist code: 1104
2023-12-26 02:02:21,792 -     || saved model
2023-12-26 02:02:21,795 - 
2023-12-26 02:02:21,796 - #epc: 43
2023-12-26 02:02:22,381 - epc:43, epc_KL:  0.200000
2023-12-26 02:09:18,874 - exact_match_tst_copy_acc: 0.965
2023-12-26 02:09:18,876 - exact_match_tst_reinflection_wlemma: 0.907
2023-12-26 02:09:18,877 - exact_match_tst_reinflection_wlemma_TAGFINDER1: 0.683
2023-12-26 02:09:18,878 - exact_match_tst_reinflection_wlemma_TAGFINDER1_or_2: 0.865
2023-12-26 02:09:20,408 - TRN || epcloss: 0.0289
2023-12-26 02:09:20,409 -     || Q: 0.2800
2023-12-26 02:09:20,411 -     || KL: 0.3043
2023-12-26 02:09:20,412 -     || token_match: 0.000, exact_match: 0.000
2023-12-26 02:09:20,413 -     || unique taglist code: 86670
2023-12-26 02:09:20,414 - DEV || epcloss: 0.0070
2023-12-26 02:09:20,415 -     || Q: 0.2042
2023-12-26 02:09:20,416 -     || KL: 0.6468
2023-12-26 02:09:20,418 -     || token_match: 0.000, exact_match: 0.000
2023-12-26 02:09:20,419 -     || unique taglist code: 1405
2023-12-26 02:09:20,421 -     || seen taglist code: 1258
2023-12-26 02:09:20,492 -     || saved model
2023-12-26 02:09:20,495 - 
2023-12-26 02:09:20,496 - #epc: 44
2023-12-26 02:09:21,110 - epc:44, epc_KL:  0.200000
2023-12-26 02:16:18,482 - exact_match_tst_copy_acc: 0.952
2023-12-26 02:16:18,484 - exact_match_tst_reinflection_wlemma: 0.902
2023-12-26 02:16:18,485 - exact_match_tst_reinflection_wlemma_TAGFINDER1: 0.636
2023-12-26 02:16:18,486 - exact_match_tst_reinflection_wlemma_TAGFINDER1_or_2: 0.850
2023-12-26 02:16:20,033 - TRN || epcloss: 0.0210
2023-12-26 02:16:20,035 -     || Q: 0.2062
2023-12-26 02:16:20,036 -     || KL: 0.2808
2023-12-26 02:16:20,037 -     || token_match: 0.000, exact_match: 0.000
2023-12-26 02:16:20,038 -     || unique taglist code: 85504
2023-12-26 02:16:20,039 - DEV || epcloss: 0.0115
2023-12-26 02:16:20,040 -     || Q: 0.2270
2023-12-26 02:16:20,041 -     || KL: 0.6168
2023-12-26 02:16:20,043 -     || token_match: 0.000, exact_match: 0.000
2023-12-26 02:16:20,044 -     || unique taglist code: 1404
2023-12-26 02:16:20,046 -     || seen taglist code: 1182
2023-12-26 02:16:20,161 -     || saved model
2023-12-26 02:16:20,164 - 
2023-12-26 02:16:20,165 - #epc: 45
2023-12-26 02:16:20,772 - epc:45, epc_KL:  0.200000
2023-12-26 02:23:16,714 - exact_match_tst_copy_acc: 0.979
2023-12-26 02:23:16,715 - exact_match_tst_reinflection_wlemma: 0.943
2023-12-26 02:23:16,716 - exact_match_tst_reinflection_wlemma_TAGFINDER1: 0.645
2023-12-26 02:23:16,717 - exact_match_tst_reinflection_wlemma_TAGFINDER1_or_2: 0.867
2023-12-26 02:23:18,275 - TRN || epcloss: 0.0188
2023-12-26 02:23:18,277 -     || Q: 0.1850
2023-12-26 02:23:18,278 -     || KL: 0.2718
2023-12-26 02:23:18,280 -     || token_match: 0.000, exact_match: 0.000
2023-12-26 02:23:18,281 -     || unique taglist code: 87855
2023-12-26 02:23:18,282 - DEV || epcloss: 0.0049
2023-12-26 02:23:18,283 -     || Q: 0.1735
2023-12-26 02:23:18,284 -     || KL: 0.5883
2023-12-26 02:23:18,286 -     || token_match: 0.000, exact_match: 0.000
2023-12-26 02:23:18,287 -     || unique taglist code: 1411
2023-12-26 02:23:18,289 -     || seen taglist code: 1250
2023-12-26 02:23:18,400 -     || saved model
2023-12-26 02:23:18,403 - 
2023-12-26 02:23:18,404 - #epc: 46
2023-12-26 02:23:19,023 - epc:46, epc_KL:  0.200000
2023-12-26 02:30:15,109 - exact_match_tst_copy_acc: 0.927
2023-12-26 02:30:15,111 - exact_match_tst_reinflection_wlemma: 0.878
2023-12-26 02:30:15,112 - exact_match_tst_reinflection_wlemma_TAGFINDER1: 0.614
2023-12-26 02:30:15,113 - exact_match_tst_reinflection_wlemma_TAGFINDER1_or_2: 0.820
2023-12-26 02:30:16,625 - TRN || epcloss: 0.0182
2023-12-26 02:30:16,626 -     || Q: 0.1771
2023-12-26 02:30:16,627 -     || KL: 0.2659
2023-12-26 02:30:16,629 -     || token_match: 0.000, exact_match: 0.000
2023-12-26 02:30:16,630 -     || unique taglist code: 88471
2023-12-26 02:30:16,631 - DEV || epcloss: 0.0165
2023-12-26 02:30:16,632 -     || Q: 0.1600
2023-12-26 02:30:16,633 -     || KL: 0.6464
2023-12-26 02:30:16,634 -     || token_match: 0.000, exact_match: 0.000
2023-12-26 02:30:16,635 -     || unique taglist code: 1390
2023-12-26 02:30:16,638 -     || seen taglist code: 1175
2023-12-26 02:30:16,783 -     || saved model
2023-12-26 02:30:16,785 - 
2023-12-26 02:30:16,787 - #epc: 47
2023-12-26 02:30:17,398 - epc:47, epc_KL:  0.200000
2023-12-26 02:37:15,451 - exact_match_tst_copy_acc: 0.975
2023-12-26 02:37:15,452 - exact_match_tst_reinflection_wlemma: 0.935
2023-12-26 02:37:15,454 - exact_match_tst_reinflection_wlemma_TAGFINDER1: 0.631
2023-12-26 02:37:15,455 - exact_match_tst_reinflection_wlemma_TAGFINDER1_or_2: 0.849
2023-12-26 02:37:16,980 - TRN || epcloss: 0.0163
2023-12-26 02:37:16,982 -     || Q: 0.1684
2023-12-26 02:37:16,983 -     || KL: 0.2588
2023-12-26 02:37:16,984 -     || token_match: 0.000, exact_match: 0.000
2023-12-26 02:37:16,985 -     || unique taglist code: 90183
2023-12-26 02:37:16,986 - DEV || epcloss: 0.0085
2023-12-26 02:37:16,987 -     || Q: 0.1599
2023-12-26 02:37:16,988 -     || KL: 0.5836
2023-12-26 02:37:16,990 -     || token_match: 0.000, exact_match: 0.000
2023-12-26 02:37:16,992 -     || unique taglist code: 1415
2023-12-26 02:37:16,994 -     || seen taglist code: 1179
2023-12-26 02:37:17,111 -     || saved model
2023-12-26 02:37:17,113 - 
2023-12-26 02:37:17,114 - #epc: 48
2023-12-26 02:37:17,652 - epc:48, epc_KL:  0.200000
2023-12-26 02:44:15,465 - exact_match_tst_copy_acc: 0.983
2023-12-26 02:44:15,466 - exact_match_tst_reinflection_wlemma: 0.948
2023-12-26 02:44:15,467 - exact_match_tst_reinflection_wlemma_TAGFINDER1: 0.626
2023-12-26 02:44:15,468 - exact_match_tst_reinflection_wlemma_TAGFINDER1_or_2: 0.855
2023-12-26 02:44:16,622 - TRN || epcloss: 0.0171
2023-12-26 02:44:16,623 -     || Q: 0.1644
2023-12-26 02:44:16,624 -     || KL: 0.2543
2023-12-26 02:44:16,625 -     || token_match: 0.000, exact_match: 0.000
2023-12-26 02:44:16,626 -     || unique taglist code: 108668
2023-12-26 02:44:16,627 - DEV || epcloss: 0.0045
2023-12-26 02:44:16,628 -     || Q: 0.1521
2023-12-26 02:44:16,630 -     || KL: 0.5538
2023-12-26 02:44:16,631 -     || token_match: 0.000, exact_match: 0.000
2023-12-26 02:44:16,632 -     || unique taglist code: 1423
2023-12-26 02:44:16,634 -     || seen taglist code: 1230
2023-12-26 02:44:16,748 -     || saved model
2023-12-26 02:44:16,751 - 
2023-12-26 02:44:16,752 - #epc: 49
2023-12-26 02:44:17,305 - epc:49, epc_KL:  0.200000
2023-12-26 02:51:16,594 - exact_match_tst_copy_acc: 0.989
2023-12-26 02:51:16,596 - exact_match_tst_reinflection_wlemma: 0.953
2023-12-26 02:51:16,597 - exact_match_tst_reinflection_wlemma_TAGFINDER1: 0.615
2023-12-26 02:51:16,598 - exact_match_tst_reinflection_wlemma_TAGFINDER1_or_2: 0.856
2023-12-26 02:51:17,362 - TRN || epcloss: 0.0155
2023-12-26 02:51:17,364 -     || Q: 0.1573
2023-12-26 02:51:17,365 -     || KL: 0.2453
2023-12-26 02:51:17,366 -     || token_match: 0.000, exact_match: 0.000
2023-12-26 02:51:17,367 -     || unique taglist code: 109474
2023-12-26 02:51:17,369 - DEV || epcloss: 0.0028
2023-12-26 02:51:17,370 -     || Q: 0.1714
2023-12-26 02:51:17,372 -     || KL: 0.5149
2023-12-26 02:51:17,373 -     || token_match: 0.000, exact_match: 0.000
2023-12-26 02:51:17,374 -     || unique taglist code: 1415
2023-12-26 02:51:17,377 -     || seen taglist code: 1260
2023-12-26 02:51:17,492 -     || saved model
