2023-12-19 23:58:46,294 - {'Part': <dataset.vocab.TagVocab object at 0x7f559ed83460>, 'Mood': <dataset.vocab.TagVocab object at 0x7f559ed834c0>, 'Tense': <dataset.vocab.TagVocab object at 0x7f559ed83520>, 'Aspect': <dataset.vocab.TagVocab object at 0x7f559ed83580>, 'Person': <dataset.vocab.TagVocab object at 0x7f559ed835e0>, 'Number': <dataset.vocab.TagVocab object at 0x7f559ed83640>, 'Valency': <dataset.vocab.TagVocab object at 0x7f559ed836a0>, 'Polarity': <dataset.vocab.TagVocab object at 0x7f559ed83700>, 'Interrogativity': <dataset.vocab.TagVocab object at 0x7f559ed83760>, 'Language-Specific': <dataset.vocab.TagVocab object at 0x7f559ed837c0>, 'Finiteness': <dataset.vocab.TagVocab object at 0x7f559ed83820>}
2023-12-19 23:58:46,341 - tstsize: 1444
2023-12-19 23:58:46,342 - 
2023-12-19 23:58:46,343 - #epc: 0
2023-12-19 23:58:53,254 - epc: 0, epc_loss: 1575.376, epc_acc: 0.565
2023-12-19 23:58:53,255 - 
2023-12-19 23:58:53,255 - #epc: 1
2023-12-19 23:58:59,945 - epc: 1, epc_loss: 1256.479, epc_acc: 0.591
2023-12-19 23:58:59,946 - 
2023-12-19 23:58:59,946 - #epc: 2
2023-12-19 23:59:06,635 - epc: 2, epc_loss: 1209.962, epc_acc: 0.592
2023-12-19 23:59:06,636 - 
2023-12-19 23:59:06,636 - #epc: 3
2023-12-19 23:59:13,320 - epc: 3, epc_loss: 1191.223, epc_acc: 0.591
2023-12-19 23:59:13,321 - 
2023-12-19 23:59:13,321 - #epc: 4
2023-12-19 23:59:20,010 - epc: 4, epc_loss: 1184.969, epc_acc: 0.593
2023-12-19 23:59:20,011 - 
2023-12-19 23:59:20,011 - #epc: 5
2023-12-19 23:59:26,702 - epc: 5, epc_loss: 1180.549, epc_acc: 0.593
2023-12-19 23:59:26,703 - 
2023-12-19 23:59:26,704 - #epc: 6
2023-12-19 23:59:33,403 - epc: 6, epc_loss: 1178.181, epc_acc: 0.592
2023-12-19 23:59:33,404 - 
2023-12-19 23:59:33,405 - #epc: 7
2023-12-19 23:59:40,099 - epc: 7, epc_loss: 1175.551, epc_acc: 0.587
2023-12-19 23:59:40,100 - 
2023-12-19 23:59:40,101 - #epc: 8
2023-12-19 23:59:46,792 - epc: 8, epc_loss: 1175.131, epc_acc: 0.593
2023-12-19 23:59:46,793 - 
2023-12-19 23:59:46,794 - #epc: 9
2023-12-19 23:59:53,484 - epc: 9, epc_loss: 1172.454, epc_acc: 0.590
2023-12-19 23:59:53,486 - 
2023-12-19 23:59:53,486 - #epc: 10
2023-12-20 00:00:00,178 - epc: 10, epc_loss: 1175.125, epc_acc: 0.593
2023-12-20 00:00:00,178 - 
2023-12-20 00:00:00,179 - #epc: 11
2023-12-20 00:00:06,878 - epc: 11, epc_loss: 1174.705, epc_acc: 0.593
2023-12-20 00:00:06,879 - 
2023-12-20 00:00:06,880 - #epc: 12
2023-12-20 00:00:13,574 - epc: 12, epc_loss: 1174.940, epc_acc: 0.593
2023-12-20 00:00:13,575 - 
2023-12-20 00:00:13,576 - #epc: 13
2023-12-20 00:00:20,266 - epc: 13, epc_loss: 1172.314, epc_acc: 0.592
2023-12-20 00:00:20,266 - 
2023-12-20 00:00:20,267 - #epc: 14
2023-12-20 00:00:26,960 - epc: 14, epc_loss: 1174.110, epc_acc: 0.590
2023-12-20 00:00:26,961 - 
2023-12-20 00:00:26,961 - #epc: 15
