2023-12-20 00:04:10,797 - {'Part': <dataset.vocab.TagVocab object at 0x7f3b66fc7460>, 'Mood': <dataset.vocab.TagVocab object at 0x7f3b66fc74c0>, 'Tense': <dataset.vocab.TagVocab object at 0x7f3b66fc7520>, 'Aspect': <dataset.vocab.TagVocab object at 0x7f3b66fc7580>, 'Person': <dataset.vocab.TagVocab object at 0x7f3b66fc75e0>, 'Number': <dataset.vocab.TagVocab object at 0x7f3b66fc7640>, 'Valency': <dataset.vocab.TagVocab object at 0x7f3b66fc76a0>, 'Polarity': <dataset.vocab.TagVocab object at 0x7f3b66fc7700>, 'Interrogativity': <dataset.vocab.TagVocab object at 0x7f3b66fc7760>, 'Language-Specific': <dataset.vocab.TagVocab object at 0x7f3b66fc77c0>, 'Finiteness': <dataset.vocab.TagVocab object at 0x7f3b66fc7820>}
2023-12-20 00:04:10,843 - tstsize: 1444
2023-12-20 00:04:10,843 - 
2023-12-20 00:04:10,844 - #epc: 0
2023-12-20 00:04:17,780 - epc: 0, epc_loss: 1897.260, epc_acc: 0.314
2023-12-20 00:04:17,780 - 
2023-12-20 00:04:17,781 - #epc: 1
2023-12-20 00:04:24,488 - epc: 1, epc_loss: 1674.980, epc_acc: 0.324
2023-12-20 00:04:24,489 - 
2023-12-20 00:04:24,489 - #epc: 2
2023-12-20 00:04:31,199 - epc: 2, epc_loss: 1628.800, epc_acc: 0.328
2023-12-20 00:04:31,200 - 
2023-12-20 00:04:31,201 - #epc: 3
2023-12-20 00:04:37,912 - epc: 3, epc_loss: 1608.791, epc_acc: 0.335
2023-12-20 00:04:37,913 - 
2023-12-20 00:04:37,913 - #epc: 4
2023-12-20 00:04:44,624 - epc: 4, epc_loss: 1600.637, epc_acc: 0.331
2023-12-20 00:04:44,624 - 
2023-12-20 00:04:44,625 - #epc: 5
2023-12-20 00:04:51,342 - epc: 5, epc_loss: 1600.171, epc_acc: 0.328
2023-12-20 00:04:51,343 - 
2023-12-20 00:04:51,343 - #epc: 6
2023-12-20 00:04:58,051 - epc: 6, epc_loss: 1595.837, epc_acc: 0.340
2023-12-20 00:04:58,052 - 
2023-12-20 00:04:58,052 - #epc: 7
2023-12-20 00:05:04,761 - epc: 7, epc_loss: 1594.363, epc_acc: 0.336
2023-12-20 00:05:04,762 - 
2023-12-20 00:05:04,763 - #epc: 8
2023-12-20 00:05:11,478 - epc: 8, epc_loss: 1594.550, epc_acc: 0.328
2023-12-20 00:05:11,479 - 
2023-12-20 00:05:11,479 - #epc: 9
2023-12-20 00:05:18,191 - epc: 9, epc_loss: 1597.080, epc_acc: 0.333
2023-12-20 00:05:18,193 - 
2023-12-20 00:05:18,193 - #epc: 10
2023-12-20 00:05:24,902 - epc: 10, epc_loss: 1591.880, epc_acc: 0.350
2023-12-20 00:05:24,903 - 
2023-12-20 00:05:24,903 - #epc: 11
2023-12-20 00:05:31,606 - epc: 11, epc_loss: 1597.782, epc_acc: 0.314
2023-12-20 00:05:31,607 - 
2023-12-20 00:05:31,608 - #epc: 12
2023-12-20 00:05:38,315 - epc: 12, epc_loss: 1593.684, epc_acc: 0.336
2023-12-20 00:05:38,316 - 
2023-12-20 00:05:38,316 - #epc: 13
2023-12-20 00:05:45,028 - epc: 13, epc_loss: 1595.859, epc_acc: 0.332
2023-12-20 00:05:45,029 - 
2023-12-20 00:05:45,029 - #epc: 14
2023-12-20 00:05:51,738 - epc: 14, epc_loss: 1595.498, epc_acc: 0.338
2023-12-20 00:05:51,739 - 
2023-12-20 00:05:51,739 - #epc: 15
2023-12-20 00:05:58,449 - epc: 15, epc_loss: 1594.795, epc_acc: 0.334
2023-12-20 00:05:58,450 - 
2023-12-20 00:05:58,450 - #epc: 16
2023-12-20 00:06:05,160 - epc: 16, epc_loss: 1595.850, epc_acc: 0.312
2023-12-20 00:06:05,161 - 
2023-12-20 00:06:05,162 - #epc: 17
2023-12-20 00:06:11,868 - epc: 17, epc_loss: 1595.773, epc_acc: 0.341
2023-12-20 00:06:11,870 - 
2023-12-20 00:06:11,870 - #epc: 18
