2023-11-19 15:03:01,224 - trnsize: 124033
2023-11-19 15:03:01,226 - devsize: 538
2023-11-19 15:03:01,227 - tstsize: 538
2023-11-19 15:03:01,510 - Trn unique tgts: 124033
2023-11-19 15:03:01,511 - Trn unique lemmas: 2925
2023-11-19 15:03:01,511 - Trn unique taglists: 89
2023-11-19 15:03:01,512 - Dev unique tgts: 538
2023-11-19 15:03:01,512 - Dev unique lemmas: 487
2023-11-19 15:03:01,513 - Dev unique taglists: 93
2023-11-19 15:03:01,513 - Tst unique tgts: 538
2023-11-19 15:03:01,514 - Tst unique lemmas: 487
2023-11-19 15:03:01,515 - Tst unique taglists: 93
2023-11-19 15:03:01,515 - seen_dev_tgt: 1
2023-11-19 15:03:01,516 - seen_dev_lemma: 538
2023-11-19 15:03:01,516 - seen_dev_taglist: 504
2023-11-19 15:03:01,517 - seen_tst_tgt: 1
2023-11-19 15:03:01,517 - seen_tst_lemma: 538
2023-11-19 15:03:01,518 - seen_tst_taglist: 504
2023-11-19 15:03:07,854 - trnID: BITrue_UtrNOUN_zLEM32_decnh512_kl1.0_epc1_strt2_decdo0.2_inpemb256_bsize64
2023-11-19 15:03:07,855 - batchsize: 64
2023-11-19 15:03:07,856 - epochs: 200
2023-11-19 15:03:07,856 - lr: 0.00050
2023-11-19 15:03:07,857 - KL_WEIGHT: 1.00000
2023-11-19 15:03:07,857 - opt: Adam (
Parameter Group 0
    amsgrad: False
    betas: (0.5, 0.999)
    capturable: False
    eps: 1e-08
    foreach: None
    lr: 0.0005
    maximize: False
    weight_decay: 0
)
2023-11-19 15:03:07,858 - VAE(
  (encoder): Encoder_GRU_VAE(
    (layers): ModuleList(
      (0): Embedding(63, 256)
      (1): Dropout(p=0.0, inplace=False)
      (2): GRU(256, 256, batch_first=True, bidirectional=True)
    )
  )
  (z_lemma_mu): Linear(in_features=512, out_features=32, bias=True)
  (z_lemma_logvar): Linear(in_features=512, out_features=32, bias=True)
  (up_from_z_layer): Linear(in_features=32, out_features=512, bias=True)
  (decoder): Decoder_GRU_VAE(
    (layers): ModuleList(
      (0): Embedding(63, 256)
      (1): Dropout(p=0.2, inplace=False)
      (2): GRU(288, 512, batch_first=True)
      (3): Linear(in_features=512, out_features=63, bias=True)
    )
    (loss): CrossEntropyLoss()
  )
)
2023-11-19 15:03:07,915 - trnsize: 124033
2023-11-19 15:03:07,916 - devsize: 538
2023-11-19 15:03:07,917 - tstsize: 538
2023-11-19 15:03:07,917 - 
2023-11-19 15:03:07,918 - #epc: 0
2023-11-19 15:03:07,919 - epc:0, epc_KL:  0.000000
2023-11-19 15:03:31,609 - exact_match_tst_copy_acc: 0.894
2023-11-19 15:03:31,703 - TRN || epcloss: 0.4171
2023-11-19 15:03:31,704 -     || KL: 4.5152
2023-11-19 15:03:31,704 -     || token_match: 0.880, exact_match: 0.524
2023-11-19 15:03:31,705 - DEV || epcloss: 0.0509
2023-11-19 15:03:31,706 -     || KL: 14.0887
2023-11-19 15:03:31,706 -     || token_match: 0.989, exact_match: 0.901
2023-11-19 15:03:31,707 -     || BEST exact match (teacher forcing): 0.901
2023-11-19 15:03:31,708 - 
2023-11-19 15:03:31,709 - #epc: 1
2023-11-19 15:03:31,740 - epc:1, epc_KL:  0.000000
2023-11-19 15:03:55,072 - exact_match_tst_copy_acc: 0.826
2023-11-19 15:03:55,170 - TRN || epcloss: 0.0493
2023-11-19 15:03:55,171 -     || KL: 5.4405
2023-11-19 15:03:55,172 -     || token_match: 0.987, exact_match: 0.896
2023-11-19 15:03:55,172 - DEV || epcloss: 0.0748
2023-11-19 15:03:55,173 -     || KL: 14.2534
2023-11-19 15:03:55,174 -     || token_match: 0.977, exact_match: 0.836
2023-11-19 15:03:55,175 - 
2023-11-19 15:03:55,176 - #epc: 2
2023-11-19 15:03:55,205 - epc:2, epc_KL:  1.000000
2023-11-19 15:04:18,808 - exact_match_tst_copy_acc: 0.477
2023-11-19 15:04:19,119 - TRN || epcloss: 0.3051
2023-11-19 15:04:19,120 -     || KL: 0.4771
2023-11-19 15:04:19,121 -     || token_match: 0.901, exact_match: 0.342
2023-11-19 15:04:19,122 - DEV || epcloss: 0.1741
2023-11-19 15:04:19,123 -     || KL: 1.1143
2023-11-19 15:04:19,124 -     || token_match: 0.942, exact_match: 0.506
2023-11-19 15:04:19,125 - 
2023-11-19 15:04:19,126 - #epc: 3
2023-11-19 15:04:19,157 - epc:3, epc_KL:  1.000000
2023-11-19 15:04:42,440 - exact_match_tst_copy_acc: 0.499
2023-11-19 15:04:42,667 - TRN || epcloss: 0.1814
2023-11-19 15:04:42,668 -     || KL: 0.4040
2023-11-19 15:04:42,668 -     || token_match: 0.941, exact_match: 0.504
2023-11-19 15:04:42,669 - DEV || epcloss: 0.1522
2023-11-19 15:04:42,670 -     || KL: 1.0275
2023-11-19 15:04:42,670 -     || token_match: 0.950, exact_match: 0.539
2023-11-19 15:04:42,671 - 
2023-11-19 15:04:42,672 - #epc: 4
2023-11-19 15:04:42,700 - epc:4, epc_KL:  1.000000
2023-11-19 15:05:05,683 - exact_match_tst_copy_acc: 0.645
2023-11-19 15:05:05,899 - TRN || epcloss: 0.1534
2023-11-19 15:05:05,900 -     || KL: 0.3804
2023-11-19 15:05:05,901 -     || token_match: 0.950, exact_match: 0.551
2023-11-19 15:05:05,902 - DEV || epcloss: 0.1081
2023-11-19 15:05:05,902 -     || KL: 0.9854
2023-11-19 15:05:05,903 -     || token_match: 0.964, exact_match: 0.630
2023-11-19 15:05:05,904 - 
2023-11-19 15:05:05,905 - #epc: 5
2023-11-19 15:05:05,933 - epc:5, epc_KL:  1.000000
2023-11-19 15:05:29,356 - exact_match_tst_copy_acc: 0.653
2023-11-19 15:05:29,645 - TRN || epcloss: 0.1356
2023-11-19 15:05:29,645 -     || KL: 0.3624
2023-11-19 15:05:29,646 -     || token_match: 0.956, exact_match: 0.587
2023-11-19 15:05:29,647 - DEV || epcloss: 0.1028
2023-11-19 15:05:29,648 -     || KL: 0.9177
2023-11-19 15:05:29,648 -     || token_match: 0.966, exact_match: 0.643
2023-11-19 15:05:29,650 - 
2023-11-19 15:05:29,651 - #epc: 6
2023-11-19 15:05:29,687 - epc:6, epc_KL:  1.000000
2023-11-19 15:05:53,005 - exact_match_tst_copy_acc: 0.627
2023-11-19 15:05:53,238 - TRN || epcloss: 0.1259
2023-11-19 15:05:53,239 -     || KL: 0.3518
2023-11-19 15:05:53,239 -     || token_match: 0.959, exact_match: 0.607
2023-11-19 15:05:53,240 - DEV || epcloss: 0.1066
2023-11-19 15:05:53,241 -     || KL: 0.8870
2023-11-19 15:05:53,241 -     || token_match: 0.963, exact_match: 0.604
2023-11-19 15:05:53,243 - 
2023-11-19 15:05:53,243 - #epc: 7
2023-11-19 15:05:53,272 - epc:7, epc_KL:  1.000000
2023-11-19 15:06:16,518 - exact_match_tst_copy_acc: 0.679
2023-11-19 15:06:16,749 - TRN || epcloss: 0.1157
2023-11-19 15:06:16,750 -     || KL: 0.3420
2023-11-19 15:06:16,751 -     || token_match: 0.962, exact_match: 0.626
2023-11-19 15:06:16,751 - DEV || epcloss: 0.0918
2023-11-19 15:06:16,752 -     || KL: 0.8600
2023-11-19 15:06:16,753 -     || token_match: 0.969, exact_match: 0.671
2023-11-19 15:06:16,754 - 
2023-11-19 15:06:16,755 - #epc: 8
2023-11-19 15:06:16,789 - epc:8, epc_KL:  1.000000
2023-11-19 15:06:39,848 - exact_match_tst_copy_acc: 0.699
2023-11-19 15:06:40,079 - TRN || epcloss: 0.1075
2023-11-19 15:06:40,080 -     || KL: 0.3338
2023-11-19 15:06:40,081 -     || token_match: 0.965, exact_match: 0.644
2023-11-19 15:06:40,081 - DEV || epcloss: 0.0842
2023-11-19 15:06:40,082 -     || KL: 0.8549
2023-11-19 15:06:40,082 -     || token_match: 0.970, exact_match: 0.675
2023-11-19 15:06:40,084 - 
2023-11-19 15:06:40,084 - #epc: 9
2023-11-19 15:06:40,114 - epc:9, epc_KL:  1.000000
2023-11-19 15:07:03,363 - exact_match_tst_copy_acc: 0.687
2023-11-19 15:07:03,591 - TRN || epcloss: 0.1032
2023-11-19 15:07:03,592 -     || KL: 0.3291
2023-11-19 15:07:03,592 -     || token_match: 0.966, exact_match: 0.655
2023-11-19 15:07:03,593 - DEV || epcloss: 0.0807
2023-11-19 15:07:03,594 -     || KL: 0.8371
2023-11-19 15:07:03,594 -     || token_match: 0.974, exact_match: 0.721
2023-11-19 15:07:03,595 - 
2023-11-19 15:07:03,596 - #epc: 10
2023-11-19 15:07:03,626 - epc:10, epc_KL:  1.000000
2023-11-19 15:07:27,457 - exact_match_tst_copy_acc: 0.679
2023-11-19 15:07:27,760 - TRN || epcloss: 0.0974
2023-11-19 15:07:27,761 -     || KL: 0.3226
2023-11-19 15:07:27,762 -     || token_match: 0.968, exact_match: 0.668
2023-11-19 15:07:27,762 - DEV || epcloss: 0.0909
2023-11-19 15:07:27,763 -     || KL: 0.8503
2023-11-19 15:07:27,763 -     || token_match: 0.969, exact_match: 0.682
2023-11-19 15:07:27,765 - 
2023-11-19 15:07:27,766 - #epc: 11
2023-11-19 15:07:27,805 - epc:11, epc_KL:  1.000000
2023-11-19 15:07:50,906 - exact_match_tst_copy_acc: 0.685
2023-11-19 15:07:51,140 - TRN || epcloss: 0.0961
2023-11-19 15:07:51,141 -     || KL: 0.3211
2023-11-19 15:07:51,142 -     || token_match: 0.968, exact_match: 0.671
2023-11-19 15:07:51,142 - DEV || epcloss: 0.0815
2023-11-19 15:07:51,143 -     || KL: 0.8121
2023-11-19 15:07:51,144 -     || token_match: 0.972, exact_match: 0.714
2023-11-19 15:07:51,145 - 
2023-11-19 15:07:51,145 - #epc: 12
2023-11-19 15:07:51,175 - epc:12, epc_KL:  1.000000
2023-11-19 15:08:14,560 - exact_match_tst_copy_acc: 0.721
2023-11-19 15:08:14,841 - TRN || epcloss: 0.0931
2023-11-19 15:08:14,842 -     || KL: 0.3166
2023-11-19 15:08:14,842 -     || token_match: 0.970, exact_match: 0.683
2023-11-19 15:08:14,843 - DEV || epcloss: 0.0792
2023-11-19 15:08:14,844 -     || KL: 0.8134
2023-11-19 15:08:14,844 -     || token_match: 0.973, exact_match: 0.706
2023-11-19 15:08:14,846 - 
2023-11-19 15:08:14,846 - #epc: 13
2023-11-19 15:08:14,881 - epc:13, epc_KL:  1.000000
2023-11-19 15:08:38,249 - exact_match_tst_copy_acc: 0.685
2023-11-19 15:08:38,468 - TRN || epcloss: 0.0911
2023-11-19 15:08:38,468 -     || KL: 0.3145
2023-11-19 15:08:38,469 -     || token_match: 0.970, exact_match: 0.687
2023-11-19 15:08:38,470 - DEV || epcloss: 0.0682
2023-11-19 15:08:38,470 -     || KL: 0.8066
2023-11-19 15:08:38,471 -     || token_match: 0.978, exact_match: 0.740
2023-11-19 15:08:38,472 - 
2023-11-19 15:08:38,473 - #epc: 14
2023-11-19 15:08:38,506 - epc:14, epc_KL:  1.000000
2023-11-19 15:09:03,297 - exact_match_tst_copy_acc: 0.729
2023-11-19 15:09:03,606 - TRN || epcloss: 0.0881
2023-11-19 15:09:03,607 -     || KL: 0.3133
2023-11-19 15:09:03,607 -     || token_match: 0.971, exact_match: 0.694
2023-11-19 15:09:03,608 - DEV || epcloss: 0.0692
2023-11-19 15:09:03,609 -     || KL: 0.7930
2023-11-19 15:09:03,610 -     || token_match: 0.977, exact_match: 0.738
2023-11-19 15:09:03,611 - 
2023-11-19 15:09:03,612 - #epc: 15
2023-11-19 15:09:03,646 - epc:15, epc_KL:  1.000000
2023-11-19 15:09:27,354 - exact_match_tst_copy_acc: 0.703
2023-11-19 15:09:27,564 - TRN || epcloss: 0.0866
2023-11-19 15:09:27,564 -     || KL: 0.3102
2023-11-19 15:09:27,565 -     || token_match: 0.972, exact_match: 0.700
2023-11-19 15:09:27,566 - DEV || epcloss: 0.0751
2023-11-19 15:09:27,566 -     || KL: 0.7930
2023-11-19 15:09:27,567 -     || token_match: 0.974, exact_match: 0.701
2023-11-19 15:09:27,568 - 
2023-11-19 15:09:27,569 - #epc: 16
2023-11-19 15:09:27,600 - epc:16, epc_KL:  1.000000
2023-11-19 15:09:50,865 - exact_match_tst_copy_acc: 0.733
2023-11-19 15:09:51,094 - TRN || epcloss: 0.0850
2023-11-19 15:09:51,095 -     || KL: 0.3079
2023-11-19 15:09:51,096 -     || token_match: 0.972, exact_match: 0.704
2023-11-19 15:09:51,097 - DEV || epcloss: 0.0786
2023-11-19 15:09:51,097 -     || KL: 0.8266
2023-11-19 15:09:51,098 -     || token_match: 0.975, exact_match: 0.740
2023-11-19 15:09:51,099 - 
2023-11-19 15:09:51,100 - #epc: 17
2023-11-19 15:09:51,132 - epc:17, epc_KL:  1.000000
2023-11-19 15:10:14,091 - exact_match_tst_copy_acc: 0.687
2023-11-19 15:10:14,326 - TRN || epcloss: 0.0843
2023-11-19 15:10:14,327 -     || KL: 0.3077
2023-11-19 15:10:14,327 -     || token_match: 0.972, exact_match: 0.705
2023-11-19 15:10:14,328 - DEV || epcloss: 0.0795
2023-11-19 15:10:14,329 -     || KL: 0.8247
2023-11-19 15:10:14,329 -     || token_match: 0.975, exact_match: 0.729
2023-11-19 15:10:14,331 - 
2023-11-19 15:10:14,331 - #epc: 18
2023-11-19 15:10:14,362 - epc:18, epc_KL:  1.000000
2023-11-19 15:10:37,618 - exact_match_tst_copy_acc: 0.758
2023-11-19 15:10:37,849 - TRN || epcloss: 0.0860
2023-11-19 15:10:37,849 -     || KL: 0.3113
2023-11-19 15:10:37,850 -     || token_match: 0.972, exact_match: 0.698
2023-11-19 15:10:37,851 - DEV || epcloss: 0.0661
2023-11-19 15:10:37,851 -     || KL: 0.7898
2023-11-19 15:10:37,852 -     || token_match: 0.976, exact_match: 0.736
2023-11-19 15:10:37,853 - 
2023-11-19 15:10:37,853 - #epc: 19
2023-11-19 15:10:37,885 - epc:19, epc_KL:  1.000000
2023-11-19 15:11:01,444 - exact_match_tst_copy_acc: 0.703
2023-11-19 15:11:01,676 - TRN || epcloss: 0.0828
2023-11-19 15:11:01,677 -     || KL: 0.3040
2023-11-19 15:11:01,678 -     || token_match: 0.973, exact_match: 0.710
2023-11-19 15:11:01,678 - DEV || epcloss: 0.0668
2023-11-19 15:11:01,679 -     || KL: 0.7688
2023-11-19 15:11:01,680 -     || token_match: 0.978, exact_match: 0.764
2023-11-19 15:11:01,681 - 
2023-11-19 15:11:01,681 - #epc: 20
2023-11-19 15:11:01,713 - epc:20, epc_KL:  1.000000
2023-11-19 15:11:24,944 - exact_match_tst_copy_acc: 0.641
2023-11-19 15:11:25,181 - TRN || epcloss: 0.0798
2023-11-19 15:11:25,182 -     || KL: 0.3024
2023-11-19 15:11:25,183 -     || token_match: 0.974, exact_match: 0.716
2023-11-19 15:11:25,184 - DEV || epcloss: 0.1064
2023-11-19 15:11:25,184 -     || KL: 0.8349
2023-11-19 15:11:25,185 -     || token_match: 0.966, exact_match: 0.664
2023-11-19 15:11:25,187 - 
2023-11-19 15:11:25,187 - #epc: 21
2023-11-19 15:11:25,219 - epc:21, epc_KL:  1.000000
2023-11-19 15:11:48,543 - exact_match_tst_copy_acc: 0.754
2023-11-19 15:11:48,779 - TRN || epcloss: 0.0814
2023-11-19 15:11:48,780 -     || KL: 0.3042
2023-11-19 15:11:48,780 -     || token_match: 0.973, exact_match: 0.715
2023-11-19 15:11:48,781 - DEV || epcloss: 0.0725
2023-11-19 15:11:48,782 -     || KL: 0.7661
2023-11-19 15:11:48,783 -     || token_match: 0.976, exact_match: 0.732
2023-11-19 15:11:48,784 - 
2023-11-19 15:11:48,785 - #epc: 22
2023-11-19 15:11:48,832 - epc:22, epc_KL:  1.000000
2023-11-19 15:12:12,337 - exact_match_tst_copy_acc: 0.762
2023-11-19 15:12:12,577 - TRN || epcloss: 0.0796
2023-11-19 15:12:12,578 -     || KL: 0.3015
2023-11-19 15:12:12,578 -     || token_match: 0.974, exact_match: 0.719
2023-11-19 15:12:12,579 - DEV || epcloss: 0.0649
2023-11-19 15:12:12,580 -     || KL: 0.7958
2023-11-19 15:12:12,581 -     || token_match: 0.978, exact_match: 0.749
2023-11-19 15:12:12,582 - 
2023-11-19 15:12:12,582 - #epc: 23
2023-11-19 15:12:12,615 - epc:23, epc_KL:  1.000000
2023-11-19 15:12:36,305 - exact_match_tst_copy_acc: 0.743
2023-11-19 15:12:36,528 - TRN || epcloss: 0.0773
2023-11-19 15:12:36,529 -     || KL: 0.2999
2023-11-19 15:12:36,530 -     || token_match: 0.975, exact_match: 0.724
2023-11-19 15:12:36,531 - DEV || epcloss: 0.0583
2023-11-19 15:12:36,531 -     || KL: 0.7904
2023-11-19 15:12:36,532 -     || token_match: 0.981, exact_match: 0.784
2023-11-19 15:12:36,533 - 
2023-11-19 15:12:36,534 - #epc: 24
2023-11-19 15:12:36,566 - epc:24, epc_KL:  1.000000
2023-11-19 15:12:59,864 - exact_match_tst_copy_acc: 0.778
2023-11-19 15:13:00,113 - TRN || epcloss: 0.0766
2023-11-19 15:13:00,114 -     || KL: 0.3007
2023-11-19 15:13:00,114 -     || token_match: 0.975, exact_match: 0.725
2023-11-19 15:13:00,115 - DEV || epcloss: 0.0661
2023-11-19 15:13:00,116 -     || KL: 0.7760
2023-11-19 15:13:00,116 -     || token_match: 0.978, exact_match: 0.758
2023-11-19 15:13:00,118 - 
2023-11-19 15:13:00,118 - #epc: 25
2023-11-19 15:13:00,164 - epc:25, epc_KL:  1.000000
2023-11-19 15:13:23,593 - exact_match_tst_copy_acc: 0.754
2023-11-19 15:13:23,819 - TRN || epcloss: 0.0757
2023-11-19 15:13:23,819 -     || KL: 0.2988
2023-11-19 15:13:23,820 -     || token_match: 0.975, exact_match: 0.727
2023-11-19 15:13:23,821 - DEV || epcloss: 0.0623
2023-11-19 15:13:23,821 -     || KL: 0.7771
2023-11-19 15:13:23,822 -     || token_match: 0.979, exact_match: 0.753
2023-11-19 15:13:23,823 - 
2023-11-19 15:13:23,823 - #epc: 26
2023-11-19 15:13:23,856 - epc:26, epc_KL:  1.000000
2023-11-19 15:13:47,916 - exact_match_tst_copy_acc: 0.752
2023-11-19 15:13:48,143 - TRN || epcloss: 0.0741
2023-11-19 15:13:48,143 -     || KL: 0.2963
2023-11-19 15:13:48,144 -     || token_match: 0.975, exact_match: 0.731
2023-11-19 15:13:48,145 - DEV || epcloss: 0.0610
2023-11-19 15:13:48,145 -     || KL: 0.8174
2023-11-19 15:13:48,146 -     || token_match: 0.980, exact_match: 0.777
2023-11-19 15:13:48,147 - 
2023-11-19 15:13:48,148 - #epc: 27
2023-11-19 15:13:48,180 - epc:27, epc_KL:  1.000000
2023-11-19 15:14:11,495 - exact_match_tst_copy_acc: 0.745
2023-11-19 15:14:11,729 - TRN || epcloss: 0.0748
2023-11-19 15:14:11,730 -     || KL: 0.2968
2023-11-19 15:14:11,731 -     || token_match: 0.975, exact_match: 0.731
2023-11-19 15:14:11,731 - DEV || epcloss: 0.0593
2023-11-19 15:14:11,732 -     || KL: 0.7672
2023-11-19 15:14:11,733 -     || token_match: 0.980, exact_match: 0.768
2023-11-19 15:14:11,734 - 
2023-11-19 15:14:11,735 - #epc: 28
2023-11-19 15:14:11,777 - epc:28, epc_KL:  1.000000
2023-11-19 15:14:35,209 - exact_match_tst_copy_acc: 0.729
2023-11-19 15:14:35,455 - TRN || epcloss: 0.0749
2023-11-19 15:14:35,456 -     || KL: 0.2971
2023-11-19 15:14:35,456 -     || token_match: 0.975, exact_match: 0.731
2023-11-19 15:14:35,457 - DEV || epcloss: 0.0674
2023-11-19 15:14:35,458 -     || KL: 0.7591
2023-11-19 15:14:35,458 -     || token_match: 0.977, exact_match: 0.749
2023-11-19 15:14:35,460 - 
2023-11-19 15:14:35,460 - #epc: 29
2023-11-19 15:14:35,493 - epc:29, epc_KL:  1.000000
2023-11-19 15:14:59,079 - exact_match_tst_copy_acc: 0.743
2023-11-19 15:14:59,366 - TRN || epcloss: 0.0741
2023-11-19 15:14:59,367 -     || KL: 0.2964
2023-11-19 15:14:59,368 -     || token_match: 0.976, exact_match: 0.735
2023-11-19 15:14:59,369 - DEV || epcloss: 0.0611
2023-11-19 15:14:59,369 -     || KL: 0.7630
2023-11-19 15:14:59,370 -     || token_match: 0.980, exact_match: 0.766
2023-11-19 15:14:59,371 - 
2023-11-19 15:14:59,372 - #epc: 30
2023-11-19 15:14:59,410 - epc:30, epc_KL:  1.000000
2023-11-19 15:15:22,857 - exact_match_tst_copy_acc: 0.731
2023-11-19 15:15:23,089 - TRN || epcloss: 0.0733
2023-11-19 15:15:23,090 -     || KL: 0.2944
2023-11-19 15:15:23,091 -     || token_match: 0.976, exact_match: 0.737
2023-11-19 15:15:23,091 - DEV || epcloss: 0.0720
2023-11-19 15:15:23,092 -     || KL: 0.7484
2023-11-19 15:15:23,092 -     || token_match: 0.976, exact_match: 0.732
2023-11-19 15:15:23,094 - 
2023-11-19 15:15:23,094 - #epc: 31
2023-11-19 15:15:23,135 - epc:31, epc_KL:  1.000000
2023-11-19 15:15:46,480 - exact_match_tst_copy_acc: 0.735
2023-11-19 15:15:46,707 - TRN || epcloss: 0.0717
2023-11-19 15:15:46,707 -     || KL: 0.2938
2023-11-19 15:15:46,708 -     || token_match: 0.976, exact_match: 0.740
2023-11-19 15:15:46,709 - DEV || epcloss: 0.0668
2023-11-19 15:15:46,709 -     || KL: 0.7538
2023-11-19 15:15:46,710 -     || token_match: 0.977, exact_match: 0.755
2023-11-19 15:15:46,711 - 
2023-11-19 15:15:46,712 - #epc: 32
2023-11-19 15:15:46,745 - epc:32, epc_KL:  1.000000
2023-11-19 15:16:10,271 - exact_match_tst_copy_acc: 0.782
2023-11-19 15:16:10,485 - TRN || epcloss: 0.0707
2023-11-19 15:16:10,485 -     || KL: 0.2928
2023-11-19 15:16:10,486 -     || token_match: 0.977, exact_match: 0.743
2023-11-19 15:16:10,487 - DEV || epcloss: 0.0764
2023-11-19 15:16:10,488 -     || KL: 0.7712
2023-11-19 15:16:10,488 -     || token_match: 0.975, exact_match: 0.757
2023-11-19 15:16:10,490 - 
2023-11-19 15:16:10,490 - #epc: 33
2023-11-19 15:16:10,523 - epc:33, epc_KL:  1.000000
2023-11-19 15:16:33,922 - exact_match_tst_copy_acc: 0.721
2023-11-19 15:16:34,138 - TRN || epcloss: 0.0702
2023-11-19 15:16:34,138 -     || KL: 0.2935
2023-11-19 15:16:34,139 -     || token_match: 0.977, exact_match: 0.744
2023-11-19 15:16:34,140 - DEV || epcloss: 0.0688
2023-11-19 15:16:34,140 -     || KL: 0.7299
2023-11-19 15:16:34,141 -     || token_match: 0.978, exact_match: 0.745
2023-11-19 15:16:34,143 - 
2023-11-19 15:16:34,143 - #epc: 34
2023-11-19 15:16:34,182 - epc:34, epc_KL:  1.000000
2023-11-19 15:16:57,433 - exact_match_tst_copy_acc: 0.784
2023-11-19 15:16:57,673 - TRN || epcloss: 0.0703
2023-11-19 15:16:57,673 -     || KL: 0.2939
2023-11-19 15:16:57,674 -     || token_match: 0.977, exact_match: 0.744
2023-11-19 15:16:57,675 - DEV || epcloss: 0.0570
2023-11-19 15:16:57,676 -     || KL: 0.7461
2023-11-19 15:16:57,676 -     || token_match: 0.981, exact_match: 0.779
2023-11-19 15:16:57,678 - 
2023-11-19 15:16:57,678 - #epc: 35
2023-11-19 15:16:57,712 - epc:35, epc_KL:  1.000000
2023-11-19 15:17:21,268 - exact_match_tst_copy_acc: 0.725
2023-11-19 15:17:21,508 - TRN || epcloss: 0.0693
2023-11-19 15:17:21,508 -     || KL: 0.2918
2023-11-19 15:17:21,509 -     || token_match: 0.977, exact_match: 0.747
2023-11-19 15:17:21,510 - DEV || epcloss: 0.0759
2023-11-19 15:17:21,510 -     || KL: 0.7463
2023-11-19 15:17:21,511 -     || token_match: 0.974, exact_match: 0.712
2023-11-19 15:17:21,513 - 
2023-11-19 15:17:21,513 - #epc: 36
2023-11-19 15:17:21,547 - epc:36, epc_KL:  1.000000
2023-11-19 15:17:45,313 - exact_match_tst_copy_acc: 0.756
2023-11-19 15:17:45,638 - TRN || epcloss: 0.0700
2023-11-19 15:17:45,639 -     || KL: 0.2925
2023-11-19 15:17:45,640 -     || token_match: 0.977, exact_match: 0.746
2023-11-19 15:17:45,641 - DEV || epcloss: 0.0592
2023-11-19 15:17:45,642 -     || KL: 0.7561
2023-11-19 15:17:45,642 -     || token_match: 0.979, exact_match: 0.753
2023-11-19 15:17:45,644 - 
2023-11-19 15:17:45,644 - #epc: 37
2023-11-19 15:17:45,686 - epc:37, epc_KL:  1.000000
2023-11-19 15:18:09,276 - exact_match_tst_copy_acc: 0.770
2023-11-19 15:18:09,563 - TRN || epcloss: 0.0684
2023-11-19 15:18:09,564 -     || KL: 0.2910
2023-11-19 15:18:09,565 -     || token_match: 0.978, exact_match: 0.751
2023-11-19 15:18:09,565 - DEV || epcloss: 0.0593
2023-11-19 15:18:09,566 -     || KL: 0.7444
2023-11-19 15:18:09,567 -     || token_match: 0.979, exact_match: 0.764
2023-11-19 15:18:09,568 - 
2023-11-19 15:18:09,569 - #epc: 38
2023-11-19 15:18:09,607 - epc:38, epc_KL:  1.000000
2023-11-19 15:18:33,117 - exact_match_tst_copy_acc: 0.802
2023-11-19 15:18:33,341 - TRN || epcloss: 0.0678
2023-11-19 15:18:33,342 -     || KL: 0.2921
2023-11-19 15:18:33,343 -     || token_match: 0.978, exact_match: 0.753
2023-11-19 15:18:33,344 - DEV || epcloss: 0.0578
2023-11-19 15:18:33,344 -     || KL: 0.7583
2023-11-19 15:18:33,345 -     || token_match: 0.978, exact_match: 0.743
2023-11-19 15:18:33,346 - 
2023-11-19 15:18:33,347 - #epc: 39
2023-11-19 15:18:33,380 - epc:39, epc_KL:  1.000000
2023-11-19 15:18:56,523 - exact_match_tst_copy_acc: 0.750
2023-11-19 15:18:56,747 - TRN || epcloss: 0.0671
2023-11-19 15:18:56,748 -     || KL: 0.2903
2023-11-19 15:18:56,748 -     || token_match: 0.978, exact_match: 0.754
2023-11-19 15:18:56,749 - DEV || epcloss: 0.0495
2023-11-19 15:18:56,750 -     || KL: 0.7563
2023-11-19 15:18:56,750 -     || token_match: 0.984, exact_match: 0.818
2023-11-19 15:18:56,752 - 
2023-11-19 15:18:56,752 - #epc: 40
2023-11-19 15:18:56,787 - epc:40, epc_KL:  1.000000
2023-11-19 15:19:20,055 - exact_match_tst_copy_acc: 0.752
2023-11-19 15:19:20,279 - TRN || epcloss: 0.0674
2023-11-19 15:19:20,280 -     || KL: 0.2903
2023-11-19 15:19:20,281 -     || token_match: 0.978, exact_match: 0.754
2023-11-19 15:19:20,282 - DEV || epcloss: 0.0591
2023-11-19 15:19:20,282 -     || KL: 0.7347
2023-11-19 15:19:20,283 -     || token_match: 0.980, exact_match: 0.770
2023-11-19 15:19:20,284 - 
2023-11-19 15:19:20,285 - #epc: 41
2023-11-19 15:19:20,319 - epc:41, epc_KL:  1.000000
2023-11-19 15:19:43,662 - exact_match_tst_copy_acc: 0.780
2023-11-19 15:19:43,887 - TRN || epcloss: 0.0668
2023-11-19 15:19:43,887 -     || KL: 0.2893
2023-11-19 15:19:43,888 -     || token_match: 0.978, exact_match: 0.756
2023-11-19 15:19:43,889 - DEV || epcloss: 0.0532
2023-11-19 15:19:43,889 -     || KL: 0.7451
2023-11-19 15:19:43,890 -     || token_match: 0.982, exact_match: 0.781
2023-11-19 15:19:43,891 - 
2023-11-19 15:19:43,892 - #epc: 42
2023-11-19 15:19:43,948 - epc:42, epc_KL:  1.000000
2023-11-19 15:20:07,096 - exact_match_tst_copy_acc: 0.772
2023-11-19 15:20:07,323 - TRN || epcloss: 0.0664
2023-11-19 15:20:07,324 -     || KL: 0.2898
2023-11-19 15:20:07,325 -     || token_match: 0.978, exact_match: 0.756
2023-11-19 15:20:07,325 - DEV || epcloss: 0.0463
2023-11-19 15:20:07,326 -     || KL: 0.7578
2023-11-19 15:20:07,327 -     || token_match: 0.986, exact_match: 0.831
2023-11-19 15:20:07,328 - 
2023-11-19 15:20:07,329 - #epc: 43
2023-11-19 15:20:07,363 - epc:43, epc_KL:  1.000000
2023-11-19 15:20:31,268 - exact_match_tst_copy_acc: 0.768
2023-11-19 15:20:31,564 - TRN || epcloss: 0.0658
2023-11-19 15:20:31,565 -     || KL: 0.2889
2023-11-19 15:20:31,566 -     || token_match: 0.978, exact_match: 0.758
2023-11-19 15:20:31,566 - DEV || epcloss: 0.0585
2023-11-19 15:20:31,567 -     || KL: 0.7539
2023-11-19 15:20:31,568 -     || token_match: 0.981, exact_match: 0.762
2023-11-19 15:20:31,569 - 
2023-11-19 15:20:31,570 - #epc: 44
2023-11-19 15:20:31,608 - epc:44, epc_KL:  1.000000
2023-11-19 15:20:55,241 - exact_match_tst_copy_acc: 0.798
2023-11-19 15:20:55,541 - TRN || epcloss: 0.0654
2023-11-19 15:20:55,542 -     || KL: 0.2893
2023-11-19 15:20:55,543 -     || token_match: 0.978, exact_match: 0.758
2023-11-19 15:20:55,543 - DEV || epcloss: 0.0490
2023-11-19 15:20:55,544 -     || KL: 0.7581
2023-11-19 15:20:55,545 -     || token_match: 0.984, exact_match: 0.812
2023-11-19 15:20:55,546 - 
2023-11-19 15:20:55,547 - #epc: 45
2023-11-19 15:20:55,610 - epc:45, epc_KL:  1.000000
2023-11-19 15:21:18,922 - exact_match_tst_copy_acc: 0.796
2023-11-19 15:21:19,154 - TRN || epcloss: 0.0650
2023-11-19 15:21:19,155 -     || KL: 0.2883
2023-11-19 15:21:19,155 -     || token_match: 0.978, exact_match: 0.761
2023-11-19 15:21:19,156 - DEV || epcloss: 0.0536
2023-11-19 15:21:19,156 -     || KL: 0.7380
2023-11-19 15:21:19,157 -     || token_match: 0.982, exact_match: 0.779
2023-11-19 15:21:19,158 - 
2023-11-19 15:21:19,159 - #epc: 46
2023-11-19 15:21:19,194 - epc:46, epc_KL:  1.000000
2023-11-19 15:21:42,621 - exact_match_tst_copy_acc: 0.800
2023-11-19 15:21:42,862 - TRN || epcloss: 0.0644
2023-11-19 15:21:42,863 -     || KL: 0.2887
2023-11-19 15:21:42,863 -     || token_match: 0.979, exact_match: 0.762
2023-11-19 15:21:42,864 - DEV || epcloss: 0.0451
2023-11-19 15:21:42,864 -     || KL: 0.7426
2023-11-19 15:21:42,865 -     || token_match: 0.983, exact_match: 0.799
2023-11-19 15:21:42,866 - 
2023-11-19 15:21:42,867 - #epc: 47
2023-11-19 15:21:42,902 - epc:47, epc_KL:  1.000000
2023-11-19 15:22:06,459 - exact_match_tst_copy_acc: 0.778
2023-11-19 15:22:06,679 - TRN || epcloss: 0.0655
2023-11-19 15:22:06,680 -     || KL: 0.2878
2023-11-19 15:22:06,680 -     || token_match: 0.979, exact_match: 0.762
2023-11-19 15:22:06,681 - DEV || epcloss: 0.0573
2023-11-19 15:22:06,682 -     || KL: 0.7369
2023-11-19 15:22:06,682 -     || token_match: 0.980, exact_match: 0.751
2023-11-19 15:22:06,684 - 
2023-11-19 15:22:06,684 - #epc: 48
2023-11-19 15:22:06,732 - epc:48, epc_KL:  1.000000
2023-11-19 15:22:29,953 - exact_match_tst_copy_acc: 0.760
2023-11-19 15:22:30,176 - TRN || epcloss: 0.0649
2023-11-19 15:22:30,177 -     || KL: 0.2873
2023-11-19 15:22:30,177 -     || token_match: 0.979, exact_match: 0.763
2023-11-19 15:22:30,178 - DEV || epcloss: 0.0589
2023-11-19 15:22:30,179 -     || KL: 0.7305
2023-11-19 15:22:30,179 -     || token_match: 0.980, exact_match: 0.775
2023-11-19 15:22:30,181 - 
2023-11-19 15:22:30,181 - #epc: 49
2023-11-19 15:22:30,217 - epc:49, epc_KL:  1.000000
2023-11-19 15:22:53,322 - exact_match_tst_copy_acc: 0.756
2023-11-19 15:22:53,558 - TRN || epcloss: 0.0643
2023-11-19 15:22:53,558 -     || KL: 0.2870
2023-11-19 15:22:53,559 -     || token_match: 0.979, exact_match: 0.763
2023-11-19 15:22:53,560 - DEV || epcloss: 0.0559
2023-11-19 15:22:53,560 -     || KL: 0.7513
2023-11-19 15:22:53,561 -     || token_match: 0.982, exact_match: 0.799
2023-11-19 15:22:53,562 - 
2023-11-19 15:22:53,563 - #epc: 50
2023-11-19 15:22:53,598 - epc:50, epc_KL:  1.000000
2023-11-19 15:23:17,089 - exact_match_tst_copy_acc: 0.780
2023-11-19 15:23:17,320 - TRN || epcloss: 0.0643
2023-11-19 15:23:17,321 -     || KL: 0.2878
2023-11-19 15:23:17,321 -     || token_match: 0.979, exact_match: 0.764
2023-11-19 15:23:17,322 - DEV || epcloss: 0.0555
2023-11-19 15:23:17,323 -     || KL: 0.7440
2023-11-19 15:23:17,324 -     || token_match: 0.981, exact_match: 0.783
2023-11-19 15:23:17,325 - 
2023-11-19 15:23:17,326 - #epc: 51
2023-11-19 15:23:17,371 - epc:51, epc_KL:  1.000000
2023-11-19 15:23:40,849 - exact_match_tst_copy_acc: 0.733
2023-11-19 15:23:41,077 - TRN || epcloss: 0.0634
2023-11-19 15:23:41,078 -     || KL: 0.2874
2023-11-19 15:23:41,079 -     || token_match: 0.979, exact_match: 0.764
2023-11-19 15:23:41,079 - DEV || epcloss: 0.0548
2023-11-19 15:23:41,080 -     || KL: 0.7239
2023-11-19 15:23:41,081 -     || token_match: 0.981, exact_match: 0.777
2023-11-19 15:23:41,082 - 
2023-11-19 15:23:41,083 - #epc: 52
2023-11-19 15:23:41,118 - epc:52, epc_KL:  1.000000
2023-11-19 15:24:04,701 - exact_match_tst_copy_acc: 0.790
2023-11-19 15:24:04,942 - TRN || epcloss: 0.0632
2023-11-19 15:24:04,943 -     || KL: 0.2867
2023-11-19 15:24:04,944 -     || token_match: 0.979, exact_match: 0.766
2023-11-19 15:24:04,944 - DEV || epcloss: 0.0546
2023-11-19 15:24:04,945 -     || KL: 0.7358
2023-11-19 15:24:04,946 -     || token_match: 0.983, exact_match: 0.796
2023-11-19 15:24:04,947 - 
2023-11-19 15:24:04,947 - #epc: 53
2023-11-19 15:24:04,983 - epc:53, epc_KL:  1.000000
2023-11-19 15:24:28,423 - exact_match_tst_copy_acc: 0.766
2023-11-19 15:24:28,668 - TRN || epcloss: 0.0639
2023-11-19 15:24:28,668 -     || KL: 0.2856
2023-11-19 15:24:28,669 -     || token_match: 0.979, exact_match: 0.767
2023-11-19 15:24:28,670 - DEV || epcloss: 0.0530
2023-11-19 15:24:28,670 -     || KL: 0.7437
2023-11-19 15:24:28,671 -     || token_match: 0.983, exact_match: 0.792
2023-11-19 15:24:28,672 - 
2023-11-19 15:24:28,673 - #epc: 54
2023-11-19 15:24:28,715 - epc:54, epc_KL:  1.000000
2023-11-19 15:24:51,901 - exact_match_tst_copy_acc: 0.808
2023-11-19 15:24:52,138 - TRN || epcloss: 0.0625
2023-11-19 15:24:52,139 -     || KL: 0.2871
2023-11-19 15:24:52,139 -     || token_match: 0.979, exact_match: 0.769
2023-11-19 15:24:52,140 - DEV || epcloss: 0.0588
2023-11-19 15:24:52,141 -     || KL: 0.7378
2023-11-19 15:24:52,141 -     || token_match: 0.980, exact_match: 0.757
2023-11-19 15:24:52,142 - 
2023-11-19 15:24:52,143 - #epc: 55
2023-11-19 15:24:52,179 - epc:55, epc_KL:  1.000000
2023-11-19 15:25:15,895 - exact_match_tst_copy_acc: 0.774
2023-11-19 15:25:16,130 - TRN || epcloss: 0.0636
2023-11-19 15:25:16,130 -     || KL: 0.2852
2023-11-19 15:25:16,131 -     || token_match: 0.979, exact_match: 0.767
2023-11-19 15:25:16,132 - DEV || epcloss: 0.0606
2023-11-19 15:25:16,133 -     || KL: 0.7262
2023-11-19 15:25:16,133 -     || token_match: 0.980, exact_match: 0.764
2023-11-19 15:25:16,134 - 
2023-11-19 15:25:16,135 - #epc: 56
2023-11-19 15:25:16,171 - epc:56, epc_KL:  1.000000
2023-11-19 15:25:39,816 - exact_match_tst_copy_acc: 0.782
2023-11-19 15:25:40,113 - TRN || epcloss: 0.0621
2023-11-19 15:25:40,114 -     || KL: 0.2853
2023-11-19 15:25:40,115 -     || token_match: 0.979, exact_match: 0.769
2023-11-19 15:25:40,116 - DEV || epcloss: 0.0594
2023-11-19 15:25:40,117 -     || KL: 0.7428
2023-11-19 15:25:40,117 -     || token_match: 0.979, exact_match: 0.766
2023-11-19 15:25:40,119 - 
2023-11-19 15:25:40,120 - #epc: 57
2023-11-19 15:25:40,164 - epc:57, epc_KL:  1.000000
2023-11-19 15:26:03,678 - exact_match_tst_copy_acc: 0.778
2023-11-19 15:26:03,913 - TRN || epcloss: 0.0631
2023-11-19 15:26:03,914 -     || KL: 0.2851
2023-11-19 15:26:03,914 -     || token_match: 0.979, exact_match: 0.768
2023-11-19 15:26:03,915 - DEV || epcloss: 0.0491
2023-11-19 15:26:03,916 -     || KL: 0.7402
2023-11-19 15:26:03,917 -     || token_match: 0.982, exact_match: 0.797
2023-11-19 15:26:03,918 - 
2023-11-19 15:26:03,919 - #epc: 58
2023-11-19 15:26:03,955 - epc:58, epc_KL:  1.000000
2023-11-19 15:26:27,503 - exact_match_tst_copy_acc: 0.794
2023-11-19 15:26:27,730 - TRN || epcloss: 0.0616
2023-11-19 15:26:27,731 -     || KL: 0.2849
2023-11-19 15:26:27,732 -     || token_match: 0.980, exact_match: 0.772
2023-11-19 15:26:27,733 - DEV || epcloss: 0.0596
2023-11-19 15:26:27,734 -     || KL: 0.7220
2023-11-19 15:26:27,735 -     || token_match: 0.980, exact_match: 0.777
2023-11-19 15:26:27,736 - 
2023-11-19 15:26:27,737 - #epc: 59
2023-11-19 15:26:27,773 - epc:59, epc_KL:  1.000000
2023-11-19 15:26:51,228 - exact_match_tst_copy_acc: 0.770
2023-11-19 15:26:51,468 - TRN || epcloss: 0.0620
2023-11-19 15:26:51,469 -     || KL: 0.2854
2023-11-19 15:26:51,470 -     || token_match: 0.980, exact_match: 0.771
2023-11-19 15:26:51,470 - DEV || epcloss: 0.0663
2023-11-19 15:26:51,471 -     || KL: 0.7193
2023-11-19 15:26:51,472 -     || token_match: 0.980, exact_match: 0.770
2023-11-19 15:26:51,473 - 
2023-11-19 15:26:51,474 - #epc: 60
2023-11-19 15:26:51,510 - epc:60, epc_KL:  1.000000
2023-11-19 15:27:14,775 - exact_match_tst_copy_acc: 0.776
2023-11-19 15:27:15,001 - TRN || epcloss: 0.0625
2023-11-19 15:27:15,002 -     || KL: 0.2844
2023-11-19 15:27:15,002 -     || token_match: 0.979, exact_match: 0.771
2023-11-19 15:27:15,003 - DEV || epcloss: 0.0561
2023-11-19 15:27:15,004 -     || KL: 0.7257
2023-11-19 15:27:15,004 -     || token_match: 0.981, exact_match: 0.796
2023-11-19 15:27:15,005 - 
2023-11-19 15:27:15,006 - #epc: 61
2023-11-19 15:27:15,042 - epc:61, epc_KL:  1.000000
2023-11-19 15:27:38,593 - exact_match_tst_copy_acc: 0.802
2023-11-19 15:27:38,823 - TRN || epcloss: 0.0613
2023-11-19 15:27:38,824 -     || KL: 0.2837
2023-11-19 15:27:38,824 -     || token_match: 0.980, exact_match: 0.773
2023-11-19 15:27:38,825 - DEV || epcloss: 0.0468
2023-11-19 15:27:38,826 -     || KL: 0.7398
2023-11-19 15:27:38,827 -     || token_match: 0.984, exact_match: 0.818
2023-11-19 15:27:38,828 - 
2023-11-19 15:27:38,829 - #epc: 62
2023-11-19 15:27:38,890 - epc:62, epc_KL:  1.000000
2023-11-19 15:28:02,362 - exact_match_tst_copy_acc: 0.766
2023-11-19 15:28:02,600 - TRN || epcloss: 0.0618
2023-11-19 15:28:02,601 -     || KL: 0.2838
2023-11-19 15:28:02,601 -     || token_match: 0.980, exact_match: 0.771
2023-11-19 15:28:02,602 - DEV || epcloss: 0.0630
2023-11-19 15:28:02,603 -     || KL: 0.7417
2023-11-19 15:28:02,603 -     || token_match: 0.978, exact_match: 0.760
2023-11-19 15:28:02,605 - 
2023-11-19 15:28:02,605 - #epc: 63
2023-11-19 15:28:02,642 - epc:63, epc_KL:  1.000000
2023-11-19 15:28:26,340 - exact_match_tst_copy_acc: 0.774
2023-11-19 15:28:26,557 - TRN || epcloss: 0.0612
2023-11-19 15:28:26,558 -     || KL: 0.2835
2023-11-19 15:28:26,559 -     || token_match: 0.980, exact_match: 0.773
2023-11-19 15:28:26,559 - DEV || epcloss: 0.0569
2023-11-19 15:28:26,560 -     || KL: 0.7156
2023-11-19 15:28:26,561 -     || token_match: 0.981, exact_match: 0.783
2023-11-19 15:28:26,562 - 
2023-11-19 15:28:26,562 - #epc: 64
2023-11-19 15:28:26,599 - epc:64, epc_KL:  1.000000
2023-11-19 15:28:50,399 - exact_match_tst_copy_acc: 0.788
2023-11-19 15:28:50,686 - TRN || epcloss: 0.0603
2023-11-19 15:28:50,687 -     || KL: 0.2836
2023-11-19 15:28:50,688 -     || token_match: 0.980, exact_match: 0.775
2023-11-19 15:28:50,689 - DEV || epcloss: 0.0615
2023-11-19 15:28:50,689 -     || KL: 0.7146
2023-11-19 15:28:50,690 -     || token_match: 0.980, exact_match: 0.777
2023-11-19 15:28:50,692 - 
2023-11-19 15:28:50,692 - #epc: 65
2023-11-19 15:28:50,761 - epc:65, epc_KL:  1.000000
2023-11-19 15:29:14,320 - exact_match_tst_copy_acc: 0.780
2023-11-19 15:29:14,578 - TRN || epcloss: 0.0611
2023-11-19 15:29:14,579 -     || KL: 0.2829
2023-11-19 15:29:14,580 -     || token_match: 0.980, exact_match: 0.775
2023-11-19 15:29:14,580 - DEV || epcloss: 0.0521
2023-11-19 15:29:14,581 -     || KL: 0.7481
2023-11-19 15:29:14,582 -     || token_match: 0.982, exact_match: 0.783
2023-11-19 15:29:14,583 - 
2023-11-19 15:29:14,584 - #epc: 66
2023-11-19 15:29:14,620 - epc:66, epc_KL:  1.000000
2023-11-19 15:29:37,805 - exact_match_tst_copy_acc: 0.796
2023-11-19 15:29:38,011 - TRN || epcloss: 0.0610
2023-11-19 15:29:38,012 -     || KL: 0.2834
2023-11-19 15:29:38,012 -     || token_match: 0.980, exact_match: 0.776
2023-11-19 15:29:38,013 - DEV || epcloss: 0.0530
2023-11-19 15:29:38,014 -     || KL: 0.7247
2023-11-19 15:29:38,014 -     || token_match: 0.984, exact_match: 0.816
2023-11-19 15:29:38,015 - 
2023-11-19 15:29:38,016 - #epc: 67
2023-11-19 15:29:38,053 - epc:67, epc_KL:  1.000000
2023-11-19 15:30:01,681 - exact_match_tst_copy_acc: 0.782
2023-11-19 15:30:01,920 - TRN || epcloss: 0.0600
2023-11-19 15:30:01,921 -     || KL: 0.2834
2023-11-19 15:30:01,921 -     || token_match: 0.980, exact_match: 0.777
2023-11-19 15:30:01,922 - DEV || epcloss: 0.0648
2023-11-19 15:30:01,922 -     || KL: 0.7068
2023-11-19 15:30:01,923 -     || token_match: 0.978, exact_match: 0.749
2023-11-19 15:30:01,924 - 
2023-11-19 15:30:01,925 - #epc: 68
2023-11-19 15:30:01,978 - epc:68, epc_KL:  1.000000
2023-11-19 15:30:26,027 - exact_match_tst_copy_acc: 0.832
2023-11-19 15:30:26,332 - TRN || epcloss: 0.0598
2023-11-19 15:30:26,333 -     || KL: 0.2828
2023-11-19 15:30:26,333 -     || token_match: 0.980, exact_match: 0.779
2023-11-19 15:30:26,334 - DEV || epcloss: 0.0516
2023-11-19 15:30:26,335 -     || KL: 0.7263
2023-11-19 15:30:26,335 -     || token_match: 0.983, exact_match: 0.807
2023-11-19 15:30:26,337 - 
2023-11-19 15:30:26,338 - #epc: 69
2023-11-19 15:30:26,378 - epc:69, epc_KL:  1.000000
2023-11-19 15:30:49,761 - exact_match_tst_copy_acc: 0.790
2023-11-19 15:30:49,989 - TRN || epcloss: 0.0598
2023-11-19 15:30:49,989 -     || KL: 0.2827
2023-11-19 15:30:49,990 -     || token_match: 0.980, exact_match: 0.777
2023-11-19 15:30:49,991 - DEV || epcloss: 0.0529
2023-11-19 15:30:49,991 -     || KL: 0.7353
2023-11-19 15:30:49,992 -     || token_match: 0.979, exact_match: 0.768
2023-11-19 15:30:49,994 - 
2023-11-19 15:30:49,994 - #epc: 70
2023-11-19 15:30:50,031 - epc:70, epc_KL:  1.000000
2023-11-19 15:31:13,460 - exact_match_tst_copy_acc: 0.810
2023-11-19 15:31:13,690 - TRN || epcloss: 0.0604
2023-11-19 15:31:13,691 -     || KL: 0.2825
2023-11-19 15:31:13,692 -     || token_match: 0.980, exact_match: 0.778
2023-11-19 15:31:13,692 - DEV || epcloss: 0.0511
2023-11-19 15:31:13,693 -     || KL: 0.7407
2023-11-19 15:31:13,693 -     || token_match: 0.982, exact_match: 0.788
2023-11-19 15:31:13,695 - 
2023-11-19 15:31:13,695 - #epc: 71
2023-11-19 15:31:13,742 - epc:71, epc_KL:  1.000000
2023-11-19 15:31:37,183 - exact_match_tst_copy_acc: 0.782
2023-11-19 15:31:37,412 - TRN || epcloss: 0.0595
2023-11-19 15:31:37,413 -     || KL: 0.2824
2023-11-19 15:31:37,414 -     || token_match: 0.980, exact_match: 0.780
2023-11-19 15:31:37,415 - DEV || epcloss: 0.0501
2023-11-19 15:31:37,415 -     || KL: 0.7200
2023-11-19 15:31:37,416 -     || token_match: 0.982, exact_match: 0.799
2023-11-19 15:31:37,417 - 
2023-11-19 15:31:37,418 - #epc: 72
2023-11-19 15:31:37,456 - epc:72, epc_KL:  1.000000
2023-11-19 15:32:00,944 - exact_match_tst_copy_acc: 0.776
2023-11-19 15:32:01,187 - TRN || epcloss: 0.0600
2023-11-19 15:32:01,188 -     || KL: 0.2822
2023-11-19 15:32:01,189 -     || token_match: 0.980, exact_match: 0.778
2023-11-19 15:32:01,190 - DEV || epcloss: 0.0482
2023-11-19 15:32:01,190 -     || KL: 0.7248
2023-11-19 15:32:01,191 -     || token_match: 0.983, exact_match: 0.797
2023-11-19 15:32:01,192 - 
2023-11-19 15:32:01,193 - #epc: 73
2023-11-19 15:32:01,230 - epc:73, epc_KL:  1.000000
2023-11-19 15:32:24,660 - exact_match_tst_copy_acc: 0.786
2023-11-19 15:32:24,890 - TRN || epcloss: 0.0596
2023-11-19 15:32:24,891 -     || KL: 0.2815
2023-11-19 15:32:24,892 -     || token_match: 0.980, exact_match: 0.779
2023-11-19 15:32:24,892 - DEV || epcloss: 0.0444
2023-11-19 15:32:24,893 -     || KL: 0.7365
2023-11-19 15:32:24,894 -     || token_match: 0.984, exact_match: 0.809
2023-11-19 15:32:24,895 - 
2023-11-19 15:32:24,896 - #epc: 74
2023-11-19 15:32:24,939 - epc:74, epc_KL:  1.000000
2023-11-19 15:32:48,426 - exact_match_tst_copy_acc: 0.792
2023-11-19 15:32:48,669 - TRN || epcloss: 0.0589
2023-11-19 15:32:48,669 -     || KL: 0.2819
2023-11-19 15:32:48,670 -     || token_match: 0.981, exact_match: 0.782
2023-11-19 15:32:48,671 - DEV || epcloss: 0.0514
2023-11-19 15:32:48,671 -     || KL: 0.7161
2023-11-19 15:32:48,672 -     || token_match: 0.982, exact_match: 0.788
2023-11-19 15:32:48,673 - 
2023-11-19 15:32:48,674 - #epc: 75
2023-11-19 15:32:48,711 - epc:75, epc_KL:  1.000000
2023-11-19 15:33:12,202 - exact_match_tst_copy_acc: 0.766
2023-11-19 15:33:12,440 - TRN || epcloss: 0.0593
2023-11-19 15:33:12,441 -     || KL: 0.2823
2023-11-19 15:33:12,442 -     || token_match: 0.980, exact_match: 0.779
2023-11-19 15:33:12,443 - DEV || epcloss: 0.0473
2023-11-19 15:33:12,443 -     || KL: 0.7306
2023-11-19 15:33:12,444 -     || token_match: 0.985, exact_match: 0.818
2023-11-19 15:33:12,445 - 
2023-11-19 15:33:12,446 - #epc: 76
2023-11-19 15:33:12,510 - epc:76, epc_KL:  1.000000
2023-11-19 15:33:35,734 - exact_match_tst_copy_acc: 0.804
2023-11-19 15:33:35,961 - TRN || epcloss: 0.0594
2023-11-19 15:33:35,962 -     || KL: 0.2819
2023-11-19 15:33:35,963 -     || token_match: 0.980, exact_match: 0.780
2023-11-19 15:33:35,963 - DEV || epcloss: 0.0530
2023-11-19 15:33:35,964 -     || KL: 0.7345
2023-11-19 15:33:35,965 -     || token_match: 0.983, exact_match: 0.803
2023-11-19 15:33:35,966 - 
2023-11-19 15:33:35,967 - #epc: 77
2023-11-19 15:33:36,004 - epc:77, epc_KL:  1.000000
2023-11-19 15:33:59,650 - exact_match_tst_copy_acc: 0.804
2023-11-19 15:33:59,939 - TRN || epcloss: 0.0590
2023-11-19 15:33:59,940 -     || KL: 0.2835
2023-11-19 15:33:59,940 -     || token_match: 0.980, exact_match: 0.780
2023-11-19 15:33:59,941 - DEV || epcloss: 0.0569
2023-11-19 15:33:59,942 -     || KL: 0.7167
2023-11-19 15:33:59,942 -     || token_match: 0.982, exact_match: 0.790
2023-11-19 15:33:59,944 - 
2023-11-19 15:33:59,945 - #epc: 78
2023-11-19 15:33:59,986 - epc:78, epc_KL:  1.000000
2023-11-19 15:34:23,461 - exact_match_tst_copy_acc: 0.824
2023-11-19 15:34:23,701 - TRN || epcloss: 0.0597
2023-11-19 15:34:23,702 -     || KL: 0.2810
2023-11-19 15:34:23,702 -     || token_match: 0.980, exact_match: 0.780
2023-11-19 15:34:23,703 - DEV || epcloss: 0.0481
2023-11-19 15:34:23,704 -     || KL: 0.7273
2023-11-19 15:34:23,704 -     || token_match: 0.984, exact_match: 0.820
2023-11-19 15:34:23,705 - 
2023-11-19 15:34:23,706 - #epc: 79
2023-11-19 15:34:23,755 - epc:79, epc_KL:  1.000000
2023-11-19 15:34:47,474 - exact_match_tst_copy_acc: 0.834
2023-11-19 15:34:47,784 - TRN || epcloss: 0.0590
2023-11-19 15:34:47,785 -     || KL: 0.2815
2023-11-19 15:34:47,785 -     || token_match: 0.980, exact_match: 0.780
2023-11-19 15:34:47,786 - DEV || epcloss: 0.0456
2023-11-19 15:34:47,787 -     || KL: 0.7425
2023-11-19 15:34:47,788 -     || token_match: 0.986, exact_match: 0.827
2023-11-19 15:34:47,789 - 
2023-11-19 15:34:47,790 - #epc: 80
2023-11-19 15:34:47,832 - epc:80, epc_KL:  1.000000
2023-11-19 15:35:11,460 - exact_match_tst_copy_acc: 0.810
2023-11-19 15:35:11,708 - TRN || epcloss: 0.0589
2023-11-19 15:35:11,709 -     || KL: 0.2813
2023-11-19 15:35:11,710 -     || token_match: 0.981, exact_match: 0.782
2023-11-19 15:35:11,710 - DEV || epcloss: 0.0548
2023-11-19 15:35:11,711 -     || KL: 0.7274
2023-11-19 15:35:11,711 -     || token_match: 0.982, exact_match: 0.786
2023-11-19 15:35:11,713 - 
2023-11-19 15:35:11,713 - #epc: 81
2023-11-19 15:35:11,779 - epc:81, epc_KL:  1.000000
2023-11-19 15:35:35,241 - exact_match_tst_copy_acc: 0.786
2023-11-19 15:35:35,466 - TRN || epcloss: 0.0585
2023-11-19 15:35:35,467 -     || KL: 0.2807
2023-11-19 15:35:35,468 -     || token_match: 0.981, exact_match: 0.783
2023-11-19 15:35:35,468 - DEV || epcloss: 0.0629
2023-11-19 15:35:35,469 -     || KL: 0.7175
2023-11-19 15:35:35,470 -     || token_match: 0.981, exact_match: 0.770
2023-11-19 15:35:35,471 - 
2023-11-19 15:35:35,472 - #epc: 82
2023-11-19 15:35:35,510 - epc:82, epc_KL:  1.000000
2023-11-19 15:35:59,017 - exact_match_tst_copy_acc: 0.780
2023-11-19 15:35:59,246 - TRN || epcloss: 0.0583
2023-11-19 15:35:59,247 -     || KL: 0.2812
2023-11-19 15:35:59,248 -     || token_match: 0.981, exact_match: 0.784
2023-11-19 15:35:59,249 - DEV || epcloss: 0.0581
2023-11-19 15:35:59,249 -     || KL: 0.7283
2023-11-19 15:35:59,250 -     || token_match: 0.981, exact_match: 0.786
2023-11-19 15:35:59,251 - 
2023-11-19 15:35:59,252 - #epc: 83
2023-11-19 15:35:59,290 - epc:83, epc_KL:  1.000000
2023-11-19 15:36:22,671 - exact_match_tst_copy_acc: 0.754
2023-11-19 15:36:22,899 - TRN || epcloss: 0.0586
2023-11-19 15:36:22,899 -     || KL: 0.2807
2023-11-19 15:36:22,900 -     || token_match: 0.981, exact_match: 0.782
2023-11-19 15:36:22,901 - DEV || epcloss: 0.0475
2023-11-19 15:36:22,902 -     || KL: 0.7106
2023-11-19 15:36:22,902 -     || token_match: 0.983, exact_match: 0.810
2023-11-19 15:36:22,903 - 
2023-11-19 15:36:22,904 - #epc: 84
2023-11-19 15:36:22,959 - epc:84, epc_KL:  1.000000
2023-11-19 15:36:46,846 - exact_match_tst_copy_acc: 0.810
2023-11-19 15:36:47,075 - TRN || epcloss: 0.0582
2023-11-19 15:36:47,076 -     || KL: 0.2800
2023-11-19 15:36:47,077 -     || token_match: 0.981, exact_match: 0.784
2023-11-19 15:36:47,078 - DEV || epcloss: 0.0555
2023-11-19 15:36:47,078 -     || KL: 0.7224
2023-11-19 15:36:47,079 -     || token_match: 0.980, exact_match: 0.770
2023-11-19 15:36:47,080 - 
2023-11-19 15:36:47,081 - #epc: 85
2023-11-19 15:36:47,119 - epc:85, epc_KL:  1.000000
2023-11-19 15:37:10,684 - exact_match_tst_copy_acc: 0.794
2023-11-19 15:37:10,896 - TRN || epcloss: 0.0587
2023-11-19 15:37:10,897 -     || KL: 0.2813
2023-11-19 15:37:10,898 -     || token_match: 0.981, exact_match: 0.784
2023-11-19 15:37:10,898 - DEV || epcloss: 0.0548
2023-11-19 15:37:10,899 -     || KL: 0.7233
2023-11-19 15:37:10,900 -     || token_match: 0.981, exact_match: 0.773
2023-11-19 15:37:10,901 - 
2023-11-19 15:37:10,901 - #epc: 86
2023-11-19 15:37:10,938 - epc:86, epc_KL:  1.000000
2023-11-19 15:37:34,829 - exact_match_tst_copy_acc: 0.804
2023-11-19 15:37:35,068 - TRN || epcloss: 0.0581
2023-11-19 15:37:35,068 -     || KL: 0.2808
2023-11-19 15:37:35,069 -     || token_match: 0.981, exact_match: 0.785
2023-11-19 15:37:35,070 - DEV || epcloss: 0.0520
2023-11-19 15:37:35,070 -     || KL: 0.7213
2023-11-19 15:37:35,071 -     || token_match: 0.983, exact_match: 0.792
2023-11-19 15:37:35,072 - 
2023-11-19 15:37:35,073 - #epc: 87
2023-11-19 15:37:35,113 - epc:87, epc_KL:  1.000000
2023-11-19 15:37:58,487 - exact_match_tst_copy_acc: 0.772
2023-11-19 15:37:58,717 - TRN || epcloss: 0.0584
2023-11-19 15:37:58,718 -     || KL: 0.2810
2023-11-19 15:37:58,719 -     || token_match: 0.981, exact_match: 0.783
2023-11-19 15:37:58,719 - DEV || epcloss: 0.0536
2023-11-19 15:37:58,720 -     || KL: 0.7133
2023-11-19 15:37:58,720 -     || token_match: 0.982, exact_match: 0.792
2023-11-19 15:37:58,722 - 
2023-11-19 15:37:58,722 - #epc: 88
2023-11-19 15:37:58,762 - epc:88, epc_KL:  1.000000
2023-11-19 15:38:22,206 - exact_match_tst_copy_acc: 0.772
2023-11-19 15:38:22,432 - TRN || epcloss: 0.0577
2023-11-19 15:38:22,433 -     || KL: 0.2803
2023-11-19 15:38:22,434 -     || token_match: 0.981, exact_match: 0.785
2023-11-19 15:38:22,434 - DEV || epcloss: 0.0486
2023-11-19 15:38:22,435 -     || KL: 0.7158
2023-11-19 15:38:22,436 -     || token_match: 0.982, exact_match: 0.794
2023-11-19 15:38:22,437 - 
2023-11-19 15:38:22,438 - #epc: 89
2023-11-19 15:38:22,500 - epc:89, epc_KL:  1.000000
2023-11-19 15:38:46,131 - exact_match_tst_copy_acc: 0.792
2023-11-19 15:38:46,365 - TRN || epcloss: 0.0577
2023-11-19 15:38:46,366 -     || KL: 0.2802
2023-11-19 15:38:46,367 -     || token_match: 0.981, exact_match: 0.787
2023-11-19 15:38:46,368 - DEV || epcloss: 0.0528
2023-11-19 15:38:46,368 -     || KL: 0.7293
2023-11-19 15:38:46,369 -     || token_match: 0.984, exact_match: 0.810
2023-11-19 15:38:46,370 - 
2023-11-19 15:38:46,371 - #epc: 90
2023-11-19 15:38:46,410 - epc:90, epc_KL:  1.000000
2023-11-19 15:39:09,998 - exact_match_tst_copy_acc: 0.808
2023-11-19 15:39:10,235 - TRN || epcloss: 0.0574
2023-11-19 15:39:10,236 -     || KL: 0.2807
2023-11-19 15:39:10,236 -     || token_match: 0.981, exact_match: 0.788
2023-11-19 15:39:10,237 - DEV || epcloss: 0.0535
2023-11-19 15:39:10,237 -     || KL: 0.7190
2023-11-19 15:39:10,238 -     || token_match: 0.981, exact_match: 0.790
2023-11-19 15:39:10,239 - 
2023-11-19 15:39:10,240 - #epc: 91
2023-11-19 15:39:10,279 - epc:91, epc_KL:  1.000000
2023-11-19 15:39:33,911 - exact_match_tst_copy_acc: 0.828
2023-11-19 15:39:34,160 - TRN || epcloss: 0.0585
2023-11-19 15:39:34,161 -     || KL: 0.2802
2023-11-19 15:39:34,162 -     || token_match: 0.981, exact_match: 0.787
2023-11-19 15:39:34,163 - DEV || epcloss: 0.0562
2023-11-19 15:39:34,164 -     || KL: 0.7220
2023-11-19 15:39:34,164 -     || token_match: 0.982, exact_match: 0.794
2023-11-19 15:39:34,166 - 
2023-11-19 15:39:34,166 - #epc: 92
2023-11-19 15:39:34,211 - epc:92, epc_KL:  1.000000
2023-11-19 15:39:58,005 - exact_match_tst_copy_acc: 0.770
2023-11-19 15:39:58,291 - TRN || epcloss: 0.0572
2023-11-19 15:39:58,292 -     || KL: 0.2793
2023-11-19 15:39:58,293 -     || token_match: 0.981, exact_match: 0.787
2023-11-19 15:39:58,294 - DEV || epcloss: 0.0504
2023-11-19 15:39:58,294 -     || KL: 0.7204
2023-11-19 15:39:58,295 -     || token_match: 0.983, exact_match: 0.797
2023-11-19 15:39:58,296 - 
2023-11-19 15:39:58,297 - #epc: 93
2023-11-19 15:39:58,340 - epc:93, epc_KL:  1.000000
2023-11-19 15:40:21,875 - exact_match_tst_copy_acc: 0.806
2023-11-19 15:40:22,111 - TRN || epcloss: 0.0573
2023-11-19 15:40:22,112 -     || KL: 0.2799
2023-11-19 15:40:22,112 -     || token_match: 0.981, exact_match: 0.787
2023-11-19 15:40:22,113 - DEV || epcloss: 0.0549
2023-11-19 15:40:22,113 -     || KL: 0.7349
2023-11-19 15:40:22,114 -     || token_match: 0.981, exact_match: 0.790
2023-11-19 15:40:22,116 - 
2023-11-19 15:40:22,116 - #epc: 94
2023-11-19 15:40:22,183 - epc:94, epc_KL:  1.000000
2023-11-19 15:40:46,401 - exact_match_tst_copy_acc: 0.758
2023-11-19 15:40:46,635 - TRN || epcloss: 0.0576
2023-11-19 15:40:46,636 -     || KL: 0.2802
2023-11-19 15:40:46,636 -     || token_match: 0.981, exact_match: 0.786
2023-11-19 15:40:46,637 - DEV || epcloss: 0.0693
2023-11-19 15:40:46,638 -     || KL: 0.6889
2023-11-19 15:40:46,638 -     || token_match: 0.977, exact_match: 0.742
2023-11-19 15:40:46,640 - 
2023-11-19 15:40:46,640 - #epc: 95
2023-11-19 15:40:46,680 - epc:95, epc_KL:  1.000000
2023-11-19 15:41:10,726 - exact_match_tst_copy_acc: 0.677
2023-11-19 15:41:11,050 - TRN || epcloss: 0.0572
2023-11-19 15:41:11,050 -     || KL: 0.2796
2023-11-19 15:41:11,051 -     || token_match: 0.981, exact_match: 0.787
2023-11-19 15:41:11,052 - DEV || epcloss: 0.0803
2023-11-19 15:41:11,052 -     || KL: 0.6784
2023-11-19 15:41:11,053 -     || token_match: 0.974, exact_match: 0.719
2023-11-19 15:41:11,055 - 
2023-11-19 15:41:11,055 - #epc: 96
2023-11-19 15:41:11,098 - epc:96, epc_KL:  1.000000
2023-11-19 15:41:34,678 - exact_match_tst_copy_acc: 0.808
2023-11-19 15:41:34,899 - TRN || epcloss: 0.0572
2023-11-19 15:41:34,900 -     || KL: 0.2804
2023-11-19 15:41:34,900 -     || token_match: 0.981, exact_match: 0.787
2023-11-19 15:41:34,901 - DEV || epcloss: 0.0519
2023-11-19 15:41:34,902 -     || KL: 0.7242
2023-11-19 15:41:34,902 -     || token_match: 0.982, exact_match: 0.794
2023-11-19 15:41:34,904 - 
2023-11-19 15:41:34,904 - #epc: 97
2023-11-19 15:41:34,952 - epc:97, epc_KL:  1.000000
2023-11-19 15:41:58,629 - exact_match_tst_copy_acc: 0.800
2023-11-19 15:41:58,858 - TRN || epcloss: 0.0575
2023-11-19 15:41:58,859 -     || KL: 0.2796
2023-11-19 15:41:58,859 -     || token_match: 0.981, exact_match: 0.787
2023-11-19 15:41:58,860 - DEV || epcloss: 0.0466
2023-11-19 15:41:58,861 -     || KL: 0.7275
2023-11-19 15:41:58,861 -     || token_match: 0.985, exact_match: 0.827
2023-11-19 15:41:58,863 - 
2023-11-19 15:41:58,863 - #epc: 98
2023-11-19 15:41:58,905 - epc:98, epc_KL:  1.000000
2023-11-19 15:42:22,234 - exact_match_tst_copy_acc: 0.778
2023-11-19 15:42:22,466 - TRN || epcloss: 0.0571
2023-11-19 15:42:22,467 -     || KL: 0.2797
2023-11-19 15:42:22,467 -     || token_match: 0.981, exact_match: 0.789
2023-11-19 15:42:22,468 - DEV || epcloss: 0.0500
2023-11-19 15:42:22,469 -     || KL: 0.7219
2023-11-19 15:42:22,469 -     || token_match: 0.985, exact_match: 0.829
2023-11-19 15:42:22,471 - 
2023-11-19 15:42:22,471 - #epc: 99
2023-11-19 15:42:22,544 - epc:99, epc_KL:  1.000000
2023-11-19 15:42:46,014 - exact_match_tst_copy_acc: 0.766
2023-11-19 15:42:46,231 - TRN || epcloss: 0.0577
2023-11-19 15:42:46,232 -     || KL: 0.2796
2023-11-19 15:42:46,233 -     || token_match: 0.981, exact_match: 0.786
2023-11-19 15:42:46,233 - DEV || epcloss: 0.0553
2023-11-19 15:42:46,234 -     || KL: 0.7096
2023-11-19 15:42:46,235 -     || token_match: 0.981, exact_match: 0.794
2023-11-19 15:42:46,236 - 
2023-11-19 15:42:46,236 - #epc: 100
2023-11-19 15:42:46,276 - epc:100, epc_KL:  1.000000
2023-11-19 15:43:09,716 - exact_match_tst_copy_acc: 0.808
2023-11-19 15:43:09,942 - TRN || epcloss: 0.0570
2023-11-19 15:43:09,943 -     || KL: 0.2794
2023-11-19 15:43:09,943 -     || token_match: 0.981, exact_match: 0.789
2023-11-19 15:43:09,944 - DEV || epcloss: 0.0496
2023-11-19 15:43:09,945 -     || KL: 0.7256
2023-11-19 15:43:09,945 -     || token_match: 0.984, exact_match: 0.820
2023-11-19 15:43:09,946 - 
2023-11-19 15:43:09,947 - #epc: 101
2023-11-19 15:43:09,987 - epc:101, epc_KL:  1.000000
2023-11-19 15:43:33,524 - exact_match_tst_copy_acc: 0.796
2023-11-19 15:43:33,764 - TRN || epcloss: 0.0573
2023-11-19 15:43:33,764 -     || KL: 0.2797
2023-11-19 15:43:33,765 -     || token_match: 0.981, exact_match: 0.788
2023-11-19 15:43:33,766 - DEV || epcloss: 0.0392
2023-11-19 15:43:33,766 -     || KL: 0.7217
2023-11-19 15:43:33,767 -     || token_match: 0.985, exact_match: 0.820
2023-11-19 15:43:33,768 - 
2023-11-19 15:43:33,769 - #epc: 102
2023-11-19 15:43:33,823 - epc:102, epc_KL:  1.000000
2023-11-19 15:43:57,696 - exact_match_tst_copy_acc: 0.749
2023-11-19 15:43:57,927 - TRN || epcloss: 0.0572
2023-11-19 15:43:57,927 -     || KL: 0.2796
2023-11-19 15:43:57,928 -     || token_match: 0.981, exact_match: 0.787
2023-11-19 15:43:57,929 - DEV || epcloss: 0.0644
2023-11-19 15:43:57,929 -     || KL: 0.7107
2023-11-19 15:43:57,930 -     || token_match: 0.979, exact_match: 0.770
2023-11-19 15:43:57,931 - 
2023-11-19 15:43:57,932 - #epc: 103
2023-11-19 15:43:57,972 - epc:103, epc_KL:  1.000000
2023-11-19 15:44:22,436 - exact_match_tst_copy_acc: 0.802
2023-11-19 15:44:22,723 - TRN || epcloss: 0.0569
2023-11-19 15:44:22,724 -     || KL: 0.2802
2023-11-19 15:44:22,724 -     || token_match: 0.981, exact_match: 0.788
2023-11-19 15:44:22,725 - DEV || epcloss: 0.0490
2023-11-19 15:44:22,725 -     || KL: 0.7257
2023-11-19 15:44:22,726 -     || token_match: 0.983, exact_match: 0.807
2023-11-19 15:44:22,727 - 
2023-11-19 15:44:22,728 - #epc: 104
2023-11-19 15:44:22,803 - epc:104, epc_KL:  1.000000
2023-11-19 15:44:46,320 - exact_match_tst_copy_acc: 0.798
2023-11-19 15:44:46,551 - TRN || epcloss: 0.0570
2023-11-19 15:44:46,552 -     || KL: 0.2793
2023-11-19 15:44:46,553 -     || token_match: 0.981, exact_match: 0.788
2023-11-19 15:44:46,554 - DEV || epcloss: 0.0527
2023-11-19 15:44:46,554 -     || KL: 0.7191
2023-11-19 15:44:46,555 -     || token_match: 0.983, exact_match: 0.796
2023-11-19 15:44:46,556 - 
2023-11-19 15:44:46,557 - #epc: 105
2023-11-19 15:44:46,597 - epc:105, epc_KL:  1.000000
2023-11-19 15:45:10,431 - exact_match_tst_copy_acc: 0.796
2023-11-19 15:45:10,709 - TRN || epcloss: 0.0567
2023-11-19 15:45:10,710 -     || KL: 0.2791
2023-11-19 15:45:10,711 -     || token_match: 0.981, exact_match: 0.790
2023-11-19 15:45:10,711 - DEV || epcloss: 0.0514
2023-11-19 15:45:10,712 -     || KL: 0.7167
2023-11-19 15:45:10,713 -     || token_match: 0.982, exact_match: 0.784
2023-11-19 15:45:10,714 - 
2023-11-19 15:45:10,715 - #epc: 106
2023-11-19 15:45:10,755 - epc:106, epc_KL:  1.000000
2023-11-19 15:45:34,314 - exact_match_tst_copy_acc: 0.822
2023-11-19 15:45:34,592 - TRN || epcloss: 0.0574
2023-11-19 15:45:34,593 -     || KL: 0.2793
2023-11-19 15:45:34,594 -     || token_match: 0.981, exact_match: 0.789
2023-11-19 15:45:34,594 - DEV || epcloss: 0.0485
2023-11-19 15:45:34,595 -     || KL: 0.7314
2023-11-19 15:45:34,596 -     || token_match: 0.986, exact_match: 0.833
2023-11-19 15:45:34,597 - 
2023-11-19 15:45:34,598 - #epc: 107
2023-11-19 15:45:34,655 - epc:107, epc_KL:  1.000000
2023-11-19 15:45:58,256 - exact_match_tst_copy_acc: 0.820
2023-11-19 15:45:58,482 - TRN || epcloss: 0.0571
2023-11-19 15:45:58,483 -     || KL: 0.2793
2023-11-19 15:45:58,484 -     || token_match: 0.981, exact_match: 0.788
2023-11-19 15:45:58,484 - DEV || epcloss: 0.0531
2023-11-19 15:45:58,485 -     || KL: 0.7138
2023-11-19 15:45:58,486 -     || token_match: 0.982, exact_match: 0.792
2023-11-19 15:45:58,487 - 
2023-11-19 15:45:58,488 - #epc: 108
2023-11-19 15:45:58,529 - epc:108, epc_KL:  1.000000
2023-11-19 15:46:22,144 - exact_match_tst_copy_acc: 0.792
2023-11-19 15:46:22,372 - TRN || epcloss: 0.0568
2023-11-19 15:46:22,372 -     || KL: 0.2788
2023-11-19 15:46:22,373 -     || token_match: 0.981, exact_match: 0.790
2023-11-19 15:46:22,374 - DEV || epcloss: 0.0541
2023-11-19 15:46:22,374 -     || KL: 0.7080
2023-11-19 15:46:22,375 -     || token_match: 0.981, exact_match: 0.792
2023-11-19 15:46:22,376 - 
2023-11-19 15:46:22,377 - #epc: 109
2023-11-19 15:46:22,417 - epc:109, epc_KL:  1.000000
2023-11-19 15:46:46,179 - exact_match_tst_copy_acc: 0.768
2023-11-19 15:46:46,418 - TRN || epcloss: 0.0574
2023-11-19 15:46:46,419 -     || KL: 0.2795
2023-11-19 15:46:46,420 -     || token_match: 0.981, exact_match: 0.789
2023-11-19 15:46:46,421 - DEV || epcloss: 0.0632
2023-11-19 15:46:46,422 -     || KL: 0.7130
2023-11-19 15:46:46,422 -     || token_match: 0.981, exact_match: 0.792
2023-11-19 15:46:46,423 - 
2023-11-19 15:46:46,424 - #epc: 110
2023-11-19 15:46:46,465 - epc:110, epc_KL:  1.000000
2023-11-19 15:47:10,003 - exact_match_tst_copy_acc: 0.776
2023-11-19 15:47:10,224 - TRN || epcloss: 0.0568
2023-11-19 15:47:10,224 -     || KL: 0.2791
2023-11-19 15:47:10,225 -     || token_match: 0.981, exact_match: 0.788
2023-11-19 15:47:10,226 - DEV || epcloss: 0.0496
2023-11-19 15:47:10,227 -     || KL: 0.7112
2023-11-19 15:47:10,227 -     || token_match: 0.982, exact_match: 0.805
2023-11-19 15:47:10,229 - 
2023-11-19 15:47:10,229 - #epc: 111
2023-11-19 15:47:10,270 - epc:111, epc_KL:  1.000000
2023-11-19 15:47:33,837 - exact_match_tst_copy_acc: 0.796
2023-11-19 15:47:34,080 - TRN || epcloss: 0.0575
2023-11-19 15:47:34,081 -     || KL: 0.2787
2023-11-19 15:47:34,082 -     || token_match: 0.981, exact_match: 0.788
2023-11-19 15:47:34,083 - DEV || epcloss: 0.0487
2023-11-19 15:47:34,083 -     || KL: 0.7358
2023-11-19 15:47:34,084 -     || token_match: 0.985, exact_match: 0.823
2023-11-19 15:47:34,085 - 
2023-11-19 15:47:34,086 - #epc: 112
2023-11-19 15:47:34,149 - epc:112, epc_KL:  1.000000
2023-11-19 15:47:57,636 - exact_match_tst_copy_acc: 0.794
2023-11-19 15:47:57,864 - TRN || epcloss: 0.0566
2023-11-19 15:47:57,865 -     || KL: 0.2805
2023-11-19 15:47:57,865 -     || token_match: 0.981, exact_match: 0.791
2023-11-19 15:47:57,866 - DEV || epcloss: 0.0575
2023-11-19 15:47:57,867 -     || KL: 0.7188
2023-11-19 15:47:57,867 -     || token_match: 0.981, exact_match: 0.777
2023-11-19 15:47:57,868 - 
2023-11-19 15:47:57,869 - #epc: 113
2023-11-19 15:47:57,910 - epc:113, epc_KL:  1.000000
2023-11-19 15:48:21,827 - exact_match_tst_copy_acc: 0.750
2023-11-19 15:48:22,062 - TRN || epcloss: 0.0575
2023-11-19 15:48:22,063 -     || KL: 0.2782
2023-11-19 15:48:22,064 -     || token_match: 0.981, exact_match: 0.788
2023-11-19 15:48:22,064 - DEV || epcloss: 0.0677
2023-11-19 15:48:22,065 -     || KL: 0.7018
2023-11-19 15:48:22,066 -     || token_match: 0.980, exact_match: 0.773
2023-11-19 15:48:22,067 - 
2023-11-19 15:48:22,067 - #epc: 114
2023-11-19 15:48:22,108 - epc:114, epc_KL:  1.000000
2023-11-19 15:48:45,869 - exact_match_tst_copy_acc: 0.788
2023-11-19 15:48:46,102 - TRN || epcloss: 0.0574
2023-11-19 15:48:46,103 -     || KL: 0.2789
2023-11-19 15:48:46,104 -     || token_match: 0.981, exact_match: 0.788
2023-11-19 15:48:46,105 - DEV || epcloss: 0.0543
2023-11-19 15:48:46,105 -     || KL: 0.7125
2023-11-19 15:48:46,106 -     || token_match: 0.982, exact_match: 0.792
2023-11-19 15:48:46,107 - 
2023-11-19 15:48:46,108 - #epc: 115
2023-11-19 15:48:46,152 - epc:115, epc_KL:  1.000000
2023-11-19 15:49:09,693 - exact_match_tst_copy_acc: 0.814
2023-11-19 15:49:09,928 - TRN || epcloss: 0.0567
2023-11-19 15:49:09,929 -     || KL: 0.2789
2023-11-19 15:49:09,930 -     || token_match: 0.981, exact_match: 0.789
2023-11-19 15:49:09,930 - DEV || epcloss: 0.0496
2023-11-19 15:49:09,931 -     || KL: 0.7270
2023-11-19 15:49:09,932 -     || token_match: 0.982, exact_match: 0.792
2023-11-19 15:49:09,933 - 
2023-11-19 15:49:09,934 - #epc: 116
2023-11-19 15:49:09,975 - epc:116, epc_KL:  1.000000
2023-11-19 15:49:33,556 - exact_match_tst_copy_acc: 0.806
2023-11-19 15:49:33,801 - TRN || epcloss: 0.0566
2023-11-19 15:49:33,802 -     || KL: 0.2787
2023-11-19 15:49:33,803 -     || token_match: 0.981, exact_match: 0.790
2023-11-19 15:49:33,804 - DEV || epcloss: 0.0461
2023-11-19 15:49:33,804 -     || KL: 0.7238
2023-11-19 15:49:33,805 -     || token_match: 0.984, exact_match: 0.814
2023-11-19 15:49:33,806 - 
2023-11-19 15:49:33,807 - #epc: 117
2023-11-19 15:49:33,849 - epc:117, epc_KL:  1.000000
2023-11-19 15:49:57,638 - exact_match_tst_copy_acc: 0.842
2023-11-19 15:49:57,860 - TRN || epcloss: 0.0572
2023-11-19 15:49:57,861 -     || KL: 0.2789
2023-11-19 15:49:57,861 -     || token_match: 0.981, exact_match: 0.789
2023-11-19 15:49:57,862 - DEV || epcloss: 0.0528
2023-11-19 15:49:57,863 -     || KL: 0.7292
2023-11-19 15:49:57,863 -     || token_match: 0.984, exact_match: 0.822
2023-11-19 15:49:57,864 - 
2023-11-19 15:49:57,865 - #epc: 118
2023-11-19 15:49:57,907 - epc:118, epc_KL:  1.000000
2023-11-19 15:50:21,274 - exact_match_tst_copy_acc: 0.782
2023-11-19 15:50:21,515 - TRN || epcloss: 0.0569
2023-11-19 15:50:21,516 -     || KL: 0.2790
2023-11-19 15:50:21,516 -     || token_match: 0.981, exact_match: 0.789
2023-11-19 15:50:21,517 - DEV || epcloss: 0.0542
2023-11-19 15:50:21,518 -     || KL: 0.7270
2023-11-19 15:50:21,518 -     || token_match: 0.980, exact_match: 0.783
2023-11-19 15:50:21,519 - 
2023-11-19 15:50:21,520 - #epc: 119
2023-11-19 15:50:21,562 - epc:119, epc_KL:  1.000000
2023-11-19 15:50:45,700 - exact_match_tst_copy_acc: 0.812
2023-11-19 15:50:45,921 - TRN || epcloss: 0.0575
2023-11-19 15:50:45,922 -     || KL: 0.2793
2023-11-19 15:50:45,923 -     || token_match: 0.981, exact_match: 0.788
2023-11-19 15:50:45,923 - DEV || epcloss: 0.0451
2023-11-19 15:50:45,924 -     || KL: 0.7257
2023-11-19 15:50:45,924 -     || token_match: 0.984, exact_match: 0.797
2023-11-19 15:50:45,926 - 
2023-11-19 15:50:45,926 - #epc: 120
2023-11-19 15:50:46,002 - epc:120, epc_KL:  1.000000
2023-11-19 15:51:09,938 - exact_match_tst_copy_acc: 0.812
2023-11-19 15:51:10,261 - TRN || epcloss: 0.0570
2023-11-19 15:51:10,262 -     || KL: 0.2786
2023-11-19 15:51:10,263 -     || token_match: 0.981, exact_match: 0.789
2023-11-19 15:51:10,263 - DEV || epcloss: 0.0548
2023-11-19 15:51:10,264 -     || KL: 0.7151
2023-11-19 15:51:10,265 -     || token_match: 0.983, exact_match: 0.805
2023-11-19 15:51:10,266 - 
2023-11-19 15:51:10,267 - #epc: 121
2023-11-19 15:51:10,313 - epc:121, epc_KL:  1.000000
2023-11-19 15:51:33,718 - exact_match_tst_copy_acc: 0.858
2023-11-19 15:51:33,951 - TRN || epcloss: 0.0562
2023-11-19 15:51:33,952 -     || KL: 0.2797
2023-11-19 15:51:33,952 -     || token_match: 0.982, exact_match: 0.792
2023-11-19 15:51:33,953 - DEV || epcloss: 0.0434
2023-11-19 15:51:33,954 -     || KL: 0.7320
2023-11-19 15:51:33,955 -     || token_match: 0.986, exact_match: 0.835
2023-11-19 15:51:33,956 - 
2023-11-19 15:51:33,956 - #epc: 122
2023-11-19 15:51:33,998 - epc:122, epc_KL:  1.000000
2023-11-19 15:51:57,631 - exact_match_tst_copy_acc: 0.790
2023-11-19 15:51:57,858 - TRN || epcloss: 0.0562
2023-11-19 15:51:57,859 -     || KL: 0.2782
2023-11-19 15:51:57,860 -     || token_match: 0.981, exact_match: 0.791
2023-11-19 15:51:57,860 - DEV || epcloss: 0.0467
2023-11-19 15:51:57,861 -     || KL: 0.7308
2023-11-19 15:51:57,862 -     || token_match: 0.983, exact_match: 0.805
2023-11-19 15:51:57,863 - 
2023-11-19 15:51:57,864 - #epc: 123
2023-11-19 15:51:57,933 - epc:123, epc_KL:  1.000000
2023-11-19 15:52:21,503 - exact_match_tst_copy_acc: 0.802
2023-11-19 15:52:21,753 - TRN || epcloss: 0.0568
2023-11-19 15:52:21,754 -     || KL: 0.2791
2023-11-19 15:52:21,754 -     || token_match: 0.981, exact_match: 0.790
2023-11-19 15:52:21,755 - DEV || epcloss: 0.0523
2023-11-19 15:52:21,756 -     || KL: 0.7190
2023-11-19 15:52:21,756 -     || token_match: 0.983, exact_match: 0.805
2023-11-19 15:52:21,757 - 
2023-11-19 15:52:21,758 - #epc: 124
2023-11-19 15:52:21,800 - epc:124, epc_KL:  1.000000
2023-11-19 15:52:45,628 - exact_match_tst_copy_acc: 0.820
2023-11-19 15:52:45,927 - TRN || epcloss: 0.0571
2023-11-19 15:52:45,928 -     || KL: 0.2784
2023-11-19 15:52:45,929 -     || token_match: 0.981, exact_match: 0.789
2023-11-19 15:52:45,929 - DEV || epcloss: 0.0466
2023-11-19 15:52:45,930 -     || KL: 0.7201
2023-11-19 15:52:45,931 -     || token_match: 0.985, exact_match: 0.816
2023-11-19 15:52:45,932 - 
2023-11-19 15:52:45,933 - #epc: 125
2023-11-19 15:52:45,979 - epc:125, epc_KL:  1.000000
2023-11-19 15:53:09,326 - exact_match_tst_copy_acc: 0.818
2023-11-19 15:53:09,619 - TRN || epcloss: 0.0568
2023-11-19 15:53:09,620 -     || KL: 0.2791
2023-11-19 15:53:09,621 -     || token_match: 0.981, exact_match: 0.791
2023-11-19 15:53:09,622 - DEV || epcloss: 0.0371
2023-11-19 15:53:09,622 -     || KL: 0.7299
2023-11-19 15:53:09,623 -     || token_match: 0.987, exact_match: 0.842
2023-11-19 15:53:09,625 - 
2023-11-19 15:53:09,625 - #epc: 126
2023-11-19 15:53:09,704 - epc:126, epc_KL:  1.000000
2023-11-19 15:53:33,216 - exact_match_tst_copy_acc: 0.814
2023-11-19 15:53:33,432 - TRN || epcloss: 0.0573
2023-11-19 15:53:33,433 -     || KL: 0.2788
2023-11-19 15:53:33,434 -     || token_match: 0.981, exact_match: 0.789
2023-11-19 15:53:33,434 - DEV || epcloss: 0.0508
2023-11-19 15:53:33,435 -     || KL: 0.7185
2023-11-19 15:53:33,436 -     || token_match: 0.984, exact_match: 0.803
2023-11-19 15:53:33,437 - 
2023-11-19 15:53:33,437 - #epc: 127
2023-11-19 15:53:33,479 - epc:127, epc_KL:  1.000000
2023-11-19 15:53:56,898 - exact_match_tst_copy_acc: 0.804
2023-11-19 15:53:57,131 - TRN || epcloss: 0.0573
2023-11-19 15:53:57,132 -     || KL: 0.2796
2023-11-19 15:53:57,133 -     || token_match: 0.981, exact_match: 0.787
2023-11-19 15:53:57,134 - DEV || epcloss: 0.0492
2023-11-19 15:53:57,134 -     || KL: 0.7221
2023-11-19 15:53:57,135 -     || token_match: 0.984, exact_match: 0.816
2023-11-19 15:53:57,136 - 
2023-11-19 15:53:57,137 - #epc: 128
2023-11-19 15:53:57,178 - epc:128, epc_KL:  1.000000
2023-11-19 15:54:21,407 - exact_match_tst_copy_acc: 0.790
2023-11-19 15:54:21,718 - TRN || epcloss: 0.0567
2023-11-19 15:54:21,719 -     || KL: 0.2782
2023-11-19 15:54:21,720 -     || token_match: 0.981, exact_match: 0.789
2023-11-19 15:54:21,720 - DEV || epcloss: 0.0640
2023-11-19 15:54:21,721 -     || KL: 0.7155
2023-11-19 15:54:21,722 -     || token_match: 0.979, exact_match: 0.755
2023-11-19 15:54:21,723 - 
2023-11-19 15:54:21,724 - #epc: 129
2023-11-19 15:54:21,797 - epc:129, epc_KL:  1.000000
2023-11-19 15:54:45,195 - exact_match_tst_copy_acc: 0.824
2023-11-19 15:54:45,412 - TRN || epcloss: 0.0570
2023-11-19 15:54:45,413 -     || KL: 0.2791
2023-11-19 15:54:45,414 -     || token_match: 0.981, exact_match: 0.789
2023-11-19 15:54:45,414 - DEV || epcloss: 0.0512
2023-11-19 15:54:45,415 -     || KL: 0.7203
2023-11-19 15:54:45,416 -     || token_match: 0.982, exact_match: 0.783
2023-11-19 15:54:45,417 - 
2023-11-19 15:54:45,418 - #epc: 130
2023-11-19 15:54:45,459 - epc:130, epc_KL:  1.000000
2023-11-19 15:55:08,795 - exact_match_tst_copy_acc: 0.782
2023-11-19 15:55:09,030 - TRN || epcloss: 0.0584
2023-11-19 15:55:09,031 -     || KL: 0.2789
2023-11-19 15:55:09,031 -     || token_match: 0.981, exact_match: 0.786
2023-11-19 15:55:09,032 - DEV || epcloss: 0.0478
2023-11-19 15:55:09,033 -     || KL: 0.7258
2023-11-19 15:55:09,033 -     || token_match: 0.985, exact_match: 0.814
2023-11-19 15:55:09,035 - 
2023-11-19 15:55:09,035 - #epc: 131
2023-11-19 15:55:09,077 - epc:131, epc_KL:  1.000000
2023-11-19 15:55:32,545 - exact_match_tst_copy_acc: 0.816
2023-11-19 15:55:32,786 - TRN || epcloss: 0.0566
2023-11-19 15:55:32,787 -     || KL: 0.2779
2023-11-19 15:55:32,787 -     || token_match: 0.981, exact_match: 0.791
2023-11-19 15:55:32,788 - DEV || epcloss: 0.0474
2023-11-19 15:55:32,789 -     || KL: 0.7216
2023-11-19 15:55:32,789 -     || token_match: 0.984, exact_match: 0.818
2023-11-19 15:55:32,790 - 
2023-11-19 15:55:32,791 - #epc: 132
2023-11-19 15:55:32,846 - epc:132, epc_KL:  1.000000
2023-11-19 15:55:56,220 - exact_match_tst_copy_acc: 0.735
2023-11-19 15:55:56,448 - TRN || epcloss: 0.0578
2023-11-19 15:55:56,449 -     || KL: 0.2785
2023-11-19 15:55:56,449 -     || token_match: 0.981, exact_match: 0.788
2023-11-19 15:55:56,450 - DEV || epcloss: 0.0622
2023-11-19 15:55:56,451 -     || KL: 0.6961
2023-11-19 15:55:56,451 -     || token_match: 0.979, exact_match: 0.757
2023-11-19 15:55:56,453 - 
2023-11-19 15:55:56,453 - #epc: 133
2023-11-19 15:55:56,495 - epc:133, epc_KL:  1.000000
2023-11-19 15:56:20,053 - exact_match_tst_copy_acc: 0.792
2023-11-19 15:56:20,270 - TRN || epcloss: 0.0576
2023-11-19 15:56:20,271 -     || KL: 0.2796
2023-11-19 15:56:20,272 -     || token_match: 0.981, exact_match: 0.788
2023-11-19 15:56:20,272 - DEV || epcloss: 0.0614
2023-11-19 15:56:20,273 -     || KL: 0.7096
2023-11-19 15:56:20,274 -     || token_match: 0.980, exact_match: 0.773
2023-11-19 15:56:20,275 - 
2023-11-19 15:56:20,276 - #epc: 134
2023-11-19 15:56:20,318 - epc:134, epc_KL:  1.000000
2023-11-19 15:56:43,911 - exact_match_tst_copy_acc: 0.810
2023-11-19 15:56:44,132 - TRN || epcloss: 0.0577
2023-11-19 15:56:44,132 -     || KL: 0.2795
2023-11-19 15:56:44,133 -     || token_match: 0.981, exact_match: 0.787
2023-11-19 15:56:44,134 - DEV || epcloss: 0.0543
2023-11-19 15:56:44,134 -     || KL: 0.7224
2023-11-19 15:56:44,135 -     || token_match: 0.982, exact_match: 0.807
2023-11-19 15:56:44,136 - 
2023-11-19 15:56:44,137 - #epc: 135
2023-11-19 15:56:44,188 - epc:135, epc_KL:  1.000000
2023-11-19 15:57:07,603 - exact_match_tst_copy_acc: 0.559
2023-11-19 15:57:07,837 - TRN || epcloss: 0.0582
2023-11-19 15:57:07,838 -     || KL: 0.2796
2023-11-19 15:57:07,838 -     || token_match: 0.981, exact_match: 0.787
2023-11-19 15:57:07,839 - DEV || epcloss: 0.1350
2023-11-19 15:57:07,840 -     || KL: 0.7358
2023-11-19 15:57:07,840 -     || token_match: 0.955, exact_match: 0.552
2023-11-19 15:57:07,842 - 
2023-11-19 15:57:07,843 - #epc: 136
2023-11-19 15:57:07,885 - epc:136, epc_KL:  1.000000
2023-11-19 15:57:31,245 - exact_match_tst_copy_acc: 0.800
2023-11-19 15:57:31,458 - TRN || epcloss: 0.0583
2023-11-19 15:57:31,459 -     || KL: 0.2803
2023-11-19 15:57:31,460 -     || token_match: 0.981, exact_match: 0.786
2023-11-19 15:57:31,460 - DEV || epcloss: 0.0566
2023-11-19 15:57:31,461 -     || KL: 0.7231
2023-11-19 15:57:31,461 -     || token_match: 0.982, exact_match: 0.794
2023-11-19 15:57:31,463 - 
2023-11-19 15:57:31,463 - #epc: 137
2023-11-19 15:57:31,505 - epc:137, epc_KL:  1.000000
2023-11-19 15:57:55,178 - exact_match_tst_copy_acc: 0.786
2023-11-19 15:57:55,487 - TRN || epcloss: 0.0582
2023-11-19 15:57:55,488 -     || KL: 0.2797
2023-11-19 15:57:55,489 -     || token_match: 0.981, exact_match: 0.787
2023-11-19 15:57:55,490 - DEV || epcloss: 0.0563
2023-11-19 15:57:55,490 -     || KL: 0.7172
2023-11-19 15:57:55,491 -     || token_match: 0.981, exact_match: 0.786
2023-11-19 15:57:55,492 - 
2023-11-19 15:57:55,493 - #epc: 138
2023-11-19 15:57:55,545 - epc:138, epc_KL:  1.000000
2023-11-19 15:58:18,954 - exact_match_tst_copy_acc: 0.784
2023-11-19 15:58:19,188 - TRN || epcloss: 0.0575
2023-11-19 15:58:19,189 -     || KL: 0.2795
2023-11-19 15:58:19,189 -     || token_match: 0.981, exact_match: 0.788
2023-11-19 15:58:19,190 - DEV || epcloss: 0.0452
2023-11-19 15:58:19,191 -     || KL: 0.7210
2023-11-19 15:58:19,191 -     || token_match: 0.986, exact_match: 0.835
2023-11-19 15:58:19,193 - 
2023-11-19 15:58:19,193 - #epc: 139
2023-11-19 15:58:19,236 - epc:139, epc_KL:  1.000000
2023-11-19 15:58:42,544 - exact_match_tst_copy_acc: 0.784
2023-11-19 15:58:42,802 - TRN || epcloss: 0.0577
2023-11-19 15:58:42,803 -     || KL: 0.2788
2023-11-19 15:58:42,804 -     || token_match: 0.981, exact_match: 0.786
2023-11-19 15:58:42,805 - DEV || epcloss: 0.0498
2023-11-19 15:58:42,805 -     || KL: 0.7268
2023-11-19 15:58:42,806 -     || token_match: 0.985, exact_match: 0.825
2023-11-19 15:58:42,807 - 
2023-11-19 15:58:42,808 - #epc: 140
2023-11-19 15:58:42,890 - epc:140, epc_KL:  1.000000
2023-11-19 15:59:06,346 - exact_match_tst_copy_acc: 0.792
2023-11-19 15:59:06,578 - TRN || epcloss: 0.0583
2023-11-19 15:59:06,578 -     || KL: 0.2789
2023-11-19 15:59:06,579 -     || token_match: 0.981, exact_match: 0.785
2023-11-19 15:59:06,580 - DEV || epcloss: 0.0537
2023-11-19 15:59:06,580 -     || KL: 0.7288
2023-11-19 15:59:06,581 -     || token_match: 0.984, exact_match: 0.809
2023-11-19 15:59:06,582 - 
2023-11-19 15:59:06,583 - #epc: 141
2023-11-19 15:59:06,627 - epc:141, epc_KL:  1.000000
2023-11-19 15:59:30,017 - exact_match_tst_copy_acc: 0.776
2023-11-19 15:59:30,330 - TRN || epcloss: 0.0575
2023-11-19 15:59:30,331 -     || KL: 0.2794
2023-11-19 15:59:30,332 -     || token_match: 0.981, exact_match: 0.786
2023-11-19 15:59:30,333 - DEV || epcloss: 0.0442
2023-11-19 15:59:30,334 -     || KL: 0.7175
2023-11-19 15:59:30,334 -     || token_match: 0.985, exact_match: 0.827
2023-11-19 15:59:30,336 - 
2023-11-19 15:59:30,336 - #epc: 142
2023-11-19 15:59:30,383 - epc:142, epc_KL:  1.000000
2023-11-19 15:59:53,860 - exact_match_tst_copy_acc: 0.812
2023-11-19 15:59:54,094 - TRN || epcloss: 0.0573
2023-11-19 15:59:54,095 -     || KL: 0.2789
2023-11-19 15:59:54,096 -     || token_match: 0.981, exact_match: 0.788
2023-11-19 15:59:54,097 - DEV || epcloss: 0.0536
2023-11-19 15:59:54,097 -     || KL: 0.7148
2023-11-19 15:59:54,098 -     || token_match: 0.982, exact_match: 0.794
2023-11-19 15:59:54,099 - 
2023-11-19 15:59:54,100 - #epc: 143
2023-11-19 15:59:54,174 - epc:143, epc_KL:  1.000000
2023-11-19 16:00:17,581 - exact_match_tst_copy_acc: 0.770
2023-11-19 16:00:17,801 - TRN || epcloss: 0.0573
2023-11-19 16:00:17,802 -     || KL: 0.2797
2023-11-19 16:00:17,803 -     || token_match: 0.981, exact_match: 0.788
2023-11-19 16:00:17,803 - DEV || epcloss: 0.0461
2023-11-19 16:00:17,804 -     || KL: 0.7184
2023-11-19 16:00:17,804 -     || token_match: 0.986, exact_match: 0.835
2023-11-19 16:00:17,806 - 
2023-11-19 16:00:17,806 - #epc: 144
2023-11-19 16:00:17,850 - epc:144, epc_KL:  1.000000
2023-11-19 16:00:41,100 - exact_match_tst_copy_acc: 0.778
2023-11-19 16:00:41,327 - TRN || epcloss: 0.0583
2023-11-19 16:00:41,328 -     || KL: 0.2791
2023-11-19 16:00:41,328 -     || token_match: 0.981, exact_match: 0.786
2023-11-19 16:00:41,329 - DEV || epcloss: 0.0622
2023-11-19 16:00:41,330 -     || KL: 0.7172
2023-11-19 16:00:41,330 -     || token_match: 0.980, exact_match: 0.771
2023-11-19 16:00:41,331 - 
2023-11-19 16:00:41,332 - #epc: 145
2023-11-19 16:00:41,374 - epc:145, epc_KL:  1.000000
2023-11-19 16:01:04,759 - exact_match_tst_copy_acc: 0.786
2023-11-19 16:01:04,989 - TRN || epcloss: 0.0578
2023-11-19 16:01:04,990 -     || KL: 0.2800
2023-11-19 16:01:04,991 -     || token_match: 0.981, exact_match: 0.786
2023-11-19 16:01:04,991 - DEV || epcloss: 0.0460
2023-11-19 16:01:04,992 -     || KL: 0.7116
2023-11-19 16:01:04,993 -     || token_match: 0.984, exact_match: 0.814
2023-11-19 16:01:04,994 - 
2023-11-19 16:01:04,995 - #epc: 146
2023-11-19 16:01:05,061 - epc:146, epc_KL:  1.000000
2023-11-19 16:01:28,461 - exact_match_tst_copy_acc: 0.778
2023-11-19 16:01:28,716 - TRN || epcloss: 0.0585
2023-11-19 16:01:28,717 -     || KL: 0.2784
2023-11-19 16:01:28,718 -     || token_match: 0.981, exact_match: 0.786
2023-11-19 16:01:28,718 - DEV || epcloss: 0.0595
2023-11-19 16:01:28,719 -     || KL: 0.7291
2023-11-19 16:01:28,720 -     || token_match: 0.981, exact_match: 0.766
2023-11-19 16:01:28,721 - 
2023-11-19 16:01:28,722 - #epc: 147
2023-11-19 16:01:28,765 - epc:147, epc_KL:  1.000000
2023-11-19 16:01:52,381 - exact_match_tst_copy_acc: 0.824
2023-11-19 16:01:52,599 - TRN || epcloss: 0.0579
2023-11-19 16:01:52,600 -     || KL: 0.2798
2023-11-19 16:01:52,601 -     || token_match: 0.981, exact_match: 0.786
2023-11-19 16:01:52,601 - DEV || epcloss: 0.0546
2023-11-19 16:01:52,602 -     || KL: 0.7156
2023-11-19 16:01:52,603 -     || token_match: 0.982, exact_match: 0.792
2023-11-19 16:01:52,604 - 
2023-11-19 16:01:52,604 - #epc: 148
2023-11-19 16:01:52,647 - epc:148, epc_KL:  1.000000
2023-11-19 16:02:16,420 - exact_match_tst_copy_acc: 0.802
2023-11-19 16:02:16,641 - TRN || epcloss: 0.0578
2023-11-19 16:02:16,642 -     || KL: 0.2798
2023-11-19 16:02:16,643 -     || token_match: 0.981, exact_match: 0.788
2023-11-19 16:02:16,643 - DEV || epcloss: 0.0596
2023-11-19 16:02:16,644 -     || KL: 0.7178
2023-11-19 16:02:16,644 -     || token_match: 0.981, exact_match: 0.786
2023-11-19 16:02:16,646 - 
2023-11-19 16:02:16,646 - #epc: 149
2023-11-19 16:02:16,712 - epc:149, epc_KL:  1.000000
2023-11-19 16:02:40,078 - exact_match_tst_copy_acc: 0.766
2023-11-19 16:02:40,312 - TRN || epcloss: 0.0585
2023-11-19 16:02:40,313 -     || KL: 0.2797
2023-11-19 16:02:40,314 -     || token_match: 0.981, exact_match: 0.785
2023-11-19 16:02:40,314 - DEV || epcloss: 0.0596
2023-11-19 16:02:40,315 -     || KL: 0.7169
2023-11-19 16:02:40,316 -     || token_match: 0.982, exact_match: 0.796
2023-11-19 16:02:40,317 - 
2023-11-19 16:02:40,318 - #epc: 150
2023-11-19 16:02:40,360 - epc:150, epc_KL:  1.000000
2023-11-19 16:03:03,895 - exact_match_tst_copy_acc: 0.806
2023-11-19 16:03:04,141 - TRN || epcloss: 0.0582
2023-11-19 16:03:04,142 -     || KL: 0.2798
2023-11-19 16:03:04,143 -     || token_match: 0.981, exact_match: 0.785
2023-11-19 16:03:04,144 - DEV || epcloss: 0.0519
2023-11-19 16:03:04,144 -     || KL: 0.7696
2023-11-19 16:03:04,145 -     || token_match: 0.983, exact_match: 0.809
2023-11-19 16:03:04,147 - 
2023-11-19 16:03:04,147 - #epc: 151
2023-11-19 16:03:04,190 - epc:151, epc_KL:  1.000000
2023-11-19 16:03:27,396 - exact_match_tst_copy_acc: 0.790
2023-11-19 16:03:27,627 - TRN || epcloss: 0.0592
2023-11-19 16:03:27,628 -     || KL: 0.2808
2023-11-19 16:03:27,629 -     || token_match: 0.980, exact_match: 0.783
2023-11-19 16:03:27,630 - DEV || epcloss: 0.0566
2023-11-19 16:03:27,630 -     || KL: 0.7317
2023-11-19 16:03:27,631 -     || token_match: 0.982, exact_match: 0.794
2023-11-19 16:03:27,632 - 
2023-11-19 16:03:27,633 - #epc: 152
2023-11-19 16:03:27,703 - epc:152, epc_KL:  1.000000
2023-11-19 16:03:51,350 - exact_match_tst_copy_acc: 0.792
2023-11-19 16:03:51,581 - TRN || epcloss: 0.0585
2023-11-19 16:03:51,581 -     || KL: 0.2801
2023-11-19 16:03:51,582 -     || token_match: 0.981, exact_match: 0.786
2023-11-19 16:03:51,583 - DEV || epcloss: 0.0470
2023-11-19 16:03:51,583 -     || KL: 0.7241
2023-11-19 16:03:51,584 -     || token_match: 0.984, exact_match: 0.809
2023-11-19 16:03:51,585 - 
2023-11-19 16:03:51,586 - #epc: 153
2023-11-19 16:03:51,629 - epc:153, epc_KL:  1.000000
