2023-12-19 11:42:23,881 - trnsize: 533708
2023-12-19 11:42:23,901 - devsize: 2000
2023-12-19 11:42:23,902 - tstsize: 2000
2023-12-19 11:42:24,991 - Trn unique tgts: 533704
2023-12-19 11:42:24,992 - Trn unique lemmas: 3579
2023-12-19 11:42:24,993 - Trn unique taglists: 865
2023-12-19 11:42:24,994 - Dev unique tgts: 2000
2023-12-19 11:42:24,995 - Dev unique lemmas: 1037
2023-12-19 11:42:24,996 - Dev unique taglists: 723
2023-12-19 11:42:24,997 - Tst unique tgts: 2000
2023-12-19 11:42:24,998 - Tst unique lemmas: 1037
2023-12-19 11:42:24,999 - Tst unique taglists: 723
2023-12-19 11:42:25,000 - seen_dev_tgt: 2
2023-12-19 11:42:25,001 - seen_dev_lemma: 2000
2023-12-19 11:42:25,002 - seen_dev_taglist: 1966
2023-12-19 11:42:25,003 - seen_tst_tgt: 2
2023-12-19 11:42:25,004 - seen_tst_lemma: 2000
2023-12-19 11:42:25,005 - seen_tst_taglist: 1966
2023-12-19 11:42:57,883 - trnID: run1_12x8_zLEM100_zTAG128_decnh1024_kl1.0_epc10_strt5_decdo0.2_inpemb128_bsize64
2023-12-19 11:42:57,884 - batchsize: 64
2023-12-19 11:42:57,885 - epochs: 75
2023-12-19 11:42:57,886 - lr: 0.00050
2023-12-19 11:42:57,887 - KL_WEIGHT: 1.00000
2023-12-19 11:42:57,888 - opt: Adam (
Parameter Group 0
    amsgrad: False
    betas: (0.5, 0.999)
    capturable: False
    eps: 1e-08
    foreach: None
    lr: 0.0005
    maximize: False
    weight_decay: 0
)
2023-12-19 11:42:57,889 - VQVAE(
  (encoder): Encoder_GRU_VQVAE(
    (layers): ModuleList(
      (0): Embedding(63, 128)
      (1): Dropout(p=0.0, inplace=False)
      (2): GRU(128, 256, batch_first=True, bidirectional=True)
    )
  )
  (z_linears): ModuleList(
    (0): Linear(in_features=256, out_features=128, bias=True)
    (1): Linear(in_features=256, out_features=128, bias=True)
    (2): Linear(in_features=256, out_features=128, bias=True)
    (3): Linear(in_features=256, out_features=128, bias=True)
    (4): Linear(in_features=256, out_features=128, bias=True)
    (5): Linear(in_features=256, out_features=128, bias=True)
    (6): Linear(in_features=256, out_features=128, bias=True)
    (7): Linear(in_features=256, out_features=128, bias=True)
    (8): Linear(in_features=256, out_features=128, bias=True)
    (9): Linear(in_features=256, out_features=128, bias=True)
    (10): Linear(in_features=256, out_features=128, bias=True)
    (11): Linear(in_features=256, out_features=128, bias=True)
  )
  (quantizers): ModuleList(
    (0): Quantizer(
      (embeddings): Embedding(8, 128)
    )
    (1): Quantizer(
      (embeddings): Embedding(8, 128)
    )
    (2): Quantizer(
      (embeddings): Embedding(8, 128)
    )
    (3): Quantizer(
      (embeddings): Embedding(8, 128)
    )
    (4): Quantizer(
      (embeddings): Embedding(8, 128)
    )
    (5): Quantizer(
      (embeddings): Embedding(8, 128)
    )
    (6): Quantizer(
      (embeddings): Embedding(8, 128)
    )
    (7): Quantizer(
      (embeddings): Embedding(8, 128)
    )
    (8): Quantizer(
      (embeddings): Embedding(8, 128)
    )
    (9): Quantizer(
      (embeddings): Embedding(8, 128)
    )
    (10): Quantizer(
      (embeddings): Embedding(8, 128)
    )
    (11): Quantizer(
      (embeddings): Embedding(8, 128)
    )
  )
  (z_lemma_mu): Linear(in_features=256, out_features=100, bias=True)
  (z_lemma_logvar): Linear(in_features=256, out_features=100, bias=True)
  (up_from_z_layer): Linear(in_features=228, out_features=1024, bias=True)
  (decoder): Decoder_GRU_VQVAE(
    (layers): ModuleList(
      (0): Embedding(63, 128)
      (1): Dropout(p=0.2, inplace=False)
      (2): GRU(356, 1024, batch_first=True)
      (3): Linear(in_features=1024, out_features=63, bias=True)
    )
    (loss): CrossEntropyLoss()
  )
)
2023-12-19 11:42:58,114 - trnsize: 533708
2023-12-19 11:42:58,116 - devsize: 2000
2023-12-19 11:42:58,116 - tstsize: 2000
2023-12-19 11:42:58,117 - 
2023-12-19 11:42:58,118 - #epc: 0
2023-12-19 11:42:58,122 - epc:0, epc_KL:  0.000000
2023-12-19 11:52:38,508 - exact_match_tst_copy_acc: 0.967
2023-12-19 11:52:38,509 - exact_match_tst_reinflection_wlemma: 0.105
2023-12-19 11:52:38,510 - exact_match_tst_reinflection_wlemma_TAGFINDER1: 0.076
2023-12-19 11:52:38,511 - exact_match_tst_reinflection_wlemma_TAGFINDER1_or_2: 0.100
2023-12-19 11:52:38,742 - TRN || epcloss: 0.0835
2023-12-19 11:52:38,743 -     || Q: 0.0649
2023-12-19 11:52:38,744 -     || KL: 5.9252
2023-12-19 11:52:38,745 -     || token_match: 0.975, exact_match: 0.838
2023-12-19 11:52:38,746 -     || unique taglist code: 92292
2023-12-19 11:52:38,747 - DEV || epcloss: 0.0074
2023-12-19 11:52:38,748 -     || Q: 0.0198
2023-12-19 11:52:38,749 -     || KL: 11.3388
2023-12-19 11:52:38,750 -     || token_match: 0.998, exact_match: 0.966
2023-12-19 11:52:38,751 -     || unique taglist code: 1032
2023-12-19 11:52:38,753 -     || seen taglist code: 757
2023-12-19 11:52:38,754 -     || MOST used trncode: 92292
2023-12-19 11:52:38,756 -     || MOST used devcode: 1032
2023-12-19 11:52:38,756 -     || BEST exact match (teacher forcing): 0.966
2023-12-19 11:52:38,825 -     || saved model
2023-12-19 11:52:38,827 - 
2023-12-19 11:52:38,827 - #epc: 1
2023-12-19 11:52:40,327 - epc:1, epc_KL:  0.000000
2023-12-19 12:02:48,817 - exact_match_tst_copy_acc: 0.989
2023-12-19 12:02:48,819 - exact_match_tst_reinflection_wlemma: 0.112
2023-12-19 12:02:48,819 - exact_match_tst_reinflection_wlemma_TAGFINDER1: 0.101
2023-12-19 12:02:48,820 - exact_match_tst_reinflection_wlemma_TAGFINDER1_or_2: 0.113
2023-12-19 12:02:49,042 - TRN || epcloss: 0.0080
2023-12-19 12:02:49,043 -     || Q: 0.0118
2023-12-19 12:02:49,044 -     || KL: 6.8279
2023-12-19 12:02:49,045 -     || token_match: 0.998, exact_match: 0.968
2023-12-19 12:02:49,046 -     || unique taglist code: 82551
2023-12-19 12:02:49,047 - DEV || epcloss: 0.0025
2023-12-19 12:02:49,048 -     || Q: 0.0084
2023-12-19 12:02:49,049 -     || KL: 12.8425
2023-12-19 12:02:49,050 -     || token_match: 0.999, exact_match: 0.988
2023-12-19 12:02:49,051 -     || unique taglist code: 1055
2023-12-19 12:02:49,054 -     || seen taglist code: 837
2023-12-19 12:02:49,055 -     || MOST used devcode: 1055
2023-12-19 12:02:49,056 -     || BEST exact match (teacher forcing): 0.988
2023-12-19 12:02:49,119 -     || saved model
2023-12-19 12:02:49,121 - 
2023-12-19 12:02:49,122 - #epc: 2
2023-12-19 12:02:50,521 - epc:2, epc_KL:  0.000000
2023-12-19 12:12:41,169 - exact_match_tst_copy_acc: 0.986
2023-12-19 12:12:41,170 - exact_match_tst_reinflection_wlemma: 0.103
2023-12-19 12:12:41,171 - exact_match_tst_reinflection_wlemma_TAGFINDER1: 0.088
2023-12-19 12:12:41,172 - exact_match_tst_reinflection_wlemma_TAGFINDER1_or_2: 0.102
2023-12-19 12:12:41,426 - TRN || epcloss: 0.0062
2023-12-19 12:12:41,427 -     || Q: 0.0086
2023-12-19 12:12:41,428 -     || KL: 7.2784
2023-12-19 12:12:41,429 -     || token_match: 0.998, exact_match: 0.974
2023-12-19 12:12:41,430 -     || unique taglist code: 86252
2023-12-19 12:12:41,431 - DEV || epcloss: 0.0032
2023-12-19 12:12:41,432 -     || Q: 0.0061
2023-12-19 12:12:41,433 -     || KL: 13.3550
2023-12-19 12:12:41,434 -     || token_match: 0.999, exact_match: 0.986
2023-12-19 12:12:41,435 -     || unique taglist code: 1077
2023-12-19 12:12:41,438 -     || seen taglist code: 857
2023-12-19 12:12:41,439 -     || MOST used devcode: 1077
2023-12-19 12:12:41,520 -     || saved model
2023-12-19 12:12:41,522 - 
2023-12-19 12:12:41,523 - #epc: 3
2023-12-19 12:12:42,846 - epc:3, epc_KL:  0.000000
2023-12-19 12:22:14,692 - exact_match_tst_copy_acc: 0.978
2023-12-19 12:22:14,693 - exact_match_tst_reinflection_wlemma: 0.109
2023-12-19 12:22:14,694 - exact_match_tst_reinflection_wlemma_TAGFINDER1: 0.092
2023-12-19 12:22:14,695 - exact_match_tst_reinflection_wlemma_TAGFINDER1_or_2: 0.103
2023-12-19 12:22:14,913 - TRN || epcloss: 0.0046
2023-12-19 12:22:14,914 -     || Q: 0.0058
2023-12-19 12:22:14,915 -     || KL: 7.6441
2023-12-19 12:22:14,916 -     || token_match: 0.999, exact_match: 0.978
2023-12-19 12:22:14,917 -     || unique taglist code: 87606
2023-12-19 12:22:14,918 - DEV || epcloss: 0.0047
2023-12-19 12:22:14,918 -     || Q: 0.0046
2023-12-19 12:22:14,919 -     || KL: 14.2636
2023-12-19 12:22:14,920 -     || token_match: 0.999, exact_match: 0.978
2023-12-19 12:22:14,921 -     || unique taglist code: 1054
2023-12-19 12:22:14,923 -     || seen taglist code: 861
2023-12-19 12:22:14,989 -     || saved model
2023-12-19 12:22:14,991 - 
2023-12-19 12:22:14,993 - #epc: 4
2023-12-19 12:22:16,279 - epc:4, epc_KL:  0.000000
2023-12-19 12:32:08,113 - exact_match_tst_copy_acc: 0.986
2023-12-19 12:32:08,114 - exact_match_tst_reinflection_wlemma: 0.109
2023-12-19 12:32:08,115 - exact_match_tst_reinflection_wlemma_TAGFINDER1: 0.098
2023-12-19 12:32:08,116 - exact_match_tst_reinflection_wlemma_TAGFINDER1_or_2: 0.113
2023-12-19 12:32:08,345 - TRN || epcloss: 0.0048
2023-12-19 12:32:08,346 -     || Q: 0.0049
2023-12-19 12:32:08,347 -     || KL: 7.8313
2023-12-19 12:32:08,348 -     || token_match: 0.999, exact_match: 0.977
2023-12-19 12:32:08,349 -     || unique taglist code: 92633
2023-12-19 12:32:08,350 - DEV || epcloss: 0.0034
2023-12-19 12:32:08,351 -     || Q: 0.0043
2023-12-19 12:32:08,352 -     || KL: 13.9462
2023-12-19 12:32:08,353 -     || token_match: 0.999, exact_match: 0.986
2023-12-19 12:32:08,354 -     || unique taglist code: 1100
2023-12-19 12:32:08,357 -     || seen taglist code: 902
2023-12-19 12:32:08,358 -     || MOST used trncode: 92633
2023-12-19 12:32:08,359 -     || MOST used devcode: 1100
2023-12-19 12:32:08,426 -     || saved model
2023-12-19 12:32:08,428 - 
2023-12-19 12:32:08,429 - #epc: 5
2023-12-19 12:32:09,741 - epc:5, epc_KL:  0.100000
2023-12-19 12:42:07,062 - exact_match_tst_copy_acc: 0.987
2023-12-19 12:42:07,064 - exact_match_tst_reinflection_wlemma: 0.312
2023-12-19 12:42:07,064 - exact_match_tst_reinflection_wlemma_TAGFINDER1: 0.261
2023-12-19 12:42:07,065 - exact_match_tst_reinflection_wlemma_TAGFINDER1_or_2: 0.301
2023-12-19 12:42:07,320 - TRN || epcloss: 0.0269
2023-12-19 12:42:07,321 -     || Q: 0.0196
2023-12-19 12:42:07,322 -     || KL: 0.9068
2023-12-19 12:42:07,323 -     || token_match: 0.992, exact_match: 0.873
2023-12-19 12:42:07,324 -     || unique taglist code: 157313
2023-12-19 12:42:07,325 - DEV || epcloss: 0.0201
2023-12-19 12:42:07,326 -     || Q: 0.0324
2023-12-19 12:42:07,327 -     || KL: 1.3042
2023-12-19 12:42:07,328 -     || token_match: 0.994, exact_match: 0.903
2023-12-19 12:42:07,328 -     || unique taglist code: 1686
2023-12-19 12:42:07,332 -     || seen taglist code: 1201
2023-12-19 12:42:07,333 -     || MOST used trncode: 157313
2023-12-19 12:42:07,334 -     || MOST used devcode: 1686
2023-12-19 12:42:07,378 -     || saved model
2023-12-19 12:42:07,380 - 
2023-12-19 12:42:07,380 - #epc: 6
2023-12-19 12:42:08,655 - epc:6, epc_KL:  0.200000
2023-12-19 12:51:56,144 - exact_match_tst_copy_acc: 0.972
2023-12-19 12:51:56,145 - exact_match_tst_reinflection_wlemma: 0.550
2023-12-19 12:51:56,146 - exact_match_tst_reinflection_wlemma_TAGFINDER1: 0.423
2023-12-19 12:51:56,147 - exact_match_tst_reinflection_wlemma_TAGFINDER1_or_2: 0.516
2023-12-19 12:51:56,429 - TRN || epcloss: 0.0331
2023-12-19 12:51:56,430 -     || Q: 0.0731
2023-12-19 12:51:56,431 -     || KL: 0.5271
2023-12-19 12:51:56,432 -     || token_match: 0.990, exact_match: 0.845
2023-12-19 12:51:56,434 -     || unique taglist code: 186671
2023-12-19 12:51:56,435 - DEV || epcloss: 0.0221
2023-12-19 12:51:56,436 -     || Q: 0.0881
2023-12-19 12:51:56,436 -     || KL: 0.8325
2023-12-19 12:51:56,437 -     || token_match: 0.993, exact_match: 0.887
2023-12-19 12:51:56,438 -     || unique taglist code: 1889
2023-12-19 12:51:56,442 -     || seen taglist code: 1282
2023-12-19 12:51:56,443 -     || MOST used trncode: 186671
2023-12-19 12:51:56,445 -     || MOST used devcode: 1889
2023-12-19 12:51:56,494 -     || saved model
2023-12-19 12:51:56,496 - 
2023-12-19 12:51:56,497 - #epc: 7
2023-12-19 12:51:57,818 - epc:7, epc_KL:  0.300000
2023-12-19 13:01:43,723 - exact_match_tst_copy_acc: 0.959
2023-12-19 13:01:43,724 - exact_match_tst_reinflection_wlemma: 0.742
2023-12-19 13:01:43,725 - exact_match_tst_reinflection_wlemma_TAGFINDER1: 0.479
2023-12-19 13:01:43,726 - exact_match_tst_reinflection_wlemma_TAGFINDER1_or_2: 0.628
2023-12-19 13:01:43,995 - TRN || epcloss: 0.0360
2023-12-19 13:01:43,996 -     || Q: 0.1509
2023-12-19 13:01:43,997 -     || KL: 0.3707
2023-12-19 13:01:43,998 -     || token_match: 0.989, exact_match: 0.831
2023-12-19 13:01:43,999 -     || unique taglist code: 256276
2023-12-19 13:01:44,000 - DEV || epcloss: 0.0357
2023-12-19 13:01:44,001 -     || Q: 0.1736
2023-12-19 13:01:44,002 -     || KL: 0.5983
2023-12-19 13:01:44,003 -     || token_match: 0.988, exact_match: 0.831
2023-12-19 13:01:44,004 -     || unique taglist code: 1973
2023-12-19 13:01:44,009 -     || seen taglist code: 974
2023-12-19 13:01:44,010 -     || MOST used trncode: 256276
2023-12-19 13:01:44,011 -     || MOST used devcode: 1973
2023-12-19 13:01:44,225 -     || saved model
2023-12-19 13:01:44,227 - 
2023-12-19 13:01:44,228 - #epc: 8
2023-12-19 13:01:45,523 - epc:8, epc_KL:  0.400000
2023-12-19 13:11:48,306 - exact_match_tst_copy_acc: 0.958
2023-12-19 13:11:48,307 - exact_match_tst_reinflection_wlemma: 0.833
2023-12-19 13:11:48,308 - exact_match_tst_reinflection_wlemma_TAGFINDER1: 0.490
2023-12-19 13:11:48,309 - exact_match_tst_reinflection_wlemma_TAGFINDER1_or_2: 0.680
2023-12-19 13:11:48,593 - TRN || epcloss: 0.0402
2023-12-19 13:11:48,594 -     || Q: 0.2597
2023-12-19 13:11:48,595 -     || KL: 0.2892
2023-12-19 13:11:48,596 -     || token_match: 0.988, exact_match: 0.817
2023-12-19 13:11:48,597 -     || unique taglist code: 365146
2023-12-19 13:11:48,598 - DEV || epcloss: 0.0331
2023-12-19 13:11:48,599 -     || Q: 0.3242
2023-12-19 13:11:48,600 -     || KL: 0.4844
2023-12-19 13:11:48,601 -     || token_match: 0.990, exact_match: 0.848
2023-12-19 13:11:48,602 -     || unique taglist code: 1997
2023-12-19 13:11:48,605 -     || seen taglist code: 613
2023-12-19 13:11:48,606 -     || MOST used trncode: 365146
2023-12-19 13:11:48,607 -     || MOST used devcode: 1997
2023-12-19 13:11:48,693 -     || saved model
2023-12-19 13:11:48,696 - 
2023-12-19 13:11:48,697 - #epc: 9
2023-12-19 13:11:50,032 - epc:9, epc_KL:  0.500000
2023-12-19 13:21:44,259 - exact_match_tst_copy_acc: 0.938
2023-12-19 13:21:44,260 - exact_match_tst_reinflection_wlemma: 0.843
2023-12-19 13:21:44,261 - exact_match_tst_reinflection_wlemma_TAGFINDER1: 0.423
2023-12-19 13:21:44,262 - exact_match_tst_reinflection_wlemma_TAGFINDER1_or_2: 0.631
2023-12-19 13:21:44,544 - TRN || epcloss: 0.0449
2023-12-19 13:21:44,545 -     || Q: 0.4165
2023-12-19 13:21:44,546 -     || KL: 0.2317
2023-12-19 13:21:44,547 -     || token_match: 0.986, exact_match: 0.799
2023-12-19 13:21:44,548 -     || unique taglist code: 470674
2023-12-19 13:21:44,549 - DEV || epcloss: 0.0389
2023-12-19 13:21:44,551 -     || Q: 0.4564
2023-12-19 13:21:44,552 -     || KL: 0.3861
2023-12-19 13:21:44,553 -     || token_match: 0.988, exact_match: 0.818
2023-12-19 13:21:44,553 -     || unique taglist code: 1997
2023-12-19 13:21:44,556 -     || seen taglist code: 270
2023-12-19 13:21:44,557 -     || MOST used trncode: 470674
2023-12-19 13:21:44,609 -     || saved model
2023-12-19 13:21:44,611 - 
2023-12-19 13:21:44,612 - #epc: 10
2023-12-19 13:21:45,928 - epc:10, epc_KL:  0.600000
2023-12-19 13:31:29,734 - exact_match_tst_copy_acc: 0.930
2023-12-19 13:31:29,735 - exact_match_tst_reinflection_wlemma: 0.852
2023-12-19 13:31:29,736 - exact_match_tst_reinflection_wlemma_TAGFINDER1: 0.355
2023-12-19 13:31:29,737 - exact_match_tst_reinflection_wlemma_TAGFINDER1_or_2: 0.587
2023-12-19 13:31:29,984 - TRN || epcloss: 0.0510
2023-12-19 13:31:29,985 -     || Q: 0.6018
2023-12-19 13:31:29,986 -     || KL: 0.1864
2023-12-19 13:31:29,987 -     || token_match: 0.984, exact_match: 0.778
2023-12-19 13:31:29,988 -     || unique taglist code: 501082
2023-12-19 13:31:29,989 - DEV || epcloss: 0.0489
2023-12-19 13:31:29,990 -     || Q: 0.6689
2023-12-19 13:31:29,991 -     || KL: 0.3044
2023-12-19 13:31:29,992 -     || token_match: 0.985, exact_match: 0.785
2023-12-19 13:31:29,993 -     || unique taglist code: 2000
2023-12-19 13:31:29,995 -     || seen taglist code: 184
2023-12-19 13:31:29,996 -     || MOST used trncode: 501082
2023-12-19 13:31:29,997 -     || MOST used devcode: 2000
2023-12-19 13:31:30,045 -     || saved model
2023-12-19 13:31:30,047 - 
2023-12-19 13:31:30,048 - #epc: 11
2023-12-19 13:31:31,341 - epc:11, epc_KL:  0.700000
2023-12-19 13:41:16,602 - exact_match_tst_copy_acc: 0.898
2023-12-19 13:41:16,603 - exact_match_tst_reinflection_wlemma: 0.841
2023-12-19 13:41:16,604 - exact_match_tst_reinflection_wlemma_TAGFINDER1: 0.325
2023-12-19 13:41:16,605 - exact_match_tst_reinflection_wlemma_TAGFINDER1_or_2: 0.545
2023-12-19 13:41:16,871 - TRN || epcloss: 0.0573
2023-12-19 13:41:16,872 -     || Q: 0.7905
2023-12-19 13:41:16,873 -     || KL: 0.1512
2023-12-19 13:41:16,875 -     || token_match: 0.982, exact_match: 0.758
2023-12-19 13:41:16,876 -     || unique taglist code: 513323
2023-12-19 13:41:16,877 - DEV || epcloss: 0.0532
2023-12-19 13:41:16,878 -     || Q: 0.8660
2023-12-19 13:41:16,879 -     || KL: 0.2473
2023-12-19 13:41:16,880 -     || token_match: 0.983, exact_match: 0.767
2023-12-19 13:41:16,881 -     || unique taglist code: 2000
2023-12-19 13:41:16,885 -     || seen taglist code: 119
2023-12-19 13:41:16,886 -     || MOST used trncode: 513323
2023-12-19 13:41:16,951 -     || saved model
2023-12-19 13:41:16,953 - 
2023-12-19 13:41:16,954 - #epc: 12
2023-12-19 13:41:18,268 - epc:12, epc_KL:  0.800000
2023-12-19 13:51:14,362 - exact_match_tst_copy_acc: 0.898
2023-12-19 13:51:14,363 - exact_match_tst_reinflection_wlemma: 0.836
2023-12-19 13:51:14,364 - exact_match_tst_reinflection_wlemma_TAGFINDER1: 0.320
2023-12-19 13:51:14,365 - exact_match_tst_reinflection_wlemma_TAGFINDER1_or_2: 0.537
2023-12-19 13:51:14,622 - TRN || epcloss: 0.0650
2023-12-19 13:51:14,623 -     || Q: 0.9957
2023-12-19 13:51:14,624 -     || KL: 0.1236
2023-12-19 13:51:14,626 -     || token_match: 0.980, exact_match: 0.734
2023-12-19 13:51:14,627 -     || unique taglist code: 516643
2023-12-19 13:51:14,628 - DEV || epcloss: 0.0609
2023-12-19 13:51:14,629 -     || Q: 1.0804
2023-12-19 13:51:14,630 -     || KL: 0.2010
2023-12-19 13:51:14,631 -     || token_match: 0.981, exact_match: 0.741
2023-12-19 13:51:14,632 -     || unique taglist code: 2000
2023-12-19 13:51:14,634 -     || seen taglist code: 115
2023-12-19 13:51:14,636 -     || MOST used trncode: 516643
2023-12-19 13:51:14,705 -     || saved model
2023-12-19 13:51:14,707 - 
2023-12-19 13:51:14,708 - #epc: 13
2023-12-19 13:51:15,810 - epc:13, epc_KL:  0.900000
2023-12-19 14:00:54,443 - exact_match_tst_copy_acc: 0.863
2023-12-19 14:00:54,444 - exact_match_tst_reinflection_wlemma: 0.803
2023-12-19 14:00:54,445 - exact_match_tst_reinflection_wlemma_TAGFINDER1: 0.307
2023-12-19 14:00:54,445 - exact_match_tst_reinflection_wlemma_TAGFINDER1_or_2: 0.517
2023-12-19 14:00:54,695 - TRN || epcloss: 0.0713
2023-12-19 14:00:54,696 -     || Q: 1.1978
2023-12-19 14:00:54,697 -     || KL: 0.1015
2023-12-19 14:00:54,698 -     || token_match: 0.978, exact_match: 0.717
2023-12-19 14:00:54,699 -     || unique taglist code: 521481
2023-12-19 14:00:54,700 - DEV || epcloss: 0.0718
2023-12-19 14:00:54,701 -     || Q: 1.2571
2023-12-19 14:00:54,701 -     || KL: 0.1707
2023-12-19 14:00:54,702 -     || token_match: 0.978, exact_match: 0.712
2023-12-19 14:00:54,703 -     || unique taglist code: 2000
2023-12-19 14:00:54,705 -     || seen taglist code: 83
2023-12-19 14:00:54,706 -     || MOST used trncode: 521481
2023-12-19 14:00:54,780 -     || saved model
2023-12-19 14:00:54,782 - 
2023-12-19 14:00:54,782 - #epc: 14
2023-12-19 14:00:55,726 - epc:14, epc_KL:  1.000000
2023-12-19 14:11:01,197 - exact_match_tst_copy_acc: 0.840
2023-12-19 14:11:01,198 - exact_match_tst_reinflection_wlemma: 0.787
2023-12-19 14:11:01,199 - exact_match_tst_reinflection_wlemma_TAGFINDER1: 0.299
2023-12-19 14:11:01,200 - exact_match_tst_reinflection_wlemma_TAGFINDER1_or_2: 0.506
2023-12-19 14:11:01,453 - TRN || epcloss: 0.0788
2023-12-19 14:11:01,455 -     || Q: 1.4100
2023-12-19 14:11:01,455 -     || KL: 0.0835
2023-12-19 14:11:01,456 -     || token_match: 0.976, exact_match: 0.696
2023-12-19 14:11:01,457 -     || unique taglist code: 521799
2023-12-19 14:11:01,458 - DEV || epcloss: 0.0711
2023-12-19 14:11:01,459 -     || Q: 1.5301
2023-12-19 14:11:01,460 -     || KL: 0.1420
2023-12-19 14:11:01,461 -     || token_match: 0.979, exact_match: 0.721
2023-12-19 14:11:01,462 -     || unique taglist code: 2000
2023-12-19 14:11:01,464 -     || seen taglist code: 80
2023-12-19 14:11:01,465 -     || MOST used trncode: 521799
2023-12-19 14:11:01,537 -     || saved model
2023-12-19 14:11:01,539 - 
2023-12-19 14:11:01,540 - #epc: 15
2023-12-19 14:11:02,498 - epc:15, epc_KL:  1.000000
2023-12-19 14:21:29,461 - exact_match_tst_copy_acc: 0.820
2023-12-19 14:21:29,462 - exact_match_tst_reinflection_wlemma: 0.770
2023-12-19 14:21:29,463 - exact_match_tst_reinflection_wlemma_TAGFINDER1: 0.282
2023-12-19 14:21:29,464 - exact_match_tst_reinflection_wlemma_TAGFINDER1_or_2: 0.489
2023-12-19 14:21:29,708 - TRN || epcloss: 0.0818
2023-12-19 14:21:29,709 -     || Q: 1.5456
2023-12-19 14:21:29,710 -     || KL: 0.0736
2023-12-19 14:21:29,711 -     || token_match: 0.975, exact_match: 0.692
2023-12-19 14:21:29,712 -     || unique taglist code: 523692
2023-12-19 14:21:29,713 - DEV || epcloss: 0.0800
2023-12-19 14:21:29,715 -     || Q: 1.6932
2023-12-19 14:21:29,715 -     || KL: 0.1269
2023-12-19 14:21:29,716 -     || token_match: 0.975, exact_match: 0.691
2023-12-19 14:21:29,717 -     || unique taglist code: 2000
2023-12-19 14:21:29,719 -     || seen taglist code: 55
2023-12-19 14:21:29,720 -     || MOST used trncode: 523692
2023-12-19 14:21:29,766 -     || saved model
2023-12-19 14:21:29,767 - 
2023-12-19 14:21:29,768 - #epc: 16
2023-12-19 14:21:30,766 - epc:16, epc_KL:  1.000000
