2024-01-17 10:43:49,520 - trnsize: 404897
2024-01-17 10:43:49,522 - devsize: 1446
2024-01-17 10:43:49,523 - tstsize: 1446
2024-01-17 10:43:50,109 - Trn unique tgts: 404896
2024-01-17 10:43:50,111 - Trn unique lemmas: 588
2024-01-17 10:43:50,112 - Trn unique taglists: 703
2024-01-17 10:43:50,114 - Dev unique tgts: 1446
2024-01-17 10:43:50,115 - Dev unique lemmas: 536
2024-01-17 10:43:50,116 - Dev unique taglists: 616
2024-01-17 10:43:50,118 - Tst unique tgts: 1446
2024-01-17 10:43:50,119 - Tst unique lemmas: 536
2024-01-17 10:43:50,120 - Tst unique taglists: 616
2024-01-17 10:43:50,121 - seen_dev_tgt: 1
2024-01-17 10:43:50,122 - seen_dev_lemma: 1446
2024-01-17 10:43:50,123 - seen_dev_taglist: 1446
2024-01-17 10:43:50,124 - seen_tst_tgt: 1
2024-01-17 10:43:50,125 - seen_tst_lemma: 1446
2024-01-17 10:43:50,126 - seen_tst_taglist: 1446
2024-01-17 10:44:26,753 - trnID: run1_8x8_zLEM150_zTAG200_decnh256_klmax0.2_decdo0.4_inpemb300_bsize32_mintau0.5_TAU_soft
2024-01-17 10:44:26,755 - batchsize: 32
2024-01-17 10:44:26,756 - epochs: 30
2024-01-17 10:44:26,757 - lr: 0.00050
2024-01-17 10:44:26,759 - KL_MAX: 0.20000
2024-01-17 10:44:26,760 - opt: Adam (
Parameter Group 0
    amsgrad: False
    betas: (0.5, 0.999)
    capturable: False
    eps: 1e-08
    foreach: None
    lr: 0.0005
    maximize: False
    weight_decay: 0
)
2024-01-17 10:44:26,762 - MSVAE(
  (embed): Embedding(39, 300)
  (z_to_dec): Linear(in_features=150, out_features=256, bias=True)
  (tag_to_dec): Linear(in_features=200, out_features=256, bias=True)
  (encoder): MSVED_Encoder(
    (embed): Embedding(39, 300)
    (gru): GRU(300, 256, batch_first=True, bidirectional=True)
    (dropout_in): Dropout(p=0.0, inplace=False)
    (linear): Linear(in_features=512, out_features=300, bias=True)
  )
  (decoder): MSVED_Decoder(
    (char_embed): Embedding(39, 300)
    (dropout_in): Dropout(p=0.4, inplace=False)
    (gru): GRU(650, 256, batch_first=True)
    (attn): Linear(in_features=706, out_features=8, bias=True)
    (attn_combine): Linear(in_features=650, out_features=650, bias=True)
    (pred_linear): Linear(in_features=256, out_features=39, bias=True)
    (loss): CrossEntropyLoss()
  )
  (tag_embeddings): ModuleList(
    (0): Embedding(8, 200)
    (1): Embedding(8, 200)
    (2): Embedding(8, 200)
    (3): Embedding(8, 200)
    (4): Embedding(8, 200)
    (5): Embedding(8, 200)
    (6): Embedding(8, 200)
    (7): Embedding(8, 200)
  )
  (classifiers): ModuleList(
    (0): Linear(in_features=512, out_features=8, bias=True)
    (1): Linear(in_features=512, out_features=8, bias=True)
    (2): Linear(in_features=512, out_features=8, bias=True)
    (3): Linear(in_features=512, out_features=8, bias=True)
    (4): Linear(in_features=512, out_features=8, bias=True)
    (5): Linear(in_features=512, out_features=8, bias=True)
    (6): Linear(in_features=512, out_features=8, bias=True)
    (7): Linear(in_features=512, out_features=8, bias=True)
  )
)
2024-01-17 10:44:26,990 - trnsize: 404897
2024-01-17 10:44:26,992 - devsize: 1446
2024-01-17 10:44:26,993 - tstsize: 1446
2024-01-17 10:44:26,994 - 
2024-01-17 10:44:26,995 - #epc: 0
2024-01-17 10:51:30,727 - epoch: 0, kl_weight: 0.07, tmp: 0.70
2024-01-17 10:51:30,729 - Trn--- loss: 8.4283,  labeled_recon_loss: 0.3641, labeled_kl_loss: 66.6877, labeled_reinflect_recon_acc: 0.8785
2024-01-17 10:51:32,778 - Tst--- loss: 0.0200, labeled_recon_loss: 0.1816, labeled_kl_loss: 0.0975,  labeled_reinflect_recon_acc: 0.9872, unique_tag_classes: 61, exact_match_dev_acc: 1411
2024-01-17 10:52:00,143 - exact_match_tst_acc: 0.975
2024-01-17 10:52:00,145 - exact_match_tst_reinflection_wlemma: 0.001
2024-01-17 10:52:00,653 - 
2024-01-17 10:52:00,654 - #epc: 1
2024-01-17 10:59:12,301 - epoch: 1, kl_weight: 0.16, tmp: 0.50
2024-01-17 10:59:12,303 - Trn--- loss: 3.2127,  labeled_recon_loss: 0.0335, labeled_kl_loss: 22.3903, labeled_reinflect_recon_acc: 0.9891
2024-01-17 10:59:14,132 - Tst--- loss: 0.0155, labeled_recon_loss: 0.0637, labeled_kl_loss: 0.0694,  labeled_reinflect_recon_acc: 0.9961, unique_tag_classes: 61, exact_match_dev_acc: 1435
2024-01-17 10:59:41,671 - exact_match_tst_acc: 0.989
2024-01-17 10:59:41,673 - exact_match_tst_reinflection_wlemma: 0.001
2024-01-17 10:59:42,141 - 
2024-01-17 10:59:42,142 - #epc: 2
2024-01-17 11:06:47,474 - epoch: 2, kl_weight: 0.20, tmp: 0.50
2024-01-17 11:06:47,476 - Trn--- loss: 4.1807,  labeled_recon_loss: 0.0380, labeled_kl_loss: 18.1432, labeled_reinflect_recon_acc: 0.9873
2024-01-17 11:06:49,267 - Tst--- loss: 0.0171, labeled_recon_loss: 0.0674, labeled_kl_loss: 0.0616,  labeled_reinflect_recon_acc: 0.9962, unique_tag_classes: 58, exact_match_dev_acc: 1437
2024-01-17 11:07:16,466 - exact_match_tst_acc: 0.990
2024-01-17 11:07:16,468 - exact_match_tst_reinflection_wlemma: 0.001
2024-01-17 11:07:16,919 - 
2024-01-17 11:07:16,921 - #epc: 3
2024-01-17 11:14:25,315 - epoch: 3, kl_weight: 0.20, tmp: 0.50
2024-01-17 11:14:25,317 - Trn--- loss: 4.1627,  labeled_recon_loss: 0.0361, labeled_kl_loss: 17.2996, labeled_reinflect_recon_acc: 0.9879
2024-01-17 11:14:27,369 - Tst--- loss: 0.0180, labeled_recon_loss: 0.0821, labeled_kl_loss: 0.0609,  labeled_reinflect_recon_acc: 0.9952, unique_tag_classes: 65, exact_match_dev_acc: 1436
2024-01-17 11:14:54,825 - exact_match_tst_acc: 0.985
2024-01-17 11:14:54,826 - exact_match_tst_reinflection_wlemma: 0.001
2024-01-17 11:14:55,305 - 
2024-01-17 11:14:55,306 - #epc: 4
2024-01-17 11:22:08,380 - epoch: 4, kl_weight: 0.20, tmp: 0.50
2024-01-17 11:22:08,382 - Trn--- loss: 4.0464,  labeled_recon_loss: 0.0341, labeled_kl_loss: 16.9150, labeled_reinflect_recon_acc: 0.9886
2024-01-17 11:22:10,299 - Tst--- loss: 0.0205, labeled_recon_loss: 0.1185, labeled_kl_loss: 0.0606,  labeled_reinflect_recon_acc: 0.9932, unique_tag_classes: 62, exact_match_dev_acc: 1434
2024-01-17 11:22:37,545 - exact_match_tst_acc: 0.994
2024-01-17 11:22:37,547 - exact_match_tst_reinflection_wlemma: 0.001
2024-01-17 11:22:38,087 - 
2024-01-17 11:22:38,089 - #epc: 5
2024-01-17 11:30:07,140 - epoch: 5, kl_weight: 0.20, tmp: 0.50
2024-01-17 11:30:07,142 - Trn--- loss: 3.9732,  labeled_recon_loss: 0.0330, labeled_kl_loss: 16.6575, labeled_reinflect_recon_acc: 0.9890
2024-01-17 11:30:08,974 - Tst--- loss: 0.0140, labeled_recon_loss: 0.0317, labeled_kl_loss: 0.0589,  labeled_reinflect_recon_acc: 0.9980, unique_tag_classes: 67, exact_match_dev_acc: 1438
2024-01-17 11:30:37,558 - exact_match_tst_acc: 0.993
2024-01-17 11:30:37,560 - exact_match_tst_reinflection_wlemma: 0.001
2024-01-17 11:30:38,050 - 
2024-01-17 11:30:38,051 - #epc: 6
2024-01-17 11:37:21,151 - epoch: 6, kl_weight: 0.20, tmp: 0.50
2024-01-17 11:37:21,152 - Trn--- loss: 3.9100,  labeled_recon_loss: 0.0320, labeled_kl_loss: 16.4356, labeled_reinflect_recon_acc: 0.9893
2024-01-17 11:37:23,047 - Tst--- loss: 0.0164, labeled_recon_loss: 0.0694, labeled_kl_loss: 0.0576,  labeled_reinflect_recon_acc: 0.9960, unique_tag_classes: 65, exact_match_dev_acc: 1437
2024-01-17 11:37:51,642 - exact_match_tst_acc: 0.992
2024-01-17 11:37:51,643 - exact_match_tst_reinflection_wlemma: 0.001
2024-01-17 11:37:52,124 - 
2024-01-17 11:37:52,126 - #epc: 7
2024-01-17 11:44:44,818 - epoch: 7, kl_weight: 0.20, tmp: 0.50
2024-01-17 11:44:44,820 - Trn--- loss: 3.8517,  labeled_recon_loss: 0.0312, labeled_kl_loss: 16.2198, labeled_reinflect_recon_acc: 0.9896
2024-01-17 11:44:46,650 - Tst--- loss: 0.0152, labeled_recon_loss: 0.0509, labeled_kl_loss: 0.0579,  labeled_reinflect_recon_acc: 0.9968, unique_tag_classes: 66, exact_match_dev_acc: 1436
2024-01-17 11:45:14,424 - exact_match_tst_acc: 0.993
2024-01-17 11:45:14,426 - exact_match_tst_reinflection_wlemma: 0.001
2024-01-17 11:45:14,918 - 
2024-01-17 11:45:14,919 - #epc: 8
2024-01-17 11:52:43,726 - epoch: 8, kl_weight: 0.20, tmp: 0.50
2024-01-17 11:52:43,728 - Trn--- loss: 3.8121,  labeled_recon_loss: 0.0307, labeled_kl_loss: 16.0742, labeled_reinflect_recon_acc: 0.9898
2024-01-17 11:52:45,833 - Tst--- loss: 0.0157, labeled_recon_loss: 0.0585, labeled_kl_loss: 0.0581,  labeled_reinflect_recon_acc: 0.9965, unique_tag_classes: 66, exact_match_dev_acc: 1437
2024-01-17 11:53:14,017 - exact_match_tst_acc: 0.988
2024-01-17 11:53:14,019 - exact_match_tst_reinflection_wlemma: 0.001
2024-01-17 11:53:14,570 - 
2024-01-17 11:53:14,572 - #epc: 9
2024-01-17 12:00:41,468 - epoch: 9, kl_weight: 0.20, tmp: 0.50
2024-01-17 12:00:41,469 - Trn--- loss: 3.7741,  labeled_recon_loss: 0.0302, labeled_kl_loss: 15.9383, labeled_reinflect_recon_acc: 0.9900
2024-01-17 12:00:43,374 - Tst--- loss: 0.0138, labeled_recon_loss: 0.0365, labeled_kl_loss: 0.0561,  labeled_reinflect_recon_acc: 0.9976, unique_tag_classes: 66, exact_match_dev_acc: 1439
2024-01-17 12:01:11,891 - exact_match_tst_acc: 0.994
2024-01-17 12:01:11,893 - exact_match_tst_reinflection_wlemma: 0.001
2024-01-17 12:01:12,384 - 
2024-01-17 12:01:12,385 - #epc: 10
2024-01-17 12:08:39,379 - epoch: 10, kl_weight: 0.20, tmp: 0.50
2024-01-17 12:08:39,381 - Trn--- loss: 3.7417,  labeled_recon_loss: 0.0298, labeled_kl_loss: 15.8080, labeled_reinflect_recon_acc: 0.9901
2024-01-17 12:08:41,201 - Tst--- loss: 0.0200, labeled_recon_loss: 0.1226, labeled_kl_loss: 0.0571,  labeled_reinflect_recon_acc: 0.9926, unique_tag_classes: 67, exact_match_dev_acc: 1429
2024-01-17 12:09:08,972 - exact_match_tst_acc: 0.989
2024-01-17 12:09:08,974 - exact_match_tst_reinflection_wlemma: 0.001
2024-01-17 12:09:09,449 - 
2024-01-17 12:09:09,450 - #epc: 11
2024-01-17 12:16:06,673 - epoch: 11, kl_weight: 0.20, tmp: 0.50
2024-01-17 12:16:06,674 - Trn--- loss: 3.7137,  labeled_recon_loss: 0.0295, labeled_kl_loss: 15.7029, labeled_reinflect_recon_acc: 0.9902
2024-01-17 12:16:08,629 - Tst--- loss: 0.0189, labeled_recon_loss: 0.1112, labeled_kl_loss: 0.0556,  labeled_reinflect_recon_acc: 0.9935, unique_tag_classes: 67, exact_match_dev_acc: 1430
2024-01-17 12:16:36,539 - exact_match_tst_acc: 0.993
2024-01-17 12:16:36,540 - exact_match_tst_reinflection_wlemma: 0.001
2024-01-17 12:16:37,032 - 
2024-01-17 12:16:37,033 - #epc: 12
2024-01-17 12:23:57,861 - epoch: 12, kl_weight: 0.20, tmp: 0.50
2024-01-17 12:23:57,863 - Trn--- loss: 3.6877,  labeled_recon_loss: 0.0290, labeled_kl_loss: 15.6192, labeled_reinflect_recon_acc: 0.9904
2024-01-17 12:23:59,779 - Tst--- loss: 0.0208, labeled_recon_loss: 0.1371, labeled_kl_loss: 0.0559,  labeled_reinflect_recon_acc: 0.9919, unique_tag_classes: 67, exact_match_dev_acc: 1428
2024-01-17 12:24:27,822 - exact_match_tst_acc: 0.989
2024-01-17 12:24:27,824 - exact_match_tst_reinflection_wlemma: 0.001
2024-01-17 12:24:28,321 - 
2024-01-17 12:24:28,322 - #epc: 13
2024-01-17 12:31:28,194 - epoch: 13, kl_weight: 0.20, tmp: 0.50
2024-01-17 12:31:28,196 - Trn--- loss: 3.6695,  labeled_recon_loss: 0.0286, labeled_kl_loss: 15.5702, labeled_reinflect_recon_acc: 0.9906
2024-01-17 12:31:29,993 - Tst--- loss: 0.0158, labeled_recon_loss: 0.0665, labeled_kl_loss: 0.0555,  labeled_reinflect_recon_acc: 0.9954, unique_tag_classes: 67, exact_match_dev_acc: 1431
2024-01-17 12:31:58,068 - exact_match_tst_acc: 0.989
2024-01-17 12:31:58,070 - exact_match_tst_reinflection_wlemma: 0.001
2024-01-17 12:31:58,546 - 
2024-01-17 12:31:58,547 - #epc: 14
2024-01-17 12:39:09,284 - epoch: 14, kl_weight: 0.20, tmp: 0.50
2024-01-17 12:39:09,285 - Trn--- loss: 3.6497,  labeled_recon_loss: 0.0282, labeled_kl_loss: 15.5015, labeled_reinflect_recon_acc: 0.9906
2024-01-17 12:39:11,288 - Tst--- loss: 0.0155, labeled_recon_loss: 0.0638, labeled_kl_loss: 0.0552,  labeled_reinflect_recon_acc: 0.9958, unique_tag_classes: 67, exact_match_dev_acc: 1434
2024-01-17 12:39:40,640 - exact_match_tst_acc: 0.994
2024-01-17 12:39:40,642 - exact_match_tst_reinflection_wlemma: 0.002
2024-01-17 12:39:41,169 - 
2024-01-17 12:39:41,170 - #epc: 15
2024-01-17 12:47:24,134 - epoch: 15, kl_weight: 0.20, tmp: 0.50
2024-01-17 12:47:24,136 - Trn--- loss: 3.6296,  labeled_recon_loss: 0.0280, labeled_kl_loss: 15.4256, labeled_reinflect_recon_acc: 0.9908
2024-01-17 12:47:26,038 - Tst--- loss: 0.0162, labeled_recon_loss: 0.0736, labeled_kl_loss: 0.0551,  labeled_reinflect_recon_acc: 0.9955, unique_tag_classes: 67, exact_match_dev_acc: 1432
2024-01-17 12:47:55,519 - exact_match_tst_acc: 0.991
2024-01-17 12:47:55,521 - exact_match_tst_reinflection_wlemma: 0.001
2024-01-17 12:47:56,052 - 
2024-01-17 12:47:56,053 - #epc: 16
2024-01-17 12:55:32,843 - epoch: 16, kl_weight: 0.20, tmp: 0.50
2024-01-17 12:55:32,845 - Trn--- loss: 3.6177,  labeled_recon_loss: 0.0279, labeled_kl_loss: 15.3801, labeled_reinflect_recon_acc: 0.9908
2024-01-17 12:55:34,727 - Tst--- loss: 0.0165, labeled_recon_loss: 0.0803, labeled_kl_loss: 0.0540,  labeled_reinflect_recon_acc: 0.9952, unique_tag_classes: 67, exact_match_dev_acc: 1434
2024-01-17 12:56:04,559 - exact_match_tst_acc: 0.993
2024-01-17 12:56:04,561 - exact_match_tst_reinflection_wlemma: 0.001
2024-01-17 12:56:05,068 - 
2024-01-17 12:56:05,069 - #epc: 17
2024-01-17 13:03:44,752 - epoch: 17, kl_weight: 0.20, tmp: 0.50
2024-01-17 13:03:44,754 - Trn--- loss: 3.5973,  labeled_recon_loss: 0.0273, labeled_kl_loss: 15.3296, labeled_reinflect_recon_acc: 0.9910
2024-01-17 13:03:46,639 - Tst--- loss: 0.0157, labeled_recon_loss: 0.0700, labeled_kl_loss: 0.0541,  labeled_reinflect_recon_acc: 0.9956, unique_tag_classes: 67, exact_match_dev_acc: 1434
2024-01-17 13:04:16,886 - exact_match_tst_acc: 0.991
2024-01-17 13:04:16,888 - exact_match_tst_reinflection_wlemma: 0.001
2024-01-17 13:04:17,430 - 
2024-01-17 13:04:17,431 - #epc: 18
2024-01-17 13:11:46,759 - epoch: 18, kl_weight: 0.20, tmp: 0.50
2024-01-17 13:11:46,761 - Trn--- loss: 3.5941,  labeled_recon_loss: 0.0276, labeled_kl_loss: 15.2872, labeled_reinflect_recon_acc: 0.9910
2024-01-17 13:11:49,003 - Tst--- loss: 0.0148, labeled_recon_loss: 0.0567, labeled_kl_loss: 0.0541,  labeled_reinflect_recon_acc: 0.9965, unique_tag_classes: 67, exact_match_dev_acc: 1435
2024-01-17 13:12:18,026 - exact_match_tst_acc: 0.988
2024-01-17 13:12:18,027 - exact_match_tst_reinflection_wlemma: 0.001
2024-01-17 13:12:18,546 - 
2024-01-17 13:12:18,548 - #epc: 19
2024-01-17 13:19:42,127 - epoch: 19, kl_weight: 0.20, tmp: 0.50
2024-01-17 13:19:42,129 - Trn--- loss: 3.5800,  labeled_recon_loss: 0.0272, labeled_kl_loss: 15.2581, labeled_reinflect_recon_acc: 0.9910
2024-01-17 13:19:44,029 - Tst--- loss: 0.0135, labeled_recon_loss: 0.0342, labeled_kl_loss: 0.0553,  labeled_reinflect_recon_acc: 0.9979, unique_tag_classes: 67, exact_match_dev_acc: 1440
2024-01-17 13:20:13,581 - exact_match_tst_acc: 0.990
2024-01-17 13:20:13,583 - exact_match_tst_reinflection_wlemma: 0.001
2024-01-17 13:20:14,094 - 
2024-01-17 13:20:14,095 - #epc: 20
2024-01-17 13:27:35,988 - epoch: 20, kl_weight: 0.20, tmp: 0.50
2024-01-17 13:27:35,990 - Trn--- loss: 3.5620,  labeled_recon_loss: 0.0269, labeled_kl_loss: 15.1962, labeled_reinflect_recon_acc: 0.9911
2024-01-17 13:27:37,841 - Tst--- loss: 0.0138, labeled_recon_loss: 0.0438, labeled_kl_loss: 0.0534,  labeled_reinflect_recon_acc: 0.9974, unique_tag_classes: 67, exact_match_dev_acc: 1439
2024-01-17 13:28:07,626 - exact_match_tst_acc: 0.994
2024-01-17 13:28:07,628 - exact_match_tst_reinflection_wlemma: 0.001
2024-01-17 13:28:08,140 - 
2024-01-17 13:28:08,141 - #epc: 21
2024-01-17 13:35:27,506 - epoch: 21, kl_weight: 0.20, tmp: 0.50
2024-01-17 13:35:27,507 - Trn--- loss: 3.5570,  labeled_recon_loss: 0.0270, labeled_kl_loss: 15.1596, labeled_reinflect_recon_acc: 0.9911
2024-01-17 13:35:29,408 - Tst--- loss: 0.0179, labeled_recon_loss: 0.1008, labeled_kl_loss: 0.0540,  labeled_reinflect_recon_acc: 0.9942, unique_tag_classes: 66, exact_match_dev_acc: 1433
2024-01-17 13:35:59,082 - exact_match_tst_acc: 0.990
2024-01-17 13:35:59,084 - exact_match_tst_reinflection_wlemma: 0.001
2024-01-17 13:35:59,781 - 
2024-01-17 13:35:59,782 - #epc: 22
2024-01-17 13:43:26,260 - epoch: 22, kl_weight: 0.20, tmp: 0.50
2024-01-17 13:43:26,261 - Trn--- loss: 3.5429,  labeled_recon_loss: 0.0267, labeled_kl_loss: 15.1200, labeled_reinflect_recon_acc: 0.9912
2024-01-17 13:43:28,135 - Tst--- loss: 0.0179, labeled_recon_loss: 0.0974, labeled_kl_loss: 0.0554,  labeled_reinflect_recon_acc: 0.9943, unique_tag_classes: 67, exact_match_dev_acc: 1431
2024-01-17 13:43:57,193 - exact_match_tst_acc: 0.990
2024-01-17 13:43:57,194 - exact_match_tst_reinflection_wlemma: 0.001
2024-01-17 13:43:57,700 - 
2024-01-17 13:43:57,701 - #epc: 23
2024-01-17 13:51:26,240 - epoch: 23, kl_weight: 0.20, tmp: 0.50
2024-01-17 13:51:26,241 - Trn--- loss: 3.5329,  labeled_recon_loss: 0.0264, labeled_kl_loss: 15.0988, labeled_reinflect_recon_acc: 0.9913
2024-01-17 13:51:28,076 - Tst--- loss: 0.0165, labeled_recon_loss: 0.0816, labeled_kl_loss: 0.0540,  labeled_reinflect_recon_acc: 0.9952, unique_tag_classes: 67, exact_match_dev_acc: 1434
2024-01-17 13:51:58,141 - exact_match_tst_acc: 0.994
2024-01-17 13:51:58,142 - exact_match_tst_reinflection_wlemma: 0.001
2024-01-17 13:51:58,635 - 
2024-01-17 13:51:58,637 - #epc: 24
2024-01-17 13:59:25,776 - epoch: 24, kl_weight: 0.20, tmp: 0.50
2024-01-17 13:59:25,777 - Trn--- loss: 3.5301,  labeled_recon_loss: 0.0264, labeled_kl_loss: 15.0795, labeled_reinflect_recon_acc: 0.9913
2024-01-17 13:59:27,614 - Tst--- loss: 0.0169, labeled_recon_loss: 0.0871, labeled_kl_loss: 0.0539,  labeled_reinflect_recon_acc: 0.9946, unique_tag_classes: 66, exact_match_dev_acc: 1429
2024-01-17 13:59:57,151 - exact_match_tst_acc: 0.990
2024-01-17 13:59:57,153 - exact_match_tst_reinflection_wlemma: 0.001
2024-01-17 13:59:58,852 - 
2024-01-17 13:59:58,853 - #epc: 25
2024-01-17 14:07:21,154 - epoch: 25, kl_weight: 0.20, tmp: 0.50
2024-01-17 14:07:21,155 - Trn--- loss: 3.5177,  labeled_recon_loss: 0.0262, labeled_kl_loss: 15.0399, labeled_reinflect_recon_acc: 0.9914
2024-01-17 14:07:23,034 - Tst--- loss: 0.0133, labeled_recon_loss: 0.0338, labeled_kl_loss: 0.0545,  labeled_reinflect_recon_acc: 0.9982, unique_tag_classes: 66, exact_match_dev_acc: 1440
2024-01-17 14:07:52,202 - exact_match_tst_acc: 0.992
2024-01-17 14:07:52,203 - exact_match_tst_reinflection_wlemma: 0.001
2024-01-17 14:07:52,734 - 
2024-01-17 14:07:52,735 - #epc: 26
2024-01-17 14:15:20,268 - epoch: 26, kl_weight: 0.20, tmp: 0.50
2024-01-17 14:15:20,270 - Trn--- loss: 3.5059,  labeled_recon_loss: 0.0262, labeled_kl_loss: 14.9865, labeled_reinflect_recon_acc: 0.9914
2024-01-17 14:15:22,150 - Tst--- loss: 0.0176, labeled_recon_loss: 0.0997, labeled_kl_loss: 0.0528,  labeled_reinflect_recon_acc: 0.9943, unique_tag_classes: 66, exact_match_dev_acc: 1431
2024-01-17 14:15:51,823 - exact_match_tst_acc: 0.992
2024-01-17 14:15:51,824 - exact_match_tst_reinflection_wlemma: 0.001
2024-01-17 14:15:52,478 - 
2024-01-17 14:15:52,479 - #epc: 27
2024-01-17 14:23:14,018 - epoch: 27, kl_weight: 0.20, tmp: 0.50
2024-01-17 14:23:14,019 - Trn--- loss: 3.4973,  labeled_recon_loss: 0.0260, labeled_kl_loss: 14.9619, labeled_reinflect_recon_acc: 0.9915
2024-01-17 14:23:15,819 - Tst--- loss: 0.0167, labeled_recon_loss: 0.0853, labeled_kl_loss: 0.0536,  labeled_reinflect_recon_acc: 0.9952, unique_tag_classes: 66, exact_match_dev_acc: 1432
2024-01-17 14:23:44,501 - exact_match_tst_acc: 0.990
2024-01-17 14:23:44,502 - exact_match_tst_reinflection_wlemma: 0.001
2024-01-17 14:23:44,994 - 
2024-01-17 14:23:44,995 - #epc: 28
2024-01-17 14:31:03,113 - epoch: 28, kl_weight: 0.20, tmp: 0.50
2024-01-17 14:31:03,115 - Trn--- loss: 3.4958,  labeled_recon_loss: 0.0260, labeled_kl_loss: 14.9502, labeled_reinflect_recon_acc: 0.9915
2024-01-17 14:31:05,001 - Tst--- loss: 0.0291, labeled_recon_loss: 0.2630, labeled_kl_loss: 0.0530,  labeled_reinflect_recon_acc: 0.9856, unique_tag_classes: 66, exact_match_dev_acc: 1416
2024-01-17 14:31:34,008 - exact_match_tst_acc: 0.978
2024-01-17 14:31:34,009 - exact_match_tst_reinflection_wlemma: 0.001
2024-01-17 14:31:34,733 - 
2024-01-17 14:31:34,734 - #epc: 29
2024-01-17 14:38:56,375 - epoch: 29, kl_weight: 0.20, tmp: 0.50
2024-01-17 14:38:56,377 - Trn--- loss: 3.4890,  labeled_recon_loss: 0.0260, labeled_kl_loss: 14.9128, labeled_reinflect_recon_acc: 0.9915
2024-01-17 14:38:58,251 - Tst--- loss: 0.0140, labeled_recon_loss: 0.0469, labeled_kl_loss: 0.0537,  labeled_reinflect_recon_acc: 0.9971, unique_tag_classes: 65, exact_match_dev_acc: 1433
2024-01-17 14:39:27,014 - exact_match_tst_acc: 0.992
2024-01-17 14:39:27,015 - exact_match_tst_reinflection_wlemma: 0.001
