2023-12-16 14:35:51,836 - trnsize: 404897
2023-12-16 14:35:51,840 - devsize: 1446
2023-12-16 14:35:51,841 - tstsize: 1446
2023-12-16 14:35:52,476 - Trn unique tgts: 404896
2023-12-16 14:35:52,477 - Trn unique lemmas: 588
2023-12-16 14:35:52,478 - Trn unique taglists: 703
2023-12-16 14:35:52,479 - Dev unique tgts: 1446
2023-12-16 14:35:52,479 - Dev unique lemmas: 536
2023-12-16 14:35:52,480 - Dev unique taglists: 616
2023-12-16 14:35:52,481 - Tst unique tgts: 1446
2023-12-16 14:35:52,481 - Tst unique lemmas: 536
2023-12-16 14:35:52,482 - Tst unique taglists: 616
2023-12-16 14:35:52,483 - seen_dev_tgt: 1
2023-12-16 14:35:52,484 - seen_dev_lemma: 1446
2023-12-16 14:35:52,484 - seen_dev_taglist: 1446
2023-12-16 14:35:52,485 - seen_tst_tgt: 1
2023-12-16 14:35:52,485 - seen_tst_lemma: 1446
2023-12-16 14:35:52,486 - seen_tst_taglist: 1446
2023-12-16 14:36:15,886 - trnID: run1_8x6_zLEM100_zTAG128_decnh1024_kl1.0_epc10_strt5_decdo0.2_inpemb128_bsize64
2023-12-16 14:36:15,887 - batchsize: 64
2023-12-16 14:36:15,888 - epochs: 75
2023-12-16 14:36:15,889 - lr: 0.00050
2023-12-16 14:36:15,889 - KL_WEIGHT: 1.00000
2023-12-16 14:36:15,890 - opt: Adam (
Parameter Group 0
    amsgrad: False
    betas: (0.5, 0.999)
    capturable: False
    eps: 1e-08
    foreach: None
    lr: 0.0005
    maximize: False
    weight_decay: 0
)
2023-12-16 14:36:15,891 - VQVAE(
  (encoder): Encoder_GRU_VQVAE(
    (layers): ModuleList(
      (0): Embedding(39, 128)
      (1): Dropout(p=0.0, inplace=False)
      (2): GRU(128, 256, batch_first=True, bidirectional=True)
    )
  )
  (z_linears): ModuleList(
    (0): Linear(in_features=256, out_features=128, bias=True)
    (1): Linear(in_features=256, out_features=128, bias=True)
    (2): Linear(in_features=256, out_features=128, bias=True)
    (3): Linear(in_features=256, out_features=128, bias=True)
    (4): Linear(in_features=256, out_features=128, bias=True)
    (5): Linear(in_features=256, out_features=128, bias=True)
    (6): Linear(in_features=256, out_features=128, bias=True)
    (7): Linear(in_features=256, out_features=128, bias=True)
  )
  (quantizers): ModuleList(
    (0): Quantizer(
      (embeddings): Embedding(6, 128)
    )
    (1): Quantizer(
      (embeddings): Embedding(6, 128)
    )
    (2): Quantizer(
      (embeddings): Embedding(6, 128)
    )
    (3): Quantizer(
      (embeddings): Embedding(6, 128)
    )
    (4): Quantizer(
      (embeddings): Embedding(6, 128)
    )
    (5): Quantizer(
      (embeddings): Embedding(6, 128)
    )
    (6): Quantizer(
      (embeddings): Embedding(6, 128)
    )
    (7): Quantizer(
      (embeddings): Embedding(6, 128)
    )
  )
  (z_lemma_mu): Linear(in_features=256, out_features=100, bias=True)
  (z_lemma_logvar): Linear(in_features=256, out_features=100, bias=True)
  (up_from_z_layer): Linear(in_features=228, out_features=1024, bias=True)
  (decoder): Decoder_GRU_VQVAE(
    (layers): ModuleList(
      (0): Embedding(39, 128)
      (1): Dropout(p=0.2, inplace=False)
      (2): GRU(356, 1024, batch_first=True)
      (3): Linear(in_features=1024, out_features=39, bias=True)
    )
    (loss): CrossEntropyLoss()
  )
)
2023-12-16 14:36:16,072 - trnsize: 404897
2023-12-16 14:36:16,073 - devsize: 1446
2023-12-16 14:36:16,074 - tstsize: 1446
2023-12-16 14:36:16,075 - 
2023-12-16 14:36:16,076 - #epc: 0
2023-12-16 14:36:16,080 - epc:0, epc_KL:  0.000000
2023-12-16 14:43:59,289 - exact_match_tst_copy_acc: 0.997
2023-12-16 14:43:59,290 - exact_match_tst_reinflection_wlemma: 0.099
2023-12-16 14:43:59,291 - exact_match_tst_reinflection_wlemma_TAGFINDER1: 0.095
2023-12-16 14:43:59,292 - exact_match_tst_reinflection_wlemma_TAGFINDER1_or_2: 0.100
2023-12-16 14:43:59,612 - TRN || epcloss: 0.0705
2023-12-16 14:43:59,612 -     || Q: 0.0878
2023-12-16 14:43:59,613 -     || KL: 5.4187
2023-12-16 14:43:59,614 -     || token_match: 0.979, exact_match: 0.847
2023-12-16 14:43:59,615 -     || unique taglist code: 10248
2023-12-16 14:43:59,616 - DEV || epcloss: 0.0007
2023-12-16 14:43:59,616 -     || Q: 0.0080
2023-12-16 14:43:59,617 -     || KL: 13.4451
2023-12-16 14:43:59,618 -     || token_match: 1.000, exact_match: 0.997
2023-12-16 14:43:59,619 -     || unique taglist code: 383
2023-12-16 14:43:59,620 -     || seen taglist code: 376
2023-12-16 14:43:59,621 -     || MOST used trncode: 10248
2023-12-16 14:43:59,631 -     || MOST used devcode: 383
2023-12-16 14:43:59,632 -     || BEST exact match (teacher forcing): 0.997
2023-12-16 14:43:59,763 -     || saved model
2023-12-16 14:43:59,766 - 
2023-12-16 14:43:59,767 - #epc: 1
2023-12-16 14:44:00,817 - epc:1, epc_KL:  0.000000
2023-12-16 14:51:48,945 - exact_match_tst_copy_acc: 0.998
2023-12-16 14:51:48,946 - exact_match_tst_reinflection_wlemma: 0.083
2023-12-16 14:51:48,947 - exact_match_tst_reinflection_wlemma_TAGFINDER1: 0.080
2023-12-16 14:51:48,948 - exact_match_tst_reinflection_wlemma_TAGFINDER1_or_2: 0.085
2023-12-16 14:51:49,231 - TRN || epcloss: 0.0047
2023-12-16 14:51:49,232 -     || Q: 0.0105
2023-12-16 14:51:49,233 -     || KL: 6.3887
2023-12-16 14:51:49,233 -     || token_match: 0.999, exact_match: 0.983
2023-12-16 14:51:49,234 -     || unique taglist code: 7754
2023-12-16 14:51:49,235 - DEV || epcloss: 0.0003
2023-12-16 14:51:49,236 -     || Q: 0.0027
2023-12-16 14:51:49,237 -     || KL: 14.4678
2023-12-16 14:51:49,237 -     || token_match: 1.000, exact_match: 0.999
2023-12-16 14:51:49,238 -     || unique taglist code: 419
2023-12-16 14:51:49,239 -     || seen taglist code: 413
2023-12-16 14:51:49,240 -     || MOST used devcode: 419
2023-12-16 14:51:49,241 -     || BEST exact match (teacher forcing): 0.999
2023-12-16 14:51:49,294 -     || saved model
2023-12-16 14:51:49,296 - 
2023-12-16 14:51:49,297 - #epc: 2
2023-12-16 14:51:50,025 - epc:2, epc_KL:  0.000000
2023-12-16 14:59:39,793 - exact_match_tst_copy_acc: 0.998
2023-12-16 14:59:39,794 - exact_match_tst_reinflection_wlemma: 0.091
2023-12-16 14:59:39,795 - exact_match_tst_reinflection_wlemma_TAGFINDER1: 0.089
2023-12-16 14:59:39,796 - exact_match_tst_reinflection_wlemma_TAGFINDER1_or_2: 0.093
2023-12-16 14:59:40,097 - TRN || epcloss: 0.0043
2023-12-16 14:59:40,098 -     || Q: 0.0084
2023-12-16 14:59:40,099 -     || KL: 6.7302
2023-12-16 14:59:40,099 -     || token_match: 0.999, exact_match: 0.986
2023-12-16 14:59:40,100 -     || unique taglist code: 11165
2023-12-16 14:59:40,101 - DEV || epcloss: 0.0005
2023-12-16 14:59:40,102 -     || Q: 0.0046
2023-12-16 14:59:40,102 -     || KL: 15.1928
2023-12-16 14:59:40,105 -     || token_match: 1.000, exact_match: 0.997
2023-12-16 14:59:40,105 -     || unique taglist code: 463
2023-12-16 14:59:40,107 -     || seen taglist code: 439
2023-12-16 14:59:40,108 -     || MOST used trncode: 11165
2023-12-16 14:59:40,108 -     || MOST used devcode: 463
2023-12-16 14:59:40,169 -     || saved model
2023-12-16 14:59:40,171 - 
2023-12-16 14:59:40,172 - #epc: 3
2023-12-16 14:59:40,892 - epc:3, epc_KL:  0.000000
2023-12-16 15:07:30,494 - exact_match_tst_copy_acc: 0.998
2023-12-16 15:07:30,496 - exact_match_tst_reinflection_wlemma: 0.084
2023-12-16 15:07:30,497 - exact_match_tst_reinflection_wlemma_TAGFINDER1: 0.082
2023-12-16 15:07:30,498 - exact_match_tst_reinflection_wlemma_TAGFINDER1_or_2: 0.084
2023-12-16 15:07:30,753 - TRN || epcloss: 0.0021
2023-12-16 15:07:30,754 -     || Q: 0.0043
2023-12-16 15:07:30,755 -     || KL: 7.1093
2023-12-16 15:07:30,755 -     || token_match: 0.999, exact_match: 0.991
2023-12-16 15:07:30,756 -     || unique taglist code: 12530
2023-12-16 15:07:30,757 - DEV || epcloss: 0.0006
2023-12-16 15:07:30,758 -     || Q: 0.0034
2023-12-16 15:07:30,759 -     || KL: 15.4405
2023-12-16 15:07:30,759 -     || token_match: 1.000, exact_match: 0.998
2023-12-16 15:07:30,760 -     || unique taglist code: 540
2023-12-16 15:07:30,761 -     || seen taglist code: 508
2023-12-16 15:07:30,762 -     || MOST used trncode: 12530
2023-12-16 15:07:30,763 -     || MOST used devcode: 540
2023-12-16 15:07:30,854 -     || saved model
2023-12-16 15:07:30,856 - 
2023-12-16 15:07:30,857 - #epc: 4
2023-12-16 15:07:31,618 - epc:4, epc_KL:  0.000000
2023-12-16 15:15:21,355 - exact_match_tst_copy_acc: 0.997
2023-12-16 15:15:21,357 - exact_match_tst_reinflection_wlemma: 0.065
2023-12-16 15:15:21,358 - exact_match_tst_reinflection_wlemma_TAGFINDER1: 0.065
2023-12-16 15:15:21,359 - exact_match_tst_reinflection_wlemma_TAGFINDER1_or_2: 0.067
2023-12-16 15:15:21,607 - TRN || epcloss: 0.0020
2023-12-16 15:15:21,608 -     || Q: 0.0043
2023-12-16 15:15:21,609 -     || KL: 7.4237
2023-12-16 15:15:21,609 -     || token_match: 1.000, exact_match: 0.991
2023-12-16 15:15:21,610 -     || unique taglist code: 13594
2023-12-16 15:15:21,611 - DEV || epcloss: 0.0007
2023-12-16 15:15:21,612 -     || Q: 0.0028
2023-12-16 15:15:21,613 -     || KL: 16.9520
2023-12-16 15:15:21,614 -     || token_match: 1.000, exact_match: 0.997
2023-12-16 15:15:21,615 -     || unique taglist code: 387
2023-12-16 15:15:21,616 -     || seen taglist code: 372
2023-12-16 15:15:21,617 -     || MOST used trncode: 13594
2023-12-16 15:15:21,698 -     || saved model
2023-12-16 15:15:21,700 - 
2023-12-16 15:15:21,701 - #epc: 5
2023-12-16 15:15:22,419 - epc:5, epc_KL:  0.100000
2023-12-16 15:23:14,391 - exact_match_tst_copy_acc: 0.987
2023-12-16 15:23:14,392 - exact_match_tst_reinflection_wlemma: 0.633
2023-12-16 15:23:14,393 - exact_match_tst_reinflection_wlemma_TAGFINDER1: 0.598
2023-12-16 15:23:14,394 - exact_match_tst_reinflection_wlemma_TAGFINDER1_or_2: 0.658
2023-12-16 15:23:14,751 - TRN || epcloss: 0.0192
2023-12-16 15:23:14,752 -     || Q: 0.0259
2023-12-16 15:23:14,753 -     || KL: 0.6761
2023-12-16 15:23:14,754 -     || token_match: 0.994, exact_match: 0.897
2023-12-16 15:23:14,755 -     || unique taglist code: 38745
2023-12-16 15:23:14,756 - DEV || epcloss: 0.0113
2023-12-16 15:23:14,757 -     || Q: 0.0366
2023-12-16 15:23:14,758 -     || KL: 1.1455
2023-12-16 15:23:14,759 -     || token_match: 0.997, exact_match: 0.939
2023-12-16 15:23:14,759 -     || unique taglist code: 1131
2023-12-16 15:23:14,761 -     || seen taglist code: 1047
2023-12-16 15:23:14,763 -     || MOST used trncode: 38745
2023-12-16 15:23:14,764 -     || MOST used devcode: 1131
2023-12-16 15:23:14,880 -     || saved model
2023-12-16 15:23:14,883 - 
2023-12-16 15:23:14,885 - #epc: 6
2023-12-16 15:23:15,774 - epc:6, epc_KL:  0.200000
2023-12-16 15:31:08,161 - exact_match_tst_copy_acc: 0.984
2023-12-16 15:31:08,163 - exact_match_tst_reinflection_wlemma: 0.959
2023-12-16 15:31:08,164 - exact_match_tst_reinflection_wlemma_TAGFINDER1: 0.884
2023-12-16 15:31:08,164 - exact_match_tst_reinflection_wlemma_TAGFINDER1_or_2: 0.954
2023-12-16 15:31:08,553 - TRN || epcloss: 0.0195
2023-12-16 15:31:08,555 -     || Q: 0.0680
2023-12-16 15:31:08,556 -     || KL: 0.3451
2023-12-16 15:31:08,557 -     || token_match: 0.994, exact_match: 0.894
2023-12-16 15:31:08,557 -     || unique taglist code: 31076
2023-12-16 15:31:08,558 - DEV || epcloss: 0.0134
2023-12-16 15:31:08,559 -     || Q: 0.0732
2023-12-16 15:31:08,560 -     || KL: 0.6225
2023-12-16 15:31:08,561 -     || token_match: 0.996, exact_match: 0.923
2023-12-16 15:31:08,562 -     || unique taglist code: 1191
2023-12-16 15:31:08,564 -     || seen taglist code: 1147
2023-12-16 15:31:08,565 -     || MOST used devcode: 1191
2023-12-16 15:31:08,619 -     || saved model
2023-12-16 15:31:08,621 - 
2023-12-16 15:31:08,622 - #epc: 7
2023-12-16 15:31:09,344 - epc:7, epc_KL:  0.300000
2023-12-16 15:39:03,828 - exact_match_tst_copy_acc: 0.987
2023-12-16 15:39:03,829 - exact_match_tst_reinflection_wlemma: 0.971
2023-12-16 15:39:03,829 - exact_match_tst_reinflection_wlemma_TAGFINDER1: 0.816
2023-12-16 15:39:03,830 - exact_match_tst_reinflection_wlemma_TAGFINDER1_or_2: 0.941
2023-12-16 15:39:04,189 - TRN || epcloss: 0.0196
2023-12-16 15:39:04,190 -     || Q: 0.1098
2023-12-16 15:39:04,191 -     || KL: 0.2395
2023-12-16 15:39:04,192 -     || token_match: 0.994, exact_match: 0.894
2023-12-16 15:39:04,192 -     || unique taglist code: 35725
2023-12-16 15:39:04,193 - DEV || epcloss: 0.0143
2023-12-16 15:39:04,194 -     || Q: 0.1035
2023-12-16 15:39:04,195 -     || KL: 0.4738
2023-12-16 15:39:04,195 -     || token_match: 0.996, exact_match: 0.920
2023-12-16 15:39:04,196 -     || unique taglist code: 1317
2023-12-16 15:39:04,198 -     || seen taglist code: 1241
2023-12-16 15:39:04,199 -     || MOST used devcode: 1317
2023-12-16 15:39:04,253 -     || saved model
2023-12-16 15:39:04,255 - 
2023-12-16 15:39:04,257 - #epc: 8
2023-12-16 15:39:04,966 - epc:8, epc_KL:  0.400000
2023-12-16 15:47:01,215 - exact_match_tst_copy_acc: 0.990
2023-12-16 15:47:01,216 - exact_match_tst_reinflection_wlemma: 0.985
2023-12-16 15:47:01,217 - exact_match_tst_reinflection_wlemma_TAGFINDER1: 0.727
2023-12-16 15:47:01,218 - exact_match_tst_reinflection_wlemma_TAGFINDER1_or_2: 0.916
2023-12-16 15:47:01,580 - TRN || epcloss: 0.0212
2023-12-16 15:47:01,581 -     || Q: 0.1558
2023-12-16 15:47:01,582 -     || KL: 0.1902
2023-12-16 15:47:01,583 -     || token_match: 0.994, exact_match: 0.888
2023-12-16 15:47:01,584 -     || unique taglist code: 47671
2023-12-16 15:47:01,585 - DEV || epcloss: 0.0177
2023-12-16 15:47:01,586 -     || Q: 0.1585
2023-12-16 15:47:01,587 -     || KL: 0.3699
2023-12-16 15:47:01,587 -     || token_match: 0.995, exact_match: 0.902
2023-12-16 15:47:01,588 -     || unique taglist code: 1361
2023-12-16 15:47:01,590 -     || seen taglist code: 1249
2023-12-16 15:47:01,592 -     || MOST used trncode: 47671
2023-12-16 15:47:01,592 -     || MOST used devcode: 1361
2023-12-16 15:47:01,653 -     || saved model
2023-12-16 15:47:01,655 - 
2023-12-16 15:47:01,656 - #epc: 9
2023-12-16 15:47:02,369 - epc:9, epc_KL:  0.500000
2023-12-16 15:54:57,897 - exact_match_tst_copy_acc: 0.947
2023-12-16 15:54:57,898 - exact_match_tst_reinflection_wlemma: 0.943
2023-12-16 15:54:57,899 - exact_match_tst_reinflection_wlemma_TAGFINDER1: 0.593
2023-12-16 15:54:57,900 - exact_match_tst_reinflection_wlemma_TAGFINDER1_or_2: 0.835
2023-12-16 15:54:58,307 - TRN || epcloss: 0.0252
2023-12-16 15:54:58,308 -     || Q: 0.2506
2023-12-16 15:54:58,309 -     || KL: 0.1574
2023-12-16 15:54:58,310 -     || token_match: 0.993, exact_match: 0.871
2023-12-16 15:54:58,311 -     || unique taglist code: 66788
2023-12-16 15:54:58,312 - DEV || epcloss: 0.0234
2023-12-16 15:54:58,313 -     || Q: 0.2553
2023-12-16 15:54:58,314 -     || KL: 0.3271
2023-12-16 15:54:58,315 -     || token_match: 0.993, exact_match: 0.881
2023-12-16 15:54:58,315 -     || unique taglist code: 1398
2023-12-16 15:54:58,318 -     || seen taglist code: 1290
2023-12-16 15:54:58,319 -     || MOST used trncode: 66788
2023-12-16 15:54:58,320 -     || MOST used devcode: 1398
2023-12-16 15:54:58,397 -     || saved model
2023-12-16 15:54:58,399 - 
2023-12-16 15:54:58,400 - #epc: 10
2023-12-16 15:54:59,116 - epc:10, epc_KL:  0.600000
2023-12-16 16:02:55,624 - exact_match_tst_copy_acc: 0.982
2023-12-16 16:02:55,625 - exact_match_tst_reinflection_wlemma: 0.983
2023-12-16 16:02:55,626 - exact_match_tst_reinflection_wlemma_TAGFINDER1: 0.563
2023-12-16 16:02:55,627 - exact_match_tst_reinflection_wlemma_TAGFINDER1_or_2: 0.821
2023-12-16 16:02:56,034 - TRN || epcloss: 0.0272
2023-12-16 16:02:56,035 -     || Q: 0.3213
2023-12-16 16:02:56,035 -     || KL: 0.1346
2023-12-16 16:02:56,036 -     || token_match: 0.992, exact_match: 0.861
2023-12-16 16:02:56,037 -     || unique taglist code: 73644
2023-12-16 16:02:56,038 - DEV || epcloss: 0.0212
2023-12-16 16:02:56,039 -     || Q: 0.2923
2023-12-16 16:02:56,039 -     || KL: 0.2706
2023-12-16 16:02:56,040 -     || token_match: 0.994, exact_match: 0.882
2023-12-16 16:02:56,041 -     || unique taglist code: 1414
2023-12-16 16:02:56,044 -     || seen taglist code: 1280
2023-12-16 16:02:56,045 -     || MOST used trncode: 73644
2023-12-16 16:02:56,045 -     || MOST used devcode: 1414
2023-12-16 16:02:56,135 -     || saved model
2023-12-16 16:02:56,137 - 
2023-12-16 16:02:56,138 - #epc: 11
2023-12-16 16:02:56,864 - epc:11, epc_KL:  0.700000
2023-12-16 16:10:52,472 - exact_match_tst_copy_acc: 0.965
2023-12-16 16:10:52,473 - exact_match_tst_reinflection_wlemma: 0.963
2023-12-16 16:10:52,474 - exact_match_tst_reinflection_wlemma_TAGFINDER1: 0.510
2023-12-16 16:10:52,475 - exact_match_tst_reinflection_wlemma_TAGFINDER1_or_2: 0.779
2023-12-16 16:10:52,854 - TRN || epcloss: 0.0300
2023-12-16 16:10:52,855 -     || Q: 0.3886
2023-12-16 16:10:52,856 -     || KL: 0.1177
2023-12-16 16:10:52,857 -     || token_match: 0.991, exact_match: 0.847
2023-12-16 16:10:52,857 -     || unique taglist code: 97887
2023-12-16 16:10:52,858 - DEV || epcloss: 0.0267
2023-12-16 16:10:52,859 -     || Q: 0.4038
2023-12-16 16:10:52,860 -     || KL: 0.2358
2023-12-16 16:10:52,861 -     || token_match: 0.992, exact_match: 0.853
2023-12-16 16:10:52,861 -     || unique taglist code: 1432
2023-12-16 16:10:52,864 -     || seen taglist code: 1140
2023-12-16 16:10:52,866 -     || MOST used trncode: 97887
2023-12-16 16:10:52,866 -     || MOST used devcode: 1432
2023-12-16 16:10:52,972 -     || saved model
2023-12-16 16:10:52,974 - 
2023-12-16 16:10:52,975 - #epc: 12
2023-12-16 16:10:53,715 - epc:12, epc_KL:  0.800000
2023-12-16 16:18:48,953 - exact_match_tst_copy_acc: 0.938
2023-12-16 16:18:48,954 - exact_match_tst_reinflection_wlemma: 0.938
2023-12-16 16:18:48,955 - exact_match_tst_reinflection_wlemma_TAGFINDER1: 0.448
2023-12-16 16:18:48,956 - exact_match_tst_reinflection_wlemma_TAGFINDER1_or_2: 0.725
2023-12-16 16:18:49,276 - TRN || epcloss: 0.0345
2023-12-16 16:18:49,277 -     || Q: 0.5099
2023-12-16 16:18:49,278 -     || KL: 0.1012
2023-12-16 16:18:49,279 -     || token_match: 0.990, exact_match: 0.828
2023-12-16 16:18:49,280 -     || unique taglist code: 139786
2023-12-16 16:18:49,281 - DEV || epcloss: 0.0316
2023-12-16 16:18:49,282 -     || Q: 0.5085
2023-12-16 16:18:49,283 -     || KL: 0.2068
2023-12-16 16:18:49,284 -     || token_match: 0.991, exact_match: 0.837
2023-12-16 16:18:49,285 -     || unique taglist code: 1433
2023-12-16 16:18:49,288 -     || seen taglist code: 1068
2023-12-16 16:18:49,289 -     || MOST used trncode: 139786
2023-12-16 16:18:49,290 -     || MOST used devcode: 1433
2023-12-16 16:18:49,405 -     || saved model
2023-12-16 16:18:49,407 - 
2023-12-16 16:18:49,408 - #epc: 13
2023-12-16 16:18:50,119 - epc:13, epc_KL:  0.900000
2023-12-16 16:26:49,317 - exact_match_tst_copy_acc: 0.930
2023-12-16 16:26:49,318 - exact_match_tst_reinflection_wlemma: 0.923
2023-12-16 16:26:49,319 - exact_match_tst_reinflection_wlemma_TAGFINDER1: 0.420
2023-12-16 16:26:49,320 - exact_match_tst_reinflection_wlemma_TAGFINDER1_or_2: 0.692
2023-12-16 16:26:49,617 - TRN || epcloss: 0.0377
2023-12-16 16:26:49,618 -     || Q: 0.6300
2023-12-16 16:26:49,623 -     || KL: 0.0870
2023-12-16 16:26:49,624 -     || token_match: 0.989, exact_match: 0.815
2023-12-16 16:26:49,624 -     || unique taglist code: 186268
2023-12-16 16:26:49,625 - DEV || epcloss: 0.0370
2023-12-16 16:26:49,626 -     || Q: 0.7159
2023-12-16 16:26:49,627 -     || KL: 0.1824
2023-12-16 16:26:49,627 -     || token_match: 0.990, exact_match: 0.815
2023-12-16 16:26:49,628 -     || unique taglist code: 1442
2023-12-16 16:26:49,630 -     || seen taglist code: 1031
2023-12-16 16:26:49,631 -     || MOST used trncode: 186268
2023-12-16 16:26:49,632 -     || MOST used devcode: 1442
2023-12-16 16:26:49,695 -     || saved model
2023-12-16 16:26:49,696 - 
2023-12-16 16:26:49,697 - #epc: 14
2023-12-16 16:26:50,415 - epc:14, epc_KL:  1.000000
2023-12-16 16:34:45,979 - exact_match_tst_copy_acc: 0.920
2023-12-16 16:34:45,980 - exact_match_tst_reinflection_wlemma: 0.923
2023-12-16 16:34:45,981 - exact_match_tst_reinflection_wlemma_TAGFINDER1: 0.409
2023-12-16 16:34:45,981 - exact_match_tst_reinflection_wlemma_TAGFINDER1_or_2: 0.679
2023-12-16 16:34:46,279 - TRN || epcloss: 0.0403
2023-12-16 16:34:46,280 -     || Q: 0.7559
2023-12-16 16:34:46,281 -     || KL: 0.0745
2023-12-16 16:34:46,282 -     || token_match: 0.988, exact_match: 0.802
2023-12-16 16:34:46,282 -     || unique taglist code: 198532
2023-12-16 16:34:46,283 - DEV || epcloss: 0.0388
2023-12-16 16:34:46,284 -     || Q: 0.7696
2023-12-16 16:34:46,285 -     || KL: 0.1483
2023-12-16 16:34:46,286 -     || token_match: 0.989, exact_match: 0.805
2023-12-16 16:34:46,287 -     || unique taglist code: 1438
2023-12-16 16:34:46,290 -     || seen taglist code: 1057
2023-12-16 16:34:46,291 -     || MOST used trncode: 198532
2023-12-16 16:34:46,391 -     || saved model
2023-12-16 16:34:46,393 - 
2023-12-16 16:34:46,394 - #epc: 15
2023-12-16 16:34:47,131 - epc:15, epc_KL:  1.000000
2023-12-16 16:42:42,007 - exact_match_tst_copy_acc: 0.923
2023-12-16 16:42:42,008 - exact_match_tst_reinflection_wlemma: 0.922
2023-12-16 16:42:42,009 - exact_match_tst_reinflection_wlemma_TAGFINDER1: 0.409
2023-12-16 16:42:42,010 - exact_match_tst_reinflection_wlemma_TAGFINDER1_or_2: 0.681
2023-12-16 16:42:42,283 - TRN || epcloss: 0.0404
2023-12-16 16:42:42,285 -     || Q: 0.8456
2023-12-16 16:42:42,285 -     || KL: 0.0683
2023-12-16 16:42:42,286 -     || token_match: 0.988, exact_match: 0.801
2023-12-16 16:42:42,287 -     || unique taglist code: 204030
2023-12-16 16:42:42,288 - DEV || epcloss: 0.0354
2023-12-16 16:42:42,289 -     || Q: 0.8216
2023-12-16 16:42:42,290 -     || KL: 0.1425
2023-12-16 16:42:42,291 -     || token_match: 0.989, exact_match: 0.815
2023-12-16 16:42:42,292 -     || unique taglist code: 1444
2023-12-16 16:42:42,296 -     || seen taglist code: 1065
2023-12-16 16:42:42,297 -     || MOST used trncode: 204030
2023-12-16 16:42:42,298 -     || MOST used devcode: 1444
2023-12-16 16:42:42,366 -     || saved model
2023-12-16 16:42:42,368 - 
2023-12-16 16:42:42,369 - #epc: 16
2023-12-16 16:42:43,145 - epc:16, epc_KL:  1.000000
2023-12-16 16:50:40,417 - exact_match_tst_copy_acc: 0.935
2023-12-16 16:50:40,418 - exact_match_tst_reinflection_wlemma: 0.935
2023-12-16 16:50:40,418 - exact_match_tst_reinflection_wlemma_TAGFINDER1: 0.406
2023-12-16 16:50:40,419 - exact_match_tst_reinflection_wlemma_TAGFINDER1_or_2: 0.683
2023-12-16 16:50:40,730 - TRN || epcloss: 0.0410
2023-12-16 16:50:40,731 -     || Q: 0.9251
2023-12-16 16:50:40,732 -     || KL: 0.0641
2023-12-16 16:50:40,733 -     || token_match: 0.988, exact_match: 0.799
2023-12-16 16:50:40,734 -     || unique taglist code: 208599
2023-12-16 16:50:40,734 - DEV || epcloss: 0.0309
2023-12-16 16:50:40,735 -     || Q: 0.9280
2023-12-16 16:50:40,736 -     || KL: 0.1331
2023-12-16 16:50:40,737 -     || token_match: 0.991, exact_match: 0.837
2023-12-16 16:50:40,738 -     || unique taglist code: 1443
2023-12-16 16:50:40,741 -     || seen taglist code: 1046
2023-12-16 16:50:40,742 -     || MOST used trncode: 208599
2023-12-16 16:50:40,828 -     || saved model
2023-12-16 16:50:40,830 - 
2023-12-16 16:50:40,831 - #epc: 17
2023-12-16 16:50:41,567 - epc:17, epc_KL:  1.000000
2023-12-16 16:58:39,680 - exact_match_tst_copy_acc: 0.918
2023-12-16 16:58:39,681 - exact_match_tst_reinflection_wlemma: 0.916
2023-12-16 16:58:39,682 - exact_match_tst_reinflection_wlemma_TAGFINDER1: 0.392
2023-12-16 16:58:39,683 - exact_match_tst_reinflection_wlemma_TAGFINDER1_or_2: 0.664
2023-12-16 16:58:40,033 - TRN || epcloss: 0.0415
2023-12-16 16:58:40,034 -     || Q: 0.9919
2023-12-16 16:58:40,035 -     || KL: 0.0605
2023-12-16 16:58:40,036 -     || token_match: 0.988, exact_match: 0.794
2023-12-16 16:58:40,037 -     || unique taglist code: 210887
2023-12-16 16:58:40,038 - DEV || epcloss: 0.0332
2023-12-16 16:58:40,039 -     || Q: 0.9435
2023-12-16 16:58:40,040 -     || KL: 0.1272
2023-12-16 16:58:40,041 -     || token_match: 0.991, exact_match: 0.839
2023-12-16 16:58:40,042 -     || unique taglist code: 1443
2023-12-16 16:58:40,045 -     || seen taglist code: 1044
2023-12-16 16:58:40,046 -     || MOST used trncode: 210887
2023-12-16 16:58:40,183 -     || saved model
2023-12-16 16:58:40,186 - 
2023-12-16 16:58:40,187 - #epc: 18
2023-12-16 16:58:40,922 - epc:18, epc_KL:  1.000000
2023-12-16 17:06:37,881 - exact_match_tst_copy_acc: 0.884
2023-12-16 17:06:37,883 - exact_match_tst_reinflection_wlemma: 0.886
2023-12-16 17:06:37,883 - exact_match_tst_reinflection_wlemma_TAGFINDER1: 0.380
2023-12-16 17:06:37,884 - exact_match_tst_reinflection_wlemma_TAGFINDER1_or_2: 0.642
2023-12-16 17:06:38,237 - TRN || epcloss: 0.0430
2023-12-16 17:06:38,238 -     || Q: 1.0355
2023-12-16 17:06:38,239 -     || KL: 0.0587
2023-12-16 17:06:38,240 -     || token_match: 0.987, exact_match: 0.787
2023-12-16 17:06:38,241 -     || unique taglist code: 211845
2023-12-16 17:06:38,242 - DEV || epcloss: 0.0418
2023-12-16 17:06:38,243 -     || Q: 1.1529
2023-12-16 17:06:38,244 -     || KL: 0.1256
2023-12-16 17:06:38,244 -     || token_match: 0.988, exact_match: 0.803
2023-12-16 17:06:38,245 -     || unique taglist code: 1437
2023-12-16 17:06:38,249 -     || seen taglist code: 1012
2023-12-16 17:06:38,250 -     || MOST used trncode: 211845
2023-12-16 17:06:38,314 -     || saved model
2023-12-16 17:06:38,316 - 
2023-12-16 17:06:38,318 - #epc: 19
2023-12-16 17:06:39,051 - epc:19, epc_KL:  1.000000
2023-12-16 17:14:37,025 - exact_match_tst_copy_acc: 0.889
2023-12-16 17:14:37,026 - exact_match_tst_reinflection_wlemma: 0.887
2023-12-16 17:14:37,027 - exact_match_tst_reinflection_wlemma_TAGFINDER1: 0.376
2023-12-16 17:14:37,027 - exact_match_tst_reinflection_wlemma_TAGFINDER1_or_2: 0.640
2023-12-16 17:14:37,362 - TRN || epcloss: 0.0464
2023-12-16 17:14:37,363 -     || Q: 1.0837
2023-12-16 17:14:37,364 -     || KL: 0.0581
2023-12-16 17:14:37,365 -     || token_match: 0.986, exact_match: 0.774
2023-12-16 17:14:37,366 -     || unique taglist code: 213723
2023-12-16 17:14:37,366 - DEV || epcloss: 0.0367
2023-12-16 17:14:37,367 -     || Q: 1.0279
2023-12-16 17:14:37,368 -     || KL: 0.1311
2023-12-16 17:14:37,369 -     || token_match: 0.989, exact_match: 0.807
2023-12-16 17:14:37,369 -     || unique taglist code: 1440
2023-12-16 17:14:37,374 -     || seen taglist code: 1065
2023-12-16 17:14:37,375 -     || MOST used trncode: 213723
2023-12-16 17:14:37,448 -     || saved model
2023-12-16 17:14:37,450 - 
2023-12-16 17:14:37,451 - #epc: 20
2023-12-16 17:14:38,182 - epc:20, epc_KL:  1.000000
2023-12-16 17:22:36,336 - exact_match_tst_copy_acc: 0.896
2023-12-16 17:22:36,337 - exact_match_tst_reinflection_wlemma: 0.894
2023-12-16 17:22:36,338 - exact_match_tst_reinflection_wlemma_TAGFINDER1: 0.381
2023-12-16 17:22:36,339 - exact_match_tst_reinflection_wlemma_TAGFINDER1_or_2: 0.645
2023-12-16 17:22:36,671 - TRN || epcloss: 0.0445
2023-12-16 17:22:36,672 -     || Q: 1.0611
2023-12-16 17:22:36,673 -     || KL: 0.0572
2023-12-16 17:22:36,673 -     || token_match: 0.987, exact_match: 0.782
2023-12-16 17:22:36,674 -     || unique taglist code: 214418
2023-12-16 17:22:36,675 - DEV || epcloss: 0.0411
2023-12-16 17:22:36,676 -     || Q: 0.9888
2023-12-16 17:22:36,677 -     || KL: 0.1171
2023-12-16 17:22:36,678 -     || token_match: 0.988, exact_match: 0.790
2023-12-16 17:22:36,679 -     || unique taglist code: 1438
2023-12-16 17:22:36,682 -     || seen taglist code: 1040
2023-12-16 17:22:36,683 -     || MOST used trncode: 214418
2023-12-16 17:22:36,746 -     || saved model
2023-12-16 17:22:36,749 - 
2023-12-16 17:22:36,749 - #epc: 21
2023-12-16 17:22:37,486 - epc:21, epc_KL:  1.000000
2023-12-16 17:30:33,860 - exact_match_tst_copy_acc: 0.907
2023-12-16 17:30:33,863 - exact_match_tst_reinflection_wlemma: 0.905
2023-12-16 17:30:33,864 - exact_match_tst_reinflection_wlemma_TAGFINDER1: 0.390
2023-12-16 17:30:33,865 - exact_match_tst_reinflection_wlemma_TAGFINDER1_or_2: 0.656
2023-12-16 17:30:34,193 - TRN || epcloss: 0.0430
2023-12-16 17:30:34,194 -     || Q: 1.0491
2023-12-16 17:30:34,195 -     || KL: 0.0550
2023-12-16 17:30:34,196 -     || token_match: 0.988, exact_match: 0.789
2023-12-16 17:30:34,196 -     || unique taglist code: 220881
2023-12-16 17:30:34,197 - DEV || epcloss: 0.0354
2023-12-16 17:30:34,198 -     || Q: 0.9548
2023-12-16 17:30:34,199 -     || KL: 0.1156
2023-12-16 17:30:34,200 -     || token_match: 0.990, exact_match: 0.828
2023-12-16 17:30:34,201 -     || unique taglist code: 1443
2023-12-16 17:30:34,205 -     || seen taglist code: 1009
2023-12-16 17:30:34,206 -     || MOST used trncode: 220881
2023-12-16 17:30:34,280 -     || saved model
2023-12-16 17:30:34,282 - 
2023-12-16 17:30:34,283 - #epc: 22
2023-12-16 17:30:35,011 - epc:22, epc_KL:  1.000000
2023-12-16 17:38:34,081 - exact_match_tst_copy_acc: 0.869
2023-12-16 17:38:34,082 - exact_match_tst_reinflection_wlemma: 0.869
2023-12-16 17:38:34,083 - exact_match_tst_reinflection_wlemma_TAGFINDER1: 0.364
2023-12-16 17:38:34,084 - exact_match_tst_reinflection_wlemma_TAGFINDER1_or_2: 0.618
2023-12-16 17:38:34,425 - TRN || epcloss: 0.0447
2023-12-16 17:38:34,426 -     || Q: 1.0717
2023-12-16 17:38:34,427 -     || KL: 0.0537
2023-12-16 17:38:34,428 -     || token_match: 0.987, exact_match: 0.785
2023-12-16 17:38:34,429 -     || unique taglist code: 220956
2023-12-16 17:38:34,430 - DEV || epcloss: 0.0428
2023-12-16 17:38:34,431 -     || Q: 1.0623
2023-12-16 17:38:34,432 -     || KL: 0.1209
2023-12-16 17:38:34,433 -     || token_match: 0.988, exact_match: 0.789
2023-12-16 17:38:34,433 -     || unique taglist code: 1443
2023-12-16 17:38:34,437 -     || seen taglist code: 1040
2023-12-16 17:38:34,438 -     || MOST used trncode: 220956
2023-12-16 17:38:34,499 -     || saved model
2023-12-16 17:38:34,502 - 
2023-12-16 17:38:34,502 - #epc: 23
2023-12-16 17:38:35,232 - epc:23, epc_KL:  1.000000
2023-12-16 17:46:31,498 - exact_match_tst_copy_acc: 0.882
2023-12-16 17:46:31,499 - exact_match_tst_reinflection_wlemma: 0.879
2023-12-16 17:46:31,500 - exact_match_tst_reinflection_wlemma_TAGFINDER1: 0.380
2023-12-16 17:46:31,501 - exact_match_tst_reinflection_wlemma_TAGFINDER1_or_2: 0.643
2023-12-16 17:46:31,810 - TRN || epcloss: 0.0487
2023-12-16 17:46:31,811 -     || Q: 1.1530
2023-12-16 17:46:31,812 -     || KL: 0.0528
2023-12-16 17:46:31,812 -     || token_match: 0.986, exact_match: 0.770
2023-12-16 17:46:31,813 -     || unique taglist code: 223234
2023-12-16 17:46:31,814 - DEV || epcloss: 0.0425
2023-12-16 17:46:31,815 -     || Q: 1.1920
2023-12-16 17:46:31,815 -     || KL: 0.1104
2023-12-16 17:46:31,816 -     || token_match: 0.988, exact_match: 0.791
2023-12-16 17:46:31,817 -     || unique taglist code: 1439
2023-12-16 17:46:31,819 -     || seen taglist code: 1014
2023-12-16 17:46:31,820 -     || MOST used trncode: 223234
2023-12-16 17:46:31,894 -     || saved model
2023-12-16 17:46:31,897 - 
2023-12-16 17:46:31,897 - #epc: 24
2023-12-16 17:46:32,615 - epc:24, epc_KL:  1.000000
2023-12-16 17:54:29,426 - exact_match_tst_copy_acc: 0.882
2023-12-16 17:54:29,428 - exact_match_tst_reinflection_wlemma: 0.886
2023-12-16 17:54:29,428 - exact_match_tst_reinflection_wlemma_TAGFINDER1: 0.382
2023-12-16 17:54:29,429 - exact_match_tst_reinflection_wlemma_TAGFINDER1_or_2: 0.641
2023-12-16 17:54:29,782 - TRN || epcloss: 0.0540
2023-12-16 17:54:29,784 -     || Q: 1.2300
2023-12-16 17:54:29,785 -     || KL: 0.0532
2023-12-16 17:54:29,786 -     || token_match: 0.985, exact_match: 0.750
2023-12-16 17:54:29,786 -     || unique taglist code: 221843
2023-12-16 17:54:29,787 - DEV || epcloss: 0.0413
2023-12-16 17:54:29,788 -     || Q: 1.1104
2023-12-16 17:54:29,789 -     || KL: 0.1146
2023-12-16 17:54:29,790 -     || token_match: 0.989, exact_match: 0.797
2023-12-16 17:54:29,790 -     || unique taglist code: 1440
2023-12-16 17:54:29,795 -     || seen taglist code: 1004
2023-12-16 17:54:29,878 -     || saved model
2023-12-16 17:54:29,880 - 
2023-12-16 17:54:29,881 - #epc: 25
2023-12-16 17:54:30,598 - epc:25, epc_KL:  1.000000
2023-12-16 18:02:27,358 - exact_match_tst_copy_acc: 0.862
2023-12-16 18:02:27,359 - exact_match_tst_reinflection_wlemma: 0.867
2023-12-16 18:02:27,360 - exact_match_tst_reinflection_wlemma_TAGFINDER1: 0.366
2023-12-16 18:02:27,361 - exact_match_tst_reinflection_wlemma_TAGFINDER1_or_2: 0.629
2023-12-16 18:02:27,696 - TRN || epcloss: 0.0529
2023-12-16 18:02:27,697 -     || Q: 1.2462
2023-12-16 18:02:27,698 -     || KL: 0.0521
2023-12-16 18:02:27,699 -     || token_match: 0.985, exact_match: 0.750
2023-12-16 18:02:27,700 -     || unique taglist code: 222954
2023-12-16 18:02:27,701 - DEV || epcloss: 0.0456
2023-12-16 18:02:27,701 -     || Q: 1.1857
2023-12-16 18:02:27,702 -     || KL: 0.1129
2023-12-16 18:02:27,703 -     || token_match: 0.986, exact_match: 0.772
2023-12-16 18:02:27,704 -     || unique taglist code: 1440
2023-12-16 18:02:27,707 -     || seen taglist code: 1011
2023-12-16 18:02:27,781 -     || saved model
2023-12-16 18:02:27,785 - 
2023-12-16 18:02:27,786 - #epc: 26
2023-12-16 18:02:28,677 - epc:26, epc_KL:  1.000000
2023-12-16 18:10:25,544 - exact_match_tst_copy_acc: 0.879
2023-12-16 18:10:25,545 - exact_match_tst_reinflection_wlemma: 0.881
2023-12-16 18:10:25,546 - exact_match_tst_reinflection_wlemma_TAGFINDER1: 0.378
2023-12-16 18:10:25,547 - exact_match_tst_reinflection_wlemma_TAGFINDER1_or_2: 0.633
2023-12-16 18:10:25,856 - TRN || epcloss: 0.0571
2023-12-16 18:10:25,857 -     || Q: 1.3244
2023-12-16 18:10:25,858 -     || KL: 0.0531
2023-12-16 18:10:25,859 -     || token_match: 0.984, exact_match: 0.734
2023-12-16 18:10:25,860 -     || unique taglist code: 222819
2023-12-16 18:10:25,861 - DEV || epcloss: 0.0429
2023-12-16 18:10:25,862 -     || Q: 1.1877
2023-12-16 18:10:25,863 -     || KL: 0.1141
2023-12-16 18:10:25,864 -     || token_match: 0.988, exact_match: 0.795
2023-12-16 18:10:25,865 -     || unique taglist code: 1439
2023-12-16 18:10:25,868 -     || seen taglist code: 1018
2023-12-16 18:10:25,968 -     || saved model
2023-12-16 18:10:25,970 - 
2023-12-16 18:10:25,971 - #epc: 27
2023-12-16 18:10:26,707 - epc:27, epc_KL:  1.000000
2023-12-16 18:18:22,316 - exact_match_tst_copy_acc: 0.863
2023-12-16 18:18:22,317 - exact_match_tst_reinflection_wlemma: 0.868
2023-12-16 18:18:22,318 - exact_match_tst_reinflection_wlemma_TAGFINDER1: 0.369
2023-12-16 18:18:22,319 - exact_match_tst_reinflection_wlemma_TAGFINDER1_or_2: 0.630
2023-12-16 18:18:22,666 - TRN || epcloss: 0.0586
2023-12-16 18:18:22,667 -     || Q: 1.2960
2023-12-16 18:18:22,668 -     || KL: 0.0527
2023-12-16 18:18:22,669 -     || token_match: 0.983, exact_match: 0.729
2023-12-16 18:18:22,669 -     || unique taglist code: 222680
2023-12-16 18:18:22,670 - DEV || epcloss: 0.0450
2023-12-16 18:18:22,671 -     || Q: 1.2355
2023-12-16 18:18:22,672 -     || KL: 0.1116
2023-12-16 18:18:22,673 -     || token_match: 0.987, exact_match: 0.777
2023-12-16 18:18:22,673 -     || unique taglist code: 1445
2023-12-16 18:18:22,678 -     || seen taglist code: 1016
2023-12-16 18:18:22,679 -     || MOST used devcode: 1445
2023-12-16 18:18:22,781 -     || saved model
2023-12-16 18:18:22,783 - 
2023-12-16 18:18:22,784 - #epc: 28
2023-12-16 18:18:23,518 - epc:28, epc_KL:  1.000000
2023-12-16 18:26:20,829 - exact_match_tst_copy_acc: 0.804
2023-12-16 18:26:20,831 - exact_match_tst_reinflection_wlemma: 0.803
2023-12-16 18:26:20,831 - exact_match_tst_reinflection_wlemma_TAGFINDER1: 0.349
2023-12-16 18:26:20,832 - exact_match_tst_reinflection_wlemma_TAGFINDER1_or_2: 0.581
2023-12-16 18:26:21,168 - TRN || epcloss: 0.0540
2023-12-16 18:26:21,169 -     || Q: 1.3203
2023-12-16 18:26:21,170 -     || KL: 0.0514
2023-12-16 18:26:21,171 -     || token_match: 0.984, exact_match: 0.745
2023-12-16 18:26:21,171 -     || unique taglist code: 232217
2023-12-16 18:26:21,172 - DEV || epcloss: 0.0640
2023-12-16 18:26:21,173 -     || Q: 1.3649
2023-12-16 18:26:21,174 -     || KL: 0.1134
2023-12-16 18:26:21,174 -     || token_match: 0.981, exact_match: 0.703
2023-12-16 18:26:21,175 -     || unique taglist code: 1443
2023-12-16 18:26:21,179 -     || seen taglist code: 974
2023-12-16 18:26:21,180 -     || MOST used trncode: 232217
2023-12-16 18:26:21,231 -     || saved model
2023-12-16 18:26:21,233 - 
2023-12-16 18:26:21,234 - #epc: 29
2023-12-16 18:26:21,952 - epc:29, epc_KL:  1.000000
2023-12-16 18:34:19,752 - exact_match_tst_copy_acc: 0.760
2023-12-16 18:34:19,753 - exact_match_tst_reinflection_wlemma: 0.771
2023-12-16 18:34:19,753 - exact_match_tst_reinflection_wlemma_TAGFINDER1: 0.325
2023-12-16 18:34:19,754 - exact_match_tst_reinflection_wlemma_TAGFINDER1_or_2: 0.556
2023-12-16 18:34:20,083 - TRN || epcloss: 0.0641
2023-12-16 18:34:20,084 -     || Q: 1.4049
2023-12-16 18:34:20,085 -     || KL: 0.0526
2023-12-16 18:34:20,086 -     || token_match: 0.982, exact_match: 0.711
2023-12-16 18:34:20,087 -     || unique taglist code: 234237
2023-12-16 18:34:20,088 - DEV || epcloss: 0.0713
2023-12-16 18:34:20,088 -     || Q: 1.4295
2023-12-16 18:34:20,089 -     || KL: 0.1171
2023-12-16 18:34:20,090 -     || token_match: 0.979, exact_match: 0.667
2023-12-16 18:34:20,090 -     || unique taglist code: 1436
2023-12-16 18:34:20,094 -     || seen taglist code: 962
2023-12-16 18:34:20,095 -     || MOST used trncode: 234237
2023-12-16 18:34:20,150 -     || saved model
2023-12-16 18:34:20,152 - 
2023-12-16 18:34:20,153 - #epc: 30
2023-12-16 18:34:20,868 - epc:30, epc_KL:  1.000000
2023-12-16 18:42:17,797 - exact_match_tst_copy_acc: 0.770
2023-12-16 18:42:17,798 - exact_match_tst_reinflection_wlemma: 0.772
2023-12-16 18:42:17,799 - exact_match_tst_reinflection_wlemma_TAGFINDER1: 0.309
2023-12-16 18:42:17,800 - exact_match_tst_reinflection_wlemma_TAGFINDER1_or_2: 0.549
2023-12-16 18:42:18,118 - TRN || epcloss: 0.0664
2023-12-16 18:42:18,119 -     || Q: 1.4231
2023-12-16 18:42:18,120 -     || KL: 0.0531
2023-12-16 18:42:18,121 -     || token_match: 0.981, exact_match: 0.696
2023-12-16 18:42:18,122 -     || unique taglist code: 231073
2023-12-16 18:42:18,122 - DEV || epcloss: 0.0698
2023-12-16 18:42:18,123 -     || Q: 1.4739
2023-12-16 18:42:18,124 -     || KL: 0.1195
2023-12-16 18:42:18,125 -     || token_match: 0.979, exact_match: 0.680
2023-12-16 18:42:18,126 -     || unique taglist code: 1443
2023-12-16 18:42:18,129 -     || seen taglist code: 1001
2023-12-16 18:42:18,187 -     || saved model
2023-12-16 18:42:18,189 - 
2023-12-16 18:42:18,190 - #epc: 31
2023-12-16 18:42:18,900 - epc:31, epc_KL:  1.000000
2023-12-16 18:50:17,126 - exact_match_tst_copy_acc: 0.760
2023-12-16 18:50:17,127 - exact_match_tst_reinflection_wlemma: 0.770
2023-12-16 18:50:17,128 - exact_match_tst_reinflection_wlemma_TAGFINDER1: 0.317
2023-12-16 18:50:17,128 - exact_match_tst_reinflection_wlemma_TAGFINDER1_or_2: 0.547
2023-12-16 18:50:17,456 - TRN || epcloss: 0.0718
2023-12-16 18:50:17,457 -     || Q: 1.4580
2023-12-16 18:50:17,458 -     || KL: 0.0536
2023-12-16 18:50:17,459 -     || token_match: 0.979, exact_match: 0.679
2023-12-16 18:50:17,460 -     || unique taglist code: 229493
2023-12-16 18:50:17,461 - DEV || epcloss: 0.0697
2023-12-16 18:50:17,462 -     || Q: 1.5335
2023-12-16 18:50:17,463 -     || KL: 0.1146
2023-12-16 18:50:17,464 -     || token_match: 0.979, exact_match: 0.678
2023-12-16 18:50:17,465 -     || unique taglist code: 1444
2023-12-16 18:50:17,469 -     || seen taglist code: 981
2023-12-16 18:50:17,546 -     || saved model
2023-12-16 18:50:17,548 - 
2023-12-16 18:50:17,549 - #epc: 32
2023-12-16 18:50:18,276 - epc:32, epc_KL:  1.000000
2023-12-16 18:58:15,566 - exact_match_tst_copy_acc: 0.757
2023-12-16 18:58:15,567 - exact_match_tst_reinflection_wlemma: 0.755
2023-12-16 18:58:15,568 - exact_match_tst_reinflection_wlemma_TAGFINDER1: 0.311
2023-12-16 18:58:15,569 - exact_match_tst_reinflection_wlemma_TAGFINDER1_or_2: 0.528
2023-12-16 18:58:15,894 - TRN || epcloss: 0.0797
2023-12-16 18:58:15,895 -     || Q: 1.5401
2023-12-16 18:58:15,896 -     || KL: 0.0537
2023-12-16 18:58:15,897 -     || token_match: 0.976, exact_match: 0.644
2023-12-16 18:58:15,898 -     || unique taglist code: 229451
2023-12-16 18:58:15,899 - DEV || epcloss: 0.0686
2023-12-16 18:58:15,900 -     || Q: 1.4938
2023-12-16 18:58:15,900 -     || KL: 0.1170
2023-12-16 18:58:15,901 -     || token_match: 0.980, exact_match: 0.675
2023-12-16 18:58:15,902 -     || unique taglist code: 1443
2023-12-16 18:58:15,906 -     || seen taglist code: 977
2023-12-16 18:58:15,973 -     || saved model
2023-12-16 18:58:15,975 - 
2023-12-16 18:58:15,976 - #epc: 33
2023-12-16 18:58:16,704 - epc:33, epc_KL:  1.000000
2023-12-16 19:06:12,034 - exact_match_tst_copy_acc: 0.532
2023-12-16 19:06:12,035 - exact_match_tst_reinflection_wlemma: 0.539
2023-12-16 19:06:12,036 - exact_match_tst_reinflection_wlemma_TAGFINDER1: 0.214
2023-12-16 19:06:12,036 - exact_match_tst_reinflection_wlemma_TAGFINDER1_or_2: 0.386
2023-12-16 19:06:12,355 - TRN || epcloss: 0.2101
2023-12-16 19:06:12,356 -     || Q: 2.1502
2023-12-16 19:06:12,356 -     || KL: 0.0667
2023-12-16 19:06:12,357 -     || token_match: 0.931, exact_match: 0.307
2023-12-16 19:06:12,358 -     || unique taglist code: 216165
2023-12-16 19:06:12,359 - DEV || epcloss: 0.1148
2023-12-16 19:06:12,359 -     || Q: 1.7902
2023-12-16 19:06:12,360 -     || KL: 0.1297
2023-12-16 19:06:12,361 -     || token_match: 0.962, exact_match: 0.469
2023-12-16 19:06:12,362 -     || unique taglist code: 1443
2023-12-16 19:06:12,365 -     || seen taglist code: 951
2023-12-16 19:06:12,427 -     || saved model
2023-12-16 19:06:12,428 - 
2023-12-16 19:06:12,429 - #epc: 34
2023-12-16 19:06:13,151 - epc:34, epc_KL:  1.000000
2023-12-16 19:14:09,692 - exact_match_tst_copy_acc: 0.665
2023-12-16 19:14:09,693 - exact_match_tst_reinflection_wlemma: 0.667
2023-12-16 19:14:09,694 - exact_match_tst_reinflection_wlemma_TAGFINDER1: 0.279
2023-12-16 19:14:09,695 - exact_match_tst_reinflection_wlemma_TAGFINDER1_or_2: 0.487
2023-12-16 19:14:10,023 - TRN || epcloss: 0.1180
2023-12-16 19:14:10,024 -     || Q: 1.7053
2023-12-16 19:14:10,025 -     || KL: 0.0574
2023-12-16 19:14:10,026 -     || token_match: 0.962, exact_match: 0.494
2023-12-16 19:14:10,027 -     || unique taglist code: 217970
2023-12-16 19:14:10,028 - DEV || epcloss: 0.0874
2023-12-16 19:14:10,028 -     || Q: 1.4410
2023-12-16 19:14:10,029 -     || KL: 0.1214
2023-12-16 19:14:10,030 -     || token_match: 0.972, exact_match: 0.589
2023-12-16 19:14:10,031 -     || unique taglist code: 1442
2023-12-16 19:14:10,034 -     || seen taglist code: 1014
2023-12-16 19:14:10,088 -     || saved model
2023-12-16 19:14:10,090 - 
2023-12-16 19:14:10,091 - #epc: 35
2023-12-16 19:14:10,824 - epc:35, epc_KL:  1.000000
2023-12-16 19:22:06,575 - exact_match_tst_copy_acc: 0.620
2023-12-16 19:22:06,576 - exact_match_tst_reinflection_wlemma: 0.623
2023-12-16 19:22:06,577 - exact_match_tst_reinflection_wlemma_TAGFINDER1: 0.246
2023-12-16 19:22:06,577 - exact_match_tst_reinflection_wlemma_TAGFINDER1_or_2: 0.442
2023-12-16 19:22:06,905 - TRN || epcloss: 0.1325
2023-12-16 19:22:06,906 -     || Q: 1.6935
2023-12-16 19:22:06,907 -     || KL: 0.0630
2023-12-16 19:22:06,907 -     || token_match: 0.958, exact_match: 0.471
2023-12-16 19:22:06,908 -     || unique taglist code: 211762
2023-12-16 19:22:06,909 - DEV || epcloss: 0.0995
2023-12-16 19:22:06,910 -     || Q: 1.6985
2023-12-16 19:22:06,910 -     || KL: 0.1280
2023-12-16 19:22:06,911 -     || token_match: 0.968, exact_match: 0.553
2023-12-16 19:22:06,912 -     || unique taglist code: 1439
2023-12-16 19:22:06,915 -     || seen taglist code: 1043
2023-12-16 19:22:06,967 -     || saved model
2023-12-16 19:22:06,969 - 
2023-12-16 19:22:06,970 - #epc: 36
2023-12-16 19:22:07,695 - epc:36, epc_KL:  1.000000
2023-12-16 19:30:05,569 - exact_match_tst_copy_acc: 0.613
2023-12-16 19:30:05,570 - exact_match_tst_reinflection_wlemma: 0.615
2023-12-16 19:30:05,571 - exact_match_tst_reinflection_wlemma_TAGFINDER1: 0.252
2023-12-16 19:30:05,572 - exact_match_tst_reinflection_wlemma_TAGFINDER1_or_2: 0.436
2023-12-16 19:30:05,897 - TRN || epcloss: 0.1069
2023-12-16 19:30:05,898 -     || Q: 1.6894
2023-12-16 19:30:05,899 -     || KL: 0.0582
2023-12-16 19:30:05,900 -     || token_match: 0.967, exact_match: 0.543
2023-12-16 19:30:05,900 -     || unique taglist code: 220275
2023-12-16 19:30:05,901 - DEV || epcloss: 0.0967
2023-12-16 19:30:05,902 -     || Q: 1.6014
2023-12-16 19:30:05,903 -     || KL: 0.1265
2023-12-16 19:30:05,903 -     || token_match: 0.969, exact_match: 0.548
2023-12-16 19:30:05,904 -     || unique taglist code: 1438
2023-12-16 19:30:05,908 -     || seen taglist code: 1017
2023-12-16 19:30:05,964 -     || saved model
2023-12-16 19:30:05,966 - 
2023-12-16 19:30:05,967 - #epc: 37
2023-12-16 19:30:06,711 - epc:37, epc_KL:  1.000000
2023-12-16 19:38:02,821 - exact_match_tst_copy_acc: 0.622
2023-12-16 19:38:02,823 - exact_match_tst_reinflection_wlemma: 0.622
2023-12-16 19:38:02,824 - exact_match_tst_reinflection_wlemma_TAGFINDER1: 0.249
2023-12-16 19:38:02,825 - exact_match_tst_reinflection_wlemma_TAGFINDER1_or_2: 0.443
2023-12-16 19:38:03,170 - TRN || epcloss: 0.1258
2023-12-16 19:38:03,171 -     || Q: 1.6397
2023-12-16 19:38:03,172 -     || KL: 0.0603
2023-12-16 19:38:03,173 -     || token_match: 0.959, exact_match: 0.472
2023-12-16 19:38:03,173 -     || unique taglist code: 209887
2023-12-16 19:38:03,174 - DEV || epcloss: 0.0982
2023-12-16 19:38:03,175 -     || Q: 1.5821
2023-12-16 19:38:03,176 -     || KL: 0.1281
2023-12-16 19:38:03,177 -     || token_match: 0.968, exact_match: 0.558
2023-12-16 19:38:03,178 -     || unique taglist code: 1441
2023-12-16 19:38:03,181 -     || seen taglist code: 970
2023-12-16 19:38:03,249 -     || saved model
2023-12-16 19:38:03,251 - 
2023-12-16 19:38:03,252 - #epc: 38
2023-12-16 19:38:03,980 - epc:38, epc_KL:  1.000000
2023-12-16 19:46:01,657 - exact_match_tst_copy_acc: 0.116
2023-12-16 19:46:01,659 - exact_match_tst_reinflection_wlemma: 0.115
2023-12-16 19:46:01,660 - exact_match_tst_reinflection_wlemma_TAGFINDER1: 0.041
2023-12-16 19:46:01,661 - exact_match_tst_reinflection_wlemma_TAGFINDER1_or_2: 0.079
2023-12-16 19:46:02,007 - TRN || epcloss: 0.1823
2023-12-16 19:46:02,008 -     || Q: 1.9175
2023-12-16 19:46:02,009 -     || KL: 0.0670
2023-12-16 19:46:02,010 -     || token_match: 0.942, exact_match: 0.356
2023-12-16 19:46:02,010 -     || unique taglist code: 215196
2023-12-16 19:46:02,011 - DEV || epcloss: 0.4074
2023-12-16 19:46:02,012 -     || Q: 1.9987
2023-12-16 19:46:02,013 -     || KL: 0.2164
2023-12-16 19:46:02,014 -     || token_match: 0.875, exact_match: 0.101
2023-12-16 19:46:02,014 -     || unique taglist code: 1417
2023-12-16 19:46:02,018 -     || seen taglist code: 976
2023-12-16 19:46:02,093 -     || saved model
2023-12-16 19:46:02,095 - 
2023-12-16 19:46:02,096 - #epc: 39
2023-12-16 19:46:02,823 - epc:39, epc_KL:  1.000000
2023-12-16 19:53:58,458 - exact_match_tst_copy_acc: 0.361
2023-12-16 19:53:58,459 - exact_match_tst_reinflection_wlemma: 0.377
2023-12-16 19:53:58,460 - exact_match_tst_reinflection_wlemma_TAGFINDER1: 0.133
2023-12-16 19:53:58,461 - exact_match_tst_reinflection_wlemma_TAGFINDER1_or_2: 0.261
2023-12-16 19:53:58,792 - TRN || epcloss: 0.2947
2023-12-16 19:53:58,793 -     || Q: 1.9447
2023-12-16 19:53:58,794 -     || KL: 0.0781
2023-12-16 19:53:58,795 -     || token_match: 0.899, exact_match: 0.152
2023-12-16 19:53:58,796 -     || unique taglist code: 183200
2023-12-16 19:53:58,796 - DEV || epcloss: 0.1775
2023-12-16 19:53:58,797 -     || Q: 2.1141
2023-12-16 19:53:58,798 -     || KL: 0.1358
2023-12-16 19:53:58,799 -     || token_match: 0.940, exact_match: 0.312
2023-12-16 19:53:58,800 -     || unique taglist code: 1436
2023-12-16 19:53:58,804 -     || seen taglist code: 883
2023-12-16 19:53:58,888 -     || saved model
2023-12-16 19:53:58,891 - 
2023-12-16 19:53:58,892 - #epc: 40
2023-12-16 19:53:59,607 - epc:40, epc_KL:  1.000000
2023-12-16 20:03:38,222 - exact_match_tst_copy_acc: 0.000
2023-12-16 20:03:38,223 - exact_match_tst_reinflection_wlemma: 0.000
2023-12-16 20:03:38,224 - exact_match_tst_reinflection_wlemma_TAGFINDER1: 0.000
2023-12-16 20:03:38,225 - exact_match_tst_reinflection_wlemma_TAGFINDER1_or_2: 0.000
2023-12-16 20:03:38,472 - TRN || epcloss: 1.0339
2023-12-16 20:03:38,473 -     || Q: 4.0177
2023-12-16 20:03:38,474 -     || KL: 0.1701
2023-12-16 20:03:38,475 -     || token_match: 0.725, exact_match: 0.041
2023-12-16 20:03:38,476 -     || unique taglist code: 147485
2023-12-16 20:03:38,477 - DEV || epcloss: 3.1000
2023-12-16 20:03:38,478 -     || Q: 4.7023
2023-12-16 20:03:38,479 -     || KL: 0.2963
2023-12-16 20:03:38,480 -     || token_match: 0.331, exact_match: 0.000
2023-12-16 20:03:38,480 -     || unique taglist code: 397
2023-12-16 20:03:38,482 -     || seen taglist code: 254
2023-12-16 20:03:38,564 -     || saved model
2023-12-16 20:03:38,566 - 
2023-12-16 20:03:38,567 - #epc: 41
2023-12-16 20:03:39,289 - epc:41, epc_KL:  1.000000
2023-12-16 20:11:48,468 - exact_match_tst_copy_acc: 0.000
2023-12-16 20:11:48,469 - exact_match_tst_reinflection_wlemma: 0.000
2023-12-16 20:11:48,469 - exact_match_tst_reinflection_wlemma_TAGFINDER1: 0.000
2023-12-16 20:11:48,470 - exact_match_tst_reinflection_wlemma_TAGFINDER1_or_2: 0.000
2023-12-16 20:11:48,884 - TRN || epcloss: 1.4060
2023-12-16 20:11:48,885 -     || Q: 3.6937
2023-12-16 20:11:48,886 -     || KL: 0.1347
2023-12-16 20:11:48,887 -     || token_match: 0.595, exact_match: 0.000
2023-12-16 20:11:48,888 -     || unique taglist code: 63318
2023-12-16 20:11:48,889 - DEV || epcloss: 0.9615
2023-12-16 20:11:48,890 -     || Q: 3.3378
2023-12-16 20:11:48,891 -     || KL: 0.2529
2023-12-16 20:11:48,892 -     || token_match: 0.684, exact_match: 0.001
2023-12-16 20:11:48,893 -     || unique taglist code: 982
2023-12-16 20:11:48,896 -     || seen taglist code: 873
2023-12-16 20:11:49,001 -     || saved model
2023-12-16 20:11:49,004 - 
2023-12-16 20:11:49,005 - #epc: 42
2023-12-16 20:11:49,736 - epc:42, epc_KL:  1.000000
2023-12-16 20:19:46,693 - exact_match_tst_copy_acc: 0.002
2023-12-16 20:19:46,695 - exact_match_tst_reinflection_wlemma: 0.001
2023-12-16 20:19:46,695 - exact_match_tst_reinflection_wlemma_TAGFINDER1: 0.001
2023-12-16 20:19:46,696 - exact_match_tst_reinflection_wlemma_TAGFINDER1_or_2: 0.001
2023-12-16 20:19:47,116 - TRN || epcloss: 0.8615
2023-12-16 20:19:47,117 -     || Q: 2.8899
2023-12-16 20:19:47,118 -     || KL: 0.1032
2023-12-16 20:19:47,119 -     || token_match: 0.708, exact_match: 0.000
2023-12-16 20:19:47,120 -     || unique taglist code: 36144
2023-12-16 20:19:47,121 - DEV || epcloss: 0.8024
2023-12-16 20:19:47,122 -     || Q: 2.5526
2023-12-16 20:19:47,123 -     || KL: 0.2102
2023-12-16 20:19:47,123 -     || token_match: 0.724, exact_match: 0.001
2023-12-16 20:19:47,124 -     || unique taglist code: 917
2023-12-16 20:19:47,126 -     || seen taglist code: 852
2023-12-16 20:19:47,218 -     || saved model
2023-12-16 20:19:47,221 - 
2023-12-16 20:19:47,222 - #epc: 43
2023-12-16 20:19:47,955 - epc:43, epc_KL:  1.000000
2023-12-16 20:27:58,707 - exact_match_tst_copy_acc: 0.000
2023-12-16 20:27:58,708 - exact_match_tst_reinflection_wlemma: 0.000
2023-12-16 20:27:58,709 - exact_match_tst_reinflection_wlemma_TAGFINDER1: 0.000
2023-12-16 20:27:58,710 - exact_match_tst_reinflection_wlemma_TAGFINDER1_or_2: 0.000
2023-12-16 20:27:59,075 - TRN || epcloss: 1.7158
2023-12-16 20:27:59,076 -     || Q: 2.9064
2023-12-16 20:27:59,077 -     || KL: 0.1575
2023-12-16 20:27:59,078 -     || token_match: 0.564, exact_match: 0.000
2023-12-16 20:27:59,078 -     || unique taglist code: 16525
2023-12-16 20:27:59,079 - DEV || epcloss: 1.0491
2023-12-16 20:27:59,080 -     || Q: 1.9500
2023-12-16 20:27:59,081 -     || KL: 0.2301
2023-12-16 20:27:59,082 -     || token_match: 0.651, exact_match: 0.000
2023-12-16 20:27:59,082 -     || unique taglist code: 425
2023-12-16 20:27:59,084 -     || seen taglist code: 410
2023-12-16 20:27:59,171 -     || saved model
2023-12-16 20:27:59,173 - 
2023-12-16 20:27:59,174 - #epc: 44
2023-12-16 20:27:59,898 - epc:44, epc_KL:  1.000000
2023-12-16 20:37:32,249 - exact_match_tst_copy_acc: 0.000
2023-12-16 20:37:32,250 - exact_match_tst_reinflection_wlemma: 0.000
2023-12-16 20:37:32,251 - exact_match_tst_reinflection_wlemma_TAGFINDER1: 0.000
2023-12-16 20:37:32,252 - exact_match_tst_reinflection_wlemma_TAGFINDER1_or_2: 0.000
2023-12-16 20:37:33,386 - TRN || epcloss: 3.1173
2023-12-16 20:37:33,388 -     || Q: 3.5349
2023-12-16 20:37:33,389 -     || KL: 0.2976
2023-12-16 20:37:33,389 -     || token_match: 0.506, exact_match: 0.000
2023-12-16 20:37:33,390 -     || unique taglist code: 12635
2023-12-16 20:37:33,391 - DEV || epcloss: 3.6134
2023-12-16 20:37:33,392 -     || Q: 4.8473
2023-12-16 20:37:33,393 -     || KL: 1.1565
2023-12-16 20:37:33,394 -     || token_match: 0.369, exact_match: 0.000
2023-12-16 20:37:33,395 -     || unique taglist code: 233
2023-12-16 20:37:33,396 -     || seen taglist code: 221
2023-12-16 20:37:33,481 -     || saved model
2023-12-16 20:37:33,483 - 
2023-12-16 20:37:33,483 - #epc: 45
2023-12-16 20:37:34,204 - epc:45, epc_KL:  1.000000
2023-12-16 20:47:16,350 - exact_match_tst_copy_acc: 0.000
2023-12-16 20:47:16,351 - exact_match_tst_reinflection_wlemma: 0.000
2023-12-16 20:47:16,351 - exact_match_tst_reinflection_wlemma_TAGFINDER1: 0.000
2023-12-16 20:47:16,352 - exact_match_tst_reinflection_wlemma_TAGFINDER1_or_2: 0.000
2023-12-16 20:47:17,285 - TRN || epcloss: 3.5613
2023-12-16 20:47:17,286 -     || Q: 3.4434
2023-12-16 20:47:17,287 -     || KL: 0.4402
2023-12-16 20:47:17,288 -     || token_match: 0.391, exact_match: 0.000
2023-12-16 20:47:17,289 -     || unique taglist code: 5086
2023-12-16 20:47:17,290 - DEV || epcloss: 4.6733
2023-12-16 20:47:17,291 -     || Q: 3.2583
2023-12-16 20:47:17,292 -     || KL: 1.0641
2023-12-16 20:47:17,293 -     || token_match: 0.347, exact_match: 0.000
2023-12-16 20:47:17,294 -     || unique taglist code: 219
2023-12-16 20:47:17,295 -     || seen taglist code: 206
2023-12-16 20:47:17,370 -     || saved model
2023-12-16 20:47:17,372 - 
2023-12-16 20:47:17,373 - #epc: 46
2023-12-16 20:47:18,094 - epc:46, epc_KL:  1.000000
2023-12-16 20:56:48,435 - exact_match_tst_copy_acc: 0.000
2023-12-16 20:56:48,436 - exact_match_tst_reinflection_wlemma: 0.000
2023-12-16 20:56:48,437 - exact_match_tst_reinflection_wlemma_TAGFINDER1: 0.000
2023-12-16 20:56:48,438 - exact_match_tst_reinflection_wlemma_TAGFINDER1_or_2: 0.000
2023-12-16 20:56:50,045 - TRN || epcloss: 2.8573
2023-12-16 20:56:50,046 -     || Q: 2.4881
2023-12-16 20:56:50,047 -     || KL: 0.3615
2023-12-16 20:56:50,048 -     || token_match: 0.451, exact_match: 0.000
2023-12-16 20:56:50,048 -     || unique taglist code: 3334
2023-12-16 20:56:50,049 - DEV || epcloss: 2.1412
2023-12-16 20:56:50,050 -     || Q: 2.3137
2023-12-16 20:56:50,051 -     || KL: 0.4939
2023-12-16 20:56:50,052 -     || token_match: 0.504, exact_match: 0.000
2023-12-16 20:56:50,052 -     || unique taglist code: 250
2023-12-16 20:56:50,053 -     || seen taglist code: 240
2023-12-16 20:56:50,113 -     || saved model
2023-12-16 20:56:50,116 - 
2023-12-16 20:56:50,117 - #epc: 47
2023-12-16 20:56:50,853 - epc:47, epc_KL:  1.000000
2023-12-16 21:05:47,542 - exact_match_tst_copy_acc: 0.000
2023-12-16 21:05:47,543 - exact_match_tst_reinflection_wlemma: 0.000
2023-12-16 21:05:47,543 - exact_match_tst_reinflection_wlemma_TAGFINDER1: 0.000
2023-12-16 21:05:47,544 - exact_match_tst_reinflection_wlemma_TAGFINDER1_or_2: 0.000
2023-12-16 21:05:48,839 - TRN || epcloss: 2.9628
2023-12-16 21:05:48,840 -     || Q: 4.3033
2023-12-16 21:05:48,841 -     || KL: 0.2576
2023-12-16 21:05:48,841 -     || token_match: 0.438, exact_match: 0.000
2023-12-16 21:05:48,842 -     || unique taglist code: 2349
2023-12-16 21:05:48,843 - DEV || epcloss: 2.7255
2023-12-16 21:05:48,844 -     || Q: 2.9613
2023-12-16 21:05:48,844 -     || KL: 0.5146
2023-12-16 21:05:48,845 -     || token_match: 0.451, exact_match: 0.000
2023-12-16 21:05:48,846 -     || unique taglist code: 105
2023-12-16 21:05:48,847 -     || seen taglist code: 101
2023-12-16 21:05:48,925 -     || saved model
2023-12-16 21:05:48,927 - 
2023-12-16 21:05:48,928 - #epc: 48
2023-12-16 21:05:49,633 - epc:48, epc_KL:  1.000000
2023-12-16 21:13:25,279 - exact_match_tst_copy_acc: 0.000
2023-12-16 21:13:25,280 - exact_match_tst_reinflection_wlemma: 0.000
2023-12-16 21:13:25,280 - exact_match_tst_reinflection_wlemma_TAGFINDER1: 0.000
2023-12-16 21:13:25,281 - exact_match_tst_reinflection_wlemma_TAGFINDER1_or_2: 0.000
2023-12-16 21:13:25,462 - TRN || epcloss: 2.3080
2023-12-16 21:13:25,463 -     || Q: 2.6858
2023-12-16 21:13:25,464 -     || KL: 0.1609
2023-12-16 21:13:25,465 -     || token_match: 0.497, exact_match: 0.000
2023-12-16 21:13:25,466 -     || unique taglist code: 2902
2023-12-16 21:13:25,467 - DEV || epcloss: 2.4861
2023-12-16 21:13:25,467 -     || Q: 2.3956
2023-12-16 21:13:25,468 -     || KL: 0.2708
2023-12-16 21:13:25,469 -     || token_match: 0.410, exact_match: 0.000
2023-12-16 21:13:25,470 -     || unique taglist code: 306
2023-12-16 21:13:25,471 -     || seen taglist code: 294
2023-12-16 21:13:25,530 -     || saved model
2023-12-16 21:13:25,532 - 
2023-12-16 21:13:25,533 - #epc: 49
2023-12-16 21:13:26,249 - epc:49, epc_KL:  1.000000
2023-12-16 21:22:06,454 - exact_match_tst_copy_acc: 0.000
2023-12-16 21:22:06,456 - exact_match_tst_reinflection_wlemma: 0.000
2023-12-16 21:22:06,456 - exact_match_tst_reinflection_wlemma_TAGFINDER1: 0.000
2023-12-16 21:22:06,457 - exact_match_tst_reinflection_wlemma_TAGFINDER1_or_2: 0.000
2023-12-16 21:22:07,727 - TRN || epcloss: 1.3965
2023-12-16 21:22:07,728 -     || Q: 2.2717
2023-12-16 21:22:07,729 -     || KL: 0.1090
2023-12-16 21:22:07,730 -     || token_match: 0.597, exact_match: 0.000
2023-12-16 21:22:07,731 -     || unique taglist code: 5698
2023-12-16 21:22:07,732 - DEV || epcloss: 1.0084
2023-12-16 21:22:07,733 -     || Q: 2.1255
2023-12-16 21:22:07,733 -     || KL: 0.2250
2023-12-16 21:22:07,734 -     || token_match: 0.663, exact_match: 0.000
2023-12-16 21:22:07,735 -     || unique taglist code: 522
2023-12-16 21:22:07,736 -     || seen taglist code: 505
2023-12-16 21:22:07,800 -     || saved model
2023-12-16 21:22:07,802 - 
2023-12-16 21:22:07,803 - #epc: 50
2023-12-16 21:22:08,519 - epc:50, epc_KL:  1.000000
2023-12-16 21:30:10,957 - exact_match_tst_copy_acc: 0.017
2023-12-16 21:30:10,958 - exact_match_tst_reinflection_wlemma: 0.010
2023-12-16 21:30:10,958 - exact_match_tst_reinflection_wlemma_TAGFINDER1: 0.003
2023-12-16 21:30:10,959 - exact_match_tst_reinflection_wlemma_TAGFINDER1_or_2: 0.006
2023-12-16 21:30:11,758 - TRN || epcloss: 0.8317
2023-12-16 21:30:11,759 -     || Q: 1.8488
2023-12-16 21:30:11,760 -     || KL: 0.1032
2023-12-16 21:30:11,760 -     || token_match: 0.717, exact_match: 0.002
2023-12-16 21:30:11,761 -     || unique taglist code: 17075
2023-12-16 21:30:11,762 - DEV || epcloss: 0.6101
2023-12-16 21:30:11,763 -     || Q: 2.1610
2023-12-16 21:30:11,764 -     || KL: 0.2345
2023-12-16 21:30:11,765 -     || token_match: 0.787, exact_match: 0.013
2023-12-16 21:30:11,766 -     || unique taglist code: 1167
2023-12-16 21:30:11,767 -     || seen taglist code: 1076
2023-12-16 21:30:11,840 -     || saved model
2023-12-16 21:30:11,842 - 
2023-12-16 21:30:11,843 - #epc: 51
2023-12-16 21:30:12,576 - epc:51, epc_KL:  1.000000
2023-12-16 21:38:13,223 - exact_match_tst_copy_acc: 0.049
2023-12-16 21:38:13,224 - exact_match_tst_reinflection_wlemma: 0.016
2023-12-16 21:38:13,224 - exact_match_tst_reinflection_wlemma_TAGFINDER1: 0.003
2023-12-16 21:38:13,225 - exact_match_tst_reinflection_wlemma_TAGFINDER1_or_2: 0.009
2023-12-16 21:38:14,068 - TRN || epcloss: 0.5726
2023-12-16 21:38:14,069 -     || Q: 2.3116
2023-12-16 21:38:14,070 -     || KL: 0.1110
2023-12-16 21:38:14,071 -     || token_match: 0.801, exact_match: 0.016
2023-12-16 21:38:14,072 -     || unique taglist code: 29646
2023-12-16 21:38:14,073 - DEV || epcloss: 0.4409
2023-12-16 21:38:14,074 -     || Q: 2.3791
2023-12-16 21:38:14,075 -     || KL: 0.2446
2023-12-16 21:38:14,075 -     || token_match: 0.844, exact_match: 0.031
2023-12-16 21:38:14,076 -     || unique taglist code: 1297
2023-12-16 21:38:14,078 -     || seen taglist code: 1243
2023-12-16 21:38:14,152 -     || saved model
2023-12-16 21:38:14,155 - 
2023-12-16 21:38:14,156 - #epc: 52
2023-12-16 21:38:15,053 - epc:52, epc_KL:  1.000000
2023-12-16 21:46:17,607 - exact_match_tst_copy_acc: 0.043
2023-12-16 21:46:17,609 - exact_match_tst_reinflection_wlemma: 0.017
2023-12-16 21:46:17,610 - exact_match_tst_reinflection_wlemma_TAGFINDER1: 0.004
2023-12-16 21:46:17,611 - exact_match_tst_reinflection_wlemma_TAGFINDER1_or_2: 0.008
2023-12-16 21:46:18,468 - TRN || epcloss: 0.7141
2023-12-16 21:46:18,469 -     || Q: 2.3930
2023-12-16 21:46:18,470 -     || KL: 0.1204
2023-12-16 21:46:18,471 -     || token_match: 0.778, exact_match: 0.015
2023-12-16 21:46:18,472 -     || unique taglist code: 40825
2023-12-16 21:46:18,473 - DEV || epcloss: 0.4957
2023-12-16 21:46:18,473 -     || Q: 2.2367
2023-12-16 21:46:18,474 -     || KL: 0.2370
2023-12-16 21:46:18,475 -     || token_match: 0.823, exact_match: 0.019
2023-12-16 21:46:18,476 -     || unique taglist code: 1296
2023-12-16 21:46:18,478 -     || seen taglist code: 1231
2023-12-16 21:46:18,544 -     || saved model
2023-12-16 21:46:18,546 - 
2023-12-16 21:46:18,546 - #epc: 53
2023-12-16 21:46:19,264 - epc:53, epc_KL:  1.000000
2023-12-16 21:54:13,790 - exact_match_tst_copy_acc: 0.104
2023-12-16 21:54:13,791 - exact_match_tst_reinflection_wlemma: 0.039
2023-12-16 21:54:13,792 - exact_match_tst_reinflection_wlemma_TAGFINDER1: 0.014
2023-12-16 21:54:13,793 - exact_match_tst_reinflection_wlemma_TAGFINDER1_or_2: 0.026
2023-12-16 21:54:14,734 - TRN || epcloss: 0.4848
2023-12-16 21:54:14,735 -     || Q: 2.3471
2023-12-16 21:54:14,736 -     || KL: 0.1163
2023-12-16 21:54:14,736 -     || token_match: 0.830, exact_match: 0.033
2023-12-16 21:54:14,737 -     || unique taglist code: 47141
2023-12-16 21:54:14,738 - DEV || epcloss: 0.3740
2023-12-16 21:54:14,739 -     || Q: 2.2086
2023-12-16 21:54:14,740 -     || KL: 0.2423
2023-12-16 21:54:14,740 -     || token_match: 0.867, exact_match: 0.059
2023-12-16 21:54:14,741 -     || unique taglist code: 1354
2023-12-16 21:54:14,744 -     || seen taglist code: 1178
2023-12-16 21:54:14,808 -     || saved model
2023-12-16 21:54:14,810 - 
2023-12-16 21:54:14,811 - #epc: 54
2023-12-16 21:54:15,518 - epc:54, epc_KL:  1.000000
2023-12-16 22:02:10,574 - exact_match_tst_copy_acc: 0.185
2023-12-16 22:02:10,575 - exact_match_tst_reinflection_wlemma: 0.063
2023-12-16 22:02:10,575 - exact_match_tst_reinflection_wlemma_TAGFINDER1: 0.024
2023-12-16 22:02:10,576 - exact_match_tst_reinflection_wlemma_TAGFINDER1_or_2: 0.039
2023-12-16 22:02:11,024 - TRN || epcloss: 0.3514
2023-12-16 22:02:11,025 -     || Q: 2.2547
2023-12-16 22:02:11,025 -     || KL: 0.1137
2023-12-16 22:02:11,026 -     || token_match: 0.874, exact_match: 0.078
2023-12-16 22:02:11,027 -     || unique taglist code: 63837
2023-12-16 22:02:11,028 - DEV || epcloss: 0.2805
2023-12-16 22:02:11,028 -     || Q: 2.1837
2023-12-16 22:02:11,029 -     || KL: 0.2326
2023-12-16 22:02:11,030 -     || token_match: 0.899, exact_match: 0.111
2023-12-16 22:02:11,031 -     || unique taglist code: 1391
2023-12-16 22:02:11,033 -     || seen taglist code: 1278
2023-12-16 22:02:11,094 -     || saved model
2023-12-16 22:02:11,096 - 
2023-12-16 22:02:11,097 - #epc: 55
2023-12-16 22:02:11,804 - epc:55, epc_KL:  1.000000
2023-12-16 22:10:06,770 - exact_match_tst_copy_acc: 0.252
2023-12-16 22:10:06,772 - exact_match_tst_reinflection_wlemma: 0.071
2023-12-16 22:10:06,772 - exact_match_tst_reinflection_wlemma_TAGFINDER1: 0.026
2023-12-16 22:10:06,773 - exact_match_tst_reinflection_wlemma_TAGFINDER1_or_2: 0.047
2023-12-16 22:10:07,217 - TRN || epcloss: 0.2756
2023-12-16 22:10:07,218 -     || Q: 2.2529
2023-12-16 22:10:07,219 -     || KL: 0.1099
2023-12-16 22:10:07,220 -     || token_match: 0.900, exact_match: 0.132
2023-12-16 22:10:07,221 -     || unique taglist code: 79729
2023-12-16 22:10:07,222 - DEV || epcloss: 0.2298
2023-12-16 22:10:07,222 -     || Q: 2.2453
2023-12-16 22:10:07,223 -     || KL: 0.2386
2023-12-16 22:10:07,224 -     || token_match: 0.917, exact_match: 0.183
2023-12-16 22:10:07,225 -     || unique taglist code: 1414
2023-12-16 22:10:07,228 -     || seen taglist code: 1226
2023-12-16 22:10:07,282 -     || saved model
2023-12-16 22:10:07,284 - 
2023-12-16 22:10:07,284 - #epc: 56
2023-12-16 22:10:08,009 - epc:56, epc_KL:  1.000000
2023-12-16 22:18:01,392 - exact_match_tst_copy_acc: 0.351
2023-12-16 22:18:01,393 - exact_match_tst_reinflection_wlemma: 0.129
2023-12-16 22:18:01,394 - exact_match_tst_reinflection_wlemma_TAGFINDER1: 0.050
2023-12-16 22:18:01,394 - exact_match_tst_reinflection_wlemma_TAGFINDER1_or_2: 0.092
2023-12-16 22:18:01,827 - TRN || epcloss: 0.2200
2023-12-16 22:18:01,828 -     || Q: 2.2325
2023-12-16 22:18:01,829 -     || KL: 0.1059
2023-12-16 22:18:01,830 -     || token_match: 0.921, exact_match: 0.206
2023-12-16 22:18:01,831 -     || unique taglist code: 91461
2023-12-16 22:18:01,832 - DEV || epcloss: 0.1919
2023-12-16 22:18:01,832 -     || Q: 2.1490
2023-12-16 22:18:01,833 -     || KL: 0.2270
2023-12-16 22:18:01,834 -     || token_match: 0.930, exact_match: 0.246
2023-12-16 22:18:01,835 -     || unique taglist code: 1420
2023-12-16 22:18:01,839 -     || seen taglist code: 1291
2023-12-16 22:18:01,900 -     || saved model
2023-12-16 22:18:01,902 - 
2023-12-16 22:18:01,903 - #epc: 57
2023-12-16 22:18:02,604 - epc:57, epc_KL:  1.000000
2023-12-16 22:25:58,418 - exact_match_tst_copy_acc: 0.385
2023-12-16 22:25:58,419 - exact_match_tst_reinflection_wlemma: 0.145
2023-12-16 22:25:58,420 - exact_match_tst_reinflection_wlemma_TAGFINDER1: 0.058
2023-12-16 22:25:58,421 - exact_match_tst_reinflection_wlemma_TAGFINDER1_or_2: 0.094
2023-12-16 22:25:58,799 - TRN || epcloss: 0.1856
2023-12-16 22:25:58,801 -     || Q: 2.1869
2023-12-16 22:25:58,802 -     || KL: 0.1036
2023-12-16 22:25:58,803 -     || token_match: 0.934, exact_match: 0.267
2023-12-16 22:25:58,804 -     || unique taglist code: 102087
2023-12-16 22:25:58,805 - DEV || epcloss: 0.1743
2023-12-16 22:25:58,806 -     || Q: 2.1662
2023-12-16 22:25:58,807 -     || KL: 0.2301
2023-12-16 22:25:58,808 -     || token_match: 0.937, exact_match: 0.270
2023-12-16 22:25:58,809 -     || unique taglist code: 1415
2023-12-16 22:25:58,813 -     || seen taglist code: 1244
2023-12-16 22:25:58,889 -     || saved model
2023-12-16 22:25:58,892 - 
2023-12-16 22:25:58,893 - #epc: 58
2023-12-16 22:25:59,616 - epc:58, epc_KL:  1.000000
2023-12-16 22:33:55,005 - exact_match_tst_copy_acc: 0.555
2023-12-16 22:33:55,006 - exact_match_tst_reinflection_wlemma: 0.249
2023-12-16 22:33:55,006 - exact_match_tst_reinflection_wlemma_TAGFINDER1: 0.095
2023-12-16 22:33:55,007 - exact_match_tst_reinflection_wlemma_TAGFINDER1_or_2: 0.169
2023-12-16 22:33:55,385 - TRN || epcloss: 0.1532
2023-12-16 22:33:55,386 -     || Q: 1.9787
2023-12-16 22:33:55,387 -     || KL: 0.1001
2023-12-16 22:33:55,388 -     || token_match: 0.946, exact_match: 0.350
2023-12-16 22:33:55,389 -     || unique taglist code: 113474
2023-12-16 22:33:55,390 - DEV || epcloss: 0.1270
2023-12-16 22:33:55,391 -     || Q: 1.8204
2023-12-16 22:33:55,392 -     || KL: 0.2088
2023-12-16 22:33:55,392 -     || token_match: 0.957, exact_match: 0.409
2023-12-16 22:33:55,393 -     || unique taglist code: 1420
2023-12-16 22:33:55,396 -     || seen taglist code: 1264
2023-12-16 22:33:55,461 -     || saved model
2023-12-16 22:33:55,463 - 
2023-12-16 22:33:55,464 - #epc: 59
2023-12-16 22:33:56,175 - epc:59, epc_KL:  1.000000
2023-12-16 22:41:52,636 - exact_match_tst_copy_acc: 0.610
2023-12-16 22:41:52,637 - exact_match_tst_reinflection_wlemma: 0.334
2023-12-16 22:41:52,638 - exact_match_tst_reinflection_wlemma_TAGFINDER1: 0.131
2023-12-16 22:41:52,639 - exact_match_tst_reinflection_wlemma_TAGFINDER1_or_2: 0.236
2023-12-16 22:41:53,071 - TRN || epcloss: 0.1269
2023-12-16 22:41:53,071 -     || Q: 1.8378
2023-12-16 22:41:53,073 -     || KL: 0.0955
2023-12-16 22:41:53,073 -     || token_match: 0.957, exact_match: 0.432
2023-12-16 22:41:53,074 -     || unique taglist code: 109654
2023-12-16 22:41:53,075 - DEV || epcloss: 0.1073
2023-12-16 22:41:53,076 -     || Q: 1.7647
2023-12-16 22:41:53,077 -     || KL: 0.2004
2023-12-16 22:41:53,078 -     || token_match: 0.963, exact_match: 0.483
2023-12-16 22:41:53,078 -     || unique taglist code: 1425
2023-12-16 22:41:53,082 -     || seen taglist code: 1279
2023-12-16 22:41:53,135 -     || saved model
2023-12-16 22:41:53,137 - 
2023-12-16 22:41:53,138 - #epc: 60
2023-12-16 22:41:53,847 - epc:60, epc_KL:  1.000000
2023-12-16 22:49:48,198 - exact_match_tst_copy_acc: 0.671
2023-12-16 22:49:48,199 - exact_match_tst_reinflection_wlemma: 0.353
2023-12-16 22:49:48,200 - exact_match_tst_reinflection_wlemma_TAGFINDER1: 0.131
2023-12-16 22:49:48,200 - exact_match_tst_reinflection_wlemma_TAGFINDER1_or_2: 0.245
2023-12-16 22:49:48,572 - TRN || epcloss: 0.1156
2023-12-16 22:49:48,573 -     || Q: 1.8253
2023-12-16 22:49:48,574 -     || KL: 0.0921
2023-12-16 22:49:48,575 -     || token_match: 0.961, exact_match: 0.473
2023-12-16 22:49:48,575 -     || unique taglist code: 109133
2023-12-16 22:49:48,576 - DEV || epcloss: 0.0937
2023-12-16 22:49:48,577 -     || Q: 1.7702
2023-12-16 22:49:48,578 -     || KL: 0.1885
2023-12-16 22:49:48,578 -     || token_match: 0.967, exact_match: 0.519
2023-12-16 22:49:48,579 -     || unique taglist code: 1431
2023-12-16 22:49:48,582 -     || seen taglist code: 1291
2023-12-16 22:49:48,641 -     || saved model
2023-12-16 22:49:48,643 - 
2023-12-16 22:49:48,644 - #epc: 61
2023-12-16 22:49:49,353 - epc:61, epc_KL:  1.000000
2023-12-16 22:57:44,840 - exact_match_tst_copy_acc: 0.696
2023-12-16 22:57:44,841 - exact_match_tst_reinflection_wlemma: 0.368
2023-12-16 22:57:44,841 - exact_match_tst_reinflection_wlemma_TAGFINDER1: 0.147
2023-12-16 22:57:44,842 - exact_match_tst_reinflection_wlemma_TAGFINDER1_or_2: 0.254
2023-12-16 22:57:45,214 - TRN || epcloss: 0.1052
2023-12-16 22:57:45,215 -     || Q: 1.7905
2023-12-16 22:57:45,216 -     || KL: 0.0894
2023-12-16 22:57:45,217 -     || token_match: 0.965, exact_match: 0.508
2023-12-16 22:57:45,218 -     || unique taglist code: 115284
2023-12-16 22:57:45,219 - DEV || epcloss: 0.0815
2023-12-16 22:57:45,219 -     || Q: 1.7155
2023-12-16 22:57:45,220 -     || KL: 0.1875
2023-12-16 22:57:45,221 -     || token_match: 0.971, exact_match: 0.564
2023-12-16 22:57:45,222 -     || unique taglist code: 1434
2023-12-16 22:57:45,225 -     || seen taglist code: 1284
2023-12-16 22:57:45,300 -     || saved model
2023-12-16 22:57:45,302 - 
2023-12-16 22:57:45,303 - #epc: 62
2023-12-16 22:57:46,013 - epc:62, epc_KL:  1.000000
2023-12-16 23:05:42,644 - exact_match_tst_copy_acc: 0.704
2023-12-16 23:05:42,645 - exact_match_tst_reinflection_wlemma: 0.410
2023-12-16 23:05:42,646 - exact_match_tst_reinflection_wlemma_TAGFINDER1: 0.160
2023-12-16 23:05:42,646 - exact_match_tst_reinflection_wlemma_TAGFINDER1_or_2: 0.291
2023-12-16 23:05:42,992 - TRN || epcloss: 0.0962
2023-12-16 23:05:42,993 -     || Q: 1.7637
2023-12-16 23:05:42,994 -     || KL: 0.0876
2023-12-16 23:05:42,995 -     || token_match: 0.968, exact_match: 0.541
2023-12-16 23:05:42,996 -     || unique taglist code: 114318
2023-12-16 23:05:42,996 - DEV || epcloss: 0.0848
2023-12-16 23:05:42,997 -     || Q: 1.6874
2023-12-16 23:05:42,998 -     || KL: 0.1878
2023-12-16 23:05:42,999 -     || token_match: 0.973, exact_match: 0.585
2023-12-16 23:05:42,999 -     || unique taglist code: 1428
2023-12-16 23:05:43,002 -     || seen taglist code: 1269
2023-12-16 23:05:43,060 -     || saved model
2023-12-16 23:05:43,062 - 
2023-12-16 23:05:43,063 - #epc: 63
2023-12-16 23:05:43,764 - epc:63, epc_KL:  1.000000
2023-12-16 23:13:40,040 - exact_match_tst_copy_acc: 0.725
2023-12-16 23:13:40,041 - exact_match_tst_reinflection_wlemma: 0.429
2023-12-16 23:13:40,042 - exact_match_tst_reinflection_wlemma_TAGFINDER1: 0.163
2023-12-16 23:13:40,042 - exact_match_tst_reinflection_wlemma_TAGFINDER1_or_2: 0.298
2023-12-16 23:13:40,424 - TRN || epcloss: 0.0893
2023-12-16 23:13:40,425 -     || Q: 1.7594
2023-12-16 23:13:40,426 -     || KL: 0.0859
2023-12-16 23:13:40,427 -     || token_match: 0.970, exact_match: 0.567
2023-12-16 23:13:40,427 -     || unique taglist code: 112741
2023-12-16 23:13:40,428 - DEV || epcloss: 0.0852
2023-12-16 23:13:40,429 -     || Q: 1.8154
2023-12-16 23:13:40,430 -     || KL: 0.1796
2023-12-16 23:13:40,431 -     || token_match: 0.972, exact_match: 0.584
2023-12-16 23:13:40,432 -     || unique taglist code: 1429
2023-12-16 23:13:40,436 -     || seen taglist code: 1276
2023-12-16 23:13:40,499 -     || saved model
2023-12-16 23:13:40,501 - 
2023-12-16 23:13:40,502 - #epc: 64
2023-12-16 23:13:41,221 - epc:64, epc_KL:  1.000000
2023-12-16 23:21:36,514 - exact_match_tst_copy_acc: 0.699
2023-12-16 23:21:36,516 - exact_match_tst_reinflection_wlemma: 0.404
2023-12-16 23:21:36,516 - exact_match_tst_reinflection_wlemma_TAGFINDER1: 0.160
2023-12-16 23:21:36,517 - exact_match_tst_reinflection_wlemma_TAGFINDER1_or_2: 0.278
2023-12-16 23:21:36,898 - TRN || epcloss: 0.0883
2023-12-16 23:21:36,899 -     || Q: 1.7823
2023-12-16 23:21:36,900 -     || KL: 0.0848
2023-12-16 23:21:36,900 -     || token_match: 0.971, exact_match: 0.577
2023-12-16 23:21:36,901 -     || unique taglist code: 113614
2023-12-16 23:21:36,902 - DEV || epcloss: 0.0826
2023-12-16 23:21:36,903 -     || Q: 1.6338
2023-12-16 23:21:36,904 -     || KL: 0.1840
2023-12-16 23:21:36,904 -     || token_match: 0.973, exact_match: 0.586
2023-12-16 23:21:36,905 -     || unique taglist code: 1429
2023-12-16 23:21:36,908 -     || seen taglist code: 1277
2023-12-16 23:21:36,973 -     || saved model
2023-12-16 23:21:36,975 - 
2023-12-16 23:21:36,976 - #epc: 65
2023-12-16 23:21:37,670 - epc:65, epc_KL:  1.000000
2023-12-16 23:29:32,641 - exact_match_tst_copy_acc: 0.774
2023-12-16 23:29:32,642 - exact_match_tst_reinflection_wlemma: 0.450
2023-12-16 23:29:32,643 - exact_match_tst_reinflection_wlemma_TAGFINDER1: 0.183
2023-12-16 23:29:32,643 - exact_match_tst_reinflection_wlemma_TAGFINDER1_or_2: 0.318
2023-12-16 23:29:33,008 - TRN || epcloss: 0.0811
2023-12-16 23:29:33,009 -     || Q: 1.7391
2023-12-16 23:29:33,010 -     || KL: 0.0832
2023-12-16 23:29:33,011 -     || token_match: 0.973, exact_match: 0.600
2023-12-16 23:29:33,011 -     || unique taglist code: 111236
2023-12-16 23:29:33,012 - DEV || epcloss: 0.0738
2023-12-16 23:29:33,013 -     || Q: 1.6663
2023-12-16 23:29:33,014 -     || KL: 0.1658
2023-12-16 23:29:33,014 -     || token_match: 0.977, exact_match: 0.647
2023-12-16 23:29:33,015 -     || unique taglist code: 1431
2023-12-16 23:29:33,018 -     || seen taglist code: 1280
2023-12-16 23:29:33,067 -     || saved model
2023-12-16 23:29:33,069 - 
2023-12-16 23:29:33,070 - #epc: 66
2023-12-16 23:29:33,781 - epc:66, epc_KL:  1.000000
2023-12-16 23:37:29,222 - exact_match_tst_copy_acc: 0.777
2023-12-16 23:37:29,223 - exact_match_tst_reinflection_wlemma: 0.448
2023-12-16 23:37:29,224 - exact_match_tst_reinflection_wlemma_TAGFINDER1: 0.188
2023-12-16 23:37:29,225 - exact_match_tst_reinflection_wlemma_TAGFINDER1_or_2: 0.322
2023-12-16 23:37:29,618 - TRN || epcloss: 0.0779
2023-12-16 23:37:29,619 -     || Q: 1.7865
2023-12-16 23:37:29,620 -     || KL: 0.0819
2023-12-16 23:37:29,621 -     || token_match: 0.975, exact_match: 0.617
2023-12-16 23:37:29,622 -     || unique taglist code: 112365
2023-12-16 23:37:29,623 - DEV || epcloss: 0.0680
2023-12-16 23:37:29,624 -     || Q: 1.8131
2023-12-16 23:37:29,625 -     || KL: 0.1715
2023-12-16 23:37:29,625 -     || token_match: 0.978, exact_match: 0.644
2023-12-16 23:37:29,626 -     || unique taglist code: 1434
2023-12-16 23:37:29,629 -     || seen taglist code: 1277
2023-12-16 23:37:29,684 -     || saved model
2023-12-16 23:37:29,686 - 
2023-12-16 23:37:29,687 - #epc: 67
2023-12-16 23:37:30,396 - epc:67, epc_KL:  1.000000
2023-12-16 23:45:23,712 - exact_match_tst_copy_acc: 0.749
2023-12-16 23:45:23,713 - exact_match_tst_reinflection_wlemma: 0.425
2023-12-16 23:45:23,714 - exact_match_tst_reinflection_wlemma_TAGFINDER1: 0.176
2023-12-16 23:45:23,715 - exact_match_tst_reinflection_wlemma_TAGFINDER1_or_2: 0.296
2023-12-16 23:45:24,105 - TRN || epcloss: 0.0775
2023-12-16 23:45:24,106 -     || Q: 1.8464
2023-12-16 23:45:24,107 -     || KL: 0.0807
2023-12-16 23:45:24,108 -     || token_match: 0.974, exact_match: 0.616
2023-12-16 23:45:24,108 -     || unique taglist code: 113440
2023-12-16 23:45:24,109 - DEV || epcloss: 0.0696
2023-12-16 23:45:24,110 -     || Q: 1.7825
2023-12-16 23:45:24,111 -     || KL: 0.1721
2023-12-16 23:45:24,112 -     || token_match: 0.977, exact_match: 0.634
2023-12-16 23:45:24,113 -     || unique taglist code: 1431
2023-12-16 23:45:24,116 -     || seen taglist code: 1270
2023-12-16 23:45:24,175 -     || saved model
2023-12-16 23:45:24,177 - 
2023-12-16 23:45:24,178 - #epc: 68
2023-12-16 23:45:24,895 - epc:68, epc_KL:  1.000000
2023-12-16 23:53:20,738 - exact_match_tst_copy_acc: 0.781
2023-12-16 23:53:20,739 - exact_match_tst_reinflection_wlemma: 0.451
2023-12-16 23:53:20,740 - exact_match_tst_reinflection_wlemma_TAGFINDER1: 0.189
2023-12-16 23:53:20,741 - exact_match_tst_reinflection_wlemma_TAGFINDER1_or_2: 0.324
2023-12-16 23:53:21,144 - TRN || epcloss: 0.0766
2023-12-16 23:53:21,146 -     || Q: 1.8303
2023-12-16 23:53:21,147 -     || KL: 0.0803
2023-12-16 23:53:21,148 -     || token_match: 0.975, exact_match: 0.619
2023-12-16 23:53:21,149 -     || unique taglist code: 112128
2023-12-16 23:53:21,150 - DEV || epcloss: 0.0688
2023-12-16 23:53:21,151 -     || Q: 1.8928
2023-12-16 23:53:21,152 -     || KL: 0.1699
2023-12-16 23:53:21,153 -     || token_match: 0.978, exact_match: 0.649
2023-12-16 23:53:21,153 -     || unique taglist code: 1426
2023-12-16 23:53:21,156 -     || seen taglist code: 1289
2023-12-16 23:53:21,235 -     || saved model
2023-12-16 23:53:21,237 - 
2023-12-16 23:53:21,238 - #epc: 69
2023-12-16 23:53:21,945 - epc:69, epc_KL:  1.000000
2023-12-17 00:01:15,899 - exact_match_tst_copy_acc: 0.779
2023-12-17 00:01:15,900 - exact_match_tst_reinflection_wlemma: 0.436
2023-12-17 00:01:15,901 - exact_match_tst_reinflection_wlemma_TAGFINDER1: 0.178
2023-12-17 00:01:15,902 - exact_match_tst_reinflection_wlemma_TAGFINDER1_or_2: 0.306
2023-12-17 00:01:16,297 - TRN || epcloss: 0.0753
2023-12-17 00:01:16,298 -     || Q: 1.8382
2023-12-17 00:01:16,299 -     || KL: 0.0797
2023-12-17 00:01:16,300 -     || token_match: 0.975, exact_match: 0.627
2023-12-17 00:01:16,301 -     || unique taglist code: 113192
2023-12-17 00:01:16,302 - DEV || epcloss: 0.0654
2023-12-17 00:01:16,303 -     || Q: 1.7053
2023-12-17 00:01:16,304 -     || KL: 0.1669
2023-12-17 00:01:16,305 -     || token_match: 0.980, exact_match: 0.671
2023-12-17 00:01:16,306 -     || unique taglist code: 1430
2023-12-17 00:01:16,309 -     || seen taglist code: 1274
2023-12-17 00:01:16,382 -     || saved model
2023-12-17 00:01:16,384 - 
2023-12-17 00:01:16,385 - #epc: 70
2023-12-17 00:01:17,090 - epc:70, epc_KL:  1.000000
2023-12-17 00:09:13,731 - exact_match_tst_copy_acc: 0.758
2023-12-17 00:09:13,733 - exact_match_tst_reinflection_wlemma: 0.440
2023-12-17 00:09:13,734 - exact_match_tst_reinflection_wlemma_TAGFINDER1: 0.183
2023-12-17 00:09:13,735 - exact_match_tst_reinflection_wlemma_TAGFINDER1_or_2: 0.306
2023-12-17 00:09:14,119 - TRN || epcloss: 0.0725
2023-12-17 00:09:14,120 -     || Q: 1.8365
2023-12-17 00:09:14,121 -     || KL: 0.0787
2023-12-17 00:09:14,122 -     || token_match: 0.976, exact_match: 0.642
2023-12-17 00:09:14,123 -     || unique taglist code: 112153
2023-12-17 00:09:14,123 - DEV || epcloss: 0.0660
2023-12-17 00:09:14,125 -     || Q: 1.8991
2023-12-17 00:09:14,125 -     || KL: 0.1652
2023-12-17 00:09:14,126 -     || token_match: 0.978, exact_match: 0.651
2023-12-17 00:09:14,127 -     || unique taglist code: 1429
2023-12-17 00:09:14,130 -     || seen taglist code: 1281
2023-12-17 00:09:14,186 -     || saved model
2023-12-17 00:09:14,188 - 
2023-12-17 00:09:14,189 - #epc: 71
2023-12-17 00:09:14,889 - epc:71, epc_KL:  1.000000
2023-12-17 00:17:06,520 - exact_match_tst_copy_acc: 0.796
2023-12-17 00:17:06,522 - exact_match_tst_reinflection_wlemma: 0.445
2023-12-17 00:17:06,523 - exact_match_tst_reinflection_wlemma_TAGFINDER1: 0.184
2023-12-17 00:17:06,523 - exact_match_tst_reinflection_wlemma_TAGFINDER1_or_2: 0.311
2023-12-17 00:17:06,894 - TRN || epcloss: 0.0728
2023-12-17 00:17:06,895 -     || Q: 1.8852
2023-12-17 00:17:06,896 -     || KL: 0.0785
2023-12-17 00:17:06,897 -     || token_match: 0.976, exact_match: 0.641
2023-12-17 00:17:06,898 -     || unique taglist code: 112019
2023-12-17 00:17:06,898 - DEV || epcloss: 0.0615
2023-12-17 00:17:06,899 -     || Q: 1.7900
2023-12-17 00:17:06,900 -     || KL: 0.1613
2023-12-17 00:17:06,901 -     || token_match: 0.980, exact_match: 0.674
2023-12-17 00:17:06,902 -     || unique taglist code: 1427
2023-12-17 00:17:06,904 -     || seen taglist code: 1293
2023-12-17 00:17:06,965 -     || saved model
2023-12-17 00:17:06,967 - 
2023-12-17 00:17:06,968 - #epc: 72
2023-12-17 00:17:07,696 - epc:72, epc_KL:  1.000000
2023-12-17 00:25:00,670 - exact_match_tst_copy_acc: 0.790
2023-12-17 00:25:00,671 - exact_match_tst_reinflection_wlemma: 0.445
2023-12-17 00:25:00,672 - exact_match_tst_reinflection_wlemma_TAGFINDER1: 0.181
2023-12-17 00:25:00,673 - exact_match_tst_reinflection_wlemma_TAGFINDER1_or_2: 0.311
2023-12-17 00:25:01,058 - TRN || epcloss: 0.0715
2023-12-17 00:25:01,059 -     || Q: 1.8355
2023-12-17 00:25:01,060 -     || KL: 0.0780
2023-12-17 00:25:01,061 -     || token_match: 0.977, exact_match: 0.644
2023-12-17 00:25:01,062 -     || unique taglist code: 110491
2023-12-17 00:25:01,063 - DEV || epcloss: 0.0588
2023-12-17 00:25:01,064 -     || Q: 1.7962
2023-12-17 00:25:01,065 -     || KL: 0.1629
2023-12-17 00:25:01,066 -     || token_match: 0.980, exact_match: 0.676
2023-12-17 00:25:01,066 -     || unique taglist code: 1427
2023-12-17 00:25:01,069 -     || seen taglist code: 1288
2023-12-17 00:25:01,128 -     || saved model
2023-12-17 00:25:01,130 - 
2023-12-17 00:25:01,131 - #epc: 73
2023-12-17 00:25:01,833 - epc:73, epc_KL:  1.000000
2023-12-17 00:32:53,940 - exact_match_tst_copy_acc: 0.809
2023-12-17 00:32:53,942 - exact_match_tst_reinflection_wlemma: 0.472
2023-12-17 00:32:53,943 - exact_match_tst_reinflection_wlemma_TAGFINDER1: 0.198
2023-12-17 00:32:53,944 - exact_match_tst_reinflection_wlemma_TAGFINDER1_or_2: 0.336
2023-12-17 00:32:54,299 - TRN || epcloss: 0.0684
2023-12-17 00:32:54,300 -     || Q: 1.8000
2023-12-17 00:32:54,301 -     || KL: 0.0771
2023-12-17 00:32:54,302 -     || token_match: 0.978, exact_match: 0.657
2023-12-17 00:32:54,303 -     || unique taglist code: 110201
2023-12-17 00:32:54,304 - DEV || epcloss: 0.0566
2023-12-17 00:32:54,304 -     || Q: 1.7586
2023-12-17 00:32:54,305 -     || KL: 0.1596
2023-12-17 00:32:54,306 -     || token_match: 0.981, exact_match: 0.691
2023-12-17 00:32:54,307 -     || unique taglist code: 1432
2023-12-17 00:32:54,309 -     || seen taglist code: 1300
2023-12-17 00:32:54,384 -     || saved model
2023-12-17 00:32:54,386 - 
2023-12-17 00:32:54,387 - #epc: 74
2023-12-17 00:32:55,124 - epc:74, epc_KL:  1.000000
2023-12-17 00:40:46,605 - exact_match_tst_copy_acc: 0.792
2023-12-17 00:40:46,606 - exact_match_tst_reinflection_wlemma: 0.438
2023-12-17 00:40:46,607 - exact_match_tst_reinflection_wlemma_TAGFINDER1: 0.185
2023-12-17 00:40:46,608 - exact_match_tst_reinflection_wlemma_TAGFINDER1_or_2: 0.310
2023-12-17 00:40:46,970 - TRN || epcloss: 0.0674
2023-12-17 00:40:46,971 -     || Q: 1.8226
2023-12-17 00:40:46,972 -     || KL: 0.0764
2023-12-17 00:40:46,973 -     || token_match: 0.978, exact_match: 0.660
2023-12-17 00:40:46,974 -     || unique taglist code: 112241
2023-12-17 00:40:46,975 - DEV || epcloss: 0.0590
2023-12-17 00:40:46,976 -     || Q: 1.8089
2023-12-17 00:40:46,977 -     || KL: 0.1605
2023-12-17 00:40:46,978 -     || token_match: 0.981, exact_match: 0.694
2023-12-17 00:40:46,978 -     || unique taglist code: 1435
2023-12-17 00:40:46,982 -     || seen taglist code: 1287
2023-12-17 00:40:47,054 -     || saved model
2023-12-17 00:40:47,056 - Training is over, saved model with best dev exact match: 0.999 (epc 1)
2023-12-17 00:40:47,057 - Training is over, most used trncode at 29, most used devcode at 27 
