2023-02-19 22:54:31,733 - trnID: 2
2023-02-19 22:54:31,735 - batchsize: 64
2023-02-19 22:54:31,735 - epochs: 200
2023-02-19 22:54:31,736 - lr: 0.00050
2023-02-19 22:54:31,745 - AE(
  (encoder): Encoder_GRU_AE(
    (layers): ModuleList(
      (0): Embedding(51, 64)
      (1): Dropout(p=0.0, inplace=False)
      (2): GRU(64, 256, batch_first=True)
    )
  )
  (down_to_z_layer): Linear(in_features=256, out_features=32, bias=True)
  (up_from_z_layer): Linear(in_features=32, out_features=256, bias=True)
  (decoder): Decoder_GRU_AE(
    (layers): ModuleList(
      (0): Embedding(51, 64)
      (1): Dropout(p=0.4, inplace=False)
      (2): GRU(96, 256, batch_first=True)
      (3): Linear(in_features=256, out_features=51, bias=True)
    )
    (loss): CrossEntropyLoss()
  )
)
2023-02-19 22:54:31,913 - trnsize: 14000
2023-02-19 22:54:31,914 - devsize: 1000
2023-02-19 22:54:31,915 - 
2023-02-19 22:54:31,916 - #epc: 0
2023-02-19 22:54:40,142 - TRN || epcloss: 2.2773
2023-02-19 22:54:40,143 -     || token_match: 0.347, exact_match: 0.000
2023-02-19 22:54:40,144 - DEV || epcloss: 1.6727
2023-02-19 22:54:40,144 -     || token_match: 0.498, exact_match: 0.000
2023-02-19 22:54:40,146 - 
2023-02-19 22:54:40,147 - #epc: 1
2023-02-19 22:54:49,939 - TRN || epcloss: 1.5122
2023-02-19 22:54:49,940 -     || token_match: 0.544, exact_match: 0.006
2023-02-19 22:54:49,941 - DEV || epcloss: 1.1993
2023-02-19 22:54:49,942 -     || token_match: 0.632, exact_match: 0.000
2023-02-19 22:54:49,943 - 
2023-02-19 22:54:49,944 - #epc: 2
2023-02-19 22:54:59,189 - TRN || epcloss: 1.1230
2023-02-19 22:54:59,190 -     || token_match: 0.660, exact_match: 0.037
2023-02-19 22:54:59,190 - DEV || epcloss: 0.9419
2023-02-19 22:54:59,191 -     || token_match: 0.700, exact_match: 0.000
2023-02-19 22:54:59,192 - 
2023-02-19 22:54:59,193 - #epc: 3
2023-02-19 22:55:08,933 - TRN || epcloss: 0.8715
2023-02-19 22:55:08,934 -     || token_match: 0.734, exact_match: 0.117
2023-02-19 22:55:08,935 - DEV || epcloss: 0.7504
2023-02-19 22:55:08,936 -     || token_match: 0.762, exact_match: 0.005
2023-02-19 22:55:08,937 -     || BEST exact match: 0.005
2023-02-19 22:55:08,952 -     || saved model
2023-02-19 22:55:08,953 - 
2023-02-19 22:55:08,953 - #epc: 4
2023-02-19 22:55:19,049 - TRN || epcloss: 0.7031
2023-02-19 22:55:19,050 -     || token_match: 0.784, exact_match: 0.209
2023-02-19 22:55:19,051 - DEV || epcloss: 0.6579
2023-02-19 22:55:19,052 -     || token_match: 0.790, exact_match: 0.015
2023-02-19 22:55:19,054 -     || BEST exact match: 0.015
2023-02-19 22:55:19,070 -     || saved model
2023-02-19 22:55:19,070 - 
2023-02-19 22:55:19,071 - #epc: 5
2023-02-19 22:55:29,209 - TRN || epcloss: 0.5789
2023-02-19 22:55:29,210 -     || token_match: 0.823, exact_match: 0.279
2023-02-19 22:55:29,211 - DEV || epcloss: 0.5497
2023-02-19 22:55:29,211 -     || token_match: 0.827, exact_match: 0.039
2023-02-19 22:55:29,213 -     || BEST exact match: 0.039
2023-02-19 22:55:29,228 -     || saved model
2023-02-19 22:55:29,229 - 
2023-02-19 22:55:29,230 - #epc: 6
2023-02-19 22:55:39,268 - TRN || epcloss: 0.4711
2023-02-19 22:55:39,269 -     || token_match: 0.857, exact_match: 0.351
2023-02-19 22:55:39,269 - DEV || epcloss: 0.4672
2023-02-19 22:55:39,270 -     || token_match: 0.850, exact_match: 0.061
2023-02-19 22:55:39,272 -     || BEST exact match: 0.061
2023-02-19 22:55:39,287 -     || saved model
2023-02-19 22:55:39,288 - 
2023-02-19 22:55:39,289 - #epc: 7
2023-02-19 22:55:49,100 - TRN || epcloss: 0.4000
2023-02-19 22:55:49,101 -     || token_match: 0.878, exact_match: 0.401
2023-02-19 22:55:49,102 - DEV || epcloss: 0.4051
2023-02-19 22:55:49,103 -     || token_match: 0.873, exact_match: 0.111
2023-02-19 22:55:49,104 -     || BEST exact match: 0.111
2023-02-19 22:55:49,121 -     || saved model
2023-02-19 22:55:49,122 - 
2023-02-19 22:55:49,122 - #epc: 8
2023-02-19 22:55:59,035 - TRN || epcloss: 0.3549
2023-02-19 22:55:59,106 -     || token_match: 0.892, exact_match: 0.434
2023-02-19 22:55:59,107 - DEV || epcloss: 0.3652
2023-02-19 22:55:59,108 -     || token_match: 0.886, exact_match: 0.134
2023-02-19 22:55:59,109 -     || BEST exact match: 0.134
2023-02-19 22:55:59,948 -     || saved model
2023-02-19 22:55:59,959 - 
2023-02-19 22:55:59,959 - #epc: 9
2023-02-19 22:56:09,954 - TRN || epcloss: 0.3126
2023-02-19 22:56:09,955 -     || token_match: 0.905, exact_match: 0.472
2023-02-19 22:56:09,956 - DEV || epcloss: 0.3348
2023-02-19 22:56:09,957 -     || token_match: 0.895, exact_match: 0.160
2023-02-19 22:56:09,958 -     || BEST exact match: 0.160
2023-02-19 22:56:09,973 -     || saved model
2023-02-19 22:56:09,974 - 
2023-02-19 22:56:09,974 - #epc: 10
2023-02-19 22:56:19,592 - TRN || epcloss: 0.2597
2023-02-19 22:56:19,593 -     || token_match: 0.922, exact_match: 0.529
2023-02-19 22:56:19,594 - DEV || epcloss: 0.2939
2023-02-19 22:56:19,594 -     || token_match: 0.907, exact_match: 0.204
2023-02-19 22:56:19,596 -     || BEST exact match: 0.204
2023-02-19 22:56:19,611 -     || saved model
2023-02-19 22:56:19,612 - 
2023-02-19 22:56:19,613 - #epc: 11
2023-02-19 22:56:29,266 - TRN || epcloss: 0.2385
2023-02-19 22:56:29,267 -     || token_match: 0.927, exact_match: 0.551
2023-02-19 22:56:29,267 - DEV || epcloss: 0.2561
2023-02-19 22:56:29,268 -     || token_match: 0.921, exact_match: 0.276
2023-02-19 22:56:29,269 -     || BEST exact match: 0.276
2023-02-19 22:56:29,286 -     || saved model
2023-02-19 22:56:29,286 - 
2023-02-19 22:56:29,287 - #epc: 12
2023-02-19 22:56:38,977 - TRN || epcloss: 0.2025
2023-02-19 22:56:38,978 -     || token_match: 0.940, exact_match: 0.605
2023-02-19 22:56:38,978 - DEV || epcloss: 0.2646
2023-02-19 22:56:38,979 -     || token_match: 0.916, exact_match: 0.224
2023-02-19 22:56:38,981 - 
2023-02-19 22:56:38,981 - #epc: 13
2023-02-19 22:56:48,524 - TRN || epcloss: 0.1985
2023-02-19 22:56:48,525 -     || token_match: 0.940, exact_match: 0.602
2023-02-19 22:56:48,526 - DEV || epcloss: 0.2472
2023-02-19 22:56:48,527 -     || token_match: 0.924, exact_match: 0.276
2023-02-19 22:56:48,528 - 
2023-02-19 22:56:48,529 - #epc: 14
2023-02-19 22:56:58,229 - TRN || epcloss: 0.1693
2023-02-19 22:56:58,230 -     || token_match: 0.950, exact_match: 0.649
2023-02-19 22:56:58,231 - DEV || epcloss: 0.1987
2023-02-19 22:56:58,231 -     || token_match: 0.941, exact_match: 0.420
2023-02-19 22:56:58,233 -     || BEST exact match: 0.420
2023-02-19 22:56:58,250 -     || saved model
2023-02-19 22:56:58,251 - 
2023-02-19 22:56:58,251 - #epc: 15
2023-02-19 22:57:08,023 - TRN || epcloss: 0.1677
2023-02-19 22:57:08,023 -     || token_match: 0.950, exact_match: 0.658
2023-02-19 22:57:08,024 - DEV || epcloss: 0.2068
2023-02-19 22:57:08,025 -     || token_match: 0.935, exact_match: 0.373
2023-02-19 22:57:08,026 - 
2023-02-19 22:57:08,027 - #epc: 16
2023-02-19 22:57:17,844 - TRN || epcloss: 0.1299
2023-02-19 22:57:17,845 -     || token_match: 0.964, exact_match: 0.724
2023-02-19 22:57:17,845 - DEV || epcloss: 0.1850
2023-02-19 22:57:17,846 -     || token_match: 0.945, exact_match: 0.432
2023-02-19 22:57:17,848 -     || BEST exact match: 0.432
2023-02-19 22:57:17,863 -     || saved model
2023-02-19 22:57:17,863 - 
2023-02-19 22:57:17,864 - #epc: 17
2023-02-19 22:57:27,630 - TRN || epcloss: 0.1202
2023-02-19 22:57:27,631 -     || token_match: 0.966, exact_match: 0.734
2023-02-19 22:57:27,631 - DEV || epcloss: 0.1756
2023-02-19 22:57:27,632 -     || token_match: 0.948, exact_match: 0.473
2023-02-19 22:57:27,633 -     || BEST exact match: 0.473
2023-02-19 22:57:27,648 -     || saved model
2023-02-19 22:57:27,649 - 
2023-02-19 22:57:27,649 - #epc: 18
2023-02-19 22:57:37,412 - TRN || epcloss: 0.1700
2023-02-19 22:57:37,413 -     || token_match: 0.948, exact_match: 0.643
2023-02-19 22:57:37,414 - DEV || epcloss: 0.1745
2023-02-19 22:57:37,414 -     || token_match: 0.949, exact_match: 0.502
2023-02-19 22:57:37,416 -     || BEST exact match: 0.502
2023-02-19 22:57:37,430 -     || saved model
2023-02-19 22:57:37,431 - 
2023-02-19 22:57:37,431 - #epc: 19
2023-02-19 22:57:47,204 - TRN || epcloss: 0.1376
2023-02-19 22:57:47,205 -     || token_match: 0.960, exact_match: 0.698
2023-02-19 22:57:47,206 - DEV || epcloss: 0.1635
2023-02-19 22:57:47,207 -     || token_match: 0.952, exact_match: 0.504
2023-02-19 22:57:47,209 -     || BEST exact match: 0.504
2023-02-19 22:57:47,361 -     || saved model
2023-02-19 22:57:47,362 - 
2023-02-19 22:57:47,363 - #epc: 20
2023-02-19 22:57:57,063 - TRN || epcloss: 0.1020
2023-02-19 22:57:57,064 -     || token_match: 0.971, exact_match: 0.765
2023-02-19 22:57:57,065 - DEV || epcloss: 0.1486
2023-02-19 22:57:57,065 -     || token_match: 0.957, exact_match: 0.568
2023-02-19 22:57:57,067 -     || BEST exact match: 0.568
2023-02-19 22:57:57,082 -     || saved model
2023-02-19 22:57:57,083 - 
2023-02-19 22:57:57,083 - #epc: 21
2023-02-19 22:58:06,872 - TRN || epcloss: 0.0821
2023-02-19 22:58:06,873 -     || token_match: 0.978, exact_match: 0.824
2023-02-19 22:58:06,873 - DEV || epcloss: 0.1554
2023-02-19 22:58:06,874 -     || token_match: 0.953, exact_match: 0.521
2023-02-19 22:58:06,875 - 
2023-02-19 22:58:06,876 - #epc: 22
2023-02-19 22:58:16,602 - TRN || epcloss: 0.0746
2023-02-19 22:58:16,603 -     || token_match: 0.980, exact_match: 0.831
2023-02-19 22:58:16,604 - DEV || epcloss: 0.1297
2023-02-19 22:58:16,604 -     || token_match: 0.963, exact_match: 0.616
2023-02-19 22:58:16,606 -     || BEST exact match: 0.616
2023-02-19 22:58:16,620 -     || saved model
2023-02-19 22:58:16,621 - 
2023-02-19 22:58:16,621 - #epc: 23
2023-02-19 22:58:26,397 - TRN || epcloss: 0.0736
2023-02-19 22:58:26,398 -     || token_match: 0.980, exact_match: 0.831
2023-02-19 22:58:26,399 - DEV || epcloss: 0.1613
2023-02-19 22:58:26,399 -     || token_match: 0.951, exact_match: 0.483
2023-02-19 22:58:26,401 - 
2023-02-19 22:58:26,402 - #epc: 24
2023-02-19 22:58:36,130 - TRN || epcloss: 0.0670
2023-02-19 22:58:36,131 -     || token_match: 0.982, exact_match: 0.844
2023-02-19 22:58:36,132 - DEV || epcloss: 0.1306
2023-02-19 22:58:36,133 -     || token_match: 0.963, exact_match: 0.610
2023-02-19 22:58:36,134 - 
2023-02-19 22:58:36,135 - #epc: 25
2023-02-19 22:58:45,845 - TRN || epcloss: 0.0626
2023-02-19 22:58:45,846 -     || token_match: 0.983, exact_match: 0.853
2023-02-19 22:58:45,847 - DEV || epcloss: 0.1318
2023-02-19 22:58:45,848 -     || token_match: 0.962, exact_match: 0.577
2023-02-19 22:58:45,850 - 
2023-02-19 22:58:45,850 - #epc: 26
2023-02-19 22:58:55,691 - TRN || epcloss: 0.0531
2023-02-19 22:58:55,692 -     || token_match: 0.986, exact_match: 0.879
2023-02-19 22:58:55,693 - DEV || epcloss: 0.1376
2023-02-19 22:58:55,693 -     || token_match: 0.961, exact_match: 0.608
2023-02-19 22:58:55,695 - 
2023-02-19 22:58:55,696 - #epc: 27
2023-02-19 22:59:05,492 - TRN || epcloss: 0.0641
2023-02-19 22:59:05,493 -     || token_match: 0.982, exact_match: 0.835
2023-02-19 22:59:05,493 - DEV || epcloss: 0.1278
2023-02-19 22:59:05,494 -     || token_match: 0.963, exact_match: 0.602
2023-02-19 22:59:05,495 - 
2023-02-19 22:59:05,496 - #epc: 28
2023-02-19 22:59:15,310 - TRN || epcloss: 0.0614
2023-02-19 22:59:15,311 -     || token_match: 0.983, exact_match: 0.851
2023-02-19 22:59:15,312 - DEV || epcloss: 0.1381
2023-02-19 22:59:15,312 -     || token_match: 0.960, exact_match: 0.589
2023-02-19 22:59:15,314 - 
2023-02-19 22:59:15,315 - #epc: 29
2023-02-19 22:59:25,047 - TRN || epcloss: 0.0564
2023-02-19 22:59:25,048 -     || token_match: 0.984, exact_match: 0.864
2023-02-19 22:59:25,048 - DEV || epcloss: 0.1394
2023-02-19 22:59:25,049 -     || token_match: 0.961, exact_match: 0.580
2023-02-19 22:59:25,051 - 
2023-02-19 22:59:25,052 - #epc: 30
2023-02-19 22:59:34,980 - TRN || epcloss: 0.0452
2023-02-19 22:59:34,980 -     || token_match: 0.988, exact_match: 0.891
2023-02-19 22:59:34,981 - DEV || epcloss: 0.1301
2023-02-19 22:59:34,982 -     || token_match: 0.963, exact_match: 0.611
2023-02-19 22:59:34,984 - 
2023-02-19 22:59:34,984 - #epc: 31
2023-02-19 22:59:44,721 - TRN || epcloss: 0.0343
2023-02-19 22:59:44,722 -     || token_match: 0.992, exact_match: 0.921
2023-02-19 22:59:44,723 - DEV || epcloss: 0.1157
2023-02-19 22:59:44,723 -     || token_match: 0.969, exact_match: 0.668
2023-02-19 22:59:44,725 -     || BEST exact match: 0.668
2023-02-19 22:59:44,743 -     || saved model
2023-02-19 22:59:44,744 - 
2023-02-19 22:59:44,744 - #epc: 32
2023-02-19 22:59:54,529 - TRN || epcloss: 0.0325
2023-02-19 22:59:54,530 -     || token_match: 0.992, exact_match: 0.920
2023-02-19 22:59:54,531 - DEV || epcloss: 0.1086
2023-02-19 22:59:54,532 -     || token_match: 0.970, exact_match: 0.698
2023-02-19 22:59:54,533 -     || BEST exact match: 0.698
2023-02-19 22:59:55,292 -     || saved model
2023-02-19 22:59:55,293 - 
2023-02-19 22:59:55,294 - #epc: 33
2023-02-19 23:00:05,296 - TRN || epcloss: 0.0318
2023-02-19 23:00:05,297 -     || token_match: 0.992, exact_match: 0.923
2023-02-19 23:00:05,298 - DEV || epcloss: 0.1109
2023-02-19 23:00:05,299 -     || token_match: 0.971, exact_match: 0.691
2023-02-19 23:00:05,301 - 
2023-02-19 23:00:05,301 - #epc: 34
2023-02-19 23:00:14,995 - TRN || epcloss: 0.0370
2023-02-19 23:00:14,996 -     || token_match: 0.990, exact_match: 0.901
2023-02-19 23:00:14,997 - DEV || epcloss: 0.1523
2023-02-19 23:00:14,998 -     || token_match: 0.956, exact_match: 0.523
2023-02-19 23:00:14,999 - 
2023-02-19 23:00:15,000 - #epc: 35
2023-02-19 23:00:24,758 - TRN || epcloss: 0.0354
2023-02-19 23:00:24,759 -     || token_match: 0.990, exact_match: 0.904
2023-02-19 23:00:24,760 - DEV || epcloss: 0.1085
2023-02-19 23:00:24,761 -     || token_match: 0.971, exact_match: 0.689
2023-02-19 23:00:24,762 - 
2023-02-19 23:00:24,763 - #epc: 36
2023-02-19 23:00:34,476 - TRN || epcloss: 0.0286
2023-02-19 23:00:34,477 -     || token_match: 0.993, exact_match: 0.926
2023-02-19 23:00:34,478 - DEV || epcloss: 0.1105
2023-02-19 23:00:34,478 -     || token_match: 0.970, exact_match: 0.688
2023-02-19 23:00:34,480 - 
2023-02-19 23:00:34,481 - #epc: 37
2023-02-19 23:00:44,202 - TRN || epcloss: 0.0846
2023-02-19 23:00:44,203 -     || token_match: 0.974, exact_match: 0.790
2023-02-19 23:00:44,204 - DEV || epcloss: 0.1151
2023-02-19 23:00:44,204 -     || token_match: 0.970, exact_match: 0.681
2023-02-19 23:00:44,206 - 
2023-02-19 23:00:44,207 - #epc: 38
2023-02-19 23:00:53,938 - TRN || epcloss: 0.0334
2023-02-19 23:00:53,939 -     || token_match: 0.991, exact_match: 0.909
2023-02-19 23:00:53,939 - DEV || epcloss: 0.1144
2023-02-19 23:00:53,940 -     || token_match: 0.969, exact_match: 0.682
2023-02-19 23:00:53,942 - 
2023-02-19 23:00:53,942 - #epc: 39
2023-02-19 23:01:03,683 - TRN || epcloss: 0.0230
2023-02-19 23:01:03,684 -     || token_match: 0.995, exact_match: 0.945
2023-02-19 23:01:03,684 - DEV || epcloss: 0.1027
2023-02-19 23:01:03,685 -     || token_match: 0.972, exact_match: 0.720
2023-02-19 23:01:03,687 -     || BEST exact match: 0.720
2023-02-19 23:01:03,704 -     || saved model
2023-02-19 23:01:03,705 - 
2023-02-19 23:01:03,706 - #epc: 40
2023-02-19 23:01:13,409 - TRN || epcloss: 0.0205
2023-02-19 23:01:13,410 -     || token_match: 0.995, exact_match: 0.949
2023-02-19 23:01:13,410 - DEV || epcloss: 0.1043
2023-02-19 23:01:13,411 -     || token_match: 0.973, exact_match: 0.728
2023-02-19 23:01:13,412 -     || BEST exact match: 0.728
2023-02-19 23:01:13,428 -     || saved model
2023-02-19 23:01:13,428 - 
2023-02-19 23:01:13,429 - #epc: 41
2023-02-19 23:01:23,200 - TRN || epcloss: 0.0168
2023-02-19 23:01:23,201 -     || token_match: 0.996, exact_match: 0.962
2023-02-19 23:01:23,202 - DEV || epcloss: 0.0973
2023-02-19 23:01:23,202 -     || token_match: 0.975, exact_match: 0.739
2023-02-19 23:01:23,204 -     || BEST exact match: 0.739
2023-02-19 23:01:23,221 -     || saved model
2023-02-19 23:01:23,222 - 
2023-02-19 23:01:23,223 - #epc: 42
2023-02-19 23:01:33,031 - TRN || epcloss: 0.0166
2023-02-19 23:01:33,032 -     || token_match: 0.996, exact_match: 0.960
2023-02-19 23:01:33,033 - DEV || epcloss: 0.1012
2023-02-19 23:01:33,034 -     || token_match: 0.974, exact_match: 0.730
2023-02-19 23:01:33,035 - 
2023-02-19 23:01:33,036 - #epc: 43
2023-02-19 23:01:42,901 - TRN || epcloss: 0.0162
2023-02-19 23:01:42,902 -     || token_match: 0.996, exact_match: 0.958
2023-02-19 23:01:42,903 - DEV || epcloss: 0.1013
2023-02-19 23:01:42,904 -     || token_match: 0.974, exact_match: 0.740
2023-02-19 23:01:42,906 -     || BEST exact match: 0.740
2023-02-19 23:01:42,921 -     || saved model
2023-02-19 23:01:42,922 - 
2023-02-19 23:01:42,923 - #epc: 44
2023-02-19 23:01:52,738 - TRN || epcloss: 0.0165
2023-02-19 23:01:52,739 -     || token_match: 0.996, exact_match: 0.956
2023-02-19 23:01:52,739 - DEV || epcloss: 0.0991
2023-02-19 23:01:52,740 -     || token_match: 0.974, exact_match: 0.742
2023-02-19 23:01:52,741 -     || BEST exact match: 0.742
2023-02-19 23:01:52,758 -     || saved model
2023-02-19 23:01:52,758 - 
2023-02-19 23:01:52,759 - #epc: 45
2023-02-19 23:02:02,547 - TRN || epcloss: 0.0205
2023-02-19 23:02:02,548 -     || token_match: 0.995, exact_match: 0.941
2023-02-19 23:02:02,548 - DEV || epcloss: 0.1114
2023-02-19 23:02:02,549 -     || token_match: 0.971, exact_match: 0.694
2023-02-19 23:02:02,551 - 
2023-02-19 23:02:02,551 - #epc: 46
2023-02-19 23:02:12,318 - TRN || epcloss: 0.0173
2023-02-19 23:02:12,319 -     || token_match: 0.996, exact_match: 0.952
2023-02-19 23:02:12,320 - DEV || epcloss: 0.1040
2023-02-19 23:02:12,321 -     || token_match: 0.972, exact_match: 0.708
2023-02-19 23:02:12,322 - 
2023-02-19 23:02:12,323 - #epc: 47
2023-02-19 23:02:22,135 - TRN || epcloss: 0.0260
2023-02-19 23:02:22,136 -     || token_match: 0.993, exact_match: 0.923
2023-02-19 23:02:22,137 - DEV || epcloss: 0.1148
2023-02-19 23:02:22,138 -     || token_match: 0.970, exact_match: 0.681
2023-02-19 23:02:22,139 - 
2023-02-19 23:02:22,140 - #epc: 48
2023-02-19 23:02:31,895 - TRN || epcloss: 0.0179
2023-02-19 23:02:31,896 -     || token_match: 0.995, exact_match: 0.946
2023-02-19 23:02:31,897 - DEV || epcloss: 0.1120
2023-02-19 23:02:31,897 -     || token_match: 0.972, exact_match: 0.702
2023-02-19 23:02:31,899 - 
2023-02-19 23:02:31,899 - #epc: 49
2023-02-19 23:02:41,677 - TRN || epcloss: 0.0168
2023-02-19 23:02:41,678 -     || token_match: 0.996, exact_match: 0.951
2023-02-19 23:02:41,679 - DEV || epcloss: 0.0965
2023-02-19 23:02:41,680 -     || token_match: 0.975, exact_match: 0.738
2023-02-19 23:02:41,681 - 
2023-02-19 23:02:41,682 - #epc: 50
2023-02-19 23:02:51,430 - TRN || epcloss: 0.0159
2023-02-19 23:02:51,431 -     || token_match: 0.996, exact_match: 0.954
2023-02-19 23:02:51,431 - DEV || epcloss: 0.1117
2023-02-19 23:02:51,432 -     || token_match: 0.971, exact_match: 0.681
2023-02-19 23:02:51,434 - 
2023-02-19 23:02:51,434 - #epc: 51
2023-02-19 23:03:01,162 - TRN || epcloss: 0.0408
2023-02-19 23:03:01,163 -     || token_match: 0.988, exact_match: 0.885
2023-02-19 23:03:01,164 - DEV || epcloss: 0.1124
2023-02-19 23:03:01,164 -     || token_match: 0.971, exact_match: 0.685
2023-02-19 23:03:01,166 - 
2023-02-19 23:03:01,166 - #epc: 52
2023-02-19 23:03:10,952 - TRN || epcloss: 0.0157
2023-02-19 23:03:10,952 -     || token_match: 0.996, exact_match: 0.955
2023-02-19 23:03:10,953 - DEV || epcloss: 0.0976
2023-02-19 23:03:10,954 -     || token_match: 0.975, exact_match: 0.753
2023-02-19 23:03:10,955 -     || BEST exact match: 0.753
2023-02-19 23:03:10,971 -     || saved model
2023-02-19 23:03:10,972 - 
2023-02-19 23:03:10,972 - #epc: 53
2023-02-19 23:03:20,734 - TRN || epcloss: 0.0096
2023-02-19 23:03:20,735 -     || token_match: 0.998, exact_match: 0.978
2023-02-19 23:03:20,736 - DEV || epcloss: 0.0977
2023-02-19 23:03:20,736 -     || token_match: 0.976, exact_match: 0.759
2023-02-19 23:03:20,738 -     || BEST exact match: 0.759
2023-02-19 23:03:20,752 -     || saved model
2023-02-19 23:03:20,753 - 
2023-02-19 23:03:20,754 - #epc: 54
2023-02-19 23:03:30,539 - TRN || epcloss: 0.0084
2023-02-19 23:03:30,540 -     || token_match: 0.998, exact_match: 0.981
2023-02-19 23:03:30,541 - DEV || epcloss: 0.0904
2023-02-19 23:03:30,541 -     || token_match: 0.978, exact_match: 0.772
2023-02-19 23:03:30,543 -     || BEST exact match: 0.772
2023-02-19 23:03:30,557 -     || saved model
2023-02-19 23:03:30,558 - 
2023-02-19 23:03:30,558 - #epc: 55
2023-02-19 23:03:40,312 - TRN || epcloss: 0.0073
2023-02-19 23:03:40,313 -     || token_match: 0.999, exact_match: 0.984
2023-02-19 23:03:40,314 - DEV || epcloss: 0.0895
2023-02-19 23:03:40,314 -     || token_match: 0.978, exact_match: 0.781
2023-02-19 23:03:40,316 -     || BEST exact match: 0.781
2023-02-19 23:03:40,331 -     || saved model
2023-02-19 23:03:40,332 - 
2023-02-19 23:03:40,333 - #epc: 56
2023-02-19 23:03:50,073 - TRN || epcloss: 0.0081
2023-02-19 23:03:50,074 -     || token_match: 0.998, exact_match: 0.978
2023-02-19 23:03:50,074 - DEV || epcloss: 0.0974
2023-02-19 23:03:50,075 -     || token_match: 0.976, exact_match: 0.762
2023-02-19 23:03:50,076 - 
2023-02-19 23:03:50,077 - #epc: 57
2023-02-19 23:03:59,832 - TRN || epcloss: 0.0108
2023-02-19 23:03:59,833 -     || token_match: 0.997, exact_match: 0.968
2023-02-19 23:03:59,834 - DEV || epcloss: 0.0988
2023-02-19 23:03:59,835 -     || token_match: 0.976, exact_match: 0.745
2023-02-19 23:03:59,836 - 
2023-02-19 23:03:59,837 - #epc: 58
2023-02-19 23:04:09,673 - TRN || epcloss: 0.0184
2023-02-19 23:04:09,674 -     || token_match: 0.995, exact_match: 0.939
2023-02-19 23:04:09,674 - DEV || epcloss: 0.1296
2023-02-19 23:04:09,675 -     || token_match: 0.967, exact_match: 0.641
2023-02-19 23:04:09,676 - 
2023-02-19 23:04:09,677 - #epc: 59
2023-02-19 23:04:19,393 - TRN || epcloss: 0.0315
2023-02-19 23:04:19,394 -     || token_match: 0.990, exact_match: 0.893
2023-02-19 23:04:19,395 - DEV || epcloss: 0.1074
2023-02-19 23:04:19,396 -     || token_match: 0.973, exact_match: 0.714
2023-02-19 23:04:19,397 - 
2023-02-19 23:04:19,398 - #epc: 60
2023-02-19 23:04:29,169 - TRN || epcloss: 0.0115
2023-02-19 23:04:29,170 -     || token_match: 0.997, exact_match: 0.967
2023-02-19 23:04:29,171 - DEV || epcloss: 0.0960
2023-02-19 23:04:29,171 -     || token_match: 0.976, exact_match: 0.754
2023-02-19 23:04:29,173 - 
2023-02-19 23:04:29,174 - #epc: 61
2023-02-19 23:04:38,871 - TRN || epcloss: 0.0088
2023-02-19 23:04:38,872 -     || token_match: 0.998, exact_match: 0.976
2023-02-19 23:04:38,873 - DEV || epcloss: 0.1039
2023-02-19 23:04:38,873 -     || token_match: 0.975, exact_match: 0.749
2023-02-19 23:04:38,875 - 
2023-02-19 23:04:38,875 - #epc: 62
2023-02-19 23:04:48,567 - TRN || epcloss: 0.0208
2023-02-19 23:04:48,568 -     || token_match: 0.994, exact_match: 0.934
2023-02-19 23:04:48,569 - DEV || epcloss: 0.1283
2023-02-19 23:04:48,569 -     || token_match: 0.967, exact_match: 0.667
2023-02-19 23:04:48,571 - 
2023-02-19 23:04:48,572 - #epc: 63
2023-02-19 23:04:58,310 - TRN || epcloss: 0.0414
2023-02-19 23:04:58,311 -     || token_match: 0.988, exact_match: 0.882
2023-02-19 23:04:58,312 - DEV || epcloss: 0.1555
2023-02-19 23:04:58,313 -     || token_match: 0.959, exact_match: 0.579
2023-02-19 23:04:58,314 - 
2023-02-19 23:04:58,315 - #epc: 64
2023-02-19 23:05:08,099 - TRN || epcloss: 0.0379
2023-02-19 23:05:08,100 -     || token_match: 0.988, exact_match: 0.880
2023-02-19 23:05:08,100 - DEV || epcloss: 0.1046
2023-02-19 23:05:08,101 -     || token_match: 0.975, exact_match: 0.744
2023-02-19 23:05:08,103 - 
2023-02-19 23:05:08,103 - #epc: 65
2023-02-19 23:05:17,800 - TRN || epcloss: 0.0106
2023-02-19 23:05:17,800 -     || token_match: 0.998, exact_match: 0.972
2023-02-19 23:05:17,801 - DEV || epcloss: 0.0973
2023-02-19 23:05:17,802 -     || token_match: 0.977, exact_match: 0.771
2023-02-19 23:05:17,803 - 
2023-02-19 23:05:17,804 - #epc: 66
2023-02-19 23:05:27,566 - TRN || epcloss: 0.0086
2023-02-19 23:05:27,567 -     || token_match: 0.998, exact_match: 0.977
2023-02-19 23:05:27,568 - DEV || epcloss: 0.0919
2023-02-19 23:05:27,568 -     || token_match: 0.978, exact_match: 0.782
2023-02-19 23:05:27,570 -     || BEST exact match: 0.782
2023-02-19 23:05:27,585 -     || saved model
2023-02-19 23:05:27,586 - 
2023-02-19 23:05:27,586 - #epc: 67
2023-02-19 23:05:37,402 - TRN || epcloss: 0.0055
2023-02-19 23:05:37,403 -     || token_match: 0.999, exact_match: 0.989
2023-02-19 23:05:37,403 - DEV || epcloss: 0.0910
2023-02-19 23:05:37,404 -     || token_match: 0.979, exact_match: 0.785
2023-02-19 23:05:37,405 -     || BEST exact match: 0.785
2023-02-19 23:05:37,421 -     || saved model
2023-02-19 23:05:37,421 - 
2023-02-19 23:05:37,422 - #epc: 68
2023-02-19 23:05:47,196 - TRN || epcloss: 0.0043
2023-02-19 23:05:47,197 -     || token_match: 0.999, exact_match: 0.993
2023-02-19 23:05:47,198 - DEV || epcloss: 0.0912
2023-02-19 23:05:47,199 -     || token_match: 0.978, exact_match: 0.778
2023-02-19 23:05:47,200 - 
2023-02-19 23:05:47,201 - #epc: 69
2023-02-19 23:05:56,978 - TRN || epcloss: 0.0040
2023-02-19 23:05:56,978 -     || token_match: 0.999, exact_match: 0.993
2023-02-19 23:05:56,979 - DEV || epcloss: 0.0912
2023-02-19 23:05:56,980 -     || token_match: 0.979, exact_match: 0.799
2023-02-19 23:05:56,981 -     || BEST exact match: 0.799
2023-02-19 23:05:56,997 -     || saved model
2023-02-19 23:05:56,998 - 
2023-02-19 23:05:56,999 - #epc: 70
2023-02-19 23:06:06,790 - TRN || epcloss: 0.0037
2023-02-19 23:06:06,790 -     || token_match: 0.999, exact_match: 0.993
2023-02-19 23:06:06,791 - DEV || epcloss: 0.0907
2023-02-19 23:06:06,792 -     || token_match: 0.979, exact_match: 0.799
2023-02-19 23:06:06,793 - 
2023-02-19 23:06:06,794 - #epc: 71
2023-02-19 23:06:16,574 - TRN || epcloss: 0.0038
2023-02-19 23:06:16,575 -     || token_match: 0.999, exact_match: 0.993
2023-02-19 23:06:16,575 - DEV || epcloss: 0.0926
2023-02-19 23:06:16,576 -     || token_match: 0.979, exact_match: 0.789
2023-02-19 23:06:16,577 - 
2023-02-19 23:06:16,578 - #epc: 72
2023-02-19 23:06:26,355 - TRN || epcloss: 0.0079
2023-02-19 23:06:26,356 -     || token_match: 0.998, exact_match: 0.978
2023-02-19 23:06:26,357 - DEV || epcloss: 0.0947
2023-02-19 23:06:26,357 -     || token_match: 0.978, exact_match: 0.783
2023-02-19 23:06:26,359 - 
2023-02-19 23:06:26,360 - #epc: 73
2023-02-19 23:06:36,135 - TRN || epcloss: 0.0083
2023-02-19 23:06:36,136 -     || token_match: 0.998, exact_match: 0.975
2023-02-19 23:06:36,137 - DEV || epcloss: 0.0975
2023-02-19 23:06:36,138 -     || token_match: 0.978, exact_match: 0.769
2023-02-19 23:06:36,139 - 
2023-02-19 23:06:36,140 - #epc: 74
2023-02-19 23:06:45,919 - TRN || epcloss: 0.0066
2023-02-19 23:06:45,920 -     || token_match: 0.999, exact_match: 0.982
2023-02-19 23:06:45,921 - DEV || epcloss: 0.0997
2023-02-19 23:06:45,922 -     || token_match: 0.976, exact_match: 0.750
2023-02-19 23:06:45,923 - 
2023-02-19 23:06:45,924 - #epc: 75
2023-02-19 23:06:55,694 - TRN || epcloss: 0.0087
2023-02-19 23:06:55,695 -     || token_match: 0.998, exact_match: 0.974
2023-02-19 23:06:55,696 - DEV || epcloss: 0.1073
2023-02-19 23:06:55,697 -     || token_match: 0.975, exact_match: 0.751
2023-02-19 23:06:55,698 - 
2023-02-19 23:06:55,699 - #epc: 76
2023-02-19 23:07:05,490 - TRN || epcloss: 0.0114
2023-02-19 23:07:05,490 -     || token_match: 0.997, exact_match: 0.962
2023-02-19 23:07:05,491 - DEV || epcloss: 0.1273
2023-02-19 23:07:05,492 -     || token_match: 0.969, exact_match: 0.691
2023-02-19 23:07:05,494 - 
2023-02-19 23:07:05,495 - #epc: 77
2023-02-19 23:07:15,301 - TRN || epcloss: 0.0291
2023-02-19 23:07:15,302 -     || token_match: 0.991, exact_match: 0.897
2023-02-19 23:07:15,303 - DEV || epcloss: 0.1137
2023-02-19 23:07:15,303 -     || token_match: 0.971, exact_match: 0.689
2023-02-19 23:07:15,305 - 
2023-02-19 23:07:15,305 - #epc: 78
2023-02-19 23:07:25,082 - TRN || epcloss: 0.0117
2023-02-19 23:07:25,083 -     || token_match: 0.997, exact_match: 0.962
2023-02-19 23:07:25,084 - DEV || epcloss: 0.0931
2023-02-19 23:07:25,085 -     || token_match: 0.978, exact_match: 0.777
2023-02-19 23:07:25,087 - 
2023-02-19 23:07:25,087 - #epc: 79
2023-02-19 23:07:34,871 - TRN || epcloss: 0.0054
2023-02-19 23:07:34,872 -     || token_match: 0.999, exact_match: 0.987
2023-02-19 23:07:34,873 - DEV || epcloss: 0.0862
2023-02-19 23:07:34,874 -     || token_match: 0.980, exact_match: 0.809
2023-02-19 23:07:34,876 -     || BEST exact match: 0.809
2023-02-19 23:07:34,891 -     || saved model
2023-02-19 23:07:34,892 - 
2023-02-19 23:07:34,893 - #epc: 80
2023-02-19 23:07:44,667 - TRN || epcloss: 0.0036
2023-02-19 23:07:44,668 -     || token_match: 0.999, exact_match: 0.993
2023-02-19 23:07:44,668 - DEV || epcloss: 0.0907
2023-02-19 23:07:44,669 -     || token_match: 0.980, exact_match: 0.809
2023-02-19 23:07:44,671 - 
2023-02-19 23:07:44,672 - #epc: 81
2023-02-19 23:07:54,450 - TRN || epcloss: 0.0037
2023-02-19 23:07:54,451 -     || token_match: 0.999, exact_match: 0.992
2023-02-19 23:07:54,451 - DEV || epcloss: 0.0874
2023-02-19 23:07:54,452 -     || token_match: 0.980, exact_match: 0.812
2023-02-19 23:07:54,454 -     || BEST exact match: 0.812
2023-02-19 23:07:54,469 -     || saved model
2023-02-19 23:07:54,470 - 
2023-02-19 23:07:54,471 - #epc: 82
2023-02-19 23:08:04,214 - TRN || epcloss: 0.0034
2023-02-19 23:08:04,215 -     || token_match: 0.999, exact_match: 0.993
2023-02-19 23:08:04,216 - DEV || epcloss: 0.0953
2023-02-19 23:08:04,216 -     || token_match: 0.978, exact_match: 0.785
2023-02-19 23:08:04,218 - 
2023-02-19 23:08:04,219 - #epc: 83
2023-02-19 23:08:13,984 - TRN || epcloss: 0.0034
2023-02-19 23:08:13,984 -     || token_match: 0.999, exact_match: 0.993
2023-02-19 23:08:13,985 - DEV || epcloss: 0.0893
2023-02-19 23:08:13,986 -     || token_match: 0.979, exact_match: 0.799
2023-02-19 23:08:13,987 - 
2023-02-19 23:08:13,988 - #epc: 84
2023-02-19 23:08:23,787 - TRN || epcloss: 0.0110
2023-02-19 23:08:23,788 -     || token_match: 0.997, exact_match: 0.967
2023-02-19 23:08:23,789 - DEV || epcloss: 0.1193
2023-02-19 23:08:23,790 -     || token_match: 0.971, exact_match: 0.700
2023-02-19 23:08:23,792 - 
2023-02-19 23:08:23,793 - #epc: 85
2023-02-19 23:08:33,583 - TRN || epcloss: 0.0298
2023-02-19 23:08:33,583 -     || token_match: 0.990, exact_match: 0.896
2023-02-19 23:08:33,584 - DEV || epcloss: 0.1093
2023-02-19 23:08:33,585 -     || token_match: 0.974, exact_match: 0.724
2023-02-19 23:08:33,586 - 
2023-02-19 23:08:33,587 - #epc: 86
2023-02-19 23:08:43,362 - TRN || epcloss: 0.0094
2023-02-19 23:08:43,363 -     || token_match: 0.998, exact_match: 0.970
2023-02-19 23:08:43,364 - DEV || epcloss: 0.0942
2023-02-19 23:08:43,364 -     || token_match: 0.978, exact_match: 0.771
2023-02-19 23:08:43,366 - 
2023-02-19 23:08:43,367 - #epc: 87
2023-02-19 23:08:53,110 - TRN || epcloss: 0.0048
2023-02-19 23:08:53,111 -     || token_match: 0.999, exact_match: 0.988
2023-02-19 23:08:53,112 - DEV || epcloss: 0.0900
2023-02-19 23:08:53,113 -     || token_match: 0.980, exact_match: 0.801
2023-02-19 23:08:53,114 - 
2023-02-19 23:08:53,115 - #epc: 88
2023-02-19 23:09:02,992 - TRN || epcloss: 0.0033
2023-02-19 23:09:02,993 -     || token_match: 0.999, exact_match: 0.993
2023-02-19 23:09:02,994 - DEV || epcloss: 0.0907
2023-02-19 23:09:02,995 -     || token_match: 0.979, exact_match: 0.799
2023-02-19 23:09:02,996 - 
2023-02-19 23:09:02,997 - #epc: 89
2023-02-19 23:09:12,842 - TRN || epcloss: 0.0033
2023-02-19 23:09:12,843 -     || token_match: 0.999, exact_match: 0.993
2023-02-19 23:09:12,844 - DEV || epcloss: 0.0952
2023-02-19 23:09:12,845 -     || token_match: 0.978, exact_match: 0.786
2023-02-19 23:09:12,846 - 
2023-02-19 23:09:12,847 - #epc: 90
2023-02-19 23:09:22,645 - TRN || epcloss: 0.0045
2023-02-19 23:09:22,646 -     || token_match: 0.999, exact_match: 0.989
2023-02-19 23:09:22,647 - DEV || epcloss: 0.0940
2023-02-19 23:09:22,648 -     || token_match: 0.979, exact_match: 0.783
2023-02-19 23:09:22,650 - 
2023-02-19 23:09:22,651 - #epc: 91
2023-02-19 23:09:32,432 - TRN || epcloss: 0.0030
2023-02-19 23:09:32,433 -     || token_match: 1.000, exact_match: 0.994
2023-02-19 23:09:32,434 - DEV || epcloss: 0.0892
2023-02-19 23:09:32,434 -     || token_match: 0.981, exact_match: 0.814
2023-02-19 23:09:32,436 -     || BEST exact match: 0.814
2023-02-19 23:09:32,452 -     || saved model
2023-02-19 23:09:32,453 - 
2023-02-19 23:09:32,453 - #epc: 92
2023-02-19 23:09:42,182 - TRN || epcloss: 0.0072
2023-02-19 23:09:42,183 -     || token_match: 0.998, exact_match: 0.977
2023-02-19 23:09:42,184 - DEV || epcloss: 0.1136
2023-02-19 23:09:42,185 -     || token_match: 0.973, exact_match: 0.711
2023-02-19 23:09:42,186 - 
2023-02-19 23:09:42,187 - #epc: 93
2023-02-19 23:09:51,939 - TRN || epcloss: 0.0454
2023-02-19 23:09:51,940 -     || token_match: 0.986, exact_match: 0.865
2023-02-19 23:09:51,941 - DEV || epcloss: 0.1255
2023-02-19 23:09:51,941 -     || token_match: 0.971, exact_match: 0.703
2023-02-19 23:09:51,943 - 
2023-02-19 23:09:51,944 - #epc: 94
2023-02-19 23:10:01,779 - TRN || epcloss: 0.0325
2023-02-19 23:10:01,780 -     || token_match: 0.990, exact_match: 0.895
2023-02-19 23:10:01,780 - DEV || epcloss: 0.1119
2023-02-19 23:10:01,781 -     || token_match: 0.972, exact_match: 0.719
2023-02-19 23:10:01,782 - 
2023-02-19 23:10:01,783 - #epc: 95
2023-02-19 23:10:11,627 - TRN || epcloss: 0.0150
2023-02-19 23:10:11,628 -     || token_match: 0.996, exact_match: 0.950
2023-02-19 23:10:11,629 - DEV || epcloss: 0.1008
2023-02-19 23:10:11,629 -     || token_match: 0.976, exact_match: 0.760
2023-02-19 23:10:11,631 - 
2023-02-19 23:10:11,632 - #epc: 96
2023-02-19 23:10:21,388 - TRN || epcloss: 0.0054
2023-02-19 23:10:21,389 -     || token_match: 0.999, exact_match: 0.986
2023-02-19 23:10:21,390 - DEV || epcloss: 0.0976
2023-02-19 23:10:21,391 -     || token_match: 0.978, exact_match: 0.769
2023-02-19 23:10:21,392 - 
2023-02-19 23:10:21,393 - #epc: 97
2023-02-19 23:10:31,225 - TRN || epcloss: 0.0050
2023-02-19 23:10:31,226 -     || token_match: 0.999, exact_match: 0.987
2023-02-19 23:10:31,227 - DEV || epcloss: 0.0947
2023-02-19 23:10:31,227 -     || token_match: 0.978, exact_match: 0.785
2023-02-19 23:10:31,229 - 
2023-02-19 23:10:31,230 - #epc: 98
2023-02-19 23:10:41,065 - TRN || epcloss: 0.0036
2023-02-19 23:10:41,066 -     || token_match: 0.999, exact_match: 0.993
2023-02-19 23:10:41,066 - DEV || epcloss: 0.0927
2023-02-19 23:10:41,067 -     || token_match: 0.980, exact_match: 0.801
2023-02-19 23:10:41,069 - 
2023-02-19 23:10:41,069 - #epc: 99
2023-02-19 23:10:50,895 - TRN || epcloss: 0.0028
2023-02-19 23:10:50,895 -     || token_match: 1.000, exact_match: 0.995
2023-02-19 23:10:50,896 - DEV || epcloss: 0.0931
2023-02-19 23:10:50,897 -     || token_match: 0.980, exact_match: 0.799
2023-02-19 23:10:50,898 - 
2023-02-19 23:10:50,899 - #epc: 100
2023-02-19 23:11:00,710 - TRN || epcloss: 0.0024
2023-02-19 23:11:00,710 -     || token_match: 1.000, exact_match: 0.996
2023-02-19 23:11:00,711 - DEV || epcloss: 0.0897
2023-02-19 23:11:00,712 -     || token_match: 0.980, exact_match: 0.801
2023-02-19 23:11:00,713 - 
2023-02-19 23:11:00,714 - #epc: 101
2023-02-19 23:11:10,509 - TRN || epcloss: 0.0022
2023-02-19 23:11:10,510 -     || token_match: 1.000, exact_match: 0.996
2023-02-19 23:11:10,511 - DEV || epcloss: 0.0930
2023-02-19 23:11:10,511 -     || token_match: 0.981, exact_match: 0.814
2023-02-19 23:11:10,513 - 
2023-02-19 23:11:10,514 - #epc: 102
2023-02-19 23:11:20,257 - TRN || epcloss: 0.0025
2023-02-19 23:11:20,258 -     || token_match: 1.000, exact_match: 0.995
2023-02-19 23:11:20,259 - DEV || epcloss: 0.0949
2023-02-19 23:11:20,260 -     || token_match: 0.979, exact_match: 0.794
2023-02-19 23:11:20,261 - 
2023-02-19 23:11:20,262 - #epc: 103
2023-02-19 23:11:30,005 - TRN || epcloss: 0.0028
2023-02-19 23:11:30,006 -     || token_match: 0.999, exact_match: 0.993
2023-02-19 23:11:30,007 - DEV || epcloss: 0.0947
2023-02-19 23:11:30,008 -     || token_match: 0.979, exact_match: 0.792
2023-02-19 23:11:30,009 - 
2023-02-19 23:11:30,010 - #epc: 104
2023-02-19 23:11:39,504 - TRN || epcloss: 0.0248
2023-02-19 23:11:39,504 -     || token_match: 0.993, exact_match: 0.922
2023-02-19 23:11:39,505 - DEV || epcloss: 0.1642
2023-02-19 23:11:39,506 -     || token_match: 0.959, exact_match: 0.576
2023-02-19 23:11:39,507 - 
2023-02-19 23:11:39,508 - #epc: 105
2023-02-19 23:11:49,312 - TRN || epcloss: 0.0291
2023-02-19 23:11:49,313 -     || token_match: 0.991, exact_match: 0.901
2023-02-19 23:11:49,314 - DEV || epcloss: 0.1032
2023-02-19 23:11:49,315 -     || token_match: 0.976, exact_match: 0.744
2023-02-19 23:11:49,316 - 
2023-02-19 23:11:49,317 - #epc: 106
2023-02-19 23:11:59,095 - TRN || epcloss: 0.0116
2023-02-19 23:11:59,096 -     || token_match: 0.997, exact_match: 0.959
2023-02-19 23:11:59,097 - DEV || epcloss: 0.0973
2023-02-19 23:11:59,098 -     || token_match: 0.978, exact_match: 0.767
2023-02-19 23:11:59,099 - 
2023-02-19 23:11:59,100 - #epc: 107
2023-02-19 23:12:08,814 - TRN || epcloss: 0.0188
2023-02-19 23:12:08,815 -     || token_match: 0.994, exact_match: 0.936
2023-02-19 23:12:08,816 - DEV || epcloss: 0.0983
2023-02-19 23:12:08,817 -     || token_match: 0.978, exact_match: 0.776
2023-02-19 23:12:08,818 - 
2023-02-19 23:12:08,819 - #epc: 108
2023-02-19 23:12:18,552 - TRN || epcloss: 0.0053
2023-02-19 23:12:18,553 -     || token_match: 0.999, exact_match: 0.985
2023-02-19 23:12:18,554 - DEV || epcloss: 0.0929
2023-02-19 23:12:18,555 -     || token_match: 0.979, exact_match: 0.792
2023-02-19 23:12:18,556 - 
2023-02-19 23:12:18,557 - #epc: 109
2023-02-19 23:12:28,286 - TRN || epcloss: 0.0033
2023-02-19 23:12:28,287 -     || token_match: 0.999, exact_match: 0.993
2023-02-19 23:12:28,288 - DEV || epcloss: 0.0902
2023-02-19 23:12:28,289 -     || token_match: 0.980, exact_match: 0.803
2023-02-19 23:12:28,290 - 
2023-02-19 23:12:28,291 - #epc: 110
2023-02-19 23:12:38,021 - TRN || epcloss: 0.0029
2023-02-19 23:12:38,022 -     || token_match: 1.000, exact_match: 0.994
2023-02-19 23:12:38,022 - DEV || epcloss: 0.0914
2023-02-19 23:12:38,023 -     || token_match: 0.979, exact_match: 0.802
2023-02-19 23:12:38,024 - 
2023-02-19 23:12:38,025 - #epc: 111
2023-02-19 23:12:47,802 - TRN || epcloss: 0.0021
2023-02-19 23:12:47,803 -     || token_match: 1.000, exact_match: 0.997
2023-02-19 23:12:47,803 - DEV || epcloss: 0.0908
2023-02-19 23:12:47,804 -     || token_match: 0.980, exact_match: 0.808
2023-02-19 23:12:47,805 - 
2023-02-19 23:12:47,806 - #epc: 112
2023-02-19 23:12:57,550 - TRN || epcloss: 0.0020
2023-02-19 23:12:57,551 -     || token_match: 1.000, exact_match: 0.997
2023-02-19 23:12:57,552 - DEV || epcloss: 0.0894
2023-02-19 23:12:57,553 -     || token_match: 0.980, exact_match: 0.809
2023-02-19 23:12:57,555 - 
2023-02-19 23:12:57,555 - #epc: 113
2023-02-19 23:13:07,344 - TRN || epcloss: 0.0017
2023-02-19 23:13:07,345 -     || token_match: 1.000, exact_match: 0.998
2023-02-19 23:13:07,346 - DEV || epcloss: 0.0901
2023-02-19 23:13:07,346 -     || token_match: 0.980, exact_match: 0.812
2023-02-19 23:13:07,348 - 
2023-02-19 23:13:07,349 - #epc: 114
2023-02-19 23:13:17,133 - TRN || epcloss: 0.0022
2023-02-19 23:13:17,134 -     || token_match: 1.000, exact_match: 0.996
2023-02-19 23:13:17,135 - DEV || epcloss: 0.0925
2023-02-19 23:13:17,135 -     || token_match: 0.979, exact_match: 0.788
2023-02-19 23:13:17,137 - 
2023-02-19 23:13:17,137 - #epc: 115
2023-02-19 23:13:26,893 - TRN || epcloss: 0.0024
2023-02-19 23:13:26,894 -     || token_match: 1.000, exact_match: 0.995
2023-02-19 23:13:26,894 - DEV || epcloss: 0.0919
2023-02-19 23:13:26,895 -     || token_match: 0.980, exact_match: 0.805
2023-02-19 23:13:26,897 - 
2023-02-19 23:13:26,897 - #epc: 116
2023-02-19 23:13:36,614 - TRN || epcloss: 0.0036
2023-02-19 23:13:36,615 -     || token_match: 0.999, exact_match: 0.992
2023-02-19 23:13:36,615 - DEV || epcloss: 0.1260
2023-02-19 23:13:36,616 -     || token_match: 0.971, exact_match: 0.672
2023-02-19 23:13:36,618 - 
2023-02-19 23:13:36,619 - #epc: 117
2023-02-19 23:13:46,397 - TRN || epcloss: 0.0165
2023-02-19 23:13:46,398 -     || token_match: 0.995, exact_match: 0.943
2023-02-19 23:13:46,399 - DEV || epcloss: 0.1124
2023-02-19 23:13:46,400 -     || token_match: 0.973, exact_match: 0.722
2023-02-19 23:13:46,401 - 
2023-02-19 23:13:46,402 - #epc: 118
2023-02-19 23:13:56,133 - TRN || epcloss: 0.0083
2023-02-19 23:13:56,133 -     || token_match: 0.998, exact_match: 0.971
2023-02-19 23:13:56,134 - DEV || epcloss: 0.0970
2023-02-19 23:13:56,135 -     || token_match: 0.978, exact_match: 0.781
2023-02-19 23:13:56,136 - 
2023-02-19 23:13:56,137 - #epc: 119
2023-02-19 23:14:05,880 - TRN || epcloss: 0.0041
2023-02-19 23:14:05,881 -     || token_match: 0.999, exact_match: 0.988
2023-02-19 23:14:05,882 - DEV || epcloss: 0.0979
2023-02-19 23:14:05,883 -     || token_match: 0.978, exact_match: 0.790
2023-02-19 23:14:05,885 - 
2023-02-19 23:14:05,886 - #epc: 120
2023-02-19 23:14:15,657 - TRN || epcloss: 0.0032
2023-02-19 23:14:15,658 -     || token_match: 0.999, exact_match: 0.991
2023-02-19 23:14:15,658 - DEV || epcloss: 0.0996
2023-02-19 23:14:15,659 -     || token_match: 0.978, exact_match: 0.785
2023-02-19 23:14:15,660 - 
2023-02-19 23:14:15,661 - #epc: 121
2023-02-19 23:14:25,398 - TRN || epcloss: 0.0061
2023-02-19 23:14:25,399 -     || token_match: 0.998, exact_match: 0.981
2023-02-19 23:14:25,400 - DEV || epcloss: 0.0954
2023-02-19 23:14:25,401 -     || token_match: 0.978, exact_match: 0.786
2023-02-19 23:14:25,402 - 
2023-02-19 23:14:25,403 - #epc: 122
2023-02-19 23:14:35,141 - TRN || epcloss: 0.0065
2023-02-19 23:14:35,142 -     || token_match: 0.998, exact_match: 0.978
2023-02-19 23:14:35,143 - DEV || epcloss: 0.1143
2023-02-19 23:14:35,144 -     || token_match: 0.974, exact_match: 0.723
2023-02-19 23:14:35,145 - 
2023-02-19 23:14:35,146 - #epc: 123
2023-02-19 23:14:44,892 - TRN || epcloss: 0.0209
2023-02-19 23:14:44,893 -     || token_match: 0.994, exact_match: 0.930
2023-02-19 23:14:44,893 - DEV || epcloss: 0.1032
2023-02-19 23:14:44,894 -     || token_match: 0.978, exact_match: 0.768
2023-02-19 23:14:44,896 - 
2023-02-19 23:14:44,897 - #epc: 124
2023-02-19 23:14:54,650 - TRN || epcloss: 0.0089
2023-02-19 23:14:54,651 -     || token_match: 0.997, exact_match: 0.969
2023-02-19 23:14:54,651 - DEV || epcloss: 0.1075
2023-02-19 23:14:54,652 -     || token_match: 0.977, exact_match: 0.770
2023-02-19 23:14:54,653 - 
2023-02-19 23:14:54,654 - #epc: 125
2023-02-19 23:15:04,404 - TRN || epcloss: 0.0063
2023-02-19 23:15:04,404 -     || token_match: 0.998, exact_match: 0.979
2023-02-19 23:15:04,405 - DEV || epcloss: 0.0964
2023-02-19 23:15:04,406 -     || token_match: 0.980, exact_match: 0.801
2023-02-19 23:15:04,407 - 
2023-02-19 23:15:04,408 - #epc: 126
2023-02-19 23:15:14,226 - TRN || epcloss: 0.0034
2023-02-19 23:15:14,227 -     || token_match: 0.999, exact_match: 0.990
2023-02-19 23:15:14,228 - DEV || epcloss: 0.0980
2023-02-19 23:15:14,229 -     || token_match: 0.979, exact_match: 0.792
2023-02-19 23:15:14,230 - 
2023-02-19 23:15:14,231 - #epc: 127
2023-02-19 23:15:24,013 - TRN || epcloss: 0.0024
2023-02-19 23:15:24,014 -     || token_match: 1.000, exact_match: 0.995
2023-02-19 23:15:24,014 - DEV || epcloss: 0.0933
2023-02-19 23:15:24,015 -     || token_match: 0.981, exact_match: 0.807
2023-02-19 23:15:24,017 - 
2023-02-19 23:15:24,017 - #epc: 128
2023-02-19 23:15:33,828 - TRN || epcloss: 0.0019
2023-02-19 23:15:33,829 -     || token_match: 1.000, exact_match: 0.997
2023-02-19 23:15:33,830 - DEV || epcloss: 0.0975
2023-02-19 23:15:33,830 -     || token_match: 0.981, exact_match: 0.808
2023-02-19 23:15:33,832 - 
2023-02-19 23:15:33,833 - #epc: 129
2023-02-19 23:15:43,639 - TRN || epcloss: 0.0014
2023-02-19 23:15:43,640 -     || token_match: 1.000, exact_match: 0.998
2023-02-19 23:15:43,641 - DEV || epcloss: 0.0949
2023-02-19 23:15:43,641 -     || token_match: 0.981, exact_match: 0.806
2023-02-19 23:15:43,643 - 
2023-02-19 23:15:43,644 - #epc: 130
2023-02-19 23:15:53,421 - TRN || epcloss: 0.0013
2023-02-19 23:15:53,422 -     || token_match: 1.000, exact_match: 0.998
2023-02-19 23:15:53,422 - DEV || epcloss: 0.0941
2023-02-19 23:15:53,423 -     || token_match: 0.982, exact_match: 0.819
2023-02-19 23:15:53,425 -     || BEST exact match: 0.819
2023-02-19 23:15:53,442 -     || saved model
2023-02-19 23:15:53,443 - 
2023-02-19 23:15:53,444 - #epc: 131
2023-02-19 23:16:03,227 - TRN || epcloss: 0.0043
2023-02-19 23:16:03,228 -     || token_match: 0.999, exact_match: 0.986
2023-02-19 23:16:03,228 - DEV || epcloss: 0.1040
2023-02-19 23:16:03,229 -     || token_match: 0.978, exact_match: 0.766
2023-02-19 23:16:03,231 - 
2023-02-19 23:16:03,231 - #epc: 132
2023-02-19 23:16:12,979 - TRN || epcloss: 0.0106
2023-02-19 23:16:12,980 -     || token_match: 0.997, exact_match: 0.963
2023-02-19 23:16:12,981 - DEV || epcloss: 0.1343
2023-02-19 23:16:12,982 -     || token_match: 0.970, exact_match: 0.658
2023-02-19 23:16:12,983 - 
2023-02-19 23:16:12,984 - #epc: 133
2023-02-19 23:16:22,786 - TRN || epcloss: 0.0153
2023-02-19 23:16:22,788 -     || token_match: 0.995, exact_match: 0.943
2023-02-19 23:16:22,788 - DEV || epcloss: 0.1058
2023-02-19 23:16:22,789 -     || token_match: 0.976, exact_match: 0.750
2023-02-19 23:16:22,791 - 
2023-02-19 23:16:22,792 - #epc: 134
2023-02-19 23:16:32,548 - TRN || epcloss: 0.0071
2023-02-19 23:16:32,549 -     || token_match: 0.998, exact_match: 0.976
2023-02-19 23:16:32,550 - DEV || epcloss: 0.1007
2023-02-19 23:16:32,550 -     || token_match: 0.978, exact_match: 0.779
2023-02-19 23:16:32,552 - 
2023-02-19 23:16:32,553 - #epc: 135
2023-02-19 23:16:42,297 - TRN || epcloss: 0.0055
2023-02-19 23:16:42,297 -     || token_match: 0.999, exact_match: 0.982
2023-02-19 23:16:42,298 - DEV || epcloss: 0.0964
2023-02-19 23:16:42,299 -     || token_match: 0.979, exact_match: 0.794
2023-02-19 23:16:42,300 - 
2023-02-19 23:16:42,301 - #epc: 136
2023-02-19 23:16:52,120 - TRN || epcloss: 0.0073
2023-02-19 23:16:52,121 -     || token_match: 0.998, exact_match: 0.977
2023-02-19 23:16:52,121 - DEV || epcloss: 0.1171
2023-02-19 23:16:52,122 -     || token_match: 0.974, exact_match: 0.728
2023-02-19 23:16:52,123 - 
2023-02-19 23:16:52,124 - #epc: 137
2023-02-19 23:17:01,876 - TRN || epcloss: 0.0066
2023-02-19 23:17:01,877 -     || token_match: 0.998, exact_match: 0.978
2023-02-19 23:17:01,878 - DEV || epcloss: 0.1010
2023-02-19 23:17:01,878 -     || token_match: 0.978, exact_match: 0.766
2023-02-19 23:17:01,880 - 
2023-02-19 23:17:01,880 - #epc: 138
2023-02-19 23:17:11,697 - TRN || epcloss: 0.0058
2023-02-19 23:17:11,698 -     || token_match: 0.998, exact_match: 0.981
2023-02-19 23:17:11,699 - DEV || epcloss: 0.0998
2023-02-19 23:17:11,699 -     || token_match: 0.978, exact_match: 0.781
2023-02-19 23:17:11,701 - 
2023-02-19 23:17:11,701 - #epc: 139
2023-02-19 23:17:21,469 - TRN || epcloss: 0.0033
2023-02-19 23:17:21,470 -     || token_match: 0.999, exact_match: 0.990
2023-02-19 23:17:21,471 - DEV || epcloss: 0.0959
2023-02-19 23:17:21,472 -     || token_match: 0.979, exact_match: 0.783
2023-02-19 23:17:21,474 - 
2023-02-19 23:17:21,474 - #epc: 140
2023-02-19 23:17:31,266 - TRN || epcloss: 0.0028
2023-02-19 23:17:31,267 -     || token_match: 0.999, exact_match: 0.992
2023-02-19 23:17:31,268 - DEV || epcloss: 0.0945
2023-02-19 23:17:31,269 -     || token_match: 0.980, exact_match: 0.798
2023-02-19 23:17:31,270 - 
2023-02-19 23:17:31,271 - #epc: 141
2023-02-19 23:17:41,011 - TRN || epcloss: 0.0018
2023-02-19 23:17:41,012 -     || token_match: 1.000, exact_match: 0.995
2023-02-19 23:17:41,013 - DEV || epcloss: 0.0946
2023-02-19 23:17:41,013 -     || token_match: 0.980, exact_match: 0.802
2023-02-19 23:17:41,015 - 
2023-02-19 23:17:41,015 - #epc: 142
2023-02-19 23:17:50,820 - TRN || epcloss: 0.0020
2023-02-19 23:17:50,821 -     || token_match: 1.000, exact_match: 0.994
2023-02-19 23:17:50,822 - DEV || epcloss: 0.0899
2023-02-19 23:17:50,822 -     || token_match: 0.980, exact_match: 0.803
2023-02-19 23:17:50,824 - 
2023-02-19 23:17:50,824 - #epc: 143
2023-02-19 23:18:00,591 - TRN || epcloss: 0.0015
2023-02-19 23:18:00,592 -     || token_match: 1.000, exact_match: 0.997
2023-02-19 23:18:00,592 - DEV || epcloss: 0.0877
2023-02-19 23:18:00,593 -     || token_match: 0.981, exact_match: 0.816
2023-02-19 23:18:00,594 - 
2023-02-19 23:18:00,595 - #epc: 144
2023-02-19 23:18:10,516 - TRN || epcloss: 0.0070
2023-02-19 23:18:10,517 -     || token_match: 0.998, exact_match: 0.976
2023-02-19 23:18:10,517 - DEV || epcloss: 0.1187
2023-02-19 23:18:10,518 -     || token_match: 0.973, exact_match: 0.708
2023-02-19 23:18:10,520 - 
2023-02-19 23:18:10,520 - #epc: 145
2023-02-19 23:18:20,340 - TRN || epcloss: 0.0089
2023-02-19 23:18:20,341 -     || token_match: 0.997, exact_match: 0.965
2023-02-19 23:18:20,342 - DEV || epcloss: 0.1056
2023-02-19 23:18:20,342 -     || token_match: 0.977, exact_match: 0.756
2023-02-19 23:18:20,344 - 
2023-02-19 23:18:20,345 - #epc: 146
2023-02-19 23:18:30,245 - TRN || epcloss: 0.0072
2023-02-19 23:18:30,246 -     || token_match: 0.998, exact_match: 0.975
2023-02-19 23:18:30,247 - DEV || epcloss: 0.1112
2023-02-19 23:18:30,247 -     || token_match: 0.975, exact_match: 0.748
2023-02-19 23:18:30,249 - 
2023-02-19 23:18:30,250 - #epc: 147
2023-02-19 23:18:40,048 - TRN || epcloss: 0.0078
2023-02-19 23:18:40,049 -     || token_match: 0.998, exact_match: 0.972
2023-02-19 23:18:40,050 - DEV || epcloss: 0.1028
2023-02-19 23:18:40,050 -     || token_match: 0.978, exact_match: 0.779
2023-02-19 23:18:40,052 - 
2023-02-19 23:18:40,052 - #epc: 148
2023-02-19 23:18:49,847 - TRN || epcloss: 0.0056
2023-02-19 23:18:49,848 -     || token_match: 0.998, exact_match: 0.980
2023-02-19 23:18:49,849 - DEV || epcloss: 0.0994
2023-02-19 23:18:49,850 -     || token_match: 0.979, exact_match: 0.788
2023-02-19 23:18:49,851 - 
2023-02-19 23:18:49,851 - #epc: 149
2023-02-19 23:18:59,645 - TRN || epcloss: 0.0047
2023-02-19 23:18:59,646 -     || token_match: 0.999, exact_match: 0.984
2023-02-19 23:18:59,646 - DEV || epcloss: 0.0974
2023-02-19 23:18:59,647 -     || token_match: 0.980, exact_match: 0.795
2023-02-19 23:18:59,648 - 
2023-02-19 23:18:59,649 - #epc: 150
2023-02-19 23:19:09,493 - TRN || epcloss: 0.0054
2023-02-19 23:19:09,494 -     || token_match: 0.998, exact_match: 0.980
2023-02-19 23:19:09,495 - DEV || epcloss: 0.1008
2023-02-19 23:19:09,495 -     || token_match: 0.979, exact_match: 0.787
2023-02-19 23:19:09,497 - 
2023-02-19 23:19:09,498 - #epc: 151
2023-02-19 23:19:19,342 - TRN || epcloss: 0.0041
2023-02-19 23:19:19,343 -     || token_match: 0.999, exact_match: 0.987
2023-02-19 23:19:19,344 - DEV || epcloss: 0.0964
2023-02-19 23:19:19,344 -     || token_match: 0.980, exact_match: 0.794
2023-02-19 23:19:19,346 - 
2023-02-19 23:19:19,347 - #epc: 152
2023-02-19 23:19:29,142 - TRN || epcloss: 0.0023
2023-02-19 23:19:29,143 -     || token_match: 1.000, exact_match: 0.994
2023-02-19 23:19:29,144 - DEV || epcloss: 0.0955
2023-02-19 23:19:29,144 -     || token_match: 0.982, exact_match: 0.814
2023-02-19 23:19:29,146 - 
2023-02-19 23:19:29,146 - #epc: 153
2023-02-19 23:19:38,992 - TRN || epcloss: 0.0015
2023-02-19 23:19:38,992 -     || token_match: 1.000, exact_match: 0.997
2023-02-19 23:19:38,994 - DEV || epcloss: 0.0942
2023-02-19 23:19:38,994 -     || token_match: 0.981, exact_match: 0.814
2023-02-19 23:19:38,996 - 
2023-02-19 23:19:38,996 - #epc: 154
2023-02-19 23:19:48,820 - TRN || epcloss: 0.0015
2023-02-19 23:19:48,821 -     || token_match: 1.000, exact_match: 0.996
2023-02-19 23:19:48,821 - DEV || epcloss: 0.0955
2023-02-19 23:19:48,822 -     || token_match: 0.980, exact_match: 0.791
2023-02-19 23:19:48,823 - 
2023-02-19 23:19:48,824 - #epc: 155
2023-02-19 23:19:58,875 - TRN || epcloss: 0.0016
2023-02-19 23:19:58,877 -     || token_match: 1.000, exact_match: 0.996
2023-02-19 23:19:58,878 - DEV || epcloss: 0.2047
2023-02-19 23:19:58,878 -     || token_match: 0.957, exact_match: 0.534
2023-02-19 23:19:58,881 - 
2023-02-19 23:19:58,881 - #epc: 156
2023-02-19 23:20:08,799 - TRN || epcloss: 0.0449
2023-02-19 23:20:08,802 -     || token_match: 0.987, exact_match: 0.871
2023-02-19 23:20:08,803 - DEV || epcloss: 0.1183
2023-02-19 23:20:08,804 -     || token_match: 0.974, exact_match: 0.739
2023-02-19 23:20:08,806 - 
2023-02-19 23:20:08,807 - #epc: 157
2023-02-19 23:20:18,634 - TRN || epcloss: 0.0154
2023-02-19 23:20:18,635 -     || token_match: 0.995, exact_match: 0.948
2023-02-19 23:20:18,636 - DEV || epcloss: 0.1082
2023-02-19 23:20:18,637 -     || token_match: 0.977, exact_match: 0.766
2023-02-19 23:20:18,638 - 
2023-02-19 23:20:18,639 - #epc: 158
2023-02-19 23:20:28,475 - TRN || epcloss: 0.0082
2023-02-19 23:20:28,476 -     || token_match: 0.998, exact_match: 0.973
2023-02-19 23:20:28,477 - DEV || epcloss: 0.1009
2023-02-19 23:20:28,478 -     || token_match: 0.979, exact_match: 0.796
2023-02-19 23:20:28,479 - 
2023-02-19 23:20:28,480 - #epc: 159
2023-02-19 23:20:38,337 - TRN || epcloss: 0.0058
2023-02-19 23:20:38,338 -     || token_match: 0.998, exact_match: 0.980
2023-02-19 23:20:38,339 - DEV || epcloss: 0.0945
2023-02-19 23:20:38,340 -     || token_match: 0.981, exact_match: 0.803
2023-02-19 23:20:38,341 - 
2023-02-19 23:20:38,342 - #epc: 160
2023-02-19 23:20:48,226 - TRN || epcloss: 0.0166
2023-02-19 23:20:48,226 -     || token_match: 0.995, exact_match: 0.948
2023-02-19 23:20:48,227 - DEV || epcloss: 0.1291
2023-02-19 23:20:48,228 -     || token_match: 0.971, exact_match: 0.678
2023-02-19 23:20:48,229 - 
2023-02-19 23:20:48,230 - #epc: 161
2023-02-19 23:20:58,031 - TRN || epcloss: 0.0083
2023-02-19 23:20:58,032 -     || token_match: 0.998, exact_match: 0.972
2023-02-19 23:20:58,033 - DEV || epcloss: 0.0963
2023-02-19 23:20:58,034 -     || token_match: 0.980, exact_match: 0.798
2023-02-19 23:20:58,035 - 
2023-02-19 23:20:58,036 - #epc: 162
2023-02-19 23:21:07,880 - TRN || epcloss: 0.0032
2023-02-19 23:21:07,881 -     || token_match: 0.999, exact_match: 0.991
2023-02-19 23:21:07,882 - DEV || epcloss: 0.0946
2023-02-19 23:21:07,882 -     || token_match: 0.980, exact_match: 0.799
2023-02-19 23:21:07,884 - 
2023-02-19 23:21:07,885 - #epc: 163
2023-02-19 23:21:17,673 - TRN || epcloss: 0.0029
2023-02-19 23:21:17,674 -     || token_match: 0.999, exact_match: 0.991
2023-02-19 23:21:17,675 - DEV || epcloss: 0.0923
2023-02-19 23:21:17,675 -     || token_match: 0.980, exact_match: 0.799
2023-02-19 23:21:17,677 - 
2023-02-19 23:21:17,678 - #epc: 164
2023-02-19 23:21:27,548 - TRN || epcloss: 0.0017
2023-02-19 23:21:27,549 -     || token_match: 1.000, exact_match: 0.997
2023-02-19 23:21:27,550 - DEV || epcloss: 0.0917
2023-02-19 23:21:27,550 -     || token_match: 0.981, exact_match: 0.813
2023-02-19 23:21:27,552 - 
2023-02-19 23:21:27,553 - #epc: 165
2023-02-19 23:21:37,376 - TRN || epcloss: 0.0015
2023-02-19 23:21:37,377 -     || token_match: 1.000, exact_match: 0.997
2023-02-19 23:21:37,378 - DEV || epcloss: 0.0880
2023-02-19 23:21:37,379 -     || token_match: 0.982, exact_match: 0.824
2023-02-19 23:21:37,380 -     || BEST exact match: 0.824
2023-02-19 23:21:37,396 -     || saved model
2023-02-19 23:21:37,397 - 
2023-02-19 23:21:37,398 - #epc: 166
2023-02-19 23:21:47,146 - TRN || epcloss: 0.0013
2023-02-19 23:21:47,147 -     || token_match: 1.000, exact_match: 0.998
2023-02-19 23:21:47,148 - DEV || epcloss: 0.0900
2023-02-19 23:21:47,148 -     || token_match: 0.982, exact_match: 0.822
2023-02-19 23:21:47,150 - 
2023-02-19 23:21:47,151 - #epc: 167
2023-02-19 23:21:56,927 - TRN || epcloss: 0.0012
2023-02-19 23:21:56,928 -     || token_match: 1.000, exact_match: 0.998
2023-02-19 23:21:56,929 - DEV || epcloss: 0.0902
2023-02-19 23:21:56,930 -     || token_match: 0.982, exact_match: 0.821
2023-02-19 23:21:56,931 - 
2023-02-19 23:21:56,932 - #epc: 168
2023-02-19 23:22:06,710 - TRN || epcloss: 0.0014
2023-02-19 23:22:06,711 -     || token_match: 1.000, exact_match: 0.997
2023-02-19 23:22:06,712 - DEV || epcloss: 0.0894
2023-02-19 23:22:06,713 -     || token_match: 0.982, exact_match: 0.818
2023-02-19 23:22:06,714 - 
2023-02-19 23:22:06,715 - #epc: 169
2023-02-19 23:22:16,479 - TRN || epcloss: 0.0013
2023-02-19 23:22:16,480 -     || token_match: 1.000, exact_match: 0.997
2023-02-19 23:22:16,481 - DEV || epcloss: 0.0893
2023-02-19 23:22:16,481 -     || token_match: 0.982, exact_match: 0.817
2023-02-19 23:22:16,483 - 
2023-02-19 23:22:16,484 - #epc: 170
2023-02-19 23:22:26,272 - TRN || epcloss: 0.0046
2023-02-19 23:22:26,272 -     || token_match: 0.999, exact_match: 0.985
2023-02-19 23:22:26,273 - DEV || epcloss: 0.1146
2023-02-19 23:22:26,274 -     || token_match: 0.977, exact_match: 0.760
2023-02-19 23:22:26,275 - 
2023-02-19 23:22:26,276 - #epc: 171
2023-02-19 23:22:36,009 - TRN || epcloss: 0.0155
2023-02-19 23:22:36,010 -     || token_match: 0.995, exact_match: 0.942
2023-02-19 23:22:36,011 - DEV || epcloss: 0.1051
2023-02-19 23:22:36,012 -     || token_match: 0.979, exact_match: 0.779
2023-02-19 23:22:36,013 - 
2023-02-19 23:22:36,014 - #epc: 172
2023-02-19 23:22:45,797 - TRN || epcloss: 0.0044
2023-02-19 23:22:45,798 -     || token_match: 0.999, exact_match: 0.986
2023-02-19 23:22:45,799 - DEV || epcloss: 0.0983
2023-02-19 23:22:45,800 -     || token_match: 0.980, exact_match: 0.799
2023-02-19 23:22:45,801 - 
2023-02-19 23:22:45,802 - #epc: 173
2023-02-19 23:22:55,624 - TRN || epcloss: 0.0035
2023-02-19 23:22:55,625 -     || token_match: 0.999, exact_match: 0.990
2023-02-19 23:22:55,626 - DEV || epcloss: 0.0977
2023-02-19 23:22:55,626 -     || token_match: 0.981, exact_match: 0.801
2023-02-19 23:22:55,628 - 
2023-02-19 23:22:55,629 - #epc: 174
2023-02-19 23:23:05,370 - TRN || epcloss: 0.0026
2023-02-19 23:23:05,371 -     || token_match: 0.999, exact_match: 0.992
2023-02-19 23:23:05,372 - DEV || epcloss: 0.0974
2023-02-19 23:23:05,372 -     || token_match: 0.981, exact_match: 0.811
2023-02-19 23:23:05,374 - 
2023-02-19 23:23:05,375 - #epc: 175
2023-02-19 23:23:15,191 - TRN || epcloss: 0.0022
2023-02-19 23:23:15,192 -     || token_match: 1.000, exact_match: 0.994
2023-02-19 23:23:15,193 - DEV || epcloss: 0.0969
2023-02-19 23:23:15,193 -     || token_match: 0.981, exact_match: 0.805
2023-02-19 23:23:15,195 - 
2023-02-19 23:23:15,196 - #epc: 176
2023-02-19 23:23:24,914 - TRN || epcloss: 0.0021
2023-02-19 23:23:24,915 -     || token_match: 1.000, exact_match: 0.995
2023-02-19 23:23:24,915 - DEV || epcloss: 0.0992
2023-02-19 23:23:24,916 -     || token_match: 0.981, exact_match: 0.809
2023-02-19 23:23:24,918 - 
2023-02-19 23:23:24,918 - #epc: 177
2023-02-19 23:23:34,639 - TRN || epcloss: 0.0017
2023-02-19 23:23:34,639 -     || token_match: 1.000, exact_match: 0.995
2023-02-19 23:23:34,640 - DEV || epcloss: 0.0974
2023-02-19 23:23:34,641 -     || token_match: 0.981, exact_match: 0.805
2023-02-19 23:23:34,643 - 
2023-02-19 23:23:34,643 - #epc: 178
2023-02-19 23:23:44,410 - TRN || epcloss: 0.0025
2023-02-19 23:23:44,411 -     || token_match: 0.999, exact_match: 0.993
2023-02-19 23:23:44,412 - DEV || epcloss: 0.0985
2023-02-19 23:23:44,413 -     || token_match: 0.981, exact_match: 0.800
2023-02-19 23:23:44,414 - 
2023-02-19 23:23:44,415 - #epc: 179
2023-02-19 23:23:54,150 - TRN || epcloss: 0.0055
2023-02-19 23:23:54,150 -     || token_match: 0.998, exact_match: 0.981
2023-02-19 23:23:54,151 - DEV || epcloss: 0.1126
2023-02-19 23:23:54,152 -     || token_match: 0.977, exact_match: 0.762
2023-02-19 23:23:54,153 - 
2023-02-19 23:23:54,154 - #epc: 180
2023-02-19 23:24:03,905 - TRN || epcloss: 0.0186
2023-02-19 23:24:03,906 -     || token_match: 0.994, exact_match: 0.932
2023-02-19 23:24:03,907 - DEV || epcloss: 0.1164
2023-02-19 23:24:03,907 -     || token_match: 0.976, exact_match: 0.749
2023-02-19 23:24:03,909 - 
2023-02-19 23:24:03,910 - #epc: 181
2023-02-19 23:24:13,658 - TRN || epcloss: 0.0125
2023-02-19 23:24:13,659 -     || token_match: 0.996, exact_match: 0.953
2023-02-19 23:24:13,659 - DEV || epcloss: 0.1100
2023-02-19 23:24:13,660 -     || token_match: 0.978, exact_match: 0.770
2023-02-19 23:24:13,661 - 
2023-02-19 23:24:13,662 - #epc: 182
2023-02-19 23:24:23,350 - TRN || epcloss: 0.0079
2023-02-19 23:24:23,351 -     || token_match: 0.998, exact_match: 0.972
2023-02-19 23:24:23,352 - DEV || epcloss: 0.1033
2023-02-19 23:24:23,353 -     || token_match: 0.978, exact_match: 0.774
2023-02-19 23:24:23,355 - 
2023-02-19 23:24:23,355 - #epc: 183
2023-02-19 23:24:33,059 - TRN || epcloss: 0.0053
2023-02-19 23:24:33,060 -     || token_match: 0.999, exact_match: 0.982
2023-02-19 23:24:33,060 - DEV || epcloss: 0.0999
2023-02-19 23:24:33,061 -     || token_match: 0.980, exact_match: 0.787
2023-02-19 23:24:33,063 - 
2023-02-19 23:24:33,063 - #epc: 184
2023-02-19 23:24:42,807 - TRN || epcloss: 0.0028
2023-02-19 23:24:42,808 -     || token_match: 0.999, exact_match: 0.992
2023-02-19 23:24:42,809 - DEV || epcloss: 0.0989
2023-02-19 23:24:42,810 -     || token_match: 0.981, exact_match: 0.809
2023-02-19 23:24:42,811 - 
2023-02-19 23:24:42,812 - #epc: 185
2023-02-19 23:24:52,543 - TRN || epcloss: 0.0015
2023-02-19 23:24:52,544 -     || token_match: 1.000, exact_match: 0.997
2023-02-19 23:24:52,545 - DEV || epcloss: 0.0943
2023-02-19 23:24:52,545 -     || token_match: 0.981, exact_match: 0.816
2023-02-19 23:24:52,547 - 
2023-02-19 23:24:52,548 - #epc: 186
2023-02-19 23:25:02,311 - TRN || epcloss: 0.0013
2023-02-19 23:25:02,312 -     || token_match: 1.000, exact_match: 0.997
2023-02-19 23:25:02,312 - DEV || epcloss: 0.0947
2023-02-19 23:25:02,313 -     || token_match: 0.981, exact_match: 0.808
2023-02-19 23:25:02,315 - 
2023-02-19 23:25:02,315 - #epc: 187
2023-02-19 23:25:12,076 - TRN || epcloss: 0.0011
2023-02-19 23:25:12,077 -     || token_match: 1.000, exact_match: 0.998
2023-02-19 23:25:12,077 - DEV || epcloss: 0.0942
2023-02-19 23:25:12,078 -     || token_match: 0.981, exact_match: 0.813
2023-02-19 23:25:12,080 - 
2023-02-19 23:25:12,080 - #epc: 188
2023-02-19 23:25:21,793 - TRN || epcloss: 0.0011
2023-02-19 23:25:21,794 -     || token_match: 1.000, exact_match: 0.998
2023-02-19 23:25:21,795 - DEV || epcloss: 0.0991
2023-02-19 23:25:21,796 -     || token_match: 0.980, exact_match: 0.803
2023-02-19 23:25:21,797 - 
2023-02-19 23:25:21,798 - #epc: 189
2023-02-19 23:25:31,549 - TRN || epcloss: 0.0011
2023-02-19 23:25:31,550 -     || token_match: 1.000, exact_match: 0.998
2023-02-19 23:25:31,551 - DEV || epcloss: 0.0958
2023-02-19 23:25:31,552 -     || token_match: 0.981, exact_match: 0.812
2023-02-19 23:25:31,553 - 
2023-02-19 23:25:31,554 - #epc: 190
2023-02-19 23:25:41,342 - TRN || epcloss: 0.0011
2023-02-19 23:25:41,343 -     || token_match: 1.000, exact_match: 0.998
2023-02-19 23:25:41,344 - DEV || epcloss: 0.0942
2023-02-19 23:25:41,344 -     || token_match: 0.981, exact_match: 0.814
2023-02-19 23:25:41,346 - 
2023-02-19 23:25:41,347 - #epc: 191
2023-02-19 23:25:51,085 - TRN || epcloss: 0.0018
2023-02-19 23:25:51,086 -     || token_match: 1.000, exact_match: 0.995
2023-02-19 23:25:51,087 - DEV || epcloss: 0.1036
2023-02-19 23:25:51,087 -     || token_match: 0.980, exact_match: 0.786
2023-02-19 23:25:51,089 - 
2023-02-19 23:25:51,090 - #epc: 192
2023-02-19 23:26:00,836 - TRN || epcloss: 0.0180
2023-02-19 23:26:00,836 -     || token_match: 0.995, exact_match: 0.937
2023-02-19 23:26:00,837 - DEV || epcloss: 0.1078
2023-02-19 23:26:00,838 -     || token_match: 0.977, exact_match: 0.756
2023-02-19 23:26:00,839 - 
2023-02-19 23:26:00,840 - #epc: 193
2023-02-19 23:26:10,586 - TRN || epcloss: 0.0101
2023-02-19 23:26:10,587 -     || token_match: 0.997, exact_match: 0.965
2023-02-19 23:26:10,588 - DEV || epcloss: 0.1092
2023-02-19 23:26:10,589 -     || token_match: 0.977, exact_match: 0.765
2023-02-19 23:26:10,590 - 
2023-02-19 23:26:10,591 - #epc: 194
2023-02-19 23:26:20,376 - TRN || epcloss: 0.0059
2023-02-19 23:26:20,376 -     || token_match: 0.998, exact_match: 0.979
2023-02-19 23:26:20,377 - DEV || epcloss: 0.0985
2023-02-19 23:26:20,378 -     || token_match: 0.979, exact_match: 0.794
2023-02-19 23:26:20,379 - 
2023-02-19 23:26:20,380 - #epc: 195
2023-02-19 23:26:30,158 - TRN || epcloss: 0.0034
2023-02-19 23:26:30,159 -     || token_match: 0.999, exact_match: 0.988
2023-02-19 23:26:30,160 - DEV || epcloss: 0.1002
2023-02-19 23:26:30,160 -     || token_match: 0.979, exact_match: 0.790
2023-02-19 23:26:30,162 - 
2023-02-19 23:26:30,162 - #epc: 196
2023-02-19 23:26:39,911 - TRN || epcloss: 0.0034
2023-02-19 23:26:39,912 -     || token_match: 0.999, exact_match: 0.988
2023-02-19 23:26:39,913 - DEV || epcloss: 0.1011
2023-02-19 23:26:39,913 -     || token_match: 0.980, exact_match: 0.802
2023-02-19 23:26:39,915 - 
2023-02-19 23:26:39,916 - #epc: 197
2023-02-19 23:26:49,664 - TRN || epcloss: 0.0020
2023-02-19 23:26:49,665 -     || token_match: 1.000, exact_match: 0.995
2023-02-19 23:26:49,666 - DEV || epcloss: 0.0972
2023-02-19 23:26:49,667 -     || token_match: 0.981, exact_match: 0.810
2023-02-19 23:26:49,668 - 
2023-02-19 23:26:49,669 - #epc: 198
2023-02-19 23:26:59,440 - TRN || epcloss: 0.0016
2023-02-19 23:26:59,441 -     || token_match: 1.000, exact_match: 0.996
2023-02-19 23:26:59,441 - DEV || epcloss: 0.0992
2023-02-19 23:26:59,442 -     || token_match: 0.981, exact_match: 0.812
2023-02-19 23:26:59,444 - 
2023-02-19 23:26:59,444 - #epc: 199
2023-02-19 23:27:09,281 - TRN || epcloss: 0.0019
2023-02-19 23:27:09,282 -     || token_match: 1.000, exact_match: 0.994
2023-02-19 23:27:09,283 - DEV || epcloss: 0.0982
2023-02-19 23:27:09,284 -     || token_match: 0.981, exact_match: 0.803
2023-02-19 23:27:09,286 - Training is over, saved model with best dev exact match: 0.824 (epc 165)
