2023-02-19 23:56:09,545 - trnID: 7
2023-02-19 23:56:09,547 - batchsize: 64
2023-02-19 23:56:09,547 - epochs: 200
2023-02-19 23:56:09,548 - lr: 0.00050
2023-02-19 23:56:09,549 - opt: Adam (
Parameter Group 0
    amsgrad: False
    betas: (0.5, 0.999)
    capturable: False
    differentiable: False
    eps: 1e-08
    foreach: None
    fused: False
    lr: 0.0005
    maximize: False
    weight_decay: 0
)
2023-02-19 23:56:09,550 - AE(
  (encoder): Encoder_GRU_AE(
    (layers): ModuleList(
      (0): Embedding(51, 64)
      (1): Dropout(p=0.0, inplace=False)
      (2): GRU(64, 256, batch_first=True)
    )
  )
  (down_to_z_layer): Linear(in_features=256, out_features=32, bias=True)
  (up_from_z_layer): Linear(in_features=32, out_features=256, bias=True)
  (decoder): Decoder_GRU_AE(
    (layers): ModuleList(
      (0): Embedding(51, 64)
      (1): Dropout(p=0.2, inplace=False)
      (2): GRU(96, 256, batch_first=True)
      (3): Linear(in_features=256, out_features=51, bias=True)
    )
    (loss): CrossEntropyLoss()
  )
)
2023-02-19 23:56:09,767 - trnsize: 14000
2023-02-19 23:56:09,768 - devsize: 1000
2023-02-19 23:56:09,768 - 
2023-02-19 23:56:09,769 - #epc: 0
2023-02-19 23:56:18,753 - TRN || epcloss: 2.2300
2023-02-19 23:56:18,754 -     || token_match: 0.360, exact_match: 0.001
2023-02-19 23:56:18,755 - DEV || epcloss: 1.6469
2023-02-19 23:56:18,755 -     || token_match: 0.518, exact_match: 0.000
2023-02-19 23:56:18,757 - 
2023-02-19 23:56:18,758 - #epc: 1
2023-02-19 23:56:27,859 - TRN || epcloss: 1.5204
2023-02-19 23:56:27,860 -     || token_match: 0.541, exact_match: 0.003
2023-02-19 23:56:27,861 - DEV || epcloss: 1.2058
2023-02-19 23:56:27,861 -     || token_match: 0.638, exact_match: 0.000
2023-02-19 23:56:27,863 - 
2023-02-19 23:56:27,863 - #epc: 2
2023-02-19 23:56:37,036 - TRN || epcloss: 1.1737
2023-02-19 23:56:37,037 -     || token_match: 0.645, exact_match: 0.023
2023-02-19 23:56:37,038 - DEV || epcloss: 0.9362
2023-02-19 23:56:37,039 -     || token_match: 0.715, exact_match: 0.001
2023-02-19 23:56:37,041 -     || BEST exact match: 0.001
2023-02-19 23:56:37,132 -     || saved model
2023-02-19 23:56:37,133 - 
2023-02-19 23:56:37,134 - #epc: 3
2023-02-19 23:56:46,136 - TRN || epcloss: 0.9156
2023-02-19 23:56:46,137 -     || token_match: 0.722, exact_match: 0.088
2023-02-19 23:56:46,137 - DEV || epcloss: 0.7672
2023-02-19 23:56:46,138 -     || token_match: 0.758, exact_match: 0.004
2023-02-19 23:56:46,140 -     || BEST exact match: 0.004
2023-02-19 23:56:46,158 -     || saved model
2023-02-19 23:56:46,159 - 
2023-02-19 23:56:46,159 - #epc: 4
2023-02-19 23:56:55,300 - TRN || epcloss: 0.7401
2023-02-19 23:56:55,301 -     || token_match: 0.775, exact_match: 0.180
2023-02-19 23:56:55,302 - DEV || epcloss: 0.6173
2023-02-19 23:56:55,303 -     || token_match: 0.807, exact_match: 0.012
2023-02-19 23:56:55,304 -     || BEST exact match: 0.012
2023-02-19 23:56:55,322 -     || saved model
2023-02-19 23:56:55,323 - 
2023-02-19 23:56:55,324 - #epc: 5
2023-02-19 23:57:04,977 - TRN || epcloss: 0.6009
2023-02-19 23:57:04,979 -     || token_match: 0.817, exact_match: 0.263
2023-02-19 23:57:04,980 - DEV || epcloss: 0.5039
2023-02-19 23:57:04,980 -     || token_match: 0.844, exact_match: 0.046
2023-02-19 23:57:04,982 -     || BEST exact match: 0.046
2023-02-19 23:57:05,001 -     || saved model
2023-02-19 23:57:05,001 - 
2023-02-19 23:57:05,002 - #epc: 6
2023-02-19 23:57:14,426 - TRN || epcloss: 0.4958
2023-02-19 23:57:14,427 -     || token_match: 0.848, exact_match: 0.327
2023-02-19 23:57:14,427 - DEV || epcloss: 0.4389
2023-02-19 23:57:14,428 -     || token_match: 0.862, exact_match: 0.072
2023-02-19 23:57:14,430 -     || BEST exact match: 0.072
2023-02-19 23:57:14,448 -     || saved model
2023-02-19 23:57:14,448 - 
2023-02-19 23:57:14,449 - #epc: 7
2023-02-19 23:57:24,084 - TRN || epcloss: 0.4401
2023-02-19 23:57:24,085 -     || token_match: 0.863, exact_match: 0.356
2023-02-19 23:57:24,086 - DEV || epcloss: 0.3847
2023-02-19 23:57:24,086 -     || token_match: 0.880, exact_match: 0.115
2023-02-19 23:57:24,088 -     || BEST exact match: 0.115
2023-02-19 23:57:24,105 -     || saved model
2023-02-19 23:57:24,105 - 
2023-02-19 23:57:24,106 - #epc: 8
2023-02-19 23:57:33,704 - TRN || epcloss: 0.3797
2023-02-19 23:57:33,705 -     || token_match: 0.882, exact_match: 0.408
2023-02-19 23:57:33,706 - DEV || epcloss: 0.4021
2023-02-19 23:57:33,707 -     || token_match: 0.871, exact_match: 0.123
2023-02-19 23:57:33,708 -     || BEST exact match: 0.123
2023-02-19 23:57:33,725 -     || saved model
2023-02-19 23:57:33,726 - 
2023-02-19 23:57:33,727 - #epc: 9
2023-02-19 23:57:43,288 - TRN || epcloss: 0.3443
2023-02-19 23:57:43,290 -     || token_match: 0.893, exact_match: 0.443
2023-02-19 23:57:43,290 - DEV || epcloss: 0.3285
2023-02-19 23:57:43,291 -     || token_match: 0.898, exact_match: 0.182
2023-02-19 23:57:43,293 -     || BEST exact match: 0.182
2023-02-19 23:57:43,314 -     || saved model
2023-02-19 23:57:43,315 - 
2023-02-19 23:57:43,315 - #epc: 10
2023-02-19 23:57:52,959 - TRN || epcloss: 0.2935
2023-02-19 23:57:52,960 -     || token_match: 0.908, exact_match: 0.480
2023-02-19 23:57:52,960 - DEV || epcloss: 0.2764
2023-02-19 23:57:52,961 -     || token_match: 0.917, exact_match: 0.256
2023-02-19 23:57:52,963 -     || BEST exact match: 0.256
2023-02-19 23:57:52,980 -     || saved model
2023-02-19 23:57:52,981 - 
2023-02-19 23:57:52,981 - #epc: 11
2023-02-19 23:58:02,505 - TRN || epcloss: 0.2604
2023-02-19 23:58:02,506 -     || token_match: 0.919, exact_match: 0.515
2023-02-19 23:58:02,507 - DEV || epcloss: 0.2557
2023-02-19 23:58:02,508 -     || token_match: 0.919, exact_match: 0.282
2023-02-19 23:58:02,509 -     || BEST exact match: 0.282
2023-02-19 23:58:02,526 -     || saved model
2023-02-19 23:58:02,527 - 
2023-02-19 23:58:02,527 - #epc: 12
2023-02-19 23:58:12,352 - TRN || epcloss: 0.2324
2023-02-19 23:58:12,353 -     || token_match: 0.928, exact_match: 0.549
2023-02-19 23:58:12,353 - DEV || epcloss: 0.2569
2023-02-19 23:58:12,354 -     || token_match: 0.919, exact_match: 0.268
2023-02-19 23:58:12,355 - 
2023-02-19 23:58:12,356 - #epc: 13
2023-02-19 23:58:21,956 - TRN || epcloss: 0.2155
2023-02-19 23:58:21,956 -     || token_match: 0.933, exact_match: 0.571
2023-02-19 23:58:21,957 - DEV || epcloss: 0.2097
2023-02-19 23:58:21,958 -     || token_match: 0.937, exact_match: 0.383
2023-02-19 23:58:21,959 -     || BEST exact match: 0.383
2023-02-19 23:58:21,977 -     || saved model
2023-02-19 23:58:21,977 - 
2023-02-19 23:58:21,978 - #epc: 14
2023-02-19 23:58:31,404 - TRN || epcloss: 0.1870
2023-02-19 23:58:31,406 -     || token_match: 0.942, exact_match: 0.611
2023-02-19 23:58:31,406 - DEV || epcloss: 0.2045
2023-02-19 23:58:31,407 -     || token_match: 0.938, exact_match: 0.394
2023-02-19 23:58:31,409 -     || BEST exact match: 0.394
2023-02-19 23:58:31,426 -     || saved model
2023-02-19 23:58:31,427 - 
2023-02-19 23:58:31,427 - #epc: 15
2023-02-19 23:58:40,823 - TRN || epcloss: 0.1761
2023-02-19 23:58:40,824 -     || token_match: 0.947, exact_match: 0.633
2023-02-19 23:58:40,825 - DEV || epcloss: 0.1798
2023-02-19 23:58:40,826 -     || token_match: 0.947, exact_match: 0.475
2023-02-19 23:58:40,827 -     || BEST exact match: 0.475
2023-02-19 23:58:40,845 -     || saved model
2023-02-19 23:58:40,847 - 
2023-02-19 23:58:40,848 - #epc: 16
2023-02-19 23:58:50,372 - TRN || epcloss: 0.1529
2023-02-19 23:58:50,373 -     || token_match: 0.953, exact_match: 0.667
2023-02-19 23:58:50,374 - DEV || epcloss: 0.1572
2023-02-19 23:58:50,375 -     || token_match: 0.953, exact_match: 0.533
2023-02-19 23:58:50,377 -     || BEST exact match: 0.533
2023-02-19 23:58:50,394 -     || saved model
2023-02-19 23:58:50,395 - 
2023-02-19 23:58:50,396 - #epc: 17
2023-02-19 23:58:59,851 - TRN || epcloss: 0.1432
2023-02-19 23:58:59,851 -     || token_match: 0.956, exact_match: 0.683
2023-02-19 23:58:59,852 - DEV || epcloss: 0.1640
2023-02-19 23:58:59,853 -     || token_match: 0.952, exact_match: 0.513
2023-02-19 23:58:59,854 - 
2023-02-19 23:58:59,855 - #epc: 18
2023-02-19 23:59:09,592 - TRN || epcloss: 0.1276
2023-02-19 23:59:09,593 -     || token_match: 0.961, exact_match: 0.711
2023-02-19 23:59:09,593 - DEV || epcloss: 0.1588
2023-02-19 23:59:09,594 -     || token_match: 0.953, exact_match: 0.514
2023-02-19 23:59:09,595 - 
2023-02-19 23:59:09,596 - #epc: 19
2023-02-19 23:59:19,246 - TRN || epcloss: 0.1098
2023-02-19 23:59:19,247 -     || token_match: 0.967, exact_match: 0.740
2023-02-19 23:59:19,247 - DEV || epcloss: 0.1488
2023-02-19 23:59:19,248 -     || token_match: 0.956, exact_match: 0.547
2023-02-19 23:59:19,250 -     || BEST exact match: 0.547
2023-02-19 23:59:19,268 -     || saved model
2023-02-19 23:59:19,269 - 
2023-02-19 23:59:19,270 - #epc: 20
2023-02-19 23:59:28,970 - TRN || epcloss: 0.1611
2023-02-19 23:59:28,971 -     || token_match: 0.953, exact_match: 0.681
2023-02-19 23:59:28,971 - DEV || epcloss: 0.1712
2023-02-19 23:59:28,972 -     || token_match: 0.947, exact_match: 0.468
2023-02-19 23:59:28,974 - 
2023-02-19 23:59:28,975 - #epc: 21
2023-02-19 23:59:38,558 - TRN || epcloss: 0.1039
2023-02-19 23:59:38,559 -     || token_match: 0.968, exact_match: 0.748
2023-02-19 23:59:38,559 - DEV || epcloss: 0.1237
2023-02-19 23:59:38,560 -     || token_match: 0.964, exact_match: 0.634
2023-02-19 23:59:38,562 -     || BEST exact match: 0.634
2023-02-19 23:59:38,579 -     || saved model
2023-02-19 23:59:38,580 - 
2023-02-19 23:59:38,581 - #epc: 22
2023-02-19 23:59:48,205 - TRN || epcloss: 0.0905
2023-02-19 23:59:48,206 -     || token_match: 0.973, exact_match: 0.780
2023-02-19 23:59:48,207 - DEV || epcloss: 0.1139
2023-02-19 23:59:48,207 -     || token_match: 0.969, exact_match: 0.674
2023-02-19 23:59:48,209 -     || BEST exact match: 0.674
2023-02-19 23:59:48,288 -     || saved model
2023-02-19 23:59:48,289 - 
2023-02-19 23:59:48,289 - #epc: 23
2023-02-19 23:59:58,335 - TRN || epcloss: 0.0843
2023-02-19 23:59:58,336 -     || token_match: 0.975, exact_match: 0.794
2023-02-19 23:59:58,337 - DEV || epcloss: 0.3011
2023-02-19 23:59:58,337 -     || token_match: 0.915, exact_match: 0.224
2023-02-19 23:59:58,339 - 
2023-02-19 23:59:58,340 - #epc: 24
2023-02-20 00:00:07,967 - TRN || epcloss: 0.0819
2023-02-20 00:00:07,968 -     || token_match: 0.975, exact_match: 0.795
2023-02-20 00:00:07,969 - DEV || epcloss: 0.1066
2023-02-20 00:00:07,970 -     || token_match: 0.971, exact_match: 0.701
2023-02-20 00:00:07,972 -     || BEST exact match: 0.701
2023-02-20 00:00:07,988 -     || saved model
2023-02-20 00:00:07,989 - 
2023-02-20 00:00:07,990 - #epc: 25
2023-02-20 00:00:17,588 - TRN || epcloss: 0.0668
2023-02-20 00:00:17,589 -     || token_match: 0.980, exact_match: 0.826
2023-02-20 00:00:17,589 - DEV || epcloss: 0.1267
2023-02-20 00:00:17,590 -     || token_match: 0.964, exact_match: 0.623
2023-02-20 00:00:17,592 - 
2023-02-20 00:00:17,593 - #epc: 26
2023-02-20 00:00:27,185 - TRN || epcloss: 0.0666
2023-02-20 00:00:27,186 -     || token_match: 0.980, exact_match: 0.825
2023-02-20 00:00:27,186 - DEV || epcloss: 0.1038
2023-02-20 00:00:27,187 -     || token_match: 0.970, exact_match: 0.695
2023-02-20 00:00:27,188 - 
2023-02-20 00:00:27,189 - #epc: 27
2023-02-20 00:00:36,753 - TRN || epcloss: 0.1035
2023-02-20 00:00:36,754 -     || token_match: 0.969, exact_match: 0.761
2023-02-20 00:00:36,755 - DEV || epcloss: 0.1073
2023-02-20 00:00:36,756 -     || token_match: 0.970, exact_match: 0.673
2023-02-20 00:00:36,757 - 
2023-02-20 00:00:36,758 - #epc: 28
2023-02-20 00:00:46,298 - TRN || epcloss: 0.0595
2023-02-20 00:00:46,299 -     || token_match: 0.982, exact_match: 0.840
2023-02-20 00:00:46,300 - DEV || epcloss: 0.1056
2023-02-20 00:00:46,300 -     || token_match: 0.971, exact_match: 0.685
2023-02-20 00:00:46,302 - 
2023-02-20 00:00:46,303 - #epc: 29
2023-02-20 00:00:55,878 - TRN || epcloss: 0.0511
2023-02-20 00:00:55,879 -     || token_match: 0.985, exact_match: 0.858
2023-02-20 00:00:55,880 - DEV || epcloss: 0.0994
2023-02-20 00:00:55,881 -     || token_match: 0.973, exact_match: 0.714
2023-02-20 00:00:55,882 -     || BEST exact match: 0.714
2023-02-20 00:00:55,901 -     || saved model
2023-02-20 00:00:55,901 - 
2023-02-20 00:00:55,902 - #epc: 30
2023-02-20 00:01:05,444 - TRN || epcloss: 0.0498
2023-02-20 00:01:05,445 -     || token_match: 0.985, exact_match: 0.861
2023-02-20 00:01:05,446 - DEV || epcloss: 0.1308
2023-02-20 00:01:05,447 -     || token_match: 0.962, exact_match: 0.585
2023-02-20 00:01:05,448 - 
2023-02-20 00:01:05,449 - #epc: 31
2023-02-20 00:01:14,986 - TRN || epcloss: 0.0540
2023-02-20 00:01:14,987 -     || token_match: 0.984, exact_match: 0.852
2023-02-20 00:01:14,988 - DEV || epcloss: 0.1064
2023-02-20 00:01:14,988 -     || token_match: 0.969, exact_match: 0.649
2023-02-20 00:01:14,990 - 
2023-02-20 00:01:14,991 - #epc: 32
2023-02-20 00:01:24,538 - TRN || epcloss: 0.0469
2023-02-20 00:01:24,539 -     || token_match: 0.986, exact_match: 0.868
2023-02-20 00:01:24,540 - DEV || epcloss: 0.0973
2023-02-20 00:01:24,541 -     || token_match: 0.973, exact_match: 0.708
2023-02-20 00:01:24,543 - 
2023-02-20 00:01:24,544 - #epc: 33
2023-02-20 00:01:34,110 - TRN || epcloss: 0.0425
2023-02-20 00:01:34,111 -     || token_match: 0.987, exact_match: 0.875
2023-02-20 00:01:34,112 - DEV || epcloss: 0.0922
2023-02-20 00:01:34,113 -     || token_match: 0.975, exact_match: 0.729
2023-02-20 00:01:34,114 -     || BEST exact match: 0.729
2023-02-20 00:01:34,131 -     || saved model
2023-02-20 00:01:34,132 - 
2023-02-20 00:01:34,133 - #epc: 34
2023-02-20 00:01:43,640 - TRN || epcloss: 0.0593
2023-02-20 00:01:43,640 -     || token_match: 0.982, exact_match: 0.840
2023-02-20 00:01:43,641 - DEV || epcloss: 0.1353
2023-02-20 00:01:43,642 -     || token_match: 0.960, exact_match: 0.554
2023-02-20 00:01:43,644 - 
2023-02-20 00:01:43,645 - #epc: 35
2023-02-20 00:01:53,229 - TRN || epcloss: 0.0402
2023-02-20 00:01:53,229 -     || token_match: 0.988, exact_match: 0.882
2023-02-20 00:01:53,230 - DEV || epcloss: 0.0916
2023-02-20 00:01:53,231 -     || token_match: 0.975, exact_match: 0.733
2023-02-20 00:01:53,233 -     || BEST exact match: 0.733
2023-02-20 00:01:53,254 -     || saved model
2023-02-20 00:01:53,255 - 
2023-02-20 00:01:53,256 - #epc: 36
2023-02-20 00:02:02,761 - TRN || epcloss: 0.0424
2023-02-20 00:02:02,762 -     || token_match: 0.987, exact_match: 0.875
2023-02-20 00:02:02,763 - DEV || epcloss: 0.0979
2023-02-20 00:02:02,764 -     || token_match: 0.974, exact_match: 0.714
2023-02-20 00:02:02,766 - 
2023-02-20 00:02:02,766 - #epc: 37
2023-02-20 00:02:12,294 - TRN || epcloss: 0.0382
2023-02-20 00:02:12,295 -     || token_match: 0.988, exact_match: 0.885
2023-02-20 00:02:12,296 - DEV || epcloss: 0.0900
2023-02-20 00:02:12,297 -     || token_match: 0.976, exact_match: 0.747
2023-02-20 00:02:12,298 -     || BEST exact match: 0.747
2023-02-20 00:02:12,316 -     || saved model
2023-02-20 00:02:12,317 - 
2023-02-20 00:02:12,318 - #epc: 38
2023-02-20 00:02:21,890 - TRN || epcloss: 0.0310
2023-02-20 00:02:21,891 -     || token_match: 0.991, exact_match: 0.908
2023-02-20 00:02:21,891 - DEV || epcloss: 0.0879
2023-02-20 00:02:21,892 -     || token_match: 0.977, exact_match: 0.741
2023-02-20 00:02:21,894 - 
2023-02-20 00:02:21,894 - #epc: 39
2023-02-20 00:02:31,512 - TRN || epcloss: 0.0487
2023-02-20 00:02:31,513 -     || token_match: 0.986, exact_match: 0.865
2023-02-20 00:02:31,514 - DEV || epcloss: 0.1019
2023-02-20 00:02:31,514 -     || token_match: 0.974, exact_match: 0.707
2023-02-20 00:02:31,516 - 
2023-02-20 00:02:31,517 - #epc: 40
2023-02-20 00:02:41,116 - TRN || epcloss: 0.0339
2023-02-20 00:02:41,117 -     || token_match: 0.990, exact_match: 0.895
2023-02-20 00:02:41,118 - DEV || epcloss: 0.0956
2023-02-20 00:02:41,119 -     || token_match: 0.975, exact_match: 0.733
2023-02-20 00:02:41,120 - 
2023-02-20 00:02:41,121 - #epc: 41
2023-02-20 00:02:50,700 - TRN || epcloss: 0.0287
2023-02-20 00:02:50,701 -     || token_match: 0.991, exact_match: 0.907
2023-02-20 00:02:50,702 - DEV || epcloss: 0.0872
2023-02-20 00:02:50,703 -     || token_match: 0.978, exact_match: 0.770
2023-02-20 00:02:50,705 -     || BEST exact match: 0.770
2023-02-20 00:02:50,724 -     || saved model
2023-02-20 00:02:50,725 - 
2023-02-20 00:02:50,726 - #epc: 42
2023-02-20 00:03:00,276 - TRN || epcloss: 0.0262
2023-02-20 00:03:00,277 -     || token_match: 0.992, exact_match: 0.919
2023-02-20 00:03:00,277 - DEV || epcloss: 0.0829
2023-02-20 00:03:00,278 -     || token_match: 0.978, exact_match: 0.758
2023-02-20 00:03:00,280 - 
2023-02-20 00:03:00,280 - #epc: 43
2023-02-20 00:03:09,820 - TRN || epcloss: 0.0273
2023-02-20 00:03:09,821 -     || token_match: 0.992, exact_match: 0.913
2023-02-20 00:03:09,821 - DEV || epcloss: 0.0882
2023-02-20 00:03:09,822 -     || token_match: 0.978, exact_match: 0.757
2023-02-20 00:03:09,824 - 
2023-02-20 00:03:09,825 - #epc: 44
2023-02-20 00:03:19,605 - TRN || epcloss: 0.0544
2023-02-20 00:03:19,606 -     || token_match: 0.984, exact_match: 0.858
2023-02-20 00:03:19,607 - DEV || epcloss: 0.1125
2023-02-20 00:03:19,607 -     || token_match: 0.969, exact_match: 0.665
2023-02-20 00:03:19,609 - 
2023-02-20 00:03:19,610 - #epc: 45
2023-02-20 00:03:29,198 - TRN || epcloss: 0.0304
2023-02-20 00:03:29,199 -     || token_match: 0.991, exact_match: 0.901
2023-02-20 00:03:29,200 - DEV || epcloss: 0.1003
2023-02-20 00:03:29,200 -     || token_match: 0.975, exact_match: 0.714
2023-02-20 00:03:29,202 - 
2023-02-20 00:03:29,203 - #epc: 46
2023-02-20 00:03:38,752 - TRN || epcloss: 0.0234
2023-02-20 00:03:38,752 -     || token_match: 0.993, exact_match: 0.924
2023-02-20 00:03:38,753 - DEV || epcloss: 0.0858
2023-02-20 00:03:38,754 -     || token_match: 0.977, exact_match: 0.760
2023-02-20 00:03:38,755 - 
2023-02-20 00:03:38,756 - #epc: 47
2023-02-20 00:03:48,341 - TRN || epcloss: 0.0210
2023-02-20 00:03:48,341 -     || token_match: 0.994, exact_match: 0.932
2023-02-20 00:03:48,342 - DEV || epcloss: 0.0897
2023-02-20 00:03:48,343 -     || token_match: 0.977, exact_match: 0.747
2023-02-20 00:03:48,344 - 
2023-02-20 00:03:48,346 - #epc: 48
2023-02-20 00:03:57,927 - TRN || epcloss: 0.0207
2023-02-20 00:03:57,927 -     || token_match: 0.994, exact_match: 0.931
2023-02-20 00:03:57,928 - DEV || epcloss: 0.0874
2023-02-20 00:03:57,929 -     || token_match: 0.977, exact_match: 0.746
2023-02-20 00:03:57,931 - 
2023-02-20 00:03:57,931 - #epc: 49
2023-02-20 00:04:07,508 - TRN || epcloss: 0.0316
2023-02-20 00:04:07,509 -     || token_match: 0.990, exact_match: 0.900
2023-02-20 00:04:07,510 - DEV || epcloss: 0.0930
2023-02-20 00:04:07,511 -     || token_match: 0.976, exact_match: 0.737
2023-02-20 00:04:07,513 - 
2023-02-20 00:04:07,513 - #epc: 50
2023-02-20 00:04:17,149 - TRN || epcloss: 0.0197
2023-02-20 00:04:17,150 -     || token_match: 0.994, exact_match: 0.934
2023-02-20 00:04:17,151 - DEV || epcloss: 0.0952
2023-02-20 00:04:17,152 -     || token_match: 0.977, exact_match: 0.749
2023-02-20 00:04:17,154 - 
2023-02-20 00:04:17,155 - #epc: 51
2023-02-20 00:04:26,710 - TRN || epcloss: 0.0275
2023-02-20 00:04:26,711 -     || token_match: 0.992, exact_match: 0.909
2023-02-20 00:04:26,712 - DEV || epcloss: 0.0884
2023-02-20 00:04:26,712 -     || token_match: 0.978, exact_match: 0.760
2023-02-20 00:04:26,714 - 
2023-02-20 00:04:26,714 - #epc: 52
2023-02-20 00:04:36,278 - TRN || epcloss: 0.0211
2023-02-20 00:04:36,279 -     || token_match: 0.994, exact_match: 0.930
2023-02-20 00:04:36,279 - DEV || epcloss: 0.0939
2023-02-20 00:04:36,280 -     || token_match: 0.977, exact_match: 0.753
2023-02-20 00:04:36,282 - 
2023-02-20 00:04:36,283 - #epc: 53
2023-02-20 00:04:45,893 - TRN || epcloss: 0.0177
2023-02-20 00:04:45,894 -     || token_match: 0.995, exact_match: 0.940
2023-02-20 00:04:45,895 - DEV || epcloss: 0.0850
2023-02-20 00:04:45,896 -     || token_match: 0.979, exact_match: 0.763
2023-02-20 00:04:45,897 - 
2023-02-20 00:04:45,898 - #epc: 54
2023-02-20 00:04:55,491 - TRN || epcloss: 0.0188
2023-02-20 00:04:55,491 -     || token_match: 0.994, exact_match: 0.935
2023-02-20 00:04:55,492 - DEV || epcloss: 0.0906
2023-02-20 00:04:55,493 -     || token_match: 0.978, exact_match: 0.758
2023-02-20 00:04:55,494 - 
2023-02-20 00:04:55,495 - #epc: 55
2023-02-20 00:05:05,095 - TRN || epcloss: 0.0168
2023-02-20 00:05:05,096 -     || token_match: 0.995, exact_match: 0.942
2023-02-20 00:05:05,096 - DEV || epcloss: 0.0815
2023-02-20 00:05:05,097 -     || token_match: 0.981, exact_match: 0.786
2023-02-20 00:05:05,099 -     || BEST exact match: 0.786
2023-02-20 00:05:05,127 -     || saved model
2023-02-20 00:05:05,128 - 
2023-02-20 00:05:05,128 - #epc: 56
2023-02-20 00:05:14,714 - TRN || epcloss: 0.0179
2023-02-20 00:05:14,715 -     || token_match: 0.995, exact_match: 0.937
2023-02-20 00:05:14,716 - DEV || epcloss: 0.0856
2023-02-20 00:05:14,717 -     || token_match: 0.979, exact_match: 0.769
2023-02-20 00:05:14,718 - 
2023-02-20 00:05:14,719 - #epc: 57
2023-02-20 00:05:24,327 - TRN || epcloss: 0.0767
2023-02-20 00:05:24,328 -     || token_match: 0.979, exact_match: 0.823
2023-02-20 00:05:24,329 - DEV || epcloss: 0.1076
2023-02-20 00:05:24,330 -     || token_match: 0.972, exact_match: 0.698
2023-02-20 00:05:24,331 - 
2023-02-20 00:05:24,332 - #epc: 58
2023-02-20 00:05:33,915 - TRN || epcloss: 0.0341
2023-02-20 00:05:33,916 -     || token_match: 0.989, exact_match: 0.890
2023-02-20 00:05:33,916 - DEV || epcloss: 0.0992
2023-02-20 00:05:33,917 -     || token_match: 0.975, exact_match: 0.739
2023-02-20 00:05:33,919 - 
2023-02-20 00:05:33,919 - #epc: 59
2023-02-20 00:05:43,444 - TRN || epcloss: 0.0226
2023-02-20 00:05:43,445 -     || token_match: 0.993, exact_match: 0.924
2023-02-20 00:05:43,446 - DEV || epcloss: 0.1501
2023-02-20 00:05:43,446 -     || token_match: 0.964, exact_match: 0.592
2023-02-20 00:05:43,448 - 
2023-02-20 00:05:43,449 - #epc: 60
2023-02-20 00:05:53,051 - TRN || epcloss: 0.0285
2023-02-20 00:05:53,052 -     || token_match: 0.991, exact_match: 0.904
2023-02-20 00:05:53,053 - DEV || epcloss: 0.0875
2023-02-20 00:05:53,053 -     || token_match: 0.979, exact_match: 0.761
2023-02-20 00:05:53,055 - 
2023-02-20 00:05:53,055 - #epc: 61
2023-02-20 00:06:02,675 - TRN || epcloss: 0.0198
2023-02-20 00:06:02,676 -     || token_match: 0.994, exact_match: 0.934
2023-02-20 00:06:02,677 - DEV || epcloss: 0.1135
2023-02-20 00:06:02,677 -     || token_match: 0.972, exact_match: 0.693
2023-02-20 00:06:02,679 - 
2023-02-20 00:06:02,680 - #epc: 62
2023-02-20 00:06:12,297 - TRN || epcloss: 0.0337
2023-02-20 00:06:12,298 -     || token_match: 0.989, exact_match: 0.884
2023-02-20 00:06:12,299 - DEV || epcloss: 0.0911
2023-02-20 00:06:12,300 -     || token_match: 0.977, exact_match: 0.742
2023-02-20 00:06:12,302 - 
2023-02-20 00:06:12,302 - #epc: 63
2023-02-20 00:06:21,951 - TRN || epcloss: 0.0207
2023-02-20 00:06:21,952 -     || token_match: 0.994, exact_match: 0.928
2023-02-20 00:06:21,952 - DEV || epcloss: 0.0888
2023-02-20 00:06:21,953 -     || token_match: 0.979, exact_match: 0.767
2023-02-20 00:06:21,955 - 
2023-02-20 00:06:21,956 - #epc: 64
2023-02-20 00:06:31,526 - TRN || epcloss: 0.0155
2023-02-20 00:06:31,527 -     || token_match: 0.995, exact_match: 0.945
2023-02-20 00:06:31,528 - DEV || epcloss: 0.0811
2023-02-20 00:06:31,529 -     || token_match: 0.981, exact_match: 0.779
2023-02-20 00:06:31,530 - 
2023-02-20 00:06:31,531 - #epc: 65
2023-02-20 00:06:41,141 - TRN || epcloss: 0.0114
2023-02-20 00:06:41,142 -     || token_match: 0.997, exact_match: 0.963
2023-02-20 00:06:41,143 - DEV || epcloss: 0.0780
2023-02-20 00:06:41,144 -     || token_match: 0.981, exact_match: 0.779
2023-02-20 00:06:41,145 - 
2023-02-20 00:06:41,146 - #epc: 66
2023-02-20 00:06:50,736 - TRN || epcloss: 0.0104
2023-02-20 00:06:50,737 -     || token_match: 0.997, exact_match: 0.965
2023-02-20 00:06:50,738 - DEV || epcloss: 0.0778
2023-02-20 00:06:50,738 -     || token_match: 0.981, exact_match: 0.795
2023-02-20 00:06:50,740 -     || BEST exact match: 0.795
2023-02-20 00:06:50,776 -     || saved model
2023-02-20 00:06:50,777 - 
2023-02-20 00:06:50,777 - #epc: 67
2023-02-20 00:07:00,376 - TRN || epcloss: 0.0105
2023-02-20 00:07:00,377 -     || token_match: 0.997, exact_match: 0.965
2023-02-20 00:07:00,378 - DEV || epcloss: 0.0804
2023-02-20 00:07:00,379 -     || token_match: 0.981, exact_match: 0.797
2023-02-20 00:07:00,380 -     || BEST exact match: 0.797
2023-02-20 00:07:00,412 -     || saved model
2023-02-20 00:07:00,413 - 
2023-02-20 00:07:00,414 - #epc: 68
2023-02-20 00:07:10,006 - TRN || epcloss: 0.0287
2023-02-20 00:07:10,007 -     || token_match: 0.992, exact_match: 0.931
2023-02-20 00:07:10,007 - DEV || epcloss: 0.0896
2023-02-20 00:07:10,008 -     || token_match: 0.980, exact_match: 0.770
2023-02-20 00:07:10,010 - 
2023-02-20 00:07:10,011 - #epc: 69
2023-02-20 00:07:19,600 - TRN || epcloss: 0.0145
2023-02-20 00:07:19,601 -     || token_match: 0.996, exact_match: 0.950
2023-02-20 00:07:19,602 - DEV || epcloss: 0.0834
2023-02-20 00:07:19,603 -     || token_match: 0.981, exact_match: 0.800
2023-02-20 00:07:19,605 -     || BEST exact match: 0.800
2023-02-20 00:07:19,623 -     || saved model
2023-02-20 00:07:19,623 - 
2023-02-20 00:07:19,624 - #epc: 70
2023-02-20 00:07:29,237 - TRN || epcloss: 0.0101
2023-02-20 00:07:29,238 -     || token_match: 0.997, exact_match: 0.966
2023-02-20 00:07:29,238 - DEV || epcloss: 0.0798
2023-02-20 00:07:29,239 -     || token_match: 0.982, exact_match: 0.803
2023-02-20 00:07:29,240 -     || BEST exact match: 0.803
2023-02-20 00:07:29,258 -     || saved model
2023-02-20 00:07:29,259 - 
2023-02-20 00:07:29,259 - #epc: 71
2023-02-20 00:07:38,854 - TRN || epcloss: 0.0107
2023-02-20 00:07:38,855 -     || token_match: 0.997, exact_match: 0.963
2023-02-20 00:07:38,856 - DEV || epcloss: 0.0842
2023-02-20 00:07:38,857 -     || token_match: 0.980, exact_match: 0.780
2023-02-20 00:07:38,858 - 
2023-02-20 00:07:38,859 - #epc: 72
2023-02-20 00:07:48,443 - TRN || epcloss: 0.0116
2023-02-20 00:07:48,444 -     || token_match: 0.996, exact_match: 0.957
2023-02-20 00:07:48,445 - DEV || epcloss: 0.0842
2023-02-20 00:07:48,446 -     || token_match: 0.981, exact_match: 0.796
2023-02-20 00:07:48,448 - 
2023-02-20 00:07:48,449 - #epc: 73
2023-02-20 00:07:57,957 - TRN || epcloss: 0.0155
2023-02-20 00:07:57,958 -     || token_match: 0.995, exact_match: 0.947
2023-02-20 00:07:57,959 - DEV || epcloss: 0.0942
2023-02-20 00:07:57,959 -     || token_match: 0.977, exact_match: 0.748
2023-02-20 00:07:57,961 - 
2023-02-20 00:07:57,962 - #epc: 74
2023-02-20 00:08:07,510 - TRN || epcloss: 0.0121
2023-02-20 00:08:07,511 -     || token_match: 0.996, exact_match: 0.954
2023-02-20 00:08:07,511 - DEV || epcloss: 0.0885
2023-02-20 00:08:07,512 -     || token_match: 0.980, exact_match: 0.790
2023-02-20 00:08:07,514 - 
2023-02-20 00:08:07,515 - #epc: 75
2023-02-20 00:08:17,070 - TRN || epcloss: 0.0405
2023-02-20 00:08:17,071 -     || token_match: 0.988, exact_match: 0.887
2023-02-20 00:08:17,072 - DEV || epcloss: 0.1021
2023-02-20 00:08:17,072 -     || token_match: 0.976, exact_match: 0.740
2023-02-20 00:08:17,074 - 
2023-02-20 00:08:17,075 - #epc: 76
2023-02-20 00:08:26,198 - TRN || epcloss: 0.0300
2023-02-20 00:08:26,199 -     || token_match: 0.991, exact_match: 0.904
2023-02-20 00:08:26,200 - DEV || epcloss: 0.2534
2023-02-20 00:08:26,201 -     || token_match: 0.941, exact_match: 0.392
2023-02-20 00:08:26,202 - 
2023-02-20 00:08:26,203 - #epc: 77
2023-02-20 00:08:35,720 - TRN || epcloss: 0.0363
2023-02-20 00:08:35,721 -     || token_match: 0.989, exact_match: 0.890
2023-02-20 00:08:35,722 - DEV || epcloss: 0.0891
2023-02-20 00:08:35,722 -     || token_match: 0.981, exact_match: 0.786
2023-02-20 00:08:35,724 - 
2023-02-20 00:08:35,725 - #epc: 78
2023-02-20 00:08:45,313 - TRN || epcloss: 0.0128
2023-02-20 00:08:45,314 -     || token_match: 0.996, exact_match: 0.955
2023-02-20 00:08:45,314 - DEV || epcloss: 0.0867
2023-02-20 00:08:45,315 -     || token_match: 0.981, exact_match: 0.787
2023-02-20 00:08:45,317 - 
2023-02-20 00:08:45,317 - #epc: 79
2023-02-20 00:08:54,926 - TRN || epcloss: 0.0096
2023-02-20 00:08:54,927 -     || token_match: 0.997, exact_match: 0.966
2023-02-20 00:08:54,928 - DEV || epcloss: 0.0829
2023-02-20 00:08:54,928 -     || token_match: 0.981, exact_match: 0.802
2023-02-20 00:08:54,930 - 
2023-02-20 00:08:54,931 - #epc: 80
2023-02-20 00:09:04,524 - TRN || epcloss: 0.0079
2023-02-20 00:09:04,525 -     || token_match: 0.998, exact_match: 0.973
2023-02-20 00:09:04,526 - DEV || epcloss: 0.0840
2023-02-20 00:09:04,527 -     || token_match: 0.982, exact_match: 0.808
2023-02-20 00:09:04,529 -     || BEST exact match: 0.808
2023-02-20 00:09:04,550 -     || saved model
2023-02-20 00:09:04,550 - 
2023-02-20 00:09:04,551 - #epc: 81
2023-02-20 00:09:14,112 - TRN || epcloss: 0.0077
2023-02-20 00:09:14,113 -     || token_match: 0.998, exact_match: 0.974
2023-02-20 00:09:14,113 - DEV || epcloss: 0.0812
2023-02-20 00:09:14,114 -     || token_match: 0.981, exact_match: 0.802
2023-02-20 00:09:14,116 - 
2023-02-20 00:09:14,117 - #epc: 82
2023-02-20 00:09:23,649 - TRN || epcloss: 0.0081
2023-02-20 00:09:23,650 -     || token_match: 0.998, exact_match: 0.972
2023-02-20 00:09:23,651 - DEV || epcloss: 0.0835
2023-02-20 00:09:23,651 -     || token_match: 0.982, exact_match: 0.796
2023-02-20 00:09:23,653 - 
2023-02-20 00:09:23,654 - #epc: 83
2023-02-20 00:09:33,334 - TRN || epcloss: 0.0095
2023-02-20 00:09:33,334 -     || token_match: 0.997, exact_match: 0.967
2023-02-20 00:09:33,335 - DEV || epcloss: 0.0904
2023-02-20 00:09:33,336 -     || token_match: 0.980, exact_match: 0.778
2023-02-20 00:09:33,338 - 
2023-02-20 00:09:33,339 - #epc: 84
2023-02-20 00:09:42,986 - TRN || epcloss: 0.0123
2023-02-20 00:09:42,987 -     || token_match: 0.996, exact_match: 0.955
2023-02-20 00:09:42,987 - DEV || epcloss: 0.0950
2023-02-20 00:09:42,988 -     || token_match: 0.978, exact_match: 0.764
2023-02-20 00:09:42,990 - 
2023-02-20 00:09:42,990 - #epc: 85
2023-02-20 00:09:52,590 - TRN || epcloss: 0.0188
2023-02-20 00:09:52,591 -     || token_match: 0.994, exact_match: 0.930
2023-02-20 00:09:52,592 - DEV || epcloss: 0.0891
2023-02-20 00:09:52,592 -     || token_match: 0.979, exact_match: 0.785
2023-02-20 00:09:52,594 - 
2023-02-20 00:09:52,595 - #epc: 86
2023-02-20 00:10:02,445 - TRN || epcloss: 0.0180
2023-02-20 00:10:02,478 -     || token_match: 0.994, exact_match: 0.936
2023-02-20 00:10:02,479 - DEV || epcloss: 0.0902
2023-02-20 00:10:02,480 -     || token_match: 0.980, exact_match: 0.782
2023-02-20 00:10:02,482 - 
2023-02-20 00:10:02,482 - #epc: 87
2023-02-20 00:10:12,106 - TRN || epcloss: 0.0134
2023-02-20 00:10:12,107 -     || token_match: 0.996, exact_match: 0.951
2023-02-20 00:10:12,108 - DEV || epcloss: 0.0852
2023-02-20 00:10:12,109 -     || token_match: 0.981, exact_match: 0.791
2023-02-20 00:10:12,111 - 
2023-02-20 00:10:12,111 - #epc: 88
2023-02-20 00:10:21,667 - TRN || epcloss: 0.0137
2023-02-20 00:10:21,668 -     || token_match: 0.996, exact_match: 0.953
2023-02-20 00:10:21,669 - DEV || epcloss: 0.0901
2023-02-20 00:10:21,670 -     || token_match: 0.979, exact_match: 0.781
2023-02-20 00:10:21,671 - 
2023-02-20 00:10:21,672 - #epc: 89
2023-02-20 00:10:31,251 - TRN || epcloss: 0.0107
2023-02-20 00:10:31,252 -     || token_match: 0.997, exact_match: 0.960
2023-02-20 00:10:31,253 - DEV || epcloss: 0.0847
2023-02-20 00:10:31,254 -     || token_match: 0.982, exact_match: 0.807
2023-02-20 00:10:31,255 - 
2023-02-20 00:10:31,256 - #epc: 90
2023-02-20 00:10:40,711 - TRN || epcloss: 0.0117
2023-02-20 00:10:40,712 -     || token_match: 0.996, exact_match: 0.956
2023-02-20 00:10:40,713 - DEV || epcloss: 0.0849
2023-02-20 00:10:40,713 -     || token_match: 0.982, exact_match: 0.808
2023-02-20 00:10:40,715 - 
2023-02-20 00:10:40,716 - #epc: 91
2023-02-20 00:10:50,161 - TRN || epcloss: 0.0116
2023-02-20 00:10:50,162 -     || token_match: 0.997, exact_match: 0.958
2023-02-20 00:10:50,163 - DEV || epcloss: 0.0870
2023-02-20 00:10:50,163 -     || token_match: 0.982, exact_match: 0.805
2023-02-20 00:10:50,165 - 
2023-02-20 00:10:50,166 - #epc: 92
2023-02-20 00:10:59,658 - TRN || epcloss: 0.0144
2023-02-20 00:10:59,659 -     || token_match: 0.995, exact_match: 0.948
2023-02-20 00:10:59,659 - DEV || epcloss: 0.0875
2023-02-20 00:10:59,660 -     || token_match: 0.982, exact_match: 0.804
2023-02-20 00:10:59,661 - 
2023-02-20 00:10:59,662 - #epc: 93
2023-02-20 00:11:09,121 - TRN || epcloss: 0.0101
2023-02-20 00:11:09,122 -     || token_match: 0.997, exact_match: 0.960
2023-02-20 00:11:09,123 - DEV || epcloss: 0.0821
2023-02-20 00:11:09,124 -     || token_match: 0.982, exact_match: 0.806
2023-02-20 00:11:09,125 - 
2023-02-20 00:11:09,126 - #epc: 94
2023-02-20 00:11:18,598 - TRN || epcloss: 0.0100
2023-02-20 00:11:18,599 -     || token_match: 0.997, exact_match: 0.964
2023-02-20 00:11:18,600 - DEV || epcloss: 0.0832
2023-02-20 00:11:18,601 -     || token_match: 0.982, exact_match: 0.805
2023-02-20 00:11:18,603 - 
2023-02-20 00:11:18,603 - #epc: 95
2023-02-20 00:11:28,138 - TRN || epcloss: 0.0102
2023-02-20 00:11:28,139 -     || token_match: 0.997, exact_match: 0.960
2023-02-20 00:11:28,140 - DEV || epcloss: 0.0892
2023-02-20 00:11:28,141 -     || token_match: 0.981, exact_match: 0.811
2023-02-20 00:11:28,143 -     || BEST exact match: 0.811
2023-02-20 00:11:28,161 -     || saved model
2023-02-20 00:11:28,161 - 
2023-02-20 00:11:28,162 - #epc: 96
2023-02-20 00:11:37,640 - TRN || epcloss: 0.0111
2023-02-20 00:11:37,641 -     || token_match: 0.996, exact_match: 0.956
2023-02-20 00:11:37,642 - DEV || epcloss: 0.0925
2023-02-20 00:11:37,643 -     || token_match: 0.980, exact_match: 0.779
2023-02-20 00:11:37,644 - 
2023-02-20 00:11:37,645 - #epc: 97
2023-02-20 00:11:47,160 - TRN || epcloss: 0.0226
2023-02-20 00:11:47,161 -     || token_match: 0.994, exact_match: 0.930
2023-02-20 00:11:47,162 - DEV || epcloss: 0.1050
2023-02-20 00:11:47,162 -     || token_match: 0.977, exact_match: 0.754
2023-02-20 00:11:47,164 - 
2023-02-20 00:11:47,165 - #epc: 98
2023-02-20 00:11:56,688 - TRN || epcloss: 0.0388
2023-02-20 00:11:56,689 -     || token_match: 0.989, exact_match: 0.889
2023-02-20 00:11:56,689 - DEV || epcloss: 0.0988
2023-02-20 00:11:56,690 -     || token_match: 0.979, exact_match: 0.760
2023-02-20 00:11:56,692 - 
2023-02-20 00:11:56,693 - #epc: 99
2023-02-20 00:12:06,165 - TRN || epcloss: 0.0218
2023-02-20 00:12:06,166 -     || token_match: 0.994, exact_match: 0.926
2023-02-20 00:12:06,167 - DEV || epcloss: 0.1326
2023-02-20 00:12:06,168 -     || token_match: 0.971, exact_match: 0.691
2023-02-20 00:12:06,169 - 
2023-02-20 00:12:06,170 - #epc: 100
2023-02-20 00:12:15,638 - TRN || epcloss: 0.0240
2023-02-20 00:12:15,639 -     || token_match: 0.993, exact_match: 0.918
2023-02-20 00:12:15,640 - DEV || epcloss: 0.0980
2023-02-20 00:12:15,641 -     || token_match: 0.977, exact_match: 0.759
2023-02-20 00:12:15,642 - 
2023-02-20 00:12:15,643 - #epc: 101
2023-02-20 00:12:25,106 - TRN || epcloss: 0.0139
2023-02-20 00:12:25,107 -     || token_match: 0.996, exact_match: 0.948
2023-02-20 00:12:25,108 - DEV || epcloss: 0.0917
2023-02-20 00:12:25,109 -     || token_match: 0.980, exact_match: 0.791
2023-02-20 00:12:25,111 - 
2023-02-20 00:12:25,112 - #epc: 102
2023-02-20 00:12:34,570 - TRN || epcloss: 0.0105
2023-02-20 00:12:34,571 -     || token_match: 0.997, exact_match: 0.960
2023-02-20 00:12:34,572 - DEV || epcloss: 0.0918
2023-02-20 00:12:34,573 -     || token_match: 0.980, exact_match: 0.798
2023-02-20 00:12:34,575 - 
2023-02-20 00:12:34,576 - #epc: 103
2023-02-20 00:12:44,072 - TRN || epcloss: 0.0275
2023-02-20 00:12:44,072 -     || token_match: 0.992, exact_match: 0.912
2023-02-20 00:12:44,073 - DEV || epcloss: 0.0938
2023-02-20 00:12:44,074 -     || token_match: 0.980, exact_match: 0.785
2023-02-20 00:12:44,076 - 
2023-02-20 00:12:44,077 - #epc: 104
2023-02-20 00:12:53,578 - TRN || epcloss: 0.0117
2023-02-20 00:12:53,579 -     || token_match: 0.997, exact_match: 0.958
2023-02-20 00:12:53,580 - DEV || epcloss: 0.0957
2023-02-20 00:12:53,581 -     || token_match: 0.980, exact_match: 0.795
2023-02-20 00:12:53,583 - 
2023-02-20 00:12:53,584 - #epc: 105
2023-02-20 00:13:03,027 - TRN || epcloss: 0.0088
2023-02-20 00:13:03,027 -     || token_match: 0.997, exact_match: 0.967
2023-02-20 00:13:03,028 - DEV || epcloss: 0.0878
2023-02-20 00:13:03,029 -     || token_match: 0.982, exact_match: 0.807
2023-02-20 00:13:03,031 - 
2023-02-20 00:13:03,031 - #epc: 106
2023-02-20 00:13:12,528 - TRN || epcloss: 0.0064
2023-02-20 00:13:12,529 -     || token_match: 0.998, exact_match: 0.977
2023-02-20 00:13:12,530 - DEV || epcloss: 0.0839
2023-02-20 00:13:12,530 -     || token_match: 0.982, exact_match: 0.813
2023-02-20 00:13:12,533 -     || BEST exact match: 0.813
2023-02-20 00:13:12,553 -     || saved model
2023-02-20 00:13:12,553 - 
2023-02-20 00:13:12,554 - #epc: 107
2023-02-20 00:13:22,118 - TRN || epcloss: 0.0059
2023-02-20 00:13:22,119 -     || token_match: 0.998, exact_match: 0.980
2023-02-20 00:13:22,120 - DEV || epcloss: 0.0843
2023-02-20 00:13:22,121 -     || token_match: 0.983, exact_match: 0.815
2023-02-20 00:13:22,123 -     || BEST exact match: 0.815
2023-02-20 00:13:22,143 -     || saved model
2023-02-20 00:13:22,144 - 
2023-02-20 00:13:22,145 - #epc: 108
2023-02-20 00:13:31,748 - TRN || epcloss: 0.0053
2023-02-20 00:13:31,749 -     || token_match: 0.999, exact_match: 0.982
2023-02-20 00:13:31,750 - DEV || epcloss: 0.0850
2023-02-20 00:13:31,751 -     || token_match: 0.983, exact_match: 0.813
2023-02-20 00:13:31,753 - 
2023-02-20 00:13:31,753 - #epc: 109
2023-02-20 00:13:41,249 - TRN || epcloss: 0.0053
2023-02-20 00:13:41,250 -     || token_match: 0.998, exact_match: 0.980
2023-02-20 00:13:41,251 - DEV || epcloss: 0.0823
2023-02-20 00:13:41,251 -     || token_match: 0.983, exact_match: 0.823
2023-02-20 00:13:41,253 -     || BEST exact match: 0.823
2023-02-20 00:13:41,272 -     || saved model
2023-02-20 00:13:41,273 - 
2023-02-20 00:13:41,273 - #epc: 110
2023-02-20 00:13:50,831 - TRN || epcloss: 0.0067
2023-02-20 00:13:50,832 -     || token_match: 0.998, exact_match: 0.974
2023-02-20 00:13:50,834 - DEV || epcloss: 0.0861
2023-02-20 00:13:50,834 -     || token_match: 0.982, exact_match: 0.803
2023-02-20 00:13:50,836 - 
2023-02-20 00:13:50,837 - #epc: 111
2023-02-20 00:14:00,334 - TRN || epcloss: 0.0057
2023-02-20 00:14:00,335 -     || token_match: 0.998, exact_match: 0.979
2023-02-20 00:14:00,336 - DEV || epcloss: 0.0829
2023-02-20 00:14:00,337 -     || token_match: 0.984, exact_match: 0.831
2023-02-20 00:14:00,338 -     || BEST exact match: 0.831
2023-02-20 00:14:00,358 -     || saved model
2023-02-20 00:14:00,359 - 
2023-02-20 00:14:00,360 - #epc: 112
2023-02-20 00:14:09,841 - TRN || epcloss: 0.0090
2023-02-20 00:14:09,842 -     || token_match: 0.997, exact_match: 0.965
2023-02-20 00:14:09,843 - DEV || epcloss: 0.0851
2023-02-20 00:14:09,843 -     || token_match: 0.982, exact_match: 0.813
2023-02-20 00:14:09,845 - 
2023-02-20 00:14:09,846 - #epc: 113
2023-02-20 00:14:19,328 - TRN || epcloss: 0.0108
2023-02-20 00:14:19,329 -     || token_match: 0.997, exact_match: 0.958
2023-02-20 00:14:19,330 - DEV || epcloss: 0.1081
2023-02-20 00:14:19,331 -     || token_match: 0.977, exact_match: 0.744
2023-02-20 00:14:19,332 - 
2023-02-20 00:14:19,333 - #epc: 114
2023-02-20 00:14:28,787 - TRN || epcloss: 0.0297
2023-02-20 00:14:28,788 -     || token_match: 0.992, exact_match: 0.920
2023-02-20 00:14:28,788 - DEV || epcloss: 0.0975
2023-02-20 00:14:28,789 -     || token_match: 0.979, exact_match: 0.770
2023-02-20 00:14:28,791 - 
2023-02-20 00:14:28,792 - #epc: 115
2023-02-20 00:14:38,227 - TRN || epcloss: 0.0086
2023-02-20 00:14:38,228 -     || token_match: 0.997, exact_match: 0.968
2023-02-20 00:14:38,228 - DEV || epcloss: 0.0875
2023-02-20 00:14:38,229 -     || token_match: 0.982, exact_match: 0.816
2023-02-20 00:14:38,231 - 
2023-02-20 00:14:38,231 - #epc: 116
2023-02-20 00:14:47,691 - TRN || epcloss: 0.0068
2023-02-20 00:14:47,692 -     || token_match: 0.998, exact_match: 0.976
2023-02-20 00:14:47,692 - DEV || epcloss: 0.0846
2023-02-20 00:14:47,693 -     || token_match: 0.983, exact_match: 0.813
2023-02-20 00:14:47,695 - 
2023-02-20 00:14:47,696 - #epc: 117
2023-02-20 00:14:57,138 - TRN || epcloss: 0.0060
2023-02-20 00:14:57,139 -     || token_match: 0.998, exact_match: 0.978
2023-02-20 00:14:57,140 - DEV || epcloss: 0.0874
2023-02-20 00:14:57,140 -     || token_match: 0.982, exact_match: 0.813
2023-02-20 00:14:57,142 - 
2023-02-20 00:14:57,142 - #epc: 118
2023-02-20 00:15:06,624 - TRN || epcloss: 0.0064
2023-02-20 00:15:06,625 -     || token_match: 0.998, exact_match: 0.976
2023-02-20 00:15:06,626 - DEV || epcloss: 0.0909
2023-02-20 00:15:06,627 -     || token_match: 0.982, exact_match: 0.803
2023-02-20 00:15:06,628 - 
2023-02-20 00:15:06,629 - #epc: 119
2023-02-20 00:15:16,137 - TRN || epcloss: 0.0071
2023-02-20 00:15:16,138 -     || token_match: 0.998, exact_match: 0.973
2023-02-20 00:15:16,138 - DEV || epcloss: 0.0951
2023-02-20 00:15:16,139 -     || token_match: 0.982, exact_match: 0.804
2023-02-20 00:15:16,141 - 
2023-02-20 00:15:16,142 - #epc: 120
2023-02-20 00:15:25,584 - TRN || epcloss: 0.0076
2023-02-20 00:15:25,585 -     || token_match: 0.998, exact_match: 0.970
2023-02-20 00:15:25,585 - DEV || epcloss: 0.0903
2023-02-20 00:15:25,586 -     || token_match: 0.982, exact_match: 0.808
2023-02-20 00:15:25,588 - 
2023-02-20 00:15:25,588 - #epc: 121
2023-02-20 00:15:35,091 - TRN || epcloss: 0.0079
2023-02-20 00:15:35,092 -     || token_match: 0.998, exact_match: 0.969
2023-02-20 00:15:35,093 - DEV || epcloss: 0.0888
2023-02-20 00:15:35,094 -     || token_match: 0.981, exact_match: 0.802
2023-02-20 00:15:35,095 - 
2023-02-20 00:15:35,096 - #epc: 122
2023-02-20 00:15:43,921 - TRN || epcloss: 0.0141
2023-02-20 00:15:43,922 -     || token_match: 0.996, exact_match: 0.958
2023-02-20 00:15:43,923 - DEV || epcloss: 0.3781
2023-02-20 00:15:43,924 -     || token_match: 0.923, exact_match: 0.333
2023-02-20 00:15:43,926 - 
2023-02-20 00:15:43,927 - #epc: 123
2023-02-20 00:15:53,342 - TRN || epcloss: 0.0459
2023-02-20 00:15:53,343 -     || token_match: 0.987, exact_match: 0.874
2023-02-20 00:15:53,344 - DEV || epcloss: 0.0938
2023-02-20 00:15:53,344 -     || token_match: 0.981, exact_match: 0.801
2023-02-20 00:15:53,346 - 
2023-02-20 00:15:53,347 - #epc: 124
2023-02-20 00:16:02,777 - TRN || epcloss: 0.0094
2023-02-20 00:16:02,778 -     || token_match: 0.997, exact_match: 0.963
2023-02-20 00:16:02,779 - DEV || epcloss: 0.0846
2023-02-20 00:16:02,780 -     || token_match: 0.983, exact_match: 0.820
2023-02-20 00:16:02,782 - 
2023-02-20 00:16:02,783 - #epc: 125
2023-02-20 00:16:12,291 - TRN || epcloss: 0.0061
2023-02-20 00:16:12,292 -     || token_match: 0.998, exact_match: 0.977
2023-02-20 00:16:12,293 - DEV || epcloss: 0.0871
2023-02-20 00:16:12,294 -     || token_match: 0.981, exact_match: 0.803
2023-02-20 00:16:12,295 - 
2023-02-20 00:16:12,296 - #epc: 126
2023-02-20 00:16:21,767 - TRN || epcloss: 0.0060
2023-02-20 00:16:21,768 -     || token_match: 0.998, exact_match: 0.978
2023-02-20 00:16:21,769 - DEV || epcloss: 0.0881
2023-02-20 00:16:21,770 -     || token_match: 0.982, exact_match: 0.812
2023-02-20 00:16:21,771 - 
2023-02-20 00:16:21,772 - #epc: 127
2023-02-20 00:16:31,211 - TRN || epcloss: 0.0055
2023-02-20 00:16:31,212 -     || token_match: 0.998, exact_match: 0.980
2023-02-20 00:16:31,212 - DEV || epcloss: 0.0925
2023-02-20 00:16:31,213 -     || token_match: 0.982, exact_match: 0.796
2023-02-20 00:16:31,215 - 
2023-02-20 00:16:31,216 - #epc: 128
2023-02-20 00:16:40,701 - TRN || epcloss: 0.0262
2023-02-20 00:16:40,702 -     || token_match: 0.993, exact_match: 0.936
2023-02-20 00:16:40,703 - DEV || epcloss: 0.1048
2023-02-20 00:16:40,704 -     || token_match: 0.979, exact_match: 0.778
2023-02-20 00:16:40,706 - 
2023-02-20 00:16:40,707 - #epc: 129
2023-02-20 00:16:50,260 - TRN || epcloss: 0.0254
2023-02-20 00:16:50,261 -     || token_match: 0.992, exact_match: 0.914
2023-02-20 00:16:50,262 - DEV || epcloss: 0.0933
2023-02-20 00:16:50,262 -     || token_match: 0.980, exact_match: 0.802
2023-02-20 00:16:50,264 - 
2023-02-20 00:16:50,265 - #epc: 130
2023-02-20 00:16:59,724 - TRN || epcloss: 0.0163
2023-02-20 00:16:59,725 -     || token_match: 0.995, exact_match: 0.944
2023-02-20 00:16:59,725 - DEV || epcloss: 0.0879
2023-02-20 00:16:59,726 -     || token_match: 0.981, exact_match: 0.816
2023-02-20 00:16:59,728 - 
2023-02-20 00:16:59,728 - #epc: 131
2023-02-20 00:17:09,206 - TRN || epcloss: 0.0098
2023-02-20 00:17:09,207 -     || token_match: 0.997, exact_match: 0.962
2023-02-20 00:17:09,207 - DEV || epcloss: 0.0896
2023-02-20 00:17:09,208 -     || token_match: 0.981, exact_match: 0.815
2023-02-20 00:17:09,210 - 
2023-02-20 00:17:09,210 - #epc: 132
2023-02-20 00:17:18,694 - TRN || epcloss: 0.0094
2023-02-20 00:17:18,695 -     || token_match: 0.997, exact_match: 0.964
2023-02-20 00:17:18,696 - DEV || epcloss: 0.0884
2023-02-20 00:17:18,696 -     || token_match: 0.983, exact_match: 0.822
2023-02-20 00:17:18,698 - 
2023-02-20 00:17:18,699 - #epc: 133
2023-02-20 00:17:28,219 - TRN || epcloss: 0.0083
2023-02-20 00:17:28,220 -     || token_match: 0.998, exact_match: 0.969
2023-02-20 00:17:28,221 - DEV || epcloss: 0.0928
2023-02-20 00:17:28,222 -     || token_match: 0.982, exact_match: 0.812
2023-02-20 00:17:28,224 - 
2023-02-20 00:17:28,224 - #epc: 134
2023-02-20 00:17:37,666 - TRN || epcloss: 0.0136
2023-02-20 00:17:37,667 -     || token_match: 0.996, exact_match: 0.949
2023-02-20 00:17:37,668 - DEV || epcloss: 0.0852
2023-02-20 00:17:37,669 -     || token_match: 0.982, exact_match: 0.817
2023-02-20 00:17:37,670 - 
2023-02-20 00:17:37,671 - #epc: 135
2023-02-20 00:17:47,126 - TRN || epcloss: 0.0080
2023-02-20 00:17:47,127 -     || token_match: 0.998, exact_match: 0.970
2023-02-20 00:17:47,127 - DEV || epcloss: 0.0884
2023-02-20 00:17:47,128 -     || token_match: 0.982, exact_match: 0.816
2023-02-20 00:17:47,130 - 
2023-02-20 00:17:47,130 - #epc: 136
2023-02-20 00:17:56,607 - TRN || epcloss: 0.0061
2023-02-20 00:17:56,608 -     || token_match: 0.998, exact_match: 0.976
2023-02-20 00:17:56,609 - DEV || epcloss: 0.0866
2023-02-20 00:17:56,610 -     || token_match: 0.983, exact_match: 0.814
2023-02-20 00:17:56,612 - 
2023-02-20 00:17:56,612 - #epc: 137
2023-02-20 00:18:06,071 - TRN || epcloss: 0.0078
2023-02-20 00:18:06,072 -     || token_match: 0.998, exact_match: 0.972
2023-02-20 00:18:06,073 - DEV || epcloss: 0.0875
2023-02-20 00:18:06,073 -     || token_match: 0.983, exact_match: 0.826
2023-02-20 00:18:06,075 - 
2023-02-20 00:18:06,076 - #epc: 138
2023-02-20 00:18:15,528 - TRN || epcloss: 0.0061
2023-02-20 00:18:15,528 -     || token_match: 0.998, exact_match: 0.976
2023-02-20 00:18:15,529 - DEV || epcloss: 0.0860
2023-02-20 00:18:15,530 -     || token_match: 0.982, exact_match: 0.810
2023-02-20 00:18:15,532 - 
2023-02-20 00:18:15,533 - #epc: 139
2023-02-20 00:18:24,979 - TRN || epcloss: 0.0063
2023-02-20 00:18:24,980 -     || token_match: 0.998, exact_match: 0.976
2023-02-20 00:18:24,981 - DEV || epcloss: 0.0925
2023-02-20 00:18:24,982 -     || token_match: 0.981, exact_match: 0.788
2023-02-20 00:18:24,984 - 
2023-02-20 00:18:24,984 - #epc: 140
2023-02-20 00:18:34,500 - TRN || epcloss: 0.0089
2023-02-20 00:18:34,501 -     || token_match: 0.997, exact_match: 0.967
2023-02-20 00:18:34,502 - DEV || epcloss: 0.0917
2023-02-20 00:18:34,502 -     || token_match: 0.981, exact_match: 0.798
2023-02-20 00:18:34,504 - 
2023-02-20 00:18:34,505 - #epc: 141
2023-02-20 00:18:43,946 - TRN || epcloss: 0.0065
2023-02-20 00:18:43,947 -     || token_match: 0.998, exact_match: 0.975
2023-02-20 00:18:43,948 - DEV || epcloss: 0.0862
2023-02-20 00:18:43,948 -     || token_match: 0.983, exact_match: 0.825
2023-02-20 00:18:43,950 - 
2023-02-20 00:18:43,951 - #epc: 142
2023-02-20 00:18:53,452 - TRN || epcloss: 0.0055
2023-02-20 00:18:53,453 -     || token_match: 0.998, exact_match: 0.979
2023-02-20 00:18:53,454 - DEV || epcloss: 0.0885
2023-02-20 00:18:53,454 -     || token_match: 0.982, exact_match: 0.818
2023-02-20 00:18:53,456 - 
2023-02-20 00:18:53,457 - #epc: 143
2023-02-20 00:19:02,959 - TRN || epcloss: 0.0150
2023-02-20 00:19:02,960 -     || token_match: 0.996, exact_match: 0.956
2023-02-20 00:19:02,961 - DEV || epcloss: 0.0859
2023-02-20 00:19:02,962 -     || token_match: 0.983, exact_match: 0.820
2023-02-20 00:19:02,963 - 
2023-02-20 00:19:02,964 - #epc: 144
2023-02-20 00:19:12,535 - TRN || epcloss: 0.0089
2023-02-20 00:19:12,536 -     || token_match: 0.997, exact_match: 0.964
2023-02-20 00:19:12,537 - DEV || epcloss: 0.0857
2023-02-20 00:19:12,538 -     || token_match: 0.983, exact_match: 0.817
2023-02-20 00:19:12,540 - 
2023-02-20 00:19:12,541 - #epc: 145
2023-02-20 00:19:22,101 - TRN || epcloss: 0.0073
2023-02-20 00:19:22,102 -     || token_match: 0.998, exact_match: 0.970
2023-02-20 00:19:22,102 - DEV || epcloss: 0.0873
2023-02-20 00:19:22,103 -     || token_match: 0.983, exact_match: 0.819
2023-02-20 00:19:22,105 - 
2023-02-20 00:19:22,106 - #epc: 146
2023-02-20 00:19:31,690 - TRN || epcloss: 0.0086
2023-02-20 00:19:31,691 -     || token_match: 0.997, exact_match: 0.969
2023-02-20 00:19:31,692 - DEV || epcloss: 0.0861
2023-02-20 00:19:31,693 -     || token_match: 0.982, exact_match: 0.805
2023-02-20 00:19:31,694 - 
2023-02-20 00:19:31,695 - #epc: 147
2023-02-20 00:19:41,304 - TRN || epcloss: 0.0176
2023-02-20 00:19:41,305 -     || token_match: 0.995, exact_match: 0.937
2023-02-20 00:19:41,306 - DEV || epcloss: 0.0992
2023-02-20 00:19:41,306 -     || token_match: 0.978, exact_match: 0.777
2023-02-20 00:19:41,308 - 
2023-02-20 00:19:41,309 - #epc: 148
2023-02-20 00:19:50,807 - TRN || epcloss: 0.0110
2023-02-20 00:19:50,808 -     || token_match: 0.997, exact_match: 0.957
2023-02-20 00:19:50,809 - DEV || epcloss: 0.0906
2023-02-20 00:19:50,809 -     || token_match: 0.982, exact_match: 0.813
2023-02-20 00:19:50,811 - 
2023-02-20 00:19:50,812 - #epc: 149
2023-02-20 00:20:00,356 - TRN || epcloss: 0.0094
2023-02-20 00:20:00,357 -     || token_match: 0.997, exact_match: 0.965
2023-02-20 00:20:00,358 - DEV || epcloss: 0.0910
2023-02-20 00:20:00,359 -     || token_match: 0.981, exact_match: 0.810
2023-02-20 00:20:00,361 - 
2023-02-20 00:20:00,362 - #epc: 150
2023-02-20 00:20:09,906 - TRN || epcloss: 0.0066
2023-02-20 00:20:09,906 -     || token_match: 0.998, exact_match: 0.974
2023-02-20 00:20:09,907 - DEV || epcloss: 0.0928
2023-02-20 00:20:09,908 -     || token_match: 0.981, exact_match: 0.799
2023-02-20 00:20:09,909 - 
2023-02-20 00:20:09,910 - #epc: 151
2023-02-20 00:20:19,527 - TRN || epcloss: 0.0062
2023-02-20 00:20:19,528 -     || token_match: 0.998, exact_match: 0.975
2023-02-20 00:20:19,529 - DEV || epcloss: 0.0936
2023-02-20 00:20:19,530 -     || token_match: 0.981, exact_match: 0.801
2023-02-20 00:20:19,532 - 
2023-02-20 00:20:19,533 - #epc: 152
2023-02-20 00:20:29,083 - TRN || epcloss: 0.0070
2023-02-20 00:20:29,083 -     || token_match: 0.998, exact_match: 0.972
2023-02-20 00:20:29,084 - DEV || epcloss: 0.0941
2023-02-20 00:20:29,085 -     || token_match: 0.982, exact_match: 0.811
2023-02-20 00:20:29,087 - 
2023-02-20 00:20:29,088 - #epc: 153
2023-02-20 00:20:38,681 - TRN || epcloss: 0.0094
2023-02-20 00:20:38,682 -     || token_match: 0.997, exact_match: 0.967
2023-02-20 00:20:38,683 - DEV || epcloss: 0.0885
2023-02-20 00:20:38,683 -     || token_match: 0.982, exact_match: 0.817
2023-02-20 00:20:38,685 - 
2023-02-20 00:20:38,687 - #epc: 154
2023-02-20 00:20:48,230 - TRN || epcloss: 0.0067
2023-02-20 00:20:48,231 -     || token_match: 0.998, exact_match: 0.973
2023-02-20 00:20:48,232 - DEV || epcloss: 0.0903
2023-02-20 00:20:48,232 -     || token_match: 0.982, exact_match: 0.818
2023-02-20 00:20:48,234 - 
2023-02-20 00:20:48,235 - #epc: 155
2023-02-20 00:20:57,710 - TRN || epcloss: 0.0081
2023-02-20 00:20:57,711 -     || token_match: 0.997, exact_match: 0.969
2023-02-20 00:20:57,712 - DEV || epcloss: 0.0957
2023-02-20 00:20:57,712 -     || token_match: 0.981, exact_match: 0.799
2023-02-20 00:20:57,714 - 
2023-02-20 00:20:57,715 - #epc: 156
2023-02-20 00:21:07,283 - TRN || epcloss: 0.0075
2023-02-20 00:21:07,284 -     || token_match: 0.998, exact_match: 0.972
2023-02-20 00:21:07,285 - DEV || epcloss: 0.0938
2023-02-20 00:21:07,285 -     || token_match: 0.982, exact_match: 0.804
2023-02-20 00:21:07,287 - 
2023-02-20 00:21:07,288 - #epc: 157
2023-02-20 00:21:16,795 - TRN || epcloss: 0.0118
2023-02-20 00:21:16,796 -     || token_match: 0.996, exact_match: 0.955
2023-02-20 00:21:16,797 - DEV || epcloss: 0.0976
2023-02-20 00:21:16,798 -     || token_match: 0.981, exact_match: 0.800
2023-02-20 00:21:16,799 - 
2023-02-20 00:21:16,800 - #epc: 158
2023-02-20 00:21:26,373 - TRN || epcloss: 0.0117
2023-02-20 00:21:26,374 -     || token_match: 0.997, exact_match: 0.958
2023-02-20 00:21:26,375 - DEV || epcloss: 0.0966
2023-02-20 00:21:26,376 -     || token_match: 0.981, exact_match: 0.797
2023-02-20 00:21:26,377 - 
2023-02-20 00:21:26,378 - #epc: 159
2023-02-20 00:21:35,865 - TRN || epcloss: 0.0092
2023-02-20 00:21:35,866 -     || token_match: 0.997, exact_match: 0.965
2023-02-20 00:21:35,866 - DEV || epcloss: 0.1001
2023-02-20 00:21:35,867 -     || token_match: 0.980, exact_match: 0.792
2023-02-20 00:21:35,869 - 
2023-02-20 00:21:35,870 - #epc: 160
2023-02-20 00:21:45,311 - TRN || epcloss: 0.0120
2023-02-20 00:21:45,312 -     || token_match: 0.996, exact_match: 0.955
2023-02-20 00:21:45,313 - DEV || epcloss: 0.0935
2023-02-20 00:21:45,313 -     || token_match: 0.982, exact_match: 0.809
2023-02-20 00:21:45,315 - 
2023-02-20 00:21:45,316 - #epc: 161
2023-02-20 00:21:54,787 - TRN || epcloss: 0.0068
2023-02-20 00:21:54,788 -     || token_match: 0.998, exact_match: 0.972
2023-02-20 00:21:54,789 - DEV || epcloss: 0.0891
2023-02-20 00:21:54,790 -     || token_match: 0.983, exact_match: 0.824
2023-02-20 00:21:54,792 - 
2023-02-20 00:21:54,793 - #epc: 162
2023-02-20 00:22:04,298 - TRN || epcloss: 0.0114
2023-02-20 00:22:04,299 -     || token_match: 0.997, exact_match: 0.957
2023-02-20 00:22:04,300 - DEV || epcloss: 0.0959
2023-02-20 00:22:04,300 -     || token_match: 0.981, exact_match: 0.806
2023-02-20 00:22:04,302 - 
2023-02-20 00:22:04,303 - #epc: 163
2023-02-20 00:22:13,790 - TRN || epcloss: 0.0114
2023-02-20 00:22:13,791 -     || token_match: 0.996, exact_match: 0.957
2023-02-20 00:22:13,792 - DEV || epcloss: 0.0966
2023-02-20 00:22:13,792 -     || token_match: 0.981, exact_match: 0.801
2023-02-20 00:22:13,794 - 
2023-02-20 00:22:13,794 - #epc: 164
2023-02-20 00:22:23,269 - TRN || epcloss: 0.0110
2023-02-20 00:22:23,269 -     || token_match: 0.997, exact_match: 0.958
2023-02-20 00:22:23,270 - DEV || epcloss: 0.0960
2023-02-20 00:22:23,271 -     || token_match: 0.982, exact_match: 0.811
2023-02-20 00:22:23,272 - 
2023-02-20 00:22:23,273 - #epc: 165
2023-02-20 00:22:32,748 - TRN || epcloss: 0.0099
2023-02-20 00:22:32,749 -     || token_match: 0.997, exact_match: 0.963
2023-02-20 00:22:32,750 - DEV || epcloss: 0.0939
2023-02-20 00:22:32,750 -     || token_match: 0.983, exact_match: 0.827
2023-02-20 00:22:32,752 - 
2023-02-20 00:22:32,753 - #epc: 166
2023-02-20 00:22:42,246 - TRN || epcloss: 0.0050
2023-02-20 00:22:42,247 -     || token_match: 0.998, exact_match: 0.980
2023-02-20 00:22:42,248 - DEV || epcloss: 0.0945
2023-02-20 00:22:42,249 -     || token_match: 0.982, exact_match: 0.817
2023-02-20 00:22:42,250 - 
2023-02-20 00:22:42,251 - #epc: 167
2023-02-20 00:22:51,747 - TRN || epcloss: 0.0060
2023-02-20 00:22:51,748 -     || token_match: 0.998, exact_match: 0.976
2023-02-20 00:22:51,749 - DEV || epcloss: 0.0897
2023-02-20 00:22:51,750 -     || token_match: 0.983, exact_match: 0.817
2023-02-20 00:22:51,751 - 
2023-02-20 00:22:51,752 - #epc: 168
2023-02-20 00:23:01,200 - TRN || epcloss: 0.0052
2023-02-20 00:23:01,201 -     || token_match: 0.998, exact_match: 0.980
2023-02-20 00:23:01,202 - DEV || epcloss: 0.0930
2023-02-20 00:23:01,203 -     || token_match: 0.982, exact_match: 0.809
2023-02-20 00:23:01,204 - 
2023-02-20 00:23:01,205 - #epc: 169
2023-02-20 00:23:10,702 - TRN || epcloss: 0.0057
2023-02-20 00:23:10,702 -     || token_match: 0.998, exact_match: 0.975
2023-02-20 00:23:10,703 - DEV || epcloss: 0.0926
2023-02-20 00:23:10,704 -     || token_match: 0.982, exact_match: 0.821
2023-02-20 00:23:10,706 - 
2023-02-20 00:23:10,706 - #epc: 170
2023-02-20 00:23:20,240 - TRN || epcloss: 0.0052
2023-02-20 00:23:20,241 -     || token_match: 0.998, exact_match: 0.980
2023-02-20 00:23:20,242 - DEV || epcloss: 0.0959
2023-02-20 00:23:20,242 -     || token_match: 0.982, exact_match: 0.819
2023-02-20 00:23:20,244 - 
2023-02-20 00:23:20,245 - #epc: 171
2023-02-20 00:23:29,811 - TRN || epcloss: 0.0064
2023-02-20 00:23:29,813 -     || token_match: 0.998, exact_match: 0.977
2023-02-20 00:23:29,814 - DEV || epcloss: 0.0917
2023-02-20 00:23:29,815 -     || token_match: 0.983, exact_match: 0.817
2023-02-20 00:23:29,816 - 
2023-02-20 00:23:29,817 - #epc: 172
2023-02-20 00:23:39,292 - TRN || epcloss: 0.0083
2023-02-20 00:23:39,293 -     || token_match: 0.997, exact_match: 0.967
2023-02-20 00:23:39,294 - DEV || epcloss: 0.1159
2023-02-20 00:23:39,294 -     || token_match: 0.978, exact_match: 0.762
2023-02-20 00:23:39,296 - 
2023-02-20 00:23:39,297 - #epc: 173
2023-02-20 00:23:48,764 - TRN || epcloss: 0.0219
2023-02-20 00:23:48,765 -     || token_match: 0.993, exact_match: 0.921
2023-02-20 00:23:48,766 - DEV || epcloss: 0.0955
2023-02-20 00:23:48,766 -     || token_match: 0.981, exact_match: 0.796
2023-02-20 00:23:48,768 - 
2023-02-20 00:23:48,768 - #epc: 174
2023-02-20 00:23:58,281 - TRN || epcloss: 0.0154
2023-02-20 00:23:58,282 -     || token_match: 0.995, exact_match: 0.945
2023-02-20 00:23:58,283 - DEV || epcloss: 0.0908
2023-02-20 00:23:58,284 -     || token_match: 0.982, exact_match: 0.807
2023-02-20 00:23:58,285 - 
2023-02-20 00:23:58,286 - #epc: 175
2023-02-20 00:24:07,709 - TRN || epcloss: 0.0093
2023-02-20 00:24:07,710 -     || token_match: 0.997, exact_match: 0.963
2023-02-20 00:24:07,711 - DEV || epcloss: 0.0950
2023-02-20 00:24:07,712 -     || token_match: 0.981, exact_match: 0.809
2023-02-20 00:24:07,713 - 
2023-02-20 00:24:07,714 - #epc: 176
2023-02-20 00:24:17,209 - TRN || epcloss: 0.0055
2023-02-20 00:24:17,210 -     || token_match: 0.998, exact_match: 0.977
2023-02-20 00:24:17,211 - DEV || epcloss: 0.0907
2023-02-20 00:24:17,211 -     || token_match: 0.984, exact_match: 0.828
2023-02-20 00:24:17,213 - 
2023-02-20 00:24:17,214 - #epc: 177
2023-02-20 00:24:26,682 - TRN || epcloss: 0.0055
2023-02-20 00:24:26,683 -     || token_match: 0.998, exact_match: 0.978
2023-02-20 00:24:26,684 - DEV || epcloss: 0.0878
2023-02-20 00:24:26,685 -     || token_match: 0.983, exact_match: 0.832
2023-02-20 00:24:26,686 -     || BEST exact match: 0.832
2023-02-20 00:24:26,710 -     || saved model
2023-02-20 00:24:26,711 - 
2023-02-20 00:24:26,712 - #epc: 178
2023-02-20 00:24:36,217 - TRN || epcloss: 0.0054
2023-02-20 00:24:36,218 -     || token_match: 0.998, exact_match: 0.979
2023-02-20 00:24:36,219 - DEV || epcloss: 0.0945
2023-02-20 00:24:36,220 -     || token_match: 0.982, exact_match: 0.800
2023-02-20 00:24:36,222 - 
2023-02-20 00:24:36,222 - #epc: 179
2023-02-20 00:24:45,722 - TRN || epcloss: 0.0096
2023-02-20 00:24:45,723 -     || token_match: 0.997, exact_match: 0.967
2023-02-20 00:24:45,723 - DEV || epcloss: 0.1079
2023-02-20 00:24:45,724 -     || token_match: 0.978, exact_match: 0.758
2023-02-20 00:24:45,726 - 
2023-02-20 00:24:45,726 - #epc: 180
2023-02-20 00:24:55,102 - TRN || epcloss: 0.0259
2023-02-20 00:24:55,103 -     || token_match: 0.992, exact_match: 0.919
2023-02-20 00:24:55,104 - DEV || epcloss: 0.1138
2023-02-20 00:24:55,105 -     || token_match: 0.977, exact_match: 0.740
2023-02-20 00:24:55,106 - 
2023-02-20 00:24:55,107 - #epc: 181
2023-02-20 00:25:04,590 - TRN || epcloss: 0.0200
2023-02-20 00:25:04,591 -     || token_match: 0.994, exact_match: 0.934
2023-02-20 00:25:04,592 - DEV || epcloss: 0.1076
2023-02-20 00:25:04,593 -     || token_match: 0.978, exact_match: 0.764
2023-02-20 00:25:04,595 - 
2023-02-20 00:25:04,595 - #epc: 182
2023-02-20 00:25:14,133 - TRN || epcloss: 0.0153
2023-02-20 00:25:14,134 -     || token_match: 0.996, exact_match: 0.952
2023-02-20 00:25:14,135 - DEV || epcloss: 0.1060
2023-02-20 00:25:14,136 -     || token_match: 0.979, exact_match: 0.771
2023-02-20 00:25:14,138 - 
2023-02-20 00:25:14,138 - #epc: 183
2023-02-20 00:25:23,672 - TRN || epcloss: 0.0073
2023-02-20 00:25:23,672 -     || token_match: 0.998, exact_match: 0.972
2023-02-20 00:25:23,673 - DEV || epcloss: 0.0939
2023-02-20 00:25:23,674 -     || token_match: 0.983, exact_match: 0.822
2023-02-20 00:25:23,676 - 
2023-02-20 00:25:23,677 - #epc: 184
2023-02-20 00:25:33,176 - TRN || epcloss: 0.0050
2023-02-20 00:25:33,177 -     || token_match: 0.999, exact_match: 0.982
2023-02-20 00:25:33,177 - DEV || epcloss: 0.0887
2023-02-20 00:25:33,178 -     || token_match: 0.984, exact_match: 0.828
2023-02-20 00:25:33,180 - 
2023-02-20 00:25:33,180 - #epc: 185
2023-02-20 00:25:42,704 - TRN || epcloss: 0.0049
2023-02-20 00:25:42,705 -     || token_match: 0.999, exact_match: 0.983
2023-02-20 00:25:42,706 - DEV || epcloss: 0.0867
2023-02-20 00:25:42,706 -     || token_match: 0.983, exact_match: 0.823
2023-02-20 00:25:42,708 - 
2023-02-20 00:25:42,709 - #epc: 186
2023-02-20 00:25:52,236 - TRN || epcloss: 0.0037
2023-02-20 00:25:52,237 -     || token_match: 0.999, exact_match: 0.986
2023-02-20 00:25:52,238 - DEV || epcloss: 0.0842
2023-02-20 00:25:52,238 -     || token_match: 0.984, exact_match: 0.825
2023-02-20 00:25:52,240 - 
2023-02-20 00:25:52,241 - #epc: 187
2023-02-20 00:26:01,694 - TRN || epcloss: 0.0046
2023-02-20 00:26:01,695 -     || token_match: 0.999, exact_match: 0.982
2023-02-20 00:26:01,695 - DEV || epcloss: 0.0856
2023-02-20 00:26:01,696 -     || token_match: 0.984, exact_match: 0.836
2023-02-20 00:26:01,698 -     || BEST exact match: 0.836
2023-02-20 00:26:01,718 -     || saved model
2023-02-20 00:26:01,719 - 
2023-02-20 00:26:01,720 - #epc: 188
2023-02-20 00:26:11,194 - TRN || epcloss: 0.0040
2023-02-20 00:26:11,195 -     || token_match: 0.999, exact_match: 0.985
2023-02-20 00:26:11,195 - DEV || epcloss: 0.0883
2023-02-20 00:26:11,196 -     || token_match: 0.985, exact_match: 0.842
2023-02-20 00:26:11,198 -     || BEST exact match: 0.842
2023-02-20 00:26:11,216 -     || saved model
2023-02-20 00:26:11,217 - 
2023-02-20 00:26:11,217 - #epc: 189
2023-02-20 00:26:20,727 - TRN || epcloss: 0.0044
2023-02-20 00:26:20,728 -     || token_match: 0.999, exact_match: 0.983
2023-02-20 00:26:20,729 - DEV || epcloss: 0.0970
2023-02-20 00:26:20,730 -     || token_match: 0.982, exact_match: 0.814
2023-02-20 00:26:20,731 - 
2023-02-20 00:26:20,732 - #epc: 190
2023-02-20 00:26:30,201 - TRN || epcloss: 0.0062
2023-02-20 00:26:30,202 -     || token_match: 0.998, exact_match: 0.976
2023-02-20 00:26:30,203 - DEV || epcloss: 0.0944
2023-02-20 00:26:30,203 -     || token_match: 0.982, exact_match: 0.811
2023-02-20 00:26:30,205 - 
2023-02-20 00:26:30,206 - #epc: 191
2023-02-20 00:26:39,658 - TRN || epcloss: 0.0072
2023-02-20 00:26:39,659 -     || token_match: 0.998, exact_match: 0.974
2023-02-20 00:26:39,660 - DEV || epcloss: 0.0949
2023-02-20 00:26:39,661 -     || token_match: 0.982, exact_match: 0.813
2023-02-20 00:26:39,663 - 
2023-02-20 00:26:39,664 - #epc: 192
2023-02-20 00:26:49,135 - TRN || epcloss: 0.0237
2023-02-20 00:26:49,136 -     || token_match: 0.994, exact_match: 0.930
2023-02-20 00:26:49,136 - DEV || epcloss: 0.0993
2023-02-20 00:26:49,137 -     || token_match: 0.981, exact_match: 0.787
2023-02-20 00:26:49,138 - 
2023-02-20 00:26:49,139 - #epc: 193
2023-02-20 00:26:58,614 - TRN || epcloss: 0.0213
2023-02-20 00:26:58,615 -     || token_match: 0.993, exact_match: 0.927
2023-02-20 00:26:58,615 - DEV || epcloss: 0.1000
2023-02-20 00:26:58,616 -     || token_match: 0.982, exact_match: 0.815
2023-02-20 00:26:58,617 - 
2023-02-20 00:26:58,618 - #epc: 194
2023-02-20 00:27:08,163 - TRN || epcloss: 0.0135
2023-02-20 00:27:08,165 -     || token_match: 0.996, exact_match: 0.957
2023-02-20 00:27:08,165 - DEV || epcloss: 0.0925
2023-02-20 00:27:08,166 -     || token_match: 0.983, exact_match: 0.832
2023-02-20 00:27:08,168 - 
2023-02-20 00:27:08,169 - #epc: 195
2023-02-20 00:27:17,718 - TRN || epcloss: 0.0074
2023-02-20 00:27:17,718 -     || token_match: 0.998, exact_match: 0.972
2023-02-20 00:27:17,719 - DEV || epcloss: 0.0904
2023-02-20 00:27:17,720 -     || token_match: 0.983, exact_match: 0.831
2023-02-20 00:27:17,722 - 
2023-02-20 00:27:17,722 - #epc: 196
2023-02-20 00:27:27,239 - TRN || epcloss: 0.0055
2023-02-20 00:27:27,240 -     || token_match: 0.998, exact_match: 0.978
2023-02-20 00:27:27,241 - DEV || epcloss: 0.0903
2023-02-20 00:27:27,241 -     || token_match: 0.983, exact_match: 0.827
2023-02-20 00:27:27,243 - 
2023-02-20 00:27:27,244 - #epc: 197
2023-02-20 00:27:36,825 - TRN || epcloss: 0.0043
2023-02-20 00:27:36,826 -     || token_match: 0.999, exact_match: 0.984
2023-02-20 00:27:36,827 - DEV || epcloss: 0.0939
2023-02-20 00:27:36,827 -     || token_match: 0.983, exact_match: 0.820
2023-02-20 00:27:36,829 - 
2023-02-20 00:27:36,830 - #epc: 198
2023-02-20 00:27:46,308 - TRN || epcloss: 0.0042
2023-02-20 00:27:46,309 -     || token_match: 0.999, exact_match: 0.984
2023-02-20 00:27:46,310 - DEV || epcloss: 0.0887
2023-02-20 00:27:46,311 -     || token_match: 0.984, exact_match: 0.838
2023-02-20 00:27:46,312 - 
2023-02-20 00:27:46,313 - #epc: 199
2023-02-20 00:27:55,887 - TRN || epcloss: 0.0044
2023-02-20 00:27:55,888 -     || token_match: 0.999, exact_match: 0.982
2023-02-20 00:27:55,889 - DEV || epcloss: 0.0906
2023-02-20 00:27:55,890 -     || token_match: 0.984, exact_match: 0.836
2023-02-20 00:27:55,892 - Training is over, saved model with best dev exact match: 0.842 (epc 188)
