2023-12-15 02:58:40,078 - trnsize: 404897
2023-12-15 02:58:40,091 - devsize: 1446
2023-12-15 02:58:40,091 - tstsize: 1446
2023-12-15 02:58:40,657 - Trn unique tgts: 404896
2023-12-15 02:58:40,658 - Trn unique lemmas: 588
2023-12-15 02:58:40,659 - Trn unique taglists: 703
2023-12-15 02:58:40,659 - Dev unique tgts: 1446
2023-12-15 02:58:40,660 - Dev unique lemmas: 536
2023-12-15 02:58:40,661 - Dev unique taglists: 616
2023-12-15 02:58:40,662 - Tst unique tgts: 1446
2023-12-15 02:58:40,663 - Tst unique lemmas: 536
2023-12-15 02:58:40,664 - Tst unique taglists: 616
2023-12-15 02:58:40,665 - seen_dev_tgt: 1
2023-12-15 02:58:40,666 - seen_dev_lemma: 1446
2023-12-15 02:58:40,667 - seen_dev_taglist: 1446
2023-12-15 02:58:40,668 - seen_tst_tgt: 1
2023-12-15 02:58:40,668 - seen_tst_lemma: 1446
2023-12-15 02:58:40,669 - seen_tst_taglist: 1446
2023-12-15 02:59:04,444 - trnID: run2_4x12_zLEM100_zTAG128_decnh1024_kl1.0_epc10_strt5_decdo0.2_inpemb128_bsize64
2023-12-15 02:59:04,445 - batchsize: 64
2023-12-15 02:59:04,446 - epochs: 75
2023-12-15 02:59:04,447 - lr: 0.00050
2023-12-15 02:59:04,448 - KL_WEIGHT: 1.00000
2023-12-15 02:59:04,449 - opt: Adam (
Parameter Group 0
    amsgrad: False
    betas: (0.5, 0.999)
    capturable: False
    eps: 1e-08
    foreach: None
    lr: 0.0005
    maximize: False
    weight_decay: 0
)
2023-12-15 02:59:04,450 - VQVAE(
  (encoder): Encoder_GRU_VQVAE(
    (layers): ModuleList(
      (0): Embedding(39, 128)
      (1): Dropout(p=0.0, inplace=False)
      (2): GRU(128, 256, batch_first=True, bidirectional=True)
    )
  )
  (z_linears): ModuleList(
    (0): Linear(in_features=256, out_features=128, bias=True)
    (1): Linear(in_features=256, out_features=128, bias=True)
    (2): Linear(in_features=256, out_features=128, bias=True)
    (3): Linear(in_features=256, out_features=128, bias=True)
  )
  (quantizers): ModuleList(
    (0): Quantizer(
      (embeddings): Embedding(12, 128)
    )
    (1): Quantizer(
      (embeddings): Embedding(12, 128)
    )
    (2): Quantizer(
      (embeddings): Embedding(12, 128)
    )
    (3): Quantizer(
      (embeddings): Embedding(12, 128)
    )
  )
  (z_lemma_mu): Linear(in_features=256, out_features=100, bias=True)
  (z_lemma_logvar): Linear(in_features=256, out_features=100, bias=True)
  (up_from_z_layer): Linear(in_features=228, out_features=1024, bias=True)
  (decoder): Decoder_GRU_VQVAE(
    (layers): ModuleList(
      (0): Embedding(39, 128)
      (1): Dropout(p=0.2, inplace=False)
      (2): GRU(356, 1024, batch_first=True)
      (3): Linear(in_features=1024, out_features=39, bias=True)
    )
    (loss): CrossEntropyLoss()
  )
)
2023-12-15 02:59:04,571 - trnsize: 404897
2023-12-15 02:59:04,575 - devsize: 1446
2023-12-15 02:59:04,576 - tstsize: 1446
2023-12-15 02:59:04,577 - 
2023-12-15 02:59:04,578 - #epc: 0
2023-12-15 02:59:04,582 - epc:0, epc_KL:  0.000000
2023-12-15 03:05:52,694 - exact_match_tst_copy_acc: 0.994
2023-12-15 03:05:52,695 - exact_match_tst_reinflection_wlemma: 0.045
2023-12-15 03:05:52,696 - exact_match_tst_reinflection_wlemma_TAGFINDER1: 0.044
2023-12-15 03:05:52,697 - exact_match_tst_reinflection_wlemma_TAGFINDER1_or_2: 0.046
2023-12-15 03:05:53,201 - TRN || epcloss: 0.0705
2023-12-15 03:05:53,202 -     || Q: 0.0683
2023-12-15 03:05:53,203 -     || KL: 5.7515
2023-12-15 03:05:53,204 -     || token_match: 0.978, exact_match: 0.847
2023-12-15 03:05:53,205 -     || unique taglist code: 1980
2023-12-15 03:05:53,206 - DEV || epcloss: 0.0017
2023-12-15 03:05:53,207 -     || Q: 0.0032
2023-12-15 03:05:53,208 -     || KL: 13.2318
2023-12-15 03:05:53,209 -     || token_match: 1.000, exact_match: 0.994
2023-12-15 03:05:53,210 -     || unique taglist code: 99
2023-12-15 03:05:53,211 -     || seen taglist code: 98
2023-12-15 03:05:53,212 -     || MOST used trncode: 1980
2023-12-15 03:05:53,213 -     || MOST used devcode: 99
2023-12-15 03:05:53,214 -     || BEST exact match (teacher forcing): 0.994
2023-12-15 03:05:53,275 -     || saved model
2023-12-15 03:05:53,277 - 
2023-12-15 03:05:53,278 - #epc: 1
2023-12-15 03:05:53,967 - epc:1, epc_KL:  0.000000
2023-12-15 03:12:42,314 - exact_match_tst_copy_acc: 0.997
2023-12-15 03:12:42,315 - exact_match_tst_reinflection_wlemma: 0.045
2023-12-15 03:12:42,316 - exact_match_tst_reinflection_wlemma_TAGFINDER1: 0.045
2023-12-15 03:12:42,317 - exact_match_tst_reinflection_wlemma_TAGFINDER1_or_2: 0.045
2023-12-15 03:12:42,673 - TRN || epcloss: 0.0057
2023-12-15 03:12:42,674 -     || Q: 0.0057
2023-12-15 03:12:42,675 -     || KL: 6.4661
2023-12-15 03:12:42,676 -     || token_match: 0.999, exact_match: 0.980
2023-12-15 03:12:42,677 -     || unique taglist code: 1397
2023-12-15 03:12:42,677 - DEV || epcloss: 0.0008
2023-12-15 03:12:42,678 -     || Q: 0.0021
2023-12-15 03:12:42,679 -     || KL: 13.9881
2023-12-15 03:12:42,680 -     || token_match: 1.000, exact_match: 0.997
2023-12-15 03:12:42,681 -     || unique taglist code: 87
2023-12-15 03:12:42,682 -     || seen taglist code: 86
2023-12-15 03:12:42,683 -     || BEST exact match (teacher forcing): 0.997
2023-12-15 03:12:42,721 -     || saved model
2023-12-15 03:12:42,723 - 
2023-12-15 03:12:42,724 - #epc: 2
2023-12-15 03:12:43,292 - epc:2, epc_KL:  0.000000
2023-12-15 03:19:33,209 - exact_match_tst_copy_acc: 0.997
2023-12-15 03:19:33,210 - exact_match_tst_reinflection_wlemma: 0.039
2023-12-15 03:19:33,210 - exact_match_tst_reinflection_wlemma_TAGFINDER1: 0.039
2023-12-15 03:19:33,211 - exact_match_tst_reinflection_wlemma_TAGFINDER1_or_2: 0.039
2023-12-15 03:19:33,657 - TRN || epcloss: 0.0028
2023-12-15 03:19:33,658 -     || Q: 0.0031
2023-12-15 03:19:33,659 -     || KL: 6.8664
2023-12-15 03:19:33,661 -     || token_match: 0.999, exact_match: 0.989
2023-12-15 03:19:33,662 -     || unique taglist code: 1237
2023-12-15 03:19:33,663 - DEV || epcloss: 0.0005
2023-12-15 03:19:33,664 -     || Q: 0.0012
2023-12-15 03:19:33,665 -     || KL: 15.2309
2023-12-15 03:19:33,666 -     || token_match: 1.000, exact_match: 0.997
2023-12-15 03:19:33,667 -     || unique taglist code: 96
2023-12-15 03:19:33,668 -     || seen taglist code: 96
2023-12-15 03:19:33,722 -     || saved model
2023-12-15 03:19:33,724 - 
2023-12-15 03:19:33,725 - #epc: 3
2023-12-15 03:19:34,411 - epc:3, epc_KL:  0.000000
2023-12-15 03:26:26,929 - exact_match_tst_copy_acc: 0.998
2023-12-15 03:26:26,931 - exact_match_tst_reinflection_wlemma: 0.042
2023-12-15 03:26:26,931 - exact_match_tst_reinflection_wlemma_TAGFINDER1: 0.043
2023-12-15 03:26:26,932 - exact_match_tst_reinflection_wlemma_TAGFINDER1_or_2: 0.043
2023-12-15 03:26:27,362 - TRN || epcloss: 0.0020
2023-12-15 03:26:27,363 -     || Q: 0.0024
2023-12-15 03:26:27,364 -     || KL: 7.4066
2023-12-15 03:26:27,365 -     || token_match: 0.999, exact_match: 0.991
2023-12-15 03:26:27,365 -     || unique taglist code: 1306
2023-12-15 03:26:27,366 - DEV || epcloss: 0.0003
2023-12-15 03:26:27,367 -     || Q: 0.0015
2023-12-15 03:26:27,369 -     || KL: 16.7174
2023-12-15 03:26:27,370 -     || token_match: 1.000, exact_match: 0.999
2023-12-15 03:26:27,370 -     || unique taglist code: 102
2023-12-15 03:26:27,371 -     || seen taglist code: 101
2023-12-15 03:26:27,373 -     || MOST used devcode: 102
2023-12-15 03:26:27,373 -     || BEST exact match (teacher forcing): 0.999
2023-12-15 03:26:27,414 -     || saved model
2023-12-15 03:26:27,417 - 
2023-12-15 03:26:27,418 - #epc: 4
2023-12-15 03:26:28,104 - epc:4, epc_KL:  0.000000
2023-12-15 03:33:19,647 - exact_match_tst_copy_acc: 0.995
2023-12-15 03:33:19,648 - exact_match_tst_reinflection_wlemma: 0.046
2023-12-15 03:33:19,649 - exact_match_tst_reinflection_wlemma_TAGFINDER1: 0.046
2023-12-15 03:33:19,650 - exact_match_tst_reinflection_wlemma_TAGFINDER1_or_2: 0.046
2023-12-15 03:33:20,054 - TRN || epcloss: 0.0017
2023-12-15 03:33:20,055 -     || Q: 0.0019
2023-12-15 03:33:20,056 -     || KL: 7.8978
2023-12-15 03:33:20,057 -     || token_match: 1.000, exact_match: 0.993
2023-12-15 03:33:20,058 -     || unique taglist code: 1208
2023-12-15 03:33:20,059 - DEV || epcloss: 0.0008
2023-12-15 03:33:20,060 -     || Q: 0.0012
2023-12-15 03:33:20,061 -     || KL: 17.5279
2023-12-15 03:33:20,061 -     || token_match: 1.000, exact_match: 0.994
2023-12-15 03:33:20,062 -     || unique taglist code: 105
2023-12-15 03:33:20,063 -     || seen taglist code: 105
2023-12-15 03:33:20,065 -     || MOST used devcode: 105
2023-12-15 03:33:20,112 -     || saved model
2023-12-15 03:33:20,114 - 
2023-12-15 03:33:20,115 - #epc: 5
2023-12-15 03:33:20,752 - epc:5, epc_KL:  0.100000
2023-12-15 03:40:14,977 - exact_match_tst_copy_acc: 0.995
2023-12-15 03:40:14,978 - exact_match_tst_reinflection_wlemma: 0.110
2023-12-15 03:40:14,979 - exact_match_tst_reinflection_wlemma_TAGFINDER1: 0.111
2023-12-15 03:40:14,980 - exact_match_tst_reinflection_wlemma_TAGFINDER1_or_2: 0.118
2023-12-15 03:40:15,786 - TRN || epcloss: 0.0209
2023-12-15 03:40:15,787 -     || Q: 0.0152
2023-12-15 03:40:15,788 -     || KL: 0.7360
2023-12-15 03:40:15,789 -     || token_match: 0.994, exact_match: 0.891
2023-12-15 03:40:15,790 -     || unique taglist code: 3436
2023-12-15 03:40:15,791 - DEV || epcloss: 0.0104
2023-12-15 03:40:15,792 -     || Q: 0.0187
2023-12-15 03:40:15,793 -     || KL: 1.2848
2023-12-15 03:40:15,793 -     || token_match: 0.996, exact_match: 0.930
2023-12-15 03:40:15,794 -     || unique taglist code: 602
2023-12-15 03:40:15,795 -     || seen taglist code: 596
2023-12-15 03:40:15,796 -     || MOST used trncode: 3436
2023-12-15 03:40:15,797 -     || MOST used devcode: 602
2023-12-15 03:40:15,840 -     || saved model
2023-12-15 03:40:15,842 - 
2023-12-15 03:40:15,843 - #epc: 6
2023-12-15 03:40:16,438 - epc:6, epc_KL:  0.200000
2023-12-15 03:47:14,090 - exact_match_tst_copy_acc: 0.991
2023-12-15 03:47:14,091 - exact_match_tst_reinflection_wlemma: 0.560
2023-12-15 03:47:14,092 - exact_match_tst_reinflection_wlemma_TAGFINDER1: 0.548
2023-12-15 03:47:14,093 - exact_match_tst_reinflection_wlemma_TAGFINDER1_or_2: 0.595
2023-12-15 03:47:14,935 - TRN || epcloss: 0.0221
2023-12-15 03:47:14,936 -     || Q: 0.0491
2023-12-15 03:47:14,938 -     || KL: 0.3947
2023-12-15 03:47:14,939 -     || token_match: 0.993, exact_match: 0.878
2023-12-15 03:47:14,940 -     || unique taglist code: 4328
2023-12-15 03:47:14,941 - DEV || epcloss: 0.0179
2023-12-15 03:47:14,942 -     || Q: 0.0683
2023-12-15 03:47:14,943 -     || KL: 0.7798
2023-12-15 03:47:14,944 -     || token_match: 0.994, exact_match: 0.900
2023-12-15 03:47:14,945 -     || unique taglist code: 835
2023-12-15 03:47:14,946 -     || seen taglist code: 832
2023-12-15 03:47:14,947 -     || MOST used trncode: 4328
2023-12-15 03:47:14,948 -     || MOST used devcode: 835
2023-12-15 03:47:15,007 -     || saved model
2023-12-15 03:47:15,010 - 
2023-12-15 03:47:15,011 - #epc: 7
2023-12-15 03:47:15,654 - epc:7, epc_KL:  0.300000
2023-12-15 03:54:12,795 - exact_match_tst_copy_acc: 0.984
2023-12-15 03:54:12,797 - exact_match_tst_reinflection_wlemma: 0.940
2023-12-15 03:54:12,798 - exact_match_tst_reinflection_wlemma_TAGFINDER1: 0.915
2023-12-15 03:54:12,798 - exact_match_tst_reinflection_wlemma_TAGFINDER1_or_2: 0.950
2023-12-15 03:54:13,553 - TRN || epcloss: 0.0227
2023-12-15 03:54:13,554 -     || Q: 0.0811
2023-12-15 03:54:13,555 -     || KL: 0.2687
2023-12-15 03:54:13,556 -     || token_match: 0.993, exact_match: 0.880
2023-12-15 03:54:13,557 -     || unique taglist code: 5872
2023-12-15 03:54:13,558 - DEV || epcloss: 0.0377
2023-12-15 03:54:13,559 -     || Q: 0.0826
2023-12-15 03:54:13,560 -     || KL: 0.4556
2023-12-15 03:54:13,561 -     || token_match: 0.989, exact_match: 0.805
2023-12-15 03:54:13,562 -     || unique taglist code: 974
2023-12-15 03:54:13,563 -     || seen taglist code: 961
2023-12-15 03:54:13,564 -     || MOST used trncode: 5872
2023-12-15 03:54:13,565 -     || MOST used devcode: 974
2023-12-15 03:54:13,613 -     || saved model
2023-12-15 03:54:13,615 - 
2023-12-15 03:54:13,616 - #epc: 8
2023-12-15 03:54:14,292 - epc:8, epc_KL:  0.400000
2023-12-15 04:01:10,363 - exact_match_tst_copy_acc: 0.983
2023-12-15 04:01:10,364 - exact_match_tst_reinflection_wlemma: 0.970
2023-12-15 04:01:10,365 - exact_match_tst_reinflection_wlemma_TAGFINDER1: 0.929
2023-12-15 04:01:10,366 - exact_match_tst_reinflection_wlemma_TAGFINDER1_or_2: 0.974
2023-12-15 04:01:11,093 - TRN || epcloss: 0.0240
2023-12-15 04:01:11,096 -     || Q: 0.1097
2023-12-15 04:01:11,099 -     || KL: 0.2105
2023-12-15 04:01:11,101 -     || token_match: 0.993, exact_match: 0.879
2023-12-15 04:01:11,104 -     || unique taglist code: 6447
2023-12-15 04:01:11,106 - DEV || epcloss: 0.0182
2023-12-15 04:01:11,108 -     || Q: 0.1003
2023-12-15 04:01:11,110 -     || KL: 0.4355
2023-12-15 04:01:11,113 -     || token_match: 0.995, exact_match: 0.909
2023-12-15 04:01:11,114 -     || unique taglist code: 1032
2023-12-15 04:01:11,118 -     || seen taglist code: 1020
2023-12-15 04:01:11,120 -     || MOST used trncode: 6447
2023-12-15 04:01:11,121 -     || MOST used devcode: 1032
2023-12-15 04:01:11,166 -     || saved model
2023-12-15 04:01:11,169 - 
2023-12-15 04:01:11,170 - #epc: 9
2023-12-15 04:01:11,825 - epc:9, epc_KL:  0.500000
2023-12-15 04:08:09,378 - exact_match_tst_copy_acc: 0.983
2023-12-15 04:08:09,379 - exact_match_tst_reinflection_wlemma: 0.974
2023-12-15 04:08:09,380 - exact_match_tst_reinflection_wlemma_TAGFINDER1: 0.894
2023-12-15 04:08:09,381 - exact_match_tst_reinflection_wlemma_TAGFINDER1_or_2: 0.969
2023-12-15 04:08:10,081 - TRN || epcloss: 0.0251
2023-12-15 04:08:10,082 -     || Q: 0.1281
2023-12-15 04:08:10,083 -     || KL: 0.1800
2023-12-15 04:08:10,084 -     || token_match: 0.993, exact_match: 0.875
2023-12-15 04:08:10,085 -     || unique taglist code: 8027
2023-12-15 04:08:10,086 - DEV || epcloss: 0.0186
2023-12-15 04:08:10,087 -     || Q: 0.1313
2023-12-15 04:08:10,088 -     || KL: 0.3632
2023-12-15 04:08:10,089 -     || token_match: 0.994, exact_match: 0.894
2023-12-15 04:08:10,090 -     || unique taglist code: 1170
2023-12-15 04:08:10,092 -     || seen taglist code: 1167
2023-12-15 04:08:10,093 -     || MOST used trncode: 8027
2023-12-15 04:08:10,094 -     || MOST used devcode: 1170
2023-12-15 04:08:10,137 -     || saved model
2023-12-15 04:08:10,139 - 
2023-12-15 04:08:10,140 - #epc: 10
2023-12-15 04:08:10,762 - epc:10, epc_KL:  0.600000
2023-12-15 04:15:07,417 - exact_match_tst_copy_acc: 0.979
2023-12-15 04:15:07,418 - exact_match_tst_reinflection_wlemma: 0.972
2023-12-15 04:15:07,419 - exact_match_tst_reinflection_wlemma_TAGFINDER1: 0.822
2023-12-15 04:15:07,419 - exact_match_tst_reinflection_wlemma_TAGFINDER1_or_2: 0.961
2023-12-15 04:15:08,162 - TRN || epcloss: 0.0281
2023-12-15 04:15:08,164 -     || Q: 0.1720
2023-12-15 04:15:08,165 -     || KL: 0.1611
2023-12-15 04:15:08,166 -     || token_match: 0.992, exact_match: 0.862
2023-12-15 04:15:08,167 -     || unique taglist code: 8371
2023-12-15 04:15:08,167 - DEV || epcloss: 0.0242
2023-12-15 04:15:08,169 -     || Q: 0.1826
2023-12-15 04:15:08,170 -     || KL: 0.3397
2023-12-15 04:15:08,170 -     || token_match: 0.993, exact_match: 0.880
2023-12-15 04:15:08,171 -     || unique taglist code: 1197
2023-12-15 04:15:08,173 -     || seen taglist code: 1191
2023-12-15 04:15:08,175 -     || MOST used trncode: 8371
2023-12-15 04:15:08,176 -     || MOST used devcode: 1197
2023-12-15 04:15:08,225 -     || saved model
2023-12-15 04:15:08,227 - 
2023-12-15 04:15:08,228 - #epc: 11
2023-12-15 04:15:08,822 - epc:11, epc_KL:  0.700000
2023-12-15 04:22:06,277 - exact_match_tst_copy_acc: 0.972
2023-12-15 04:22:06,278 - exact_match_tst_reinflection_wlemma: 0.963
2023-12-15 04:22:06,279 - exact_match_tst_reinflection_wlemma_TAGFINDER1: 0.773
2023-12-15 04:22:06,280 - exact_match_tst_reinflection_wlemma_TAGFINDER1_or_2: 0.944
2023-12-15 04:22:06,997 - TRN || epcloss: 0.0313
2023-12-15 04:22:06,998 -     || Q: 0.2167
2023-12-15 04:22:06,999 -     || KL: 0.1483
2023-12-15 04:22:07,000 -     || token_match: 0.991, exact_match: 0.846
2023-12-15 04:22:07,001 -     || unique taglist code: 8494
2023-12-15 04:22:07,002 - DEV || epcloss: 0.0349
2023-12-15 04:22:07,002 -     || Q: 0.2201
2023-12-15 04:22:07,003 -     || KL: 0.3209
2023-12-15 04:22:07,004 -     || token_match: 0.990, exact_match: 0.840
2023-12-15 04:22:07,005 -     || unique taglist code: 1202
2023-12-15 04:22:07,007 -     || seen taglist code: 1194
2023-12-15 04:22:07,008 -     || MOST used trncode: 8494
2023-12-15 04:22:07,009 -     || MOST used devcode: 1202
2023-12-15 04:22:07,053 -     || saved model
2023-12-15 04:22:07,055 - 
2023-12-15 04:22:07,056 - #epc: 12
2023-12-15 04:22:07,675 - epc:12, epc_KL:  0.800000
2023-12-15 04:29:03,350 - exact_match_tst_copy_acc: 0.972
2023-12-15 04:29:03,351 - exact_match_tst_reinflection_wlemma: 0.965
2023-12-15 04:29:03,352 - exact_match_tst_reinflection_wlemma_TAGFINDER1: 0.721
2023-12-15 04:29:03,353 - exact_match_tst_reinflection_wlemma_TAGFINDER1_or_2: 0.934
2023-12-15 04:29:04,075 - TRN || epcloss: 0.0350
2023-12-15 04:29:04,076 -     || Q: 0.2709
2023-12-15 04:29:04,077 -     || KL: 0.1391
2023-12-15 04:29:04,078 -     || token_match: 0.990, exact_match: 0.827
2023-12-15 04:29:04,079 -     || unique taglist code: 8909
2023-12-15 04:29:04,080 - DEV || epcloss: 0.0356
2023-12-15 04:29:04,080 -     || Q: 0.2955
2023-12-15 04:29:04,081 -     || KL: 0.2797
2023-12-15 04:29:04,082 -     || token_match: 0.989, exact_match: 0.808
2023-12-15 04:29:04,083 -     || unique taglist code: 1221
2023-12-15 04:29:04,085 -     || seen taglist code: 1215
2023-12-15 04:29:04,087 -     || MOST used trncode: 8909
2023-12-15 04:29:04,088 -     || MOST used devcode: 1221
2023-12-15 04:29:04,131 -     || saved model
2023-12-15 04:29:04,134 - 
2023-12-15 04:29:04,134 - #epc: 13
2023-12-15 04:29:04,738 - epc:13, epc_KL:  0.900000
2023-12-15 04:36:03,110 - exact_match_tst_copy_acc: 0.963
2023-12-15 04:36:03,112 - exact_match_tst_reinflection_wlemma: 0.952
2023-12-15 04:36:03,112 - exact_match_tst_reinflection_wlemma_TAGFINDER1: 0.674
2023-12-15 04:36:03,113 - exact_match_tst_reinflection_wlemma_TAGFINDER1_or_2: 0.901
2023-12-15 04:36:03,587 - TRN || epcloss: 0.0407
2023-12-15 04:36:03,588 -     || Q: 0.3551
2023-12-15 04:36:03,588 -     || KL: 0.1287
2023-12-15 04:36:03,589 -     || token_match: 0.988, exact_match: 0.799
2023-12-15 04:36:03,590 -     || unique taglist code: 9584
2023-12-15 04:36:03,591 - DEV || epcloss: 0.0338
2023-12-15 04:36:03,591 -     || Q: 0.3902
2023-12-15 04:36:03,592 -     || KL: 0.2734
2023-12-15 04:36:03,593 -     || token_match: 0.989, exact_match: 0.811
2023-12-15 04:36:03,594 -     || unique taglist code: 1244
2023-12-15 04:36:03,595 -     || seen taglist code: 1236
2023-12-15 04:36:03,596 -     || MOST used trncode: 9584
2023-12-15 04:36:03,596 -     || MOST used devcode: 1244
2023-12-15 04:36:03,638 -     || saved model
2023-12-15 04:36:03,639 - 
2023-12-15 04:36:03,640 - #epc: 14
2023-12-15 04:36:04,086 - epc:14, epc_KL:  1.000000
2023-12-15 04:43:07,469 - exact_match_tst_copy_acc: 0.957
2023-12-15 04:43:07,470 - exact_match_tst_reinflection_wlemma: 0.952
2023-12-15 04:43:07,471 - exact_match_tst_reinflection_wlemma_TAGFINDER1: 0.600
2023-12-15 04:43:07,472 - exact_match_tst_reinflection_wlemma_TAGFINDER1_or_2: 0.870
2023-12-15 04:43:08,199 - TRN || epcloss: 0.0464
2023-12-15 04:43:08,200 -     || Q: 0.4423
2023-12-15 04:43:08,201 -     || KL: 0.1192
2023-12-15 04:43:08,202 -     || token_match: 0.986, exact_match: 0.773
2023-12-15 04:43:08,202 -     || unique taglist code: 11007
2023-12-15 04:43:08,203 - DEV || epcloss: 0.0411
2023-12-15 04:43:08,204 -     || Q: 0.4820
2023-12-15 04:43:08,205 -     || KL: 0.2498
2023-12-15 04:43:08,206 -     || token_match: 0.988, exact_match: 0.788
2023-12-15 04:43:08,207 -     || unique taglist code: 1277
2023-12-15 04:43:08,209 -     || seen taglist code: 1267
2023-12-15 04:43:08,210 -     || MOST used trncode: 11007
2023-12-15 04:43:08,211 -     || MOST used devcode: 1277
2023-12-15 04:43:08,268 -     || saved model
2023-12-15 04:43:08,270 - 
2023-12-15 04:43:08,271 - #epc: 15
2023-12-15 04:43:08,792 - epc:15, epc_KL:  1.000000
2023-12-15 04:50:18,051 - exact_match_tst_copy_acc: 0.941
2023-12-15 04:50:18,053 - exact_match_tst_reinflection_wlemma: 0.940
2023-12-15 04:50:18,054 - exact_match_tst_reinflection_wlemma_TAGFINDER1: 0.561
2023-12-15 04:50:18,054 - exact_match_tst_reinflection_wlemma_TAGFINDER1_or_2: 0.844
2023-12-15 04:50:18,777 - TRN || epcloss: 0.0469
2023-12-15 04:50:18,778 -     || Q: 0.4859
2023-12-15 04:50:18,779 -     || KL: 0.1134
2023-12-15 04:50:18,780 -     || token_match: 0.986, exact_match: 0.768
2023-12-15 04:50:18,781 -     || unique taglist code: 12224
2023-12-15 04:50:18,782 - DEV || epcloss: 0.0446
2023-12-15 04:50:18,783 -     || Q: 0.4886
2023-12-15 04:50:18,784 -     || KL: 0.2368
2023-12-15 04:50:18,785 -     || token_match: 0.987, exact_match: 0.782
2023-12-15 04:50:18,785 -     || unique taglist code: 1306
2023-12-15 04:50:18,788 -     || seen taglist code: 1302
2023-12-15 04:50:18,789 -     || MOST used trncode: 12224
2023-12-15 04:50:18,790 -     || MOST used devcode: 1306
2023-12-15 04:50:18,835 -     || saved model
2023-12-15 04:50:18,837 - 
2023-12-15 04:50:18,838 - #epc: 16
2023-12-15 04:50:19,443 - epc:16, epc_KL:  1.000000
2023-12-15 04:57:28,820 - exact_match_tst_copy_acc: 0.916
2023-12-15 04:57:28,821 - exact_match_tst_reinflection_wlemma: 0.910
2023-12-15 04:57:28,822 - exact_match_tst_reinflection_wlemma_TAGFINDER1: 0.539
2023-12-15 04:57:28,823 - exact_match_tst_reinflection_wlemma_TAGFINDER1_or_2: 0.807
2023-12-15 04:57:29,544 - TRN || epcloss: 0.0474
2023-12-15 04:57:29,546 -     || Q: 0.5205
2023-12-15 04:57:29,547 -     || KL: 0.1091
2023-12-15 04:57:29,548 -     || token_match: 0.986, exact_match: 0.765
2023-12-15 04:57:29,549 -     || unique taglist code: 12413
2023-12-15 04:57:29,550 - DEV || epcloss: 0.0410
2023-12-15 04:57:29,551 -     || Q: 0.4966
2023-12-15 04:57:29,552 -     || KL: 0.2278
2023-12-15 04:57:29,553 -     || token_match: 0.987, exact_match: 0.774
2023-12-15 04:57:29,554 -     || unique taglist code: 1309
2023-12-15 04:57:29,556 -     || seen taglist code: 1304
2023-12-15 04:57:29,557 -     || MOST used trncode: 12413
2023-12-15 04:57:29,558 -     || MOST used devcode: 1309
2023-12-15 04:57:29,605 -     || saved model
2023-12-15 04:57:29,607 - 
2023-12-15 04:57:29,608 - #epc: 17
2023-12-15 04:57:30,158 - epc:17, epc_KL:  1.000000
2023-12-15 05:04:34,113 - exact_match_tst_copy_acc: 0.934
2023-12-15 05:04:34,114 - exact_match_tst_reinflection_wlemma: 0.927
2023-12-15 05:04:34,115 - exact_match_tst_reinflection_wlemma_TAGFINDER1: 0.526
2023-12-15 05:04:34,116 - exact_match_tst_reinflection_wlemma_TAGFINDER1_or_2: 0.796
2023-12-15 05:04:34,610 - TRN || epcloss: 0.0475
2023-12-15 05:04:34,612 -     || Q: 0.5519
2023-12-15 05:04:34,615 -     || KL: 0.1070
2023-12-15 05:04:34,618 -     || token_match: 0.985, exact_match: 0.757
2023-12-15 05:04:34,620 -     || unique taglist code: 12163
2023-12-15 05:04:34,623 - DEV || epcloss: 0.0425
2023-12-15 05:04:34,626 -     || Q: 0.5135
2023-12-15 05:04:34,629 -     || KL: 0.2257
2023-12-15 05:04:34,630 -     || token_match: 0.987, exact_match: 0.767
2023-12-15 05:04:34,633 -     || unique taglist code: 1302
2023-12-15 05:04:34,639 -     || seen taglist code: 1298
2023-12-15 05:04:34,725 -     || saved model
2023-12-15 05:04:34,727 - 
2023-12-15 05:04:34,728 - #epc: 18
2023-12-15 05:04:35,168 - epc:18, epc_KL:  1.000000
2023-12-15 05:11:39,144 - exact_match_tst_copy_acc: 0.932
2023-12-15 05:11:39,145 - exact_match_tst_reinflection_wlemma: 0.927
2023-12-15 05:11:39,146 - exact_match_tst_reinflection_wlemma_TAGFINDER1: 0.526
2023-12-15 05:11:39,147 - exact_match_tst_reinflection_wlemma_TAGFINDER1_or_2: 0.801
2023-12-15 05:11:39,641 - TRN || epcloss: 0.0460
2023-12-15 05:11:39,642 -     || Q: 0.5747
2023-12-15 05:11:39,642 -     || KL: 0.1052
2023-12-15 05:11:39,643 -     || token_match: 0.986, exact_match: 0.766
2023-12-15 05:11:39,644 -     || unique taglist code: 11830
2023-12-15 05:11:39,645 - DEV || epcloss: 0.0485
2023-12-15 05:11:39,646 -     || Q: 0.5499
2023-12-15 05:11:39,647 -     || KL: 0.2174
2023-12-15 05:11:39,648 -     || token_match: 0.986, exact_match: 0.771
2023-12-15 05:11:39,649 -     || unique taglist code: 1299
2023-12-15 05:11:39,650 -     || seen taglist code: 1297
2023-12-15 05:11:39,690 -     || saved model
2023-12-15 05:11:39,692 - 
2023-12-15 05:11:39,692 - #epc: 19
2023-12-15 05:11:40,101 - epc:19, epc_KL:  1.000000
2023-12-15 05:18:43,536 - exact_match_tst_copy_acc: 0.927
2023-12-15 05:18:43,538 - exact_match_tst_reinflection_wlemma: 0.925
2023-12-15 05:18:43,538 - exact_match_tst_reinflection_wlemma_TAGFINDER1: 0.514
2023-12-15 05:18:43,539 - exact_match_tst_reinflection_wlemma_TAGFINDER1_or_2: 0.793
2023-12-15 05:18:44,027 - TRN || epcloss: 0.0458
2023-12-15 05:18:44,029 -     || Q: 0.6072
2023-12-15 05:18:44,030 -     || KL: 0.1035
2023-12-15 05:18:44,031 -     || token_match: 0.986, exact_match: 0.766
2023-12-15 05:18:44,032 -     || unique taglist code: 11845
2023-12-15 05:18:44,033 - DEV || epcloss: 0.0391
2023-12-15 05:18:44,034 -     || Q: 0.5520
2023-12-15 05:18:44,035 -     || KL: 0.2167
2023-12-15 05:18:44,036 -     || token_match: 0.987, exact_match: 0.785
2023-12-15 05:18:44,037 -     || unique taglist code: 1297
2023-12-15 05:18:44,039 -     || seen taglist code: 1293
2023-12-15 05:18:44,083 -     || saved model
2023-12-15 05:18:44,085 - 
2023-12-15 05:18:44,086 - #epc: 20
2023-12-15 05:18:44,505 - epc:20, epc_KL:  1.000000
2023-12-15 05:25:46,941 - exact_match_tst_copy_acc: 0.922
2023-12-15 05:25:46,942 - exact_match_tst_reinflection_wlemma: 0.914
2023-12-15 05:25:46,943 - exact_match_tst_reinflection_wlemma_TAGFINDER1: 0.497
2023-12-15 05:25:46,944 - exact_match_tst_reinflection_wlemma_TAGFINDER1_or_2: 0.775
2023-12-15 05:25:47,445 - TRN || epcloss: 0.0474
2023-12-15 05:25:47,446 -     || Q: 0.5972
2023-12-15 05:25:47,447 -     || KL: 0.1031
2023-12-15 05:25:47,448 -     || token_match: 0.985, exact_match: 0.759
2023-12-15 05:25:47,449 -     || unique taglist code: 11413
2023-12-15 05:25:47,450 - DEV || epcloss: 0.0406
2023-12-15 05:25:47,451 -     || Q: 0.5847
2023-12-15 05:25:47,452 -     || KL: 0.2139
2023-12-15 05:25:47,453 -     || token_match: 0.986, exact_match: 0.761
2023-12-15 05:25:47,454 -     || unique taglist code: 1304
2023-12-15 05:25:47,456 -     || seen taglist code: 1302
2023-12-15 05:25:47,499 -     || saved model
2023-12-15 05:25:47,501 - 
2023-12-15 05:25:47,502 - #epc: 21
2023-12-15 05:25:47,917 - epc:21, epc_KL:  1.000000
2023-12-15 05:32:27,489 - exact_match_tst_copy_acc: 0.911
2023-12-15 05:32:27,490 - exact_match_tst_reinflection_wlemma: 0.905
2023-12-15 05:32:27,491 - exact_match_tst_reinflection_wlemma_TAGFINDER1: 0.487
2023-12-15 05:32:27,492 - exact_match_tst_reinflection_wlemma_TAGFINDER1_or_2: 0.769
2023-12-15 05:32:27,949 - TRN || epcloss: 0.0471
2023-12-15 05:32:27,950 -     || Q: 0.5981
2023-12-15 05:32:27,951 -     || KL: 0.1027
2023-12-15 05:32:27,952 -     || token_match: 0.985, exact_match: 0.759
2023-12-15 05:32:27,953 -     || unique taglist code: 11513
2023-12-15 05:32:27,953 - DEV || epcloss: 0.0468
2023-12-15 05:32:27,955 -     || Q: 0.5963
2023-12-15 05:32:27,956 -     || KL: 0.2179
2023-12-15 05:32:27,957 -     || token_match: 0.986, exact_match: 0.774
2023-12-15 05:32:27,958 -     || unique taglist code: 1300
2023-12-15 05:32:27,959 -     || seen taglist code: 1295
2023-12-15 05:32:27,996 -     || saved model
2023-12-15 05:32:27,998 - 
2023-12-15 05:32:27,999 - #epc: 22
2023-12-15 05:32:28,400 - epc:22, epc_KL:  1.000000
2023-12-15 05:39:19,398 - exact_match_tst_copy_acc: 0.907
2023-12-15 05:39:19,400 - exact_match_tst_reinflection_wlemma: 0.903
2023-12-15 05:39:19,400 - exact_match_tst_reinflection_wlemma_TAGFINDER1: 0.492
2023-12-15 05:39:19,401 - exact_match_tst_reinflection_wlemma_TAGFINDER1_or_2: 0.770
2023-12-15 05:39:19,862 - TRN || epcloss: 0.0506
2023-12-15 05:39:19,864 -     || Q: 0.5929
2023-12-15 05:39:19,864 -     || KL: 0.1032
2023-12-15 05:39:19,865 -     || token_match: 0.985, exact_match: 0.750
2023-12-15 05:39:19,866 -     || unique taglist code: 11863
2023-12-15 05:39:19,867 - DEV || epcloss: 0.0446
2023-12-15 05:39:19,868 -     || Q: 0.5443
2023-12-15 05:39:19,869 -     || KL: 0.2164
2023-12-15 05:39:19,870 -     || token_match: 0.986, exact_match: 0.766
2023-12-15 05:39:19,871 -     || unique taglist code: 1309
2023-12-15 05:39:19,873 -     || seen taglist code: 1306
2023-12-15 05:39:19,910 -     || saved model
2023-12-15 05:39:19,912 - 
2023-12-15 05:39:19,913 - #epc: 23
2023-12-15 05:39:20,369 - epc:23, epc_KL:  1.000000
2023-12-15 05:45:59,847 - exact_match_tst_copy_acc: 0.925
2023-12-15 05:45:59,849 - exact_match_tst_reinflection_wlemma: 0.917
2023-12-15 05:45:59,850 - exact_match_tst_reinflection_wlemma_TAGFINDER1: 0.492
2023-12-15 05:45:59,850 - exact_match_tst_reinflection_wlemma_TAGFINDER1_or_2: 0.786
2023-12-15 05:46:00,307 - TRN || epcloss: 0.0487
2023-12-15 05:46:00,308 -     || Q: 0.5982
2023-12-15 05:46:00,309 -     || KL: 0.1028
2023-12-15 05:46:00,310 -     || token_match: 0.985, exact_match: 0.756
2023-12-15 05:46:00,311 -     || unique taglist code: 11970
2023-12-15 05:46:00,312 - DEV || epcloss: 0.0384
2023-12-15 05:46:00,313 -     || Q: 0.5011
2023-12-15 05:46:00,314 -     || KL: 0.2148
2023-12-15 05:46:00,315 -     || token_match: 0.988, exact_match: 0.778
2023-12-15 05:46:00,317 -     || unique taglist code: 1300
2023-12-15 05:46:00,318 -     || seen taglist code: 1297
2023-12-15 05:46:00,356 -     || saved model
2023-12-15 05:46:00,358 - 
2023-12-15 05:46:00,359 - #epc: 24
2023-12-15 05:46:00,757 - epc:24, epc_KL:  1.000000
2023-12-15 05:52:40,648 - exact_match_tst_copy_acc: 0.902
2023-12-15 05:52:40,649 - exact_match_tst_reinflection_wlemma: 0.898
2023-12-15 05:52:40,650 - exact_match_tst_reinflection_wlemma_TAGFINDER1: 0.476
2023-12-15 05:52:40,651 - exact_match_tst_reinflection_wlemma_TAGFINDER1_or_2: 0.763
2023-12-15 05:52:41,100 - TRN || epcloss: 0.0488
2023-12-15 05:52:41,101 -     || Q: 0.5842
2023-12-15 05:52:41,102 -     || KL: 0.1030
2023-12-15 05:52:41,103 -     || token_match: 0.985, exact_match: 0.756
2023-12-15 05:52:41,104 -     || unique taglist code: 11755
2023-12-15 05:52:41,105 - DEV || epcloss: 0.0528
2023-12-15 05:52:41,106 -     || Q: 0.5899
2023-12-15 05:52:41,107 -     || KL: 0.2164
2023-12-15 05:52:41,108 -     || token_match: 0.984, exact_match: 0.746
2023-12-15 05:52:41,109 -     || unique taglist code: 1298
2023-12-15 05:52:41,110 -     || seen taglist code: 1289
2023-12-15 05:52:41,148 -     || saved model
2023-12-15 05:52:41,150 - 
2023-12-15 05:52:41,151 - #epc: 25
2023-12-15 05:52:41,540 - epc:25, epc_KL:  1.000000
2023-12-15 05:59:31,380 - exact_match_tst_copy_acc: 0.901
2023-12-15 05:59:31,381 - exact_match_tst_reinflection_wlemma: 0.896
2023-12-15 05:59:31,382 - exact_match_tst_reinflection_wlemma_TAGFINDER1: 0.467
2023-12-15 05:59:31,383 - exact_match_tst_reinflection_wlemma_TAGFINDER1_or_2: 0.748
2023-12-15 05:59:31,822 - TRN || epcloss: 0.0490
2023-12-15 05:59:31,823 -     || Q: 0.5804
2023-12-15 05:59:31,824 -     || KL: 0.1026
2023-12-15 05:59:31,825 -     || token_match: 0.985, exact_match: 0.755
2023-12-15 05:59:31,826 -     || unique taglist code: 11636
2023-12-15 05:59:31,827 - DEV || epcloss: 0.0493
2023-12-15 05:59:31,828 -     || Q: 0.5566
2023-12-15 05:59:31,829 -     || KL: 0.2249
2023-12-15 05:59:31,830 -     || token_match: 0.984, exact_match: 0.738
2023-12-15 05:59:31,831 -     || unique taglist code: 1297
2023-12-15 05:59:31,832 -     || seen taglist code: 1291
2023-12-15 05:59:31,901 -     || saved model
2023-12-15 05:59:31,904 - 
2023-12-15 05:59:31,905 - #epc: 26
2023-12-15 05:59:32,449 - epc:26, epc_KL:  1.000000
2023-12-15 06:06:22,296 - exact_match_tst_copy_acc: 0.899
2023-12-15 06:06:22,297 - exact_match_tst_reinflection_wlemma: 0.893
2023-12-15 06:06:22,298 - exact_match_tst_reinflection_wlemma_TAGFINDER1: 0.472
2023-12-15 06:06:22,299 - exact_match_tst_reinflection_wlemma_TAGFINDER1_or_2: 0.750
2023-12-15 06:06:23,061 - TRN || epcloss: 0.0521
2023-12-15 06:06:23,062 -     || Q: 0.5731
2023-12-15 06:06:23,063 -     || KL: 0.1036
2023-12-15 06:06:23,064 -     || token_match: 0.984, exact_match: 0.746
2023-12-15 06:06:23,065 -     || unique taglist code: 12104
2023-12-15 06:06:23,066 - DEV || epcloss: 0.0502
2023-12-15 06:06:23,067 -     || Q: 0.5867
2023-12-15 06:06:23,068 -     || KL: 0.2168
2023-12-15 06:06:23,069 -     || token_match: 0.985, exact_match: 0.744
2023-12-15 06:06:23,070 -     || unique taglist code: 1314
2023-12-15 06:06:23,072 -     || seen taglist code: 1306
2023-12-15 06:06:23,073 -     || MOST used devcode: 1314
2023-12-15 06:06:23,118 -     || saved model
2023-12-15 06:06:23,120 - 
2023-12-15 06:06:23,121 - #epc: 27
2023-12-15 06:06:23,553 - epc:27, epc_KL:  1.000000
2023-12-15 06:13:15,297 - exact_match_tst_copy_acc: 0.907
2023-12-15 06:13:15,299 - exact_match_tst_reinflection_wlemma: 0.907
2023-12-15 06:13:15,300 - exact_match_tst_reinflection_wlemma_TAGFINDER1: 0.495
2023-12-15 06:13:15,301 - exact_match_tst_reinflection_wlemma_TAGFINDER1_or_2: 0.771
2023-12-15 06:13:15,743 - TRN || epcloss: 0.0628
2023-12-15 06:13:15,744 -     || Q: 0.5906
2023-12-15 06:13:15,745 -     || KL: 0.1085
2023-12-15 06:13:15,746 -     || token_match: 0.981, exact_match: 0.713
2023-12-15 06:13:15,747 -     || unique taglist code: 12626
2023-12-15 06:13:15,748 - DEV || epcloss: 0.0506
2023-12-15 06:13:15,749 -     || Q: 0.5277
2023-12-15 06:13:15,750 -     || KL: 0.2276
2023-12-15 06:13:15,752 -     || token_match: 0.984, exact_match: 0.741
2023-12-15 06:13:15,753 -     || unique taglist code: 1301
2023-12-15 06:13:15,754 -     || seen taglist code: 1297
2023-12-15 06:13:15,755 -     || MOST used trncode: 12626
2023-12-15 06:13:15,800 -     || saved model
2023-12-15 06:13:15,802 - 
2023-12-15 06:13:15,803 - #epc: 28
2023-12-15 06:13:16,104 - epc:28, epc_KL:  1.000000
2023-12-15 06:19:51,648 - exact_match_tst_copy_acc: 0.875
2023-12-15 06:19:51,649 - exact_match_tst_reinflection_wlemma: 0.873
2023-12-15 06:19:51,650 - exact_match_tst_reinflection_wlemma_TAGFINDER1: 0.470
2023-12-15 06:19:51,651 - exact_match_tst_reinflection_wlemma_TAGFINDER1_or_2: 0.735
2023-12-15 06:19:52,108 - TRN || epcloss: 0.0682
2023-12-15 06:19:52,109 -     || Q: 0.6308
2023-12-15 06:19:52,110 -     || KL: 0.1089
2023-12-15 06:19:52,111 -     || token_match: 0.979, exact_match: 0.694
2023-12-15 06:19:52,111 -     || unique taglist code: 12442
2023-12-15 06:19:52,112 - DEV || epcloss: 0.0562
2023-12-15 06:19:52,113 -     || Q: 0.6081
2023-12-15 06:19:52,114 -     || KL: 0.2396
2023-12-15 06:19:52,116 -     || token_match: 0.984, exact_match: 0.738
2023-12-15 06:19:52,116 -     || unique taglist code: 1293
2023-12-15 06:19:52,118 -     || seen taglist code: 1289
2023-12-15 06:19:52,161 -     || saved model
2023-12-15 06:19:52,163 - 
2023-12-15 06:19:52,164 - #epc: 29
2023-12-15 06:19:52,466 - epc:29, epc_KL:  1.000000
2023-12-15 06:26:27,321 - exact_match_tst_copy_acc: 0.907
2023-12-15 06:26:27,322 - exact_match_tst_reinflection_wlemma: 0.904
2023-12-15 06:26:27,323 - exact_match_tst_reinflection_wlemma_TAGFINDER1: 0.488
2023-12-15 06:26:27,323 - exact_match_tst_reinflection_wlemma_TAGFINDER1_or_2: 0.758
2023-12-15 06:26:27,784 - TRN || epcloss: 0.0603
2023-12-15 06:26:27,785 -     || Q: 0.5611
2023-12-15 06:26:27,786 -     || KL: 0.1095
2023-12-15 06:26:27,787 -     || token_match: 0.982, exact_match: 0.714
2023-12-15 06:26:27,788 -     || unique taglist code: 12296
2023-12-15 06:26:27,789 - DEV || epcloss: 0.0466
2023-12-15 06:26:27,789 -     || Q: 0.5303
2023-12-15 06:26:27,790 -     || KL: 0.2265
2023-12-15 06:26:27,791 -     || token_match: 0.985, exact_match: 0.765
2023-12-15 06:26:27,792 -     || unique taglist code: 1297
2023-12-15 06:26:27,793 -     || seen taglist code: 1292
2023-12-15 06:26:27,832 -     || saved model
2023-12-15 06:26:27,834 - 
2023-12-15 06:26:27,834 - #epc: 30
2023-12-15 06:26:28,138 - epc:30, epc_KL:  1.000000
2023-12-15 06:33:02,790 - exact_match_tst_copy_acc: 0.871
2023-12-15 06:33:02,791 - exact_match_tst_reinflection_wlemma: 0.870
2023-12-15 06:33:02,792 - exact_match_tst_reinflection_wlemma_TAGFINDER1: 0.456
2023-12-15 06:33:02,793 - exact_match_tst_reinflection_wlemma_TAGFINDER1_or_2: 0.732
2023-12-15 06:33:03,223 - TRN || epcloss: 0.0574
2023-12-15 06:33:03,224 -     || Q: 0.5656
2023-12-15 06:33:03,225 -     || KL: 0.1069
2023-12-15 06:33:03,226 -     || token_match: 0.982, exact_match: 0.723
2023-12-15 06:33:03,227 -     || unique taglist code: 12201
2023-12-15 06:33:03,228 - DEV || epcloss: 0.0587
2023-12-15 06:33:03,229 -     || Q: 0.6066
2023-12-15 06:33:03,230 -     || KL: 0.2301
2023-12-15 06:33:03,231 -     || token_match: 0.982, exact_match: 0.709
2023-12-15 06:33:03,232 -     || unique taglist code: 1302
2023-12-15 06:33:03,233 -     || seen taglist code: 1297
2023-12-15 06:33:03,274 -     || saved model
2023-12-15 06:33:03,276 - 
2023-12-15 06:33:03,276 - #epc: 31
2023-12-15 06:33:03,578 - epc:31, epc_KL:  1.000000
2023-12-15 06:39:37,625 - exact_match_tst_copy_acc: 0.895
2023-12-15 06:39:37,626 - exact_match_tst_reinflection_wlemma: 0.890
2023-12-15 06:39:37,627 - exact_match_tst_reinflection_wlemma_TAGFINDER1: 0.472
2023-12-15 06:39:37,628 - exact_match_tst_reinflection_wlemma_TAGFINDER1_or_2: 0.746
2023-12-15 06:39:38,063 - TRN || epcloss: 0.0611
2023-12-15 06:39:38,064 -     || Q: 0.5848
2023-12-15 06:39:38,065 -     || KL: 0.1080
2023-12-15 06:39:38,066 -     || token_match: 0.982, exact_match: 0.712
2023-12-15 06:39:38,067 -     || unique taglist code: 12385
2023-12-15 06:39:38,068 - DEV || epcloss: 0.0576
2023-12-15 06:39:38,069 -     || Q: 0.5607
2023-12-15 06:39:38,070 -     || KL: 0.2256
2023-12-15 06:39:38,071 -     || token_match: 0.982, exact_match: 0.715
2023-12-15 06:39:38,072 -     || unique taglist code: 1305
2023-12-15 06:39:38,073 -     || seen taglist code: 1299
2023-12-15 06:39:38,114 -     || saved model
2023-12-15 06:39:38,116 - 
2023-12-15 06:39:38,117 - #epc: 32
2023-12-15 06:39:38,419 - epc:32, epc_KL:  1.000000
2023-12-15 06:46:11,878 - exact_match_tst_copy_acc: 0.840
2023-12-15 06:46:11,879 - exact_match_tst_reinflection_wlemma: 0.825
2023-12-15 06:46:11,880 - exact_match_tst_reinflection_wlemma_TAGFINDER1: 0.462
2023-12-15 06:46:11,881 - exact_match_tst_reinflection_wlemma_TAGFINDER1_or_2: 0.710
2023-12-15 06:46:12,307 - TRN || epcloss: 0.0792
2023-12-15 06:46:12,308 -     || Q: 0.6154
2023-12-15 06:46:12,309 -     || KL: 0.1161
2023-12-15 06:46:12,310 -     || token_match: 0.976, exact_match: 0.652
2023-12-15 06:46:12,311 -     || unique taglist code: 12737
2023-12-15 06:46:12,312 - DEV || epcloss: 0.0695
2023-12-15 06:46:12,312 -     || Q: 0.5499
2023-12-15 06:46:12,313 -     || KL: 0.2456
2023-12-15 06:46:12,314 -     || token_match: 0.979, exact_match: 0.672
2023-12-15 06:46:12,315 -     || unique taglist code: 1294
2023-12-15 06:46:12,317 -     || seen taglist code: 1293
2023-12-15 06:46:12,318 -     || MOST used trncode: 12737
2023-12-15 06:46:12,356 -     || saved model
2023-12-15 06:46:12,358 - 
2023-12-15 06:46:12,358 - #epc: 33
2023-12-15 06:46:12,665 - epc:33, epc_KL:  1.000000
2023-12-15 06:52:47,576 - exact_match_tst_copy_acc: 0.176
2023-12-15 06:52:47,577 - exact_match_tst_reinflection_wlemma: 0.172
2023-12-15 06:52:47,578 - exact_match_tst_reinflection_wlemma_TAGFINDER1: 0.091
2023-12-15 06:52:47,579 - exact_match_tst_reinflection_wlemma_TAGFINDER1_or_2: 0.154
2023-12-15 06:52:47,998 - TRN || epcloss: 0.1230
2023-12-15 06:52:47,999 -     || Q: 0.7059
2023-12-15 06:52:48,000 -     || KL: 0.1238
2023-12-15 06:52:48,001 -     || token_match: 0.963, exact_match: 0.550
2023-12-15 06:52:48,002 -     || unique taglist code: 13325
2023-12-15 06:52:48,003 - DEV || epcloss: 0.5502
2023-12-15 06:52:48,004 -     || Q: 1.2220
2023-12-15 06:52:48,005 -     || KL: 0.5632
2023-12-15 06:52:48,006 -     || token_match: 0.847, exact_match: 0.139
2023-12-15 06:52:48,007 -     || unique taglist code: 938
2023-12-15 06:52:48,008 -     || seen taglist code: 898
2023-12-15 06:52:48,009 -     || MOST used trncode: 13325
2023-12-15 06:52:48,047 -     || saved model
2023-12-15 06:52:48,049 - 
2023-12-15 06:52:48,050 - #epc: 34
2023-12-15 06:52:48,353 - epc:34, epc_KL:  1.000000
2023-12-15 06:59:22,657 - exact_match_tst_copy_acc: 0.586
2023-12-15 06:59:22,659 - exact_match_tst_reinflection_wlemma: 0.596
2023-12-15 06:59:22,660 - exact_match_tst_reinflection_wlemma_TAGFINDER1: 0.316
2023-12-15 06:59:22,661 - exact_match_tst_reinflection_wlemma_TAGFINDER1_or_2: 0.511
2023-12-15 06:59:23,099 - TRN || epcloss: 0.2748
2023-12-15 06:59:23,100 -     || Q: 0.9439
2023-12-15 06:59:23,101 -     || KL: 0.1532
2023-12-15 06:59:23,102 -     || token_match: 0.911, exact_match: 0.244
2023-12-15 06:59:23,103 -     || unique taglist code: 14135
2023-12-15 06:59:23,104 - DEV || epcloss: 0.1500
2023-12-15 06:59:23,105 -     || Q: 0.8367
2023-12-15 06:59:23,106 -     || KL: 0.2742
2023-12-15 06:59:23,108 -     || token_match: 0.952, exact_match: 0.409
2023-12-15 06:59:23,109 -     || unique taglist code: 1284
2023-12-15 06:59:23,110 -     || seen taglist code: 1271
2023-12-15 06:59:23,111 -     || MOST used trncode: 14135
2023-12-15 06:59:23,151 -     || saved model
2023-12-15 06:59:23,153 - 
2023-12-15 06:59:23,154 - #epc: 35
2023-12-15 06:59:23,458 - epc:35, epc_KL:  1.000000
2023-12-15 07:05:57,330 - exact_match_tst_copy_acc: 0.494
2023-12-15 07:05:57,331 - exact_match_tst_reinflection_wlemma: 0.502
2023-12-15 07:05:57,332 - exact_match_tst_reinflection_wlemma_TAGFINDER1: 0.259
2023-12-15 07:05:57,333 - exact_match_tst_reinflection_wlemma_TAGFINDER1_or_2: 0.437
2023-12-15 07:05:57,754 - TRN || epcloss: 0.1389
2023-12-15 07:05:57,756 -     || Q: 0.7479
2023-12-15 07:05:57,757 -     || KL: 0.1289
2023-12-15 07:05:57,758 -     || token_match: 0.956, exact_match: 0.459
2023-12-15 07:05:57,759 -     || unique taglist code: 14085
2023-12-15 07:05:57,760 - DEV || epcloss: 0.1624
2023-12-15 07:05:57,761 -     || Q: 0.9294
2023-12-15 07:05:57,763 -     || KL: 0.4239
2023-12-15 07:05:57,764 -     || token_match: 0.949, exact_match: 0.385
2023-12-15 07:05:57,766 -     || unique taglist code: 1241
2023-12-15 07:05:57,767 -     || seen taglist code: 1217
2023-12-15 07:05:57,808 -     || saved model
2023-12-15 07:05:57,811 - 
2023-12-15 07:05:57,812 - #epc: 36
2023-12-15 07:05:58,114 - epc:36, epc_KL:  1.000000
2023-12-15 07:13:25,317 - exact_match_tst_copy_acc: 0.000
2023-12-15 07:13:25,318 - exact_match_tst_reinflection_wlemma: 0.000
2023-12-15 07:13:25,319 - exact_match_tst_reinflection_wlemma_TAGFINDER1: 0.000
2023-12-15 07:13:25,321 - exact_match_tst_reinflection_wlemma_TAGFINDER1_or_2: 0.000
2023-12-15 07:13:25,514 - TRN || epcloss: 0.6023
2023-12-15 07:13:25,516 -     || Q: 1.2076
2023-12-15 07:13:25,517 -     || KL: 0.1699
2023-12-15 07:13:25,518 -     || token_match: 0.869, exact_match: 0.392
2023-12-15 07:13:25,519 -     || unique taglist code: 13536
2023-12-15 07:13:25,520 - DEV || epcloss: 2.2951
2023-12-15 07:13:25,521 -     || Q: 2.2019
2023-12-15 07:13:25,522 -     || KL: 0.7959
2023-12-15 07:13:25,523 -     || token_match: 0.462, exact_match: 0.000
2023-12-15 07:13:25,524 -     || unique taglist code: 291
2023-12-15 07:13:25,525 -     || seen taglist code: 289
2023-12-15 07:13:25,567 -     || saved model
2023-12-15 07:13:25,568 - 
2023-12-15 07:13:25,570 - #epc: 37
2023-12-15 07:13:25,871 - epc:37, epc_KL:  1.000000
2023-12-15 07:20:22,226 - exact_match_tst_copy_acc: 0.000
2023-12-15 07:20:22,227 - exact_match_tst_reinflection_wlemma: 0.000
2023-12-15 07:20:22,229 - exact_match_tst_reinflection_wlemma_TAGFINDER1: 0.000
2023-12-15 07:20:22,230 - exact_match_tst_reinflection_wlemma_TAGFINDER1_or_2: 0.000
2023-12-15 07:20:22,503 - TRN || epcloss: 2.2893
2023-12-15 07:20:22,504 -     || Q: 2.2088
2023-12-15 07:20:22,505 -     || KL: 0.6283
2023-12-15 07:20:22,506 -     || token_match: 0.452, exact_match: 0.000
2023-12-15 07:20:22,507 -     || unique taglist code: 5958
2023-12-15 07:20:22,508 - DEV || epcloss: 1.3742
2023-12-15 07:20:22,510 -     || Q: 1.5318
2023-12-15 07:20:22,511 -     || KL: 0.5536
2023-12-15 07:20:22,512 -     || token_match: 0.591, exact_match: 0.000
2023-12-15 07:20:22,513 -     || unique taglist code: 175
2023-12-15 07:20:22,514 -     || seen taglist code: 170
2023-12-15 07:20:22,553 -     || saved model
2023-12-15 07:20:22,555 - 
2023-12-15 07:20:22,556 - #epc: 38
2023-12-15 07:20:22,865 - epc:38, epc_KL:  1.000000
2023-12-15 07:26:57,399 - exact_match_tst_copy_acc: 0.003
2023-12-15 07:26:57,400 - exact_match_tst_reinflection_wlemma: 0.003
2023-12-15 07:26:57,401 - exact_match_tst_reinflection_wlemma_TAGFINDER1: 0.001
2023-12-15 07:26:57,402 - exact_match_tst_reinflection_wlemma_TAGFINDER1_or_2: 0.002
2023-12-15 07:26:57,648 - TRN || epcloss: 1.0747
2023-12-15 07:26:57,650 -     || Q: 1.3036
2023-12-15 07:26:57,651 -     || KL: 0.1461
2023-12-15 07:26:57,652 -     || token_match: 0.651, exact_match: 0.000
2023-12-15 07:26:57,653 -     || unique taglist code: 1670
2023-12-15 07:26:57,654 - DEV || epcloss: 0.8016
2023-12-15 07:26:57,656 -     || Q: 0.9989
2023-12-15 07:26:57,657 -     || KL: 0.2703
2023-12-15 07:26:57,658 -     || token_match: 0.753, exact_match: 0.003
2023-12-15 07:26:57,659 -     || unique taglist code: 224
2023-12-15 07:26:57,660 -     || seen taglist code: 222
2023-12-15 07:26:57,697 -     || saved model
2023-12-15 07:26:57,699 - 
2023-12-15 07:26:57,700 - #epc: 39
2023-12-15 07:26:58,005 - epc:39, epc_KL:  1.000000
2023-12-15 07:33:26,864 - exact_match_tst_copy_acc: 0.018
2023-12-15 07:33:26,866 - exact_match_tst_reinflection_wlemma: 0.010
2023-12-15 07:33:26,867 - exact_match_tst_reinflection_wlemma_TAGFINDER1: 0.002
2023-12-15 07:33:26,868 - exact_match_tst_reinflection_wlemma_TAGFINDER1_or_2: 0.007
2023-12-15 07:33:27,096 - TRN || epcloss: 0.6937
2023-12-15 07:33:27,097 -     || Q: 1.0407
2023-12-15 07:33:27,099 -     || KL: 0.1327
2023-12-15 07:33:27,100 -     || token_match: 0.778, exact_match: 0.009
2023-12-15 07:33:27,101 -     || unique taglist code: 4691
2023-12-15 07:33:27,102 - DEV || epcloss: 0.5990
2023-12-15 07:33:27,103 -     || Q: 1.0663
2023-12-15 07:33:27,104 -     || KL: 0.3298
2023-12-15 07:33:27,105 -     || token_match: 0.795, exact_match: 0.013
2023-12-15 07:33:27,106 -     || unique taglist code: 589
2023-12-15 07:33:27,107 -     || seen taglist code: 584
2023-12-15 07:33:27,148 -     || saved model
2023-12-15 07:33:27,150 - 
2023-12-15 07:33:27,151 - #epc: 40
2023-12-15 07:33:27,455 - epc:40, epc_KL:  1.000000
2023-12-15 07:39:55,835 - exact_match_tst_copy_acc: 0.132
2023-12-15 07:39:55,836 - exact_match_tst_reinflection_wlemma: 0.073
2023-12-15 07:39:55,837 - exact_match_tst_reinflection_wlemma_TAGFINDER1: 0.031
2023-12-15 07:39:55,838 - exact_match_tst_reinflection_wlemma_TAGFINDER1_or_2: 0.062
2023-12-15 07:39:56,175 - TRN || epcloss: 0.4840
2023-12-15 07:39:56,176 -     || Q: 1.0191
2023-12-15 07:39:56,178 -     || KL: 0.1406
2023-12-15 07:39:56,179 -     || token_match: 0.846, exact_match: 0.048
2023-12-15 07:39:56,179 -     || unique taglist code: 6989
2023-12-15 07:39:56,181 - DEV || epcloss: 0.5052
2023-12-15 07:39:56,181 -     || Q: 1.0679
2023-12-15 07:39:56,182 -     || KL: 0.4681
2023-12-15 07:39:56,183 -     || token_match: 0.864, exact_match: 0.067
2023-12-15 07:39:56,184 -     || unique taglist code: 1092
2023-12-15 07:39:56,186 -     || seen taglist code: 1076
2023-12-15 07:39:56,226 -     || saved model
2023-12-15 07:39:56,228 - 
2023-12-15 07:39:56,229 - #epc: 41
2023-12-15 07:39:56,531 - epc:41, epc_KL:  1.000000
2023-12-15 07:46:29,017 - exact_match_tst_copy_acc: 0.334
2023-12-15 07:46:29,018 - exact_match_tst_reinflection_wlemma: 0.215
2023-12-15 07:46:29,019 - exact_match_tst_reinflection_wlemma_TAGFINDER1: 0.121
2023-12-15 07:46:29,020 - exact_match_tst_reinflection_wlemma_TAGFINDER1_or_2: 0.198
2023-12-15 07:46:29,344 - TRN || epcloss: 0.3261
2023-12-15 07:46:29,345 -     || Q: 0.9792
2023-12-15 07:46:29,346 -     || KL: 0.1401
2023-12-15 07:46:29,347 -     || token_match: 0.895, exact_match: 0.134
2023-12-15 07:46:29,348 -     || unique taglist code: 8240
2023-12-15 07:46:29,349 - DEV || epcloss: 0.2153
2023-12-15 07:46:29,351 -     || Q: 0.9216
2023-12-15 07:46:29,352 -     || KL: 0.2991
2023-12-15 07:46:29,353 -     || token_match: 0.926, exact_match: 0.214
2023-12-15 07:46:29,354 -     || unique taglist code: 1176
2023-12-15 07:46:29,355 -     || seen taglist code: 1170
2023-12-15 07:46:29,393 -     || saved model
2023-12-15 07:46:29,395 - 
2023-12-15 07:46:29,396 - #epc: 42
2023-12-15 07:46:29,699 - epc:42, epc_KL:  1.000000
2023-12-15 07:53:01,892 - exact_match_tst_copy_acc: 0.397
2023-12-15 07:53:01,893 - exact_match_tst_reinflection_wlemma: 0.304
2023-12-15 07:53:01,895 - exact_match_tst_reinflection_wlemma_TAGFINDER1: 0.172
2023-12-15 07:53:01,896 - exact_match_tst_reinflection_wlemma_TAGFINDER1_or_2: 0.268
2023-12-15 07:53:02,185 - TRN || epcloss: 0.2657
2023-12-15 07:53:02,187 -     || Q: 0.9563
2023-12-15 07:53:02,188 -     || KL: 0.1395
2023-12-15 07:53:02,189 -     || token_match: 0.921, exact_match: 0.231
2023-12-15 07:53:02,190 -     || unique taglist code: 8487
2023-12-15 07:53:02,191 - DEV || epcloss: 0.1846
2023-12-15 07:53:02,192 -     || Q: 0.9060
2023-12-15 07:53:02,193 -     || KL: 0.2867
2023-12-15 07:53:02,194 -     || token_match: 0.936, exact_match: 0.283
2023-12-15 07:53:02,194 -     || unique taglist code: 1183
2023-12-15 07:53:02,196 -     || seen taglist code: 1179
2023-12-15 07:53:02,243 -     || saved model
2023-12-15 07:53:02,245 - 
2023-12-15 07:53:02,246 - #epc: 43
2023-12-15 07:53:02,548 - epc:43, epc_KL:  1.000000
2023-12-15 07:59:34,061 - exact_match_tst_copy_acc: 0.542
2023-12-15 07:59:34,062 - exact_match_tst_reinflection_wlemma: 0.439
2023-12-15 07:59:34,063 - exact_match_tst_reinflection_wlemma_TAGFINDER1: 0.242
2023-12-15 07:59:34,064 - exact_match_tst_reinflection_wlemma_TAGFINDER1_or_2: 0.387
2023-12-15 07:59:34,362 - TRN || epcloss: 0.1799
2023-12-15 07:59:34,363 -     || Q: 0.9047
2023-12-15 07:59:34,364 -     || KL: 0.1333
2023-12-15 07:59:34,365 -     || token_match: 0.940, exact_match: 0.320
2023-12-15 07:59:34,366 -     || unique taglist code: 7983
2023-12-15 07:59:34,367 - DEV || epcloss: 0.1355
2023-12-15 07:59:34,368 -     || Q: 0.8788
2023-12-15 07:59:34,370 -     || KL: 0.2799
2023-12-15 07:59:34,371 -     || token_match: 0.952, exact_match: 0.394
2023-12-15 07:59:34,372 -     || unique taglist code: 1174
2023-12-15 07:59:34,373 -     || seen taglist code: 1171
2023-12-15 07:59:34,412 -     || saved model
2023-12-15 07:59:34,414 - 
2023-12-15 07:59:34,415 - #epc: 44
2023-12-15 07:59:34,720 - epc:44, epc_KL:  1.000000
2023-12-15 08:06:07,864 - exact_match_tst_copy_acc: 0.647
2023-12-15 08:06:07,866 - exact_match_tst_reinflection_wlemma: 0.588
2023-12-15 08:06:07,867 - exact_match_tst_reinflection_wlemma_TAGFINDER1: 0.320
2023-12-15 08:06:07,868 - exact_match_tst_reinflection_wlemma_TAGFINDER1_or_2: 0.503
2023-12-15 08:06:08,242 - TRN || epcloss: 0.1318
2023-12-15 08:06:08,244 -     || Q: 0.7953
2023-12-15 08:06:08,245 -     || KL: 0.1284
2023-12-15 08:06:08,246 -     || token_match: 0.956, exact_match: 0.435
2023-12-15 08:06:08,247 -     || unique taglist code: 7581
2023-12-15 08:06:08,248 - DEV || epcloss: 0.1128
2023-12-15 08:06:08,249 -     || Q: 0.7297
2023-12-15 08:06:08,251 -     || KL: 0.2549
2023-12-15 08:06:08,252 -     || token_match: 0.962, exact_match: 0.461
2023-12-15 08:06:08,253 -     || unique taglist code: 1171
2023-12-15 08:06:08,254 -     || seen taglist code: 1168
2023-12-15 08:06:08,294 -     || saved model
2023-12-15 08:06:08,296 - 
2023-12-15 08:06:08,297 - #epc: 45
2023-12-15 08:06:08,603 - epc:45, epc_KL:  1.000000
2023-12-15 08:12:42,763 - exact_match_tst_copy_acc: 0.767
2023-12-15 08:12:42,765 - exact_match_tst_reinflection_wlemma: 0.716
2023-12-15 08:12:42,766 - exact_match_tst_reinflection_wlemma_TAGFINDER1: 0.392
2023-12-15 08:12:42,767 - exact_match_tst_reinflection_wlemma_TAGFINDER1_or_2: 0.628
2023-12-15 08:12:43,094 - TRN || epcloss: 0.1032
2023-12-15 08:12:43,095 -     || Q: 0.7335
2023-12-15 08:12:43,096 -     || KL: 0.1244
2023-12-15 08:12:43,097 -     || token_match: 0.966, exact_match: 0.526
2023-12-15 08:12:43,098 -     || unique taglist code: 7908
2023-12-15 08:12:43,099 - DEV || epcloss: 0.0797
2023-12-15 08:12:43,100 -     || Q: 0.6521
2023-12-15 08:12:43,101 -     || KL: 0.2652
2023-12-15 08:12:43,103 -     || token_match: 0.972, exact_match: 0.580
2023-12-15 08:12:43,104 -     || unique taglist code: 1176
2023-12-15 08:12:43,105 -     || seen taglist code: 1173
2023-12-15 08:12:43,142 -     || saved model
2023-12-15 08:12:43,144 - 
2023-12-15 08:12:43,145 - #epc: 46
2023-12-15 08:12:43,447 - epc:46, epc_KL:  1.000000
2023-12-15 08:19:17,867 - exact_match_tst_copy_acc: 0.798
2023-12-15 08:19:17,868 - exact_match_tst_reinflection_wlemma: 0.764
2023-12-15 08:19:17,870 - exact_match_tst_reinflection_wlemma_TAGFINDER1: 0.415
2023-12-15 08:19:17,871 - exact_match_tst_reinflection_wlemma_TAGFINDER1_or_2: 0.652
2023-12-15 08:19:18,209 - TRN || epcloss: 0.0816
2023-12-15 08:19:18,210 -     || Q: 0.6382
2023-12-15 08:19:18,212 -     || KL: 0.1209
2023-12-15 08:19:18,213 -     || token_match: 0.973, exact_match: 0.608
2023-12-15 08:19:18,214 -     || unique taglist code: 8290
2023-12-15 08:19:18,215 - DEV || epcloss: 0.0750
2023-12-15 08:19:18,216 -     || Q: 0.6238
2023-12-15 08:19:18,217 -     || KL: 0.2556
2023-12-15 08:19:18,218 -     || token_match: 0.976, exact_match: 0.626
2023-12-15 08:19:18,219 -     || unique taglist code: 1241
2023-12-15 08:19:18,220 -     || seen taglist code: 1237
2023-12-15 08:19:18,265 -     || saved model
2023-12-15 08:19:18,267 - 
2023-12-15 08:19:18,268 - #epc: 47
2023-12-15 08:19:18,572 - epc:47, epc_KL:  1.000000
2023-12-15 08:25:52,608 - exact_match_tst_copy_acc: 0.853
2023-12-15 08:25:52,609 - exact_match_tst_reinflection_wlemma: 0.820
2023-12-15 08:25:52,611 - exact_match_tst_reinflection_wlemma_TAGFINDER1: 0.445
2023-12-15 08:25:52,612 - exact_match_tst_reinflection_wlemma_TAGFINDER1_or_2: 0.699
2023-12-15 08:25:52,971 - TRN || epcloss: 0.0732
2023-12-15 08:25:52,973 -     || Q: 0.6543
2023-12-15 08:25:52,974 -     || KL: 0.1187
2023-12-15 08:25:52,975 -     || token_match: 0.977, exact_match: 0.648
2023-12-15 08:25:52,975 -     || unique taglist code: 8231
2023-12-15 08:25:52,977 - DEV || epcloss: 0.0577
2023-12-15 08:25:52,978 -     || Q: 0.6356
2023-12-15 08:25:52,979 -     || KL: 0.2614
2023-12-15 08:25:52,980 -     || token_match: 0.981, exact_match: 0.696
2023-12-15 08:25:52,980 -     || unique taglist code: 1239
2023-12-15 08:25:52,982 -     || seen taglist code: 1237
2023-12-15 08:25:53,023 -     || saved model
2023-12-15 08:25:53,025 - 
2023-12-15 08:25:53,026 - #epc: 48
2023-12-15 08:25:53,336 - epc:48, epc_KL:  1.000000
2023-12-15 08:32:26,981 - exact_match_tst_copy_acc: 0.876
2023-12-15 08:32:26,982 - exact_match_tst_reinflection_wlemma: 0.841
2023-12-15 08:32:26,983 - exact_match_tst_reinflection_wlemma_TAGFINDER1: 0.448
2023-12-15 08:32:26,984 - exact_match_tst_reinflection_wlemma_TAGFINDER1_or_2: 0.716
2023-12-15 08:32:27,279 - TRN || epcloss: 0.0677
2023-12-15 08:32:27,280 -     || Q: 0.6457
2023-12-15 08:32:27,282 -     || KL: 0.1164
2023-12-15 08:32:27,283 -     || token_match: 0.978, exact_match: 0.672
2023-12-15 08:32:27,284 -     || unique taglist code: 8133
2023-12-15 08:32:27,285 - DEV || epcloss: 0.0512
2023-12-15 08:32:27,286 -     || Q: 0.5982
2023-12-15 08:32:27,287 -     || KL: 0.2402
2023-12-15 08:32:27,288 -     || token_match: 0.983, exact_match: 0.726
2023-12-15 08:32:27,289 -     || unique taglist code: 1249
2023-12-15 08:32:27,291 -     || seen taglist code: 1246
2023-12-15 08:32:27,334 -     || saved model
2023-12-15 08:32:27,336 - 
2023-12-15 08:32:27,337 - #epc: 49
2023-12-15 08:32:27,640 - epc:49, epc_KL:  1.000000
2023-12-15 08:39:00,202 - exact_match_tst_copy_acc: 0.817
2023-12-15 08:39:00,203 - exact_match_tst_reinflection_wlemma: 0.788
2023-12-15 08:39:00,204 - exact_match_tst_reinflection_wlemma_TAGFINDER1: 0.412
2023-12-15 08:39:00,205 - exact_match_tst_reinflection_wlemma_TAGFINDER1_or_2: 0.659
2023-12-15 08:39:00,564 - TRN || epcloss: 0.0676
2023-12-15 08:39:00,566 -     || Q: 0.6344
2023-12-15 08:39:00,567 -     || KL: 0.1137
2023-12-15 08:39:00,568 -     || token_match: 0.978, exact_match: 0.663
2023-12-15 08:39:00,569 -     || unique taglist code: 8262
2023-12-15 08:39:00,570 - DEV || epcloss: 0.0588
2023-12-15 08:39:00,571 -     || Q: 0.6344
2023-12-15 08:39:00,573 -     || KL: 0.2482
2023-12-15 08:39:00,574 -     || token_match: 0.980, exact_match: 0.685
2023-12-15 08:39:00,575 -     || unique taglist code: 1237
2023-12-15 08:39:00,576 -     || seen taglist code: 1235
2023-12-15 08:39:00,620 -     || saved model
2023-12-15 08:39:00,622 - 
2023-12-15 08:39:00,623 - #epc: 50
2023-12-15 08:39:00,929 - epc:50, epc_KL:  1.000000
2023-12-15 08:45:35,305 - exact_match_tst_copy_acc: 0.844
2023-12-15 08:45:35,306 - exact_match_tst_reinflection_wlemma: 0.822
2023-12-15 08:45:35,307 - exact_match_tst_reinflection_wlemma_TAGFINDER1: 0.427
2023-12-15 08:45:35,308 - exact_match_tst_reinflection_wlemma_TAGFINDER1_or_2: 0.698
2023-12-15 08:45:35,619 - TRN || epcloss: 0.0654
2023-12-15 08:45:35,620 -     || Q: 0.6260
2023-12-15 08:45:35,621 -     || KL: 0.1126
2023-12-15 08:45:35,622 -     || token_match: 0.979, exact_match: 0.677
2023-12-15 08:45:35,623 -     || unique taglist code: 7988
2023-12-15 08:45:35,624 - DEV || epcloss: 0.0565
2023-12-15 08:45:35,625 -     || Q: 0.5865
2023-12-15 08:45:35,626 -     || KL: 0.2344
2023-12-15 08:45:35,627 -     || token_match: 0.981, exact_match: 0.701
2023-12-15 08:45:35,628 -     || unique taglist code: 1225
2023-12-15 08:45:35,629 -     || seen taglist code: 1222
2023-12-15 08:45:35,671 -     || saved model
2023-12-15 08:45:35,673 - 
2023-12-15 08:45:35,673 - #epc: 51
2023-12-15 08:45:35,978 - epc:51, epc_KL:  1.000000
2023-12-15 08:52:10,102 - exact_match_tst_copy_acc: 0.852
2023-12-15 08:52:10,103 - exact_match_tst_reinflection_wlemma: 0.837
2023-12-15 08:52:10,104 - exact_match_tst_reinflection_wlemma_TAGFINDER1: 0.447
2023-12-15 08:52:10,105 - exact_match_tst_reinflection_wlemma_TAGFINDER1_or_2: 0.712
2023-12-15 08:52:10,405 - TRN || epcloss: 0.0675
2023-12-15 08:52:10,406 -     || Q: 0.6306
2023-12-15 08:52:10,407 -     || KL: 0.1136
2023-12-15 08:52:10,408 -     || token_match: 0.979, exact_match: 0.685
2023-12-15 08:52:10,409 -     || unique taglist code: 8434
2023-12-15 08:52:10,410 - DEV || epcloss: 0.0640
2023-12-15 08:52:10,412 -     || Q: 0.6202
2023-12-15 08:52:10,413 -     || KL: 0.2453
2023-12-15 08:52:10,415 -     || token_match: 0.983, exact_match: 0.731
2023-12-15 08:52:10,416 -     || unique taglist code: 1246
2023-12-15 08:52:10,418 -     || seen taglist code: 1244
2023-12-15 08:52:10,459 -     || saved model
2023-12-15 08:52:10,461 - 
2023-12-15 08:52:10,462 - #epc: 52
2023-12-15 08:52:10,764 - epc:52, epc_KL:  1.000000
2023-12-15 08:58:43,583 - exact_match_tst_copy_acc: 0.879
2023-12-15 08:58:43,584 - exact_match_tst_reinflection_wlemma: 0.858
2023-12-15 08:58:43,585 - exact_match_tst_reinflection_wlemma_TAGFINDER1: 0.454
2023-12-15 08:58:43,586 - exact_match_tst_reinflection_wlemma_TAGFINDER1_or_2: 0.732
2023-12-15 08:58:43,875 - TRN || epcloss: 0.0595
2023-12-15 08:58:43,876 -     || Q: 0.6185
2023-12-15 08:58:43,877 -     || KL: 0.1106
2023-12-15 08:58:43,878 -     || token_match: 0.981, exact_match: 0.709
2023-12-15 08:58:43,879 -     || unique taglist code: 8194
2023-12-15 08:58:43,880 - DEV || epcloss: 0.0500
2023-12-15 08:58:43,881 -     || Q: 0.6585
2023-12-15 08:58:43,882 -     || KL: 0.2390
2023-12-15 08:58:43,883 -     || token_match: 0.984, exact_match: 0.745
2023-12-15 08:58:43,884 -     || unique taglist code: 1247
2023-12-15 08:58:43,885 -     || seen taglist code: 1247
2023-12-15 08:58:43,928 -     || saved model
2023-12-15 08:58:43,930 - 
2023-12-15 08:58:43,931 - #epc: 53
2023-12-15 08:58:44,234 - epc:53, epc_KL:  1.000000
2023-12-15 09:05:17,764 - exact_match_tst_copy_acc: 0.880
2023-12-15 09:05:17,765 - exact_match_tst_reinflection_wlemma: 0.858
2023-12-15 09:05:17,766 - exact_match_tst_reinflection_wlemma_TAGFINDER1: 0.445
2023-12-15 09:05:17,767 - exact_match_tst_reinflection_wlemma_TAGFINDER1_or_2: 0.726
2023-12-15 09:05:18,011 - TRN || epcloss: 0.0563
2023-12-15 09:05:18,013 -     || Q: 0.6056
2023-12-15 09:05:18,014 -     || KL: 0.1089
2023-12-15 09:05:18,015 -     || token_match: 0.982, exact_match: 0.719
2023-12-15 09:05:18,015 -     || unique taglist code: 8101
2023-12-15 09:05:18,017 - DEV || epcloss: 0.0536
2023-12-15 09:05:18,018 -     || Q: 0.6081
2023-12-15 09:05:18,019 -     || KL: 0.2215
2023-12-15 09:05:18,020 -     || token_match: 0.983, exact_match: 0.729
2023-12-15 09:05:18,021 -     || unique taglist code: 1245
2023-12-15 09:05:18,022 -     || seen taglist code: 1244
2023-12-15 09:05:18,061 -     || saved model
2023-12-15 09:05:18,063 - 
2023-12-15 09:05:18,064 - #epc: 54
2023-12-15 09:05:18,366 - epc:54, epc_KL:  1.000000
2023-12-15 09:11:51,648 - exact_match_tst_copy_acc: 0.873
2023-12-15 09:11:51,649 - exact_match_tst_reinflection_wlemma: 0.860
2023-12-15 09:11:51,650 - exact_match_tst_reinflection_wlemma_TAGFINDER1: 0.441
2023-12-15 09:11:51,651 - exact_match_tst_reinflection_wlemma_TAGFINDER1_or_2: 0.728
2023-12-15 09:11:51,944 - TRN || epcloss: 0.0542
2023-12-15 09:11:51,945 -     || Q: 0.6047
2023-12-15 09:11:51,946 -     || KL: 0.1071
2023-12-15 09:11:51,947 -     || token_match: 0.983, exact_match: 0.729
2023-12-15 09:11:51,948 -     || unique taglist code: 8251
2023-12-15 09:11:51,949 - DEV || epcloss: 0.0542
2023-12-15 09:11:51,950 -     || Q: 0.6064
2023-12-15 09:11:51,951 -     || KL: 0.2264
2023-12-15 09:11:51,952 -     || token_match: 0.983, exact_match: 0.737
2023-12-15 09:11:51,953 -     || unique taglist code: 1236
2023-12-15 09:11:51,955 -     || seen taglist code: 1236
2023-12-15 09:11:51,996 -     || saved model
2023-12-15 09:11:51,998 - 
2023-12-15 09:11:51,999 - #epc: 55
2023-12-15 09:11:52,302 - epc:55, epc_KL:  1.000000
2023-12-15 09:18:25,023 - exact_match_tst_copy_acc: 0.849
2023-12-15 09:18:25,024 - exact_match_tst_reinflection_wlemma: 0.817
2023-12-15 09:18:25,025 - exact_match_tst_reinflection_wlemma_TAGFINDER1: 0.414
2023-12-15 09:18:25,026 - exact_match_tst_reinflection_wlemma_TAGFINDER1_or_2: 0.674
2023-12-15 09:18:25,245 - TRN || epcloss: 0.0586
2023-12-15 09:18:25,246 -     || Q: 0.6425
2023-12-15 09:18:25,247 -     || KL: 0.1103
2023-12-15 09:18:25,248 -     || token_match: 0.982, exact_match: 0.717
2023-12-15 09:18:25,249 -     || unique taglist code: 8464
2023-12-15 09:18:25,250 - DEV || epcloss: 0.0545
2023-12-15 09:18:25,251 -     || Q: 0.6383
2023-12-15 09:18:25,252 -     || KL: 0.2387
2023-12-15 09:18:25,253 -     || token_match: 0.983, exact_match: 0.710
2023-12-15 09:18:25,254 -     || unique taglist code: 1253
2023-12-15 09:18:25,255 -     || seen taglist code: 1252
2023-12-15 09:18:25,299 -     || saved model
2023-12-15 09:18:25,300 - 
2023-12-15 09:18:25,301 - #epc: 56
2023-12-15 09:18:25,608 - epc:56, epc_KL:  1.000000
2023-12-15 09:24:59,498 - exact_match_tst_copy_acc: 0.885
2023-12-15 09:24:59,499 - exact_match_tst_reinflection_wlemma: 0.864
2023-12-15 09:24:59,500 - exact_match_tst_reinflection_wlemma_TAGFINDER1: 0.450
2023-12-15 09:24:59,501 - exact_match_tst_reinflection_wlemma_TAGFINDER1_or_2: 0.737
2023-12-15 09:24:59,752 - TRN || epcloss: 0.0570
2023-12-15 09:24:59,753 -     || Q: 0.6136
2023-12-15 09:24:59,754 -     || KL: 0.1073
2023-12-15 09:24:59,755 -     || token_match: 0.983, exact_match: 0.723
2023-12-15 09:24:59,756 -     || unique taglist code: 8457
2023-12-15 09:24:59,757 - DEV || epcloss: 0.0417
2023-12-15 09:24:59,758 -     || Q: 0.5911
2023-12-15 09:24:59,759 -     || KL: 0.2231
2023-12-15 09:24:59,760 -     || token_match: 0.987, exact_match: 0.772
2023-12-15 09:24:59,761 -     || unique taglist code: 1255
2023-12-15 09:24:59,762 -     || seen taglist code: 1255
2023-12-15 09:24:59,804 -     || saved model
2023-12-15 09:24:59,806 - 
2023-12-15 09:24:59,807 - #epc: 57
2023-12-15 09:25:00,111 - epc:57, epc_KL:  1.000000
2023-12-15 09:31:33,532 - exact_match_tst_copy_acc: 0.876
2023-12-15 09:31:33,534 - exact_match_tst_reinflection_wlemma: 0.862
2023-12-15 09:31:33,535 - exact_match_tst_reinflection_wlemma_TAGFINDER1: 0.442
2023-12-15 09:31:33,536 - exact_match_tst_reinflection_wlemma_TAGFINDER1_or_2: 0.727
2023-12-15 09:31:33,738 - TRN || epcloss: 0.0502
2023-12-15 09:31:33,739 -     || Q: 0.5944
2023-12-15 09:31:33,741 -     || KL: 0.1054
2023-12-15 09:31:33,742 -     || token_match: 0.984, exact_match: 0.740
2023-12-15 09:31:33,743 -     || unique taglist code: 8269
2023-12-15 09:31:33,744 - DEV || epcloss: 0.0413
2023-12-15 09:31:33,745 -     || Q: 0.5769
2023-12-15 09:31:33,745 -     || KL: 0.2243
2023-12-15 09:31:33,746 -     || token_match: 0.987, exact_match: 0.779
2023-12-15 09:31:33,747 -     || unique taglist code: 1249
2023-12-15 09:31:33,749 -     || seen taglist code: 1248
2023-12-15 09:31:33,789 -     || saved model
2023-12-15 09:31:33,791 - 
2023-12-15 09:31:33,792 - #epc: 58
2023-12-15 09:31:34,098 - epc:58, epc_KL:  1.000000
2023-12-15 09:38:08,592 - exact_match_tst_copy_acc: 0.871
2023-12-15 09:38:08,593 - exact_match_tst_reinflection_wlemma: 0.859
2023-12-15 09:38:08,594 - exact_match_tst_reinflection_wlemma_TAGFINDER1: 0.433
2023-12-15 09:38:08,595 - exact_match_tst_reinflection_wlemma_TAGFINDER1_or_2: 0.719
2023-12-15 09:38:08,783 - TRN || epcloss: 0.0507
2023-12-15 09:38:08,784 -     || Q: 0.5818
2023-12-15 09:38:08,785 -     || KL: 0.1048
2023-12-15 09:38:08,786 -     || token_match: 0.984, exact_match: 0.741
2023-12-15 09:38:08,787 -     || unique taglist code: 8257
2023-12-15 09:38:08,788 - DEV || epcloss: 0.0439
2023-12-15 09:38:08,789 -     || Q: 0.5598
2023-12-15 09:38:08,790 -     || KL: 0.2284
2023-12-15 09:38:08,791 -     || token_match: 0.985, exact_match: 0.744
2023-12-15 09:38:08,792 -     || unique taglist code: 1238
2023-12-15 09:38:08,793 -     || seen taglist code: 1236
2023-12-15 09:38:08,828 -     || saved model
2023-12-15 09:38:08,829 - 
2023-12-15 09:38:08,830 - #epc: 59
2023-12-15 09:38:09,136 - epc:59, epc_KL:  1.000000
2023-12-15 09:44:43,043 - exact_match_tst_copy_acc: 0.878
2023-12-15 09:44:43,044 - exact_match_tst_reinflection_wlemma: 0.873
2023-12-15 09:44:43,045 - exact_match_tst_reinflection_wlemma_TAGFINDER1: 0.448
2023-12-15 09:44:43,046 - exact_match_tst_reinflection_wlemma_TAGFINDER1_or_2: 0.734
2023-12-15 09:44:43,250 - TRN || epcloss: 0.0551
2023-12-15 09:44:43,251 -     || Q: 0.5708
2023-12-15 09:44:43,252 -     || KL: 0.1062
2023-12-15 09:44:43,253 -     || token_match: 0.983, exact_match: 0.731
2023-12-15 09:44:43,254 -     || unique taglist code: 8693
2023-12-15 09:44:43,255 - DEV || epcloss: 0.0437
2023-12-15 09:44:43,256 -     || Q: 0.5134
2023-12-15 09:44:43,257 -     || KL: 0.2159
2023-12-15 09:44:43,258 -     || token_match: 0.985, exact_match: 0.751
2023-12-15 09:44:43,259 -     || unique taglist code: 1242
2023-12-15 09:44:43,260 -     || seen taglist code: 1242
2023-12-15 09:44:43,300 -     || saved model
2023-12-15 09:44:43,302 - 
2023-12-15 09:44:43,303 - #epc: 60
2023-12-15 09:44:43,607 - epc:60, epc_KL:  1.000000
2023-12-15 09:51:18,113 - exact_match_tst_copy_acc: 0.819
2023-12-15 09:51:18,114 - exact_match_tst_reinflection_wlemma: 0.778
2023-12-15 09:51:18,115 - exact_match_tst_reinflection_wlemma_TAGFINDER1: 0.395
2023-12-15 09:51:18,116 - exact_match_tst_reinflection_wlemma_TAGFINDER1_or_2: 0.653
2023-12-15 09:51:18,319 - TRN || epcloss: 0.0540
2023-12-15 09:51:18,320 -     || Q: 0.5653
2023-12-15 09:51:18,320 -     || KL: 0.1065
2023-12-15 09:51:18,322 -     || token_match: 0.984, exact_match: 0.739
2023-12-15 09:51:18,322 -     || unique taglist code: 8841
2023-12-15 09:51:18,323 - DEV || epcloss: 0.0901
2023-12-15 09:51:18,324 -     || Q: 0.6161
2023-12-15 09:51:18,325 -     || KL: 0.2467
2023-12-15 09:51:18,326 -     || token_match: 0.980, exact_match: 0.683
2023-12-15 09:51:18,327 -     || unique taglist code: 1248
2023-12-15 09:51:18,329 -     || seen taglist code: 1241
2023-12-15 09:51:18,421 -     || saved model
2023-12-15 09:51:18,423 - 
2023-12-15 09:51:18,424 - #epc: 61
2023-12-15 09:51:18,734 - epc:61, epc_KL:  1.000000
2023-12-15 09:57:54,090 - exact_match_tst_copy_acc: 0.881
2023-12-15 09:57:54,091 - exact_match_tst_reinflection_wlemma: 0.880
2023-12-15 09:57:54,092 - exact_match_tst_reinflection_wlemma_TAGFINDER1: 0.463
2023-12-15 09:57:54,093 - exact_match_tst_reinflection_wlemma_TAGFINDER1_or_2: 0.743
2023-12-15 09:57:54,297 - TRN || epcloss: 0.0599
2023-12-15 09:57:54,298 -     || Q: 0.5728
2023-12-15 09:57:54,299 -     || KL: 0.1091
2023-12-15 09:57:54,300 -     || token_match: 0.982, exact_match: 0.717
2023-12-15 09:57:54,301 -     || unique taglist code: 9334
2023-12-15 09:57:54,302 - DEV || epcloss: 0.0638
2023-12-15 09:57:54,303 -     || Q: 0.5305
2023-12-15 09:57:54,304 -     || KL: 0.2202
2023-12-15 09:57:54,304 -     || token_match: 0.986, exact_match: 0.780
2023-12-15 09:57:54,305 -     || unique taglist code: 1252
2023-12-15 09:57:54,306 -     || seen taglist code: 1249
2023-12-15 09:57:54,344 -     || saved model
2023-12-15 09:57:54,346 - 
2023-12-15 09:57:54,347 - #epc: 62
2023-12-15 09:57:54,652 - epc:62, epc_KL:  1.000000
2023-12-15 10:04:28,431 - exact_match_tst_copy_acc: 0.830
2023-12-15 10:04:28,432 - exact_match_tst_reinflection_wlemma: 0.820
2023-12-15 10:04:28,432 - exact_match_tst_reinflection_wlemma_TAGFINDER1: 0.443
2023-12-15 10:04:28,433 - exact_match_tst_reinflection_wlemma_TAGFINDER1_or_2: 0.705
2023-12-15 10:04:28,601 - TRN || epcloss: 0.0742
2023-12-15 10:04:28,603 -     || Q: 0.6068
2023-12-15 10:04:28,603 -     || KL: 0.1139
2023-12-15 10:04:28,604 -     || token_match: 0.979, exact_match: 0.675
2023-12-15 10:04:28,605 -     || unique taglist code: 9369
2023-12-15 10:04:28,606 - DEV || epcloss: 0.0561
2023-12-15 10:04:28,607 -     || Q: 0.6199
2023-12-15 10:04:28,608 -     || KL: 0.2293
2023-12-15 10:04:28,609 -     || token_match: 0.982, exact_match: 0.706
2023-12-15 10:04:28,610 -     || unique taglist code: 1238
2023-12-15 10:04:28,611 -     || seen taglist code: 1234
2023-12-15 10:04:28,647 -     || saved model
2023-12-15 10:04:28,650 - 
2023-12-15 10:04:28,651 - #epc: 63
2023-12-15 10:04:28,951 - epc:63, epc_KL:  1.000000
2023-12-15 10:11:02,151 - exact_match_tst_copy_acc: 0.879
2023-12-15 10:11:02,152 - exact_match_tst_reinflection_wlemma: 0.858
2023-12-15 10:11:02,153 - exact_match_tst_reinflection_wlemma_TAGFINDER1: 0.450
2023-12-15 10:11:02,153 - exact_match_tst_reinflection_wlemma_TAGFINDER1_or_2: 0.725
2023-12-15 10:11:02,395 - TRN || epcloss: 0.0513
2023-12-15 10:11:02,396 -     || Q: 0.5549
2023-12-15 10:11:02,397 -     || KL: 0.1049
2023-12-15 10:11:02,398 -     || token_match: 0.983, exact_match: 0.731
2023-12-15 10:11:02,398 -     || unique taglist code: 8654
2023-12-15 10:11:02,399 - DEV || epcloss: 0.0486
2023-12-15 10:11:02,400 -     || Q: 0.5265
2023-12-15 10:11:02,401 -     || KL: 0.2123
2023-12-15 10:11:02,402 -     || token_match: 0.984, exact_match: 0.736
2023-12-15 10:11:02,403 -     || unique taglist code: 1240
2023-12-15 10:11:02,404 -     || seen taglist code: 1237
2023-12-15 10:11:02,441 -     || saved model
2023-12-15 10:11:02,443 - 
2023-12-15 10:11:02,444 - #epc: 64
2023-12-15 10:11:02,747 - epc:64, epc_KL:  1.000000
2023-12-15 10:17:36,119 - exact_match_tst_copy_acc: 0.896
2023-12-15 10:17:36,120 - exact_match_tst_reinflection_wlemma: 0.891
2023-12-15 10:17:36,121 - exact_match_tst_reinflection_wlemma_TAGFINDER1: 0.456
2023-12-15 10:17:36,122 - exact_match_tst_reinflection_wlemma_TAGFINDER1_or_2: 0.756
2023-12-15 10:17:36,309 - TRN || epcloss: 0.0473
2023-12-15 10:17:36,310 -     || Q: 0.5432
2023-12-15 10:17:36,311 -     || KL: 0.1025
2023-12-15 10:17:36,312 -     || token_match: 0.985, exact_match: 0.753
2023-12-15 10:17:36,312 -     || unique taglist code: 8474
2023-12-15 10:17:36,313 - DEV || epcloss: 0.0468
2023-12-15 10:17:36,314 -     || Q: 0.5754
2023-12-15 10:17:36,315 -     || KL: 0.2011
2023-12-15 10:17:36,316 -     || token_match: 0.984, exact_match: 0.740
2023-12-15 10:17:36,317 -     || unique taglist code: 1239
2023-12-15 10:17:36,318 -     || seen taglist code: 1236
2023-12-15 10:17:36,379 -     || saved model
2023-12-15 10:17:36,382 - 
2023-12-15 10:17:36,383 - #epc: 65
2023-12-15 10:17:36,691 - epc:65, epc_KL:  1.000000
2023-12-15 10:24:11,349 - exact_match_tst_copy_acc: 0.902
2023-12-15 10:24:11,350 - exact_match_tst_reinflection_wlemma: 0.891
2023-12-15 10:24:11,351 - exact_match_tst_reinflection_wlemma_TAGFINDER1: 0.460
2023-12-15 10:24:11,352 - exact_match_tst_reinflection_wlemma_TAGFINDER1_or_2: 0.751
2023-12-15 10:24:11,613 - TRN || epcloss: 0.0486
2023-12-15 10:24:11,615 -     || Q: 0.5640
2023-12-15 10:24:11,616 -     || KL: 0.1017
2023-12-15 10:24:11,616 -     || token_match: 0.984, exact_match: 0.752
2023-12-15 10:24:11,617 -     || unique taglist code: 8782
2023-12-15 10:24:11,618 - DEV || epcloss: 0.0416
2023-12-15 10:24:11,619 -     || Q: 0.5231
2023-12-15 10:24:11,620 -     || KL: 0.2106
2023-12-15 10:24:11,621 -     || token_match: 0.987, exact_match: 0.790
2023-12-15 10:24:11,621 -     || unique taglist code: 1238
2023-12-15 10:24:11,623 -     || seen taglist code: 1236
2023-12-15 10:24:11,660 -     || saved model
2023-12-15 10:24:11,662 - 
2023-12-15 10:24:11,663 - #epc: 66
2023-12-15 10:24:11,966 - epc:66, epc_KL:  1.000000
2023-12-15 10:30:44,127 - exact_match_tst_copy_acc: 0.899
2023-12-15 10:30:44,128 - exact_match_tst_reinflection_wlemma: 0.889
2023-12-15 10:30:44,129 - exact_match_tst_reinflection_wlemma_TAGFINDER1: 0.456
2023-12-15 10:30:44,130 - exact_match_tst_reinflection_wlemma_TAGFINDER1_or_2: 0.747
2023-12-15 10:30:44,374 - TRN || epcloss: 0.0447
2023-12-15 10:30:44,375 -     || Q: 0.5521
2023-12-15 10:30:44,376 -     || KL: 0.1006
2023-12-15 10:30:44,377 -     || token_match: 0.986, exact_match: 0.767
2023-12-15 10:30:44,378 -     || unique taglist code: 8599
2023-12-15 10:30:44,379 - DEV || epcloss: 0.0394
2023-12-15 10:30:44,380 -     || Q: 0.5612
2023-12-15 10:30:44,381 -     || KL: 0.2118
2023-12-15 10:30:44,381 -     || token_match: 0.987, exact_match: 0.788
2023-12-15 10:30:44,382 -     || unique taglist code: 1242
2023-12-15 10:30:44,384 -     || seen taglist code: 1240
2023-12-15 10:30:44,419 -     || saved model
2023-12-15 10:30:44,421 - 
2023-12-15 10:30:44,421 - #epc: 67
2023-12-15 10:30:44,716 - epc:67, epc_KL:  1.000000
2023-12-15 10:37:18,303 - exact_match_tst_copy_acc: 0.855
2023-12-15 10:37:18,304 - exact_match_tst_reinflection_wlemma: 0.845
2023-12-15 10:37:18,305 - exact_match_tst_reinflection_wlemma_TAGFINDER1: 0.430
2023-12-15 10:37:18,306 - exact_match_tst_reinflection_wlemma_TAGFINDER1_or_2: 0.698
2023-12-15 10:37:18,539 - TRN || epcloss: 0.0471
2023-12-15 10:37:18,540 -     || Q: 0.5648
2023-12-15 10:37:18,541 -     || KL: 0.0995
2023-12-15 10:37:18,542 -     || token_match: 0.984, exact_match: 0.755
2023-12-15 10:37:18,543 -     || unique taglist code: 9177
2023-12-15 10:37:18,544 - DEV || epcloss: 0.0466
2023-12-15 10:37:18,545 -     || Q: 0.6015
2023-12-15 10:37:18,546 -     || KL: 0.2067
2023-12-15 10:37:18,547 -     || token_match: 0.985, exact_match: 0.765
2023-12-15 10:37:18,548 -     || unique taglist code: 1276
2023-12-15 10:37:18,549 -     || seen taglist code: 1270
2023-12-15 10:37:18,590 -     || saved model
2023-12-15 10:37:18,592 - 
2023-12-15 10:37:18,593 - #epc: 68
2023-12-15 10:37:18,897 - epc:68, epc_KL:  1.000000
2023-12-15 10:43:51,109 - exact_match_tst_copy_acc: 0.893
2023-12-15 10:43:51,110 - exact_match_tst_reinflection_wlemma: 0.871
2023-12-15 10:43:51,111 - exact_match_tst_reinflection_wlemma_TAGFINDER1: 0.445
2023-12-15 10:43:51,111 - exact_match_tst_reinflection_wlemma_TAGFINDER1_or_2: 0.721
2023-12-15 10:43:51,292 - TRN || epcloss: 0.0470
2023-12-15 10:43:51,293 -     || Q: 0.5502
2023-12-15 10:43:51,294 -     || KL: 0.0982
2023-12-15 10:43:51,295 -     || token_match: 0.985, exact_match: 0.759
2023-12-15 10:43:51,296 -     || unique taglist code: 9283
2023-12-15 10:43:51,297 - DEV || epcloss: 0.0409
2023-12-15 10:43:51,298 -     || Q: 0.5123
2023-12-15 10:43:51,299 -     || KL: 0.2098
2023-12-15 10:43:51,300 -     || token_match: 0.986, exact_match: 0.777
2023-12-15 10:43:51,301 -     || unique taglist code: 1279
2023-12-15 10:43:51,302 -     || seen taglist code: 1278
2023-12-15 10:43:51,395 -     || saved model
2023-12-15 10:43:51,398 - 
2023-12-15 10:43:51,399 - #epc: 69
2023-12-15 10:43:51,803 - epc:69, epc_KL:  1.000000
2023-12-15 10:50:25,513 - exact_match_tst_copy_acc: 0.895
2023-12-15 10:50:25,514 - exact_match_tst_reinflection_wlemma: 0.889
2023-12-15 10:50:25,515 - exact_match_tst_reinflection_wlemma_TAGFINDER1: 0.438
2023-12-15 10:50:25,516 - exact_match_tst_reinflection_wlemma_TAGFINDER1_or_2: 0.728
2023-12-15 10:50:25,731 - TRN || epcloss: 0.0452
2023-12-15 10:50:25,732 -     || Q: 0.5244
2023-12-15 10:50:25,733 -     || KL: 0.0971
2023-12-15 10:50:25,734 -     || token_match: 0.985, exact_match: 0.765
2023-12-15 10:50:25,735 -     || unique taglist code: 9203
2023-12-15 10:50:25,736 - DEV || epcloss: 0.0342
2023-12-15 10:50:25,737 -     || Q: 0.4863
2023-12-15 10:50:25,738 -     || KL: 0.2001
2023-12-15 10:50:25,739 -     || token_match: 0.988, exact_match: 0.802
2023-12-15 10:50:25,740 -     || unique taglist code: 1272
2023-12-15 10:50:25,741 -     || seen taglist code: 1270
2023-12-15 10:50:25,783 -     || saved model
2023-12-15 10:50:25,784 - 
2023-12-15 10:50:25,785 - #epc: 70
2023-12-15 10:50:26,093 - epc:70, epc_KL:  1.000000
2023-12-15 10:57:00,099 - exact_match_tst_copy_acc: 0.885
2023-12-15 10:57:00,100 - exact_match_tst_reinflection_wlemma: 0.873
2023-12-15 10:57:00,101 - exact_match_tst_reinflection_wlemma_TAGFINDER1: 0.423
2023-12-15 10:57:00,102 - exact_match_tst_reinflection_wlemma_TAGFINDER1_or_2: 0.714
2023-12-15 10:57:00,354 - TRN || epcloss: 0.0443
2023-12-15 10:57:00,355 -     || Q: 0.5068
2023-12-15 10:57:00,356 -     || KL: 0.0951
2023-12-15 10:57:00,357 -     || token_match: 0.985, exact_match: 0.769
2023-12-15 10:57:00,358 -     || unique taglist code: 9437
2023-12-15 10:57:00,359 - DEV || epcloss: 0.0412
2023-12-15 10:57:00,359 -     || Q: 0.5387
2023-12-15 10:57:00,360 -     || KL: 0.2035
2023-12-15 10:57:00,361 -     || token_match: 0.986, exact_match: 0.779
2023-12-15 10:57:00,362 -     || unique taglist code: 1268
2023-12-15 10:57:00,364 -     || seen taglist code: 1264
2023-12-15 10:57:00,404 -     || saved model
2023-12-15 10:57:00,406 - 
2023-12-15 10:57:00,407 - #epc: 71
2023-12-15 10:57:00,709 - epc:71, epc_KL:  1.000000
2023-12-15 11:03:33,430 - exact_match_tst_copy_acc: 0.862
2023-12-15 11:03:33,431 - exact_match_tst_reinflection_wlemma: 0.863
2023-12-15 11:03:33,433 - exact_match_tst_reinflection_wlemma_TAGFINDER1: 0.423
2023-12-15 11:03:33,434 - exact_match_tst_reinflection_wlemma_TAGFINDER1_or_2: 0.703
2023-12-15 11:03:33,640 - TRN || epcloss: 0.0457
2023-12-15 11:03:33,641 -     || Q: 0.4826
2023-12-15 11:03:33,642 -     || KL: 0.0957
2023-12-15 11:03:33,643 -     || token_match: 0.985, exact_match: 0.768
2023-12-15 11:03:33,644 -     || unique taglist code: 9212
2023-12-15 11:03:33,644 - DEV || epcloss: 0.0505
2023-12-15 11:03:33,645 -     || Q: 0.4822
2023-12-15 11:03:33,646 -     || KL: 0.2115
2023-12-15 11:03:33,647 -     || token_match: 0.984, exact_match: 0.748
2023-12-15 11:03:33,648 -     || unique taglist code: 1274
2023-12-15 11:03:33,650 -     || seen taglist code: 1268
2023-12-15 11:03:33,689 -     || saved model
2023-12-15 11:03:33,691 - 
2023-12-15 11:03:33,692 - #epc: 72
2023-12-15 11:03:33,995 - epc:72, epc_KL:  1.000000
2023-12-15 11:10:07,907 - exact_match_tst_copy_acc: 0.873
2023-12-15 11:10:07,908 - exact_match_tst_reinflection_wlemma: 0.865
2023-12-15 11:10:07,909 - exact_match_tst_reinflection_wlemma_TAGFINDER1: 0.430
2023-12-15 11:10:07,910 - exact_match_tst_reinflection_wlemma_TAGFINDER1_or_2: 0.707
2023-12-15 11:10:08,124 - TRN || epcloss: 0.0439
2023-12-15 11:10:08,125 -     || Q: 0.4889
2023-12-15 11:10:08,126 -     || KL: 0.0948
2023-12-15 11:10:08,127 -     || token_match: 0.986, exact_match: 0.774
2023-12-15 11:10:08,128 -     || unique taglist code: 9379
2023-12-15 11:10:08,128 - DEV || epcloss: 0.0406
2023-12-15 11:10:08,129 -     || Q: 0.5028
2023-12-15 11:10:08,130 -     || KL: 0.2024
2023-12-15 11:10:08,131 -     || token_match: 0.987, exact_match: 0.778
2023-12-15 11:10:08,132 -     || unique taglist code: 1275
2023-12-15 11:10:08,133 -     || seen taglist code: 1274
2023-12-15 11:10:08,173 -     || saved model
2023-12-15 11:10:08,175 - 
2023-12-15 11:10:08,176 - #epc: 73
2023-12-15 11:10:08,476 - epc:73, epc_KL:  1.000000
2023-12-15 11:16:40,436 - exact_match_tst_copy_acc: 0.902
2023-12-15 11:16:40,437 - exact_match_tst_reinflection_wlemma: 0.896
2023-12-15 11:16:40,438 - exact_match_tst_reinflection_wlemma_TAGFINDER1: 0.441
2023-12-15 11:16:40,439 - exact_match_tst_reinflection_wlemma_TAGFINDER1_or_2: 0.732
2023-12-15 11:16:40,645 - TRN || epcloss: 0.0419
2023-12-15 11:16:40,646 -     || Q: 0.4875
2023-12-15 11:16:40,647 -     || KL: 0.0948
2023-12-15 11:16:40,648 -     || token_match: 0.986, exact_match: 0.779
2023-12-15 11:16:40,649 -     || unique taglist code: 9461
2023-12-15 11:16:40,650 - DEV || epcloss: 0.0368
2023-12-15 11:16:40,650 -     || Q: 0.4332
2023-12-15 11:16:40,651 -     || KL: 0.2011
2023-12-15 11:16:40,652 -     || token_match: 0.988, exact_match: 0.802
2023-12-15 11:16:40,653 -     || unique taglist code: 1284
2023-12-15 11:16:40,654 -     || seen taglist code: 1281
2023-12-15 11:16:40,718 -     || saved model
2023-12-15 11:16:40,720 - 
2023-12-15 11:16:40,721 - #epc: 74
2023-12-15 11:16:41,029 - epc:74, epc_KL:  1.000000
2023-12-15 11:23:15,026 - exact_match_tst_copy_acc: 0.918
2023-12-15 11:23:15,027 - exact_match_tst_reinflection_wlemma: 0.909
2023-12-15 11:23:15,028 - exact_match_tst_reinflection_wlemma_TAGFINDER1: 0.451
2023-12-15 11:23:15,028 - exact_match_tst_reinflection_wlemma_TAGFINDER1_or_2: 0.743
2023-12-15 11:23:15,214 - TRN || epcloss: 0.0406
2023-12-15 11:23:15,215 -     || Q: 0.4611
2023-12-15 11:23:15,216 -     || KL: 0.0949
2023-12-15 11:23:15,217 -     || token_match: 0.987, exact_match: 0.785
2023-12-15 11:23:15,218 -     || unique taglist code: 9446
2023-12-15 11:23:15,219 - DEV || epcloss: 0.0325
2023-12-15 11:23:15,220 -     || Q: 0.4303
2023-12-15 11:23:15,220 -     || KL: 0.1985
2023-12-15 11:23:15,221 -     || token_match: 0.989, exact_match: 0.831
2023-12-15 11:23:15,222 -     || unique taglist code: 1285
2023-12-15 11:23:15,224 -     || seen taglist code: 1281
2023-12-15 11:23:15,263 -     || saved model
2023-12-15 11:23:15,264 - Training is over, saved model with best dev exact match: 0.999 (epc 3)
2023-12-15 11:23:15,265 - Training is over, most used trncode at 34, most used devcode at 26 
