2023-11-19 20:35:11,119 - trnsize: 124033
2023-11-19 20:35:11,149 - devsize: 538
2023-11-19 20:35:11,149 - tstsize: 538
2023-11-19 20:35:11,435 - Trn unique tgts: 124033
2023-11-19 20:35:11,436 - Trn unique lemmas: 2925
2023-11-19 20:35:11,437 - Trn unique taglists: 89
2023-11-19 20:35:11,437 - Dev unique tgts: 538
2023-11-19 20:35:11,438 - Dev unique lemmas: 487
2023-11-19 20:35:11,439 - Dev unique taglists: 93
2023-11-19 20:35:11,439 - Tst unique tgts: 538
2023-11-19 20:35:11,440 - Tst unique lemmas: 487
2023-11-19 20:35:11,441 - Tst unique taglists: 93
2023-11-19 20:35:11,441 - seen_dev_tgt: 1
2023-11-19 20:35:11,442 - seen_dev_lemma: 538
2023-11-19 20:35:11,443 - seen_dev_taglist: 504
2023-11-19 20:35:11,443 - seen_tst_tgt: 1
2023-11-19 20:35:11,444 - seen_tst_lemma: 538
2023-11-19 20:35:11,444 - seen_tst_taglist: 504
2023-11-19 20:35:18,018 - trnID: noshuffled_BITrue_2x10_UtrNOUN_zLEM100_zTAG128_decnh512_kl1.0_epc10_strt5_decdo0.2_inpemb64_bsize64
2023-11-19 20:35:18,019 - batchsize: 64
2023-11-19 20:35:18,020 - epochs: 200
2023-11-19 20:35:18,020 - lr: 0.00050
2023-11-19 20:35:18,021 - KL_WEIGHT: 1.00000
2023-11-19 20:35:18,022 - opt: Adam (
Parameter Group 0
    amsgrad: False
    betas: (0.5, 0.999)
    capturable: False
    eps: 1e-08
    foreach: None
    lr: 0.0005
    maximize: False
    weight_decay: 0
)
2023-11-19 20:35:18,023 - VQVAE(
  (encoder): Encoder_GRU_VQVAE(
    (layers): ModuleList(
      (0): Embedding(63, 64)
      (1): Dropout(p=0.0, inplace=False)
      (2): GRU(64, 256, batch_first=True, bidirectional=True)
    )
  )
  (z_linears): ModuleList(
    (0): Linear(in_features=256, out_features=128, bias=True)
    (1): Linear(in_features=256, out_features=128, bias=True)
  )
  (quantizers): ModuleList(
    (0): Quantizer(
      (embeddings): Embedding(10, 128)
    )
    (1): Quantizer(
      (embeddings): Embedding(10, 128)
    )
  )
  (z_lemma_mu): Linear(in_features=256, out_features=100, bias=True)
  (z_lemma_logvar): Linear(in_features=256, out_features=100, bias=True)
  (up_from_z_layer): Linear(in_features=228, out_features=512, bias=True)
  (decoder): Decoder_GRU_VQVAE(
    (layers): ModuleList(
      (0): Embedding(63, 64)
      (1): Dropout(p=0.2, inplace=False)
      (2): GRU(292, 512, batch_first=True)
      (3): Linear(in_features=512, out_features=63, bias=True)
    )
    (loss): CrossEntropyLoss()
  )
)
2023-11-19 20:35:18,116 - trnsize: 124033
2023-11-19 20:35:18,116 - devsize: 538
2023-11-19 20:35:18,117 - tstsize: 538
2023-11-19 20:35:18,118 - 
2023-11-19 20:35:18,118 - #epc: 0
2023-11-19 20:35:18,120 - epc:0, epc_KL:  0.000000
2023-11-19 20:36:41,851 - exact_match_tst_copy_acc: 0.335
2023-11-19 20:36:43,399 - TRN || epcloss: 1.0459
2023-11-19 20:36:43,400 -     || Q: 0.3083
2023-11-19 20:36:43,401 -     || KL: 3.6734
2023-11-19 20:36:43,401 -     || token_match: 0.693, exact_match: 0.107
2023-11-19 20:36:43,402 -     || unique taglist code: 89
2023-11-19 20:36:43,403 - DEV || epcloss: 0.3975
2023-11-19 20:36:43,403 -     || Q: 0.1408
2023-11-19 20:36:43,404 -     || KL: 12.9954
2023-11-19 20:36:43,404 -     || token_match: 0.879, exact_match: 0.349
2023-11-19 20:36:43,405 -     || unique taglist code: 52
2023-11-19 20:36:43,406 -     || seen taglist code: 52
2023-11-19 20:36:43,406 -     || MOST used trncode: 89
2023-11-19 20:36:43,407 -     || MOST used devcode: 52
2023-11-19 20:36:43,408 -     || BEST exact match (teacher forcing): 0.349
2023-11-19 20:36:43,412 - 
2023-11-19 20:36:43,412 - #epc: 1
2023-11-19 20:36:43,496 - epc:1, epc_KL:  0.000000
2023-11-19 20:38:07,533 - exact_match_tst_copy_acc: 0.848
2023-11-19 20:38:09,041 - TRN || epcloss: 0.2024
2023-11-19 20:38:09,042 -     || Q: 0.0827
2023-11-19 20:38:09,043 -     || KL: 5.6157
2023-11-19 20:38:09,043 -     || token_match: 0.941, exact_match: 0.632
2023-11-19 20:38:09,044 -     || unique taglist code: 86
2023-11-19 20:38:09,044 - DEV || epcloss: 0.0690
2023-11-19 20:38:09,045 -     || Q: 0.0510
2023-11-19 20:38:09,046 -     || KL: 15.6851
2023-11-19 20:38:09,047 -     || token_match: 0.983, exact_match: 0.855
2023-11-19 20:38:09,047 -     || unique taglist code: 49
2023-11-19 20:38:09,048 -     || seen taglist code: 49
2023-11-19 20:38:09,049 -     || BEST exact match (teacher forcing): 0.855
2023-11-19 20:38:09,056 - 
2023-11-19 20:38:09,056 - #epc: 2
2023-11-19 20:38:09,139 - epc:2, epc_KL:  0.000000
2023-11-19 20:39:32,745 - exact_match_tst_copy_acc: 0.962
2023-11-19 20:39:34,297 - TRN || epcloss: 0.0672
2023-11-19 20:39:34,298 -     || Q: 0.0322
2023-11-19 20:39:34,299 -     || KL: 6.1693
2023-11-19 20:39:34,299 -     || token_match: 0.983, exact_match: 0.866
2023-11-19 20:39:34,300 -     || unique taglist code: 90
2023-11-19 20:39:34,301 - DEV || epcloss: 0.0176
2023-11-19 20:39:34,301 -     || Q: 0.0192
2023-11-19 20:39:34,302 -     || KL: 16.8243
2023-11-19 20:39:34,303 -     || token_match: 0.997, exact_match: 0.965
2023-11-19 20:39:34,303 -     || unique taglist code: 46
2023-11-19 20:39:34,304 -     || seen taglist code: 46
2023-11-19 20:39:34,305 -     || MOST used trncode: 90
2023-11-19 20:39:34,305 -     || BEST exact match (teacher forcing): 0.965
2023-11-19 20:39:34,311 - 
2023-11-19 20:39:34,312 - #epc: 3
2023-11-19 20:39:34,389 - epc:3, epc_KL:  0.000000
2023-11-19 20:40:58,587 - exact_match_tst_copy_acc: 0.988
2023-11-19 20:41:00,147 - TRN || epcloss: 0.0388
2023-11-19 20:41:00,148 -     || Q: 0.0171
2023-11-19 20:41:00,149 -     || KL: 6.4173
2023-11-19 20:41:00,150 -     || token_match: 0.990, exact_match: 0.915
2023-11-19 20:41:00,150 -     || unique taglist code: 95
2023-11-19 20:41:00,151 - DEV || epcloss: 0.0081
2023-11-19 20:41:00,152 -     || Q: 0.0097
2023-11-19 20:41:00,152 -     || KL: 17.0624
2023-11-19 20:41:00,153 -     || token_match: 0.998, exact_match: 0.981
2023-11-19 20:41:00,154 -     || unique taglist code: 41
2023-11-19 20:41:00,154 -     || seen taglist code: 41
2023-11-19 20:41:00,155 -     || MOST used trncode: 95
2023-11-19 20:41:00,156 -     || BEST exact match (teacher forcing): 0.981
2023-11-19 20:41:00,161 - 
2023-11-19 20:41:00,161 - #epc: 4
2023-11-19 20:41:00,248 - epc:4, epc_KL:  0.000000
2023-11-19 20:42:24,204 - exact_match_tst_copy_acc: 0.998
2023-11-19 20:42:25,769 - TRN || epcloss: 0.0268
2023-11-19 20:42:25,770 -     || Q: 0.0137
2023-11-19 20:42:25,771 -     || KL: 6.5102
2023-11-19 20:42:25,771 -     || token_match: 0.993, exact_match: 0.945
2023-11-19 20:42:25,772 -     || unique taglist code: 86
2023-11-19 20:42:25,773 - DEV || epcloss: 0.0028
2023-11-19 20:42:25,774 -     || Q: 0.0051
2023-11-19 20:42:25,774 -     || KL: 17.7048
2023-11-19 20:42:25,775 -     || token_match: 1.000, exact_match: 0.998
2023-11-19 20:42:25,775 -     || unique taglist code: 42
2023-11-19 20:42:25,776 -     || seen taglist code: 42
2023-11-19 20:42:25,777 -     || BEST exact match (teacher forcing): 0.998
2023-11-19 20:42:25,783 - 
2023-11-19 20:42:25,784 - #epc: 5
2023-11-19 20:42:25,864 - epc:5, epc_KL:  0.100000
2023-11-19 20:43:49,882 - exact_match_tst_copy_acc: 0.788
2023-11-19 20:43:51,484 - TRN || epcloss: 0.0806
2023-11-19 20:43:51,485 -     || Q: 0.0482
2023-11-19 20:43:51,485 -     || KL: 1.3773
2023-11-19 20:43:51,486 -     || token_match: 0.976, exact_match: 0.773
2023-11-19 20:43:51,487 -     || unique taglist code: 97
2023-11-19 20:43:51,488 - DEV || epcloss: 0.0649
2023-11-19 20:43:51,488 -     || Q: 0.0903
2023-11-19 20:43:51,489 -     || KL: 3.6154
2023-11-19 20:43:51,490 -     || token_match: 0.979, exact_match: 0.786
2023-11-19 20:43:51,490 -     || unique taglist code: 53
2023-11-19 20:43:51,491 -     || seen taglist code: 53
2023-11-19 20:43:51,492 -     || MOST used trncode: 97
2023-11-19 20:43:51,492 -     || MOST used devcode: 53
2023-11-19 20:43:51,498 - 
2023-11-19 20:43:51,499 - #epc: 6
2023-11-19 20:43:51,587 - epc:6, epc_KL:  0.200000
2023-11-19 20:45:15,547 - exact_match_tst_copy_acc: 0.818
2023-11-19 20:45:17,162 - TRN || epcloss: 0.0787
2023-11-19 20:45:17,163 -     || Q: 0.0913
2023-11-19 20:45:17,164 -     || KL: 0.8875
2023-11-19 20:45:17,165 -     || token_match: 0.975, exact_match: 0.752
2023-11-19 20:45:17,165 -     || unique taglist code: 94
2023-11-19 20:45:17,166 - DEV || epcloss: 0.0487
2023-11-19 20:45:17,167 -     || Q: 0.0863
2023-11-19 20:45:17,168 -     || KL: 2.2158
2023-11-19 20:45:17,168 -     || token_match: 0.982, exact_match: 0.807
2023-11-19 20:45:17,169 -     || unique taglist code: 53
2023-11-19 20:45:17,169 -     || seen taglist code: 53
2023-11-19 20:45:17,177 - 
2023-11-19 20:45:17,178 - #epc: 7
2023-11-19 20:45:17,251 - epc:7, epc_KL:  0.300000
2023-11-19 20:46:41,355 - exact_match_tst_copy_acc: 0.792
2023-11-19 20:46:42,958 - TRN || epcloss: 0.0827
2023-11-19 20:46:42,959 -     || Q: 0.1218
2023-11-19 20:46:42,959 -     || KL: 0.6797
2023-11-19 20:46:42,960 -     || token_match: 0.973, exact_match: 0.737
2023-11-19 20:46:42,961 -     || unique taglist code: 94
2023-11-19 20:46:42,961 - DEV || epcloss: 0.0506
2023-11-19 20:46:42,962 -     || Q: 0.1123
2023-11-19 20:46:42,963 -     || KL: 1.7806
2023-11-19 20:46:42,963 -     || token_match: 0.984, exact_match: 0.829
2023-11-19 20:46:42,964 -     || unique taglist code: 63
2023-11-19 20:46:42,965 -     || seen taglist code: 63
2023-11-19 20:46:42,965 -     || MOST used devcode: 63
2023-11-19 20:46:42,971 - 
2023-11-19 20:46:42,972 - #epc: 8
2023-11-19 20:46:43,040 - epc:8, epc_KL:  0.400000
2023-11-19 20:48:07,331 - exact_match_tst_copy_acc: 0.784
2023-11-19 20:48:08,948 - TRN || epcloss: 0.0823
2023-11-19 20:48:08,948 -     || Q: 0.1326
2023-11-19 20:48:08,949 -     || KL: 0.5558
2023-11-19 20:48:08,950 -     || token_match: 0.974, exact_match: 0.734
2023-11-19 20:48:08,950 -     || unique taglist code: 99
2023-11-19 20:48:08,951 - DEV || epcloss: 0.0561
2023-11-19 20:48:08,952 -     || Q: 0.1278
2023-11-19 20:48:08,952 -     || KL: 1.3942
2023-11-19 20:48:08,953 -     || token_match: 0.982, exact_match: 0.807
2023-11-19 20:48:08,954 -     || unique taglist code: 70
2023-11-19 20:48:08,954 -     || seen taglist code: 70
2023-11-19 20:48:08,955 -     || MOST used trncode: 99
2023-11-19 20:48:08,956 -     || MOST used devcode: 70
2023-11-19 20:48:08,962 - 
2023-11-19 20:48:08,962 - #epc: 9
2023-11-19 20:48:09,042 - epc:9, epc_KL:  0.500000
2023-11-19 20:49:33,153 - exact_match_tst_copy_acc: 0.788
2023-11-19 20:49:34,753 - TRN || epcloss: 0.0843
2023-11-19 20:49:34,753 -     || Q: 0.1703
2023-11-19 20:49:34,754 -     || KL: 0.4695
2023-11-19 20:49:34,755 -     || token_match: 0.973, exact_match: 0.731
2023-11-19 20:49:34,756 -     || unique taglist code: 99
2023-11-19 20:49:34,756 - DEV || epcloss: 0.0632
2023-11-19 20:49:34,757 -     || Q: 0.1702
2023-11-19 20:49:34,758 -     || KL: 1.1946
2023-11-19 20:49:34,759 -     || token_match: 0.981, exact_match: 0.790
2023-11-19 20:49:34,759 -     || unique taglist code: 68
2023-11-19 20:49:34,760 -     || seen taglist code: 68
2023-11-19 20:49:34,768 - 
2023-11-19 20:49:34,769 - #epc: 10
2023-11-19 20:49:34,846 - epc:10, epc_KL:  0.600000
2023-11-19 20:50:58,901 - exact_match_tst_copy_acc: 0.780
2023-11-19 20:51:00,507 - TRN || epcloss: 0.0841
2023-11-19 20:51:00,508 -     || Q: 0.1994
2023-11-19 20:51:00,508 -     || KL: 0.4104
2023-11-19 20:51:00,509 -     || token_match: 0.973, exact_match: 0.730
2023-11-19 20:51:00,510 -     || unique taglist code: 99
2023-11-19 20:51:00,510 - DEV || epcloss: 0.0648
2023-11-19 20:51:00,511 -     || Q: 0.2469
2023-11-19 20:51:00,512 -     || KL: 1.0695
2023-11-19 20:51:00,513 -     || token_match: 0.981, exact_match: 0.792
2023-11-19 20:51:00,513 -     || unique taglist code: 73
2023-11-19 20:51:00,514 -     || seen taglist code: 73
2023-11-19 20:51:00,515 -     || MOST used devcode: 73
2023-11-19 20:51:00,521 - 
2023-11-19 20:51:00,522 - #epc: 11
2023-11-19 20:51:00,592 - epc:11, epc_KL:  0.700000
2023-11-19 20:52:23,504 - exact_match_tst_copy_acc: 0.739
2023-11-19 20:52:25,067 - TRN || epcloss: 0.0897
2023-11-19 20:52:25,070 -     || Q: 0.2648
2023-11-19 20:52:25,072 -     || KL: 0.3722
2023-11-19 20:52:25,076 -     || token_match: 0.971, exact_match: 0.715
2023-11-19 20:52:25,079 -     || unique taglist code: 99
2023-11-19 20:52:25,084 - DEV || epcloss: 0.0682
2023-11-19 20:52:25,087 -     || Q: 0.2597
2023-11-19 20:52:25,088 -     || KL: 0.9785
2023-11-19 20:52:25,089 -     || token_match: 0.978, exact_match: 0.762
2023-11-19 20:52:25,089 -     || unique taglist code: 74
2023-11-19 20:52:25,090 -     || seen taglist code: 74
2023-11-19 20:52:25,091 -     || MOST used devcode: 74
2023-11-19 20:52:25,099 - 
2023-11-19 20:52:25,099 - #epc: 12
2023-11-19 20:52:25,187 - epc:12, epc_KL:  0.800000
2023-11-19 20:53:47,495 - exact_match_tst_copy_acc: 0.762
2023-11-19 20:53:49,059 - TRN || epcloss: 0.0947
2023-11-19 20:53:49,060 -     || Q: 0.3117
2023-11-19 20:53:49,061 -     || KL: 0.3441
2023-11-19 20:53:49,062 -     || token_match: 0.970, exact_match: 0.698
2023-11-19 20:53:49,063 -     || unique taglist code: 99
2023-11-19 20:53:49,064 - DEV || epcloss: 0.0712
2023-11-19 20:53:49,065 -     || Q: 0.3168
2023-11-19 20:53:49,066 -     || KL: 0.9054
2023-11-19 20:53:49,066 -     || token_match: 0.978, exact_match: 0.757
2023-11-19 20:53:49,067 -     || unique taglist code: 72
2023-11-19 20:53:49,068 -     || seen taglist code: 72
2023-11-19 20:53:49,076 - 
2023-11-19 20:53:49,076 - #epc: 13
2023-11-19 20:53:49,156 - epc:13, epc_KL:  0.900000
2023-11-19 20:55:11,388 - exact_match_tst_copy_acc: 0.725
2023-11-19 20:55:12,959 - TRN || epcloss: 0.0985
2023-11-19 20:55:12,960 -     || Q: 0.3657
2023-11-19 20:55:12,961 -     || KL: 0.3189
2023-11-19 20:55:12,961 -     || token_match: 0.968, exact_match: 0.688
2023-11-19 20:55:12,962 -     || unique taglist code: 99
2023-11-19 20:55:12,963 - DEV || epcloss: 0.0834
2023-11-19 20:55:12,964 -     || Q: 0.3633
2023-11-19 20:55:12,965 -     || KL: 0.8307
2023-11-19 20:55:12,965 -     || token_match: 0.975, exact_match: 0.742
2023-11-19 20:55:12,966 -     || unique taglist code: 75
2023-11-19 20:55:12,967 -     || seen taglist code: 75
2023-11-19 20:55:12,968 -     || MOST used devcode: 75
2023-11-19 20:55:12,975 - 
2023-11-19 20:55:12,976 - #epc: 14
2023-11-19 20:55:13,050 - epc:14, epc_KL:  1.000000
2023-11-19 20:56:35,133 - exact_match_tst_copy_acc: 0.715
2023-11-19 20:56:36,683 - TRN || epcloss: 0.1034
2023-11-19 20:56:36,684 -     || Q: 0.4235
2023-11-19 20:56:36,684 -     || KL: 0.3004
2023-11-19 20:56:36,685 -     || token_match: 0.967, exact_match: 0.674
2023-11-19 20:56:36,686 -     || unique taglist code: 99
2023-11-19 20:56:36,688 - DEV || epcloss: 0.0785
2023-11-19 20:56:36,688 -     || Q: 0.4642
2023-11-19 20:56:36,689 -     || KL: 0.7879
2023-11-19 20:56:36,690 -     || token_match: 0.976, exact_match: 0.749
2023-11-19 20:56:36,690 -     || unique taglist code: 73
2023-11-19 20:56:36,691 -     || seen taglist code: 73
2023-11-19 20:56:36,698 - 
2023-11-19 20:56:36,699 - #epc: 15
2023-11-19 20:56:36,787 - epc:15, epc_KL:  1.000000
2023-11-19 20:57:59,062 - exact_match_tst_copy_acc: 0.735
2023-11-19 20:58:00,631 - TRN || epcloss: 0.0979
2023-11-19 20:58:00,632 -     || Q: 0.4473
2023-11-19 20:58:00,632 -     || KL: 0.2909
2023-11-19 20:58:00,633 -     || token_match: 0.969, exact_match: 0.687
2023-11-19 20:58:00,634 -     || unique taglist code: 99
2023-11-19 20:58:00,635 - DEV || epcloss: 0.0807
2023-11-19 20:58:00,636 -     || Q: 0.4184
2023-11-19 20:58:00,637 -     || KL: 0.7390
2023-11-19 20:58:00,638 -     || token_match: 0.975, exact_match: 0.738
2023-11-19 20:58:00,638 -     || unique taglist code: 74
2023-11-19 20:58:00,639 -     || seen taglist code: 74
2023-11-19 20:58:00,646 - 
2023-11-19 20:58:00,647 - #epc: 16
2023-11-19 20:58:00,732 - epc:16, epc_KL:  1.000000
2023-11-19 20:59:22,723 - exact_match_tst_copy_acc: 0.723
2023-11-19 20:59:24,270 - TRN || epcloss: 0.0957
2023-11-19 20:59:24,271 -     || Q: 0.4611
2023-11-19 20:59:24,272 -     || KL: 0.2842
2023-11-19 20:59:24,273 -     || token_match: 0.969, exact_match: 0.694
2023-11-19 20:59:24,273 -     || unique taglist code: 99
2023-11-19 20:59:24,274 - DEV || epcloss: 0.0725
2023-11-19 20:59:24,275 -     || Q: 0.4689
2023-11-19 20:59:24,276 -     || KL: 0.7375
2023-11-19 20:59:24,277 -     || token_match: 0.976, exact_match: 0.747
2023-11-19 20:59:24,277 -     || unique taglist code: 77
2023-11-19 20:59:24,278 -     || seen taglist code: 77
2023-11-19 20:59:24,279 -     || MOST used devcode: 77
2023-11-19 20:59:24,303 - 
2023-11-19 20:59:24,304 - #epc: 17
2023-11-19 20:59:24,387 - epc:17, epc_KL:  1.000000
2023-11-19 21:00:46,584 - exact_match_tst_copy_acc: 0.727
2023-11-19 21:00:48,119 - TRN || epcloss: 0.0928
2023-11-19 21:00:48,120 -     || Q: 0.4711
2023-11-19 21:00:48,120 -     || KL: 0.2777
2023-11-19 21:00:48,121 -     || token_match: 0.970, exact_match: 0.701
2023-11-19 21:00:48,122 -     || unique taglist code: 99
2023-11-19 21:00:48,123 - DEV || epcloss: 0.0823
2023-11-19 21:00:48,124 -     || Q: 0.4994
2023-11-19 21:00:48,125 -     || KL: 0.7290
2023-11-19 21:00:48,125 -     || token_match: 0.973, exact_match: 0.712
2023-11-19 21:00:48,126 -     || unique taglist code: 79
2023-11-19 21:00:48,127 -     || seen taglist code: 78
2023-11-19 21:00:48,128 -     || MOST used devcode: 79
2023-11-19 21:00:48,133 - 
2023-11-19 21:00:48,134 - #epc: 18
2023-11-19 21:00:48,209 - epc:18, epc_KL:  1.000000
2023-11-19 21:02:10,408 - exact_match_tst_copy_acc: 0.743
2023-11-19 21:02:11,930 - TRN || epcloss: 0.0916
2023-11-19 21:02:11,931 -     || Q: 0.4743
2023-11-19 21:02:11,932 -     || KL: 0.2735
2023-11-19 21:02:11,932 -     || token_match: 0.971, exact_match: 0.705
2023-11-19 21:02:11,933 -     || unique taglist code: 99
2023-11-19 21:02:11,934 - DEV || epcloss: 0.0805
2023-11-19 21:02:11,935 -     || Q: 0.4917
2023-11-19 21:02:11,935 -     || KL: 0.7382
2023-11-19 21:02:11,936 -     || token_match: 0.974, exact_match: 0.730
2023-11-19 21:02:11,937 -     || unique taglist code: 77
2023-11-19 21:02:11,937 -     || seen taglist code: 77
2023-11-19 21:02:11,946 - 
2023-11-19 21:02:11,947 - #epc: 19
2023-11-19 21:02:12,036 - epc:19, epc_KL:  1.000000
2023-11-19 21:03:34,424 - exact_match_tst_copy_acc: 0.737
2023-11-19 21:03:35,941 - TRN || epcloss: 0.0879
2023-11-19 21:03:35,942 -     || Q: 0.4602
2023-11-19 21:03:35,942 -     || KL: 0.2698
2023-11-19 21:03:35,943 -     || token_match: 0.972, exact_match: 0.714
2023-11-19 21:03:35,944 -     || unique taglist code: 99
2023-11-19 21:03:35,944 - DEV || epcloss: 0.0677
2023-11-19 21:03:35,946 -     || Q: 0.4768
2023-11-19 21:03:35,946 -     || KL: 0.6949
2023-11-19 21:03:35,947 -     || token_match: 0.978, exact_match: 0.757
2023-11-19 21:03:35,948 -     || unique taglist code: 79
2023-11-19 21:03:35,948 -     || seen taglist code: 79
2023-11-19 21:03:35,956 - 
2023-11-19 21:03:35,957 - #epc: 20
2023-11-19 21:03:36,041 - epc:20, epc_KL:  1.000000
2023-11-19 21:04:58,412 - exact_match_tst_copy_acc: 0.747
2023-11-19 21:04:59,962 - TRN || epcloss: 0.0855
2023-11-19 21:04:59,963 -     || Q: 0.4602
2023-11-19 21:04:59,964 -     || KL: 0.2649
2023-11-19 21:04:59,965 -     || token_match: 0.973, exact_match: 0.722
2023-11-19 21:04:59,965 -     || unique taglist code: 99
2023-11-19 21:04:59,966 - DEV || epcloss: 0.0721
2023-11-19 21:04:59,967 -     || Q: 0.4496
2023-11-19 21:04:59,968 -     || KL: 0.6938
2023-11-19 21:04:59,969 -     || token_match: 0.978, exact_match: 0.758
2023-11-19 21:04:59,969 -     || unique taglist code: 78
2023-11-19 21:04:59,970 -     || seen taglist code: 78
2023-11-19 21:04:59,977 - 
2023-11-19 21:04:59,978 - #epc: 21
2023-11-19 21:05:00,058 - epc:21, epc_KL:  1.000000
2023-11-19 21:06:22,455 - exact_match_tst_copy_acc: 0.784
2023-11-19 21:06:24,105 - TRN || epcloss: 0.0861
2023-11-19 21:06:24,106 -     || Q: 0.4407
2023-11-19 21:06:24,107 -     || KL: 0.2633
2023-11-19 21:06:24,107 -     || token_match: 0.973, exact_match: 0.720
2023-11-19 21:06:24,108 -     || unique taglist code: 100
2023-11-19 21:06:24,109 - DEV || epcloss: 0.0620
2023-11-19 21:06:24,110 -     || Q: 0.4108
2023-11-19 21:06:24,110 -     || KL: 0.7010
2023-11-19 21:06:24,111 -     || token_match: 0.982, exact_match: 0.786
2023-11-19 21:06:24,111 -     || unique taglist code: 75
2023-11-19 21:06:24,112 -     || seen taglist code: 75
2023-11-19 21:06:24,113 -     || MOST used trncode: 100
2023-11-19 21:06:24,120 - 
2023-11-19 21:06:24,120 - #epc: 22
2023-11-19 21:06:24,213 - epc:22, epc_KL:  1.000000
2023-11-19 21:07:46,420 - exact_match_tst_copy_acc: 0.743
2023-11-19 21:07:47,930 - TRN || epcloss: 0.0824
2023-11-19 21:07:47,931 -     || Q: 0.4260
2023-11-19 21:07:47,932 -     || KL: 0.2602
2023-11-19 21:07:47,933 -     || token_match: 0.974, exact_match: 0.728
2023-11-19 21:07:47,934 -     || unique taglist code: 100
2023-11-19 21:07:47,935 - DEV || epcloss: 0.0695
2023-11-19 21:07:47,935 -     || Q: 0.4317
2023-11-19 21:07:47,936 -     || KL: 0.6857
2023-11-19 21:07:47,937 -     || token_match: 0.978, exact_match: 0.760
2023-11-19 21:07:47,937 -     || unique taglist code: 74
2023-11-19 21:07:47,938 -     || seen taglist code: 74
2023-11-19 21:07:47,945 - 
2023-11-19 21:07:47,946 - #epc: 23
2023-11-19 21:07:48,035 - epc:23, epc_KL:  1.000000
2023-11-19 21:09:10,457 - exact_match_tst_copy_acc: 0.804
2023-11-19 21:09:12,012 - TRN || epcloss: 0.0806
2023-11-19 21:09:12,012 -     || Q: 0.4363
2023-11-19 21:09:12,013 -     || KL: 0.2571
2023-11-19 21:09:12,014 -     || token_match: 0.974, exact_match: 0.733
2023-11-19 21:09:12,015 -     || unique taglist code: 100
2023-11-19 21:09:12,016 - DEV || epcloss: 0.0699
2023-11-19 21:09:12,016 -     || Q: 0.4287
2023-11-19 21:09:12,017 -     || KL: 0.6719
2023-11-19 21:09:12,018 -     || token_match: 0.979, exact_match: 0.760
2023-11-19 21:09:12,019 -     || unique taglist code: 73
2023-11-19 21:09:12,019 -     || seen taglist code: 73
2023-11-19 21:09:12,027 - 
2023-11-19 21:09:12,027 - #epc: 24
2023-11-19 21:09:12,110 - epc:24, epc_KL:  1.000000
2023-11-19 21:10:34,507 - exact_match_tst_copy_acc: 0.758
2023-11-19 21:10:36,036 - TRN || epcloss: 0.0805
2023-11-19 21:10:36,037 -     || Q: 0.4159
2023-11-19 21:10:36,037 -     || KL: 0.2549
2023-11-19 21:10:36,038 -     || token_match: 0.975, exact_match: 0.736
2023-11-19 21:10:36,039 -     || unique taglist code: 99
2023-11-19 21:10:36,040 - DEV || epcloss: 0.0664
2023-11-19 21:10:36,041 -     || Q: 0.4399
2023-11-19 21:10:36,042 -     || KL: 0.6730
2023-11-19 21:10:36,043 -     || token_match: 0.978, exact_match: 0.757
2023-11-19 21:10:36,043 -     || unique taglist code: 75
2023-11-19 21:10:36,044 -     || seen taglist code: 75
2023-11-19 21:10:36,053 - 
2023-11-19 21:10:36,054 - #epc: 25
2023-11-19 21:10:36,155 - epc:25, epc_KL:  1.000000
2023-11-19 21:11:58,725 - exact_match_tst_copy_acc: 0.762
2023-11-19 21:12:00,283 - TRN || epcloss: 0.0788
2023-11-19 21:12:00,284 -     || Q: 0.4313
2023-11-19 21:12:00,285 -     || KL: 0.2521
2023-11-19 21:12:00,286 -     || token_match: 0.975, exact_match: 0.739
2023-11-19 21:12:00,287 -     || unique taglist code: 99
2023-11-19 21:12:00,288 - DEV || epcloss: 0.0617
2023-11-19 21:12:00,289 -     || Q: 0.4526
2023-11-19 21:12:00,289 -     || KL: 0.6851
2023-11-19 21:12:00,290 -     || token_match: 0.981, exact_match: 0.792
2023-11-19 21:12:00,291 -     || unique taglist code: 79
2023-11-19 21:12:00,292 -     || seen taglist code: 79
2023-11-19 21:12:00,299 - 
2023-11-19 21:12:00,300 - #epc: 26
2023-11-19 21:12:00,392 - epc:26, epc_KL:  1.000000
2023-11-19 21:13:22,638 - exact_match_tst_copy_acc: 0.747
2023-11-19 21:13:24,258 - TRN || epcloss: 0.0781
2023-11-19 21:13:24,259 -     || Q: 0.4334
2023-11-19 21:13:24,260 -     || KL: 0.2510
2023-11-19 21:13:24,261 -     || token_match: 0.975, exact_match: 0.742
2023-11-19 21:13:24,262 -     || unique taglist code: 100
2023-11-19 21:13:24,263 - DEV || epcloss: 0.0715
2023-11-19 21:13:24,263 -     || Q: 0.4597
2023-11-19 21:13:24,264 -     || KL: 0.6455
2023-11-19 21:13:24,265 -     || token_match: 0.977, exact_match: 0.764
2023-11-19 21:13:24,265 -     || unique taglist code: 81
2023-11-19 21:13:24,266 -     || seen taglist code: 81
2023-11-19 21:13:24,267 -     || MOST used devcode: 81
2023-11-19 21:13:24,273 - 
2023-11-19 21:13:24,274 - #epc: 27
2023-11-19 21:13:24,363 - epc:27, epc_KL:  1.000000
2023-11-19 21:14:46,715 - exact_match_tst_copy_acc: 0.798
2023-11-19 21:14:48,280 - TRN || epcloss: 0.0785
2023-11-19 21:14:48,281 -     || Q: 0.4618
2023-11-19 21:14:48,282 -     || KL: 0.2489
2023-11-19 21:14:48,283 -     || token_match: 0.975, exact_match: 0.740
2023-11-19 21:14:48,283 -     || unique taglist code: 100
2023-11-19 21:14:48,284 - DEV || epcloss: 0.0616
2023-11-19 21:14:48,285 -     || Q: 0.4659
2023-11-19 21:14:48,286 -     || KL: 0.6659
2023-11-19 21:14:48,287 -     || token_match: 0.980, exact_match: 0.784
2023-11-19 21:14:48,287 -     || unique taglist code: 78
2023-11-19 21:14:48,288 -     || seen taglist code: 78
2023-11-19 21:14:48,295 - 
2023-11-19 21:14:48,296 - #epc: 28
2023-11-19 21:14:48,376 - epc:28, epc_KL:  1.000000
2023-11-19 21:16:10,646 - exact_match_tst_copy_acc: 0.766
2023-11-19 21:16:12,183 - TRN || epcloss: 0.0779
2023-11-19 21:16:12,183 -     || Q: 0.4642
2023-11-19 21:16:12,184 -     || KL: 0.2483
2023-11-19 21:16:12,185 -     || token_match: 0.975, exact_match: 0.741
2023-11-19 21:16:12,186 -     || unique taglist code: 100
2023-11-19 21:16:12,187 - DEV || epcloss: 0.0630
2023-11-19 21:16:12,188 -     || Q: 0.4463
2023-11-19 21:16:12,189 -     || KL: 0.6491
2023-11-19 21:16:12,189 -     || token_match: 0.979, exact_match: 0.770
2023-11-19 21:16:12,190 -     || unique taglist code: 76
2023-11-19 21:16:12,191 -     || seen taglist code: 76
2023-11-19 21:16:12,198 - 
2023-11-19 21:16:12,199 - #epc: 29
2023-11-19 21:16:12,297 - epc:29, epc_KL:  1.000000
2023-11-19 21:17:34,672 - exact_match_tst_copy_acc: 0.774
2023-11-19 21:17:36,225 - TRN || epcloss: 0.0766
2023-11-19 21:17:36,226 -     || Q: 0.4475
2023-11-19 21:17:36,227 -     || KL: 0.2464
2023-11-19 21:17:36,228 -     || token_match: 0.976, exact_match: 0.747
2023-11-19 21:17:36,229 -     || unique taglist code: 100
2023-11-19 21:17:36,229 - DEV || epcloss: 0.0686
2023-11-19 21:17:36,230 -     || Q: 0.4886
2023-11-19 21:17:36,231 -     || KL: 0.6356
2023-11-19 21:17:36,231 -     || token_match: 0.978, exact_match: 0.762
2023-11-19 21:17:36,232 -     || unique taglist code: 75
2023-11-19 21:17:36,233 -     || seen taglist code: 75
2023-11-19 21:17:36,240 - 
2023-11-19 21:17:36,241 - #epc: 30
2023-11-19 21:17:36,333 - epc:30, epc_KL:  1.000000
2023-11-19 21:18:58,873 - exact_match_tst_copy_acc: 0.760
2023-11-19 21:19:00,446 - TRN || epcloss: 0.0768
2023-11-19 21:19:00,447 -     || Q: 0.4563
2023-11-19 21:19:00,448 -     || KL: 0.2459
2023-11-19 21:19:00,449 -     || token_match: 0.976, exact_match: 0.746
2023-11-19 21:19:00,450 -     || unique taglist code: 100
2023-11-19 21:19:00,451 - DEV || epcloss: 0.0642
2023-11-19 21:19:00,452 -     || Q: 0.4970
2023-11-19 21:19:00,453 -     || KL: 0.6437
2023-11-19 21:19:00,453 -     || token_match: 0.979, exact_match: 0.786
2023-11-19 21:19:00,454 -     || unique taglist code: 78
2023-11-19 21:19:00,455 -     || seen taglist code: 78
2023-11-19 21:19:00,462 - 
2023-11-19 21:19:00,463 - #epc: 31
2023-11-19 21:19:00,547 - epc:31, epc_KL:  1.000000
2023-11-19 21:20:23,017 - exact_match_tst_copy_acc: 0.814
2023-11-19 21:20:24,574 - TRN || epcloss: 0.0757
2023-11-19 21:20:24,575 -     || Q: 0.4576
2023-11-19 21:20:24,576 -     || KL: 0.2431
2023-11-19 21:20:24,577 -     || token_match: 0.976, exact_match: 0.749
2023-11-19 21:20:24,577 -     || unique taglist code: 100
2023-11-19 21:20:24,578 - DEV || epcloss: 0.0620
2023-11-19 21:20:24,579 -     || Q: 0.4771
2023-11-19 21:20:24,580 -     || KL: 0.6334
2023-11-19 21:20:24,580 -     || token_match: 0.980, exact_match: 0.768
2023-11-19 21:20:24,581 -     || unique taglist code: 75
2023-11-19 21:20:24,581 -     || seen taglist code: 75
2023-11-19 21:20:24,588 - 
2023-11-19 21:20:24,589 - #epc: 32
2023-11-19 21:20:24,691 - epc:32, epc_KL:  1.000000
2023-11-19 21:21:47,141 - exact_match_tst_copy_acc: 0.778
2023-11-19 21:21:48,674 - TRN || epcloss: 0.0755
2023-11-19 21:21:48,675 -     || Q: 0.4511
2023-11-19 21:21:48,675 -     || KL: 0.2422
2023-11-19 21:21:48,676 -     || token_match: 0.976, exact_match: 0.750
2023-11-19 21:21:48,676 -     || unique taglist code: 99
2023-11-19 21:21:48,677 - DEV || epcloss: 0.0699
2023-11-19 21:21:48,678 -     || Q: 0.4770
2023-11-19 21:21:48,679 -     || KL: 0.6166
2023-11-19 21:21:48,679 -     || token_match: 0.978, exact_match: 0.766
2023-11-19 21:21:48,680 -     || unique taglist code: 78
2023-11-19 21:21:48,681 -     || seen taglist code: 78
2023-11-19 21:21:48,689 - 
2023-11-19 21:21:48,691 - #epc: 33
2023-11-19 21:21:48,787 - epc:33, epc_KL:  1.000000
2023-11-19 21:23:11,122 - exact_match_tst_copy_acc: 0.790
2023-11-19 21:23:12,680 - TRN || epcloss: 0.0754
2023-11-19 21:23:12,681 -     || Q: 0.4258
2023-11-19 21:23:12,682 -     || KL: 0.2410
2023-11-19 21:23:12,683 -     || token_match: 0.976, exact_match: 0.750
2023-11-19 21:23:12,684 -     || unique taglist code: 100
2023-11-19 21:23:12,684 - DEV || epcloss: 0.0631
2023-11-19 21:23:12,685 -     || Q: 0.4575
2023-11-19 21:23:12,686 -     || KL: 0.6301
2023-11-19 21:23:12,687 -     || token_match: 0.982, exact_match: 0.801
2023-11-19 21:23:12,688 -     || unique taglist code: 77
2023-11-19 21:23:12,689 -     || seen taglist code: 77
2023-11-19 21:23:12,696 - 
2023-11-19 21:23:12,697 - #epc: 34
2023-11-19 21:23:12,786 - epc:34, epc_KL:  1.000000
2023-11-19 21:24:35,110 - exact_match_tst_copy_acc: 0.770
2023-11-19 21:24:36,694 - TRN || epcloss: 0.0744
2023-11-19 21:24:36,695 -     || Q: 0.4388
2023-11-19 21:24:36,696 -     || KL: 0.2411
2023-11-19 21:24:36,697 -     || token_match: 0.977, exact_match: 0.753
2023-11-19 21:24:36,697 -     || unique taglist code: 100
2023-11-19 21:24:36,698 - DEV || epcloss: 0.0611
2023-11-19 21:24:36,699 -     || Q: 0.4603
2023-11-19 21:24:36,700 -     || KL: 0.6280
2023-11-19 21:24:36,700 -     || token_match: 0.983, exact_match: 0.805
2023-11-19 21:24:36,701 -     || unique taglist code: 78
2023-11-19 21:24:36,702 -     || seen taglist code: 78
2023-11-19 21:24:36,709 - 
2023-11-19 21:24:36,710 - #epc: 35
2023-11-19 21:24:36,818 - epc:35, epc_KL:  1.000000
2023-11-19 21:25:58,955 - exact_match_tst_copy_acc: 0.766
2023-11-19 21:26:00,490 - TRN || epcloss: 0.0740
2023-11-19 21:26:00,491 -     || Q: 0.4281
2023-11-19 21:26:00,492 -     || KL: 0.2387
2023-11-19 21:26:00,493 -     || token_match: 0.977, exact_match: 0.754
2023-11-19 21:26:00,493 -     || unique taglist code: 99
2023-11-19 21:26:00,494 - DEV || epcloss: 0.0656
2023-11-19 21:26:00,495 -     || Q: 0.4598
2023-11-19 21:26:00,496 -     || KL: 0.6074
2023-11-19 21:26:00,496 -     || token_match: 0.979, exact_match: 0.775
2023-11-19 21:26:00,497 -     || unique taglist code: 84
2023-11-19 21:26:00,498 -     || seen taglist code: 84
2023-11-19 21:26:00,499 -     || MOST used devcode: 84
2023-11-19 21:26:00,506 - 
2023-11-19 21:26:00,506 - #epc: 36
2023-11-19 21:26:00,607 - epc:36, epc_KL:  1.000000
2023-11-19 21:27:23,064 - exact_match_tst_copy_acc: 0.786
2023-11-19 21:27:24,614 - TRN || epcloss: 0.0738
2023-11-19 21:27:24,614 -     || Q: 0.4374
2023-11-19 21:27:24,615 -     || KL: 0.2385
2023-11-19 21:27:24,616 -     || token_match: 0.977, exact_match: 0.755
2023-11-19 21:27:24,617 -     || unique taglist code: 99
2023-11-19 21:27:24,618 - DEV || epcloss: 0.0674
2023-11-19 21:27:24,619 -     || Q: 0.4507
2023-11-19 21:27:24,619 -     || KL: 0.6222
2023-11-19 21:27:24,620 -     || token_match: 0.979, exact_match: 0.766
2023-11-19 21:27:24,621 -     || unique taglist code: 80
2023-11-19 21:27:24,621 -     || seen taglist code: 80
2023-11-19 21:27:24,630 - 
2023-11-19 21:27:24,631 - #epc: 37
2023-11-19 21:27:24,725 - epc:37, epc_KL:  1.000000
2023-11-19 21:28:47,685 - exact_match_tst_copy_acc: 0.788
2023-11-19 21:28:49,257 - TRN || epcloss: 0.0724
2023-11-19 21:28:49,258 -     || Q: 0.4300
2023-11-19 21:28:49,258 -     || KL: 0.2380
2023-11-19 21:28:49,259 -     || token_match: 0.977, exact_match: 0.759
2023-11-19 21:28:49,260 -     || unique taglist code: 100
2023-11-19 21:28:49,260 - DEV || epcloss: 0.0753
2023-11-19 21:28:49,261 -     || Q: 0.4820
2023-11-19 21:28:49,262 -     || KL: 0.6202
2023-11-19 21:28:49,262 -     || token_match: 0.977, exact_match: 0.764
2023-11-19 21:28:49,263 -     || unique taglist code: 80
2023-11-19 21:28:49,263 -     || seen taglist code: 80
2023-11-19 21:28:49,270 - 
2023-11-19 21:28:49,271 - #epc: 38
2023-11-19 21:28:49,363 - epc:38, epc_KL:  1.000000
2023-11-19 21:30:11,527 - exact_match_tst_copy_acc: 0.782
2023-11-19 21:30:13,063 - TRN || epcloss: 0.0733
2023-11-19 21:30:13,064 -     || Q: 0.4267
2023-11-19 21:30:13,064 -     || KL: 0.2366
2023-11-19 21:30:13,065 -     || token_match: 0.977, exact_match: 0.758
2023-11-19 21:30:13,066 -     || unique taglist code: 100
2023-11-19 21:30:13,067 - DEV || epcloss: 0.0619
2023-11-19 21:30:13,068 -     || Q: 0.4915
2023-11-19 21:30:13,069 -     || KL: 0.6277
2023-11-19 21:30:13,069 -     || token_match: 0.979, exact_match: 0.777
2023-11-19 21:30:13,070 -     || unique taglist code: 79
2023-11-19 21:30:13,071 -     || seen taglist code: 79
2023-11-19 21:30:13,079 - 
2023-11-19 21:30:13,080 - #epc: 39
2023-11-19 21:30:13,187 - epc:39, epc_KL:  1.000000
2023-11-19 21:31:35,155 - exact_match_tst_copy_acc: 0.798
2023-11-19 21:31:36,722 - TRN || epcloss: 0.0728
2023-11-19 21:31:36,723 -     || Q: 0.4290
2023-11-19 21:31:36,724 -     || KL: 0.2354
2023-11-19 21:31:36,725 -     || token_match: 0.977, exact_match: 0.757
2023-11-19 21:31:36,725 -     || unique taglist code: 99
2023-11-19 21:31:36,726 - DEV || epcloss: 0.0606
2023-11-19 21:31:36,726 -     || Q: 0.4513
2023-11-19 21:31:36,727 -     || KL: 0.6042
2023-11-19 21:31:36,728 -     || token_match: 0.981, exact_match: 0.784
2023-11-19 21:31:36,729 -     || unique taglist code: 80
2023-11-19 21:31:36,729 -     || seen taglist code: 80
2023-11-19 21:31:36,736 - 
2023-11-19 21:31:36,737 - #epc: 40
2023-11-19 21:31:36,835 - epc:40, epc_KL:  1.000000
2023-11-19 21:32:59,706 - exact_match_tst_copy_acc: 0.790
2023-11-19 21:33:01,374 - TRN || epcloss: 0.0716
2023-11-19 21:33:01,375 -     || Q: 0.4203
2023-11-19 21:33:01,376 -     || KL: 0.2350
2023-11-19 21:33:01,376 -     || token_match: 0.978, exact_match: 0.763
2023-11-19 21:33:01,377 -     || unique taglist code: 97
2023-11-19 21:33:01,378 - DEV || epcloss: 0.0622
2023-11-19 21:33:01,378 -     || Q: 0.4360
2023-11-19 21:33:01,379 -     || KL: 0.6118
2023-11-19 21:33:01,380 -     || token_match: 0.980, exact_match: 0.781
2023-11-19 21:33:01,381 -     || unique taglist code: 79
2023-11-19 21:33:01,381 -     || seen taglist code: 79
2023-11-19 21:33:01,389 - 
2023-11-19 21:33:01,389 - #epc: 41
2023-11-19 21:33:01,481 - epc:41, epc_KL:  1.000000
2023-11-19 21:34:23,532 - exact_match_tst_copy_acc: 0.808
2023-11-19 21:34:25,085 - TRN || epcloss: 0.0720
2023-11-19 21:34:25,086 -     || Q: 0.4219
2023-11-19 21:34:25,087 -     || KL: 0.2348
2023-11-19 21:34:25,087 -     || token_match: 0.978, exact_match: 0.762
2023-11-19 21:34:25,088 -     || unique taglist code: 99
2023-11-19 21:34:25,089 - DEV || epcloss: 0.0683
2023-11-19 21:34:25,090 -     || Q: 0.4585
2023-11-19 21:34:25,090 -     || KL: 0.6193
2023-11-19 21:34:25,091 -     || token_match: 0.981, exact_match: 0.812
2023-11-19 21:34:25,092 -     || unique taglist code: 77
2023-11-19 21:34:25,092 -     || seen taglist code: 77
2023-11-19 21:34:25,099 - 
2023-11-19 21:34:25,100 - #epc: 42
2023-11-19 21:34:25,211 - epc:42, epc_KL:  1.000000
2023-11-19 21:35:48,234 - exact_match_tst_copy_acc: 0.776
2023-11-19 21:35:49,820 - TRN || epcloss: 0.0713
2023-11-19 21:35:49,821 -     || Q: 0.4289
2023-11-19 21:35:49,822 -     || KL: 0.2344
2023-11-19 21:35:49,822 -     || token_match: 0.978, exact_match: 0.764
2023-11-19 21:35:49,823 -     || unique taglist code: 100
2023-11-19 21:35:49,824 - DEV || epcloss: 0.0586
2023-11-19 21:35:49,825 -     || Q: 0.4844
2023-11-19 21:35:49,825 -     || KL: 0.6141
2023-11-19 21:35:49,826 -     || token_match: 0.982, exact_match: 0.803
2023-11-19 21:35:49,827 -     || unique taglist code: 78
2023-11-19 21:35:49,827 -     || seen taglist code: 78
2023-11-19 21:35:49,835 - 
2023-11-19 21:35:49,836 - #epc: 43
2023-11-19 21:35:49,938 - epc:43, epc_KL:  1.000000
2023-11-19 21:37:13,015 - exact_match_tst_copy_acc: 0.820
2023-11-19 21:37:14,580 - TRN || epcloss: 0.0710
2023-11-19 21:37:14,580 -     || Q: 0.4132
2023-11-19 21:37:14,581 -     || KL: 0.2334
2023-11-19 21:37:14,582 -     || token_match: 0.978, exact_match: 0.765
2023-11-19 21:37:14,583 -     || unique taglist code: 99
2023-11-19 21:37:14,583 - DEV || epcloss: 0.0565
2023-11-19 21:37:14,584 -     || Q: 0.4436
2023-11-19 21:37:14,585 -     || KL: 0.6137
2023-11-19 21:37:14,586 -     || token_match: 0.981, exact_match: 0.796
2023-11-19 21:37:14,586 -     || unique taglist code: 81
2023-11-19 21:37:14,587 -     || seen taglist code: 81
2023-11-19 21:37:14,593 - 
2023-11-19 21:37:14,594 - #epc: 44
2023-11-19 21:37:14,706 - epc:44, epc_KL:  1.000000
2023-11-19 21:38:37,773 - exact_match_tst_copy_acc: 0.794
2023-11-19 21:38:39,320 - TRN || epcloss: 0.0717
2023-11-19 21:38:39,321 -     || Q: 0.4132
2023-11-19 21:38:39,322 -     || KL: 0.2318
2023-11-19 21:38:39,323 -     || token_match: 0.978, exact_match: 0.763
2023-11-19 21:38:39,324 -     || unique taglist code: 100
2023-11-19 21:38:39,324 - DEV || epcloss: 0.0656
2023-11-19 21:38:39,325 -     || Q: 0.4736
2023-11-19 21:38:39,326 -     || KL: 0.6070
2023-11-19 21:38:39,327 -     || token_match: 0.980, exact_match: 0.770
2023-11-19 21:38:39,328 -     || unique taglist code: 80
2023-11-19 21:38:39,329 -     || seen taglist code: 80
2023-11-19 21:38:39,337 - 
2023-11-19 21:38:39,338 - #epc: 45
2023-11-19 21:38:39,440 - epc:45, epc_KL:  1.000000
2023-11-19 21:40:02,701 - exact_match_tst_copy_acc: 0.800
2023-11-19 21:40:04,282 - TRN || epcloss: 0.0707
2023-11-19 21:40:04,284 -     || Q: 0.4195
2023-11-19 21:40:04,285 -     || KL: 0.2318
2023-11-19 21:40:04,286 -     || token_match: 0.978, exact_match: 0.768
2023-11-19 21:40:04,287 -     || unique taglist code: 100
2023-11-19 21:40:04,288 - DEV || epcloss: 0.0710
2023-11-19 21:40:04,289 -     || Q: 0.3812
2023-11-19 21:40:04,290 -     || KL: 0.5975
2023-11-19 21:40:04,291 -     || token_match: 0.978, exact_match: 0.760
2023-11-19 21:40:04,291 -     || unique taglist code: 81
2023-11-19 21:40:04,292 -     || seen taglist code: 81
2023-11-19 21:40:04,300 - 
2023-11-19 21:40:04,301 - #epc: 46
2023-11-19 21:40:04,397 - epc:46, epc_KL:  1.000000
2023-11-19 21:41:26,692 - exact_match_tst_copy_acc: 0.792
2023-11-19 21:41:28,302 - TRN || epcloss: 0.0714
2023-11-19 21:41:28,303 -     || Q: 0.4184
2023-11-19 21:41:28,304 -     || KL: 0.2308
2023-11-19 21:41:28,305 -     || token_match: 0.978, exact_match: 0.764
2023-11-19 21:41:28,306 -     || unique taglist code: 98
2023-11-19 21:41:28,307 - DEV || epcloss: 0.0513
2023-11-19 21:41:28,308 -     || Q: 0.4525
2023-11-19 21:41:28,309 -     || KL: 0.5987
2023-11-19 21:41:28,310 -     || token_match: 0.983, exact_match: 0.812
2023-11-19 21:41:28,311 -     || unique taglist code: 80
2023-11-19 21:41:28,311 -     || seen taglist code: 80
2023-11-19 21:41:28,319 - 
2023-11-19 21:41:28,320 - #epc: 47
2023-11-19 21:41:28,424 - epc:47, epc_KL:  1.000000
2023-11-19 21:42:50,693 - exact_match_tst_copy_acc: 0.782
2023-11-19 21:42:52,260 - TRN || epcloss: 0.0721
2023-11-19 21:42:52,262 -     || Q: 0.4330
2023-11-19 21:42:52,263 -     || KL: 0.2304
2023-11-19 21:42:52,264 -     || token_match: 0.978, exact_match: 0.762
2023-11-19 21:42:52,265 -     || unique taglist code: 100
2023-11-19 21:42:52,265 - DEV || epcloss: 0.0652
2023-11-19 21:42:52,266 -     || Q: 0.4410
2023-11-19 21:42:52,267 -     || KL: 0.5970
2023-11-19 21:42:52,268 -     || token_match: 0.981, exact_match: 0.786
2023-11-19 21:42:52,268 -     || unique taglist code: 79
2023-11-19 21:42:52,269 -     || seen taglist code: 79
2023-11-19 21:42:52,277 - 
2023-11-19 21:42:52,278 - #epc: 48
2023-11-19 21:42:52,371 - epc:48, epc_KL:  1.000000
2023-11-19 21:44:14,698 - exact_match_tst_copy_acc: 0.782
2023-11-19 21:44:16,260 - TRN || epcloss: 0.0733
2023-11-19 21:44:16,261 -     || Q: 0.4378
2023-11-19 21:44:16,261 -     || KL: 0.2305
2023-11-19 21:44:16,262 -     || token_match: 0.978, exact_match: 0.760
2023-11-19 21:44:16,263 -     || unique taglist code: 99
2023-11-19 21:44:16,263 - DEV || epcloss: 0.0679
2023-11-19 21:44:16,264 -     || Q: 0.4385
2023-11-19 21:44:16,266 -     || KL: 0.5914
2023-11-19 21:44:16,267 -     || token_match: 0.980, exact_match: 0.781
2023-11-19 21:44:16,268 -     || unique taglist code: 79
2023-11-19 21:44:16,268 -     || seen taglist code: 79
2023-11-19 21:44:16,275 - 
2023-11-19 21:44:16,276 - #epc: 49
2023-11-19 21:44:16,383 - epc:49, epc_KL:  1.000000
2023-11-19 21:45:38,693 - exact_match_tst_copy_acc: 0.798
2023-11-19 21:45:40,247 - TRN || epcloss: 0.0734
2023-11-19 21:45:40,248 -     || Q: 0.4588
2023-11-19 21:45:40,249 -     || KL: 0.2299
2023-11-19 21:45:40,250 -     || token_match: 0.977, exact_match: 0.759
2023-11-19 21:45:40,251 -     || unique taglist code: 100
2023-11-19 21:45:40,251 - DEV || epcloss: 0.0584
2023-11-19 21:45:40,252 -     || Q: 0.4538
2023-11-19 21:45:40,253 -     || KL: 0.5979
2023-11-19 21:45:40,253 -     || token_match: 0.980, exact_match: 0.775
2023-11-19 21:45:40,254 -     || unique taglist code: 81
2023-11-19 21:45:40,254 -     || seen taglist code: 81
2023-11-19 21:45:40,261 - 
2023-11-19 21:45:40,262 - #epc: 50
2023-11-19 21:45:40,357 - epc:50, epc_KL:  1.000000
2023-11-19 21:47:02,667 - exact_match_tst_copy_acc: 0.822
2023-11-19 21:47:04,217 - TRN || epcloss: 0.0717
2023-11-19 21:47:04,218 -     || Q: 0.4452
2023-11-19 21:47:04,218 -     || KL: 0.2300
2023-11-19 21:47:04,219 -     || token_match: 0.978, exact_match: 0.763
2023-11-19 21:47:04,220 -     || unique taglist code: 97
2023-11-19 21:47:04,221 - DEV || epcloss: 0.0533
2023-11-19 21:47:04,222 -     || Q: 0.4464
2023-11-19 21:47:04,222 -     || KL: 0.6055
2023-11-19 21:47:04,223 -     || token_match: 0.985, exact_match: 0.822
2023-11-19 21:47:04,224 -     || unique taglist code: 82
2023-11-19 21:47:04,224 -     || seen taglist code: 82
2023-11-19 21:47:04,231 - 
2023-11-19 21:47:04,232 - #epc: 51
2023-11-19 21:47:04,341 - epc:51, epc_KL:  1.000000
2023-11-19 21:48:26,812 - exact_match_tst_copy_acc: 0.762
2023-11-19 21:48:28,388 - TRN || epcloss: 0.0747
2023-11-19 21:48:28,389 -     || Q: 0.4769
2023-11-19 21:48:28,390 -     || KL: 0.2303
2023-11-19 21:48:28,391 -     || token_match: 0.977, exact_match: 0.757
2023-11-19 21:48:28,392 -     || unique taglist code: 99
2023-11-19 21:48:28,393 - DEV || epcloss: 0.0667
2023-11-19 21:48:28,394 -     || Q: 0.5006
2023-11-19 21:48:28,394 -     || KL: 0.5914
2023-11-19 21:48:28,395 -     || token_match: 0.979, exact_match: 0.770
2023-11-19 21:48:28,396 -     || unique taglist code: 82
2023-11-19 21:48:28,397 -     || seen taglist code: 82
2023-11-19 21:48:28,406 - 
2023-11-19 21:48:28,407 - #epc: 52
2023-11-19 21:48:28,507 - epc:52, epc_KL:  1.000000
2023-11-19 21:49:50,746 - exact_match_tst_copy_acc: 0.788
2023-11-19 21:49:52,307 - TRN || epcloss: 0.0757
2023-11-19 21:49:52,308 -     || Q: 0.4772
2023-11-19 21:49:52,309 -     || KL: 0.2298
2023-11-19 21:49:52,310 -     || token_match: 0.977, exact_match: 0.757
2023-11-19 21:49:52,310 -     || unique taglist code: 98
2023-11-19 21:49:52,311 - DEV || epcloss: 0.0609
2023-11-19 21:49:52,312 -     || Q: 0.5232
2023-11-19 21:49:52,312 -     || KL: 0.5884
2023-11-19 21:49:52,313 -     || token_match: 0.982, exact_match: 0.801
2023-11-19 21:49:52,314 -     || unique taglist code: 84
2023-11-19 21:49:52,314 -     || seen taglist code: 84
2023-11-19 21:49:52,321 - 
2023-11-19 21:49:52,322 - #epc: 53
2023-11-19 21:49:52,432 - epc:53, epc_KL:  1.000000
2023-11-19 21:51:14,590 - exact_match_tst_copy_acc: 0.794
2023-11-19 21:51:16,160 - TRN || epcloss: 0.0748
2023-11-19 21:51:16,161 -     || Q: 0.4674
2023-11-19 21:51:16,162 -     || KL: 0.2292
2023-11-19 21:51:16,163 -     || token_match: 0.977, exact_match: 0.755
2023-11-19 21:51:16,164 -     || unique taglist code: 100
2023-11-19 21:51:16,165 - DEV || epcloss: 0.0627
2023-11-19 21:51:16,166 -     || Q: 0.4734
2023-11-19 21:51:16,167 -     || KL: 0.5925
2023-11-19 21:51:16,168 -     || token_match: 0.981, exact_match: 0.784
2023-11-19 21:51:16,168 -     || unique taglist code: 82
2023-11-19 21:51:16,169 -     || seen taglist code: 82
2023-11-19 21:51:16,178 - 
2023-11-19 21:51:16,178 - #epc: 54
2023-11-19 21:51:16,280 - epc:54, epc_KL:  1.000000
2023-11-19 21:52:38,673 - exact_match_tst_copy_acc: 0.721
2023-11-19 21:52:40,255 - TRN || epcloss: 0.0822
2023-11-19 21:52:40,256 -     || Q: 0.4813
2023-11-19 21:52:40,257 -     || KL: 0.2302
2023-11-19 21:52:40,258 -     || token_match: 0.974, exact_match: 0.731
2023-11-19 21:52:40,259 -     || unique taglist code: 98
2023-11-19 21:52:40,260 - DEV || epcloss: 0.0682
2023-11-19 21:52:40,261 -     || Q: 0.5327
2023-11-19 21:52:40,261 -     || KL: 0.6095
2023-11-19 21:52:40,262 -     || token_match: 0.977, exact_match: 0.736
2023-11-19 21:52:40,263 -     || unique taglist code: 82
2023-11-19 21:52:40,264 -     || seen taglist code: 82
2023-11-19 21:52:40,273 - 
2023-11-19 21:52:40,274 - #epc: 55
2023-11-19 21:52:40,391 - epc:55, epc_KL:  1.000000
2023-11-19 21:54:02,693 - exact_match_tst_copy_acc: 0.723
2023-11-19 21:54:04,297 - TRN || epcloss: 0.0869
2023-11-19 21:54:04,298 -     || Q: 0.5146
2023-11-19 21:54:04,299 -     || KL: 0.2295
2023-11-19 21:54:04,300 -     || token_match: 0.972, exact_match: 0.710
2023-11-19 21:54:04,300 -     || unique taglist code: 99
2023-11-19 21:54:04,301 - DEV || epcloss: 0.0779
2023-11-19 21:54:04,302 -     || Q: 0.5169
2023-11-19 21:54:04,303 -     || KL: 0.6005
2023-11-19 21:54:04,304 -     || token_match: 0.973, exact_match: 0.710
2023-11-19 21:54:04,305 -     || unique taglist code: 84
2023-11-19 21:54:04,305 -     || seen taglist code: 84
2023-11-19 21:54:04,312 - 
2023-11-19 21:54:04,313 - #epc: 56
2023-11-19 21:54:04,417 - epc:56, epc_KL:  1.000000
2023-11-19 21:55:26,305 - exact_match_tst_copy_acc: 0.752
2023-11-19 21:55:27,967 - TRN || epcloss: 0.0833
2023-11-19 21:55:27,968 -     || Q: 0.4875
2023-11-19 21:55:27,969 -     || KL: 0.2281
2023-11-19 21:55:27,970 -     || token_match: 0.974, exact_match: 0.722
2023-11-19 21:55:27,971 -     || unique taglist code: 97
2023-11-19 21:55:27,972 - DEV || epcloss: 0.0739
2023-11-19 21:55:27,973 -     || Q: 0.5069
2023-11-19 21:55:27,974 -     || KL: 0.6009
2023-11-19 21:55:27,974 -     || token_match: 0.975, exact_match: 0.730
2023-11-19 21:55:27,975 -     || unique taglist code: 85
2023-11-19 21:55:27,976 -     || seen taglist code: 85
2023-11-19 21:55:27,977 -     || MOST used devcode: 85
2023-11-19 21:55:27,984 - 
2023-11-19 21:55:27,985 - #epc: 57
2023-11-19 21:55:28,079 - epc:57, epc_KL:  1.000000
2023-11-19 21:56:50,260 - exact_match_tst_copy_acc: 0.721
2023-11-19 21:56:51,886 - TRN || epcloss: 0.0833
2023-11-19 21:56:51,887 -     || Q: 0.4934
2023-11-19 21:56:51,887 -     || KL: 0.2279
2023-11-19 21:56:51,888 -     || token_match: 0.974, exact_match: 0.724
2023-11-19 21:56:51,889 -     || unique taglist code: 98
2023-11-19 21:56:51,889 - DEV || epcloss: 0.0675
2023-11-19 21:56:51,890 -     || Q: 0.5052
2023-11-19 21:56:51,891 -     || KL: 0.5958
2023-11-19 21:56:51,891 -     || token_match: 0.978, exact_match: 0.773
2023-11-19 21:56:51,892 -     || unique taglist code: 84
2023-11-19 21:56:51,892 -     || seen taglist code: 84
2023-11-19 21:56:51,899 - 
2023-11-19 21:56:51,900 - #epc: 58
2023-11-19 21:56:52,007 - epc:58, epc_KL:  1.000000
2023-11-19 21:58:14,319 - exact_match_tst_copy_acc: 0.741
2023-11-19 21:58:16,063 - TRN || epcloss: 0.0848
2023-11-19 21:58:16,063 -     || Q: 0.4969
2023-11-19 21:58:16,064 -     || KL: 0.2279
2023-11-19 21:58:16,065 -     || token_match: 0.973, exact_match: 0.719
2023-11-19 21:58:16,066 -     || unique taglist code: 97
2023-11-19 21:58:16,067 - DEV || epcloss: 0.0647
2023-11-19 21:58:16,068 -     || Q: 0.5373
2023-11-19 21:58:16,068 -     || KL: 0.6065
2023-11-19 21:58:16,069 -     || token_match: 0.981, exact_match: 0.790
2023-11-19 21:58:16,070 -     || unique taglist code: 85
2023-11-19 21:58:16,071 -     || seen taglist code: 85
2023-11-19 21:58:16,078 - 
2023-11-19 21:58:16,079 - #epc: 59
2023-11-19 21:58:16,176 - epc:59, epc_KL:  1.000000
2023-11-19 21:59:38,933 - exact_match_tst_copy_acc: 0.709
2023-11-19 21:59:40,613 - TRN || epcloss: 0.0845
2023-11-19 21:59:40,614 -     || Q: 0.4948
2023-11-19 21:59:40,615 -     || KL: 0.2264
2023-11-19 21:59:40,616 -     || token_match: 0.973, exact_match: 0.718
2023-11-19 21:59:40,617 -     || unique taglist code: 99
2023-11-19 21:59:40,617 - DEV || epcloss: 0.0906
2023-11-19 21:59:40,618 -     || Q: 0.5257
2023-11-19 21:59:40,619 -     || KL: 0.5553
2023-11-19 21:59:40,620 -     || token_match: 0.972, exact_match: 0.691
2023-11-19 21:59:40,620 -     || unique taglist code: 89
2023-11-19 21:59:40,621 -     || seen taglist code: 89
2023-11-19 21:59:40,622 -     || MOST used devcode: 89
2023-11-19 21:59:40,629 - 
2023-11-19 21:59:40,630 - #epc: 60
2023-11-19 21:59:40,740 - epc:60, epc_KL:  1.000000
2023-11-19 22:01:03,263 - exact_match_tst_copy_acc: 0.749
2023-11-19 22:01:04,959 - TRN || epcloss: 0.0880
2023-11-19 22:01:04,960 -     || Q: 0.5206
2023-11-19 22:01:04,961 -     || KL: 0.2270
2023-11-19 22:01:04,962 -     || token_match: 0.972, exact_match: 0.709
2023-11-19 22:01:04,962 -     || unique taglist code: 100
2023-11-19 22:01:04,963 - DEV || epcloss: 0.0837
2023-11-19 22:01:04,964 -     || Q: 0.5475
2023-11-19 22:01:04,965 -     || KL: 0.6008
2023-11-19 22:01:04,966 -     || token_match: 0.976, exact_match: 0.755
2023-11-19 22:01:04,966 -     || unique taglist code: 84
2023-11-19 22:01:04,967 -     || seen taglist code: 84
2023-11-19 22:01:04,974 - 
2023-11-19 22:01:04,975 - #epc: 61
2023-11-19 22:01:05,074 - epc:61, epc_KL:  1.000000
2023-11-19 22:02:27,521 - exact_match_tst_copy_acc: 0.762
2023-11-19 22:02:29,249 - TRN || epcloss: 0.0860
2023-11-19 22:02:29,250 -     || Q: 0.5166
2023-11-19 22:02:29,251 -     || KL: 0.2271
2023-11-19 22:02:29,252 -     || token_match: 0.973, exact_match: 0.719
2023-11-19 22:02:29,252 -     || unique taglist code: 99
2023-11-19 22:02:29,253 - DEV || epcloss: 0.0732
2023-11-19 22:02:29,254 -     || Q: 0.5554
2023-11-19 22:02:29,255 -     || KL: 0.5812
2023-11-19 22:02:29,256 -     || token_match: 0.978, exact_match: 0.758
2023-11-19 22:02:29,256 -     || unique taglist code: 86
2023-11-19 22:02:29,257 -     || seen taglist code: 86
2023-11-19 22:02:29,265 - 
2023-11-19 22:02:29,266 - #epc: 62
2023-11-19 22:02:29,376 - epc:62, epc_KL:  1.000000
2023-11-19 22:03:51,745 - exact_match_tst_copy_acc: 0.766
2023-11-19 22:03:53,564 - TRN || epcloss: 0.0902
2023-11-19 22:03:53,565 -     || Q: 0.5184
2023-11-19 22:03:53,566 -     || KL: 0.2265
2023-11-19 22:03:53,567 -     || token_match: 0.971, exact_match: 0.702
2023-11-19 22:03:53,568 -     || unique taglist code: 99
2023-11-19 22:03:53,569 - DEV || epcloss: 0.0641
2023-11-19 22:03:53,570 -     || Q: 0.5108
2023-11-19 22:03:53,571 -     || KL: 0.5987
2023-11-19 22:03:53,571 -     || token_match: 0.980, exact_match: 0.790
2023-11-19 22:03:53,572 -     || unique taglist code: 87
2023-11-19 22:03:53,573 -     || seen taglist code: 87
2023-11-19 22:03:53,580 - 
2023-11-19 22:03:53,581 - #epc: 63
2023-11-19 22:03:53,682 - epc:63, epc_KL:  1.000000
2023-11-19 22:05:16,557 - exact_match_tst_copy_acc: 0.743
2023-11-19 22:05:18,440 - TRN || epcloss: 0.0837
2023-11-19 22:05:18,441 -     || Q: 0.4949
2023-11-19 22:05:18,441 -     || KL: 0.2254
2023-11-19 22:05:18,442 -     || token_match: 0.974, exact_match: 0.723
2023-11-19 22:05:18,443 -     || unique taglist code: 98
2023-11-19 22:05:18,444 - DEV || epcloss: 0.0634
2023-11-19 22:05:18,444 -     || Q: 0.4911
2023-11-19 22:05:18,445 -     || KL: 0.6040
2023-11-19 22:05:18,446 -     || token_match: 0.979, exact_match: 0.779
2023-11-19 22:05:18,446 -     || unique taglist code: 87
2023-11-19 22:05:18,447 -     || seen taglist code: 87
2023-11-19 22:05:18,454 - 
2023-11-19 22:05:18,455 - #epc: 64
2023-11-19 22:05:18,571 - epc:64, epc_KL:  1.000000
2023-11-19 22:06:42,147 - exact_match_tst_copy_acc: 0.770
2023-11-19 22:06:43,922 - TRN || epcloss: 0.0821
2023-11-19 22:06:43,923 -     || Q: 0.4704
2023-11-19 22:06:43,923 -     || KL: 0.2256
2023-11-19 22:06:43,924 -     || token_match: 0.974, exact_match: 0.728
2023-11-19 22:06:43,924 -     || unique taglist code: 100
2023-11-19 22:06:43,925 - DEV || epcloss: 0.0622
2023-11-19 22:06:43,926 -     || Q: 0.4347
2023-11-19 22:06:43,927 -     || KL: 0.5923
2023-11-19 22:06:43,927 -     || token_match: 0.980, exact_match: 0.794
2023-11-19 22:06:43,928 -     || unique taglist code: 89
2023-11-19 22:06:43,928 -     || seen taglist code: 89
2023-11-19 22:06:43,935 - 
2023-11-19 22:06:43,935 - #epc: 65
2023-11-19 22:06:44,041 - epc:65, epc_KL:  1.000000
2023-11-19 22:08:07,777 - exact_match_tst_copy_acc: 0.790
2023-11-19 22:08:09,684 - TRN || epcloss: 0.0773
2023-11-19 22:08:09,685 -     || Q: 0.4193
2023-11-19 22:08:09,685 -     || KL: 0.2245
2023-11-19 22:08:09,686 -     || token_match: 0.976, exact_match: 0.744
2023-11-19 22:08:09,686 -     || unique taglist code: 100
2023-11-19 22:08:09,687 - DEV || epcloss: 0.0605
2023-11-19 22:08:09,688 -     || Q: 0.4316
2023-11-19 22:08:09,688 -     || KL: 0.5911
2023-11-19 22:08:09,689 -     || token_match: 0.982, exact_match: 0.812
2023-11-19 22:08:09,690 -     || unique taglist code: 87
2023-11-19 22:08:09,690 -     || seen taglist code: 87
2023-11-19 22:08:09,697 - 
2023-11-19 22:08:09,697 - #epc: 66
2023-11-19 22:08:09,819 - epc:66, epc_KL:  1.000000
2023-11-19 22:09:33,626 - exact_match_tst_copy_acc: 0.768
2023-11-19 22:09:35,401 - TRN || epcloss: 0.0777
2023-11-19 22:09:35,402 -     || Q: 0.4243
2023-11-19 22:09:35,403 -     || KL: 0.2239
2023-11-19 22:09:35,403 -     || token_match: 0.976, exact_match: 0.747
2023-11-19 22:09:35,404 -     || unique taglist code: 100
2023-11-19 22:09:35,404 - DEV || epcloss: 0.0572
2023-11-19 22:09:35,405 -     || Q: 0.4298
2023-11-19 22:09:35,406 -     || KL: 0.5960
2023-11-19 22:09:35,406 -     || token_match: 0.981, exact_match: 0.790
2023-11-19 22:09:35,407 -     || unique taglist code: 86
2023-11-19 22:09:35,407 -     || seen taglist code: 86
2023-11-19 22:09:35,414 - 
2023-11-19 22:09:35,414 - #epc: 67
2023-11-19 22:09:35,520 - epc:67, epc_KL:  1.000000
2023-11-19 22:10:59,744 - exact_match_tst_copy_acc: 0.770
2023-11-19 22:11:01,537 - TRN || epcloss: 0.0773
2023-11-19 22:11:01,538 -     || Q: 0.4263
2023-11-19 22:11:01,538 -     || KL: 0.2239
2023-11-19 22:11:01,539 -     || token_match: 0.976, exact_match: 0.747
2023-11-19 22:11:01,540 -     || unique taglist code: 100
2023-11-19 22:11:01,540 - DEV || epcloss: 0.0577
2023-11-19 22:11:01,541 -     || Q: 0.4164
2023-11-19 22:11:01,542 -     || KL: 0.5873
2023-11-19 22:11:01,542 -     || token_match: 0.983, exact_match: 0.818
2023-11-19 22:11:01,543 -     || unique taglist code: 89
2023-11-19 22:11:01,544 -     || seen taglist code: 89
2023-11-19 22:11:01,552 - 
2023-11-19 22:11:01,552 - #epc: 68
2023-11-19 22:11:01,682 - epc:68, epc_KL:  1.000000
2023-11-19 22:12:25,723 - exact_match_tst_copy_acc: 0.810
2023-11-19 22:12:27,540 - TRN || epcloss: 0.0740
2023-11-19 22:12:27,540 -     || Q: 0.4006
2023-11-19 22:12:27,541 -     || KL: 0.2225
2023-11-19 22:12:27,542 -     || token_match: 0.977, exact_match: 0.757
2023-11-19 22:12:27,543 -     || unique taglist code: 100
2023-11-19 22:12:27,544 - DEV || epcloss: 0.0692
2023-11-19 22:12:27,544 -     || Q: 0.3583
2023-11-19 22:12:27,545 -     || KL: 0.5845
2023-11-19 22:12:27,546 -     || token_match: 0.980, exact_match: 0.790
2023-11-19 22:12:27,546 -     || unique taglist code: 86
2023-11-19 22:12:27,547 -     || seen taglist code: 86
2023-11-19 22:12:27,555 - 
2023-11-19 22:12:27,556 - #epc: 69
2023-11-19 22:12:27,671 - epc:69, epc_KL:  1.000000
2023-11-19 22:13:51,516 - exact_match_tst_copy_acc: 0.754
2023-11-19 22:13:53,323 - TRN || epcloss: 0.0755
2023-11-19 22:13:53,323 -     || Q: 0.3825
2023-11-19 22:13:53,324 -     || KL: 0.2232
2023-11-19 22:13:53,325 -     || token_match: 0.977, exact_match: 0.753
2023-11-19 22:13:53,326 -     || unique taglist code: 100
2023-11-19 22:13:53,326 - DEV || epcloss: 0.0613
2023-11-19 22:13:53,327 -     || Q: 0.3814
2023-11-19 22:13:53,328 -     || KL: 0.5823
2023-11-19 22:13:53,329 -     || token_match: 0.980, exact_match: 0.770
2023-11-19 22:13:53,329 -     || unique taglist code: 84
2023-11-19 22:13:53,330 -     || seen taglist code: 84
2023-11-19 22:13:53,337 - 
2023-11-19 22:13:53,338 - #epc: 70
2023-11-19 22:13:53,467 - epc:70, epc_KL:  1.000000
2023-11-19 22:15:17,005 - exact_match_tst_copy_acc: 0.758
2023-11-19 22:15:18,901 - TRN || epcloss: 0.0753
2023-11-19 22:15:18,902 -     || Q: 0.3986
2023-11-19 22:15:18,902 -     || KL: 0.2230
2023-11-19 22:15:18,903 -     || token_match: 0.976, exact_match: 0.751
2023-11-19 22:15:18,904 -     || unique taglist code: 100
2023-11-19 22:15:18,905 - DEV || epcloss: 0.0617
2023-11-19 22:15:18,905 -     || Q: 0.3769
2023-11-19 22:15:18,906 -     || KL: 0.5828
2023-11-19 22:15:18,907 -     || token_match: 0.982, exact_match: 0.788
2023-11-19 22:15:18,907 -     || unique taglist code: 86
2023-11-19 22:15:18,908 -     || seen taglist code: 86
2023-11-19 22:15:18,914 - 
2023-11-19 22:15:18,915 - #epc: 71
2023-11-19 22:15:19,024 - epc:71, epc_KL:  1.000000
2023-11-19 22:16:42,646 - exact_match_tst_copy_acc: 0.778
2023-11-19 22:16:44,670 - TRN || epcloss: 0.0725
2023-11-19 22:16:44,670 -     || Q: 0.3870
2023-11-19 22:16:44,671 -     || KL: 0.2234
2023-11-19 22:16:44,672 -     || token_match: 0.978, exact_match: 0.765
2023-11-19 22:16:44,673 -     || unique taglist code: 100
2023-11-19 22:16:44,673 - DEV || epcloss: 0.0552
2023-11-19 22:16:44,674 -     || Q: 0.3912
2023-11-19 22:16:44,675 -     || KL: 0.5851
2023-11-19 22:16:44,675 -     || token_match: 0.982, exact_match: 0.792
2023-11-19 22:16:44,676 -     || unique taglist code: 85
2023-11-19 22:16:44,676 -     || seen taglist code: 85
2023-11-19 22:16:44,683 - 
2023-11-19 22:16:44,684 - #epc: 72
2023-11-19 22:16:44,809 - epc:72, epc_KL:  1.000000
2023-11-19 22:18:08,503 - exact_match_tst_copy_acc: 0.792
2023-11-19 22:18:10,342 - TRN || epcloss: 0.0725
2023-11-19 22:18:10,342 -     || Q: 0.3754
2023-11-19 22:18:10,343 -     || KL: 0.2240
2023-11-19 22:18:10,344 -     || token_match: 0.978, exact_match: 0.764
2023-11-19 22:18:10,344 -     || unique taglist code: 100
2023-11-19 22:18:10,345 - DEV || epcloss: 0.0589
2023-11-19 22:18:10,346 -     || Q: 0.3529
2023-11-19 22:18:10,346 -     || KL: 0.5757
2023-11-19 22:18:10,347 -     || token_match: 0.983, exact_match: 0.805
2023-11-19 22:18:10,347 -     || unique taglist code: 88
2023-11-19 22:18:10,348 -     || seen taglist code: 88
2023-11-19 22:18:10,354 - 
2023-11-19 22:18:10,355 - #epc: 73
2023-11-19 22:18:10,463 - epc:73, epc_KL:  1.000000
2023-11-19 22:19:34,277 - exact_match_tst_copy_acc: 0.810
2023-11-19 22:19:36,175 - TRN || epcloss: 0.0706
2023-11-19 22:19:36,176 -     || Q: 0.3531
2023-11-19 22:19:36,177 -     || KL: 0.2229
2023-11-19 22:19:36,178 -     || token_match: 0.978, exact_match: 0.769
2023-11-19 22:19:36,178 -     || unique taglist code: 100
2023-11-19 22:19:36,179 - DEV || epcloss: 0.0570
2023-11-19 22:19:36,180 -     || Q: 0.3519
2023-11-19 22:19:36,181 -     || KL: 0.5855
2023-11-19 22:19:36,181 -     || token_match: 0.981, exact_match: 0.807
2023-11-19 22:19:36,182 -     || unique taglist code: 88
2023-11-19 22:19:36,182 -     || seen taglist code: 88
2023-11-19 22:19:36,189 - 
2023-11-19 22:19:36,190 - #epc: 74
2023-11-19 22:19:36,317 - epc:74, epc_KL:  1.000000
2023-11-19 22:21:00,157 - exact_match_tst_copy_acc: 0.776
2023-11-19 22:21:02,112 - TRN || epcloss: 0.0743
2023-11-19 22:21:02,113 -     || Q: 0.3791
2023-11-19 22:21:02,113 -     || KL: 0.2239
2023-11-19 22:21:02,114 -     || token_match: 0.977, exact_match: 0.764
2023-11-19 22:21:02,115 -     || unique taglist code: 99
2023-11-19 22:21:02,115 - DEV || epcloss: 0.0515
2023-11-19 22:21:02,116 -     || Q: 0.3467
2023-11-19 22:21:02,117 -     || KL: 0.5820
2023-11-19 22:21:02,117 -     || token_match: 0.983, exact_match: 0.818
2023-11-19 22:21:02,118 -     || unique taglist code: 86
2023-11-19 22:21:02,119 -     || seen taglist code: 86
2023-11-19 22:21:02,125 - 
2023-11-19 22:21:02,126 - #epc: 75
2023-11-19 22:21:02,236 - epc:75, epc_KL:  1.000000
2023-11-19 22:22:26,024 - exact_match_tst_copy_acc: 0.822
2023-11-19 22:22:27,971 - TRN || epcloss: 0.0734
2023-11-19 22:22:27,972 -     || Q: 0.3573
2023-11-19 22:22:27,973 -     || KL: 0.2228
2023-11-19 22:22:27,974 -     || token_match: 0.978, exact_match: 0.764
2023-11-19 22:22:27,974 -     || unique taglist code: 99
2023-11-19 22:22:27,975 - DEV || epcloss: 0.0567
2023-11-19 22:22:27,976 -     || Q: 0.3289
2023-11-19 22:22:27,977 -     || KL: 0.5954
2023-11-19 22:22:27,977 -     || token_match: 0.984, exact_match: 0.812
2023-11-19 22:22:27,978 -     || unique taglist code: 86
2023-11-19 22:22:27,979 -     || seen taglist code: 86
2023-11-19 22:22:27,986 - 
2023-11-19 22:22:27,987 - #epc: 76
2023-11-19 22:22:28,084 - epc:76, epc_KL:  1.000000
2023-11-19 22:23:52,102 - exact_match_tst_copy_acc: 0.790
2023-11-19 22:23:53,977 - TRN || epcloss: 0.0714
2023-11-19 22:23:53,978 -     || Q: 0.3534
2023-11-19 22:23:53,978 -     || KL: 0.2231
2023-11-19 22:23:53,979 -     || token_match: 0.978, exact_match: 0.770
2023-11-19 22:23:53,980 -     || unique taglist code: 99
2023-11-19 22:23:53,980 - DEV || epcloss: 0.0587
2023-11-19 22:23:53,981 -     || Q: 0.3294
2023-11-19 22:23:53,981 -     || KL: 0.5918
2023-11-19 22:23:53,982 -     || token_match: 0.980, exact_match: 0.768
2023-11-19 22:23:53,982 -     || unique taglist code: 87
2023-11-19 22:23:53,983 -     || seen taglist code: 87
2023-11-19 22:23:53,989 - 
2023-11-19 22:23:53,990 - #epc: 77
2023-11-19 22:23:54,102 - epc:77, epc_KL:  1.000000
2023-11-19 22:25:17,973 - exact_match_tst_copy_acc: 0.780
2023-11-19 22:25:19,898 - TRN || epcloss: 0.0756
2023-11-19 22:25:19,899 -     || Q: 0.3657
2023-11-19 22:25:19,899 -     || KL: 0.2238
2023-11-19 22:25:19,900 -     || token_match: 0.977, exact_match: 0.761
2023-11-19 22:25:19,901 -     || unique taglist code: 100
2023-11-19 22:25:19,901 - DEV || epcloss: 0.0620
2023-11-19 22:25:19,902 -     || Q: 0.3609
2023-11-19 22:25:19,902 -     || KL: 0.5724
2023-11-19 22:25:19,903 -     || token_match: 0.982, exact_match: 0.803
2023-11-19 22:25:19,903 -     || unique taglist code: 89
2023-11-19 22:25:19,904 -     || seen taglist code: 89
2023-11-19 22:25:19,911 - 
2023-11-19 22:25:19,912 - #epc: 78
2023-11-19 22:25:20,011 - epc:78, epc_KL:  1.000000
2023-11-19 22:26:44,322 - exact_match_tst_copy_acc: 0.776
2023-11-19 22:26:46,147 - TRN || epcloss: 0.0752
2023-11-19 22:26:46,148 -     || Q: 0.3602
2023-11-19 22:26:46,149 -     || KL: 0.2242
2023-11-19 22:26:46,150 -     || token_match: 0.977, exact_match: 0.760
2023-11-19 22:26:46,150 -     || unique taglist code: 100
2023-11-19 22:26:46,151 - DEV || epcloss: 0.0735
2023-11-19 22:26:46,152 -     || Q: 0.3571
2023-11-19 22:26:46,152 -     || KL: 0.5826
2023-11-19 22:26:46,153 -     || token_match: 0.978, exact_match: 0.779
2023-11-19 22:26:46,153 -     || unique taglist code: 85
2023-11-19 22:26:46,154 -     || seen taglist code: 85
2023-11-19 22:26:46,160 - 
2023-11-19 22:26:46,161 - #epc: 79
2023-11-19 22:26:46,275 - epc:79, epc_KL:  1.000000
2023-11-19 22:28:09,758 - exact_match_tst_copy_acc: 0.814
2023-11-19 22:28:11,622 - TRN || epcloss: 0.0754
2023-11-19 22:28:11,623 -     || Q: 0.3509
2023-11-19 22:28:11,623 -     || KL: 0.2240
2023-11-19 22:28:11,624 -     || token_match: 0.977, exact_match: 0.760
2023-11-19 22:28:11,625 -     || unique taglist code: 100
2023-11-19 22:28:11,625 - DEV || epcloss: 0.0560
2023-11-19 22:28:11,626 -     || Q: 0.3419
2023-11-19 22:28:11,627 -     || KL: 0.5832
2023-11-19 22:28:11,627 -     || token_match: 0.982, exact_match: 0.801
2023-11-19 22:28:11,628 -     || unique taglist code: 86
2023-11-19 22:28:11,629 -     || seen taglist code: 86
2023-11-19 22:28:11,635 - 
2023-11-19 22:28:11,636 - #epc: 80
2023-11-19 22:28:11,740 - epc:80, epc_KL:  1.000000
2023-11-19 22:29:35,328 - exact_match_tst_copy_acc: 0.784
2023-11-19 22:29:37,207 - TRN || epcloss: 0.0746
2023-11-19 22:29:37,208 -     || Q: 0.3532
2023-11-19 22:29:37,209 -     || KL: 0.2242
2023-11-19 22:29:37,209 -     || token_match: 0.977, exact_match: 0.762
2023-11-19 22:29:37,210 -     || unique taglist code: 100
2023-11-19 22:29:37,211 - DEV || epcloss: 0.0585
2023-11-19 22:29:37,211 -     || Q: 0.3500
2023-11-19 22:29:37,212 -     || KL: 0.5972
2023-11-19 22:29:37,213 -     || token_match: 0.983, exact_match: 0.807
2023-11-19 22:29:37,214 -     || unique taglist code: 87
2023-11-19 22:29:37,214 -     || seen taglist code: 87
2023-11-19 22:29:37,221 - 
2023-11-19 22:29:37,222 - #epc: 81
2023-11-19 22:29:37,342 - epc:81, epc_KL:  1.000000
2023-11-19 22:31:00,767 - exact_match_tst_copy_acc: 0.800
2023-11-19 22:31:02,616 - TRN || epcloss: 0.0749
2023-11-19 22:31:02,617 -     || Q: 0.3401
2023-11-19 22:31:02,618 -     || KL: 0.2242
2023-11-19 22:31:02,619 -     || token_match: 0.977, exact_match: 0.764
2023-11-19 22:31:02,619 -     || unique taglist code: 100
2023-11-19 22:31:02,620 - DEV || epcloss: 0.0594
2023-11-19 22:31:02,621 -     || Q: 0.3235
2023-11-19 22:31:02,621 -     || KL: 0.5985
2023-11-19 22:31:02,622 -     || token_match: 0.981, exact_match: 0.790
2023-11-19 22:31:02,623 -     || unique taglist code: 87
2023-11-19 22:31:02,623 -     || seen taglist code: 87
2023-11-19 22:31:02,631 - 
2023-11-19 22:31:02,632 - #epc: 82
2023-11-19 22:31:02,742 - epc:82, epc_KL:  1.000000
2023-11-19 22:32:26,215 - exact_match_tst_copy_acc: 0.806
2023-11-19 22:32:28,158 - TRN || epcloss: 0.0719
2023-11-19 22:32:28,159 -     || Q: 0.3155
2023-11-19 22:32:28,160 -     || KL: 0.2240
2023-11-19 22:32:28,161 -     || token_match: 0.978, exact_match: 0.769
2023-11-19 22:32:28,161 -     || unique taglist code: 100
2023-11-19 22:32:28,162 - DEV || epcloss: 0.0650
2023-11-19 22:32:28,163 -     || Q: 0.3007
2023-11-19 22:32:28,163 -     || KL: 0.5744
2023-11-19 22:32:28,164 -     || token_match: 0.981, exact_match: 0.783
2023-11-19 22:32:28,165 -     || unique taglist code: 88
2023-11-19 22:32:28,165 -     || seen taglist code: 88
2023-11-19 22:32:28,173 - 
2023-11-19 22:32:28,174 - #epc: 83
2023-11-19 22:32:28,278 - epc:83, epc_KL:  1.000000
2023-11-19 22:33:51,776 - exact_match_tst_copy_acc: 0.804
2023-11-19 22:33:53,596 - TRN || epcloss: 0.0730
2023-11-19 22:33:53,597 -     || Q: 0.3240
2023-11-19 22:33:53,597 -     || KL: 0.2225
2023-11-19 22:33:53,598 -     || token_match: 0.978, exact_match: 0.766
2023-11-19 22:33:53,599 -     || unique taglist code: 100
2023-11-19 22:33:53,599 - DEV || epcloss: 0.0606
2023-11-19 22:33:53,600 -     || Q: 0.3835
2023-11-19 22:33:53,600 -     || KL: 0.6003
2023-11-19 22:33:53,601 -     || token_match: 0.981, exact_match: 0.786
2023-11-19 22:33:53,602 -     || unique taglist code: 87
2023-11-19 22:33:53,602 -     || seen taglist code: 87
2023-11-19 22:33:53,609 - 
2023-11-19 22:33:53,609 - #epc: 84
2023-11-19 22:33:53,732 - epc:84, epc_KL:  1.000000
2023-11-19 22:35:16,759 - exact_match_tst_copy_acc: 0.800
2023-11-19 22:35:18,605 - TRN || epcloss: 0.0745
2023-11-19 22:35:18,606 -     || Q: 0.3345
2023-11-19 22:35:18,607 -     || KL: 0.2242
2023-11-19 22:35:18,607 -     || token_match: 0.977, exact_match: 0.763
2023-11-19 22:35:18,608 -     || unique taglist code: 100
2023-11-19 22:35:18,609 - DEV || epcloss: 0.0568
2023-11-19 22:35:18,609 -     || Q: 0.3338
2023-11-19 22:35:18,610 -     || KL: 0.5773
2023-11-19 22:35:18,610 -     || token_match: 0.983, exact_match: 0.814
2023-11-19 22:35:18,611 -     || unique taglist code: 89
2023-11-19 22:35:18,611 -     || seen taglist code: 89
2023-11-19 22:35:18,618 - 
2023-11-19 22:35:18,619 - #epc: 85
2023-11-19 22:35:18,733 - epc:85, epc_KL:  1.000000
2023-11-19 22:36:41,924 - exact_match_tst_copy_acc: 0.780
2023-11-19 22:36:43,807 - TRN || epcloss: 0.0758
2023-11-19 22:36:43,808 -     || Q: 0.3629
2023-11-19 22:36:43,809 -     || KL: 0.2233
2023-11-19 22:36:43,810 -     || token_match: 0.977, exact_match: 0.759
2023-11-19 22:36:43,810 -     || unique taglist code: 100
2023-11-19 22:36:43,811 - DEV || epcloss: 0.0607
2023-11-19 22:36:43,812 -     || Q: 0.3555
2023-11-19 22:36:43,812 -     || KL: 0.5946
2023-11-19 22:36:43,813 -     || token_match: 0.983, exact_match: 0.812
2023-11-19 22:36:43,814 -     || unique taglist code: 89
2023-11-19 22:36:43,814 -     || seen taglist code: 89
2023-11-19 22:36:43,821 - 
2023-11-19 22:36:43,822 - #epc: 86
2023-11-19 22:36:43,923 - epc:86, epc_KL:  1.000000
2023-11-19 22:38:07,298 - exact_match_tst_copy_acc: 0.786
2023-11-19 22:38:09,197 - TRN || epcloss: 0.0774
2023-11-19 22:38:09,197 -     || Q: 0.3657
2023-11-19 22:38:09,198 -     || KL: 0.2234
2023-11-19 22:38:09,199 -     || token_match: 0.977, exact_match: 0.757
2023-11-19 22:38:09,199 -     || unique taglist code: 99
2023-11-19 22:38:09,200 - DEV || epcloss: 0.0695
2023-11-19 22:38:09,201 -     || Q: 0.3474
2023-11-19 22:38:09,201 -     || KL: 0.5863
2023-11-19 22:38:09,202 -     || token_match: 0.978, exact_match: 0.768
2023-11-19 22:38:09,202 -     || unique taglist code: 90
2023-11-19 22:38:09,203 -     || seen taglist code: 90
2023-11-19 22:38:09,204 -     || MOST used devcode: 90
2023-11-19 22:38:09,209 - 
2023-11-19 22:38:09,210 - #epc: 87
2023-11-19 22:38:09,341 - epc:87, epc_KL:  1.000000
2023-11-19 22:39:32,744 - exact_match_tst_copy_acc: 0.822
2023-11-19 22:39:34,667 - TRN || epcloss: 0.0780
2023-11-19 22:39:34,668 -     || Q: 0.3558
2023-11-19 22:39:34,669 -     || KL: 0.2240
2023-11-19 22:39:34,669 -     || token_match: 0.976, exact_match: 0.754
2023-11-19 22:39:34,670 -     || unique taglist code: 99
2023-11-19 22:39:34,670 - DEV || epcloss: 0.0613
2023-11-19 22:39:34,671 -     || Q: 0.3494
2023-11-19 22:39:34,672 -     || KL: 0.5976
2023-11-19 22:39:34,672 -     || token_match: 0.981, exact_match: 0.805
2023-11-19 22:39:34,673 -     || unique taglist code: 89
2023-11-19 22:39:34,673 -     || seen taglist code: 89
2023-11-19 22:39:34,680 - 
2023-11-19 22:39:34,681 - #epc: 88
2023-11-19 22:39:34,795 - epc:88, epc_KL:  1.000000
2023-11-19 22:40:58,326 - exact_match_tst_copy_acc: 0.762
2023-11-19 22:41:00,163 - TRN || epcloss: 0.0779
2023-11-19 22:41:00,164 -     || Q: 0.3511
2023-11-19 22:41:00,165 -     || KL: 0.2243
2023-11-19 22:41:00,165 -     || token_match: 0.977, exact_match: 0.757
2023-11-19 22:41:00,166 -     || unique taglist code: 100
2023-11-19 22:41:00,167 - DEV || epcloss: 0.0731
2023-11-19 22:41:00,167 -     || Q: 0.3610
2023-11-19 22:41:00,168 -     || KL: 0.5676
2023-11-19 22:41:00,169 -     || token_match: 0.978, exact_match: 0.775
2023-11-19 22:41:00,169 -     || unique taglist code: 87
2023-11-19 22:41:00,170 -     || seen taglist code: 87
2023-11-19 22:41:00,176 - 
2023-11-19 22:41:00,177 - #epc: 89
2023-11-19 22:41:00,283 - epc:89, epc_KL:  1.000000
2023-11-19 22:42:23,573 - exact_match_tst_copy_acc: 0.760
2023-11-19 22:42:25,604 - TRN || epcloss: 0.0765
2023-11-19 22:42:25,605 -     || Q: 0.3366
2023-11-19 22:42:25,606 -     || KL: 0.2245
2023-11-19 22:42:25,606 -     || token_match: 0.977, exact_match: 0.759
2023-11-19 22:42:25,607 -     || unique taglist code: 100
2023-11-19 22:42:25,608 - DEV || epcloss: 0.0648
2023-11-19 22:42:25,608 -     || Q: 0.3404
2023-11-19 22:42:25,609 -     || KL: 0.5853
2023-11-19 22:42:25,610 -     || token_match: 0.980, exact_match: 0.766
2023-11-19 22:42:25,610 -     || unique taglist code: 91
2023-11-19 22:42:25,611 -     || seen taglist code: 91
2023-11-19 22:42:25,611 -     || MOST used devcode: 91
2023-11-19 22:42:25,617 - 
2023-11-19 22:42:25,618 - #epc: 90
2023-11-19 22:42:25,742 - epc:90, epc_KL:  1.000000
2023-11-19 22:43:49,095 - exact_match_tst_copy_acc: 0.792
2023-11-19 22:43:50,960 - TRN || epcloss: 0.0778
2023-11-19 22:43:50,961 -     || Q: 0.3344
2023-11-19 22:43:50,962 -     || KL: 0.2244
2023-11-19 22:43:50,962 -     || token_match: 0.976, exact_match: 0.755
2023-11-19 22:43:50,963 -     || unique taglist code: 100
2023-11-19 22:43:50,964 - DEV || epcloss: 0.0643
2023-11-19 22:43:50,964 -     || Q: 0.3374
2023-11-19 22:43:50,965 -     || KL: 0.5841
2023-11-19 22:43:50,966 -     || token_match: 0.980, exact_match: 0.784
2023-11-19 22:43:50,966 -     || unique taglist code: 88
2023-11-19 22:43:50,967 -     || seen taglist code: 88
2023-11-19 22:43:50,975 - 
2023-11-19 22:43:50,976 - #epc: 91
2023-11-19 22:43:51,093 - epc:91, epc_KL:  1.000000
2023-11-19 22:45:14,545 - exact_match_tst_copy_acc: 0.756
2023-11-19 22:45:16,317 - TRN || epcloss: 0.0819
2023-11-19 22:45:16,318 -     || Q: 0.3403
2023-11-19 22:45:16,319 -     || KL: 0.2260
2023-11-19 22:45:16,320 -     || token_match: 0.975, exact_match: 0.744
2023-11-19 22:45:16,320 -     || unique taglist code: 100
2023-11-19 22:45:16,321 - DEV || epcloss: 0.0643
2023-11-19 22:45:16,322 -     || Q: 0.3609
2023-11-19 22:45:16,322 -     || KL: 0.5894
2023-11-19 22:45:16,323 -     || token_match: 0.981, exact_match: 0.792
2023-11-19 22:45:16,324 -     || unique taglist code: 90
2023-11-19 22:45:16,324 -     || seen taglist code: 90
2023-11-19 22:45:16,332 - 
2023-11-19 22:45:16,333 - #epc: 92
2023-11-19 22:45:16,440 - epc:92, epc_KL:  1.000000
2023-11-19 22:46:39,682 - exact_match_tst_copy_acc: 0.828
2023-11-19 22:46:41,527 - TRN || epcloss: 0.0774
2023-11-19 22:46:41,528 -     || Q: 0.3483
2023-11-19 22:46:41,528 -     || KL: 0.2242
2023-11-19 22:46:41,529 -     || token_match: 0.976, exact_match: 0.754
2023-11-19 22:46:41,530 -     || unique taglist code: 100
2023-11-19 22:46:41,530 - DEV || epcloss: 0.0591
2023-11-19 22:46:41,531 -     || Q: 0.3484
2023-11-19 22:46:41,532 -     || KL: 0.5930
2023-11-19 22:46:41,533 -     || token_match: 0.983, exact_match: 0.807
2023-11-19 22:46:41,533 -     || unique taglist code: 90
2023-11-19 22:46:41,534 -     || seen taglist code: 90
2023-11-19 22:46:41,541 - 
2023-11-19 22:46:41,542 - #epc: 93
2023-11-19 22:46:41,670 - epc:93, epc_KL:  1.000000
2023-11-19 22:48:04,982 - exact_match_tst_copy_acc: 0.770
2023-11-19 22:48:06,825 - TRN || epcloss: 0.0764
2023-11-19 22:48:06,826 -     || Q: 0.3526
2023-11-19 22:48:06,827 -     || KL: 0.2245
2023-11-19 22:48:06,828 -     || token_match: 0.977, exact_match: 0.758
2023-11-19 22:48:06,828 -     || unique taglist code: 100
2023-11-19 22:48:06,829 - DEV || epcloss: 0.0571
2023-11-19 22:48:06,830 -     || Q: 0.3357
2023-11-19 22:48:06,830 -     || KL: 0.5908
2023-11-19 22:48:06,831 -     || token_match: 0.983, exact_match: 0.807
2023-11-19 22:48:06,832 -     || unique taglist code: 89
2023-11-19 22:48:06,832 -     || seen taglist code: 89
2023-11-19 22:48:06,840 - 
2023-11-19 22:48:06,841 - #epc: 94
2023-11-19 22:48:06,960 - epc:94, epc_KL:  1.000000
2023-11-19 22:49:30,381 - exact_match_tst_copy_acc: 0.762
2023-11-19 22:49:32,242 - TRN || epcloss: 0.0782
2023-11-19 22:49:32,243 -     || Q: 0.3440
2023-11-19 22:49:32,244 -     || KL: 0.2253
2023-11-19 22:49:32,244 -     || token_match: 0.976, exact_match: 0.752
2023-11-19 22:49:32,245 -     || unique taglist code: 100
2023-11-19 22:49:32,245 - DEV || epcloss: 0.0557
2023-11-19 22:49:32,246 -     || Q: 0.3388
2023-11-19 22:49:32,247 -     || KL: 0.6012
2023-11-19 22:49:32,248 -     || token_match: 0.985, exact_match: 0.822
2023-11-19 22:49:32,248 -     || unique taglist code: 86
2023-11-19 22:49:32,249 -     || seen taglist code: 86
2023-11-19 22:49:32,255 - 
2023-11-19 22:49:32,256 - #epc: 95
2023-11-19 22:49:32,366 - epc:95, epc_KL:  1.000000
2023-11-19 22:50:55,675 - exact_match_tst_copy_acc: 0.792
2023-11-19 22:50:57,598 - TRN || epcloss: 0.0801
2023-11-19 22:50:57,599 -     || Q: 0.3349
2023-11-19 22:50:57,600 -     || KL: 0.2259
2023-11-19 22:50:57,601 -     || token_match: 0.976, exact_match: 0.749
2023-11-19 22:50:57,601 -     || unique taglist code: 100
2023-11-19 22:50:57,602 - DEV || epcloss: 0.0769
2023-11-19 22:50:57,603 -     || Q: 0.3267
2023-11-19 22:50:57,603 -     || KL: 0.5878
2023-11-19 22:50:57,604 -     || token_match: 0.980, exact_match: 0.779
2023-11-19 22:50:57,605 -     || unique taglist code: 89
2023-11-19 22:50:57,605 -     || seen taglist code: 89
2023-11-19 22:50:57,612 - 
2023-11-19 22:50:57,613 - #epc: 96
2023-11-19 22:50:57,746 - epc:96, epc_KL:  1.000000
2023-11-19 22:52:21,292 - exact_match_tst_copy_acc: 0.780
2023-11-19 22:52:23,184 - TRN || epcloss: 0.0765
2023-11-19 22:52:23,185 -     || Q: 0.3364
2023-11-19 22:52:23,186 -     || KL: 0.2258
2023-11-19 22:52:23,187 -     || token_match: 0.977, exact_match: 0.757
2023-11-19 22:52:23,188 -     || unique taglist code: 100
2023-11-19 22:52:23,188 - DEV || epcloss: 0.0677
2023-11-19 22:52:23,189 -     || Q: 0.3393
2023-11-19 22:52:23,190 -     || KL: 0.5872
2023-11-19 22:52:23,190 -     || token_match: 0.980, exact_match: 0.794
2023-11-19 22:52:23,191 -     || unique taglist code: 88
2023-11-19 22:52:23,191 -     || seen taglist code: 88
2023-11-19 22:52:23,198 - 
2023-11-19 22:52:23,199 - #epc: 97
2023-11-19 22:52:23,322 - epc:97, epc_KL:  1.000000
2023-11-19 22:53:46,829 - exact_match_tst_copy_acc: 0.784
2023-11-19 22:53:48,667 - TRN || epcloss: 0.0827
2023-11-19 22:53:48,667 -     || Q: 0.3482
2023-11-19 22:53:48,668 -     || KL: 0.2268
2023-11-19 22:53:48,669 -     || token_match: 0.975, exact_match: 0.747
2023-11-19 22:53:48,669 -     || unique taglist code: 100
2023-11-19 22:53:48,670 - DEV || epcloss: 0.0654
2023-11-19 22:53:48,670 -     || Q: 0.3398
2023-11-19 22:53:48,671 -     || KL: 0.5921
2023-11-19 22:53:48,672 -     || token_match: 0.981, exact_match: 0.775
2023-11-19 22:53:48,672 -     || unique taglist code: 88
2023-11-19 22:53:48,673 -     || seen taglist code: 88
2023-11-19 22:53:48,680 - 
2023-11-19 22:53:48,680 - #epc: 98
2023-11-19 22:53:48,794 - epc:98, epc_KL:  1.000000
2023-11-19 22:55:12,399 - exact_match_tst_copy_acc: 0.800
2023-11-19 22:55:14,280 - TRN || epcloss: 0.0790
2023-11-19 22:55:14,281 -     || Q: 0.3359
2023-11-19 22:55:14,282 -     || KL: 0.2257
2023-11-19 22:55:14,283 -     || token_match: 0.976, exact_match: 0.751
2023-11-19 22:55:14,283 -     || unique taglist code: 100
2023-11-19 22:55:14,284 - DEV || epcloss: 0.0651
2023-11-19 22:55:14,285 -     || Q: 0.3277
2023-11-19 22:55:14,285 -     || KL: 0.5847
2023-11-19 22:55:14,286 -     || token_match: 0.980, exact_match: 0.779
2023-11-19 22:55:14,286 -     || unique taglist code: 87
2023-11-19 22:55:14,287 -     || seen taglist code: 87
2023-11-19 22:55:14,294 - 
2023-11-19 22:55:14,294 - #epc: 99
2023-11-19 22:55:14,394 - epc:99, epc_KL:  1.000000
2023-11-19 22:56:37,994 - exact_match_tst_copy_acc: 0.780
2023-11-19 22:56:39,876 - TRN || epcloss: 0.0808
2023-11-19 22:56:39,877 -     || Q: 0.3362
2023-11-19 22:56:39,877 -     || KL: 0.2274
2023-11-19 22:56:39,878 -     || token_match: 0.975, exact_match: 0.747
2023-11-19 22:56:39,879 -     || unique taglist code: 100
2023-11-19 22:56:39,879 - DEV || epcloss: 0.0672
2023-11-19 22:56:39,880 -     || Q: 0.3278
2023-11-19 22:56:39,880 -     || KL: 0.5951
2023-11-19 22:56:39,881 -     || token_match: 0.981, exact_match: 0.783
2023-11-19 22:56:39,882 -     || unique taglist code: 89
2023-11-19 22:56:39,882 -     || seen taglist code: 89
2023-11-19 22:56:39,889 - 
2023-11-19 22:56:39,889 - #epc: 100
2023-11-19 22:56:40,016 - epc:100, epc_KL:  1.000000
2023-11-19 22:58:03,614 - exact_match_tst_copy_acc: 0.778
2023-11-19 22:58:05,655 - TRN || epcloss: 0.0798
2023-11-19 22:58:05,656 -     || Q: 0.3315
2023-11-19 22:58:05,656 -     || KL: 0.2275
2023-11-19 22:58:05,657 -     || token_match: 0.976, exact_match: 0.749
2023-11-19 22:58:05,658 -     || unique taglist code: 100
2023-11-19 22:58:05,658 - DEV || epcloss: 0.0725
2023-11-19 22:58:05,659 -     || Q: 0.3196
2023-11-19 22:58:05,660 -     || KL: 0.5873
2023-11-19 22:58:05,661 -     || token_match: 0.978, exact_match: 0.762
2023-11-19 22:58:05,661 -     || unique taglist code: 88
2023-11-19 22:58:05,662 -     || seen taglist code: 88
2023-11-19 22:58:05,669 - 
2023-11-19 22:58:05,669 - #epc: 101
2023-11-19 22:58:05,793 - epc:101, epc_KL:  1.000000
2023-11-19 22:59:29,874 - exact_match_tst_copy_acc: 0.768
2023-11-19 22:59:31,814 - TRN || epcloss: 0.0847
2023-11-19 22:59:31,815 -     || Q: 0.3339
2023-11-19 22:59:31,815 -     || KL: 0.2280
2023-11-19 22:59:31,816 -     || token_match: 0.974, exact_match: 0.739
2023-11-19 22:59:31,817 -     || unique taglist code: 100
2023-11-19 22:59:31,818 - DEV || epcloss: 0.0582
2023-11-19 22:59:31,818 -     || Q: 0.3171
2023-11-19 22:59:31,819 -     || KL: 0.5944
2023-11-19 22:59:31,820 -     || token_match: 0.981, exact_match: 0.801
2023-11-19 22:59:31,820 -     || unique taglist code: 89
2023-11-19 22:59:31,821 -     || seen taglist code: 89
2023-11-19 22:59:31,828 - 
2023-11-19 22:59:31,829 - #epc: 102
2023-11-19 22:59:31,932 - epc:102, epc_KL:  1.000000
2023-11-19 23:00:56,076 - exact_match_tst_copy_acc: 0.754
2023-11-19 23:00:57,915 - TRN || epcloss: 0.0842
2023-11-19 23:00:57,916 -     || Q: 0.3289
2023-11-19 23:00:57,916 -     || KL: 0.2294
2023-11-19 23:00:57,917 -     || token_match: 0.974, exact_match: 0.738
2023-11-19 23:00:57,918 -     || unique taglist code: 100
2023-11-19 23:00:57,918 - DEV || epcloss: 0.0694
2023-11-19 23:00:57,919 -     || Q: 0.3218
2023-11-19 23:00:57,920 -     || KL: 0.6013
2023-11-19 23:00:57,920 -     || token_match: 0.979, exact_match: 0.770
2023-11-19 23:00:57,921 -     || unique taglist code: 88
2023-11-19 23:00:57,922 -     || seen taglist code: 88
2023-11-19 23:00:57,929 - 
2023-11-19 23:00:57,929 - #epc: 103
2023-11-19 23:00:58,058 - epc:103, epc_KL:  1.000000
2023-11-19 23:02:21,944 - exact_match_tst_copy_acc: 0.780
2023-11-19 23:02:23,878 - TRN || epcloss: 0.0905
2023-11-19 23:02:23,879 -     || Q: 0.3405
2023-11-19 23:02:23,880 -     || KL: 0.2300
2023-11-19 23:02:23,880 -     || token_match: 0.973, exact_match: 0.727
2023-11-19 23:02:23,881 -     || unique taglist code: 100
2023-11-19 23:02:23,881 - DEV || epcloss: 0.0616
2023-11-19 23:02:23,882 -     || Q: 0.3168
2023-11-19 23:02:23,883 -     || KL: 0.5991
2023-11-19 23:02:23,883 -     || token_match: 0.982, exact_match: 0.810
2023-11-19 23:02:23,884 -     || unique taglist code: 87
2023-11-19 23:02:23,884 -     || seen taglist code: 87
2023-11-19 23:02:23,890 - 
2023-11-19 23:02:23,890 - #epc: 104
2023-11-19 23:02:24,010 - epc:104, epc_KL:  1.000000
2023-11-19 23:03:48,203 - exact_match_tst_copy_acc: 0.790
2023-11-19 23:03:50,168 - TRN || epcloss: 0.0976
2023-11-19 23:03:50,169 -     || Q: 0.3528
2023-11-19 23:03:50,169 -     || KL: 0.2325
2023-11-19 23:03:50,170 -     || token_match: 0.971, exact_match: 0.713
2023-11-19 23:03:50,171 -     || unique taglist code: 100
2023-11-19 23:03:50,171 - DEV || epcloss: 0.0797
2023-11-19 23:03:50,172 -     || Q: 0.3454
2023-11-19 23:03:50,173 -     || KL: 0.6110
2023-11-19 23:03:50,173 -     || token_match: 0.977, exact_match: 0.753
2023-11-19 23:03:50,174 -     || unique taglist code: 91
2023-11-19 23:03:50,175 -     || seen taglist code: 91
2023-11-19 23:03:50,181 - 
2023-11-19 23:03:50,182 - #epc: 105
2023-11-19 23:03:50,287 - epc:105, epc_KL:  1.000000
2023-11-19 23:05:14,587 - exact_match_tst_copy_acc: 0.770
2023-11-19 23:05:16,506 - TRN || epcloss: 0.0905
2023-11-19 23:05:16,507 -     || Q: 0.3390
2023-11-19 23:05:16,507 -     || KL: 0.2296
2023-11-19 23:05:16,508 -     || token_match: 0.973, exact_match: 0.724
2023-11-19 23:05:16,508 -     || unique taglist code: 100
2023-11-19 23:05:16,509 - DEV || epcloss: 0.0671
2023-11-19 23:05:16,510 -     || Q: 0.3516
2023-11-19 23:05:16,510 -     || KL: 0.6029
2023-11-19 23:05:16,511 -     || token_match: 0.978, exact_match: 0.762
2023-11-19 23:05:16,511 -     || unique taglist code: 89
2023-11-19 23:05:16,512 -     || seen taglist code: 89
2023-11-19 23:05:16,519 - 
2023-11-19 23:05:16,519 - #epc: 106
2023-11-19 23:05:16,649 - epc:106, epc_KL:  1.000000
2023-11-19 23:06:40,570 - exact_match_tst_copy_acc: 0.754
2023-11-19 23:06:42,539 - TRN || epcloss: 0.0891
2023-11-19 23:06:42,539 -     || Q: 0.3400
2023-11-19 23:06:42,540 -     || KL: 0.2307
2023-11-19 23:06:42,541 -     || token_match: 0.973, exact_match: 0.724
2023-11-19 23:06:42,541 -     || unique taglist code: 100
2023-11-19 23:06:42,542 - DEV || epcloss: 0.0791
2023-11-19 23:06:42,543 -     || Q: 0.3136
2023-11-19 23:06:42,543 -     || KL: 0.6046
2023-11-19 23:06:42,544 -     || token_match: 0.975, exact_match: 0.738
2023-11-19 23:06:42,545 -     || unique taglist code: 88
2023-11-19 23:06:42,545 -     || seen taglist code: 88
2023-11-19 23:06:42,552 - 
2023-11-19 23:06:42,553 - #epc: 107
2023-11-19 23:06:42,673 - epc:107, epc_KL:  1.000000
2023-11-19 23:08:07,098 - exact_match_tst_copy_acc: 0.754
2023-11-19 23:08:09,018 - TRN || epcloss: 0.0909
2023-11-19 23:08:09,019 -     || Q: 0.3422
2023-11-19 23:08:09,020 -     || KL: 0.2314
2023-11-19 23:08:09,021 -     || token_match: 0.972, exact_match: 0.721
2023-11-19 23:08:09,021 -     || unique taglist code: 100
2023-11-19 23:08:09,022 - DEV || epcloss: 0.0851
2023-11-19 23:08:09,023 -     || Q: 0.3361
2023-11-19 23:08:09,023 -     || KL: 0.6132
2023-11-19 23:08:09,024 -     || token_match: 0.973, exact_match: 0.732
2023-11-19 23:08:09,025 -     || unique taglist code: 89
2023-11-19 23:08:09,025 -     || seen taglist code: 89
2023-11-19 23:08:09,032 - 
2023-11-19 23:08:09,033 - #epc: 108
2023-11-19 23:08:09,138 - epc:108, epc_KL:  1.000000
2023-11-19 23:09:33,194 - exact_match_tst_copy_acc: 0.766
2023-11-19 23:09:35,234 - TRN || epcloss: 0.0896
2023-11-19 23:09:35,235 -     || Q: 0.3339
2023-11-19 23:09:35,235 -     || KL: 0.2308
2023-11-19 23:09:35,236 -     || token_match: 0.973, exact_match: 0.724
2023-11-19 23:09:35,237 -     || unique taglist code: 100
2023-11-19 23:09:35,237 - DEV || epcloss: 0.0668
2023-11-19 23:09:35,238 -     || Q: 0.3809
2023-11-19 23:09:35,239 -     || KL: 0.6194
2023-11-19 23:09:35,239 -     || token_match: 0.980, exact_match: 0.766
2023-11-19 23:09:35,240 -     || unique taglist code: 88
2023-11-19 23:09:35,240 -     || seen taglist code: 88
2023-11-19 23:09:35,247 - 
2023-11-19 23:09:35,247 - #epc: 109
2023-11-19 23:09:35,379 - epc:109, epc_KL:  1.000000
2023-11-19 23:10:59,469 - exact_match_tst_copy_acc: 0.725
2023-11-19 23:11:01,365 - TRN || epcloss: 0.0910
2023-11-19 23:11:01,366 -     || Q: 0.3263
2023-11-19 23:11:01,367 -     || KL: 0.2316
2023-11-19 23:11:01,367 -     || token_match: 0.972, exact_match: 0.721
2023-11-19 23:11:01,368 -     || unique taglist code: 100
2023-11-19 23:11:01,369 - DEV || epcloss: 0.0715
2023-11-19 23:11:01,369 -     || Q: 0.3096
2023-11-19 23:11:01,370 -     || KL: 0.5975
2023-11-19 23:11:01,371 -     || token_match: 0.981, exact_match: 0.801
2023-11-19 23:11:01,371 -     || unique taglist code: 87
2023-11-19 23:11:01,372 -     || seen taglist code: 87
2023-11-19 23:11:01,379 - 
2023-11-19 23:11:01,380 - #epc: 110
2023-11-19 23:11:01,502 - epc:110, epc_KL:  1.000000
2023-11-19 23:12:25,704 - exact_match_tst_copy_acc: 0.780
2023-11-19 23:12:27,643 - TRN || epcloss: 0.0903
2023-11-19 23:12:27,643 -     || Q: 0.3060
2023-11-19 23:12:27,644 -     || KL: 0.2322
2023-11-19 23:12:27,645 -     || token_match: 0.972, exact_match: 0.721
2023-11-19 23:12:27,646 -     || unique taglist code: 100
2023-11-19 23:12:27,646 - DEV || epcloss: 0.0694
2023-11-19 23:12:27,647 -     || Q: 0.3116
2023-11-19 23:12:27,648 -     || KL: 0.6072
2023-11-19 23:12:27,649 -     || token_match: 0.979, exact_match: 0.768
2023-11-19 23:12:27,649 -     || unique taglist code: 90
2023-11-19 23:12:27,650 -     || seen taglist code: 90
2023-11-19 23:12:27,657 - 
2023-11-19 23:12:27,658 - #epc: 111
2023-11-19 23:12:27,764 - epc:111, epc_KL:  1.000000
2023-11-19 23:13:52,215 - exact_match_tst_copy_acc: 0.717
2023-11-19 23:13:54,179 - TRN || epcloss: 0.0939
2023-11-19 23:13:54,180 -     || Q: 0.3223
2023-11-19 23:13:54,181 -     || KL: 0.2329
2023-11-19 23:13:54,182 -     || token_match: 0.971, exact_match: 0.718
2023-11-19 23:13:54,182 -     || unique taglist code: 100
2023-11-19 23:13:54,183 - DEV || epcloss: 0.0829
2023-11-19 23:13:54,184 -     || Q: 0.3311
2023-11-19 23:13:54,184 -     || KL: 0.6013
2023-11-19 23:13:54,185 -     || token_match: 0.977, exact_match: 0.762
2023-11-19 23:13:54,186 -     || unique taglist code: 88
2023-11-19 23:13:54,186 -     || seen taglist code: 88
2023-11-19 23:13:54,194 - 
2023-11-19 23:13:54,194 - #epc: 112
2023-11-19 23:13:54,328 - epc:112, epc_KL:  1.000000
2023-11-19 23:15:18,082 - exact_match_tst_copy_acc: 0.772
2023-11-19 23:15:20,062 - TRN || epcloss: 0.0937
2023-11-19 23:15:20,063 -     || Q: 0.3276
2023-11-19 23:15:20,063 -     || KL: 0.2329
2023-11-19 23:15:20,064 -     || token_match: 0.971, exact_match: 0.714
2023-11-19 23:15:20,064 -     || unique taglist code: 100
2023-11-19 23:15:20,065 - DEV || epcloss: 0.0750
2023-11-19 23:15:20,066 -     || Q: 0.3191
2023-11-19 23:15:20,067 -     || KL: 0.6113
2023-11-19 23:15:20,067 -     || token_match: 0.977, exact_match: 0.758
2023-11-19 23:15:20,068 -     || unique taglist code: 87
2023-11-19 23:15:20,069 -     || seen taglist code: 87
2023-11-19 23:15:20,076 - 
2023-11-19 23:15:20,076 - #epc: 113
2023-11-19 23:15:20,205 - epc:113, epc_KL:  1.000000
2023-11-19 23:16:44,113 - exact_match_tst_copy_acc: 0.719
2023-11-19 23:16:45,930 - TRN || epcloss: 0.0947
2023-11-19 23:16:45,931 -     || Q: 0.3245
2023-11-19 23:16:45,931 -     || KL: 0.2335
2023-11-19 23:16:45,932 -     || token_match: 0.971, exact_match: 0.711
2023-11-19 23:16:45,932 -     || unique taglist code: 100
2023-11-19 23:16:45,933 - DEV || epcloss: 0.0982
2023-11-19 23:16:45,934 -     || Q: 0.3596
2023-11-19 23:16:45,934 -     || KL: 0.6170
2023-11-19 23:16:45,935 -     || token_match: 0.971, exact_match: 0.710
2023-11-19 23:16:45,935 -     || unique taglist code: 86
2023-11-19 23:16:45,936 -     || seen taglist code: 86
2023-11-19 23:16:45,941 - 
2023-11-19 23:16:45,942 - #epc: 114
2023-11-19 23:16:46,049 - epc:114, epc_KL:  1.000000
2023-11-19 23:18:09,893 - exact_match_tst_copy_acc: 0.766
2023-11-19 23:18:11,883 - TRN || epcloss: 0.1044
2023-11-19 23:18:11,884 -     || Q: 0.3589
2023-11-19 23:18:11,885 -     || KL: 0.2369
2023-11-19 23:18:11,885 -     || token_match: 0.968, exact_match: 0.686
2023-11-19 23:18:11,886 -     || unique taglist code: 100
2023-11-19 23:18:11,887 - DEV || epcloss: 0.0749
2023-11-19 23:18:11,887 -     || Q: 0.3329
2023-11-19 23:18:11,888 -     || KL: 0.6176
2023-11-19 23:18:11,889 -     || token_match: 0.978, exact_match: 0.749
2023-11-19 23:18:11,889 -     || unique taglist code: 83
2023-11-19 23:18:11,890 -     || seen taglist code: 83
2023-11-19 23:18:11,897 - 
2023-11-19 23:18:11,897 - #epc: 115
2023-11-19 23:18:12,033 - epc:115, epc_KL:  1.000000
2023-11-19 23:19:36,080 - exact_match_tst_copy_acc: 0.699
2023-11-19 23:19:38,081 - TRN || epcloss: 0.0994
2023-11-19 23:19:38,082 -     || Q: 0.3391
2023-11-19 23:19:38,083 -     || KL: 0.2354
2023-11-19 23:19:38,083 -     || token_match: 0.969, exact_match: 0.700
2023-11-19 23:19:38,084 -     || unique taglist code: 100
2023-11-19 23:19:38,085 - DEV || epcloss: 0.0987
2023-11-19 23:19:38,085 -     || Q: 0.4052
2023-11-19 23:19:38,086 -     || KL: 0.6643
2023-11-19 23:19:38,087 -     || token_match: 0.968, exact_match: 0.671
2023-11-19 23:19:38,087 -     || unique taglist code: 89
2023-11-19 23:19:38,088 -     || seen taglist code: 89
2023-11-19 23:19:38,095 - 
2023-11-19 23:19:38,096 - #epc: 116
2023-11-19 23:19:38,221 - epc:116, epc_KL:  1.000000
2023-11-19 23:21:02,271 - exact_match_tst_copy_acc: 0.665
2023-11-19 23:21:04,188 - TRN || epcloss: 0.1045
2023-11-19 23:21:04,189 -     || Q: 0.3471
2023-11-19 23:21:04,189 -     || KL: 0.2392
2023-11-19 23:21:04,190 -     || token_match: 0.968, exact_match: 0.689
2023-11-19 23:21:04,191 -     || unique taglist code: 100
2023-11-19 23:21:04,191 - DEV || epcloss: 0.0973
2023-11-19 23:21:04,192 -     || Q: 0.3675
2023-11-19 23:21:04,193 -     || KL: 0.6302
2023-11-19 23:21:04,193 -     || token_match: 0.971, exact_match: 0.717
2023-11-19 23:21:04,194 -     || unique taglist code: 88
2023-11-19 23:21:04,195 -     || seen taglist code: 88
2023-11-19 23:21:04,202 - 
2023-11-19 23:21:04,202 - #epc: 117
2023-11-19 23:21:04,312 - epc:117, epc_KL:  1.000000
2023-11-19 23:22:28,506 - exact_match_tst_copy_acc: 0.719
2023-11-19 23:22:30,398 - TRN || epcloss: 0.0972
2023-11-19 23:22:30,399 -     || Q: 0.3225
2023-11-19 23:22:30,400 -     || KL: 0.2363
2023-11-19 23:22:30,400 -     || token_match: 0.970, exact_match: 0.704
2023-11-19 23:22:30,401 -     || unique taglist code: 100
2023-11-19 23:22:30,402 - DEV || epcloss: 0.0795
2023-11-19 23:22:30,402 -     || Q: 0.3074
2023-11-19 23:22:30,403 -     || KL: 0.6163
2023-11-19 23:22:30,403 -     || token_match: 0.975, exact_match: 0.727
2023-11-19 23:22:30,404 -     || unique taglist code: 91
2023-11-19 23:22:30,404 -     || seen taglist code: 91
2023-11-19 23:22:30,411 - 
2023-11-19 23:22:30,412 - #epc: 118
2023-11-19 23:22:30,552 - epc:118, epc_KL:  1.000000
2023-11-19 23:23:54,655 - exact_match_tst_copy_acc: 0.729
2023-11-19 23:23:56,473 - TRN || epcloss: 0.1036
2023-11-19 23:23:56,474 -     || Q: 0.3385
2023-11-19 23:23:56,475 -     || KL: 0.2365
2023-11-19 23:23:56,475 -     || token_match: 0.968, exact_match: 0.690
2023-11-19 23:23:56,476 -     || unique taglist code: 100
2023-11-19 23:23:56,477 - DEV || epcloss: 0.0780
2023-11-19 23:23:56,477 -     || Q: 0.3293
2023-11-19 23:23:56,478 -     || KL: 0.6224
2023-11-19 23:23:56,478 -     || token_match: 0.979, exact_match: 0.768
2023-11-19 23:23:56,479 -     || unique taglist code: 88
2023-11-19 23:23:56,479 -     || seen taglist code: 88
2023-11-19 23:23:56,486 - 
2023-11-19 23:23:56,487 - #epc: 119
2023-11-19 23:23:56,612 - epc:119, epc_KL:  1.000000
2023-11-19 23:25:21,146 - exact_match_tst_copy_acc: 0.709
2023-11-19 23:25:23,039 - TRN || epcloss: 0.0973
2023-11-19 23:25:23,040 -     || Q: 0.3184
2023-11-19 23:25:23,041 -     || KL: 0.2363
2023-11-19 23:25:23,041 -     || token_match: 0.970, exact_match: 0.704
2023-11-19 23:25:23,042 -     || unique taglist code: 100
2023-11-19 23:25:23,043 - DEV || epcloss: 0.0975
2023-11-19 23:25:23,043 -     || Q: 0.3458
2023-11-19 23:25:23,044 -     || KL: 0.6197
2023-11-19 23:25:23,045 -     || token_match: 0.974, exact_match: 0.723
2023-11-19 23:25:23,045 -     || unique taglist code: 87
2023-11-19 23:25:23,046 -     || seen taglist code: 87
2023-11-19 23:25:23,053 - 
2023-11-19 23:25:23,053 - #epc: 120
2023-11-19 23:25:23,170 - epc:120, epc_KL:  1.000000
2023-11-19 23:26:47,180 - exact_match_tst_copy_acc: 0.685
2023-11-19 23:26:49,033 - TRN || epcloss: 0.1043
2023-11-19 23:26:49,034 -     || Q: 0.3416
2023-11-19 23:26:49,035 -     || KL: 0.2368
2023-11-19 23:26:49,035 -     || token_match: 0.968, exact_match: 0.688
2023-11-19 23:26:49,036 -     || unique taglist code: 100
2023-11-19 23:26:49,037 - DEV || epcloss: 0.0919
2023-11-19 23:26:49,037 -     || Q: 0.3673
2023-11-19 23:26:49,038 -     || KL: 0.6350
2023-11-19 23:26:49,038 -     || token_match: 0.974, exact_match: 0.710
2023-11-19 23:26:49,039 -     || unique taglist code: 83
2023-11-19 23:26:49,040 -     || seen taglist code: 83
2023-11-19 23:26:49,046 - 
2023-11-19 23:26:49,047 - #epc: 121
2023-11-19 23:26:49,183 - epc:121, epc_KL:  1.000000
2023-11-19 23:28:13,056 - exact_match_tst_copy_acc: 0.617
2023-11-19 23:28:14,908 - TRN || epcloss: 0.1583
2023-11-19 23:28:14,909 -     || Q: 0.3676
2023-11-19 23:28:14,910 -     || KL: 0.2526
2023-11-19 23:28:14,911 -     || token_match: 0.952, exact_match: 0.583
2023-11-19 23:28:14,911 -     || unique taglist code: 100
2023-11-19 23:28:14,912 - DEV || epcloss: 0.1388
2023-11-19 23:28:14,913 -     || Q: 0.3941
2023-11-19 23:28:14,914 -     || KL: 0.7054
2023-11-19 23:28:14,914 -     || token_match: 0.958, exact_match: 0.608
2023-11-19 23:28:14,915 -     || unique taglist code: 90
2023-11-19 23:28:14,916 -     || seen taglist code: 90
2023-11-19 23:28:14,922 - 
2023-11-19 23:28:14,923 - #epc: 122
2023-11-19 23:28:15,055 - epc:122, epc_KL:  1.000000
2023-11-19 23:29:39,429 - exact_match_tst_copy_acc: 0.367
2023-11-19 23:29:41,242 - TRN || epcloss: 0.2830
2023-11-19 23:29:41,243 -     || Q: 0.4209
2023-11-19 23:29:41,243 -     || KL: 0.2880
2023-11-19 23:29:41,244 -     || token_match: 0.912, exact_match: 0.366
2023-11-19 23:29:41,245 -     || unique taglist code: 100
2023-11-19 23:29:41,245 - DEV || epcloss: 0.2379
2023-11-19 23:29:41,246 -     || Q: 0.4086
2023-11-19 23:29:41,247 -     || KL: 0.7481
2023-11-19 23:29:41,247 -     || token_match: 0.923, exact_match: 0.388
2023-11-19 23:29:41,248 -     || unique taglist code: 83
2023-11-19 23:29:41,249 -     || seen taglist code: 83
2023-11-19 23:29:41,256 - 
2023-11-19 23:29:41,257 - #epc: 123
2023-11-19 23:29:41,370 - epc:123, epc_KL:  1.000000
2023-11-19 23:31:05,217 - exact_match_tst_copy_acc: 0.583
2023-11-19 23:31:07,057 - TRN || epcloss: 0.1992
2023-11-19 23:31:07,058 -     || Q: 0.3878
2023-11-19 23:31:07,059 -     || KL: 0.2666
2023-11-19 23:31:07,059 -     || token_match: 0.935, exact_match: 0.460
2023-11-19 23:31:07,060 -     || unique taglist code: 100
2023-11-19 23:31:07,061 - DEV || epcloss: 0.1273
2023-11-19 23:31:07,062 -     || Q: 0.3717
2023-11-19 23:31:07,062 -     || KL: 0.6835
2023-11-19 23:31:07,063 -     || token_match: 0.962, exact_match: 0.615
2023-11-19 23:31:07,064 -     || unique taglist code: 86
2023-11-19 23:31:07,064 -     || seen taglist code: 86
2023-11-19 23:31:07,072 - 
2023-11-19 23:31:07,073 - #epc: 124
2023-11-19 23:31:07,212 - epc:124, epc_KL:  1.000000
2023-11-19 23:32:30,477 - exact_match_tst_copy_acc: 0.601
2023-11-19 23:32:32,271 - TRN || epcloss: 0.1564
2023-11-19 23:32:32,272 -     || Q: 0.3677
2023-11-19 23:32:32,272 -     || KL: 0.2589
2023-11-19 23:32:32,273 -     || token_match: 0.950, exact_match: 0.552
2023-11-19 23:32:32,274 -     || unique taglist code: 100
2023-11-19 23:32:32,274 - DEV || epcloss: 0.1280
2023-11-19 23:32:32,275 -     || Q: 0.3606
2023-11-19 23:32:32,276 -     || KL: 0.6685
2023-11-19 23:32:32,276 -     || token_match: 0.958, exact_match: 0.613
2023-11-19 23:32:32,277 -     || unique taglist code: 84
2023-11-19 23:32:32,278 -     || seen taglist code: 84
2023-11-19 23:32:32,285 - 
2023-11-19 23:32:32,286 - #epc: 125
2023-11-19 23:32:32,414 - epc:125, epc_KL:  1.000000
2023-11-19 23:33:55,889 - exact_match_tst_copy_acc: 0.537
2023-11-19 23:33:57,684 - TRN || epcloss: 0.1603
2023-11-19 23:33:57,684 -     || Q: 0.3729
2023-11-19 23:33:57,685 -     || KL: 0.2540
2023-11-19 23:33:57,686 -     || token_match: 0.949, exact_match: 0.549
2023-11-19 23:33:57,687 -     || unique taglist code: 100
2023-11-19 23:33:57,687 - DEV || epcloss: 0.1454
2023-11-19 23:33:57,688 -     || Q: 0.3946
2023-11-19 23:33:57,689 -     || KL: 0.6758
2023-11-19 23:33:57,689 -     || token_match: 0.951, exact_match: 0.530
2023-11-19 23:33:57,690 -     || unique taglist code: 85
2023-11-19 23:33:57,690 -     || seen taglist code: 85
2023-11-19 23:33:57,698 - 
2023-11-19 23:33:57,699 - #epc: 126
2023-11-19 23:33:57,818 - epc:126, epc_KL:  1.000000
