2023-12-19 23:22:14,323 - {'Part': <dataset.vocab.TagVocab object at 0x7f68ebec3460>, 'Mood': <dataset.vocab.TagVocab object at 0x7f68ebec34c0>, 'Tense': <dataset.vocab.TagVocab object at 0x7f68ebec3520>, 'Aspect': <dataset.vocab.TagVocab object at 0x7f68ebec3580>, 'Person': <dataset.vocab.TagVocab object at 0x7f68ebec35e0>, 'Number': <dataset.vocab.TagVocab object at 0x7f68ebec3640>, 'Valency': <dataset.vocab.TagVocab object at 0x7f68ebec36a0>, 'Polarity': <dataset.vocab.TagVocab object at 0x7f68ebec3700>, 'Interrogativity': <dataset.vocab.TagVocab object at 0x7f68ebec3760>, 'Language-Specific': <dataset.vocab.TagVocab object at 0x7f68ebec37c0>, 'Finiteness': <dataset.vocab.TagVocab object at 0x7f68ebec3820>}
2023-12-19 23:22:14,368 - tstsize: 1427
2023-12-19 23:22:14,369 - 
2023-12-19 23:22:14,370 - #epc: 0
2023-12-19 23:22:21,221 - epc: 0, epc_loss: 1732.195, epc_acc: 0.535
2023-12-19 23:22:21,222 - 
2023-12-19 23:22:21,222 - #epc: 1
2023-12-19 23:22:27,862 - epc: 1, epc_loss: 1512.889, epc_acc: 0.556
2023-12-19 23:22:27,862 - 
2023-12-19 23:22:27,863 - #epc: 2
2023-12-19 23:22:34,501 - epc: 2, epc_loss: 1454.286, epc_acc: 0.556
2023-12-19 23:22:34,502 - 
2023-12-19 23:22:34,503 - #epc: 3
2023-12-19 23:22:41,136 - epc: 3, epc_loss: 1430.826, epc_acc: 0.556
2023-12-19 23:22:41,137 - 
2023-12-19 23:22:41,137 - #epc: 4
2023-12-19 23:22:47,772 - epc: 4, epc_loss: 1421.614, epc_acc: 0.555
2023-12-19 23:22:47,773 - 
2023-12-19 23:22:47,773 - #epc: 5
2023-12-19 23:22:54,420 - epc: 5, epc_loss: 1415.092, epc_acc: 0.556
2023-12-19 23:22:54,421 - 
2023-12-19 23:22:54,422 - #epc: 6
2023-12-19 23:23:01,079 - epc: 6, epc_loss: 1412.435, epc_acc: 0.556
2023-12-19 23:23:01,080 - 
2023-12-19 23:23:01,080 - #epc: 7
2023-12-19 23:23:07,724 - epc: 7, epc_loss: 1410.044, epc_acc: 0.556
2023-12-19 23:23:07,725 - 
2023-12-19 23:23:07,725 - #epc: 8
2023-12-19 23:23:14,376 - epc: 8, epc_loss: 1409.237, epc_acc: 0.556
2023-12-19 23:23:14,377 - 
2023-12-19 23:23:14,378 - #epc: 9
2023-12-19 23:23:21,023 - epc: 9, epc_loss: 1409.446, epc_acc: 0.556
2023-12-19 23:23:21,024 - 
2023-12-19 23:23:21,024 - #epc: 10
2023-12-19 23:23:27,678 - epc: 10, epc_loss: 1406.557, epc_acc: 0.556
2023-12-19 23:23:27,678 - 
2023-12-19 23:23:27,679 - #epc: 11
2023-12-19 23:23:34,325 - epc: 11, epc_loss: 1407.632, epc_acc: 0.556
2023-12-19 23:23:34,326 - 
2023-12-19 23:23:34,326 - #epc: 12
2023-12-19 23:23:40,967 - epc: 12, epc_loss: 1408.003, epc_acc: 0.556
2023-12-19 23:23:40,968 - 
2023-12-19 23:23:40,968 - #epc: 13
2023-12-19 23:23:47,613 - epc: 13, epc_loss: 1406.688, epc_acc: 0.556
2023-12-19 23:23:47,614 - 
2023-12-19 23:23:47,615 - #epc: 14
2023-12-19 23:23:54,254 - epc: 14, epc_loss: 1408.757, epc_acc: 0.556
2023-12-19 23:23:54,255 - 
2023-12-19 23:23:54,255 - #epc: 15
2023-12-19 23:24:00,905 - epc: 15, epc_loss: 1408.285, epc_acc: 0.556
2023-12-19 23:24:00,906 - 
2023-12-19 23:24:00,906 - #epc: 16
2023-12-19 23:24:07,558 - epc: 16, epc_loss: 1408.379, epc_acc: 0.556
2023-12-19 23:24:07,559 - 
2023-12-19 23:24:07,560 - #epc: 17
2023-12-19 23:24:14,211 - epc: 17, epc_loss: 1405.731, epc_acc: 0.556
2023-12-19 23:24:14,212 - 
2023-12-19 23:24:14,213 - #epc: 18
2023-12-19 23:24:20,857 - epc: 18, epc_loss: 1406.858, epc_acc: 0.556
2023-12-19 23:24:20,858 - 
2023-12-19 23:24:20,858 - #epc: 19
2023-12-19 23:24:27,508 - epc: 19, epc_loss: 1407.983, epc_acc: 0.555
2023-12-19 23:24:27,509 - {0: 0, 1: 0, 2: 330, 3: 691, 4: 406}
2023-12-19 23:24:27,509 - baseline: 0.4842
