2023-12-19 23:30:10,266 - {'Part': <dataset.vocab.TagVocab object at 0x7ff64bd73460>, 'Mood': <dataset.vocab.TagVocab object at 0x7ff64bd734c0>, 'Tense': <dataset.vocab.TagVocab object at 0x7ff64bd73520>, 'Aspect': <dataset.vocab.TagVocab object at 0x7ff64bd73580>, 'Person': <dataset.vocab.TagVocab object at 0x7ff64bd735e0>, 'Number': <dataset.vocab.TagVocab object at 0x7ff64bd73640>, 'Valency': <dataset.vocab.TagVocab object at 0x7ff64bd736a0>, 'Polarity': <dataset.vocab.TagVocab object at 0x7ff64bd73700>, 'Interrogativity': <dataset.vocab.TagVocab object at 0x7ff64bd73760>, 'Language-Specific': <dataset.vocab.TagVocab object at 0x7ff64bd737c0>, 'Finiteness': <dataset.vocab.TagVocab object at 0x7ff64bd73820>}
2023-12-19 23:30:10,305 - tstsize: 1427
2023-12-19 23:30:10,306 - 
2023-12-19 23:30:10,306 - #epc: 0
2023-12-19 23:30:17,177 - epc: 0, epc_loss: 1435.585, epc_acc: 0.641
2023-12-19 23:30:17,179 - 
2023-12-19 23:30:17,179 - #epc: 1
2023-12-19 23:30:23,826 - epc: 1, epc_loss: 1028.303, epc_acc: 0.695
2023-12-19 23:30:23,827 - 
2023-12-19 23:30:23,827 - #epc: 2
2023-12-19 23:30:30,473 - epc: 2, epc_loss: 945.796, epc_acc: 0.695
2023-12-19 23:30:30,474 - 
2023-12-19 23:30:30,474 - #epc: 3
2023-12-19 23:30:37,122 - epc: 3, epc_loss: 905.919, epc_acc: 0.695
2023-12-19 23:30:37,123 - 
2023-12-19 23:30:37,123 - #epc: 4
2023-12-19 23:30:43,773 - epc: 4, epc_loss: 880.090, epc_acc: 0.717
2023-12-19 23:30:43,773 - 
2023-12-19 23:30:43,774 - #epc: 5
2023-12-19 23:30:50,427 - epc: 5, epc_loss: 862.571, epc_acc: 0.725
2023-12-19 23:30:50,428 - 
2023-12-19 23:30:50,428 - #epc: 6
2023-12-19 23:30:57,085 - epc: 6, epc_loss: 850.880, epc_acc: 0.725
2023-12-19 23:30:57,086 - 
2023-12-19 23:30:57,086 - #epc: 7
2023-12-19 23:31:03,749 - epc: 7, epc_loss: 841.187, epc_acc: 0.725
2023-12-19 23:31:03,750 - 
2023-12-19 23:31:03,751 - #epc: 8
2023-12-19 23:31:10,419 - epc: 8, epc_loss: 832.752, epc_acc: 0.724
2023-12-19 23:31:10,419 - 
2023-12-19 23:31:10,420 - #epc: 9
2023-12-19 23:31:17,083 - epc: 9, epc_loss: 827.134, epc_acc: 0.725
2023-12-19 23:31:17,084 - 
2023-12-19 23:31:17,084 - #epc: 10
2023-12-19 23:31:23,743 - epc: 10, epc_loss: 822.069, epc_acc: 0.725
2023-12-19 23:31:23,744 - 
2023-12-19 23:31:23,744 - #epc: 11
2023-12-19 23:31:30,410 - epc: 11, epc_loss: 816.694, epc_acc: 0.725
2023-12-19 23:31:30,411 - 
2023-12-19 23:31:30,411 - #epc: 12
2023-12-19 23:31:37,071 - epc: 12, epc_loss: 814.797, epc_acc: 0.723
2023-12-19 23:31:37,072 - 
2023-12-19 23:31:37,073 - #epc: 13
2023-12-19 23:31:43,723 - epc: 13, epc_loss: 811.499, epc_acc: 0.723
2023-12-19 23:31:43,724 - 
2023-12-19 23:31:43,725 - #epc: 14
2023-12-19 23:31:50,376 - epc: 14, epc_loss: 807.995, epc_acc: 0.725
2023-12-19 23:31:50,376 - 
2023-12-19 23:31:50,377 - #epc: 15
2023-12-19 23:31:57,032 - epc: 15, epc_loss: 806.640, epc_acc: 0.725
2023-12-19 23:31:57,033 - 
2023-12-19 23:31:57,034 - #epc: 16
2023-12-19 23:32:03,689 - epc: 16, epc_loss: 804.869, epc_acc: 0.725
2023-12-19 23:32:03,690 - 
2023-12-19 23:32:03,691 - #epc: 17
2023-12-19 23:32:10,339 - epc: 17, epc_loss: 803.548, epc_acc: 0.724
2023-12-19 23:32:10,340 - 
2023-12-19 23:32:10,341 - #epc: 18
2023-12-19 23:32:16,989 - epc: 18, epc_loss: 800.522, epc_acc: 0.724
2023-12-19 23:32:16,990 - 
2023-12-19 23:32:16,991 - #epc: 19
2023-12-19 23:32:23,637 - epc: 19, epc_loss: 802.278, epc_acc: 0.723
2023-12-19 23:32:23,638 - {0: 0, 1: 0, 2: 330, 3: 691, 4: 406}
2023-12-19 23:32:23,638 - baseline: 0.4842
