2024-02-10 22:27:27,638 - trnsize: 533708
2024-02-10 22:27:27,652 - devsize: 2000
2024-02-10 22:27:27,653 - tstsize: 2000
2024-02-10 22:27:28,739 - Trn unique tgts: 533704
2024-02-10 22:27:28,740 - Trn unique lemmas: 3579
2024-02-10 22:27:28,741 - Trn unique taglists: 865
2024-02-10 22:27:28,742 - Dev unique tgts: 2000
2024-02-10 22:27:28,743 - Dev unique lemmas: 1037
2024-02-10 22:27:28,744 - Dev unique taglists: 723
2024-02-10 22:27:28,745 - Tst unique tgts: 2000
2024-02-10 22:27:28,746 - Tst unique lemmas: 1037
2024-02-10 22:27:28,747 - Tst unique taglists: 723
2024-02-10 22:27:28,748 - seen_dev_tgt: 2
2024-02-10 22:27:28,749 - seen_dev_lemma: 2000
2024-02-10 22:27:28,750 - seen_dev_taglist: 1966
2024-02-10 22:27:28,751 - seen_tst_tgt: 2
2024-02-10 22:27:28,752 - seen_tst_lemma: 2000
2024-02-10 22:27:28,753 - seen_tst_taglist: 1966
2024-02-10 22:28:06,644 - trnID: run1_4x8_zLEM100_zTAG128_decnh1024_kl1.0_epc10_strt5_decdo0.2_inpemb128_bsize64
2024-02-10 22:28:06,645 - batchsize: 64
2024-02-10 22:28:06,646 - epochs: 50
2024-02-10 22:28:06,647 - lr: 0.00050
2024-02-10 22:28:06,648 - KL_WEIGHT: 1.00000
2024-02-10 22:28:06,649 - opt: Adam (
Parameter Group 0
    amsgrad: False
    betas: (0.5, 0.999)
    capturable: False
    eps: 1e-08
    foreach: None
    lr: 0.0005
    maximize: False
    weight_decay: 0
)
2024-02-10 22:28:06,651 - VQVAE(
  (encoder): Encoder_GRU_VQVAE(
    (layers): ModuleList(
      (0): Embedding(63, 128)
      (1): Dropout(p=0.0, inplace=False)
      (2): GRU(128, 256, batch_first=True, bidirectional=True)
    )
  )
  (z_linears): ModuleList(
    (0): Linear(in_features=256, out_features=128, bias=True)
    (1): Linear(in_features=256, out_features=128, bias=True)
    (2): Linear(in_features=256, out_features=128, bias=True)
    (3): Linear(in_features=256, out_features=128, bias=True)
  )
  (quantizers): ModuleList(
    (0): Quantizer(
      (embeddings): Embedding(8, 128)
    )
    (1): Quantizer(
      (embeddings): Embedding(8, 128)
    )
    (2): Quantizer(
      (embeddings): Embedding(8, 128)
    )
    (3): Quantizer(
      (embeddings): Embedding(8, 128)
    )
  )
  (z_lemma_mu): Linear(in_features=256, out_features=100, bias=True)
  (z_lemma_logvar): Linear(in_features=256, out_features=100, bias=True)
  (up_from_z_layer): Linear(in_features=228, out_features=1024, bias=True)
  (decoder): Decoder_GRU_VQVAE(
    (layers): ModuleList(
      (0): Embedding(63, 128)
      (1): Dropout(p=0.2, inplace=False)
      (2): GRU(356, 1024, batch_first=True)
      (3): Linear(in_features=1024, out_features=63, bias=True)
    )
    (loss): CrossEntropyLoss()
  )
)
2024-02-10 22:28:07,086 - trnsize: 533708
2024-02-10 22:28:07,088 - devsize: 2000
2024-02-10 22:28:07,089 - tstsize: 2000
2024-02-10 22:28:07,089 - 
2024-02-10 22:28:07,090 - #epc: 0
2024-02-10 22:28:07,095 - epc:0, epc_KL:  0.000000
2024-02-10 22:35:51,310 - exact_match_tst_copy_acc: 0.952
2024-02-10 22:35:51,312 - exact_match_tst_reinflection_wlemma: 0.046
2024-02-10 22:35:51,312 - exact_match_tst_reinflection_wlemma_TAGFINDER1: 0.035
2024-02-10 22:35:51,314 - exact_match_tst_reinflection_wlemma_TAGFINDER1_or_2: 0.046
2024-02-10 22:35:51,805 - TRN || epcloss: 0.0929
2024-02-10 22:35:51,806 -     || Q: 0.0690
2024-02-10 22:35:51,807 -     || KL: 5.8496
2024-02-10 22:35:51,809 -     || token_match: 0.000, exact_match: 0.000
2024-02-10 22:35:51,810 -     || unique taglist code: 1604
2024-02-10 22:35:51,811 - DEV || epcloss: 0.0110
2024-02-10 22:35:51,812 -     || Q: 0.0141
2024-02-10 22:35:51,813 -     || KL: 11.8330
2024-02-10 22:35:51,815 -     || token_match: 0.000, exact_match: 0.000
2024-02-10 22:35:51,816 -     || unique taglist code: 207
2024-02-10 22:35:51,817 -     || seen taglist code: 202
2024-02-10 22:35:51,818 -     || MOST used trncode: 1604
2024-02-10 22:35:51,827 -     || MOST used devcode: 207
2024-02-10 22:35:51,893 -     || saved model
2024-02-10 22:35:51,895 - 
2024-02-10 22:35:51,896 - #epc: 1
2024-02-10 22:35:52,697 - epc:1, epc_KL:  0.000000
2024-02-10 22:44:02,225 - exact_match_tst_copy_acc: 0.974
2024-02-10 22:44:02,226 - exact_match_tst_reinflection_wlemma: 0.051
2024-02-10 22:44:02,227 - exact_match_tst_reinflection_wlemma_TAGFINDER1: 0.044
2024-02-10 22:44:02,229 - exact_match_tst_reinflection_wlemma_TAGFINDER1_or_2: 0.053
2024-02-10 22:44:02,506 - TRN || epcloss: 0.0076
2024-02-10 22:44:02,507 -     || Q: 0.0083
2024-02-10 22:44:02,508 -     || KL: 6.9566
2024-02-10 22:44:02,510 -     || token_match: 0.000, exact_match: 0.000
2024-02-10 22:44:02,511 -     || unique taglist code: 1240
2024-02-10 22:44:02,512 - DEV || epcloss: 0.0052
2024-02-10 22:44:02,513 -     || Q: 0.0060
2024-02-10 22:44:02,514 -     || KL: 12.7394
2024-02-10 22:44:02,515 -     || token_match: 0.000, exact_match: 0.000
2024-02-10 22:44:02,516 -     || unique taglist code: 168
2024-02-10 22:44:02,517 -     || seen taglist code: 166
2024-02-10 22:44:02,606 -     || saved model
2024-02-10 22:44:02,608 - 
2024-02-10 22:44:02,610 - #epc: 2
2024-02-10 22:44:03,216 - epc:2, epc_KL:  0.000000
2024-02-10 22:52:19,959 - exact_match_tst_copy_acc: 0.983
2024-02-10 22:52:19,960 - exact_match_tst_reinflection_wlemma: 0.036
2024-02-10 22:52:19,961 - exact_match_tst_reinflection_wlemma_TAGFINDER1: 0.032
2024-02-10 22:52:19,962 - exact_match_tst_reinflection_wlemma_TAGFINDER1_or_2: 0.038
2024-02-10 22:52:20,258 - TRN || epcloss: 0.0061
2024-02-10 22:52:20,259 -     || Q: 0.0067
2024-02-10 22:52:20,261 -     || KL: 7.3393
2024-02-10 22:52:20,262 -     || token_match: 0.000, exact_match: 0.000
2024-02-10 22:52:20,263 -     || unique taglist code: 1286
2024-02-10 22:52:20,264 - DEV || epcloss: 0.0036
2024-02-10 22:52:20,265 -     || Q: 0.0054
2024-02-10 22:52:20,266 -     || KL: 13.5314
2024-02-10 22:52:20,267 -     || token_match: 0.000, exact_match: 0.000
2024-02-10 22:52:20,268 -     || unique taglist code: 171
2024-02-10 22:52:20,269 -     || seen taglist code: 170
2024-02-10 22:52:20,336 -     || saved model
2024-02-10 22:52:20,338 - 
2024-02-10 22:52:20,339 - #epc: 3
2024-02-10 22:52:20,994 - epc:3, epc_KL:  0.000000
2024-02-10 23:00:50,874 - exact_match_tst_copy_acc: 0.987
2024-02-10 23:00:50,875 - exact_match_tst_reinflection_wlemma: 0.044
2024-02-10 23:00:50,876 - exact_match_tst_reinflection_wlemma_TAGFINDER1: 0.040
2024-02-10 23:00:50,877 - exact_match_tst_reinflection_wlemma_TAGFINDER1_or_2: 0.046
2024-02-10 23:00:51,119 - TRN || epcloss: 0.0048
2024-02-10 23:00:51,121 -     || Q: 0.0053
2024-02-10 23:00:51,122 -     || KL: 7.7146
2024-02-10 23:00:51,123 -     || token_match: 0.000, exact_match: 0.000
2024-02-10 23:00:51,124 -     || unique taglist code: 1193
2024-02-10 23:00:51,125 - DEV || epcloss: 0.0028
2024-02-10 23:00:51,126 -     || Q: 0.0046
2024-02-10 23:00:51,127 -     || KL: 14.0536
2024-02-10 23:00:51,128 -     || token_match: 0.000, exact_match: 0.000
2024-02-10 23:00:51,129 -     || unique taglist code: 177
2024-02-10 23:00:51,130 -     || seen taglist code: 174
2024-02-10 23:00:51,261 -     || saved model
2024-02-10 23:00:51,263 - 
2024-02-10 23:00:51,265 - #epc: 4
2024-02-10 23:00:51,890 - epc:4, epc_KL:  0.000000
2024-02-10 23:09:21,803 - exact_match_tst_copy_acc: 0.981
2024-02-10 23:09:21,804 - exact_match_tst_reinflection_wlemma: 0.042
2024-02-10 23:09:21,805 - exact_match_tst_reinflection_wlemma_TAGFINDER1: 0.037
2024-02-10 23:09:21,807 - exact_match_tst_reinflection_wlemma_TAGFINDER1_or_2: 0.046
2024-02-10 23:09:22,097 - TRN || epcloss: 0.0042
2024-02-10 23:09:22,098 -     || Q: 0.0044
2024-02-10 23:09:22,099 -     || KL: 7.9302
2024-02-10 23:09:22,100 -     || token_match: 0.000, exact_match: 0.000
2024-02-10 23:09:22,101 -     || unique taglist code: 1127
2024-02-10 23:09:22,102 - DEV || epcloss: 0.0037
2024-02-10 23:09:22,104 -     || Q: 0.0045
2024-02-10 23:09:22,105 -     || KL: 14.9531
2024-02-10 23:09:22,106 -     || token_match: 0.000, exact_match: 0.000
2024-02-10 23:09:22,107 -     || unique taglist code: 195
2024-02-10 23:09:22,108 -     || seen taglist code: 195
2024-02-10 23:09:22,239 -     || saved model
2024-02-10 23:09:22,243 - 
2024-02-10 23:09:22,244 - #epc: 5
2024-02-10 23:09:22,913 - epc:5, epc_KL:  0.100000
2024-02-10 23:18:07,429 - exact_match_tst_copy_acc: 0.989
2024-02-10 23:18:07,430 - exact_match_tst_reinflection_wlemma: 0.095
2024-02-10 23:18:07,431 - exact_match_tst_reinflection_wlemma_TAGFINDER1: 0.084
2024-02-10 23:18:07,432 - exact_match_tst_reinflection_wlemma_TAGFINDER1_or_2: 0.099
2024-02-10 23:18:07,777 - TRN || epcloss: 0.0285
2024-02-10 23:18:07,778 -     || Q: 0.0227
2024-02-10 23:18:07,779 -     || KL: 0.9763
2024-02-10 23:18:07,780 -     || token_match: 0.000, exact_match: 0.000
2024-02-10 23:18:07,781 -     || unique taglist code: 1754
2024-02-10 23:18:07,782 - DEV || epcloss: 0.0038
2024-02-10 23:18:07,783 -     || Q: 0.0299
2024-02-10 23:18:07,784 -     || KL: 1.4570
2024-02-10 23:18:07,785 -     || token_match: 0.000, exact_match: 0.000
2024-02-10 23:18:07,786 -     || unique taglist code: 282
2024-02-10 23:18:07,787 -     || seen taglist code: 280
2024-02-10 23:18:07,788 -     || MOST used trncode: 1754
2024-02-10 23:18:07,789 -     || MOST used devcode: 282
2024-02-10 23:18:07,864 -     || saved model
2024-02-10 23:18:07,866 - 
2024-02-10 23:18:07,867 - #epc: 6
2024-02-10 23:18:08,492 - epc:6, epc_KL:  0.200000
2024-02-10 23:26:58,370 - exact_match_tst_copy_acc: 0.966
2024-02-10 23:26:58,371 - exact_match_tst_reinflection_wlemma: 0.081
2024-02-10 23:26:58,372 - exact_match_tst_reinflection_wlemma_TAGFINDER1: 0.074
2024-02-10 23:26:58,373 - exact_match_tst_reinflection_wlemma_TAGFINDER1_or_2: 0.084
2024-02-10 23:26:58,676 - TRN || epcloss: 0.0357
2024-02-10 23:26:58,678 -     || Q: 0.0591
2024-02-10 23:26:58,679 -     || KL: 0.6090
2024-02-10 23:26:58,680 -     || token_match: 0.000, exact_match: 0.000
2024-02-10 23:26:58,681 -     || unique taglist code: 2107
2024-02-10 23:26:58,682 - DEV || epcloss: 0.0065
2024-02-10 23:26:58,683 -     || Q: 0.0707
2024-02-10 23:26:58,684 -     || KL: 0.9525
2024-02-10 23:26:58,685 -     || token_match: 0.000, exact_match: 0.000
2024-02-10 23:26:58,686 -     || unique taglist code: 469
2024-02-10 23:26:58,687 -     || seen taglist code: 466
2024-02-10 23:26:58,688 -     || MOST used trncode: 2107
2024-02-10 23:26:58,690 -     || MOST used devcode: 469
2024-02-10 23:26:58,809 -     || saved model
2024-02-10 23:26:58,812 - 
2024-02-10 23:26:58,813 - #epc: 7
2024-02-10 23:26:59,436 - epc:7, epc_KL:  0.300000
2024-02-10 23:35:53,517 - exact_match_tst_copy_acc: 0.973
2024-02-10 23:35:53,518 - exact_match_tst_reinflection_wlemma: 0.185
2024-02-10 23:35:53,519 - exact_match_tst_reinflection_wlemma_TAGFINDER1: 0.163
2024-02-10 23:35:53,520 - exact_match_tst_reinflection_wlemma_TAGFINDER1_or_2: 0.190
2024-02-10 23:35:53,822 - TRN || epcloss: 0.0394
2024-02-10 23:35:53,823 -     || Q: 0.0982
2024-02-10 23:35:53,824 -     || KL: 0.4588
2024-02-10 23:35:53,825 -     || token_match: 0.000, exact_match: 0.000
2024-02-10 23:35:53,826 -     || unique taglist code: 2318
2024-02-10 23:35:53,827 - DEV || epcloss: 0.0058
2024-02-10 23:35:53,828 -     || Q: 0.1014
2024-02-10 23:35:53,829 -     || KL: 0.7901
2024-02-10 23:35:53,830 -     || token_match: 0.000, exact_match: 0.000
2024-02-10 23:35:53,831 -     || unique taglist code: 530
2024-02-10 23:35:53,832 -     || seen taglist code: 527
2024-02-10 23:35:53,833 -     || MOST used trncode: 2318
2024-02-10 23:35:53,835 -     || MOST used devcode: 530
2024-02-10 23:35:53,890 -     || saved model
2024-02-10 23:35:53,892 - 
2024-02-10 23:35:53,893 - #epc: 8
2024-02-10 23:35:54,478 - epc:8, epc_KL:  0.400000
2024-02-10 23:44:39,664 - exact_match_tst_copy_acc: 0.969
2024-02-10 23:44:39,666 - exact_match_tst_reinflection_wlemma: 0.218
2024-02-10 23:44:39,667 - exact_match_tst_reinflection_wlemma_TAGFINDER1: 0.195
2024-02-10 23:44:39,668 - exact_match_tst_reinflection_wlemma_TAGFINDER1_or_2: 0.222
2024-02-10 23:44:39,938 - TRN || epcloss: 0.0447
2024-02-10 23:44:39,939 -     || Q: 0.1514
2024-02-10 23:44:39,940 -     || KL: 0.3839
2024-02-10 23:44:39,941 -     || token_match: 0.000, exact_match: 0.000
2024-02-10 23:44:39,942 -     || unique taglist code: 2518
2024-02-10 23:44:39,943 - DEV || epcloss: 0.0080
2024-02-10 23:44:39,944 -     || Q: 0.1692
2024-02-10 23:44:39,945 -     || KL: 0.6607
2024-02-10 23:44:39,946 -     || token_match: 0.000, exact_match: 0.000
2024-02-10 23:44:39,946 -     || unique taglist code: 603
2024-02-10 23:44:39,948 -     || seen taglist code: 601
2024-02-10 23:44:39,949 -     || MOST used trncode: 2518
2024-02-10 23:44:39,950 -     || MOST used devcode: 603
2024-02-10 23:44:40,018 -     || saved model
2024-02-10 23:44:40,020 - 
2024-02-10 23:44:40,021 - #epc: 9
2024-02-10 23:44:40,586 - epc:9, epc_KL:  0.500000
2024-02-10 23:52:58,762 - exact_match_tst_copy_acc: 0.957
2024-02-10 23:52:58,764 - exact_match_tst_reinflection_wlemma: 0.252
2024-02-10 23:52:58,765 - exact_match_tst_reinflection_wlemma_TAGFINDER1: 0.226
2024-02-10 23:52:58,766 - exact_match_tst_reinflection_wlemma_TAGFINDER1_or_2: 0.259
2024-02-10 23:52:59,026 - TRN || epcloss: 0.0516
2024-02-10 23:52:59,027 -     || Q: 0.2068
2024-02-10 23:52:59,028 -     || KL: 0.3390
2024-02-10 23:52:59,029 -     || token_match: 0.000, exact_match: 0.000
2024-02-10 23:52:59,030 -     || unique taglist code: 2537
2024-02-10 23:52:59,031 - DEV || epcloss: 0.0114
2024-02-10 23:52:59,033 -     || Q: 0.1994
2024-02-10 23:52:59,034 -     || KL: 0.5916
2024-02-10 23:52:59,035 -     || token_match: 0.000, exact_match: 0.000
2024-02-10 23:52:59,036 -     || unique taglist code: 664
2024-02-10 23:52:59,037 -     || seen taglist code: 662
2024-02-10 23:52:59,038 -     || MOST used trncode: 2537
2024-02-10 23:52:59,039 -     || MOST used devcode: 664
2024-02-10 23:52:59,113 -     || saved model
2024-02-10 23:52:59,115 - 
2024-02-10 23:52:59,116 - #epc: 10
2024-02-10 23:52:59,670 - epc:10, epc_KL:  0.600000
2024-02-11 00:01:19,919 - exact_match_tst_copy_acc: 0.945
2024-02-11 00:01:19,921 - exact_match_tst_reinflection_wlemma: 0.324
2024-02-11 00:01:19,922 - exact_match_tst_reinflection_wlemma_TAGFINDER1: 0.276
2024-02-11 00:01:19,923 - exact_match_tst_reinflection_wlemma_TAGFINDER1_or_2: 0.320
2024-02-11 00:01:20,199 - TRN || epcloss: 0.0590
2024-02-11 00:01:20,200 -     || Q: 0.2651
2024-02-11 00:01:20,201 -     || KL: 0.3074
2024-02-11 00:01:20,202 -     || token_match: 0.000, exact_match: 0.000
2024-02-11 00:01:20,203 -     || unique taglist code: 2688
2024-02-11 00:01:20,204 - DEV || epcloss: 0.0145
2024-02-11 00:01:20,205 -     || Q: 0.2911
2024-02-11 00:01:20,207 -     || KL: 0.5267
2024-02-11 00:01:20,208 -     || token_match: 0.000, exact_match: 0.000
2024-02-11 00:01:20,209 -     || unique taglist code: 668
2024-02-11 00:01:20,210 -     || seen taglist code: 668
2024-02-11 00:01:20,211 -     || MOST used trncode: 2688
2024-02-11 00:01:20,212 -     || MOST used devcode: 668
2024-02-11 00:01:20,304 -     || saved model
2024-02-11 00:01:20,306 - 
2024-02-11 00:01:20,307 - #epc: 11
2024-02-11 00:01:20,851 - epc:11, epc_KL:  0.700000
2024-02-11 00:09:38,799 - exact_match_tst_copy_acc: 0.934
2024-02-11 00:09:38,800 - exact_match_tst_reinflection_wlemma: 0.328
2024-02-11 00:09:38,801 - exact_match_tst_reinflection_wlemma_TAGFINDER1: 0.280
2024-02-11 00:09:38,802 - exact_match_tst_reinflection_wlemma_TAGFINDER1_or_2: 0.328
2024-02-11 00:09:39,056 - TRN || epcloss: 0.0674
2024-02-11 00:09:39,057 -     || Q: 0.3329
2024-02-11 00:09:39,058 -     || KL: 0.2829
2024-02-11 00:09:39,060 -     || token_match: 0.000, exact_match: 0.000
2024-02-11 00:09:39,061 -     || unique taglist code: 2702
2024-02-11 00:09:39,062 - DEV || epcloss: 0.0173
2024-02-11 00:09:39,063 -     || Q: 0.3417
2024-02-11 00:09:39,064 -     || KL: 0.4990
2024-02-11 00:09:39,066 -     || token_match: 0.000, exact_match: 0.000
2024-02-11 00:09:39,067 -     || unique taglist code: 672
2024-02-11 00:09:39,068 -     || seen taglist code: 669
2024-02-11 00:09:39,069 -     || MOST used trncode: 2702
2024-02-11 00:09:39,070 -     || MOST used devcode: 672
2024-02-11 00:09:39,179 -     || saved model
2024-02-11 00:09:39,183 - 
2024-02-11 00:09:39,184 - #epc: 12
2024-02-11 00:09:39,784 - epc:12, epc_KL:  0.800000
2024-02-11 00:17:59,133 - exact_match_tst_copy_acc: 0.914
2024-02-11 00:17:59,135 - exact_match_tst_reinflection_wlemma: 0.339
2024-02-11 00:17:59,136 - exact_match_tst_reinflection_wlemma_TAGFINDER1: 0.291
2024-02-11 00:17:59,137 - exact_match_tst_reinflection_wlemma_TAGFINDER1_or_2: 0.336
2024-02-11 00:17:59,393 - TRN || epcloss: 0.0773
2024-02-11 00:17:59,395 -     || Q: 0.4181
2024-02-11 00:17:59,396 -     || KL: 0.2648
2024-02-11 00:17:59,397 -     || token_match: 0.000, exact_match: 0.000
2024-02-11 00:17:59,398 -     || unique taglist code: 2856
2024-02-11 00:17:59,399 - DEV || epcloss: 0.0226
2024-02-11 00:17:59,400 -     || Q: 0.4264
2024-02-11 00:17:59,402 -     || KL: 0.4679
2024-02-11 00:17:59,403 -     || token_match: 0.000, exact_match: 0.000
2024-02-11 00:17:59,404 -     || unique taglist code: 690
2024-02-11 00:17:59,405 -     || seen taglist code: 687
2024-02-11 00:17:59,407 -     || MOST used trncode: 2856
2024-02-11 00:17:59,408 -     || MOST used devcode: 690
2024-02-11 00:17:59,478 -     || saved model
2024-02-11 00:17:59,480 - 
2024-02-11 00:17:59,481 - #epc: 13
2024-02-11 00:18:00,034 - epc:13, epc_KL:  0.900000
2024-02-11 00:26:15,365 - exact_match_tst_copy_acc: 0.898
2024-02-11 00:26:15,366 - exact_match_tst_reinflection_wlemma: 0.379
2024-02-11 00:26:15,367 - exact_match_tst_reinflection_wlemma_TAGFINDER1: 0.318
2024-02-11 00:26:15,368 - exact_match_tst_reinflection_wlemma_TAGFINDER1_or_2: 0.377
2024-02-11 00:26:16,059 - TRN || epcloss: 0.0894
2024-02-11 00:26:16,061 -     || Q: 0.5022
2024-02-11 00:26:16,062 -     || KL: 0.2498
2024-02-11 00:26:16,064 -     || token_match: 0.000, exact_match: 0.000
2024-02-11 00:26:16,065 -     || unique taglist code: 3006
2024-02-11 00:26:16,066 - DEV || epcloss: 0.0243
2024-02-11 00:26:16,067 -     || Q: 0.4997
2024-02-11 00:26:16,069 -     || KL: 0.4322
2024-02-11 00:26:16,070 -     || token_match: 0.000, exact_match: 0.000
2024-02-11 00:26:16,071 -     || unique taglist code: 664
2024-02-11 00:26:16,073 -     || seen taglist code: 663
2024-02-11 00:26:16,074 -     || MOST used trncode: 3006
2024-02-11 00:26:16,192 -     || saved model
2024-02-11 00:26:16,196 - 
2024-02-11 00:26:16,197 - #epc: 14
2024-02-11 00:26:16,849 - epc:14, epc_KL:  1.000000
2024-02-11 00:34:43,698 - exact_match_tst_copy_acc: 0.887
2024-02-11 00:34:43,700 - exact_match_tst_reinflection_wlemma: 0.369
2024-02-11 00:34:43,701 - exact_match_tst_reinflection_wlemma_TAGFINDER1: 0.324
2024-02-11 00:34:43,702 - exact_match_tst_reinflection_wlemma_TAGFINDER1_or_2: 0.380
2024-02-11 00:34:43,949 - TRN || epcloss: 0.0990
2024-02-11 00:34:43,951 -     || Q: 0.5642
2024-02-11 00:34:43,952 -     || KL: 0.2361
2024-02-11 00:34:43,953 -     || token_match: 0.000, exact_match: 0.000
2024-02-11 00:34:43,954 -     || unique taglist code: 3054
2024-02-11 00:34:43,955 - DEV || epcloss: 0.0307
2024-02-11 00:34:43,957 -     || Q: 0.6015
2024-02-11 00:34:43,958 -     || KL: 0.4178
2024-02-11 00:34:43,959 -     || token_match: 0.000, exact_match: 0.000
2024-02-11 00:34:43,960 -     || unique taglist code: 723
2024-02-11 00:34:43,961 -     || seen taglist code: 722
2024-02-11 00:34:43,963 -     || MOST used trncode: 3054
2024-02-11 00:34:43,964 -     || MOST used devcode: 723
2024-02-11 00:34:44,022 -     || saved model
2024-02-11 00:34:44,024 - 
2024-02-11 00:34:44,026 - #epc: 15
2024-02-11 00:34:44,576 - epc:15, epc_KL:  1.000000
2024-02-11 00:42:59,085 - exact_match_tst_copy_acc: 0.874
2024-02-11 00:42:59,086 - exact_match_tst_reinflection_wlemma: 0.365
2024-02-11 00:42:59,087 - exact_match_tst_reinflection_wlemma_TAGFINDER1: 0.316
2024-02-11 00:42:59,088 - exact_match_tst_reinflection_wlemma_TAGFINDER1_or_2: 0.370
2024-02-11 00:42:59,355 - TRN || epcloss: 0.1028
2024-02-11 00:42:59,356 -     || Q: 0.6019
2024-02-11 00:42:59,357 -     || KL: 0.2329
2024-02-11 00:42:59,358 -     || token_match: 0.000, exact_match: 0.000
2024-02-11 00:42:59,359 -     || unique taglist code: 3106
2024-02-11 00:42:59,360 - DEV || epcloss: 0.0315
2024-02-11 00:42:59,361 -     || Q: 0.6556
2024-02-11 00:42:59,362 -     || KL: 0.4087
2024-02-11 00:42:59,363 -     || token_match: 0.000, exact_match: 0.000
2024-02-11 00:42:59,364 -     || unique taglist code: 741
2024-02-11 00:42:59,366 -     || seen taglist code: 741
2024-02-11 00:42:59,367 -     || MOST used trncode: 3106
2024-02-11 00:42:59,369 -     || MOST used devcode: 741
2024-02-11 00:42:59,474 -     || saved model
2024-02-11 00:42:59,477 - 
2024-02-11 00:42:59,478 - #epc: 16
2024-02-11 00:43:00,010 - epc:16, epc_KL:  1.000000
2024-02-11 00:51:13,843 - exact_match_tst_copy_acc: 0.853
2024-02-11 00:51:13,844 - exact_match_tst_reinflection_wlemma: 0.372
2024-02-11 00:51:13,845 - exact_match_tst_reinflection_wlemma_TAGFINDER1: 0.321
2024-02-11 00:51:13,846 - exact_match_tst_reinflection_wlemma_TAGFINDER1_or_2: 0.370
2024-02-11 00:51:14,081 - TRN || epcloss: 0.1080
2024-02-11 00:51:14,083 -     || Q: 0.6055
2024-02-11 00:51:14,084 -     || KL: 0.2325
2024-02-11 00:51:14,085 -     || token_match: 0.000, exact_match: 0.000
2024-02-11 00:51:14,086 -     || unique taglist code: 3074
2024-02-11 00:51:14,087 - DEV || epcloss: 0.0370
2024-02-11 00:51:14,088 -     || Q: 0.6151
2024-02-11 00:51:14,089 -     || KL: 0.4077
2024-02-11 00:51:14,090 -     || token_match: 0.000, exact_match: 0.000
2024-02-11 00:51:14,091 -     || unique taglist code: 774
2024-02-11 00:51:14,092 -     || seen taglist code: 774
2024-02-11 00:51:14,093 -     || MOST used devcode: 774
2024-02-11 00:51:14,200 -     || saved model
2024-02-11 00:51:14,203 - 
2024-02-11 00:51:14,204 - #epc: 17
2024-02-11 00:51:14,770 - epc:17, epc_KL:  1.000000
2024-02-11 00:59:29,843 - exact_match_tst_copy_acc: 0.794
2024-02-11 00:59:29,844 - exact_match_tst_reinflection_wlemma: 0.344
2024-02-11 00:59:29,845 - exact_match_tst_reinflection_wlemma_TAGFINDER1: 0.297
2024-02-11 00:59:29,846 - exact_match_tst_reinflection_wlemma_TAGFINDER1_or_2: 0.343
2024-02-11 00:59:30,111 - TRN || epcloss: 0.1159
2024-02-11 00:59:30,112 -     || Q: 0.6238
2024-02-11 00:59:30,113 -     || KL: 0.2330
2024-02-11 00:59:30,114 -     || token_match: 0.000, exact_match: 0.000
2024-02-11 00:59:30,115 -     || unique taglist code: 3192
2024-02-11 00:59:30,116 - DEV || epcloss: 0.0609
2024-02-11 00:59:30,117 -     || Q: 0.6596
2024-02-11 00:59:30,118 -     || KL: 0.4505
2024-02-11 00:59:30,119 -     || token_match: 0.000, exact_match: 0.000
2024-02-11 00:59:30,120 -     || unique taglist code: 822
2024-02-11 00:59:30,121 -     || seen taglist code: 821
2024-02-11 00:59:30,122 -     || MOST used trncode: 3192
2024-02-11 00:59:30,123 -     || MOST used devcode: 822
2024-02-11 00:59:30,194 -     || saved model
2024-02-11 00:59:30,196 - 
2024-02-11 00:59:30,197 - #epc: 18
2024-02-11 00:59:30,751 - epc:18, epc_KL:  1.000000
2024-02-11 01:08:01,392 - exact_match_tst_copy_acc: 0.810
2024-02-11 01:08:01,393 - exact_match_tst_reinflection_wlemma: 0.385
2024-02-11 01:08:01,394 - exact_match_tst_reinflection_wlemma_TAGFINDER1: 0.333
2024-02-11 01:08:01,395 - exact_match_tst_reinflection_wlemma_TAGFINDER1_or_2: 0.384
2024-02-11 01:08:01,661 - TRN || epcloss: 0.1337
2024-02-11 01:08:01,663 -     || Q: 0.6238
2024-02-11 01:08:01,664 -     || KL: 0.2437
2024-02-11 01:08:01,665 -     || token_match: 0.000, exact_match: 0.000
2024-02-11 01:08:01,666 -     || unique taglist code: 3199
2024-02-11 01:08:01,667 - DEV || epcloss: 0.0483
2024-02-11 01:08:01,668 -     || Q: 0.6160
2024-02-11 01:08:01,669 -     || KL: 0.4313
2024-02-11 01:08:01,670 -     || token_match: 0.000, exact_match: 0.000
2024-02-11 01:08:01,671 -     || unique taglist code: 783
2024-02-11 01:08:01,672 -     || seen taglist code: 781
2024-02-11 01:08:01,673 -     || MOST used trncode: 3199
2024-02-11 01:08:01,753 -     || saved model
2024-02-11 01:08:01,756 - 
2024-02-11 01:08:01,757 - #epc: 19
2024-02-11 01:08:02,324 - epc:19, epc_KL:  1.000000
2024-02-11 01:16:32,818 - exact_match_tst_copy_acc: 0.669
2024-02-11 01:16:32,819 - exact_match_tst_reinflection_wlemma: 0.295
2024-02-11 01:16:32,820 - exact_match_tst_reinflection_wlemma_TAGFINDER1: 0.237
2024-02-11 01:16:32,822 - exact_match_tst_reinflection_wlemma_TAGFINDER1_or_2: 0.307
2024-02-11 01:16:33,069 - TRN || epcloss: 0.1475
2024-02-11 01:16:33,070 -     || Q: 0.6708
2024-02-11 01:16:33,072 -     || KL: 0.2467
2024-02-11 01:16:33,073 -     || token_match: 0.000, exact_match: 0.000
2024-02-11 01:16:33,074 -     || unique taglist code: 3218
2024-02-11 01:16:33,075 - DEV || epcloss: 0.0916
2024-02-11 01:16:33,076 -     || Q: 0.8475
2024-02-11 01:16:33,078 -     || KL: 0.4562
2024-02-11 01:16:33,079 -     || token_match: 0.000, exact_match: 0.000
2024-02-11 01:16:33,080 -     || unique taglist code: 811
2024-02-11 01:16:33,081 -     || seen taglist code: 807
2024-02-11 01:16:33,083 -     || MOST used trncode: 3218
2024-02-11 01:16:33,134 -     || saved model
2024-02-11 01:16:33,137 - 
2024-02-11 01:16:33,138 - #epc: 20
2024-02-11 01:16:33,695 - epc:20, epc_KL:  1.000000
2024-02-11 01:25:02,513 - exact_match_tst_copy_acc: 0.077
2024-02-11 01:25:02,514 - exact_match_tst_reinflection_wlemma: 0.023
2024-02-11 01:25:02,515 - exact_match_tst_reinflection_wlemma_TAGFINDER1: 0.021
2024-02-11 01:25:02,516 - exact_match_tst_reinflection_wlemma_TAGFINDER1_or_2: 0.026
2024-02-11 01:25:02,790 - TRN || epcloss: 0.7350
2024-02-11 01:25:02,792 -     || Q: 0.7316
2024-02-11 01:25:02,793 -     || KL: 1.9377
2024-02-11 01:25:02,794 -     || token_match: 0.000, exact_match: 0.000
2024-02-11 01:25:02,795 -     || unique taglist code: 3474
2024-02-11 01:25:02,796 - DEV || epcloss: 0.5084
2024-02-11 01:25:02,797 -     || Q: 0.7125
2024-02-11 01:25:02,798 -     || KL: 1.3369
2024-02-11 01:25:02,799 -     || token_match: 0.000, exact_match: 0.000
2024-02-11 01:25:02,800 -     || unique taglist code: 744
2024-02-11 01:25:02,801 -     || seen taglist code: 744
2024-02-11 01:25:02,803 -     || MOST used trncode: 3474
2024-02-11 01:25:02,896 -     || saved model
2024-02-11 01:25:02,898 - 
2024-02-11 01:25:02,899 - #epc: 21
2024-02-11 01:25:03,446 - epc:21, epc_KL:  1.000000
2024-02-11 01:33:36,336 - exact_match_tst_copy_acc: 0.479
2024-02-11 01:33:36,338 - exact_match_tst_reinflection_wlemma: 0.148
2024-02-11 01:33:36,339 - exact_match_tst_reinflection_wlemma_TAGFINDER1: 0.128
2024-02-11 01:33:36,340 - exact_match_tst_reinflection_wlemma_TAGFINDER1_or_2: 0.167
2024-02-11 01:33:36,605 - TRN || epcloss: 0.3965
2024-02-11 01:33:36,607 -     || Q: 0.7071
2024-02-11 01:33:36,608 -     || KL: 0.4107
2024-02-11 01:33:36,609 -     || token_match: 0.000, exact_match: 0.000
2024-02-11 01:33:36,610 -     || unique taglist code: 3079
2024-02-11 01:33:36,611 - DEV || epcloss: 0.1418
2024-02-11 01:33:36,612 -     || Q: 0.7604
2024-02-11 01:33:36,613 -     || KL: 0.4964
2024-02-11 01:33:36,614 -     || token_match: 0.000, exact_match: 0.000
2024-02-11 01:33:36,615 -     || unique taglist code: 819
2024-02-11 01:33:36,617 -     || seen taglist code: 815
2024-02-11 01:33:36,692 -     || saved model
2024-02-11 01:33:36,695 - 
2024-02-11 01:33:36,696 - #epc: 22
2024-02-11 01:33:37,236 - epc:22, epc_KL:  1.000000
2024-02-11 01:42:02,150 - exact_match_tst_copy_acc: 0.661
2024-02-11 01:42:02,151 - exact_match_tst_reinflection_wlemma: 0.232
2024-02-11 01:42:02,152 - exact_match_tst_reinflection_wlemma_TAGFINDER1: 0.204
2024-02-11 01:42:02,153 - exact_match_tst_reinflection_wlemma_TAGFINDER1_or_2: 0.251
2024-02-11 01:42:02,506 - TRN || epcloss: 0.2054
2024-02-11 01:42:02,507 -     || Q: 0.7437
2024-02-11 01:42:02,508 -     || KL: 0.2695
2024-02-11 01:42:02,510 -     || token_match: 0.000, exact_match: 0.000
2024-02-11 01:42:02,511 -     || unique taglist code: 3460
2024-02-11 01:42:02,512 - DEV || epcloss: 0.1042
2024-02-11 01:42:02,513 -     || Q: 0.6920
2024-02-11 01:42:02,514 -     || KL: 0.5237
2024-02-11 01:42:02,515 -     || token_match: 0.000, exact_match: 0.000
2024-02-11 01:42:02,516 -     || unique taglist code: 779
2024-02-11 01:42:02,518 -     || seen taglist code: 775
2024-02-11 01:42:02,583 -     || saved model
2024-02-11 01:42:02,586 - 
2024-02-11 01:42:02,587 - #epc: 23
2024-02-11 01:42:03,148 - epc:23, epc_KL:  1.000000
2024-02-11 01:50:18,894 - exact_match_tst_copy_acc: 0.202
2024-02-11 01:50:18,895 - exact_match_tst_reinflection_wlemma: 0.078
2024-02-11 01:50:18,896 - exact_match_tst_reinflection_wlemma_TAGFINDER1: 0.061
2024-02-11 01:50:18,897 - exact_match_tst_reinflection_wlemma_TAGFINDER1_or_2: 0.086
2024-02-11 01:50:19,237 - TRN || epcloss: 0.2069
2024-02-11 01:50:19,238 -     || Q: 0.6790
2024-02-11 01:50:19,240 -     || KL: 0.2644
2024-02-11 01:50:19,241 -     || token_match: 0.000, exact_match: 0.000
2024-02-11 01:50:19,242 -     || unique taglist code: 3427
2024-02-11 01:50:19,243 - DEV || epcloss: 0.2852
2024-02-11 01:50:19,244 -     || Q: 1.1375
2024-02-11 01:50:19,245 -     || KL: 0.6166
2024-02-11 01:50:19,246 -     || token_match: 0.000, exact_match: 0.000
2024-02-11 01:50:19,247 -     || unique taglist code: 660
2024-02-11 01:50:19,248 -     || seen taglist code: 658
2024-02-11 01:50:19,316 -     || saved model
2024-02-11 01:50:19,318 - 
2024-02-11 01:50:19,319 - #epc: 24
2024-02-11 01:50:19,865 - epc:24, epc_KL:  1.000000
2024-02-11 01:58:43,318 - exact_match_tst_copy_acc: 0.005
2024-02-11 01:58:43,319 - exact_match_tst_reinflection_wlemma: 0.002
2024-02-11 01:58:43,320 - exact_match_tst_reinflection_wlemma_TAGFINDER1: 0.002
2024-02-11 01:58:43,321 - exact_match_tst_reinflection_wlemma_TAGFINDER1_or_2: 0.003
2024-02-11 01:58:43,637 - TRN || epcloss: 0.7268
2024-02-11 01:58:43,638 -     || Q: 1.1759
2024-02-11 01:58:43,639 -     || KL: 0.3537
2024-02-11 01:58:43,640 -     || token_match: 0.000, exact_match: 0.000
2024-02-11 01:58:43,641 -     || unique taglist code: 3680
2024-02-11 01:58:43,643 - DEV || epcloss: 0.8265
2024-02-11 01:58:43,644 -     || Q: 1.1343
2024-02-11 01:58:43,645 -     || KL: 0.6503
2024-02-11 01:58:43,646 -     || token_match: 0.000, exact_match: 0.000
2024-02-11 01:58:43,647 -     || unique taglist code: 450
2024-02-11 01:58:43,648 -     || seen taglist code: 450
2024-02-11 01:58:43,649 -     || MOST used trncode: 3680
2024-02-11 01:58:43,700 -     || saved model
2024-02-11 01:58:43,703 - 
2024-02-11 01:58:43,704 - #epc: 25
2024-02-11 01:58:44,277 - epc:25, epc_KL:  1.000000
2024-02-11 02:07:06,621 - exact_match_tst_copy_acc: 0.003
2024-02-11 02:07:06,622 - exact_match_tst_reinflection_wlemma: 0.001
2024-02-11 02:07:06,624 - exact_match_tst_reinflection_wlemma_TAGFINDER1: 0.001
2024-02-11 02:07:06,625 - exact_match_tst_reinflection_wlemma_TAGFINDER1_or_2: 0.001
2024-02-11 02:07:06,900 - TRN || epcloss: 0.8280
2024-02-11 02:07:06,901 -     || Q: 1.1825
2024-02-11 02:07:06,902 -     || KL: 0.3034
2024-02-11 02:07:06,903 -     || token_match: 0.000, exact_match: 0.000
2024-02-11 02:07:06,904 -     || unique taglist code: 2460
2024-02-11 02:07:06,905 - DEV || epcloss: 0.9416
2024-02-11 02:07:06,906 -     || Q: 1.0378
2024-02-11 02:07:06,907 -     || KL: 0.5498
2024-02-11 02:07:06,908 -     || token_match: 0.000, exact_match: 0.000
2024-02-11 02:07:06,909 -     || unique taglist code: 159
2024-02-11 02:07:06,910 -     || seen taglist code: 158
2024-02-11 02:07:06,976 -     || saved model
2024-02-11 02:07:06,978 - 
2024-02-11 02:07:06,979 - #epc: 26
2024-02-11 02:07:07,546 - epc:26, epc_KL:  1.000000
2024-02-11 02:16:11,404 - exact_match_tst_copy_acc: 0.001
2024-02-11 02:16:11,405 - exact_match_tst_reinflection_wlemma: 0.000
2024-02-11 02:16:11,409 - exact_match_tst_reinflection_wlemma_TAGFINDER1: 0.000
2024-02-11 02:16:11,412 - exact_match_tst_reinflection_wlemma_TAGFINDER1_or_2: 0.000
2024-02-11 02:16:12,327 - TRN || epcloss: 1.0462
2024-02-11 02:16:12,328 -     || Q: 1.2170
2024-02-11 02:16:12,329 -     || KL: 0.3068
2024-02-11 02:16:12,330 -     || token_match: 0.000, exact_match: 0.000
2024-02-11 02:16:12,331 -     || unique taglist code: 2355
2024-02-11 02:16:12,332 - DEV || epcloss: 1.5323
2024-02-11 02:16:12,333 -     || Q: 1.6964
2024-02-11 02:16:12,334 -     || KL: 0.9082
2024-02-11 02:16:12,335 -     || token_match: 0.000, exact_match: 0.000
2024-02-11 02:16:12,336 -     || unique taglist code: 225
2024-02-11 02:16:12,337 -     || seen taglist code: 225
2024-02-11 02:16:12,399 -     || saved model
2024-02-11 02:16:12,402 - 
2024-02-11 02:16:12,403 - #epc: 27
2024-02-11 02:16:12,837 - epc:27, epc_KL:  1.000000
2024-02-11 02:24:19,654 - exact_match_tst_copy_acc: 0.011
2024-02-11 02:24:19,655 - exact_match_tst_reinflection_wlemma: 0.002
2024-02-11 02:24:19,656 - exact_match_tst_reinflection_wlemma_TAGFINDER1: 0.000
2024-02-11 02:24:19,657 - exact_match_tst_reinflection_wlemma_TAGFINDER1_or_2: 0.001
2024-02-11 02:24:20,157 - TRN || epcloss: 1.4850
2024-02-11 02:24:20,158 -     || Q: 1.5026
2024-02-11 02:24:20,159 -     || KL: 0.3371
2024-02-11 02:24:20,160 -     || token_match: 0.000, exact_match: 0.000
2024-02-11 02:24:20,162 -     || unique taglist code: 1337
2024-02-11 02:24:20,163 - DEV || epcloss: 0.7605
2024-02-11 02:24:20,164 -     || Q: 0.9807
2024-02-11 02:24:20,165 -     || KL: 0.4504
2024-02-11 02:24:20,166 -     || token_match: 0.000, exact_match: 0.000
2024-02-11 02:24:20,167 -     || unique taglist code: 182
2024-02-11 02:24:20,168 -     || seen taglist code: 181
2024-02-11 02:24:20,260 -     || saved model
2024-02-11 02:24:20,263 - 
2024-02-11 02:24:20,264 - #epc: 28
2024-02-11 02:24:20,700 - epc:28, epc_KL:  1.000000
2024-02-11 02:32:14,202 - exact_match_tst_copy_acc: 0.197
2024-02-11 02:32:14,203 - exact_match_tst_reinflection_wlemma: 0.014
2024-02-11 02:32:14,204 - exact_match_tst_reinflection_wlemma_TAGFINDER1: 0.009
2024-02-11 02:32:14,205 - exact_match_tst_reinflection_wlemma_TAGFINDER1_or_2: 0.015
2024-02-11 02:32:14,904 - TRN || epcloss: 0.6497
2024-02-11 02:32:14,905 -     || Q: 0.8081
2024-02-11 02:32:14,906 -     || KL: 0.2607
2024-02-11 02:32:14,907 -     || token_match: 0.000, exact_match: 0.000
2024-02-11 02:32:14,908 -     || unique taglist code: 1250
2024-02-11 02:32:14,909 - DEV || epcloss: 0.3362
2024-02-11 02:32:14,910 -     || Q: 0.7743
2024-02-11 02:32:14,911 -     || KL: 0.5011
2024-02-11 02:32:14,912 -     || token_match: 0.000, exact_match: 0.000
2024-02-11 02:32:14,913 -     || unique taglist code: 433
2024-02-11 02:32:14,914 -     || seen taglist code: 430
2024-02-11 02:32:14,965 -     || saved model
2024-02-11 02:32:14,967 - 
2024-02-11 02:32:14,968 - #epc: 29
2024-02-11 02:32:15,397 - epc:29, epc_KL:  1.000000
2024-02-11 02:40:11,945 - exact_match_tst_copy_acc: 0.256
2024-02-11 02:40:11,946 - exact_match_tst_reinflection_wlemma: 0.024
2024-02-11 02:40:11,947 - exact_match_tst_reinflection_wlemma_TAGFINDER1: 0.021
2024-02-11 02:40:11,948 - exact_match_tst_reinflection_wlemma_TAGFINDER1_or_2: 0.026
2024-02-11 02:40:13,641 - TRN || epcloss: 0.4328
2024-02-11 02:40:13,644 -     || Q: 0.8269
2024-02-11 02:40:13,645 -     || KL: 0.2937
2024-02-11 02:40:13,646 -     || token_match: 0.000, exact_match: 0.000
2024-02-11 02:40:13,647 -     || unique taglist code: 1767
2024-02-11 02:40:13,648 - DEV || epcloss: 0.2960
2024-02-11 02:40:13,649 -     || Q: 1.0417
2024-02-11 02:40:13,650 -     || KL: 0.7260
2024-02-11 02:40:13,651 -     || token_match: 0.000, exact_match: 0.000
2024-02-11 02:40:13,652 -     || unique taglist code: 364
2024-02-11 02:40:13,654 -     || seen taglist code: 364
2024-02-11 02:40:13,701 -     || saved model
2024-02-11 02:40:13,703 - 
2024-02-11 02:40:13,704 - #epc: 30
2024-02-11 02:40:14,130 - epc:30, epc_KL:  1.000000
2024-02-11 02:48:09,148 - exact_match_tst_copy_acc: 0.506
2024-02-11 02:48:09,149 - exact_match_tst_reinflection_wlemma: 0.051
2024-02-11 02:48:09,151 - exact_match_tst_reinflection_wlemma_TAGFINDER1: 0.037
2024-02-11 02:48:09,152 - exact_match_tst_reinflection_wlemma_TAGFINDER1_or_2: 0.053
2024-02-11 02:48:10,844 - TRN || epcloss: 0.3143
2024-02-11 02:48:10,846 -     || Q: 0.7971
2024-02-11 02:48:10,847 -     || KL: 0.2846
2024-02-11 02:48:10,848 -     || token_match: 0.000, exact_match: 0.000
2024-02-11 02:48:10,849 -     || unique taglist code: 1944
2024-02-11 02:48:10,850 - DEV || epcloss: 0.1679
2024-02-11 02:48:10,851 -     || Q: 0.8041
2024-02-11 02:48:10,852 -     || KL: 0.5235
2024-02-11 02:48:10,853 -     || token_match: 0.000, exact_match: 0.000
2024-02-11 02:48:10,854 -     || unique taglist code: 602
2024-02-11 02:48:10,856 -     || seen taglist code: 599
2024-02-11 02:48:10,928 -     || saved model
2024-02-11 02:48:10,930 - 
2024-02-11 02:48:10,932 - #epc: 31
2024-02-11 02:48:11,359 - epc:31, epc_KL:  1.000000
2024-02-11 02:56:07,311 - exact_match_tst_copy_acc: 0.319
2024-02-11 02:56:07,312 - exact_match_tst_reinflection_wlemma: 0.024
2024-02-11 02:56:07,313 - exact_match_tst_reinflection_wlemma_TAGFINDER1: 0.016
2024-02-11 02:56:07,314 - exact_match_tst_reinflection_wlemma_TAGFINDER1_or_2: 0.025
2024-02-11 02:56:09,014 - TRN || epcloss: 0.3276
2024-02-11 02:56:09,015 -     || Q: 0.8288
2024-02-11 02:56:09,016 -     || KL: 0.2915
2024-02-11 02:56:09,017 -     || token_match: 0.000, exact_match: 0.000
2024-02-11 02:56:09,018 -     || unique taglist code: 2085
2024-02-11 02:56:09,019 - DEV || epcloss: 0.2489
2024-02-11 02:56:09,020 -     || Q: 0.9559
2024-02-11 02:56:09,021 -     || KL: 0.7675
2024-02-11 02:56:09,022 -     || token_match: 0.000, exact_match: 0.000
2024-02-11 02:56:09,023 -     || unique taglist code: 425
2024-02-11 02:56:09,024 -     || seen taglist code: 425
2024-02-11 02:56:09,100 -     || saved model
2024-02-11 02:56:09,102 - 
2024-02-11 02:56:09,103 - #epc: 32
2024-02-11 02:56:09,532 - epc:32, epc_KL:  1.000000
2024-02-11 03:04:26,112 - exact_match_tst_copy_acc: 0.648
2024-02-11 03:04:26,113 - exact_match_tst_reinflection_wlemma: 0.067
2024-02-11 03:04:26,114 - exact_match_tst_reinflection_wlemma_TAGFINDER1: 0.061
2024-02-11 03:04:26,115 - exact_match_tst_reinflection_wlemma_TAGFINDER1_or_2: 0.073
2024-02-11 03:04:27,892 - TRN || epcloss: 0.2567
2024-02-11 03:04:27,893 -     || Q: 0.7756
2024-02-11 03:04:27,895 -     || KL: 0.2884
2024-02-11 03:04:27,896 -     || token_match: 0.000, exact_match: 0.000
2024-02-11 03:04:27,897 -     || unique taglist code: 1949
2024-02-11 03:04:27,898 - DEV || epcloss: 0.1173
2024-02-11 03:04:27,899 -     || Q: 0.7517
2024-02-11 03:04:27,900 -     || KL: 0.5047
2024-02-11 03:04:27,901 -     || token_match: 0.000, exact_match: 0.000
2024-02-11 03:04:27,902 -     || unique taglist code: 634
2024-02-11 03:04:27,904 -     || seen taglist code: 634
2024-02-11 03:04:27,976 -     || saved model
2024-02-11 03:04:27,979 - 
2024-02-11 03:04:27,980 - #epc: 33
2024-02-11 03:04:28,428 - epc:33, epc_KL:  1.000000
2024-02-11 03:12:25,242 - exact_match_tst_copy_acc: 0.693
2024-02-11 03:12:25,243 - exact_match_tst_reinflection_wlemma: 0.106
2024-02-11 03:12:25,244 - exact_match_tst_reinflection_wlemma_TAGFINDER1: 0.087
2024-02-11 03:12:25,245 - exact_match_tst_reinflection_wlemma_TAGFINDER1_or_2: 0.111
2024-02-11 03:12:26,981 - TRN || epcloss: 0.2118
2024-02-11 03:12:26,982 -     || Q: 0.7441
2024-02-11 03:12:26,984 -     || KL: 0.2755
2024-02-11 03:12:26,985 -     || token_match: 0.000, exact_match: 0.000
2024-02-11 03:12:26,986 -     || unique taglist code: 2085
2024-02-11 03:12:26,987 - DEV || epcloss: 0.0961
2024-02-11 03:12:26,988 -     || Q: 0.6700
2024-02-11 03:12:26,989 -     || KL: 0.4873
2024-02-11 03:12:26,990 -     || token_match: 0.000, exact_match: 0.000
2024-02-11 03:12:26,991 -     || unique taglist code: 668
2024-02-11 03:12:26,992 -     || seen taglist code: 668
2024-02-11 03:12:27,053 -     || saved model
2024-02-11 03:12:27,054 - 
2024-02-11 03:12:27,055 - #epc: 34
2024-02-11 03:12:27,487 - epc:34, epc_KL:  1.000000
2024-02-11 03:20:23,854 - exact_match_tst_copy_acc: 0.710
2024-02-11 03:20:23,855 - exact_match_tst_reinflection_wlemma: 0.147
2024-02-11 03:20:23,856 - exact_match_tst_reinflection_wlemma_TAGFINDER1: 0.123
2024-02-11 03:20:23,858 - exact_match_tst_reinflection_wlemma_TAGFINDER1_or_2: 0.155
2024-02-11 03:20:25,498 - TRN || epcloss: 0.1886
2024-02-11 03:20:25,499 -     || Q: 0.7053
2024-02-11 03:20:25,500 -     || KL: 0.2723
2024-02-11 03:20:25,501 -     || token_match: 0.000, exact_match: 0.000
2024-02-11 03:20:25,502 -     || unique taglist code: 2111
2024-02-11 03:20:25,503 - DEV || epcloss: 0.0932
2024-02-11 03:20:25,504 -     || Q: 0.7034
2024-02-11 03:20:25,505 -     || KL: 0.4912
2024-02-11 03:20:25,506 -     || token_match: 0.000, exact_match: 0.000
2024-02-11 03:20:25,507 -     || unique taglist code: 729
2024-02-11 03:20:25,508 -     || seen taglist code: 727
2024-02-11 03:20:25,575 -     || saved model
2024-02-11 03:20:25,577 - 
2024-02-11 03:20:25,578 - #epc: 35
2024-02-11 03:20:26,014 - epc:35, epc_KL:  1.000000
2024-02-11 03:28:22,263 - exact_match_tst_copy_acc: 0.748
2024-02-11 03:28:22,264 - exact_match_tst_reinflection_wlemma: 0.185
2024-02-11 03:28:22,265 - exact_match_tst_reinflection_wlemma_TAGFINDER1: 0.158
2024-02-11 03:28:22,266 - exact_match_tst_reinflection_wlemma_TAGFINDER1_or_2: 0.189
2024-02-11 03:28:23,969 - TRN || epcloss: 0.1681
2024-02-11 03:28:23,970 -     || Q: 0.6742
2024-02-11 03:28:23,971 -     || KL: 0.2649
2024-02-11 03:28:23,972 -     || token_match: 0.000, exact_match: 0.000
2024-02-11 03:28:23,973 -     || unique taglist code: 2071
2024-02-11 03:28:23,974 - DEV || epcloss: 0.0822
2024-02-11 03:28:23,976 -     || Q: 0.6899
2024-02-11 03:28:23,976 -     || KL: 0.4779
2024-02-11 03:28:23,977 -     || token_match: 0.000, exact_match: 0.000
2024-02-11 03:28:23,978 -     || unique taglist code: 742
2024-02-11 03:28:23,980 -     || seen taglist code: 741
2024-02-11 03:28:24,040 -     || saved model
2024-02-11 03:28:24,042 - 
2024-02-11 03:28:24,043 - #epc: 36
2024-02-11 03:28:24,457 - epc:36, epc_KL:  1.000000
2024-02-11 03:36:14,850 - exact_match_tst_copy_acc: 0.236
2024-02-11 03:36:14,851 - exact_match_tst_reinflection_wlemma: 0.009
2024-02-11 03:36:14,853 - exact_match_tst_reinflection_wlemma_TAGFINDER1: 0.006
2024-02-11 03:36:14,853 - exact_match_tst_reinflection_wlemma_TAGFINDER1_or_2: 0.011
2024-02-11 03:36:16,600 - TRN || epcloss: 1.7164
2024-02-11 03:36:16,601 -     || Q: 1.3263
2024-02-11 03:36:16,602 -     || KL: 0.4186
2024-02-11 03:36:16,603 -     || token_match: 0.000, exact_match: 0.000
2024-02-11 03:36:16,604 -     || unique taglist code: 2157
2024-02-11 03:36:16,605 - DEV || epcloss: 0.2446
2024-02-11 03:36:16,606 -     || Q: 0.9169
2024-02-11 03:36:16,607 -     || KL: 0.5451
2024-02-11 03:36:16,608 -     || token_match: 0.000, exact_match: 0.000
2024-02-11 03:36:16,610 -     || unique taglist code: 107
2024-02-11 03:36:16,611 -     || seen taglist code: 107
2024-02-11 03:36:16,680 -     || saved model
2024-02-11 03:36:16,682 - 
2024-02-11 03:36:16,685 - #epc: 37
2024-02-11 03:36:17,094 - epc:37, epc_KL:  1.000000
2024-02-11 03:44:48,140 - exact_match_tst_copy_acc: 0.699
2024-02-11 03:44:48,141 - exact_match_tst_reinflection_wlemma: 0.100
2024-02-11 03:44:48,142 - exact_match_tst_reinflection_wlemma_TAGFINDER1: 0.087
2024-02-11 03:44:48,144 - exact_match_tst_reinflection_wlemma_TAGFINDER1_or_2: 0.104
2024-02-11 03:44:49,815 - TRN || epcloss: 0.2389
2024-02-11 03:44:49,816 -     || Q: 0.7761
2024-02-11 03:44:49,817 -     || KL: 0.2892
2024-02-11 03:44:49,818 -     || token_match: 0.000, exact_match: 0.000
2024-02-11 03:44:49,819 -     || unique taglist code: 1978
2024-02-11 03:44:49,820 - DEV || epcloss: 0.0863
2024-02-11 03:44:49,821 -     || Q: 0.6605
2024-02-11 03:44:49,822 -     || KL: 0.4945
2024-02-11 03:44:49,823 -     || token_match: 0.000, exact_match: 0.000
2024-02-11 03:44:49,824 -     || unique taglist code: 625
2024-02-11 03:44:49,825 -     || seen taglist code: 624
2024-02-11 03:44:49,876 -     || saved model
2024-02-11 03:44:49,878 - 
2024-02-11 03:44:49,879 - #epc: 38
2024-02-11 03:44:50,315 - epc:38, epc_KL:  1.000000
2024-02-11 03:53:23,103 - exact_match_tst_copy_acc: 0.758
2024-02-11 03:53:23,104 - exact_match_tst_reinflection_wlemma: 0.146
2024-02-11 03:53:23,105 - exact_match_tst_reinflection_wlemma_TAGFINDER1: 0.133
2024-02-11 03:53:23,106 - exact_match_tst_reinflection_wlemma_TAGFINDER1_or_2: 0.155
2024-02-11 03:53:24,797 - TRN || epcloss: 0.1694
2024-02-11 03:53:24,798 -     || Q: 0.6703
2024-02-11 03:53:24,800 -     || KL: 0.2712
2024-02-11 03:53:24,801 -     || token_match: 0.000, exact_match: 0.000
2024-02-11 03:53:24,802 -     || unique taglist code: 2145
2024-02-11 03:53:24,803 - DEV || epcloss: 0.0715
2024-02-11 03:53:24,804 -     || Q: 0.6425
2024-02-11 03:53:24,805 -     || KL: 0.4817
2024-02-11 03:53:24,806 -     || token_match: 0.000, exact_match: 0.000
2024-02-11 03:53:24,808 -     || unique taglist code: 669
2024-02-11 03:53:24,809 -     || seen taglist code: 669
2024-02-11 03:53:24,873 -     || saved model
2024-02-11 03:53:24,875 - 
2024-02-11 03:53:24,876 - #epc: 39
2024-02-11 03:53:25,310 - epc:39, epc_KL:  1.000000
2024-02-11 04:01:46,046 - exact_match_tst_copy_acc: 0.578
2024-02-11 04:01:46,048 - exact_match_tst_reinflection_wlemma: 0.099
2024-02-11 04:01:46,049 - exact_match_tst_reinflection_wlemma_TAGFINDER1: 0.088
2024-02-11 04:01:46,050 - exact_match_tst_reinflection_wlemma_TAGFINDER1_or_2: 0.110
2024-02-11 04:01:47,916 - TRN || epcloss: 0.1614
2024-02-11 04:01:47,917 -     || Q: 0.6840
2024-02-11 04:01:47,918 -     || KL: 0.2679
2024-02-11 04:01:47,919 -     || token_match: 0.000, exact_match: 0.000
2024-02-11 04:01:47,921 -     || unique taglist code: 2144
2024-02-11 04:01:47,922 - DEV || epcloss: 0.1147
2024-02-11 04:01:47,923 -     || Q: 0.7996
2024-02-11 04:01:47,924 -     || KL: 0.5329
2024-02-11 04:01:47,925 -     || token_match: 0.000, exact_match: 0.000
2024-02-11 04:01:47,926 -     || unique taglist code: 626
2024-02-11 04:01:47,927 -     || seen taglist code: 623
2024-02-11 04:01:47,974 -     || saved model
2024-02-11 04:01:47,977 - 
2024-02-11 04:01:47,978 - #epc: 40
2024-02-11 04:01:48,418 - epc:40, epc_KL:  1.000000
2024-02-11 04:10:01,133 - exact_match_tst_copy_acc: 0.749
2024-02-11 04:10:01,134 - exact_match_tst_reinflection_wlemma: 0.177
2024-02-11 04:10:01,135 - exact_match_tst_reinflection_wlemma_TAGFINDER1: 0.160
2024-02-11 04:10:01,136 - exact_match_tst_reinflection_wlemma_TAGFINDER1_or_2: 0.181
2024-02-11 04:10:02,845 - TRN || epcloss: 0.1516
2024-02-11 04:10:02,847 -     || Q: 0.6653
2024-02-11 04:10:02,848 -     || KL: 0.2640
2024-02-11 04:10:02,849 -     || token_match: 0.000, exact_match: 0.000
2024-02-11 04:10:02,849 -     || unique taglist code: 2078
2024-02-11 04:10:02,850 - DEV || epcloss: 0.0732
2024-02-11 04:10:02,851 -     || Q: 0.6967
2024-02-11 04:10:02,852 -     || KL: 0.4643
2024-02-11 04:10:02,853 -     || token_match: 0.000, exact_match: 0.000
2024-02-11 04:10:02,854 -     || unique taglist code: 687
2024-02-11 04:10:02,855 -     || seen taglist code: 687
2024-02-11 04:10:02,907 -     || saved model
2024-02-11 04:10:02,909 - 
2024-02-11 04:10:02,910 - #epc: 41
2024-02-11 04:10:03,343 - epc:41, epc_KL:  1.000000
2024-02-11 04:18:07,279 - exact_match_tst_copy_acc: 0.783
2024-02-11 04:18:07,280 - exact_match_tst_reinflection_wlemma: 0.212
2024-02-11 04:18:07,281 - exact_match_tst_reinflection_wlemma_TAGFINDER1: 0.187
2024-02-11 04:18:07,282 - exact_match_tst_reinflection_wlemma_TAGFINDER1_or_2: 0.210
2024-02-11 04:18:09,018 - TRN || epcloss: 0.1444
2024-02-11 04:18:09,020 -     || Q: 0.6267
2024-02-11 04:18:09,021 -     || KL: 0.2597
2024-02-11 04:18:09,022 -     || token_match: 0.000, exact_match: 0.000
2024-02-11 04:18:09,023 -     || unique taglist code: 2071
2024-02-11 04:18:09,024 - DEV || epcloss: 0.0645
2024-02-11 04:18:09,025 -     || Q: 0.6109
2024-02-11 04:18:09,026 -     || KL: 0.4560
2024-02-11 04:18:09,027 -     || token_match: 0.000, exact_match: 0.000
2024-02-11 04:18:09,028 -     || unique taglist code: 662
2024-02-11 04:18:09,029 -     || seen taglist code: 661
2024-02-11 04:18:09,077 -     || saved model
2024-02-11 04:18:09,079 - 
2024-02-11 04:18:09,080 - #epc: 42
2024-02-11 04:18:09,503 - epc:42, epc_KL:  1.000000
2024-02-11 04:26:16,964 - exact_match_tst_copy_acc: 0.812
2024-02-11 04:26:16,965 - exact_match_tst_reinflection_wlemma: 0.216
2024-02-11 04:26:16,966 - exact_match_tst_reinflection_wlemma_TAGFINDER1: 0.188
2024-02-11 04:26:16,967 - exact_match_tst_reinflection_wlemma_TAGFINDER1_or_2: 0.215
2024-02-11 04:26:18,635 - TRN || epcloss: 0.1434
2024-02-11 04:26:18,636 -     || Q: 0.6256
2024-02-11 04:26:18,638 -     || KL: 0.2581
2024-02-11 04:26:18,639 -     || token_match: 0.000, exact_match: 0.000
2024-02-11 04:26:18,641 -     || unique taglist code: 2099
2024-02-11 04:26:18,642 - DEV || epcloss: 0.0568
2024-02-11 04:26:18,643 -     || Q: 0.6092
2024-02-11 04:26:18,645 -     || KL: 0.4612
2024-02-11 04:26:18,646 -     || token_match: 0.000, exact_match: 0.000
2024-02-11 04:26:18,647 -     || unique taglist code: 673
2024-02-11 04:26:18,649 -     || seen taglist code: 672
2024-02-11 04:26:18,710 -     || saved model
2024-02-11 04:26:18,713 - 
2024-02-11 04:26:18,714 - #epc: 43
2024-02-11 04:26:19,189 - epc:43, epc_KL:  1.000000
2024-02-11 04:34:33,595 - exact_match_tst_copy_acc: 0.745
2024-02-11 04:34:33,597 - exact_match_tst_reinflection_wlemma: 0.212
2024-02-11 04:34:33,598 - exact_match_tst_reinflection_wlemma_TAGFINDER1: 0.175
2024-02-11 04:34:33,599 - exact_match_tst_reinflection_wlemma_TAGFINDER1_or_2: 0.208
2024-02-11 04:34:35,241 - TRN || epcloss: 0.1491
2024-02-11 04:34:35,242 -     || Q: 0.6389
2024-02-11 04:34:35,243 -     || KL: 0.2599
2024-02-11 04:34:35,244 -     || token_match: 0.000, exact_match: 0.000
2024-02-11 04:34:35,245 -     || unique taglist code: 2103
2024-02-11 04:34:35,246 - DEV || epcloss: 0.0740
2024-02-11 04:34:35,247 -     || Q: 0.7024
2024-02-11 04:34:35,249 -     || KL: 0.4732
2024-02-11 04:34:35,250 -     || token_match: 0.000, exact_match: 0.000
2024-02-11 04:34:35,251 -     || unique taglist code: 707
2024-02-11 04:34:35,252 -     || seen taglist code: 705
2024-02-11 04:34:35,304 -     || saved model
2024-02-11 04:34:35,306 - 
2024-02-11 04:34:35,307 - #epc: 44
2024-02-11 04:34:35,741 - epc:44, epc_KL:  1.000000
2024-02-11 04:42:25,919 - exact_match_tst_copy_acc: 0.721
2024-02-11 04:42:25,921 - exact_match_tst_reinflection_wlemma: 0.194
2024-02-11 04:42:25,922 - exact_match_tst_reinflection_wlemma_TAGFINDER1: 0.167
2024-02-11 04:42:25,923 - exact_match_tst_reinflection_wlemma_TAGFINDER1_or_2: 0.199
2024-02-11 04:42:27,616 - TRN || epcloss: 0.2688
2024-02-11 04:42:27,617 -     || Q: 0.7743
2024-02-11 04:42:27,618 -     || KL: 0.2832
2024-02-11 04:42:27,619 -     || token_match: 0.000, exact_match: 0.000
2024-02-11 04:42:27,620 -     || unique taglist code: 2461
2024-02-11 04:42:27,621 - DEV || epcloss: 0.1408
2024-02-11 04:42:27,622 -     || Q: 0.7253
2024-02-11 04:42:27,623 -     || KL: 0.4826
2024-02-11 04:42:27,624 -     || token_match: 0.000, exact_match: 0.000
2024-02-11 04:42:27,625 -     || unique taglist code: 693
2024-02-11 04:42:27,626 -     || seen taglist code: 693
2024-02-11 04:42:27,688 -     || saved model
2024-02-11 04:42:27,691 - 
2024-02-11 04:42:27,692 - #epc: 45
2024-02-11 04:42:28,111 - epc:45, epc_KL:  1.000000
2024-02-11 04:50:15,609 - exact_match_tst_copy_acc: 0.776
2024-02-11 04:50:15,611 - exact_match_tst_reinflection_wlemma: 0.223
2024-02-11 04:50:15,612 - exact_match_tst_reinflection_wlemma_TAGFINDER1: 0.192
2024-02-11 04:50:15,613 - exact_match_tst_reinflection_wlemma_TAGFINDER1_or_2: 0.219
2024-02-11 04:50:16,990 - TRN || epcloss: 0.2069
2024-02-11 04:50:16,991 -     || Q: 0.6537
2024-02-11 04:50:16,993 -     || KL: 0.2724
2024-02-11 04:50:16,994 -     || token_match: 0.000, exact_match: 0.000
2024-02-11 04:50:16,995 -     || unique taglist code: 2198
2024-02-11 04:50:16,996 - DEV || epcloss: 0.1084
2024-02-11 04:50:16,997 -     || Q: 0.6605
2024-02-11 04:50:16,999 -     || KL: 0.4666
2024-02-11 04:50:17,000 -     || token_match: 0.000, exact_match: 0.000
2024-02-11 04:50:17,001 -     || unique taglist code: 650
2024-02-11 04:50:17,002 -     || seen taglist code: 647
2024-02-11 04:50:17,173 -     || saved model
2024-02-11 04:50:17,176 - 
2024-02-11 04:50:17,178 - #epc: 46
2024-02-11 04:50:17,642 - epc:46, epc_KL:  1.000000
2024-02-11 04:58:42,913 - exact_match_tst_copy_acc: 0.696
2024-02-11 04:58:42,915 - exact_match_tst_reinflection_wlemma: 0.218
2024-02-11 04:58:42,916 - exact_match_tst_reinflection_wlemma_TAGFINDER1: 0.186
2024-02-11 04:58:42,917 - exact_match_tst_reinflection_wlemma_TAGFINDER1_or_2: 0.216
2024-02-11 04:58:44,359 - TRN || epcloss: 0.1844
2024-02-11 04:58:44,360 -     || Q: 0.6618
2024-02-11 04:58:44,361 -     || KL: 0.2751
2024-02-11 04:58:44,363 -     || token_match: 0.000, exact_match: 0.000
2024-02-11 04:58:44,364 -     || unique taglist code: 2142
2024-02-11 04:58:44,365 - DEV || epcloss: 0.0840
2024-02-11 04:58:44,366 -     || Q: 0.6621
2024-02-11 04:58:44,367 -     || KL: 0.4701
2024-02-11 04:58:44,368 -     || token_match: 0.000, exact_match: 0.000
2024-02-11 04:58:44,369 -     || unique taglist code: 674
2024-02-11 04:58:44,370 -     || seen taglist code: 674
2024-02-11 04:58:44,432 -     || saved model
2024-02-11 04:58:44,434 - 
2024-02-11 04:58:44,435 - #epc: 47
2024-02-11 04:58:44,952 - epc:47, epc_KL:  1.000000
2024-02-11 05:07:06,953 - exact_match_tst_copy_acc: 0.773
2024-02-11 05:07:06,954 - exact_match_tst_reinflection_wlemma: 0.239
2024-02-11 05:07:06,955 - exact_match_tst_reinflection_wlemma_TAGFINDER1: 0.208
2024-02-11 05:07:06,957 - exact_match_tst_reinflection_wlemma_TAGFINDER1_or_2: 0.235
2024-02-11 05:07:07,658 - TRN || epcloss: 0.1537
2024-02-11 05:07:07,660 -     || Q: 0.6445
2024-02-11 05:07:07,661 -     || KL: 0.2621
2024-02-11 05:07:07,662 -     || token_match: 0.000, exact_match: 0.000
2024-02-11 05:07:07,663 -     || unique taglist code: 2120
2024-02-11 05:07:07,664 - DEV || epcloss: 0.0686
2024-02-11 05:07:07,665 -     || Q: 0.6297
2024-02-11 05:07:07,666 -     || KL: 0.4590
2024-02-11 05:07:07,668 -     || token_match: 0.000, exact_match: 0.000
2024-02-11 05:07:07,669 -     || unique taglist code: 667
2024-02-11 05:07:07,670 -     || seen taglist code: 664
2024-02-11 05:07:07,730 -     || saved model
2024-02-11 05:07:07,731 - 
2024-02-11 05:07:07,733 - #epc: 48
2024-02-11 05:07:08,205 - epc:48, epc_KL:  1.000000
2024-02-11 05:15:29,920 - exact_match_tst_copy_acc: 0.782
2024-02-11 05:15:29,921 - exact_match_tst_reinflection_wlemma: 0.256
2024-02-11 05:15:29,923 - exact_match_tst_reinflection_wlemma_TAGFINDER1: 0.217
2024-02-11 05:15:29,924 - exact_match_tst_reinflection_wlemma_TAGFINDER1_or_2: 0.247
2024-02-11 05:15:31,471 - TRN || epcloss: 0.1412
2024-02-11 05:15:31,473 -     || Q: 0.6328
2024-02-11 05:15:31,474 -     || KL: 0.2580
2024-02-11 05:15:31,475 -     || token_match: 0.000, exact_match: 0.000
2024-02-11 05:15:31,476 -     || unique taglist code: 2108
2024-02-11 05:15:31,477 - DEV || epcloss: 0.0664
2024-02-11 05:15:31,478 -     || Q: 0.6394
2024-02-11 05:15:31,479 -     || KL: 0.4739
2024-02-11 05:15:31,480 -     || token_match: 0.000, exact_match: 0.000
2024-02-11 05:15:31,481 -     || unique taglist code: 678
2024-02-11 05:15:31,483 -     || seen taglist code: 676
2024-02-11 05:15:31,530 -     || saved model
2024-02-11 05:15:31,532 - 
2024-02-11 05:15:31,533 - #epc: 49
2024-02-11 05:15:32,025 - epc:49, epc_KL:  1.000000
2024-02-11 05:23:21,489 - exact_match_tst_copy_acc: 0.776
2024-02-11 05:23:21,490 - exact_match_tst_reinflection_wlemma: 0.233
2024-02-11 05:23:21,491 - exact_match_tst_reinflection_wlemma_TAGFINDER1: 0.208
2024-02-11 05:23:21,492 - exact_match_tst_reinflection_wlemma_TAGFINDER1_or_2: 0.243
2024-02-11 05:23:22,351 - TRN || epcloss: 0.1465
2024-02-11 05:23:22,352 -     || Q: 0.6436
2024-02-11 05:23:22,353 -     || KL: 0.2619
2024-02-11 05:23:22,354 -     || token_match: 0.000, exact_match: 0.000
2024-02-11 05:23:22,356 -     || unique taglist code: 2283
2024-02-11 05:23:22,357 - DEV || epcloss: 0.0683
2024-02-11 05:23:22,358 -     || Q: 0.6015
2024-02-11 05:23:22,359 -     || KL: 0.4711
2024-02-11 05:23:22,361 -     || token_match: 0.000, exact_match: 0.000
2024-02-11 05:23:22,362 -     || unique taglist code: 698
2024-02-11 05:23:22,363 -     || seen taglist code: 698
2024-02-11 05:23:22,430 -     || saved model
