2023-12-25 21:33:32,098 - trnsize: 404897
2023-12-25 21:33:32,133 - devsize: 1446
2023-12-25 21:33:32,135 - tstsize: 1446
2023-12-25 21:33:32,738 - Trn unique tgts: 404896
2023-12-25 21:33:32,739 - Trn unique lemmas: 588
2023-12-25 21:33:32,740 - Trn unique taglists: 703
2023-12-25 21:33:32,741 - Dev unique tgts: 1446
2023-12-25 21:33:32,743 - Dev unique lemmas: 536
2023-12-25 21:33:32,744 - Dev unique taglists: 616
2023-12-25 21:33:32,746 - Tst unique tgts: 1446
2023-12-25 21:33:32,747 - Tst unique lemmas: 536
2023-12-25 21:33:32,748 - Tst unique taglists: 616
2023-12-25 21:33:32,749 - seen_dev_tgt: 1
2023-12-25 21:33:32,751 - seen_dev_lemma: 1446
2023-12-25 21:33:32,752 - seen_dev_taglist: 1446
2023-12-25 21:33:32,753 - seen_tst_tgt: 1
2023-12-25 21:33:32,754 - seen_tst_lemma: 1446
2023-12-25 21:33:32,755 - seen_tst_taglist: 1446
2023-12-25 21:33:57,807 - trnID: run2_5x8_zLEM100_zTAG128_decnh1024_kl1.0_epc10_strt5_decdo0.2_inpemb128_bsize64
2023-12-25 21:33:57,808 - batchsize: 64
2023-12-25 21:33:57,809 - epochs: 50
2023-12-25 21:33:57,811 - lr: 0.00050
2023-12-25 21:33:57,812 - KL_WEIGHT: 1.00000
2023-12-25 21:33:57,813 - opt: Adam (
Parameter Group 0
    amsgrad: False
    betas: (0.5, 0.999)
    capturable: False
    eps: 1e-08
    foreach: None
    lr: 0.0005
    maximize: False
    weight_decay: 0
)
2023-12-25 21:33:57,814 - VQVAE(
  (encoder): Encoder_GRU_VQVAE(
    (layers): ModuleList(
      (0): Embedding(39, 128)
      (1): Dropout(p=0.0, inplace=False)
      (2): GRU(128, 256, batch_first=True, bidirectional=True)
    )
  )
  (z_linears): ModuleList(
    (0): Linear(in_features=256, out_features=128, bias=True)
    (1): Linear(in_features=256, out_features=128, bias=True)
    (2): Linear(in_features=256, out_features=128, bias=True)
    (3): Linear(in_features=256, out_features=128, bias=True)
    (4): Linear(in_features=256, out_features=128, bias=True)
  )
  (quantizers): ModuleList(
    (0): Quantizer(
      (embeddings): Embedding(8, 128)
    )
    (1): Quantizer(
      (embeddings): Embedding(8, 128)
    )
    (2): Quantizer(
      (embeddings): Embedding(8, 128)
    )
    (3): Quantizer(
      (embeddings): Embedding(8, 128)
    )
    (4): Quantizer(
      (embeddings): Embedding(8, 128)
    )
  )
  (z_lemma_mu): Linear(in_features=256, out_features=100, bias=True)
  (z_lemma_logvar): Linear(in_features=256, out_features=100, bias=True)
  (up_from_z_layer): Linear(in_features=228, out_features=1024, bias=True)
  (decoder): Decoder_GRU_VQVAE(
    (layers): ModuleList(
      (0): Embedding(39, 128)
      (1): Dropout(p=0.2, inplace=False)
      (2): GRU(356, 1024, batch_first=True)
      (3): Linear(in_features=1024, out_features=39, bias=True)
    )
    (loss): CrossEntropyLoss()
  )
)
2023-12-25 21:33:58,159 - trnsize: 404897
2023-12-25 21:33:58,160 - devsize: 1446
2023-12-25 21:33:58,162 - tstsize: 1446
2023-12-25 21:33:58,163 - 
2023-12-25 21:33:58,164 - #epc: 0
2023-12-25 21:33:58,168 - epc:0, epc_KL:  0.000000
2023-12-25 21:40:38,158 - exact_match_tst_copy_acc: 0.984
2023-12-25 21:40:38,160 - exact_match_tst_reinflection_wlemma: 0.050
2023-12-25 21:40:38,161 - exact_match_tst_reinflection_wlemma_TAGFINDER1: 0.051
2023-12-25 21:40:38,162 - exact_match_tst_reinflection_wlemma_TAGFINDER1_or_2: 0.053
2023-12-25 21:40:38,588 - TRN || epcloss: 0.0728
2023-12-25 21:40:38,589 -     || Q: 0.0891
2023-12-25 21:40:38,590 -     || KL: 5.5669
2023-12-25 21:40:38,592 -     || token_match: 0.000, exact_match: 0.000
2023-12-25 21:40:38,593 -     || unique taglist code: 3394
2023-12-25 21:40:38,594 - DEV || epcloss: 0.0037
2023-12-25 21:40:38,595 -     || Q: 0.0356
2023-12-25 21:40:38,596 -     || KL: 13.7379
2023-12-25 21:40:38,597 -     || token_match: 0.000, exact_match: 0.000
2023-12-25 21:40:38,598 -     || unique taglist code: 222
2023-12-25 21:40:38,600 -     || seen taglist code: 220
2023-12-25 21:40:38,601 -     || MOST used trncode: 3394
2023-12-25 21:40:38,602 -     || MOST used devcode: 222
2023-12-25 21:40:38,695 -     || saved model
2023-12-25 21:40:38,698 - 
2023-12-25 21:40:38,699 - #epc: 1
2023-12-25 21:40:39,422 - epc:1, epc_KL:  0.000000
2023-12-25 21:47:19,379 - exact_match_tst_copy_acc: 0.988
2023-12-25 21:47:19,381 - exact_match_tst_reinflection_wlemma: 0.034
2023-12-25 21:47:19,382 - exact_match_tst_reinflection_wlemma_TAGFINDER1: 0.035
2023-12-25 21:47:19,383 - exact_match_tst_reinflection_wlemma_TAGFINDER1_or_2: 0.036
2023-12-25 21:47:19,628 - TRN || epcloss: 0.0054
2023-12-25 21:47:19,630 -     || Q: 0.0069
2023-12-25 21:47:19,631 -     || KL: 6.4371
2023-12-25 21:47:19,632 -     || token_match: 0.000, exact_match: 0.000
2023-12-25 21:47:19,633 -     || unique taglist code: 3996
2023-12-25 21:47:19,634 - DEV || epcloss: 0.0028
2023-12-25 21:47:19,635 -     || Q: 0.0082
2023-12-25 21:47:19,636 -     || KL: 13.7044
2023-12-25 21:47:19,637 -     || token_match: 0.000, exact_match: 0.000
2023-12-25 21:47:19,638 -     || unique taglist code: 243
2023-12-25 21:47:19,639 -     || seen taglist code: 238
2023-12-25 21:47:19,640 -     || MOST used trncode: 3996
2023-12-25 21:47:19,641 -     || MOST used devcode: 243
2023-12-25 21:47:19,785 -     || saved model
2023-12-25 21:47:19,788 - 
2023-12-25 21:47:19,789 - #epc: 2
2023-12-25 21:47:20,289 - epc:2, epc_KL:  0.000000
2023-12-25 21:54:02,300 - exact_match_tst_copy_acc: 0.998
2023-12-25 21:54:02,301 - exact_match_tst_reinflection_wlemma: 0.046
2023-12-25 21:54:02,302 - exact_match_tst_reinflection_wlemma_TAGFINDER1: 0.046
2023-12-25 21:54:02,303 - exact_match_tst_reinflection_wlemma_TAGFINDER1_or_2: 0.047
2023-12-25 21:54:02,493 - TRN || epcloss: 0.0023
2023-12-25 21:54:02,494 -     || Q: 0.0039
2023-12-25 21:54:02,495 -     || KL: 6.8452
2023-12-25 21:54:02,496 -     || token_match: 0.000, exact_match: 0.000
2023-12-25 21:54:02,498 -     || unique taglist code: 2527
2023-12-25 21:54:02,499 - DEV || epcloss: 0.0005
2023-12-25 21:54:02,500 -     || Q: 0.0024
2023-12-25 21:54:02,501 -     || KL: 14.9780
2023-12-25 21:54:02,502 -     || token_match: 0.000, exact_match: 0.000
2023-12-25 21:54:02,503 -     || unique taglist code: 250
2023-12-25 21:54:02,504 -     || seen taglist code: 249
2023-12-25 21:54:02,505 -     || MOST used devcode: 250
2023-12-25 21:54:02,590 -     || saved model
2023-12-25 21:54:02,592 - 
2023-12-25 21:54:02,594 - #epc: 3
2023-12-25 21:54:03,094 - epc:3, epc_KL:  0.000000
2023-12-25 22:00:45,258 - exact_match_tst_copy_acc: 0.983
2023-12-25 22:00:45,260 - exact_match_tst_reinflection_wlemma: 0.047
2023-12-25 22:00:45,261 - exact_match_tst_reinflection_wlemma_TAGFINDER1: 0.045
2023-12-25 22:00:45,262 - exact_match_tst_reinflection_wlemma_TAGFINDER1_or_2: 0.048
2023-12-25 22:00:45,524 - TRN || epcloss: 0.0026
2023-12-25 22:00:45,525 -     || Q: 0.0031
2023-12-25 22:00:45,526 -     || KL: 7.1571
2023-12-25 22:00:45,527 -     || token_match: 0.000, exact_match: 0.000
2023-12-25 22:00:45,528 -     || unique taglist code: 3288
2023-12-25 22:00:45,530 - DEV || epcloss: 0.0033
2023-12-25 22:00:45,531 -     || Q: 0.0024
2023-12-25 22:00:45,532 -     || KL: 15.5774
2023-12-25 22:00:45,533 -     || token_match: 0.000, exact_match: 0.000
2023-12-25 22:00:45,534 -     || unique taglist code: 248
2023-12-25 22:00:45,535 -     || seen taglist code: 243
2023-12-25 22:00:45,627 -     || saved model
2023-12-25 22:00:45,629 - 
2023-12-25 22:00:45,630 - #epc: 4
2023-12-25 22:00:46,126 - epc:4, epc_KL:  0.000000
2023-12-25 22:07:27,622 - exact_match_tst_copy_acc: 0.999
2023-12-25 22:07:27,624 - exact_match_tst_reinflection_wlemma: 0.046
2023-12-25 22:07:27,625 - exact_match_tst_reinflection_wlemma_TAGFINDER1: 0.048
2023-12-25 22:07:27,626 - exact_match_tst_reinflection_wlemma_TAGFINDER1_or_2: 0.048
2023-12-25 22:07:27,864 - TRN || epcloss: 0.0018
2023-12-25 22:07:27,866 -     || Q: 0.0024
2023-12-25 22:07:27,867 -     || KL: 7.5668
2023-12-25 22:07:27,868 -     || token_match: 0.000, exact_match: 0.000
2023-12-25 22:07:27,869 -     || unique taglist code: 2923
2023-12-25 22:07:27,870 - DEV || epcloss: 0.0002
2023-12-25 22:07:27,871 -     || Q: 0.0009
2023-12-25 22:07:27,872 -     || KL: 16.2328
2023-12-25 22:07:27,873 -     || token_match: 0.000, exact_match: 0.000
2023-12-25 22:07:27,874 -     || unique taglist code: 231
2023-12-25 22:07:27,876 -     || seen taglist code: 229
2023-12-25 22:07:27,986 -     || saved model
2023-12-25 22:07:27,988 - 
2023-12-25 22:07:27,990 - #epc: 5
2023-12-25 22:07:28,487 - epc:5, epc_KL:  0.100000
2023-12-25 22:14:12,893 - exact_match_tst_copy_acc: 0.976
2023-12-25 22:14:12,894 - exact_match_tst_reinflection_wlemma: 0.175
2023-12-25 22:14:12,895 - exact_match_tst_reinflection_wlemma_TAGFINDER1: 0.177
2023-12-25 22:14:12,896 - exact_match_tst_reinflection_wlemma_TAGFINDER1_or_2: 0.183
2023-12-25 22:14:13,194 - TRN || epcloss: 0.0187
2023-12-25 22:14:13,196 -     || Q: 0.0157
2023-12-25 22:14:13,197 -     || KL: 0.6995
2023-12-25 22:14:13,198 -     || token_match: 0.000, exact_match: 0.000
2023-12-25 22:14:13,199 -     || unique taglist code: 4951
2023-12-25 22:14:13,200 - DEV || epcloss: 0.0076
2023-12-25 22:14:13,201 -     || Q: 0.0290
2023-12-25 22:14:13,202 -     || KL: 1.6276
2023-12-25 22:14:13,203 -     || token_match: 0.000, exact_match: 0.000
2023-12-25 22:14:13,204 -     || unique taglist code: 615
2023-12-25 22:14:13,205 -     || seen taglist code: 594
2023-12-25 22:14:13,206 -     || MOST used trncode: 4951
2023-12-25 22:14:13,207 -     || MOST used devcode: 615
2023-12-25 22:14:13,292 -     || saved model
2023-12-25 22:14:13,294 - 
2023-12-25 22:14:13,295 - #epc: 6
2023-12-25 22:14:13,804 - epc:6, epc_KL:  0.200000
2023-12-25 22:20:59,189 - exact_match_tst_copy_acc: 0.997
2023-12-25 22:20:59,191 - exact_match_tst_reinflection_wlemma: 0.418
2023-12-25 22:20:59,192 - exact_match_tst_reinflection_wlemma_TAGFINDER1: 0.400
2023-12-25 22:20:59,193 - exact_match_tst_reinflection_wlemma_TAGFINDER1_or_2: 0.435
2023-12-25 22:20:59,512 - TRN || epcloss: 0.0219
2023-12-25 22:20:59,513 -     || Q: 0.0551
2023-12-25 22:20:59,514 -     || KL: 0.3940
2023-12-25 22:20:59,515 -     || token_match: 0.000, exact_match: 0.000
2023-12-25 22:20:59,516 -     || unique taglist code: 7380
2023-12-25 22:20:59,517 - DEV || epcloss: 0.0006
2023-12-25 22:20:59,519 -     || Q: 0.0532
2023-12-25 22:20:59,520 -     || KL: 0.7282
2023-12-25 22:20:59,521 -     || token_match: 0.000, exact_match: 0.000
2023-12-25 22:20:59,522 -     || unique taglist code: 1011
2023-12-25 22:20:59,524 -     || seen taglist code: 999
2023-12-25 22:20:59,525 -     || MOST used trncode: 7380
2023-12-25 22:20:59,526 -     || MOST used devcode: 1011
2023-12-25 22:20:59,633 -     || saved model
2023-12-25 22:20:59,636 - 
2023-12-25 22:20:59,637 - #epc: 7
2023-12-25 22:21:00,137 - epc:7, epc_KL:  0.300000
2023-12-25 22:27:47,535 - exact_match_tst_copy_acc: 0.985
2023-12-25 22:27:47,536 - exact_match_tst_reinflection_wlemma: 0.711
2023-12-25 22:27:47,537 - exact_match_tst_reinflection_wlemma_TAGFINDER1: 0.649
2023-12-25 22:27:47,538 - exact_match_tst_reinflection_wlemma_TAGFINDER1_or_2: 0.716
2023-12-25 22:27:47,824 - TRN || epcloss: 0.0224
2023-12-25 22:27:47,826 -     || Q: 0.0905
2023-12-25 22:27:47,827 -     || KL: 0.2695
2023-12-25 22:27:47,828 -     || token_match: 0.000, exact_match: 0.000
2023-12-25 22:27:47,829 -     || unique taglist code: 8222
2023-12-25 22:27:47,831 - DEV || epcloss: 0.0043
2023-12-25 22:27:47,832 -     || Q: 0.0927
2023-12-25 22:27:47,833 -     || KL: 0.5339
2023-12-25 22:27:47,834 -     || token_match: 0.000, exact_match: 0.000
2023-12-25 22:27:47,835 -     || unique taglist code: 1027
2023-12-25 22:27:47,837 -     || seen taglist code: 1013
2023-12-25 22:27:47,838 -     || MOST used trncode: 8222
2023-12-25 22:27:47,839 -     || MOST used devcode: 1027
2023-12-25 22:27:47,937 -     || saved model
2023-12-25 22:27:47,940 - 
2023-12-25 22:27:47,941 - #epc: 8
2023-12-25 22:27:48,451 - epc:8, epc_KL:  0.400000
2023-12-25 22:34:34,556 - exact_match_tst_copy_acc: 0.992
2023-12-25 22:34:34,558 - exact_match_tst_reinflection_wlemma: 0.766
2023-12-25 22:34:34,560 - exact_match_tst_reinflection_wlemma_TAGFINDER1: 0.676
2023-12-25 22:34:34,561 - exact_match_tst_reinflection_wlemma_TAGFINDER1_or_2: 0.771
2023-12-25 22:34:34,840 - TRN || epcloss: 0.0228
2023-12-25 22:34:34,842 -     || Q: 0.1162
2023-12-25 22:34:34,843 -     || KL: 0.2103
2023-12-25 22:34:34,844 -     || token_match: 0.000, exact_match: 0.000
2023-12-25 22:34:34,845 -     || unique taglist code: 8250
2023-12-25 22:34:34,846 - DEV || epcloss: 0.0024
2023-12-25 22:34:34,847 -     || Q: 0.1088
2023-12-25 22:34:34,848 -     || KL: 0.4233
2023-12-25 22:34:34,849 -     || token_match: 0.000, exact_match: 0.000
2023-12-25 22:34:34,850 -     || unique taglist code: 1052
2023-12-25 22:34:34,852 -     || seen taglist code: 1046
2023-12-25 22:34:34,853 -     || MOST used trncode: 8250
2023-12-25 22:34:34,854 -     || MOST used devcode: 1052
2023-12-25 22:34:34,958 -     || saved model
2023-12-25 22:34:34,961 - 
2023-12-25 22:34:34,962 - #epc: 9
2023-12-25 22:34:35,477 - epc:9, epc_KL:  0.500000
2023-12-25 22:41:20,285 - exact_match_tst_copy_acc: 0.990
2023-12-25 22:41:20,286 - exact_match_tst_reinflection_wlemma: 0.786
2023-12-25 22:41:20,287 - exact_match_tst_reinflection_wlemma_TAGFINDER1: 0.668
2023-12-25 22:41:20,288 - exact_match_tst_reinflection_wlemma_TAGFINDER1_or_2: 0.778
2023-12-25 22:41:20,537 - TRN || epcloss: 0.0246
2023-12-25 22:41:20,538 -     || Q: 0.1473
2023-12-25 22:41:20,539 -     || KL: 0.1796
2023-12-25 22:41:20,541 -     || token_match: 0.000, exact_match: 0.000
2023-12-25 22:41:20,542 -     || unique taglist code: 9452
2023-12-25 22:41:20,543 - DEV || epcloss: 0.0036
2023-12-25 22:41:20,544 -     || Q: 0.1457
2023-12-25 22:41:20,545 -     || KL: 0.3714
2023-12-25 22:41:20,546 -     || token_match: 0.000, exact_match: 0.000
2023-12-25 22:41:20,547 -     || unique taglist code: 1124
2023-12-25 22:41:20,548 -     || seen taglist code: 1108
2023-12-25 22:41:20,549 -     || MOST used trncode: 9452
2023-12-25 22:41:20,550 -     || MOST used devcode: 1124
2023-12-25 22:41:20,672 -     || saved model
2023-12-25 22:41:20,675 - 
2023-12-25 22:41:20,676 - #epc: 10
2023-12-25 22:41:21,178 - epc:10, epc_KL:  0.600000
2023-12-25 22:48:06,040 - exact_match_tst_copy_acc: 0.985
2023-12-25 22:48:06,041 - exact_match_tst_reinflection_wlemma: 0.783
2023-12-25 22:48:06,042 - exact_match_tst_reinflection_wlemma_TAGFINDER1: 0.598
2023-12-25 22:48:06,043 - exact_match_tst_reinflection_wlemma_TAGFINDER1_or_2: 0.753
2023-12-25 22:48:06,266 - TRN || epcloss: 0.0273
2023-12-25 22:48:06,267 -     || Q: 0.1773
2023-12-25 22:48:06,268 -     || KL: 0.1596
2023-12-25 22:48:06,269 -     || token_match: 0.000, exact_match: 0.000
2023-12-25 22:48:06,270 -     || unique taglist code: 11387
2023-12-25 22:48:06,271 - DEV || epcloss: 0.0043
2023-12-25 22:48:06,272 -     || Q: 0.1837
2023-12-25 22:48:06,273 -     || KL: 0.3210
2023-12-25 22:48:06,274 -     || token_match: 0.000, exact_match: 0.000
2023-12-25 22:48:06,275 -     || unique taglist code: 1206
2023-12-25 22:48:06,277 -     || seen taglist code: 1200
2023-12-25 22:48:06,279 -     || MOST used trncode: 11387
2023-12-25 22:48:06,280 -     || MOST used devcode: 1206
2023-12-25 22:48:06,390 -     || saved model
2023-12-25 22:48:06,393 - 
2023-12-25 22:48:06,394 - #epc: 11
2023-12-25 22:48:06,905 - epc:11, epc_KL:  0.700000
2023-12-25 22:54:53,371 - exact_match_tst_copy_acc: 0.976
2023-12-25 22:54:53,372 - exact_match_tst_reinflection_wlemma: 0.785
2023-12-25 22:54:53,373 - exact_match_tst_reinflection_wlemma_TAGFINDER1: 0.582
2023-12-25 22:54:53,374 - exact_match_tst_reinflection_wlemma_TAGFINDER1_or_2: 0.738
2023-12-25 22:54:53,616 - TRN || epcloss: 0.0296
2023-12-25 22:54:53,618 -     || Q: 0.2112
2023-12-25 22:54:53,619 -     || KL: 0.1449
2023-12-25 22:54:53,620 -     || token_match: 0.000, exact_match: 0.000
2023-12-25 22:54:53,621 -     || unique taglist code: 11739
2023-12-25 22:54:53,622 - DEV || epcloss: 0.0058
2023-12-25 22:54:53,623 -     || Q: 0.2343
2023-12-25 22:54:53,624 -     || KL: 0.3073
2023-12-25 22:54:53,626 -     || token_match: 0.000, exact_match: 0.000
2023-12-25 22:54:53,627 -     || unique taglist code: 1226
2023-12-25 22:54:53,628 -     || seen taglist code: 1217
2023-12-25 22:54:53,630 -     || MOST used trncode: 11739
2023-12-25 22:54:53,631 -     || MOST used devcode: 1226
2023-12-25 22:54:53,717 -     || saved model
2023-12-25 22:54:53,719 - 
2023-12-25 22:54:53,720 - #epc: 12
2023-12-25 22:54:54,240 - epc:12, epc_KL:  0.800000
2023-12-25 23:01:41,026 - exact_match_tst_copy_acc: 0.974
2023-12-25 23:01:41,027 - exact_match_tst_reinflection_wlemma: 0.771
2023-12-25 23:01:41,028 - exact_match_tst_reinflection_wlemma_TAGFINDER1: 0.539
2023-12-25 23:01:41,029 - exact_match_tst_reinflection_wlemma_TAGFINDER1_or_2: 0.720
2023-12-25 23:01:41,397 - TRN || epcloss: 0.0332
2023-12-25 23:01:41,399 -     || Q: 0.2805
2023-12-25 23:01:41,400 -     || KL: 0.1336
2023-12-25 23:01:41,401 -     || token_match: 0.000, exact_match: 0.000
2023-12-25 23:01:41,402 -     || unique taglist code: 12247
2023-12-25 23:01:41,403 - DEV || epcloss: 0.0085
2023-12-25 23:01:41,404 -     || Q: 0.2909
2023-12-25 23:01:41,405 -     || KL: 0.2870
2023-12-25 23:01:41,406 -     || token_match: 0.000, exact_match: 0.000
2023-12-25 23:01:41,407 -     || unique taglist code: 1217
2023-12-25 23:01:41,409 -     || seen taglist code: 1207
2023-12-25 23:01:41,411 -     || MOST used trncode: 12247
2023-12-25 23:01:41,543 -     || saved model
2023-12-25 23:01:41,546 - 
2023-12-25 23:01:41,547 - #epc: 13
2023-12-25 23:01:42,121 - epc:13, epc_KL:  0.900000
2023-12-25 23:08:29,643 - exact_match_tst_copy_acc: 0.961
2023-12-25 23:08:29,644 - exact_match_tst_reinflection_wlemma: 0.763
2023-12-25 23:08:29,645 - exact_match_tst_reinflection_wlemma_TAGFINDER1: 0.512
2023-12-25 23:08:29,646 - exact_match_tst_reinflection_wlemma_TAGFINDER1_or_2: 0.701
2023-12-25 23:08:29,934 - TRN || epcloss: 0.0377
2023-12-25 23:08:29,935 -     || Q: 0.3567
2023-12-25 23:08:29,936 -     || KL: 0.1244
2023-12-25 23:08:29,937 -     || token_match: 0.000, exact_match: 0.000
2023-12-25 23:08:29,938 -     || unique taglist code: 12941
2023-12-25 23:08:29,939 - DEV || epcloss: 0.0088
2023-12-25 23:08:29,941 -     || Q: 0.3742
2023-12-25 23:08:29,942 -     || KL: 0.2609
2023-12-25 23:08:29,942 -     || token_match: 0.000, exact_match: 0.000
2023-12-25 23:08:29,943 -     || unique taglist code: 1236
2023-12-25 23:08:29,945 -     || seen taglist code: 1223
2023-12-25 23:08:29,946 -     || MOST used trncode: 12941
2023-12-25 23:08:29,948 -     || MOST used devcode: 1236
2023-12-25 23:08:30,031 -     || saved model
2023-12-25 23:08:30,034 - 
2023-12-25 23:08:30,035 - #epc: 14
2023-12-25 23:08:30,539 - epc:14, epc_KL:  1.000000
2023-12-25 23:15:17,664 - exact_match_tst_copy_acc: 0.959
2023-12-25 23:15:17,665 - exact_match_tst_reinflection_wlemma: 0.757
2023-12-25 23:15:17,666 - exact_match_tst_reinflection_wlemma_TAGFINDER1: 0.485
2023-12-25 23:15:17,667 - exact_match_tst_reinflection_wlemma_TAGFINDER1_or_2: 0.679
2023-12-25 23:15:17,918 - TRN || epcloss: 0.0423
2023-12-25 23:15:17,920 -     || Q: 0.4532
2023-12-25 23:15:17,921 -     || KL: 0.1172
2023-12-25 23:15:17,923 -     || token_match: 0.000, exact_match: 0.000
2023-12-25 23:15:17,924 -     || unique taglist code: 13063
2023-12-25 23:15:17,926 - DEV || epcloss: 0.0086
2023-12-25 23:15:17,927 -     || Q: 0.4558
2023-12-25 23:15:17,929 -     || KL: 0.2467
2023-12-25 23:15:17,930 -     || token_match: 0.000, exact_match: 0.000
2023-12-25 23:15:17,931 -     || unique taglist code: 1263
2023-12-25 23:15:17,933 -     || seen taglist code: 1256
2023-12-25 23:15:17,935 -     || MOST used trncode: 13063
2023-12-25 23:15:17,936 -     || MOST used devcode: 1263
2023-12-25 23:15:18,044 -     || saved model
2023-12-25 23:15:18,046 - 
2023-12-25 23:15:18,047 - #epc: 15
2023-12-25 23:15:18,573 - epc:15, epc_KL:  1.000000
2023-12-25 23:22:04,963 - exact_match_tst_copy_acc: 0.959
2023-12-25 23:22:04,964 - exact_match_tst_reinflection_wlemma: 0.757
2023-12-25 23:22:04,965 - exact_match_tst_reinflection_wlemma_TAGFINDER1: 0.459
2023-12-25 23:22:04,967 - exact_match_tst_reinflection_wlemma_TAGFINDER1_or_2: 0.675
2023-12-25 23:22:05,212 - TRN || epcloss: 0.0431
2023-12-25 23:22:05,213 -     || Q: 0.5297
2023-12-25 23:22:05,214 -     || KL: 0.1128
2023-12-25 23:22:05,215 -     || token_match: 0.000, exact_match: 0.000
2023-12-25 23:22:05,216 -     || unique taglist code: 13576
2023-12-25 23:22:05,217 - DEV || epcloss: 0.0109
2023-12-25 23:22:05,218 -     || Q: 0.5282
2023-12-25 23:22:05,219 -     || KL: 0.2366
2023-12-25 23:22:05,220 -     || token_match: 0.000, exact_match: 0.000
2023-12-25 23:22:05,221 -     || unique taglist code: 1289
2023-12-25 23:22:05,223 -     || seen taglist code: 1277
2023-12-25 23:22:05,225 -     || MOST used trncode: 13576
2023-12-25 23:22:05,226 -     || MOST used devcode: 1289
2023-12-25 23:22:05,331 -     || saved model
2023-12-25 23:22:05,334 - 
2023-12-25 23:22:05,336 - #epc: 16
2023-12-25 23:22:05,836 - epc:16, epc_KL:  1.000000
2023-12-25 23:28:51,819 - exact_match_tst_copy_acc: 0.954
2023-12-25 23:28:51,820 - exact_match_tst_reinflection_wlemma: 0.752
2023-12-25 23:28:51,821 - exact_match_tst_reinflection_wlemma_TAGFINDER1: 0.436
2023-12-25 23:28:51,822 - exact_match_tst_reinflection_wlemma_TAGFINDER1_or_2: 0.654
2023-12-25 23:28:52,088 - TRN || epcloss: 0.0427
2023-12-25 23:28:52,090 -     || Q: 0.5882
2023-12-25 23:28:52,091 -     || KL: 0.1094
2023-12-25 23:28:52,092 -     || token_match: 0.000, exact_match: 0.000
2023-12-25 23:28:52,092 -     || unique taglist code: 13266
2023-12-25 23:28:52,093 - DEV || epcloss: 0.0116
2023-12-25 23:28:52,094 -     || Q: 0.6098
2023-12-25 23:28:52,095 -     || KL: 0.2350
2023-12-25 23:28:52,096 -     || token_match: 0.000, exact_match: 0.000
2023-12-25 23:28:52,097 -     || unique taglist code: 1279
2023-12-25 23:28:52,099 -     || seen taglist code: 1275
2023-12-25 23:28:52,168 -     || saved model
2023-12-25 23:28:52,171 - 
2023-12-25 23:28:52,172 - #epc: 17
2023-12-25 23:28:52,661 - epc:17, epc_KL:  1.000000
2023-12-25 23:35:39,803 - exact_match_tst_copy_acc: 0.946
2023-12-25 23:35:39,804 - exact_match_tst_reinflection_wlemma: 0.767
2023-12-25 23:35:39,805 - exact_match_tst_reinflection_wlemma_TAGFINDER1: 0.438
2023-12-25 23:35:39,806 - exact_match_tst_reinflection_wlemma_TAGFINDER1_or_2: 0.658
2023-12-25 23:35:40,058 - TRN || epcloss: 0.0430
2023-12-25 23:35:40,060 -     || Q: 0.6294
2023-12-25 23:35:40,061 -     || KL: 0.1068
2023-12-25 23:35:40,062 -     || token_match: 0.000, exact_match: 0.000
2023-12-25 23:35:40,063 -     || unique taglist code: 12849
2023-12-25 23:35:40,064 - DEV || epcloss: 0.0120
2023-12-25 23:35:40,066 -     || Q: 0.6030
2023-12-25 23:35:40,067 -     || KL: 0.2281
2023-12-25 23:35:40,068 -     || token_match: 0.000, exact_match: 0.000
2023-12-25 23:35:40,070 -     || unique taglist code: 1262
2023-12-25 23:35:40,071 -     || seen taglist code: 1258
2023-12-25 23:35:40,195 -     || saved model
2023-12-25 23:35:40,198 - 
2023-12-25 23:35:40,199 - #epc: 18
2023-12-25 23:35:40,726 - epc:18, epc_KL:  1.000000
2023-12-25 23:42:28,754 - exact_match_tst_copy_acc: 0.952
2023-12-25 23:42:28,755 - exact_match_tst_reinflection_wlemma: 0.767
2023-12-25 23:42:28,756 - exact_match_tst_reinflection_wlemma_TAGFINDER1: 0.440
2023-12-25 23:42:28,757 - exact_match_tst_reinflection_wlemma_TAGFINDER1_or_2: 0.653
2023-12-25 23:42:29,017 - TRN || epcloss: 0.0433
2023-12-25 23:42:29,018 -     || Q: 0.6690
2023-12-25 23:42:29,019 -     || KL: 0.1058
2023-12-25 23:42:29,021 -     || token_match: 0.000, exact_match: 0.000
2023-12-25 23:42:29,022 -     || unique taglist code: 13044
2023-12-25 23:42:29,023 - DEV || epcloss: 0.0117
2023-12-25 23:42:29,024 -     || Q: 0.6267
2023-12-25 23:42:29,025 -     || KL: 0.2262
2023-12-25 23:42:29,026 -     || token_match: 0.000, exact_match: 0.000
2023-12-25 23:42:29,027 -     || unique taglist code: 1290
2023-12-25 23:42:29,029 -     || seen taglist code: 1289
2023-12-25 23:42:29,031 -     || MOST used devcode: 1290
2023-12-25 23:42:29,156 -     || saved model
2023-12-25 23:42:29,159 - 
2023-12-25 23:42:29,160 - #epc: 19
2023-12-25 23:42:29,667 - epc:19, epc_KL:  1.000000
2023-12-25 23:49:17,063 - exact_match_tst_copy_acc: 0.945
2023-12-25 23:49:17,064 - exact_match_tst_reinflection_wlemma: 0.743
2023-12-25 23:49:17,066 - exact_match_tst_reinflection_wlemma_TAGFINDER1: 0.417
2023-12-25 23:49:17,067 - exact_match_tst_reinflection_wlemma_TAGFINDER1_or_2: 0.633
2023-12-25 23:49:17,361 - TRN || epcloss: 0.0427
2023-12-25 23:49:17,363 -     || Q: 0.6694
2023-12-25 23:49:17,364 -     || KL: 0.1052
2023-12-25 23:49:17,365 -     || token_match: 0.000, exact_match: 0.000
2023-12-25 23:49:17,367 -     || unique taglist code: 12807
2023-12-25 23:49:17,368 - DEV || epcloss: 0.0116
2023-12-25 23:49:17,369 -     || Q: 0.6185
2023-12-25 23:49:17,370 -     || KL: 0.2267
2023-12-25 23:49:17,372 -     || token_match: 0.000, exact_match: 0.000
2023-12-25 23:49:17,373 -     || unique taglist code: 1288
2023-12-25 23:49:17,375 -     || seen taglist code: 1282
2023-12-25 23:49:17,550 -     || saved model
2023-12-25 23:49:17,554 - 
2023-12-25 23:49:17,555 - #epc: 20
2023-12-25 23:49:18,179 - epc:20, epc_KL:  1.000000
2023-12-25 23:56:05,129 - exact_match_tst_copy_acc: 0.936
2023-12-25 23:56:05,130 - exact_match_tst_reinflection_wlemma: 0.741
2023-12-25 23:56:05,131 - exact_match_tst_reinflection_wlemma_TAGFINDER1: 0.423
2023-12-25 23:56:05,133 - exact_match_tst_reinflection_wlemma_TAGFINDER1_or_2: 0.631
2023-12-25 23:56:05,391 - TRN || epcloss: 0.0437
2023-12-25 23:56:05,393 -     || Q: 0.6633
2023-12-25 23:56:05,394 -     || KL: 0.1039
2023-12-25 23:56:05,395 -     || token_match: 0.000, exact_match: 0.000
2023-12-25 23:56:05,396 -     || unique taglist code: 12971
2023-12-25 23:56:05,397 - DEV || epcloss: 0.0148
2023-12-25 23:56:05,399 -     || Q: 0.6395
2023-12-25 23:56:05,400 -     || KL: 0.2255
2023-12-25 23:56:05,401 -     || token_match: 0.000, exact_match: 0.000
2023-12-25 23:56:05,402 -     || unique taglist code: 1286
2023-12-25 23:56:05,404 -     || seen taglist code: 1283
2023-12-25 23:56:05,554 -     || saved model
2023-12-25 23:56:05,557 - 
2023-12-25 23:56:05,558 - #epc: 21
2023-12-25 23:56:06,099 - epc:21, epc_KL:  1.000000
2023-12-26 00:02:54,169 - exact_match_tst_copy_acc: 0.933
2023-12-26 00:02:54,171 - exact_match_tst_reinflection_wlemma: 0.742
2023-12-26 00:02:54,172 - exact_match_tst_reinflection_wlemma_TAGFINDER1: 0.411
2023-12-26 00:02:54,173 - exact_match_tst_reinflection_wlemma_TAGFINDER1_or_2: 0.627
2023-12-26 00:02:54,396 - TRN || epcloss: 0.0444
2023-12-26 00:02:54,397 -     || Q: 0.6988
2023-12-26 00:02:54,398 -     || KL: 0.1041
2023-12-26 00:02:54,400 -     || token_match: 0.000, exact_match: 0.000
2023-12-26 00:02:54,401 -     || unique taglist code: 13293
2023-12-26 00:02:54,402 - DEV || epcloss: 0.0168
2023-12-26 00:02:54,403 -     || Q: 0.7251
2023-12-26 00:02:54,404 -     || KL: 0.2251
2023-12-26 00:02:54,405 -     || token_match: 0.000, exact_match: 0.000
2023-12-26 00:02:54,406 -     || unique taglist code: 1296
2023-12-26 00:02:54,408 -     || seen taglist code: 1287
2023-12-26 00:02:54,409 -     || MOST used devcode: 1296
2023-12-26 00:02:54,519 -     || saved model
2023-12-26 00:02:54,522 - 
2023-12-26 00:02:54,523 - #epc: 22
2023-12-26 00:02:55,025 - epc:22, epc_KL:  1.000000
2023-12-26 00:09:43,674 - exact_match_tst_copy_acc: 0.936
2023-12-26 00:09:43,675 - exact_match_tst_reinflection_wlemma: 0.744
2023-12-26 00:09:43,676 - exact_match_tst_reinflection_wlemma_TAGFINDER1: 0.409
2023-12-26 00:09:43,677 - exact_match_tst_reinflection_wlemma_TAGFINDER1_or_2: 0.629
2023-12-26 00:09:43,912 - TRN || epcloss: 0.0429
2023-12-26 00:09:43,914 -     || Q: 0.6774
2023-12-26 00:09:43,915 -     || KL: 0.1037
2023-12-26 00:09:43,916 -     || token_match: 0.000, exact_match: 0.000
2023-12-26 00:09:43,917 -     || unique taglist code: 13143
2023-12-26 00:09:43,918 - DEV || epcloss: 0.0147
2023-12-26 00:09:43,919 -     || Q: 0.6471
2023-12-26 00:09:43,920 -     || KL: 0.2268
2023-12-26 00:09:43,921 -     || token_match: 0.000, exact_match: 0.000
2023-12-26 00:09:43,922 -     || unique taglist code: 1278
2023-12-26 00:09:43,924 -     || seen taglist code: 1272
2023-12-26 00:09:44,053 -     || saved model
2023-12-26 00:09:44,055 - 
2023-12-26 00:09:44,057 - #epc: 23
2023-12-26 00:09:44,571 - epc:23, epc_KL:  1.000000
2023-12-26 00:16:33,262 - exact_match_tst_copy_acc: 0.925
2023-12-26 00:16:33,263 - exact_match_tst_reinflection_wlemma: 0.739
2023-12-26 00:16:33,264 - exact_match_tst_reinflection_wlemma_TAGFINDER1: 0.406
2023-12-26 00:16:33,266 - exact_match_tst_reinflection_wlemma_TAGFINDER1_or_2: 0.614
2023-12-26 00:16:33,487 - TRN || epcloss: 0.0503
2023-12-26 00:16:33,488 -     || Q: 0.7442
2023-12-26 00:16:33,489 -     || KL: 0.1047
2023-12-26 00:16:33,490 -     || token_match: 0.000, exact_match: 0.000
2023-12-26 00:16:33,491 -     || unique taglist code: 13700
2023-12-26 00:16:33,492 - DEV || epcloss: 0.0186
2023-12-26 00:16:33,493 -     || Q: 0.6584
2023-12-26 00:16:33,494 -     || KL: 0.2254
2023-12-26 00:16:33,495 -     || token_match: 0.000, exact_match: 0.000
2023-12-26 00:16:33,496 -     || unique taglist code: 1305
2023-12-26 00:16:33,498 -     || seen taglist code: 1297
2023-12-26 00:16:33,499 -     || MOST used trncode: 13700
2023-12-26 00:16:33,500 -     || MOST used devcode: 1305
2023-12-26 00:16:33,654 -     || saved model
2023-12-26 00:16:33,657 - 
2023-12-26 00:16:33,658 - #epc: 24
2023-12-26 00:16:34,296 - epc:24, epc_KL:  1.000000
2023-12-26 00:23:21,848 - exact_match_tst_copy_acc: 0.916
2023-12-26 00:23:21,849 - exact_match_tst_reinflection_wlemma: 0.702
2023-12-26 00:23:21,851 - exact_match_tst_reinflection_wlemma_TAGFINDER1: 0.398
2023-12-26 00:23:21,852 - exact_match_tst_reinflection_wlemma_TAGFINDER1_or_2: 0.585
2023-12-26 00:23:22,053 - TRN || epcloss: 0.0477
2023-12-26 00:23:22,054 -     || Q: 0.7029
2023-12-26 00:23:22,055 -     || KL: 0.1051
2023-12-26 00:23:22,056 -     || token_match: 0.000, exact_match: 0.000
2023-12-26 00:23:22,057 -     || unique taglist code: 13467
2023-12-26 00:23:22,058 - DEV || epcloss: 0.0207
2023-12-26 00:23:22,059 -     || Q: 0.7254
2023-12-26 00:23:22,060 -     || KL: 0.2300
2023-12-26 00:23:22,061 -     || token_match: 0.000, exact_match: 0.000
2023-12-26 00:23:22,062 -     || unique taglist code: 1289
2023-12-26 00:23:22,064 -     || seen taglist code: 1285
2023-12-26 00:23:22,218 -     || saved model
2023-12-26 00:23:22,221 - 
2023-12-26 00:23:22,222 - #epc: 25
2023-12-26 00:23:22,710 - epc:25, epc_KL:  1.000000
2023-12-26 00:30:09,356 - exact_match_tst_copy_acc: 0.922
2023-12-26 00:30:09,358 - exact_match_tst_reinflection_wlemma: 0.731
2023-12-26 00:30:09,359 - exact_match_tst_reinflection_wlemma_TAGFINDER1: 0.405
2023-12-26 00:30:09,359 - exact_match_tst_reinflection_wlemma_TAGFINDER1_or_2: 0.617
2023-12-26 00:30:09,595 - TRN || epcloss: 0.0526
2023-12-26 00:30:09,596 -     || Q: 0.7113
2023-12-26 00:30:09,597 -     || KL: 0.1066
2023-12-26 00:30:09,599 -     || token_match: 0.000, exact_match: 0.000
2023-12-26 00:30:09,600 -     || unique taglist code: 13791
2023-12-26 00:30:09,601 - DEV || epcloss: 0.0171
2023-12-26 00:30:09,602 -     || Q: 0.6412
2023-12-26 00:30:09,603 -     || KL: 0.2299
2023-12-26 00:30:09,605 -     || token_match: 0.000, exact_match: 0.000
2023-12-26 00:30:09,606 -     || unique taglist code: 1291
2023-12-26 00:30:09,608 -     || seen taglist code: 1287
2023-12-26 00:30:09,609 -     || MOST used trncode: 13791
2023-12-26 00:30:09,739 -     || saved model
2023-12-26 00:30:09,742 - 
2023-12-26 00:30:09,743 - #epc: 26
2023-12-26 00:30:10,276 - epc:26, epc_KL:  1.000000
2023-12-26 00:36:58,482 - exact_match_tst_copy_acc: 0.898
2023-12-26 00:36:58,483 - exact_match_tst_reinflection_wlemma: 0.723
2023-12-26 00:36:58,484 - exact_match_tst_reinflection_wlemma_TAGFINDER1: 0.405
2023-12-26 00:36:58,485 - exact_match_tst_reinflection_wlemma_TAGFINDER1_or_2: 0.607
2023-12-26 00:36:58,692 - TRN || epcloss: 0.0590
2023-12-26 00:36:58,693 -     || Q: 0.7289
2023-12-26 00:36:58,694 -     || KL: 0.1085
2023-12-26 00:36:58,695 -     || token_match: 0.000, exact_match: 0.000
2023-12-26 00:36:58,696 -     || unique taglist code: 13904
2023-12-26 00:36:58,697 - DEV || epcloss: 0.0221
2023-12-26 00:36:58,698 -     || Q: 0.7042
2023-12-26 00:36:58,699 -     || KL: 0.2281
2023-12-26 00:36:58,701 -     || token_match: 0.000, exact_match: 0.000
2023-12-26 00:36:58,702 -     || unique taglist code: 1315
2023-12-26 00:36:58,703 -     || seen taglist code: 1308
2023-12-26 00:36:58,705 -     || MOST used trncode: 13904
2023-12-26 00:36:58,706 -     || MOST used devcode: 1315
2023-12-26 00:36:58,821 -     || saved model
2023-12-26 00:36:58,824 - 
2023-12-26 00:36:58,825 - #epc: 27
2023-12-26 00:36:59,333 - epc:27, epc_KL:  1.000000
2023-12-26 00:43:45,234 - exact_match_tst_copy_acc: 0.860
2023-12-26 00:43:45,235 - exact_match_tst_reinflection_wlemma: 0.669
2023-12-26 00:43:45,236 - exact_match_tst_reinflection_wlemma_TAGFINDER1: 0.371
2023-12-26 00:43:45,237 - exact_match_tst_reinflection_wlemma_TAGFINDER1_or_2: 0.565
2023-12-26 00:43:45,496 - TRN || epcloss: 0.0729
2023-12-26 00:43:45,497 -     || Q: 0.7831
2023-12-26 00:43:45,498 -     || KL: 0.1147
2023-12-26 00:43:45,499 -     || token_match: 0.000, exact_match: 0.000
2023-12-26 00:43:45,500 -     || unique taglist code: 15270
2023-12-26 00:43:45,501 - DEV || epcloss: 0.0351
2023-12-26 00:43:45,502 -     || Q: 0.7991
2023-12-26 00:43:45,503 -     || KL: 0.2650
2023-12-26 00:43:45,504 -     || token_match: 0.000, exact_match: 0.000
2023-12-26 00:43:45,505 -     || unique taglist code: 1297
2023-12-26 00:43:45,507 -     || seen taglist code: 1286
2023-12-26 00:43:45,509 -     || MOST used trncode: 15270
2023-12-26 00:43:45,665 -     || saved model
2023-12-26 00:43:45,668 - 
2023-12-26 00:43:45,669 - #epc: 28
2023-12-26 00:43:46,166 - epc:28, epc_KL:  1.000000
2023-12-26 00:50:32,834 - exact_match_tst_copy_acc: 0.806
2023-12-26 00:50:32,835 - exact_match_tst_reinflection_wlemma: 0.626
2023-12-26 00:50:32,836 - exact_match_tst_reinflection_wlemma_TAGFINDER1: 0.363
2023-12-26 00:50:32,837 - exact_match_tst_reinflection_wlemma_TAGFINDER1_or_2: 0.544
2023-12-26 00:50:33,074 - TRN || epcloss: 0.0789
2023-12-26 00:50:33,075 -     || Q: 0.8692
2023-12-26 00:50:33,076 -     || KL: 0.1146
2023-12-26 00:50:33,077 -     || token_match: 0.000, exact_match: 0.000
2023-12-26 00:50:33,078 -     || unique taglist code: 15888
2023-12-26 00:50:33,079 - DEV || epcloss: 0.0424
2023-12-26 00:50:33,080 -     || Q: 0.8381
2023-12-26 00:50:33,081 -     || KL: 0.2612
2023-12-26 00:50:33,083 -     || token_match: 0.000, exact_match: 0.000
2023-12-26 00:50:33,084 -     || unique taglist code: 1292
2023-12-26 00:50:33,086 -     || seen taglist code: 1287
2023-12-26 00:50:33,087 -     || MOST used trncode: 15888
2023-12-26 00:50:33,273 -     || saved model
2023-12-26 00:50:33,276 - 
2023-12-26 00:50:33,278 - #epc: 29
2023-12-26 00:50:33,810 - epc:29, epc_KL:  1.000000
2023-12-26 00:57:13,044 - exact_match_tst_copy_acc: 0.842
2023-12-26 00:57:13,045 - exact_match_tst_reinflection_wlemma: 0.656
2023-12-26 00:57:13,047 - exact_match_tst_reinflection_wlemma_TAGFINDER1: 0.363
2023-12-26 00:57:13,048 - exact_match_tst_reinflection_wlemma_TAGFINDER1_or_2: 0.558
2023-12-26 00:57:13,553 - TRN || epcloss: 0.0836
2023-12-26 00:57:13,555 -     || Q: 0.8189
2023-12-26 00:57:13,556 -     || KL: 0.1168
2023-12-26 00:57:13,557 -     || token_match: 0.000, exact_match: 0.000
2023-12-26 00:57:13,558 -     || unique taglist code: 15987
2023-12-26 00:57:13,560 - DEV || epcloss: 0.0365
2023-12-26 00:57:13,561 -     || Q: 0.7328
2023-12-26 00:57:13,562 -     || KL: 0.2512
2023-12-26 00:57:13,563 -     || token_match: 0.000, exact_match: 0.000
2023-12-26 00:57:13,564 -     || unique taglist code: 1304
2023-12-26 00:57:13,567 -     || seen taglist code: 1302
2023-12-26 00:57:13,568 -     || MOST used trncode: 15987
2023-12-26 00:57:13,656 -     || saved model
2023-12-26 00:57:13,658 - 
2023-12-26 00:57:13,660 - #epc: 30
2023-12-26 00:57:14,379 - epc:30, epc_KL:  1.000000
2023-12-26 01:03:47,954 - exact_match_tst_copy_acc: 0.887
2023-12-26 01:03:47,956 - exact_match_tst_reinflection_wlemma: 0.700
2023-12-26 01:03:47,957 - exact_match_tst_reinflection_wlemma_TAGFINDER1: 0.378
2023-12-26 01:03:47,958 - exact_match_tst_reinflection_wlemma_TAGFINDER1_or_2: 0.583
2023-12-26 01:03:48,321 - TRN || epcloss: 0.0676
2023-12-26 01:03:48,322 -     || Q: 0.7086
2023-12-26 01:03:48,323 -     || KL: 0.1111
2023-12-26 01:03:48,324 -     || token_match: 0.000, exact_match: 0.000
2023-12-26 01:03:48,325 -     || unique taglist code: 14180
2023-12-26 01:03:48,326 - DEV || epcloss: 0.0264
2023-12-26 01:03:48,327 -     || Q: 0.6678
2023-12-26 01:03:48,328 -     || KL: 0.2343
2023-12-26 01:03:48,329 -     || token_match: 0.000, exact_match: 0.000
2023-12-26 01:03:48,330 -     || unique taglist code: 1292
2023-12-26 01:03:48,332 -     || seen taglist code: 1286
2023-12-26 01:03:48,464 -     || saved model
2023-12-26 01:03:49,644 - 
2023-12-26 01:03:49,646 - #epc: 31
2023-12-26 01:03:50,311 - epc:31, epc_KL:  1.000000
2023-12-26 01:10:30,523 - exact_match_tst_copy_acc: 0.838
2023-12-26 01:10:30,524 - exact_match_tst_reinflection_wlemma: 0.661
2023-12-26 01:10:30,525 - exact_match_tst_reinflection_wlemma_TAGFINDER1: 0.363
2023-12-26 01:10:30,526 - exact_match_tst_reinflection_wlemma_TAGFINDER1_or_2: 0.557
2023-12-26 01:10:30,989 - TRN || epcloss: 0.0810
2023-12-26 01:10:30,990 -     || Q: 0.7690
2023-12-26 01:10:30,991 -     || KL: 0.1157
2023-12-26 01:10:30,992 -     || token_match: 0.000, exact_match: 0.000
2023-12-26 01:10:30,993 -     || unique taglist code: 15060
2023-12-26 01:10:30,994 - DEV || epcloss: 0.0378
2023-12-26 01:10:30,996 -     || Q: 0.6773
2023-12-26 01:10:30,997 -     || KL: 0.2498
2023-12-26 01:10:30,998 -     || token_match: 0.000, exact_match: 0.000
2023-12-26 01:10:30,999 -     || unique taglist code: 1299
2023-12-26 01:10:31,001 -     || seen taglist code: 1284
2023-12-26 01:10:32,123 -     || saved model
2023-12-26 01:10:32,127 - 
2023-12-26 01:10:32,128 - #epc: 32
2023-12-26 01:10:32,915 - epc:32, epc_KL:  1.000000
2023-12-26 01:17:11,124 - exact_match_tst_copy_acc: 0.545
2023-12-26 01:17:11,125 - exact_match_tst_reinflection_wlemma: 0.416
2023-12-26 01:17:11,126 - exact_match_tst_reinflection_wlemma_TAGFINDER1: 0.239
2023-12-26 01:17:11,128 - exact_match_tst_reinflection_wlemma_TAGFINDER1_or_2: 0.352
2023-12-26 01:17:11,597 - TRN || epcloss: 0.1135
2023-12-26 01:17:11,598 -     || Q: 0.8032
2023-12-26 01:17:11,599 -     || KL: 0.1241
2023-12-26 01:17:11,601 -     || token_match: 0.000, exact_match: 0.000
2023-12-26 01:17:11,602 -     || unique taglist code: 16507
2023-12-26 01:17:11,603 - DEV || epcloss: 0.1102
2023-12-26 01:17:11,604 -     || Q: 1.0022
2023-12-26 01:17:11,605 -     || KL: 0.3400
2023-12-26 01:17:11,606 -     || token_match: 0.000, exact_match: 0.000
2023-12-26 01:17:11,607 -     || unique taglist code: 1269
2023-12-26 01:17:11,609 -     || seen taglist code: 1236
2023-12-26 01:17:11,611 -     || MOST used trncode: 16507
2023-12-26 01:17:11,713 -     || saved model
2023-12-26 01:17:11,715 - 
2023-12-26 01:17:11,717 - #epc: 33
2023-12-26 01:17:12,493 - epc:33, epc_KL:  1.000000
2023-12-26 01:23:56,517 - exact_match_tst_copy_acc: 0.697
2023-12-26 01:23:56,518 - exact_match_tst_reinflection_wlemma: 0.544
2023-12-26 01:23:56,519 - exact_match_tst_reinflection_wlemma_TAGFINDER1: 0.297
2023-12-26 01:23:56,520 - exact_match_tst_reinflection_wlemma_TAGFINDER1_or_2: 0.468
2023-12-26 01:23:56,932 - TRN || epcloss: 0.1332
2023-12-26 01:23:56,934 -     || Q: 0.9099
2023-12-26 01:23:56,935 -     || KL: 0.1281
2023-12-26 01:23:56,936 -     || token_match: 0.000, exact_match: 0.000
2023-12-26 01:23:56,937 -     || unique taglist code: 16777
2023-12-26 01:23:56,938 - DEV || epcloss: 0.0667
2023-12-26 01:23:56,939 -     || Q: 0.8250
2023-12-26 01:23:56,940 -     || KL: 0.2886
2023-12-26 01:23:56,941 -     || token_match: 0.000, exact_match: 0.000
2023-12-26 01:23:56,942 -     || unique taglist code: 1281
2023-12-26 01:23:56,945 -     || seen taglist code: 1273
2023-12-26 01:23:56,946 -     || MOST used trncode: 16777
2023-12-26 01:23:57,096 -     || saved model
2023-12-26 01:23:57,099 - 
2023-12-26 01:23:57,101 - #epc: 34
2023-12-26 01:23:57,858 - epc:34, epc_KL:  1.000000
2023-12-26 01:30:54,466 - exact_match_tst_copy_acc: 0.001
2023-12-26 01:30:54,467 - exact_match_tst_reinflection_wlemma: 0.000
2023-12-26 01:30:54,468 - exact_match_tst_reinflection_wlemma_TAGFINDER1: 0.000
2023-12-26 01:30:54,470 - exact_match_tst_reinflection_wlemma_TAGFINDER1_or_2: 0.000
2023-12-26 01:30:55,429 - TRN || epcloss: 1.9117
2023-12-26 01:30:55,431 -     || Q: 3.3828
2023-12-26 01:30:55,432 -     || KL: 0.7466
2023-12-26 01:30:55,433 -     || token_match: 0.000, exact_match: 0.000
2023-12-26 01:30:55,434 -     || unique taglist code: 12737
2023-12-26 01:30:55,435 - DEV || epcloss: 1.0238
2023-12-26 01:30:55,436 -     || Q: 1.9195
2023-12-26 01:30:55,438 -     || KL: 0.7651
2023-12-26 01:30:55,439 -     || token_match: 0.000, exact_match: 0.000
2023-12-26 01:30:55,440 -     || unique taglist code: 68
2023-12-26 01:30:55,441 -     || seen taglist code: 67
2023-12-26 01:30:55,533 -     || saved model
2023-12-26 01:30:55,536 - 
2023-12-26 01:30:55,537 - #epc: 35
2023-12-26 01:30:56,219 - epc:35, epc_KL:  1.000000
2023-12-26 01:37:38,461 - exact_match_tst_copy_acc: 0.002
2023-12-26 01:37:38,463 - exact_match_tst_reinflection_wlemma: 0.001
2023-12-26 01:37:38,464 - exact_match_tst_reinflection_wlemma_TAGFINDER1: 0.003
2023-12-26 01:37:38,466 - exact_match_tst_reinflection_wlemma_TAGFINDER1_or_2: 0.003
2023-12-26 01:37:39,045 - TRN || epcloss: 1.0510
2023-12-26 01:37:39,047 -     || Q: 1.9318
2023-12-26 01:37:39,048 -     || KL: 0.1865
2023-12-26 01:37:39,049 -     || token_match: 0.000, exact_match: 0.000
2023-12-26 01:37:39,050 -     || unique taglist code: 1612
2023-12-26 01:37:39,051 - DEV || epcloss: 0.8624
2023-12-26 01:37:39,052 -     || Q: 2.1642
2023-12-26 01:37:39,053 -     || KL: 0.3745
2023-12-26 01:37:39,054 -     || token_match: 0.000, exact_match: 0.000
2023-12-26 01:37:39,055 -     || unique taglist code: 150
2023-12-26 01:37:39,056 -     || seen taglist code: 142
2023-12-26 01:37:39,229 -     || saved model
2023-12-26 01:37:39,232 - 
2023-12-26 01:37:39,233 - #epc: 36
2023-12-26 01:37:39,922 - epc:36, epc_KL:  1.000000
2023-12-26 01:44:13,555 - exact_match_tst_copy_acc: 0.012
2023-12-26 01:44:13,557 - exact_match_tst_reinflection_wlemma: 0.005
2023-12-26 01:44:13,558 - exact_match_tst_reinflection_wlemma_TAGFINDER1: 0.005
2023-12-26 01:44:13,559 - exact_match_tst_reinflection_wlemma_TAGFINDER1_or_2: 0.008
2023-12-26 01:44:14,091 - TRN || epcloss: 0.7964
2023-12-26 01:44:14,093 -     || Q: 1.5716
2023-12-26 01:44:14,094 -     || KL: 0.1528
2023-12-26 01:44:14,095 -     || token_match: 0.000, exact_match: 0.000
2023-12-26 01:44:14,096 -     || unique taglist code: 2335
2023-12-26 01:44:14,097 - DEV || epcloss: 0.4956
2023-12-26 01:44:14,098 -     || Q: 1.0034
2023-12-26 01:44:14,099 -     || KL: 0.3101
2023-12-26 01:44:14,101 -     || token_match: 0.000, exact_match: 0.000
2023-12-26 01:44:14,102 -     || unique taglist code: 306
2023-12-26 01:44:14,104 -     || seen taglist code: 298
2023-12-26 01:44:14,262 -     || saved model
2023-12-26 01:44:14,265 - 
2023-12-26 01:44:14,266 - #epc: 37
2023-12-26 01:44:15,082 - epc:37, epc_KL:  1.000000
2023-12-26 01:50:50,383 - exact_match_tst_copy_acc: 0.231
2023-12-26 01:50:50,385 - exact_match_tst_reinflection_wlemma: 0.114
2023-12-26 01:50:50,386 - exact_match_tst_reinflection_wlemma_TAGFINDER1: 0.096
2023-12-26 01:50:50,387 - exact_match_tst_reinflection_wlemma_TAGFINDER1_or_2: 0.131
2023-12-26 01:50:50,823 - TRN || epcloss: 0.4200
2023-12-26 01:50:50,824 -     || Q: 1.1491
2023-12-26 01:50:50,825 -     || KL: 0.1545
2023-12-26 01:50:50,826 -     || token_match: 0.000, exact_match: 0.000
2023-12-26 01:50:50,827 -     || unique taglist code: 4864
2023-12-26 01:50:50,828 - DEV || epcloss: 0.2146
2023-12-26 01:50:50,829 -     || Q: 1.3797
2023-12-26 01:50:50,831 -     || KL: 0.3367
2023-12-26 01:50:50,832 -     || token_match: 0.000, exact_match: 0.000
2023-12-26 01:50:50,833 -     || unique taglist code: 799
2023-12-26 01:50:50,834 -     || seen taglist code: 785
2023-12-26 01:50:50,978 -     || saved model
2023-12-26 01:50:50,982 - 
2023-12-26 01:50:50,983 - #epc: 38
2023-12-26 01:50:51,841 - epc:38, epc_KL:  1.000000
2023-12-26 01:57:35,746 - exact_match_tst_copy_acc: 0.508
2023-12-26 01:57:35,748 - exact_match_tst_reinflection_wlemma: 0.379
2023-12-26 01:57:35,749 - exact_match_tst_reinflection_wlemma_TAGFINDER1: 0.338
2023-12-26 01:57:35,750 - exact_match_tst_reinflection_wlemma_TAGFINDER1_or_2: 0.414
2023-12-26 01:57:36,115 - TRN || epcloss: 0.2320
2023-12-26 01:57:36,116 -     || Q: 1.4040
2023-12-26 01:57:36,116 -     || KL: 0.1559
2023-12-26 01:57:36,118 -     || token_match: 0.000, exact_match: 0.000
2023-12-26 01:57:36,118 -     || unique taglist code: 5951
2023-12-26 01:57:36,119 - DEV || epcloss: 0.1106
2023-12-26 01:57:36,120 -     || Q: 1.3402
2023-12-26 01:57:36,121 -     || KL: 0.3299
2023-12-26 01:57:36,122 -     || token_match: 0.000, exact_match: 0.000
2023-12-26 01:57:36,123 -     || unique taglist code: 849
2023-12-26 01:57:36,124 -     || seen taglist code: 847
2023-12-26 01:57:36,238 -     || saved model
2023-12-26 01:57:36,240 - 
2023-12-26 01:57:36,241 - #epc: 39
2023-12-26 01:57:36,946 - epc:39, epc_KL:  1.000000
2023-12-26 02:04:14,776 - exact_match_tst_copy_acc: 0.714
2023-12-26 02:04:14,784 - exact_match_tst_reinflection_wlemma: 0.665
2023-12-26 02:04:14,785 - exact_match_tst_reinflection_wlemma_TAGFINDER1: 0.627
2023-12-26 02:04:14,787 - exact_match_tst_reinflection_wlemma_TAGFINDER1_or_2: 0.698
2023-12-26 02:04:15,269 - TRN || epcloss: 0.1424
2023-12-26 02:04:15,270 -     || Q: 1.2829
2023-12-26 02:04:15,272 -     || KL: 0.1496
2023-12-26 02:04:15,273 -     || token_match: 0.000, exact_match: 0.000
2023-12-26 02:04:15,274 -     || unique taglist code: 5725
2023-12-26 02:04:15,275 - DEV || epcloss: 0.0593
2023-12-26 02:04:15,276 -     || Q: 1.1491
2023-12-26 02:04:15,277 -     || KL: 0.3109
2023-12-26 02:04:15,278 -     || token_match: 0.000, exact_match: 0.000
2023-12-26 02:04:15,279 -     || unique taglist code: 830
2023-12-26 02:04:15,281 -     || seen taglist code: 827
2023-12-26 02:04:15,376 -     || saved model
2023-12-26 02:04:15,378 - 
2023-12-26 02:04:15,379 - #epc: 40
2023-12-26 02:04:16,112 - epc:40, epc_KL:  1.000000
2023-12-26 02:10:55,328 - exact_match_tst_copy_acc: 0.812
2023-12-26 02:10:55,330 - exact_match_tst_reinflection_wlemma: 0.768
2023-12-26 02:10:55,331 - exact_match_tst_reinflection_wlemma_TAGFINDER1: 0.698
2023-12-26 02:10:55,332 - exact_match_tst_reinflection_wlemma_TAGFINDER1_or_2: 0.783
2023-12-26 02:10:55,786 - TRN || epcloss: 0.0962
2023-12-26 02:10:55,788 -     || Q: 1.0169
2023-12-26 02:10:55,789 -     || KL: 0.1456
2023-12-26 02:10:55,790 -     || token_match: 0.000, exact_match: 0.000
2023-12-26 02:10:55,791 -     || unique taglist code: 5504
2023-12-26 02:10:55,792 - DEV || epcloss: 0.0400
2023-12-26 02:10:55,793 -     || Q: 0.9245
2023-12-26 02:10:55,794 -     || KL: 0.3076
2023-12-26 02:10:55,796 -     || token_match: 0.000, exact_match: 0.000
2023-12-26 02:10:55,797 -     || unique taglist code: 836
2023-12-26 02:10:55,798 -     || seen taglist code: 834
2023-12-26 02:10:55,907 -     || saved model
2023-12-26 02:10:55,909 - 
2023-12-26 02:10:55,910 - #epc: 41
2023-12-26 02:10:56,644 - epc:41, epc_KL:  1.000000
2023-12-26 02:17:39,418 - exact_match_tst_copy_acc: 0.831
2023-12-26 02:17:39,419 - exact_match_tst_reinflection_wlemma: 0.820
2023-12-26 02:17:39,420 - exact_match_tst_reinflection_wlemma_TAGFINDER1: 0.771
2023-12-26 02:17:39,422 - exact_match_tst_reinflection_wlemma_TAGFINDER1_or_2: 0.841
2023-12-26 02:17:39,753 - TRN || epcloss: 0.0732
2023-12-26 02:17:39,754 -     || Q: 0.9078
2023-12-26 02:17:39,755 -     || KL: 0.1426
2023-12-26 02:17:39,757 -     || token_match: 0.000, exact_match: 0.000
2023-12-26 02:17:39,758 -     || unique taglist code: 5315
2023-12-26 02:17:39,759 - DEV || epcloss: 0.0353
2023-12-26 02:17:39,760 -     || Q: 0.9072
2023-12-26 02:17:39,761 -     || KL: 0.2966
2023-12-26 02:17:39,762 -     || token_match: 0.000, exact_match: 0.000
2023-12-26 02:17:39,763 -     || unique taglist code: 863
2023-12-26 02:17:39,765 -     || seen taglist code: 858
2023-12-26 02:17:39,893 -     || saved model
2023-12-26 02:17:39,895 - 
2023-12-26 02:17:39,896 - #epc: 42
2023-12-26 02:17:40,516 - epc:42, epc_KL:  1.000000
2023-12-26 02:24:14,658 - exact_match_tst_copy_acc: 0.865
2023-12-26 02:24:14,659 - exact_match_tst_reinflection_wlemma: 0.852
2023-12-26 02:24:14,660 - exact_match_tst_reinflection_wlemma_TAGFINDER1: 0.785
2023-12-26 02:24:14,661 - exact_match_tst_reinflection_wlemma_TAGFINDER1_or_2: 0.868
2023-12-26 02:24:15,093 - TRN || epcloss: 0.0614
2023-12-26 02:24:15,094 -     || Q: 0.8175
2023-12-26 02:24:15,095 -     || KL: 0.1396
2023-12-26 02:24:15,096 -     || token_match: 0.000, exact_match: 0.000
2023-12-26 02:24:15,097 -     || unique taglist code: 5379
2023-12-26 02:24:15,098 - DEV || epcloss: 0.0311
2023-12-26 02:24:15,100 -     || Q: 0.7571
2023-12-26 02:24:15,101 -     || KL: 0.2896
2023-12-26 02:24:15,102 -     || token_match: 0.000, exact_match: 0.000
2023-12-26 02:24:15,103 -     || unique taglist code: 859
2023-12-26 02:24:15,104 -     || seen taglist code: 856
2023-12-26 02:24:15,256 -     || saved model
2023-12-26 02:24:15,259 - 
2023-12-26 02:24:15,260 - #epc: 43
2023-12-26 02:24:15,981 - epc:43, epc_KL:  1.000000
2023-12-26 02:30:57,409 - exact_match_tst_copy_acc: 0.916
2023-12-26 02:30:57,410 - exact_match_tst_reinflection_wlemma: 0.911
2023-12-26 02:30:57,411 - exact_match_tst_reinflection_wlemma_TAGFINDER1: 0.858
2023-12-26 02:30:57,412 - exact_match_tst_reinflection_wlemma_TAGFINDER1_or_2: 0.919
2023-12-26 02:30:57,870 - TRN || epcloss: 0.0528
2023-12-26 02:30:57,871 -     || Q: 0.6755
2023-12-26 02:30:57,872 -     || KL: 0.1385
2023-12-26 02:30:57,874 -     || token_match: 0.000, exact_match: 0.000
2023-12-26 02:30:57,875 -     || unique taglist code: 5807
2023-12-26 02:30:57,876 - DEV || epcloss: 0.0192
2023-12-26 02:30:57,877 -     || Q: 0.6741
2023-12-26 02:30:57,878 -     || KL: 0.2917
2023-12-26 02:30:57,879 -     || token_match: 0.000, exact_match: 0.000
2023-12-26 02:30:57,880 -     || unique taglist code: 880
2023-12-26 02:30:57,882 -     || seen taglist code: 877
2023-12-26 02:30:58,018 -     || saved model
2023-12-26 02:30:58,021 - 
2023-12-26 02:30:58,022 - #epc: 44
2023-12-26 02:30:58,734 - epc:44, epc_KL:  1.000000
2023-12-26 02:37:37,258 - exact_match_tst_copy_acc: 0.946
2023-12-26 02:37:37,260 - exact_match_tst_reinflection_wlemma: 0.937
2023-12-26 02:37:37,261 - exact_match_tst_reinflection_wlemma_TAGFINDER1: 0.885
2023-12-26 02:37:37,262 - exact_match_tst_reinflection_wlemma_TAGFINDER1_or_2: 0.946
2023-12-26 02:37:37,538 - TRN || epcloss: 0.0468
2023-12-26 02:37:37,539 -     || Q: 0.6191
2023-12-26 02:37:37,541 -     || KL: 0.1370
2023-12-26 02:37:37,542 -     || token_match: 0.000, exact_match: 0.000
2023-12-26 02:37:37,543 -     || unique taglist code: 6101
2023-12-26 02:37:37,544 - DEV || epcloss: 0.0133
2023-12-26 02:37:37,545 -     || Q: 0.5394
2023-12-26 02:37:37,549 -     || KL: 0.2881
2023-12-26 02:37:37,550 -     || token_match: 0.000, exact_match: 0.000
2023-12-26 02:37:37,551 -     || unique taglist code: 896
2023-12-26 02:37:37,553 -     || seen taglist code: 893
2023-12-26 02:37:37,644 -     || saved model
2023-12-26 02:37:37,647 - 
2023-12-26 02:37:37,648 - #epc: 45
2023-12-26 02:37:38,318 - epc:45, epc_KL:  1.000000
2023-12-26 02:44:17,240 - exact_match_tst_copy_acc: 0.959
2023-12-26 02:44:17,241 - exact_match_tst_reinflection_wlemma: 0.954
2023-12-26 02:44:17,242 - exact_match_tst_reinflection_wlemma_TAGFINDER1: 0.845
2023-12-26 02:44:17,243 - exact_match_tst_reinflection_wlemma_TAGFINDER1_or_2: 0.951
2023-12-26 02:44:17,720 - TRN || epcloss: 0.0429
2023-12-26 02:44:17,721 -     || Q: 0.5523
2023-12-26 02:44:17,722 -     || KL: 0.1334
2023-12-26 02:44:17,723 -     || token_match: 0.000, exact_match: 0.000
2023-12-26 02:44:17,724 -     || unique taglist code: 6752
2023-12-26 02:44:17,725 - DEV || epcloss: 0.0092
2023-12-26 02:44:17,727 -     || Q: 0.4937
2023-12-26 02:44:17,728 -     || KL: 0.2790
2023-12-26 02:44:17,729 -     || token_match: 0.000, exact_match: 0.000
2023-12-26 02:44:17,729 -     || unique taglist code: 1007
2023-12-26 02:44:17,732 -     || seen taglist code: 1006
2023-12-26 02:44:17,850 -     || saved model
2023-12-26 02:44:17,853 - 
2023-12-26 02:44:17,854 - #epc: 46
2023-12-26 02:44:18,603 - epc:46, epc_KL:  1.000000
2023-12-26 02:50:52,254 - exact_match_tst_copy_acc: 0.952
2023-12-26 02:50:52,256 - exact_match_tst_reinflection_wlemma: 0.947
2023-12-26 02:50:52,257 - exact_match_tst_reinflection_wlemma_TAGFINDER1: 0.806
2023-12-26 02:50:52,258 - exact_match_tst_reinflection_wlemma_TAGFINDER1_or_2: 0.946
2023-12-26 02:50:52,680 - TRN || epcloss: 0.0411
2023-12-26 02:50:52,682 -     || Q: 0.5075
2023-12-26 02:50:52,683 -     || KL: 0.1310
2023-12-26 02:50:52,684 -     || token_match: 0.000, exact_match: 0.000
2023-12-26 02:50:52,686 -     || unique taglist code: 7054
2023-12-26 02:50:52,687 - DEV || epcloss: 0.0117
2023-12-26 02:50:52,688 -     || Q: 0.4976
2023-12-26 02:50:52,689 -     || KL: 0.2788
2023-12-26 02:50:52,691 -     || token_match: 0.000, exact_match: 0.000
2023-12-26 02:50:52,692 -     || unique taglist code: 1036
2023-12-26 02:50:52,693 -     || seen taglist code: 1034
2023-12-26 02:50:52,835 -     || saved model
2023-12-26 02:50:52,838 - 
2023-12-26 02:50:52,839 - #epc: 47
2023-12-26 02:50:53,624 - epc:47, epc_KL:  1.000000
2023-12-26 02:57:31,422 - exact_match_tst_copy_acc: 0.971
2023-12-26 02:57:31,424 - exact_match_tst_reinflection_wlemma: 0.967
2023-12-26 02:57:31,425 - exact_match_tst_reinflection_wlemma_TAGFINDER1: 0.765
2023-12-26 02:57:31,426 - exact_match_tst_reinflection_wlemma_TAGFINDER1_or_2: 0.950
2023-12-26 02:57:31,725 - TRN || epcloss: 0.0387
2023-12-26 02:57:31,727 -     || Q: 0.4777
2023-12-26 02:57:31,728 -     || KL: 0.1283
2023-12-26 02:57:31,729 -     || token_match: 0.000, exact_match: 0.000
2023-12-26 02:57:31,730 -     || unique taglist code: 7188
2023-12-26 02:57:31,731 - DEV || epcloss: 0.0075
2023-12-26 02:57:31,732 -     || Q: 0.4456
2023-12-26 02:57:31,733 -     || KL: 0.2710
2023-12-26 02:57:31,735 -     || token_match: 0.000, exact_match: 0.000
2023-12-26 02:57:31,736 -     || unique taglist code: 1063
2023-12-26 02:57:31,737 -     || seen taglist code: 1058
2023-12-26 02:57:31,902 -     || saved model
2023-12-26 02:57:31,905 - 
2023-12-26 02:57:31,906 - #epc: 48
2023-12-26 02:57:32,605 - epc:48, epc_KL:  1.000000
2023-12-26 03:04:05,945 - exact_match_tst_copy_acc: 0.954
2023-12-26 03:04:05,947 - exact_match_tst_reinflection_wlemma: 0.947
2023-12-26 03:04:05,948 - exact_match_tst_reinflection_wlemma_TAGFINDER1: 0.741
2023-12-26 03:04:05,949 - exact_match_tst_reinflection_wlemma_TAGFINDER1_or_2: 0.932
2023-12-26 03:04:06,410 - TRN || epcloss: 0.0392
2023-12-26 03:04:06,411 -     || Q: 0.4854
2023-12-26 03:04:06,412 -     || KL: 0.1268
2023-12-26 03:04:06,413 -     || token_match: 0.000, exact_match: 0.000
2023-12-26 03:04:06,414 -     || unique taglist code: 8101
2023-12-26 03:04:06,415 - DEV || epcloss: 0.0121
2023-12-26 03:04:06,416 -     || Q: 0.5275
2023-12-26 03:04:06,417 -     || KL: 0.2724
2023-12-26 03:04:06,418 -     || token_match: 0.000, exact_match: 0.000
2023-12-26 03:04:06,419 -     || unique taglist code: 1121
2023-12-26 03:04:06,421 -     || seen taglist code: 1111
2023-12-26 03:04:06,534 -     || saved model
2023-12-26 03:04:06,537 - 
2023-12-26 03:04:06,538 - #epc: 49
2023-12-26 03:04:07,321 - epc:49, epc_KL:  1.000000
2023-12-26 03:10:43,447 - exact_match_tst_copy_acc: 0.969
2023-12-26 03:10:43,449 - exact_match_tst_reinflection_wlemma: 0.961
2023-12-26 03:10:43,450 - exact_match_tst_reinflection_wlemma_TAGFINDER1: 0.704
2023-12-26 03:10:43,451 - exact_match_tst_reinflection_wlemma_TAGFINDER1_or_2: 0.923
2023-12-26 03:10:43,893 - TRN || epcloss: 0.0370
2023-12-26 03:10:43,895 -     || Q: 0.4839
2023-12-26 03:10:43,896 -     || KL: 0.1239
2023-12-26 03:10:43,897 -     || token_match: 0.000, exact_match: 0.000
2023-12-26 03:10:43,898 -     || unique taglist code: 7857
2023-12-26 03:10:43,899 - DEV || epcloss: 0.0080
2023-12-26 03:10:43,900 -     || Q: 0.4573
2023-12-26 03:10:43,902 -     || KL: 0.2611
2023-12-26 03:10:43,903 -     || token_match: 0.000, exact_match: 0.000
2023-12-26 03:10:43,904 -     || unique taglist code: 1141
2023-12-26 03:10:43,906 -     || seen taglist code: 1137
2023-12-26 03:10:44,016 -     || saved model
