2023-12-25 20:55:32,388 - trnsize: 404897
2023-12-25 20:55:32,459 - devsize: 1446
2023-12-25 20:55:32,460 - tstsize: 1446
2023-12-25 20:55:33,002 - Trn unique tgts: 404896
2023-12-25 20:55:33,003 - Trn unique lemmas: 588
2023-12-25 20:55:33,005 - Trn unique taglists: 703
2023-12-25 20:55:33,006 - Dev unique tgts: 1446
2023-12-25 20:55:33,006 - Dev unique lemmas: 536
2023-12-25 20:55:33,007 - Dev unique taglists: 616
2023-12-25 20:55:33,008 - Tst unique tgts: 1446
2023-12-25 20:55:33,009 - Tst unique lemmas: 536
2023-12-25 20:55:33,011 - Tst unique taglists: 616
2023-12-25 20:55:33,012 - seen_dev_tgt: 1
2023-12-25 20:55:33,013 - seen_dev_lemma: 1446
2023-12-25 20:55:33,014 - seen_dev_taglist: 1446
2023-12-25 20:55:33,015 - seen_tst_tgt: 1
2023-12-25 20:55:33,016 - seen_tst_lemma: 1446
2023-12-25 20:55:33,017 - seen_tst_taglist: 1446
2023-12-25 20:55:55,075 - trnID: run2_12x6_zLEM100_zTAG128_decnh1024_kl0.2_epc10_strt5_decdo0.2_inpemb128_bsize64
2023-12-25 20:55:55,076 - batchsize: 64
2023-12-25 20:55:55,077 - epochs: 50
2023-12-25 20:55:55,078 - lr: 0.00050
2023-12-25 20:55:55,079 - KL_WEIGHT: 0.20000
2023-12-25 20:55:55,080 - opt: Adam (
Parameter Group 0
    amsgrad: False
    betas: (0.5, 0.999)
    capturable: False
    eps: 1e-08
    foreach: None
    lr: 0.0005
    maximize: False
    weight_decay: 0
)
2023-12-25 20:55:55,081 - VQVAE(
  (encoder): Encoder_GRU_VQVAE(
    (layers): ModuleList(
      (0): Embedding(39, 128)
      (1): Dropout(p=0.0, inplace=False)
      (2): GRU(128, 256, batch_first=True, bidirectional=True)
    )
  )
  (z_linears): ModuleList(
    (0): Linear(in_features=256, out_features=128, bias=True)
    (1): Linear(in_features=256, out_features=128, bias=True)
    (2): Linear(in_features=256, out_features=128, bias=True)
    (3): Linear(in_features=256, out_features=128, bias=True)
    (4): Linear(in_features=256, out_features=128, bias=True)
    (5): Linear(in_features=256, out_features=128, bias=True)
    (6): Linear(in_features=256, out_features=128, bias=True)
    (7): Linear(in_features=256, out_features=128, bias=True)
    (8): Linear(in_features=256, out_features=128, bias=True)
    (9): Linear(in_features=256, out_features=128, bias=True)
    (10): Linear(in_features=256, out_features=128, bias=True)
    (11): Linear(in_features=256, out_features=128, bias=True)
  )
  (quantizers): ModuleList(
    (0): Quantizer(
      (embeddings): Embedding(6, 128)
    )
    (1): Quantizer(
      (embeddings): Embedding(6, 128)
    )
    (2): Quantizer(
      (embeddings): Embedding(6, 128)
    )
    (3): Quantizer(
      (embeddings): Embedding(6, 128)
    )
    (4): Quantizer(
      (embeddings): Embedding(6, 128)
    )
    (5): Quantizer(
      (embeddings): Embedding(6, 128)
    )
    (6): Quantizer(
      (embeddings): Embedding(6, 128)
    )
    (7): Quantizer(
      (embeddings): Embedding(6, 128)
    )
    (8): Quantizer(
      (embeddings): Embedding(6, 128)
    )
    (9): Quantizer(
      (embeddings): Embedding(6, 128)
    )
    (10): Quantizer(
      (embeddings): Embedding(6, 128)
    )
    (11): Quantizer(
      (embeddings): Embedding(6, 128)
    )
  )
  (z_lemma_mu): Linear(in_features=256, out_features=100, bias=True)
  (z_lemma_logvar): Linear(in_features=256, out_features=100, bias=True)
  (up_from_z_layer): Linear(in_features=228, out_features=1024, bias=True)
  (decoder): Decoder_GRU_VQVAE(
    (layers): ModuleList(
      (0): Embedding(39, 128)
      (1): Dropout(p=0.2, inplace=False)
      (2): GRU(356, 1024, batch_first=True)
      (3): Linear(in_features=1024, out_features=39, bias=True)
    )
    (loss): CrossEntropyLoss()
  )
)
2023-12-25 20:55:55,703 - trnsize: 404897
2023-12-25 20:55:55,705 - devsize: 1446
2023-12-25 20:55:55,706 - tstsize: 1446
2023-12-25 20:55:55,707 - 
2023-12-25 20:55:55,708 - #epc: 0
2023-12-25 20:55:55,714 - epc:0, epc_KL:  0.000000
2023-12-25 21:03:28,687 - exact_match_tst_copy_acc: 0.990
2023-12-25 21:03:28,689 - exact_match_tst_reinflection_wlemma: 0.114
2023-12-25 21:03:28,690 - exact_match_tst_reinflection_wlemma_TAGFINDER1: 0.114
2023-12-25 21:03:28,691 - exact_match_tst_reinflection_wlemma_TAGFINDER1_or_2: 0.119
2023-12-25 21:03:29,213 - TRN || epcloss: 0.0680
2023-12-25 21:03:29,215 -     || Q: 0.0907
2023-12-25 21:03:29,216 -     || KL: 5.2920
2023-12-25 21:03:29,217 -     || token_match: 0.000, exact_match: 0.000
2023-12-25 21:03:29,218 -     || unique taglist code: 45455
2023-12-25 21:03:29,220 - DEV || epcloss: 0.0026
2023-12-25 21:03:29,221 -     || Q: 0.0176
2023-12-25 21:03:29,223 -     || KL: 12.3394
2023-12-25 21:03:29,224 -     || token_match: 0.000, exact_match: 0.000
2023-12-25 21:03:29,225 -     || unique taglist code: 688
2023-12-25 21:03:29,228 -     || seen taglist code: 617
2023-12-25 21:03:29,230 -     || MOST used trncode: 45455
2023-12-25 21:03:29,231 -     || MOST used devcode: 688
2023-12-25 21:03:29,341 -     || saved model
2023-12-25 21:03:29,343 - 
2023-12-25 21:03:29,344 - #epc: 1
2023-12-25 21:03:30,705 - epc:1, epc_KL:  0.000000
2023-12-25 21:11:30,352 - exact_match_tst_copy_acc: 0.999
2023-12-25 21:11:30,354 - exact_match_tst_reinflection_wlemma: 0.099
2023-12-25 21:11:30,355 - exact_match_tst_reinflection_wlemma_TAGFINDER1: 0.095
2023-12-25 21:11:30,356 - exact_match_tst_reinflection_wlemma_TAGFINDER1_or_2: 0.104
2023-12-25 21:11:30,789 - TRN || epcloss: 0.0048
2023-12-25 21:11:30,790 -     || Q: 0.0117
2023-12-25 21:11:30,791 -     || KL: 6.2173
2023-12-25 21:11:30,793 -     || token_match: 0.000, exact_match: 0.000
2023-12-25 21:11:30,794 -     || unique taglist code: 35610
2023-12-25 21:11:30,795 - DEV || epcloss: 0.0004
2023-12-25 21:11:30,796 -     || Q: 0.0037
2023-12-25 21:11:30,797 -     || KL: 13.8523
2023-12-25 21:11:30,799 -     || token_match: 0.000, exact_match: 0.000
2023-12-25 21:11:30,800 -     || unique taglist code: 674
2023-12-25 21:11:30,802 -     || seen taglist code: 637
2023-12-25 21:11:30,914 -     || saved model
2023-12-25 21:11:30,917 - 
2023-12-25 21:11:30,918 - #epc: 2
2023-12-25 21:11:32,327 - epc:2, epc_KL:  0.000000
2023-12-25 21:19:27,100 - exact_match_tst_copy_acc: 0.990
2023-12-25 21:19:27,102 - exact_match_tst_reinflection_wlemma: 0.089
2023-12-25 21:19:27,103 - exact_match_tst_reinflection_wlemma_TAGFINDER1: 0.084
2023-12-25 21:19:27,104 - exact_match_tst_reinflection_wlemma_TAGFINDER1_or_2: 0.091
2023-12-25 21:19:27,543 - TRN || epcloss: 0.0030
2023-12-25 21:19:27,544 -     || Q: 0.0067
2023-12-25 21:19:27,546 -     || KL: 6.4860
2023-12-25 21:19:27,547 -     || token_match: 0.000, exact_match: 0.000
2023-12-25 21:19:27,548 -     || unique taglist code: 41957
2023-12-25 21:19:27,549 - DEV || epcloss: 0.0016
2023-12-25 21:19:27,550 -     || Q: 0.0037
2023-12-25 21:19:27,551 -     || KL: 14.6188
2023-12-25 21:19:27,552 -     || token_match: 0.000, exact_match: 0.000
2023-12-25 21:19:27,554 -     || unique taglist code: 696
2023-12-25 21:19:27,556 -     || seen taglist code: 606
2023-12-25 21:19:27,558 -     || MOST used devcode: 696
2023-12-25 21:19:27,634 -     || saved model
2023-12-25 21:19:27,638 - 
2023-12-25 21:19:27,639 - #epc: 3
2023-12-25 21:19:29,057 - epc:3, epc_KL:  0.000000
2023-12-25 21:27:24,592 - exact_match_tst_copy_acc: 0.999
2023-12-25 21:27:24,594 - exact_match_tst_reinflection_wlemma: 0.075
2023-12-25 21:27:24,595 - exact_match_tst_reinflection_wlemma_TAGFINDER1: 0.076
2023-12-25 21:27:24,596 - exact_match_tst_reinflection_wlemma_TAGFINDER1_or_2: 0.079
2023-12-25 21:27:24,987 - TRN || epcloss: 0.0028
2023-12-25 21:27:24,988 -     || Q: 0.0064
2023-12-25 21:27:24,990 -     || KL: 7.0462
2023-12-25 21:27:24,991 -     || token_match: 0.000, exact_match: 0.000
2023-12-25 21:27:24,992 -     || unique taglist code: 41018
2023-12-25 21:27:24,993 - DEV || epcloss: 0.0003
2023-12-25 21:27:24,994 -     || Q: 0.0020
2023-12-25 21:27:24,995 -     || KL: 15.4271
2023-12-25 21:27:24,996 -     || token_match: 0.000, exact_match: 0.000
2023-12-25 21:27:24,998 -     || unique taglist code: 697
2023-12-25 21:27:25,000 -     || seen taglist code: 663
2023-12-25 21:27:25,002 -     || MOST used devcode: 697
2023-12-25 21:27:25,146 -     || saved model
2023-12-25 21:27:25,149 - 
2023-12-25 21:27:25,150 - #epc: 4
2023-12-25 21:27:26,557 - epc:4, epc_KL:  0.000000
2023-12-25 21:35:21,388 - exact_match_tst_copy_acc: 1.000
2023-12-25 21:35:21,390 - exact_match_tst_reinflection_wlemma: 0.062
2023-12-25 21:35:21,391 - exact_match_tst_reinflection_wlemma_TAGFINDER1: 0.058
2023-12-25 21:35:21,392 - exact_match_tst_reinflection_wlemma_TAGFINDER1_or_2: 0.062
2023-12-25 21:35:21,869 - TRN || epcloss: 0.0035
2023-12-25 21:35:21,870 -     || Q: 0.0066
2023-12-25 21:35:21,872 -     || KL: 7.3466
2023-12-25 21:35:21,873 -     || token_match: 0.000, exact_match: 0.000
2023-12-25 21:35:21,875 -     || unique taglist code: 44832
2023-12-25 21:35:21,876 - DEV || epcloss: 0.0001
2023-12-25 21:35:21,878 -     || Q: 0.0020
2023-12-25 21:35:21,879 -     || KL: 16.1503
2023-12-25 21:35:21,881 -     || token_match: 0.000, exact_match: 0.000
2023-12-25 21:35:21,882 -     || unique taglist code: 753
2023-12-25 21:35:21,885 -     || seen taglist code: 715
2023-12-25 21:35:21,886 -     || MOST used devcode: 753
2023-12-25 21:35:21,973 -     || saved model
2023-12-25 21:35:21,975 - 
2023-12-25 21:35:21,976 - #epc: 5
2023-12-25 21:35:23,424 - epc:5, epc_KL:  0.020000
2023-12-25 21:43:21,458 - exact_match_tst_copy_acc: 0.998
2023-12-25 21:43:21,459 - exact_match_tst_reinflection_wlemma: 0.139
2023-12-25 21:43:21,460 - exact_match_tst_reinflection_wlemma_TAGFINDER1: 0.136
2023-12-25 21:43:21,462 - exact_match_tst_reinflection_wlemma_TAGFINDER1_or_2: 0.143
2023-12-25 21:43:21,964 - TRN || epcloss: 0.0064
2023-12-25 21:43:21,965 -     || Q: 0.0062
2023-12-25 21:43:21,966 -     || KL: 1.2580
2023-12-25 21:43:21,967 -     || token_match: 0.000, exact_match: 0.000
2023-12-25 21:43:21,968 -     || unique taglist code: 60682
2023-12-25 21:43:21,969 - DEV || epcloss: 0.0005
2023-12-25 21:43:21,971 -     || Q: 0.0044
2023-12-25 21:43:21,972 -     || KL: 2.0488
2023-12-25 21:43:21,973 -     || token_match: 0.000, exact_match: 0.000
2023-12-25 21:43:21,975 -     || unique taglist code: 733
2023-12-25 21:43:21,979 -     || seen taglist code: 680
2023-12-25 21:43:21,980 -     || MOST used trncode: 60682
2023-12-25 21:43:22,126 -     || saved model
2023-12-25 21:43:22,129 - 
2023-12-25 21:43:22,130 - #epc: 6
2023-12-25 21:43:23,580 - epc:6, epc_KL:  0.040000
2023-12-25 21:51:21,600 - exact_match_tst_copy_acc: 0.997
2023-12-25 21:51:21,602 - exact_match_tst_reinflection_wlemma: 0.239
2023-12-25 21:51:21,603 - exact_match_tst_reinflection_wlemma_TAGFINDER1: 0.237
2023-12-25 21:51:21,604 - exact_match_tst_reinflection_wlemma_TAGFINDER1_or_2: 0.249
2023-12-25 21:51:22,139 - TRN || epcloss: 0.0069
2023-12-25 21:51:22,140 -     || Q: 0.0069
2023-12-25 21:51:22,141 -     || KL: 0.7634
2023-12-25 21:51:22,142 -     || token_match: 0.000, exact_match: 0.000
2023-12-25 21:51:22,143 -     || unique taglist code: 37590
2023-12-25 21:51:22,144 - DEV || epcloss: 0.0004
2023-12-25 21:51:22,146 -     || Q: 0.0076
2023-12-25 21:51:22,147 -     || KL: 1.4664
2023-12-25 21:51:22,148 -     || token_match: 0.000, exact_match: 0.000
2023-12-25 21:51:22,149 -     || unique taglist code: 853
2023-12-25 21:51:22,152 -     || seen taglist code: 799
2023-12-25 21:51:22,154 -     || MOST used devcode: 853
2023-12-25 21:51:22,242 -     || saved model
2023-12-25 21:51:22,244 - 
2023-12-25 21:51:22,246 - #epc: 7
2023-12-25 21:51:23,656 - epc:7, epc_KL:  0.060000
2023-12-25 21:59:24,090 - exact_match_tst_copy_acc: 0.997
2023-12-25 21:59:24,092 - exact_match_tst_reinflection_wlemma: 0.352
2023-12-25 21:59:24,093 - exact_match_tst_reinflection_wlemma_TAGFINDER1: 0.344
2023-12-25 21:59:24,094 - exact_match_tst_reinflection_wlemma_TAGFINDER1_or_2: 0.361
2023-12-25 21:59:24,540 - TRN || epcloss: 0.0073
2023-12-25 21:59:24,542 -     || Q: 0.0104
2023-12-25 21:59:24,543 -     || KL: 0.5562
2023-12-25 21:59:24,544 -     || token_match: 0.000, exact_match: 0.000
2023-12-25 21:59:24,545 -     || unique taglist code: 29611
2023-12-25 21:59:24,546 - DEV || epcloss: 0.0003
2023-12-25 21:59:24,548 -     || Q: 0.0106
2023-12-25 21:59:24,549 -     || KL: 1.1138
2023-12-25 21:59:24,550 -     || token_match: 0.000, exact_match: 0.000
2023-12-25 21:59:24,551 -     || unique taglist code: 868
2023-12-25 21:59:24,555 -     || seen taglist code: 827
2023-12-25 21:59:24,557 -     || MOST used devcode: 868
2023-12-25 21:59:24,647 -     || saved model
2023-12-25 21:59:24,650 - 
2023-12-25 21:59:24,651 - #epc: 8
2023-12-25 21:59:26,068 - epc:8, epc_KL:  0.080000
2023-12-25 22:07:26,656 - exact_match_tst_copy_acc: 0.998
2023-12-25 22:07:26,658 - exact_match_tst_reinflection_wlemma: 0.573
2023-12-25 22:07:26,659 - exact_match_tst_reinflection_wlemma_TAGFINDER1: 0.562
2023-12-25 22:07:26,660 - exact_match_tst_reinflection_wlemma_TAGFINDER1_or_2: 0.589
2023-12-25 22:07:27,149 - TRN || epcloss: 0.0076
2023-12-25 22:07:27,150 -     || Q: 0.0166
2023-12-25 22:07:27,152 -     || KL: 0.4372
2023-12-25 22:07:27,153 -     || token_match: 0.000, exact_match: 0.000
2023-12-25 22:07:27,154 -     || unique taglist code: 29138
2023-12-25 22:07:27,156 - DEV || epcloss: 0.0003
2023-12-25 22:07:27,157 -     || Q: 0.0165
2023-12-25 22:07:27,158 -     || KL: 0.9084
2023-12-25 22:07:27,159 -     || token_match: 0.000, exact_match: 0.000
2023-12-25 22:07:27,160 -     || unique taglist code: 1067
2023-12-25 22:07:27,163 -     || seen taglist code: 998
2023-12-25 22:07:27,164 -     || MOST used devcode: 1067
2023-12-25 22:07:27,290 -     || saved model
2023-12-25 22:07:27,293 - 
2023-12-25 22:07:27,294 - #epc: 9
2023-12-25 22:07:28,686 - epc:9, epc_KL:  0.100000
2023-12-25 22:15:29,330 - exact_match_tst_copy_acc: 0.993
2023-12-25 22:15:29,332 - exact_match_tst_reinflection_wlemma: 0.774
2023-12-25 22:15:29,333 - exact_match_tst_reinflection_wlemma_TAGFINDER1: 0.748
2023-12-25 22:15:29,334 - exact_match_tst_reinflection_wlemma_TAGFINDER1_or_2: 0.778
2023-12-25 22:15:29,834 - TRN || epcloss: 0.0074
2023-12-25 22:15:29,836 -     || Q: 0.0211
2023-12-25 22:15:29,837 -     || KL: 0.3633
2023-12-25 22:15:29,838 -     || token_match: 0.000, exact_match: 0.000
2023-12-25 22:15:29,839 -     || unique taglist code: 33147
2023-12-25 22:15:29,840 - DEV || epcloss: 0.0012
2023-12-25 22:15:29,842 -     || Q: 0.0174
2023-12-25 22:15:29,843 -     || KL: 0.7385
2023-12-25 22:15:29,844 -     || token_match: 0.000, exact_match: 0.000
2023-12-25 22:15:29,845 -     || unique taglist code: 1113
2023-12-25 22:15:29,848 -     || seen taglist code: 1036
2023-12-25 22:15:29,849 -     || MOST used devcode: 1113
2023-12-25 22:15:29,964 -     || saved model
2023-12-25 22:15:29,967 - 
2023-12-25 22:15:29,968 - #epc: 10
2023-12-25 22:15:31,410 - epc:10, epc_KL:  0.120000
2023-12-25 22:23:41,505 - exact_match_tst_copy_acc: 0.995
2023-12-25 22:23:41,507 - exact_match_tst_reinflection_wlemma: 0.900
2023-12-25 22:23:41,508 - exact_match_tst_reinflection_wlemma_TAGFINDER1: 0.876
2023-12-25 22:23:41,509 - exact_match_tst_reinflection_wlemma_TAGFINDER1_or_2: 0.910
2023-12-25 22:23:42,020 - TRN || epcloss: 0.0075
2023-12-25 22:23:42,022 -     || Q: 0.0241
2023-12-25 22:23:42,023 -     || KL: 0.3206
2023-12-25 22:23:42,024 -     || token_match: 0.000, exact_match: 0.000
2023-12-25 22:23:42,025 -     || unique taglist code: 36603
2023-12-25 22:23:42,027 - DEV || epcloss: 0.0009
2023-12-25 22:23:42,028 -     || Q: 0.0237
2023-12-25 22:23:42,029 -     || KL: 0.6585
2023-12-25 22:23:42,030 -     || token_match: 0.000, exact_match: 0.000
2023-12-25 22:23:42,031 -     || unique taglist code: 1193
2023-12-25 22:23:42,034 -     || seen taglist code: 1118
2023-12-25 22:23:42,036 -     || MOST used devcode: 1193
2023-12-25 22:23:42,212 -     || saved model
2023-12-25 22:23:42,215 - 
2023-12-25 22:23:42,216 - #epc: 11
2023-12-25 22:23:43,674 - epc:11, epc_KL:  0.140000
2023-12-25 22:31:46,301 - exact_match_tst_copy_acc: 0.994
2023-12-25 22:31:46,303 - exact_match_tst_reinflection_wlemma: 0.953
2023-12-25 22:31:46,304 - exact_match_tst_reinflection_wlemma_TAGFINDER1: 0.897
2023-12-25 22:31:46,305 - exact_match_tst_reinflection_wlemma_TAGFINDER1_or_2: 0.956
2023-12-25 22:31:46,778 - TRN || epcloss: 0.0082
2023-12-25 22:31:46,779 -     || Q: 0.0319
2023-12-25 22:31:46,780 -     || KL: 0.2894
2023-12-25 22:31:46,782 -     || token_match: 0.000, exact_match: 0.000
2023-12-25 22:31:46,783 -     || unique taglist code: 48936
2023-12-25 22:31:46,784 - DEV || epcloss: 0.0014
2023-12-25 22:31:46,786 -     || Q: 0.0311
2023-12-25 22:31:46,787 -     || KL: 0.6094
2023-12-25 22:31:46,789 -     || token_match: 0.000, exact_match: 0.000
2023-12-25 22:31:46,790 -     || unique taglist code: 1297
2023-12-25 22:31:46,794 -     || seen taglist code: 1174
2023-12-25 22:31:46,795 -     || MOST used devcode: 1297
2023-12-25 22:31:46,909 -     || saved model
2023-12-25 22:31:46,912 - 
2023-12-25 22:31:46,913 - #epc: 12
2023-12-25 22:31:48,362 - epc:12, epc_KL:  0.160000
2023-12-25 22:39:52,395 - exact_match_tst_copy_acc: 0.999
2023-12-25 22:39:52,397 - exact_match_tst_reinflection_wlemma: 0.972
2023-12-25 22:39:52,398 - exact_match_tst_reinflection_wlemma_TAGFINDER1: 0.889
2023-12-25 22:39:52,399 - exact_match_tst_reinflection_wlemma_TAGFINDER1_or_2: 0.967
2023-12-25 22:39:52,898 - TRN || epcloss: 0.0083
2023-12-25 22:39:52,899 -     || Q: 0.0346
2023-12-25 22:39:52,901 -     || KL: 0.2646
2023-12-25 22:39:52,902 -     || token_match: 0.000, exact_match: 0.000
2023-12-25 22:39:52,903 -     || unique taglist code: 51172
2023-12-25 22:39:52,904 - DEV || epcloss: 0.0003
2023-12-25 22:39:52,905 -     || Q: 0.0333
2023-12-25 22:39:52,907 -     || KL: 0.5635
2023-12-25 22:39:52,908 -     || token_match: 0.000, exact_match: 0.000
2023-12-25 22:39:52,909 -     || unique taglist code: 1331
2023-12-25 22:39:52,913 -     || seen taglist code: 1249
2023-12-25 22:39:52,914 -     || MOST used devcode: 1331
2023-12-25 22:39:53,042 -     || saved model
2023-12-25 22:39:53,045 - 
2023-12-25 22:39:53,046 - #epc: 13
2023-12-25 22:39:54,503 - epc:13, epc_KL:  0.180000
2023-12-25 22:47:57,351 - exact_match_tst_copy_acc: 0.998
2023-12-25 22:47:57,352 - exact_match_tst_reinflection_wlemma: 0.981
2023-12-25 22:47:57,353 - exact_match_tst_reinflection_wlemma_TAGFINDER1: 0.871
2023-12-25 22:47:57,354 - exact_match_tst_reinflection_wlemma_TAGFINDER1_or_2: 0.967
2023-12-25 22:47:57,844 - TRN || epcloss: 0.0090
2023-12-25 22:47:57,846 -     || Q: 0.0398
2023-12-25 22:47:57,847 -     || KL: 0.2478
2023-12-25 22:47:57,848 -     || token_match: 0.000, exact_match: 0.000
2023-12-25 22:47:57,849 -     || unique taglist code: 56646
2023-12-25 22:47:57,850 - DEV || epcloss: 0.0006
2023-12-25 22:47:57,851 -     || Q: 0.0354
2023-12-25 22:47:57,852 -     || KL: 0.5052
2023-12-25 22:47:57,853 -     || token_match: 0.000, exact_match: 0.000
2023-12-25 22:47:57,854 -     || unique taglist code: 1352
2023-12-25 22:47:57,858 -     || seen taglist code: 1254
2023-12-25 22:47:57,859 -     || MOST used devcode: 1352
2023-12-25 22:47:57,988 -     || saved model
2023-12-25 22:47:57,991 - 
2023-12-25 22:47:57,992 - #epc: 14
2023-12-25 22:47:59,432 - epc:14, epc_KL:  0.200000
2023-12-25 22:56:04,353 - exact_match_tst_copy_acc: 0.987
2023-12-25 22:56:04,354 - exact_match_tst_reinflection_wlemma: 0.964
2023-12-25 22:56:04,356 - exact_match_tst_reinflection_wlemma_TAGFINDER1: 0.824
2023-12-25 22:56:04,357 - exact_match_tst_reinflection_wlemma_TAGFINDER1_or_2: 0.938
2023-12-25 22:56:04,785 - TRN || epcloss: 0.0093
2023-12-25 22:56:04,787 -     || Q: 0.0446
2023-12-25 22:56:04,788 -     || KL: 0.2333
2023-12-25 22:56:04,789 -     || token_match: 0.000, exact_match: 0.000
2023-12-25 22:56:04,790 -     || unique taglist code: 66797
2023-12-25 22:56:04,792 - DEV || epcloss: 0.0036
2023-12-25 22:56:04,793 -     || Q: 0.0685
2023-12-25 22:56:04,794 -     || KL: 0.5436
2023-12-25 22:56:04,795 -     || token_match: 0.000, exact_match: 0.000
2023-12-25 22:56:04,796 -     || unique taglist code: 1378
2023-12-25 22:56:04,799 -     || seen taglist code: 1201
2023-12-25 22:56:04,800 -     || MOST used trncode: 66797
2023-12-25 22:56:04,801 -     || MOST used devcode: 1378
2023-12-25 22:56:04,941 -     || saved model
2023-12-25 22:56:04,943 - 
2023-12-25 22:56:04,945 - #epc: 15
2023-12-25 22:56:06,452 - epc:15, epc_KL:  0.200000
2023-12-25 23:04:11,028 - exact_match_tst_copy_acc: 0.985
2023-12-25 23:04:11,030 - exact_match_tst_reinflection_wlemma: 0.974
2023-12-25 23:04:11,031 - exact_match_tst_reinflection_wlemma_TAGFINDER1: 0.797
2023-12-25 23:04:11,032 - exact_match_tst_reinflection_wlemma_TAGFINDER1_or_2: 0.941
2023-12-25 23:04:11,542 - TRN || epcloss: 0.0092
2023-12-25 23:04:11,543 -     || Q: 0.0523
2023-12-25 23:04:11,544 -     || KL: 0.2278
2023-12-25 23:04:11,545 -     || token_match: 0.000, exact_match: 0.000
2023-12-25 23:04:11,546 -     || unique taglist code: 72885
2023-12-25 23:04:11,548 - DEV || epcloss: 0.0039
2023-12-25 23:04:11,549 -     || Q: 0.0792
2023-12-25 23:04:11,550 -     || KL: 0.5093
2023-12-25 23:04:11,551 -     || token_match: 0.000, exact_match: 0.000
2023-12-25 23:04:11,552 -     || unique taglist code: 1391
2023-12-25 23:04:11,556 -     || seen taglist code: 1147
2023-12-25 23:04:11,557 -     || MOST used trncode: 72885
2023-12-25 23:04:11,559 -     || MOST used devcode: 1391
2023-12-25 23:04:11,664 -     || saved model
2023-12-25 23:04:11,666 - 
2023-12-25 23:04:11,668 - #epc: 16
2023-12-25 23:04:13,116 - epc:16, epc_KL:  0.200000
2023-12-25 23:12:17,181 - exact_match_tst_copy_acc: 0.992
2023-12-25 23:12:17,182 - exact_match_tst_reinflection_wlemma: 0.979
2023-12-25 23:12:17,184 - exact_match_tst_reinflection_wlemma_TAGFINDER1: 0.811
2023-12-25 23:12:17,185 - exact_match_tst_reinflection_wlemma_TAGFINDER1_or_2: 0.956
2023-12-25 23:12:17,711 - TRN || epcloss: 0.0095
2023-12-25 23:12:17,712 -     || Q: 0.0617
2023-12-25 23:12:17,714 -     || KL: 0.2242
2023-12-25 23:12:17,715 -     || token_match: 0.000, exact_match: 0.000
2023-12-25 23:12:17,716 -     || unique taglist code: 87353
2023-12-25 23:12:17,717 - DEV || epcloss: 0.0012
2023-12-25 23:12:17,719 -     || Q: 0.0617
2023-12-25 23:12:17,721 -     || KL: 0.4484
2023-12-25 23:12:17,722 -     || token_match: 0.000, exact_match: 0.000
2023-12-25 23:12:17,723 -     || unique taglist code: 1402
2023-12-25 23:12:17,727 -     || seen taglist code: 1229
2023-12-25 23:12:17,729 -     || MOST used trncode: 87353
2023-12-25 23:12:17,730 -     || MOST used devcode: 1402
2023-12-25 23:12:17,879 -     || saved model
2023-12-25 23:12:17,882 - 
2023-12-25 23:12:17,884 - #epc: 17
2023-12-25 23:12:19,392 - epc:17, epc_KL:  0.200000
2023-12-25 23:20:22,971 - exact_match_tst_copy_acc: 0.996
2023-12-25 23:20:22,973 - exact_match_tst_reinflection_wlemma: 0.980
2023-12-25 23:20:22,974 - exact_match_tst_reinflection_wlemma_TAGFINDER1: 0.782
2023-12-25 23:20:22,975 - exact_match_tst_reinflection_wlemma_TAGFINDER1_or_2: 0.943
2023-12-25 23:20:23,333 - TRN || epcloss: 0.0095
2023-12-25 23:20:23,335 -     || Q: 0.0693
2023-12-25 23:20:23,336 -     || KL: 0.2170
2023-12-25 23:20:23,338 -     || token_match: 0.000, exact_match: 0.000
2023-12-25 23:20:23,339 -     || unique taglist code: 108120
2023-12-25 23:20:23,340 - DEV || epcloss: 0.0015
2023-12-25 23:20:23,341 -     || Q: 0.0655
2023-12-25 23:20:23,343 -     || KL: 0.4484
2023-12-25 23:20:23,345 -     || token_match: 0.000, exact_match: 0.000
2023-12-25 23:20:23,346 -     || unique taglist code: 1422
2023-12-25 23:20:23,354 -     || seen taglist code: 1192
2023-12-25 23:20:23,356 -     || MOST used trncode: 108120
2023-12-25 23:20:23,357 -     || MOST used devcode: 1422
2023-12-25 23:20:23,483 -     || saved model
2023-12-25 23:20:23,487 - 
2023-12-25 23:20:23,488 - #epc: 18
2023-12-25 23:20:25,032 - epc:18, epc_KL:  0.200000
2023-12-25 23:28:28,668 - exact_match_tst_copy_acc: 0.996
2023-12-25 23:28:28,670 - exact_match_tst_reinflection_wlemma: 0.988
2023-12-25 23:28:28,671 - exact_match_tst_reinflection_wlemma_TAGFINDER1: 0.777
2023-12-25 23:28:28,672 - exact_match_tst_reinflection_wlemma_TAGFINDER1_or_2: 0.932
2023-12-25 23:28:29,153 - TRN || epcloss: 0.0094
2023-12-25 23:28:29,155 -     || Q: 0.0718
2023-12-25 23:28:29,156 -     || KL: 0.2112
2023-12-25 23:28:29,157 -     || token_match: 0.000, exact_match: 0.000
2023-12-25 23:28:29,158 -     || unique taglist code: 116014
2023-12-25 23:28:29,158 - DEV || epcloss: 0.0011
2023-12-25 23:28:29,159 -     || Q: 0.0650
2023-12-25 23:28:29,160 -     || KL: 0.4453
2023-12-25 23:28:29,161 -     || token_match: 0.000, exact_match: 0.000
2023-12-25 23:28:29,162 -     || unique taglist code: 1426
2023-12-25 23:28:29,167 -     || seen taglist code: 1137
2023-12-25 23:28:29,168 -     || MOST used trncode: 116014
2023-12-25 23:28:29,169 -     || MOST used devcode: 1426
2023-12-25 23:28:29,283 -     || saved model
2023-12-25 23:28:29,286 - 
2023-12-25 23:28:29,287 - #epc: 19
2023-12-25 23:28:30,764 - epc:19, epc_KL:  0.200000
2023-12-25 23:36:35,305 - exact_match_tst_copy_acc: 0.996
2023-12-25 23:36:35,306 - exact_match_tst_reinflection_wlemma: 0.984
2023-12-25 23:36:35,308 - exact_match_tst_reinflection_wlemma_TAGFINDER1: 0.744
2023-12-25 23:36:35,309 - exact_match_tst_reinflection_wlemma_TAGFINDER1_or_2: 0.927
2023-12-25 23:36:35,796 - TRN || epcloss: 0.0094
2023-12-25 23:36:35,797 -     || Q: 0.0773
2023-12-25 23:36:35,798 -     || KL: 0.2074
2023-12-25 23:36:35,799 -     || token_match: 0.000, exact_match: 0.000
2023-12-25 23:36:35,800 -     || unique taglist code: 139493
2023-12-25 23:36:35,802 - DEV || epcloss: 0.0009
2023-12-25 23:36:35,803 -     || Q: 0.0640
2023-12-25 23:36:35,804 -     || KL: 0.4386
2023-12-25 23:36:35,805 -     || token_match: 0.000, exact_match: 0.000
2023-12-25 23:36:35,806 -     || unique taglist code: 1437
2023-12-25 23:36:35,810 -     || seen taglist code: 987
2023-12-25 23:36:35,811 -     || MOST used trncode: 139493
2023-12-25 23:36:35,813 -     || MOST used devcode: 1437
2023-12-25 23:36:35,971 -     || saved model
2023-12-25 23:36:35,973 - 
2023-12-25 23:36:35,975 - #epc: 20
2023-12-25 23:36:37,420 - epc:20, epc_KL:  0.200000
2023-12-25 23:44:41,979 - exact_match_tst_copy_acc: 0.991
2023-12-25 23:44:41,980 - exact_match_tst_reinflection_wlemma: 0.984
2023-12-25 23:44:41,982 - exact_match_tst_reinflection_wlemma_TAGFINDER1: 0.696
2023-12-25 23:44:41,983 - exact_match_tst_reinflection_wlemma_TAGFINDER1_or_2: 0.905
2023-12-25 23:44:42,499 - TRN || epcloss: 0.0098
2023-12-25 23:44:42,501 -     || Q: 0.0783
2023-12-25 23:44:42,502 -     || KL: 0.2038
2023-12-25 23:44:42,503 -     || token_match: 0.000, exact_match: 0.000
2023-12-25 23:44:42,504 -     || unique taglist code: 155930
2023-12-25 23:44:42,505 - DEV || epcloss: 0.0023
2023-12-25 23:44:42,506 -     || Q: 0.0746
2023-12-25 23:44:42,507 -     || KL: 0.4426
2023-12-25 23:44:42,508 -     || token_match: 0.000, exact_match: 0.000
2023-12-25 23:44:42,509 -     || unique taglist code: 1435
2023-12-25 23:44:42,514 -     || seen taglist code: 1115
2023-12-25 23:44:42,515 -     || MOST used trncode: 155930
2023-12-25 23:44:42,649 -     || saved model
2023-12-25 23:44:42,652 - 
2023-12-25 23:44:42,653 - #epc: 21
2023-12-25 23:44:44,118 - epc:21, epc_KL:  0.200000
2023-12-25 23:52:46,993 - exact_match_tst_copy_acc: 0.990
2023-12-25 23:52:46,995 - exact_match_tst_reinflection_wlemma: 0.982
2023-12-25 23:52:46,996 - exact_match_tst_reinflection_wlemma_TAGFINDER1: 0.658
2023-12-25 23:52:46,997 - exact_match_tst_reinflection_wlemma_TAGFINDER1_or_2: 0.884
2023-12-25 23:52:47,510 - TRN || epcloss: 0.0102
2023-12-25 23:52:47,511 -     || Q: 0.0775
2023-12-25 23:52:47,512 -     || KL: 0.2010
2023-12-25 23:52:47,513 -     || token_match: 0.000, exact_match: 0.000
2023-12-25 23:52:47,514 -     || unique taglist code: 153109
2023-12-25 23:52:47,515 - DEV || epcloss: 0.0022
2023-12-25 23:52:47,516 -     || Q: 0.0919
2023-12-25 23:52:47,517 -     || KL: 0.4434
2023-12-25 23:52:47,518 -     || token_match: 0.000, exact_match: 0.000
2023-12-25 23:52:47,519 -     || unique taglist code: 1438
2023-12-25 23:52:47,524 -     || seen taglist code: 1025
2023-12-25 23:52:47,525 -     || MOST used devcode: 1438
2023-12-25 23:52:47,632 -     || saved model
2023-12-25 23:52:47,635 - 
2023-12-25 23:52:47,636 - #epc: 22
2023-12-25 23:52:49,092 - epc:22, epc_KL:  0.200000
2023-12-26 00:00:51,379 - exact_match_tst_copy_acc: 0.988
2023-12-26 00:00:51,381 - exact_match_tst_reinflection_wlemma: 0.977
2023-12-26 00:00:51,382 - exact_match_tst_reinflection_wlemma_TAGFINDER1: 0.654
2023-12-26 00:00:51,384 - exact_match_tst_reinflection_wlemma_TAGFINDER1_or_2: 0.878
2023-12-26 00:00:51,808 - TRN || epcloss: 0.0102
2023-12-26 00:00:51,809 -     || Q: 0.0788
2023-12-26 00:00:51,810 -     || KL: 0.1997
2023-12-26 00:00:51,811 -     || token_match: 0.000, exact_match: 0.000
2023-12-26 00:00:51,812 -     || unique taglist code: 160174
2023-12-26 00:00:51,813 - DEV || epcloss: 0.0023
2023-12-26 00:00:51,814 -     || Q: 0.0827
2023-12-26 00:00:51,815 -     || KL: 0.4374
2023-12-26 00:00:51,816 -     || token_match: 0.000, exact_match: 0.000
2023-12-26 00:00:51,817 -     || unique taglist code: 1434
2023-12-26 00:00:51,822 -     || seen taglist code: 1064
2023-12-26 00:00:51,823 -     || MOST used trncode: 160174
2023-12-26 00:00:51,952 -     || saved model
2023-12-26 00:00:51,955 - 
2023-12-26 00:00:51,956 - #epc: 23
2023-12-26 00:00:53,426 - epc:23, epc_KL:  0.200000
2023-12-26 00:08:55,952 - exact_match_tst_copy_acc: 0.878
2023-12-26 00:08:55,954 - exact_match_tst_reinflection_wlemma: 0.869
2023-12-26 00:08:55,955 - exact_match_tst_reinflection_wlemma_TAGFINDER1: 0.620
2023-12-26 00:08:55,956 - exact_match_tst_reinflection_wlemma_TAGFINDER1_or_2: 0.806
2023-12-26 00:08:56,500 - TRN || epcloss: 0.0341
2023-12-26 00:08:56,502 -     || Q: 0.1158
2023-12-26 00:08:56,503 -     || KL: 0.2280
2023-12-26 00:08:56,504 -     || token_match: 0.000, exact_match: 0.000
2023-12-26 00:08:56,506 -     || unique taglist code: 200014
2023-12-26 00:08:56,507 - DEV || epcloss: 0.0413
2023-12-26 00:08:56,508 -     || Q: 0.2229
2023-12-26 00:08:56,510 -     || KL: 0.7997
2023-12-26 00:08:56,511 -     || token_match: 0.000, exact_match: 0.000
2023-12-26 00:08:56,512 -     || unique taglist code: 1427
2023-12-26 00:08:56,519 -     || seen taglist code: 519
2023-12-26 00:08:56,521 -     || MOST used trncode: 200014
2023-12-26 00:08:56,701 -     || saved model
2023-12-26 00:08:56,704 - 
2023-12-26 00:08:56,705 - #epc: 24
2023-12-26 00:08:58,207 - epc:24, epc_KL:  0.200000
2023-12-26 00:17:02,286 - exact_match_tst_copy_acc: 0.918
2023-12-26 00:17:02,287 - exact_match_tst_reinflection_wlemma: 0.897
2023-12-26 00:17:02,289 - exact_match_tst_reinflection_wlemma_TAGFINDER1: 0.613
2023-12-26 00:17:02,290 - exact_match_tst_reinflection_wlemma_TAGFINDER1_or_2: 0.817
2023-12-26 00:17:02,828 - TRN || epcloss: 0.1301
2023-12-26 00:17:02,830 -     || Q: 0.2537
2023-12-26 00:17:02,831 -     || KL: 0.3333
2023-12-26 00:17:02,832 -     || token_match: 0.000, exact_match: 0.000
2023-12-26 00:17:02,833 -     || unique taglist code: 269824
2023-12-26 00:17:02,834 - DEV || epcloss: 0.0213
2023-12-26 00:17:02,836 -     || Q: 0.3158
2023-12-26 00:17:02,837 -     || KL: 0.7517
2023-12-26 00:17:02,838 -     || token_match: 0.000, exact_match: 0.000
2023-12-26 00:17:02,839 -     || unique taglist code: 1442
2023-12-26 00:17:02,845 -     || seen taglist code: 730
2023-12-26 00:17:02,846 -     || MOST used trncode: 269824
2023-12-26 00:17:02,847 -     || MOST used devcode: 1442
2023-12-26 00:17:02,970 -     || saved model
2023-12-26 00:17:02,973 - 
2023-12-26 00:17:02,974 - #epc: 25
2023-12-26 00:17:04,484 - epc:25, epc_KL:  0.200000
2023-12-26 00:25:07,584 - exact_match_tst_copy_acc: 0.917
2023-12-26 00:25:07,586 - exact_match_tst_reinflection_wlemma: 0.906
2023-12-26 00:25:07,587 - exact_match_tst_reinflection_wlemma_TAGFINDER1: 0.642
2023-12-26 00:25:07,588 - exact_match_tst_reinflection_wlemma_TAGFINDER1_or_2: 0.840
2023-12-26 00:25:08,129 - TRN || epcloss: 0.0393
2023-12-26 00:25:08,130 -     || Q: 0.2346
2023-12-26 00:25:08,131 -     || KL: 0.2627
2023-12-26 00:25:08,133 -     || token_match: 0.000, exact_match: 0.000
2023-12-26 00:25:08,134 -     || unique taglist code: 195778
2023-12-26 00:25:08,135 - DEV || epcloss: 0.0202
2023-12-26 00:25:08,136 -     || Q: 0.2083
2023-12-26 00:25:08,137 -     || KL: 0.5780
2023-12-26 00:25:08,138 -     || token_match: 0.000, exact_match: 0.000
2023-12-26 00:25:08,139 -     || unique taglist code: 1432
2023-12-26 00:25:08,145 -     || seen taglist code: 753
2023-12-26 00:25:08,285 -     || saved model
2023-12-26 00:25:08,288 - 
2023-12-26 00:25:08,289 - #epc: 26
2023-12-26 00:25:09,692 - epc:26, epc_KL:  0.200000
2023-12-26 00:33:13,688 - exact_match_tst_copy_acc: 0.932
2023-12-26 00:33:13,689 - exact_match_tst_reinflection_wlemma: 0.903
2023-12-26 00:33:13,690 - exact_match_tst_reinflection_wlemma_TAGFINDER1: 0.636
2023-12-26 00:33:13,691 - exact_match_tst_reinflection_wlemma_TAGFINDER1_or_2: 0.833
2023-12-26 00:33:14,263 - TRN || epcloss: 0.0445
2023-12-26 00:33:14,264 -     || Q: 0.1790
2023-12-26 00:33:14,265 -     || KL: 0.2595
2023-12-26 00:33:14,266 -     || token_match: 0.000, exact_match: 0.000
2023-12-26 00:33:14,267 -     || unique taglist code: 241090
2023-12-26 00:33:14,268 - DEV || epcloss: 0.0168
2023-12-26 00:33:14,269 -     || Q: 0.1992
2023-12-26 00:33:14,270 -     || KL: 0.6607
2023-12-26 00:33:14,271 -     || token_match: 0.000, exact_match: 0.000
2023-12-26 00:33:14,272 -     || unique taglist code: 1431
2023-12-26 00:33:14,278 -     || seen taglist code: 624
2023-12-26 00:33:14,419 -     || saved model
2023-12-26 00:33:14,422 - 
2023-12-26 00:33:14,423 - #epc: 27
2023-12-26 00:33:15,880 - epc:27, epc_KL:  0.200000
2023-12-26 00:41:17,154 - exact_match_tst_copy_acc: 0.943
2023-12-26 00:41:17,155 - exact_match_tst_reinflection_wlemma: 0.933
2023-12-26 00:41:17,157 - exact_match_tst_reinflection_wlemma_TAGFINDER1: 0.628
2023-12-26 00:41:17,158 - exact_match_tst_reinflection_wlemma_TAGFINDER1_or_2: 0.850
2023-12-26 00:41:17,683 - TRN || epcloss: 0.0247
2023-12-26 00:41:17,684 -     || Q: 0.1624
2023-12-26 00:41:17,685 -     || KL: 0.2482
2023-12-26 00:41:17,686 -     || token_match: 0.000, exact_match: 0.000
2023-12-26 00:41:17,687 -     || unique taglist code: 221508
2023-12-26 00:41:17,688 - DEV || epcloss: 0.0140
2023-12-26 00:41:17,690 -     || Q: 0.1684
2023-12-26 00:41:17,690 -     || KL: 0.5797
2023-12-26 00:41:17,692 -     || token_match: 0.000, exact_match: 0.000
2023-12-26 00:41:17,693 -     || unique taglist code: 1440
2023-12-26 00:41:17,698 -     || seen taglist code: 749
2023-12-26 00:41:17,850 -     || saved model
2023-12-26 00:41:17,853 - 
2023-12-26 00:41:17,854 - #epc: 28
2023-12-26 00:41:19,361 - epc:28, epc_KL:  0.200000
2023-12-26 00:49:24,167 - exact_match_tst_copy_acc: 0.842
2023-12-26 00:49:24,169 - exact_match_tst_reinflection_wlemma: 0.826
2023-12-26 00:49:24,170 - exact_match_tst_reinflection_wlemma_TAGFINDER1: 0.555
2023-12-26 00:49:24,171 - exact_match_tst_reinflection_wlemma_TAGFINDER1_or_2: 0.757
2023-12-26 00:49:24,708 - TRN || epcloss: 0.0696
2023-12-26 00:49:24,799 -     || Q: 0.2171
2023-12-26 00:49:24,800 -     || KL: 0.2893
2023-12-26 00:49:24,801 -     || token_match: 0.000, exact_match: 0.000
2023-12-26 00:49:24,802 -     || unique taglist code: 247275
2023-12-26 00:49:24,803 - DEV || epcloss: 0.0332
2023-12-26 00:49:24,805 -     || Q: 0.2473
2023-12-26 00:49:24,806 -     || KL: 0.7852
2023-12-26 00:49:24,807 -     || token_match: 0.000, exact_match: 0.000
2023-12-26 00:49:24,808 -     || unique taglist code: 1439
2023-12-26 00:49:24,813 -     || seen taglist code: 663
2023-12-26 00:49:24,905 -     || saved model
2023-12-26 00:49:24,907 - 
2023-12-26 00:49:24,909 - #epc: 29
2023-12-26 00:49:26,351 - epc:29, epc_KL:  0.200000
2023-12-26 00:57:30,229 - exact_match_tst_copy_acc: 0.934
2023-12-26 00:57:30,231 - exact_match_tst_reinflection_wlemma: 0.910
2023-12-26 00:57:30,232 - exact_match_tst_reinflection_wlemma_TAGFINDER1: 0.635
2023-12-26 00:57:30,234 - exact_match_tst_reinflection_wlemma_TAGFINDER1_or_2: 0.831
2023-12-26 00:57:30,757 - TRN || epcloss: 0.0391
2023-12-26 00:57:30,759 -     || Q: 0.2176
2023-12-26 00:57:30,760 -     || KL: 0.2836
2023-12-26 00:57:30,761 -     || token_match: 0.000, exact_match: 0.000
2023-12-26 00:57:30,763 -     || unique taglist code: 229679
2023-12-26 00:57:30,764 - DEV || epcloss: 0.0155
2023-12-26 00:57:30,765 -     || Q: 0.2095
2023-12-26 00:57:30,766 -     || KL: 0.6069
2023-12-26 00:57:30,767 -     || token_match: 0.000, exact_match: 0.000
2023-12-26 00:57:30,768 -     || unique taglist code: 1434
2023-12-26 00:57:30,773 -     || seen taglist code: 815
2023-12-26 00:57:30,858 -     || saved model
2023-12-26 00:57:30,861 - 
2023-12-26 00:57:30,862 - #epc: 30
2023-12-26 00:57:32,279 - epc:30, epc_KL:  0.200000
2023-12-26 01:05:35,653 - exact_match_tst_copy_acc: 0.899
2023-12-26 01:05:35,655 - exact_match_tst_reinflection_wlemma: 0.878
2023-12-26 01:05:35,656 - exact_match_tst_reinflection_wlemma_TAGFINDER1: 0.604
2023-12-26 01:05:35,657 - exact_match_tst_reinflection_wlemma_TAGFINDER1_or_2: 0.808
2023-12-26 01:05:36,023 - TRN || epcloss: 0.0570
2023-12-26 01:05:36,024 -     || Q: 0.2158
2023-12-26 01:05:36,025 -     || KL: 0.2933
2023-12-26 01:05:36,026 -     || token_match: 0.000, exact_match: 0.000
2023-12-26 01:05:36,028 -     || unique taglist code: 237370
2023-12-26 01:05:36,029 - DEV || epcloss: 0.0210
2023-12-26 01:05:36,030 -     || Q: 0.2385
2023-12-26 01:05:36,031 -     || KL: 0.6428
2023-12-26 01:05:36,032 -     || token_match: 0.000, exact_match: 0.000
2023-12-26 01:05:36,033 -     || unique taglist code: 1435
2023-12-26 01:05:36,039 -     || seen taglist code: 733
2023-12-26 01:05:36,194 -     || saved model
2023-12-26 01:05:36,197 - 
2023-12-26 01:05:36,198 - #epc: 31
2023-12-26 01:05:37,586 - epc:31, epc_KL:  0.200000
2023-12-26 01:13:40,555 - exact_match_tst_copy_acc: 0.901
2023-12-26 01:13:41,232 - exact_match_tst_reinflection_wlemma: 0.873
2023-12-26 01:13:41,235 - exact_match_tst_reinflection_wlemma_TAGFINDER1: 0.577
2023-12-26 01:13:41,236 - exact_match_tst_reinflection_wlemma_TAGFINDER1_or_2: 0.793
2023-12-26 01:13:41,737 - TRN || epcloss: 0.0353
2023-12-26 01:13:42,633 -     || Q: 0.1987
2023-12-26 01:13:42,636 -     || KL: 0.2775
2023-12-26 01:13:42,637 -     || token_match: 0.000, exact_match: 0.000
2023-12-26 01:13:42,638 -     || unique taglist code: 224785
2023-12-26 01:13:42,640 - DEV || epcloss: 0.0187
2023-12-26 01:13:42,641 -     || Q: 0.2558
2023-12-26 01:13:42,642 -     || KL: 0.6689
2023-12-26 01:13:42,643 -     || token_match: 0.000, exact_match: 0.000
2023-12-26 01:13:42,644 -     || unique taglist code: 1433
2023-12-26 01:13:42,650 -     || seen taglist code: 798
2023-12-26 01:13:42,772 -     || saved model
2023-12-26 01:13:42,776 - 
2023-12-26 01:13:42,777 - #epc: 32
2023-12-26 01:13:44,293 - epc:32, epc_KL:  0.200000
2023-12-26 01:23:07,812 - exact_match_tst_copy_acc: 0.001
2023-12-26 01:23:07,814 - exact_match_tst_reinflection_wlemma: 0.001
2023-12-26 01:23:07,815 - exact_match_tst_reinflection_wlemma_TAGFINDER1: 0.001
2023-12-26 01:23:07,816 - exact_match_tst_reinflection_wlemma_TAGFINDER1_or_2: 0.001
2023-12-26 01:23:09,533 - TRN || epcloss: 0.4940
2023-12-26 01:23:09,534 -     || Q: 0.2900
2023-12-26 01:23:09,535 -     || KL: 0.3202
2023-12-26 01:23:09,536 -     || token_match: 0.000, exact_match: 0.000
2023-12-26 01:23:09,538 -     || unique taglist code: 222910
2023-12-26 01:23:09,539 - DEV || epcloss: 8.0749
2023-12-26 01:23:09,541 -     || Q: 1.4263
2023-12-26 01:23:09,543 -     || KL: 3.0991
2023-12-26 01:23:09,544 -     || token_match: 0.000, exact_match: 0.000
2023-12-26 01:23:09,546 -     || unique taglist code: 173
2023-12-26 01:23:09,547 -     || seen taglist code: 112
2023-12-26 01:23:09,666 -     || saved model
2023-12-26 01:23:09,669 - 
2023-12-26 01:23:09,670 - #epc: 33
2023-12-26 01:23:11,240 - epc:33, epc_KL:  0.200000
2023-12-26 01:31:56,434 - exact_match_tst_copy_acc: 0.039
2023-12-26 01:31:56,436 - exact_match_tst_reinflection_wlemma: 0.003
2023-12-26 01:31:56,437 - exact_match_tst_reinflection_wlemma_TAGFINDER1: 0.002
2023-12-26 01:31:56,438 - exact_match_tst_reinflection_wlemma_TAGFINDER1_or_2: 0.002
2023-12-26 01:31:57,754 - TRN || epcloss: 2.0421
2023-12-26 01:31:57,755 -     || Q: 0.8457
2023-12-26 01:31:57,757 -     || KL: 1.0058
2023-12-26 01:31:57,758 -     || token_match: 0.000, exact_match: 0.000
2023-12-26 01:31:57,759 -     || unique taglist code: 164805
2023-12-26 01:31:57,761 - DEV || epcloss: 0.6148
2023-12-26 01:31:57,762 -     || Q: 2.0459
2023-12-26 01:31:57,763 -     || KL: 1.1852
2023-12-26 01:31:57,765 -     || token_match: 0.000, exact_match: 0.000
2023-12-26 01:31:57,766 -     || unique taglist code: 1440
2023-12-26 01:31:57,773 -     || seen taglist code: 293
2023-12-26 01:31:57,942 -     || saved model
2023-12-26 01:31:57,946 - 
2023-12-26 01:31:57,948 - #epc: 34
2023-12-26 01:31:59,504 - epc:34, epc_KL:  0.200000
2023-12-26 01:39:59,958 - exact_match_tst_copy_acc: 0.508
2023-12-26 01:39:59,960 - exact_match_tst_reinflection_wlemma: 0.043
2023-12-26 01:39:59,961 - exact_match_tst_reinflection_wlemma_TAGFINDER1: 0.027
2023-12-26 01:39:59,962 - exact_match_tst_reinflection_wlemma_TAGFINDER1_or_2: 0.039
2023-12-26 01:40:00,971 - TRN || epcloss: 0.4030
2023-12-26 01:40:00,973 -     || Q: 2.3309
2023-12-26 01:40:00,975 -     || KL: 0.5230
2023-12-26 01:40:00,976 -     || token_match: 0.000, exact_match: 0.000
2023-12-26 01:40:00,977 -     || unique taglist code: 339143
2023-12-26 01:40:00,978 - DEV || epcloss: 0.1505
2023-12-26 01:40:00,980 -     || Q: 1.5864
2023-12-26 01:40:00,981 -     || KL: 1.1459
2023-12-26 01:40:00,983 -     || token_match: 0.000, exact_match: 0.000
2023-12-26 01:40:00,984 -     || unique taglist code: 1439
2023-12-26 01:40:00,990 -     || seen taglist code: 315
2023-12-26 01:40:00,992 -     || MOST used trncode: 339143
2023-12-26 01:40:01,129 -     || saved model
2023-12-26 01:40:01,132 - 
2023-12-26 01:40:01,133 - #epc: 35
2023-12-26 01:40:02,574 - epc:35, epc_KL:  0.200000
2023-12-26 01:48:03,152 - exact_match_tst_copy_acc: 0.782
2023-12-26 01:48:03,153 - exact_match_tst_reinflection_wlemma: 0.131
2023-12-26 01:48:03,154 - exact_match_tst_reinflection_wlemma_TAGFINDER1: 0.066
2023-12-26 01:48:03,155 - exact_match_tst_reinflection_wlemma_TAGFINDER1_or_2: 0.110
2023-12-26 01:48:03,720 - TRN || epcloss: 0.1485
2023-12-26 01:48:03,721 -     || Q: 1.2725
2023-12-26 01:48:03,722 -     || KL: 0.4824
2023-12-26 01:48:03,723 -     || token_match: 0.000, exact_match: 0.000
2023-12-26 01:48:03,725 -     || unique taglist code: 314708
2023-12-26 01:48:03,726 - DEV || epcloss: 0.0517
2023-12-26 01:48:03,727 -     || Q: 1.0945
2023-12-26 01:48:03,728 -     || KL: 1.0505
2023-12-26 01:48:03,729 -     || token_match: 0.000, exact_match: 0.000
2023-12-26 01:48:03,730 -     || unique taglist code: 1438
2023-12-26 01:48:03,735 -     || seen taglist code: 497
2023-12-26 01:48:03,855 -     || saved model
2023-12-26 01:48:03,858 - 
2023-12-26 01:48:03,860 - #epc: 36
2023-12-26 01:48:05,316 - epc:36, epc_KL:  0.200000
2023-12-26 01:56:05,004 - exact_match_tst_copy_acc: 0.831
2023-12-26 01:56:05,005 - exact_match_tst_reinflection_wlemma: 0.221
2023-12-26 01:56:05,006 - exact_match_tst_reinflection_wlemma_TAGFINDER1: 0.132
2023-12-26 01:56:05,007 - exact_match_tst_reinflection_wlemma_TAGFINDER1_or_2: 0.199
2023-12-26 01:56:05,633 - TRN || epcloss: 0.0838
2023-12-26 01:56:05,634 -     || Q: 0.9072
2023-12-26 01:56:05,635 -     || KL: 0.4307
2023-12-26 01:56:05,636 -     || token_match: 0.000, exact_match: 0.000
2023-12-26 01:56:05,637 -     || unique taglist code: 295558
2023-12-26 01:56:05,639 - DEV || epcloss: 0.0364
2023-12-26 01:56:05,640 -     || Q: 0.7917
2023-12-26 01:56:05,641 -     || KL: 0.9558
2023-12-26 01:56:05,642 -     || token_match: 0.000, exact_match: 0.000
2023-12-26 01:56:05,643 -     || unique taglist code: 1443
2023-12-26 01:56:05,648 -     || seen taglist code: 576
2023-12-26 01:56:05,650 -     || MOST used devcode: 1443
2023-12-26 01:56:05,764 -     || saved model
2023-12-26 01:56:05,767 - 
2023-12-26 01:56:05,768 - #epc: 37
2023-12-26 01:56:07,232 - epc:37, epc_KL:  0.200000
2023-12-26 02:04:08,283 - exact_match_tst_copy_acc: 0.916
2023-12-26 02:04:08,285 - exact_match_tst_reinflection_wlemma: 0.407
2023-12-26 02:04:08,286 - exact_match_tst_reinflection_wlemma_TAGFINDER1: 0.250
2023-12-26 02:04:08,288 - exact_match_tst_reinflection_wlemma_TAGFINDER1_or_2: 0.361
2023-12-26 02:04:08,889 - TRN || epcloss: 0.0587
2023-12-26 02:04:08,891 -     || Q: 0.7307
2023-12-26 02:04:08,892 -     || KL: 0.3866
2023-12-26 02:04:08,893 -     || token_match: 0.000, exact_match: 0.000
2023-12-26 02:04:08,894 -     || unique taglist code: 285436
2023-12-26 02:04:08,895 - DEV || epcloss: 0.0193
2023-12-26 02:04:08,896 -     || Q: 0.6945
2023-12-26 02:04:08,897 -     || KL: 0.8353
2023-12-26 02:04:08,898 -     || token_match: 0.000, exact_match: 0.000
2023-12-26 02:04:08,899 -     || unique taglist code: 1443
2023-12-26 02:04:08,904 -     || seen taglist code: 579
2023-12-26 02:04:09,017 -     || saved model
2023-12-26 02:04:09,020 - 
2023-12-26 02:04:09,021 - #epc: 38
2023-12-26 02:04:10,432 - epc:38, epc_KL:  0.200000
2023-12-26 02:12:16,557 - exact_match_tst_copy_acc: 0.926
2023-12-26 02:12:16,559 - exact_match_tst_reinflection_wlemma: 0.523
2023-12-26 02:12:16,560 - exact_match_tst_reinflection_wlemma_TAGFINDER1: 0.305
2023-12-26 02:12:16,561 - exact_match_tst_reinflection_wlemma_TAGFINDER1_or_2: 0.440
2023-12-26 02:12:17,193 - TRN || epcloss: 0.0470
2023-12-26 02:12:17,195 -     || Q: 0.6503
2023-12-26 02:12:17,196 -     || KL: 0.3553
2023-12-26 02:12:17,197 -     || token_match: 0.000, exact_match: 0.000
2023-12-26 02:12:17,198 -     || unique taglist code: 283575
2023-12-26 02:12:17,199 - DEV || epcloss: 0.0168
2023-12-26 02:12:17,200 -     || Q: 0.6619
2023-12-26 02:12:17,201 -     || KL: 0.8152
2023-12-26 02:12:17,203 -     || token_match: 0.000, exact_match: 0.000
2023-12-26 02:12:17,204 -     || unique taglist code: 1439
2023-12-26 02:12:17,209 -     || seen taglist code: 589
2023-12-26 02:12:17,365 -     || saved model
2023-12-26 02:12:17,368 - 
2023-12-26 02:12:17,369 - #epc: 39
2023-12-26 02:12:18,790 - epc:39, epc_KL:  0.200000
2023-12-26 02:20:19,224 - exact_match_tst_copy_acc: 0.944
2023-12-26 02:20:19,225 - exact_match_tst_reinflection_wlemma: 0.644
2023-12-26 02:20:19,226 - exact_match_tst_reinflection_wlemma_TAGFINDER1: 0.378
2023-12-26 02:20:19,228 - exact_match_tst_reinflection_wlemma_TAGFINDER1_or_2: 0.558
2023-12-26 02:20:19,808 - TRN || epcloss: 0.0397
2023-12-26 02:20:19,809 -     || Q: 0.6082
2023-12-26 02:20:19,811 -     || KL: 0.3320
2023-12-26 02:20:19,813 -     || token_match: 0.000, exact_match: 0.000
2023-12-26 02:20:19,814 -     || unique taglist code: 287616
2023-12-26 02:20:19,816 - DEV || epcloss: 0.0117
2023-12-26 02:20:19,817 -     || Q: 0.5994
2023-12-26 02:20:19,818 -     || KL: 0.7226
2023-12-26 02:20:19,819 -     || token_match: 0.000, exact_match: 0.000
2023-12-26 02:20:19,820 -     || unique taglist code: 1444
2023-12-26 02:20:19,829 -     || seen taglist code: 631
2023-12-26 02:20:19,831 -     || MOST used devcode: 1444
2023-12-26 02:20:19,965 -     || saved model
2023-12-26 02:20:19,969 - 
2023-12-26 02:20:19,971 - #epc: 40
2023-12-26 02:20:21,478 - epc:40, epc_KL:  0.200000
2023-12-26 02:28:22,839 - exact_match_tst_copy_acc: 0.962
2023-12-26 02:28:22,841 - exact_match_tst_reinflection_wlemma: 0.709
2023-12-26 02:28:22,842 - exact_match_tst_reinflection_wlemma_TAGFINDER1: 0.395
2023-12-26 02:28:22,843 - exact_match_tst_reinflection_wlemma_TAGFINDER1_or_2: 0.601
2023-12-26 02:28:23,406 - TRN || epcloss: 0.0345
2023-12-26 02:28:23,408 -     || Q: 0.5571
2023-12-26 02:28:23,409 -     || KL: 0.3127
2023-12-26 02:28:23,410 -     || token_match: 0.000, exact_match: 0.000
2023-12-26 02:28:23,411 -     || unique taglist code: 291269
2023-12-26 02:28:23,412 - DEV || epcloss: 0.0086
2023-12-26 02:28:23,414 -     || Q: 0.5134
2023-12-26 02:28:23,415 -     || KL: 0.6919
2023-12-26 02:28:23,416 -     || token_match: 0.000, exact_match: 0.000
2023-12-26 02:28:23,417 -     || unique taglist code: 1442
2023-12-26 02:28:23,425 -     || seen taglist code: 644
2023-12-26 02:28:23,590 -     || saved model
2023-12-26 02:28:23,593 - 
2023-12-26 02:28:23,594 - #epc: 41
2023-12-26 02:28:25,072 - epc:41, epc_KL:  0.200000
2023-12-26 02:36:23,025 - exact_match_tst_copy_acc: 0.944
2023-12-26 02:36:23,027 - exact_match_tst_reinflection_wlemma: 0.714
2023-12-26 02:36:23,028 - exact_match_tst_reinflection_wlemma_TAGFINDER1: 0.413
2023-12-26 02:36:23,029 - exact_match_tst_reinflection_wlemma_TAGFINDER1_or_2: 0.603
2023-12-26 02:36:23,583 - TRN || epcloss: 0.0298
2023-12-26 02:36:23,585 -     || Q: 0.5347
2023-12-26 02:36:23,586 -     || KL: 0.2961
2023-12-26 02:36:23,587 -     || token_match: 0.000, exact_match: 0.000
2023-12-26 02:36:23,589 -     || unique taglist code: 297876
2023-12-26 02:36:23,590 - DEV || epcloss: 0.0126
2023-12-26 02:36:23,591 -     || Q: 0.5070
2023-12-26 02:36:23,593 -     || KL: 0.6631
2023-12-26 02:36:23,594 -     || token_match: 0.000, exact_match: 0.000
2023-12-26 02:36:23,595 -     || unique taglist code: 1443
2023-12-26 02:36:23,598 -     || seen taglist code: 567
2023-12-26 02:36:23,733 -     || saved model
2023-12-26 02:36:23,736 - 
2023-12-26 02:36:23,737 - #epc: 42
2023-12-26 02:36:24,925 - epc:42, epc_KL:  0.200000
2023-12-26 02:44:17,457 - exact_match_tst_copy_acc: 0.965
2023-12-26 02:44:17,459 - exact_match_tst_reinflection_wlemma: 0.796
2023-12-26 02:44:17,460 - exact_match_tst_reinflection_wlemma_TAGFINDER1: 0.438
2023-12-26 02:44:17,461 - exact_match_tst_reinflection_wlemma_TAGFINDER1_or_2: 0.666
2023-12-26 02:44:17,838 - TRN || epcloss: 0.0276
2023-12-26 02:44:17,840 -     || Q: 0.5189
2023-12-26 02:44:17,841 -     || KL: 0.2863
2023-12-26 02:44:17,842 -     || token_match: 0.000, exact_match: 0.000
2023-12-26 02:44:17,844 -     || unique taglist code: 301097
2023-12-26 02:44:17,845 - DEV || epcloss: 0.0080
2023-12-26 02:44:17,846 -     || Q: 0.4778
2023-12-26 02:44:17,848 -     || KL: 0.6410
2023-12-26 02:44:17,849 -     || token_match: 0.000, exact_match: 0.000
2023-12-26 02:44:17,850 -     || unique taglist code: 1445
2023-12-26 02:44:17,854 -     || seen taglist code: 566
2023-12-26 02:44:17,855 -     || MOST used devcode: 1445
2023-12-26 02:44:18,004 -     || saved model
2023-12-26 02:44:18,007 - 
2023-12-26 02:44:18,008 - #epc: 43
2023-12-26 02:44:19,205 - epc:43, epc_KL:  0.200000
2023-12-26 02:52:10,615 - exact_match_tst_copy_acc: 0.959
2023-12-26 02:52:10,617 - exact_match_tst_reinflection_wlemma: 0.770
2023-12-26 02:52:10,618 - exact_match_tst_reinflection_wlemma_TAGFINDER1: 0.429
2023-12-26 02:52:10,619 - exact_match_tst_reinflection_wlemma_TAGFINDER1_or_2: 0.633
2023-12-26 02:52:11,213 - TRN || epcloss: 0.0249
2023-12-26 02:52:11,214 -     || Q: 0.4883
2023-12-26 02:52:11,216 -     || KL: 0.2741
2023-12-26 02:52:11,217 -     || token_match: 0.000, exact_match: 0.000
2023-12-26 02:52:11,218 -     || unique taglist code: 302258
2023-12-26 02:52:11,219 - DEV || epcloss: 0.0093
2023-12-26 02:52:11,220 -     || Q: 0.5085
2023-12-26 02:52:11,222 -     || KL: 0.6357
2023-12-26 02:52:11,223 -     || token_match: 0.000, exact_match: 0.000
2023-12-26 02:52:11,224 -     || unique taglist code: 1444
2023-12-26 02:52:11,227 -     || seen taglist code: 592
2023-12-26 02:52:11,350 -     || saved model
2023-12-26 02:52:11,353 - 
2023-12-26 02:52:11,355 - #epc: 44
2023-12-26 02:52:12,462 - epc:44, epc_KL:  0.200000
2023-12-26 03:00:04,557 - exact_match_tst_copy_acc: 0.959
2023-12-26 03:00:04,558 - exact_match_tst_reinflection_wlemma: 0.868
2023-12-26 03:00:04,559 - exact_match_tst_reinflection_wlemma_TAGFINDER1: 0.439
2023-12-26 03:00:04,561 - exact_match_tst_reinflection_wlemma_TAGFINDER1_or_2: 0.696
2023-12-26 03:00:05,103 - TRN || epcloss: 0.0228
2023-12-26 03:00:05,105 -     || Q: 0.4556
2023-12-26 03:00:05,106 -     || KL: 0.2618
2023-12-26 03:00:05,107 -     || token_match: 0.000, exact_match: 0.000
2023-12-26 03:00:05,108 -     || unique taglist code: 308654
2023-12-26 03:00:05,109 - DEV || epcloss: 0.0087
2023-12-26 03:00:05,110 -     || Q: 0.4885
2023-12-26 03:00:05,112 -     || KL: 0.5945
2023-12-26 03:00:05,113 -     || token_match: 0.000, exact_match: 0.000
2023-12-26 03:00:05,114 -     || unique taglist code: 1443
2023-12-26 03:00:05,116 -     || seen taglist code: 486
2023-12-26 03:00:05,233 -     || saved model
2023-12-26 03:00:05,236 - 
2023-12-26 03:00:05,237 - #epc: 45
2023-12-26 03:00:06,354 - epc:45, epc_KL:  0.200000
2023-12-26 03:07:57,691 - exact_match_tst_copy_acc: 0.979
2023-12-26 03:07:57,692 - exact_match_tst_reinflection_wlemma: 0.907
2023-12-26 03:07:57,694 - exact_match_tst_reinflection_wlemma_TAGFINDER1: 0.472
2023-12-26 03:07:57,695 - exact_match_tst_reinflection_wlemma_TAGFINDER1_or_2: 0.734
2023-12-26 03:07:58,374 - TRN || epcloss: 0.0218
2023-12-26 03:07:58,375 -     || Q: 0.4553
2023-12-26 03:07:58,377 -     || KL: 0.2526
2023-12-26 03:07:58,378 -     || token_match: 0.000, exact_match: 0.000
2023-12-26 03:07:58,379 -     || unique taglist code: 322134
2023-12-26 03:07:58,381 - DEV || epcloss: 0.0049
2023-12-26 03:07:58,383 -     || Q: 0.4320
2023-12-26 03:07:58,384 -     || KL: 0.5448
2023-12-26 03:07:58,385 -     || token_match: 0.000, exact_match: 0.000
2023-12-26 03:07:58,386 -     || unique taglist code: 1446
2023-12-26 03:07:58,389 -     || seen taglist code: 498
2023-12-26 03:07:58,390 -     || MOST used devcode: 1446
2023-12-26 03:07:58,523 -     || saved model
2023-12-26 03:07:58,525 - 
2023-12-26 03:07:58,526 - #epc: 46
2023-12-26 03:07:59,706 - epc:46, epc_KL:  0.200000
2023-12-26 03:15:47,519 - exact_match_tst_copy_acc: 0.981
2023-12-26 03:15:47,521 - exact_match_tst_reinflection_wlemma: 0.927
2023-12-26 03:15:47,522 - exact_match_tst_reinflection_wlemma_TAGFINDER1: 0.474
2023-12-26 03:15:47,523 - exact_match_tst_reinflection_wlemma_TAGFINDER1_or_2: 0.743
2023-12-26 03:15:47,914 - TRN || epcloss: 0.0204
2023-12-26 03:15:47,915 -     || Q: 0.4358
2023-12-26 03:15:47,916 -     || KL: 0.2399
2023-12-26 03:15:47,917 -     || token_match: 0.000, exact_match: 0.000
2023-12-26 03:15:47,918 -     || unique taglist code: 328006
2023-12-26 03:15:47,919 - DEV || epcloss: 0.0051
2023-12-26 03:15:47,920 -     || Q: 0.4471
2023-12-26 03:15:47,921 -     || KL: 0.5462
2023-12-26 03:15:47,922 -     || token_match: 0.000, exact_match: 0.000
2023-12-26 03:15:47,923 -     || unique taglist code: 1444
2023-12-26 03:15:47,925 -     || seen taglist code: 467
2023-12-26 03:15:48,049 -     || saved model
2023-12-26 03:15:48,052 - 
2023-12-26 03:15:48,053 - #epc: 47
2023-12-26 03:15:49,121 - epc:47, epc_KL:  0.200000
2023-12-26 03:23:12,327 - exact_match_tst_copy_acc: 0.967
2023-12-26 03:23:12,328 - exact_match_tst_reinflection_wlemma: 0.890
2023-12-26 03:23:12,330 - exact_match_tst_reinflection_wlemma_TAGFINDER1: 0.441
2023-12-26 03:23:12,331 - exact_match_tst_reinflection_wlemma_TAGFINDER1_or_2: 0.705
2023-12-26 03:23:12,859 - TRN || epcloss: 0.0194
2023-12-26 03:23:12,861 -     || Q: 0.4296
2023-12-26 03:23:12,862 -     || KL: 0.2333
2023-12-26 03:23:12,863 -     || token_match: 0.000, exact_match: 0.000
2023-12-26 03:23:12,864 -     || unique taglist code: 325352
2023-12-26 03:23:12,865 - DEV || epcloss: 0.0066
2023-12-26 03:23:12,866 -     || Q: 0.3182
2023-12-26 03:23:12,867 -     || KL: 0.5138
2023-12-26 03:23:12,868 -     || token_match: 0.000, exact_match: 0.000
2023-12-26 03:23:12,869 -     || unique taglist code: 1446
2023-12-26 03:23:12,871 -     || seen taglist code: 467
2023-12-26 03:23:12,997 -     || saved model
2023-12-26 03:23:12,999 - 
2023-12-26 03:23:13,000 - #epc: 48
2023-12-26 03:23:13,859 - epc:48, epc_KL:  0.200000
2023-12-26 03:30:35,888 - exact_match_tst_copy_acc: 0.969
2023-12-26 03:30:35,890 - exact_match_tst_reinflection_wlemma: 0.925
2023-12-26 03:30:35,891 - exact_match_tst_reinflection_wlemma_TAGFINDER1: 0.451
2023-12-26 03:30:35,892 - exact_match_tst_reinflection_wlemma_TAGFINDER1_or_2: 0.731
2023-12-26 03:30:36,306 - TRN || epcloss: 0.0207
2023-12-26 03:30:36,307 -     || Q: 0.4505
2023-12-26 03:30:36,309 -     || KL: 0.2281
2023-12-26 03:30:36,310 -     || token_match: 0.000, exact_match: 0.000
2023-12-26 03:30:36,311 -     || unique taglist code: 325988
2023-12-26 03:30:36,312 - DEV || epcloss: 0.0064
2023-12-26 03:30:36,313 -     || Q: 0.3961
2023-12-26 03:30:36,314 -     || KL: 0.5049
2023-12-26 03:30:36,315 -     || token_match: 0.000, exact_match: 0.000
2023-12-26 03:30:36,316 -     || unique taglist code: 1445
2023-12-26 03:30:36,317 -     || seen taglist code: 518
2023-12-26 03:30:36,437 -     || saved model
2023-12-26 03:30:36,440 - 
2023-12-26 03:30:36,441 - #epc: 49
2023-12-26 03:30:37,253 - epc:49, epc_KL:  0.200000
2023-12-26 03:38:07,851 - exact_match_tst_copy_acc: 0.984
2023-12-26 03:38:07,853 - exact_match_tst_reinflection_wlemma: 0.953
2023-12-26 03:38:07,854 - exact_match_tst_reinflection_wlemma_TAGFINDER1: 0.472
2023-12-26 03:38:07,855 - exact_match_tst_reinflection_wlemma_TAGFINDER1_or_2: 0.751
2023-12-26 03:38:08,236 - TRN || epcloss: 0.0194
2023-12-26 03:38:08,237 -     || Q: 0.4338
2023-12-26 03:38:08,239 -     || KL: 0.2218
2023-12-26 03:38:08,240 -     || token_match: 0.000, exact_match: 0.000
2023-12-26 03:38:08,241 -     || unique taglist code: 328752
2023-12-26 03:38:08,242 - DEV || epcloss: 0.0038
2023-12-26 03:38:08,243 -     || Q: 0.3982
2023-12-26 03:38:08,244 -     || KL: 0.4934
2023-12-26 03:38:08,245 -     || token_match: 0.000, exact_match: 0.000
2023-12-26 03:38:08,246 -     || unique taglist code: 1443
2023-12-26 03:38:08,248 -     || seen taglist code: 462
2023-12-26 03:38:08,368 -     || saved model
