2023-12-17 00:04:59,547 - trnsize: 404897
2023-12-17 00:04:59,550 - devsize: 1446
2023-12-17 00:04:59,551 - tstsize: 1446
2023-12-17 00:05:00,157 - Trn unique tgts: 404896
2023-12-17 00:05:00,159 - Trn unique lemmas: 588
2023-12-17 00:05:00,160 - Trn unique taglists: 703
2023-12-17 00:05:00,161 - Dev unique tgts: 1446
2023-12-17 00:05:00,162 - Dev unique lemmas: 536
2023-12-17 00:05:00,163 - Dev unique taglists: 616
2023-12-17 00:05:00,165 - Tst unique tgts: 1446
2023-12-17 00:05:00,166 - Tst unique lemmas: 536
2023-12-17 00:05:00,167 - Tst unique taglists: 616
2023-12-17 00:05:00,168 - seen_dev_tgt: 1
2023-12-17 00:05:00,169 - seen_dev_lemma: 1446
2023-12-17 00:05:00,170 - seen_dev_taglist: 1446
2023-12-17 00:05:00,171 - seen_tst_tgt: 1
2023-12-17 00:05:00,172 - seen_tst_lemma: 1446
2023-12-17 00:05:00,173 - seen_tst_taglist: 1446
2023-12-17 00:05:24,560 - trnID: run2_4x6_zLEM100_zTAG128_decnh1024_kl1.0_epc10_strt5_decdo0.2_inpemb128_bsize64
2023-12-17 00:05:24,561 - batchsize: 64
2023-12-17 00:05:24,562 - epochs: 75
2023-12-17 00:05:24,563 - lr: 0.00050
2023-12-17 00:05:24,564 - KL_WEIGHT: 1.00000
2023-12-17 00:05:24,565 - opt: Adam (
Parameter Group 0
    amsgrad: False
    betas: (0.5, 0.999)
    capturable: False
    eps: 1e-08
    foreach: None
    lr: 0.0005
    maximize: False
    weight_decay: 0
)
2023-12-17 00:05:24,566 - VQVAE(
  (encoder): Encoder_GRU_VQVAE(
    (layers): ModuleList(
      (0): Embedding(39, 128)
      (1): Dropout(p=0.0, inplace=False)
      (2): GRU(128, 256, batch_first=True, bidirectional=True)
    )
  )
  (z_linears): ModuleList(
    (0): Linear(in_features=256, out_features=128, bias=True)
    (1): Linear(in_features=256, out_features=128, bias=True)
    (2): Linear(in_features=256, out_features=128, bias=True)
    (3): Linear(in_features=256, out_features=128, bias=True)
  )
  (quantizers): ModuleList(
    (0): Quantizer(
      (embeddings): Embedding(6, 128)
    )
    (1): Quantizer(
      (embeddings): Embedding(6, 128)
    )
    (2): Quantizer(
      (embeddings): Embedding(6, 128)
    )
    (3): Quantizer(
      (embeddings): Embedding(6, 128)
    )
  )
  (z_lemma_mu): Linear(in_features=256, out_features=100, bias=True)
  (z_lemma_logvar): Linear(in_features=256, out_features=100, bias=True)
  (up_from_z_layer): Linear(in_features=228, out_features=1024, bias=True)
  (decoder): Decoder_GRU_VQVAE(
    (layers): ModuleList(
      (0): Embedding(39, 128)
      (1): Dropout(p=0.2, inplace=False)
      (2): GRU(356, 1024, batch_first=True)
      (3): Linear(in_features=1024, out_features=39, bias=True)
    )
    (loss): CrossEntropyLoss()
  )
)
2023-12-17 00:05:24,687 - trnsize: 404897
2023-12-17 00:05:24,688 - devsize: 1446
2023-12-17 00:05:24,690 - tstsize: 1446
2023-12-17 00:05:24,690 - 
2023-12-17 00:05:24,691 - #epc: 0
2023-12-17 00:05:24,695 - epc:0, epc_KL:  0.000000
2023-12-17 00:12:40,767 - exact_match_tst_copy_acc: 0.996
2023-12-17 00:12:40,768 - exact_match_tst_reinflection_wlemma: 0.018
2023-12-17 00:12:40,769 - exact_match_tst_reinflection_wlemma_TAGFINDER1: 0.018
2023-12-17 00:12:40,770 - exact_match_tst_reinflection_wlemma_TAGFINDER1_or_2: 0.018
2023-12-17 00:12:41,022 - TRN || epcloss: 0.0743
2023-12-17 00:12:41,023 -     || Q: 0.0765
2023-12-17 00:12:41,024 -     || KL: 5.6888
2023-12-17 00:12:41,026 -     || token_match: 0.977, exact_match: 0.844
2023-12-17 00:12:41,027 -     || unique taglist code: 589
2023-12-17 00:12:41,028 - DEV || epcloss: 0.0010
2023-12-17 00:12:41,029 -     || Q: 0.0049
2023-12-17 00:12:41,030 -     || KL: 13.9168
2023-12-17 00:12:41,031 -     || token_match: 1.000, exact_match: 0.996
2023-12-17 00:12:41,032 -     || unique taglist code: 72
2023-12-17 00:12:41,033 -     || seen taglist code: 72
2023-12-17 00:12:41,034 -     || MOST used trncode: 589
2023-12-17 00:12:41,035 -     || MOST used devcode: 72
2023-12-17 00:12:41,036 -     || BEST exact match (teacher forcing): 0.996
2023-12-17 00:12:41,092 -     || saved model
2023-12-17 00:12:41,094 - 
2023-12-17 00:12:41,095 - #epc: 1
2023-12-17 00:12:41,709 - epc:1, epc_KL:  0.000000
2023-12-17 00:19:59,844 - exact_match_tst_copy_acc: 1.000
2023-12-17 00:19:59,846 - exact_match_tst_reinflection_wlemma: 0.031
2023-12-17 00:19:59,846 - exact_match_tst_reinflection_wlemma_TAGFINDER1: 0.033
2023-12-17 00:19:59,847 - exact_match_tst_reinflection_wlemma_TAGFINDER1_or_2: 0.033
2023-12-17 00:20:00,092 - TRN || epcloss: 0.0046
2023-12-17 00:20:00,093 -     || Q: 0.0074
2023-12-17 00:20:00,094 -     || KL: 6.4793
2023-12-17 00:20:00,095 -     || token_match: 0.999, exact_match: 0.980
2023-12-17 00:20:00,096 -     || unique taglist code: 427
2023-12-17 00:20:00,097 - DEV || epcloss: 0.0004
2023-12-17 00:20:00,097 -     || Q: 0.0028
2023-12-17 00:20:00,098 -     || KL: 14.6648
2023-12-17 00:20:00,099 -     || token_match: 1.000, exact_match: 1.000
2023-12-17 00:20:00,100 -     || unique taglist code: 69
2023-12-17 00:20:00,101 -     || seen taglist code: 69
2023-12-17 00:20:00,102 -     || BEST exact match (teacher forcing): 1.000
2023-12-17 00:20:00,150 -     || saved model
2023-12-17 00:20:00,152 - 
2023-12-17 00:20:00,153 - #epc: 2
2023-12-17 00:20:00,662 - epc:2, epc_KL:  0.000000
2023-12-17 00:27:21,743 - exact_match_tst_copy_acc: 0.999
2023-12-17 00:27:21,744 - exact_match_tst_reinflection_wlemma: 0.029
2023-12-17 00:27:21,745 - exact_match_tst_reinflection_wlemma_TAGFINDER1: 0.029
2023-12-17 00:27:21,746 - exact_match_tst_reinflection_wlemma_TAGFINDER1_or_2: 0.029
2023-12-17 00:27:21,983 - TRN || epcloss: 0.0032
2023-12-17 00:27:21,983 -     || Q: 0.0049
2023-12-17 00:27:21,984 -     || KL: 6.7071
2023-12-17 00:27:21,985 -     || token_match: 0.999, exact_match: 0.988
2023-12-17 00:27:21,986 -     || unique taglist code: 423
2023-12-17 00:27:21,987 - DEV || epcloss: 0.0003
2023-12-17 00:27:21,987 -     || Q: 0.0016
2023-12-17 00:27:21,988 -     || KL: 14.9094
2023-12-17 00:27:21,989 -     || token_match: 1.000, exact_match: 0.999
2023-12-17 00:27:21,989 -     || unique taglist code: 61
2023-12-17 00:27:21,990 -     || seen taglist code: 61
2023-12-17 00:27:22,033 -     || saved model
2023-12-17 00:27:22,036 - 
2023-12-17 00:27:22,037 - #epc: 3
2023-12-17 00:27:22,540 - epc:3, epc_KL:  0.000000
2023-12-17 00:34:40,163 - exact_match_tst_copy_acc: 0.999
2023-12-17 00:34:40,164 - exact_match_tst_reinflection_wlemma: 0.019
2023-12-17 00:34:40,165 - exact_match_tst_reinflection_wlemma_TAGFINDER1: 0.019
2023-12-17 00:34:40,166 - exact_match_tst_reinflection_wlemma_TAGFINDER1_or_2: 0.019
2023-12-17 00:34:40,408 - TRN || epcloss: 0.0022
2023-12-17 00:34:40,409 -     || Q: 0.0050
2023-12-17 00:34:40,410 -     || KL: 7.1117
2023-12-17 00:34:40,411 -     || token_match: 0.999, exact_match: 0.991
2023-12-17 00:34:40,412 -     || unique taglist code: 374
2023-12-17 00:34:40,413 - DEV || epcloss: 0.0002
2023-12-17 00:34:40,414 -     || Q: 0.0012
2023-12-17 00:34:40,415 -     || KL: 15.3490
2023-12-17 00:34:40,416 -     || token_match: 1.000, exact_match: 0.999
2023-12-17 00:34:40,417 -     || unique taglist code: 62
2023-12-17 00:34:40,418 -     || seen taglist code: 62
2023-12-17 00:34:40,463 -     || saved model
2023-12-17 00:34:40,466 - 
2023-12-17 00:34:40,467 - #epc: 4
2023-12-17 00:34:40,972 - epc:4, epc_KL:  0.000000
2023-12-17 00:41:59,309 - exact_match_tst_copy_acc: 0.999
2023-12-17 00:41:59,310 - exact_match_tst_reinflection_wlemma: 0.026
2023-12-17 00:41:59,311 - exact_match_tst_reinflection_wlemma_TAGFINDER1: 0.026
2023-12-17 00:41:59,312 - exact_match_tst_reinflection_wlemma_TAGFINDER1_or_2: 0.026
2023-12-17 00:41:59,565 - TRN || epcloss: 0.0021
2023-12-17 00:41:59,566 -     || Q: 0.0040
2023-12-17 00:41:59,567 -     || KL: 7.5210
2023-12-17 00:41:59,568 -     || token_match: 1.000, exact_match: 0.992
2023-12-17 00:41:59,569 -     || unique taglist code: 385
2023-12-17 00:41:59,570 - DEV || epcloss: 0.0002
2023-12-17 00:41:59,571 -     || Q: 0.0013
2023-12-17 00:41:59,572 -     || KL: 16.5741
2023-12-17 00:41:59,573 -     || token_match: 1.000, exact_match: 0.999
2023-12-17 00:41:59,574 -     || unique taglist code: 57
2023-12-17 00:41:59,574 -     || seen taglist code: 57
2023-12-17 00:41:59,618 -     || saved model
2023-12-17 00:41:59,620 - 
2023-12-17 00:41:59,621 - #epc: 5
2023-12-17 00:42:00,104 - epc:5, epc_KL:  0.100000
2023-12-17 00:49:16,489 - exact_match_tst_copy_acc: 0.995
2023-12-17 00:49:16,490 - exact_match_tst_reinflection_wlemma: 0.068
2023-12-17 00:49:16,491 - exact_match_tst_reinflection_wlemma_TAGFINDER1: 0.069
2023-12-17 00:49:16,492 - exact_match_tst_reinflection_wlemma_TAGFINDER1_or_2: 0.071
2023-12-17 00:49:16,879 - TRN || epcloss: 0.0200
2023-12-17 00:49:16,880 -     || Q: 0.0174
2023-12-17 00:49:16,881 -     || KL: 0.7415
2023-12-17 00:49:16,882 -     || token_match: 0.994, exact_match: 0.894
2023-12-17 00:49:16,883 -     || unique taglist code: 809
2023-12-17 00:49:16,884 - DEV || epcloss: 0.0129
2023-12-17 00:49:16,885 -     || Q: 0.0223
2023-12-17 00:49:16,886 -     || KL: 1.2761
2023-12-17 00:49:16,887 -     || token_match: 0.996, exact_match: 0.920
2023-12-17 00:49:16,888 -     || unique taglist code: 268
2023-12-17 00:49:16,889 -     || seen taglist code: 268
2023-12-17 00:49:16,889 -     || MOST used trncode: 809
2023-12-17 00:49:16,890 -     || MOST used devcode: 268
2023-12-17 00:49:16,936 -     || saved model
2023-12-17 00:49:16,938 - 
2023-12-17 00:49:16,939 - #epc: 6
2023-12-17 00:49:17,421 - epc:6, epc_KL:  0.200000
2023-12-17 00:56:35,442 - exact_match_tst_copy_acc: 0.994
2023-12-17 00:56:35,443 - exact_match_tst_reinflection_wlemma: 0.127
2023-12-17 00:56:35,444 - exact_match_tst_reinflection_wlemma_TAGFINDER1: 0.126
2023-12-17 00:56:35,445 - exact_match_tst_reinflection_wlemma_TAGFINDER1_or_2: 0.131
2023-12-17 00:56:35,770 - TRN || epcloss: 0.0221
2023-12-17 00:56:35,772 -     || Q: 0.0483
2023-12-17 00:56:35,772 -     || KL: 0.4241
2023-12-17 00:56:35,773 -     || token_match: 0.993, exact_match: 0.877
2023-12-17 00:56:35,774 -     || unique taglist code: 931
2023-12-17 00:56:35,775 - DEV || epcloss: 0.0175
2023-12-17 00:56:35,776 -     || Q: 0.0474
2023-12-17 00:56:35,777 -     || KL: 0.7736
2023-12-17 00:56:35,778 -     || token_match: 0.995, exact_match: 0.900
2023-12-17 00:56:35,779 -     || unique taglist code: 374
2023-12-17 00:56:35,780 -     || seen taglist code: 373
2023-12-17 00:56:35,781 -     || MOST used trncode: 931
2023-12-17 00:56:35,782 -     || MOST used devcode: 374
2023-12-17 00:56:35,826 -     || saved model
2023-12-17 00:56:35,828 - 
2023-12-17 00:56:35,829 - #epc: 7
2023-12-17 00:56:36,304 - epc:7, epc_KL:  0.300000
2023-12-17 01:04:02,887 - exact_match_tst_copy_acc: 0.994
2023-12-17 01:04:02,889 - exact_match_tst_reinflection_wlemma: 0.132
2023-12-17 01:04:02,890 - exact_match_tst_reinflection_wlemma_TAGFINDER1: 0.132
2023-12-17 01:04:02,891 - exact_match_tst_reinflection_wlemma_TAGFINDER1_or_2: 0.139
2023-12-17 01:04:03,222 - TRN || epcloss: 0.0231
2023-12-17 01:04:03,223 -     || Q: 0.0770
2023-12-17 01:04:03,224 -     || KL: 0.3082
2023-12-17 01:04:03,225 -     || token_match: 0.993, exact_match: 0.873
2023-12-17 01:04:03,225 -     || unique taglist code: 969
2023-12-17 01:04:03,226 - DEV || epcloss: 0.0190
2023-12-17 01:04:03,227 -     || Q: 0.0819
2023-12-17 01:04:03,228 -     || KL: 0.6012
2023-12-17 01:04:03,229 -     || token_match: 0.994, exact_match: 0.889
2023-12-17 01:04:03,230 -     || unique taglist code: 431
2023-12-17 01:04:03,231 -     || seen taglist code: 431
2023-12-17 01:04:03,232 -     || MOST used trncode: 969
2023-12-17 01:04:03,233 -     || MOST used devcode: 431
2023-12-17 01:04:03,276 -     || saved model
2023-12-17 01:04:03,278 - 
2023-12-17 01:04:03,279 - #epc: 8
2023-12-17 01:04:03,773 - epc:8, epc_KL:  0.400000
2023-12-17 01:11:41,321 - exact_match_tst_copy_acc: 0.997
2023-12-17 01:11:41,323 - exact_match_tst_reinflection_wlemma: 0.165
2023-12-17 01:11:41,324 - exact_match_tst_reinflection_wlemma_TAGFINDER1: 0.154
2023-12-17 01:11:41,325 - exact_match_tst_reinflection_wlemma_TAGFINDER1_or_2: 0.170
2023-12-17 01:11:41,812 - TRN || epcloss: 0.0247
2023-12-17 01:11:41,813 -     || Q: 0.1180
2023-12-17 01:11:41,814 -     || KL: 0.2552
2023-12-17 01:11:41,815 -     || token_match: 0.992, exact_match: 0.865
2023-12-17 01:11:41,816 -     || unique taglist code: 1014
2023-12-17 01:11:41,818 - DEV || epcloss: 0.0204
2023-12-17 01:11:41,819 -     || Q: 0.1122
2023-12-17 01:11:41,819 -     || KL: 0.5130
2023-12-17 01:11:41,821 -     || token_match: 0.993, exact_match: 0.880
2023-12-17 01:11:41,822 -     || unique taglist code: 483
2023-12-17 01:11:41,823 -     || seen taglist code: 483
2023-12-17 01:11:41,824 -     || MOST used trncode: 1014
2023-12-17 01:11:41,825 -     || MOST used devcode: 483
2023-12-17 01:11:41,911 -     || saved model
2023-12-17 01:11:41,915 - 
2023-12-17 01:11:41,916 - #epc: 9
2023-12-17 01:11:42,594 - epc:9, epc_KL:  0.500000
2023-12-17 01:19:41,867 - exact_match_tst_copy_acc: 0.979
2023-12-17 01:19:41,868 - exact_match_tst_reinflection_wlemma: 0.208
2023-12-17 01:19:41,869 - exact_match_tst_reinflection_wlemma_TAGFINDER1: 0.170
2023-12-17 01:19:41,870 - exact_match_tst_reinflection_wlemma_TAGFINDER1_or_2: 0.214
2023-12-17 01:19:42,366 - TRN || epcloss: 0.0281
2023-12-17 01:19:42,368 -     || Q: 0.1532
2023-12-17 01:19:42,369 -     || KL: 0.2256
2023-12-17 01:19:42,370 -     || token_match: 0.991, exact_match: 0.849
2023-12-17 01:19:42,370 -     || unique taglist code: 1024
2023-12-17 01:19:42,372 - DEV || epcloss: 0.0275
2023-12-17 01:19:42,373 -     || Q: 0.1739
2023-12-17 01:19:42,374 -     || KL: 0.4798
2023-12-17 01:19:42,375 -     || token_match: 0.992, exact_match: 0.855
2023-12-17 01:19:42,375 -     || unique taglist code: 505
2023-12-17 01:19:42,377 -     || seen taglist code: 505
2023-12-17 01:19:42,378 -     || MOST used trncode: 1024
2023-12-17 01:19:42,379 -     || MOST used devcode: 505
2023-12-17 01:19:42,433 -     || saved model
2023-12-17 01:19:42,436 - 
2023-12-17 01:19:42,437 - #epc: 10
2023-12-17 01:19:43,228 - epc:10, epc_KL:  0.600000
2023-12-17 01:27:29,950 - exact_match_tst_copy_acc: 0.976
2023-12-17 01:27:29,951 - exact_match_tst_reinflection_wlemma: 0.224
2023-12-17 01:27:29,952 - exact_match_tst_reinflection_wlemma_TAGFINDER1: 0.183
2023-12-17 01:27:29,953 - exact_match_tst_reinflection_wlemma_TAGFINDER1_or_2: 0.232
2023-12-17 01:27:30,462 - TRN || epcloss: 0.0327
2023-12-17 01:27:30,463 -     || Q: 0.2077
2023-12-17 01:27:30,464 -     || KL: 0.2071
2023-12-17 01:27:30,465 -     || token_match: 0.990, exact_match: 0.827
2023-12-17 01:27:30,466 -     || unique taglist code: 1026
2023-12-17 01:27:30,467 - DEV || epcloss: 0.0292
2023-12-17 01:27:30,468 -     || Q: 0.1950
2023-12-17 01:27:30,469 -     || KL: 0.4267
2023-12-17 01:27:30,470 -     || token_match: 0.991, exact_match: 0.829
2023-12-17 01:27:30,471 -     || unique taglist code: 540
2023-12-17 01:27:30,472 -     || seen taglist code: 540
2023-12-17 01:27:30,473 -     || MOST used trncode: 1026
2023-12-17 01:27:30,474 -     || MOST used devcode: 540
2023-12-17 01:27:30,529 -     || saved model
2023-12-17 01:27:30,532 - 
2023-12-17 01:27:30,533 - #epc: 11
2023-12-17 01:27:31,179 - epc:11, epc_KL:  0.700000
2023-12-17 01:35:23,563 - exact_match_tst_copy_acc: 0.970
2023-12-17 01:35:23,564 - exact_match_tst_reinflection_wlemma: 0.259
2023-12-17 01:35:23,565 - exact_match_tst_reinflection_wlemma_TAGFINDER1: 0.205
2023-12-17 01:35:23,566 - exact_match_tst_reinflection_wlemma_TAGFINDER1_or_2: 0.261
2023-12-17 01:35:24,050 - TRN || epcloss: 0.0388
2023-12-17 01:35:24,051 -     || Q: 0.2830
2023-12-17 01:35:24,052 -     || KL: 0.1914
2023-12-17 01:35:24,053 -     || token_match: 0.988, exact_match: 0.796
2023-12-17 01:35:24,054 -     || unique taglist code: 1086
2023-12-17 01:35:24,054 - DEV || epcloss: 0.0320
2023-12-17 01:35:24,055 -     || Q: 0.3132
2023-12-17 01:35:24,056 -     || KL: 0.4016
2023-12-17 01:35:24,057 -     || token_match: 0.990, exact_match: 0.817
2023-12-17 01:35:24,058 -     || unique taglist code: 559
2023-12-17 01:35:24,059 -     || seen taglist code: 559
2023-12-17 01:35:24,060 -     || MOST used trncode: 1086
2023-12-17 01:35:24,061 -     || MOST used devcode: 559
2023-12-17 01:35:24,118 -     || saved model
2023-12-17 01:35:24,121 - 
2023-12-17 01:35:24,122 - #epc: 12
2023-12-17 01:35:24,763 - epc:12, epc_KL:  0.800000
2023-12-17 01:43:13,609 - exact_match_tst_copy_acc: 0.959
2023-12-17 01:43:13,610 - exact_match_tst_reinflection_wlemma: 0.272
2023-12-17 01:43:13,611 - exact_match_tst_reinflection_wlemma_TAGFINDER1: 0.203
2023-12-17 01:43:13,612 - exact_match_tst_reinflection_wlemma_TAGFINDER1_or_2: 0.268
2023-12-17 01:43:14,082 - TRN || epcloss: 0.0436
2023-12-17 01:43:14,083 -     || Q: 0.3528
2023-12-17 01:43:14,084 -     || KL: 0.1780
2023-12-17 01:43:14,085 -     || token_match: 0.986, exact_match: 0.774
2023-12-17 01:43:14,086 -     || unique taglist code: 1109
2023-12-17 01:43:14,087 - DEV || epcloss: 0.0399
2023-12-17 01:43:14,088 -     || Q: 0.3826
2023-12-17 01:43:14,088 -     || KL: 0.3707
2023-12-17 01:43:14,089 -     || token_match: 0.987, exact_match: 0.784
2023-12-17 01:43:14,090 -     || unique taglist code: 606
2023-12-17 01:43:14,091 -     || seen taglist code: 606
2023-12-17 01:43:14,092 -     || MOST used trncode: 1109
2023-12-17 01:43:14,093 -     || MOST used devcode: 606
2023-12-17 01:43:14,146 -     || saved model
2023-12-17 01:43:14,148 - 
2023-12-17 01:43:14,149 - #epc: 13
2023-12-17 01:43:14,802 - epc:13, epc_KL:  0.900000
2023-12-17 01:51:07,512 - exact_match_tst_copy_acc: 0.954
2023-12-17 01:51:07,514 - exact_match_tst_reinflection_wlemma: 0.312
2023-12-17 01:51:07,515 - exact_match_tst_reinflection_wlemma_TAGFINDER1: 0.235
2023-12-17 01:51:07,516 - exact_match_tst_reinflection_wlemma_TAGFINDER1_or_2: 0.310
2023-12-17 01:51:07,856 - TRN || epcloss: 0.0495
2023-12-17 01:51:07,857 -     || Q: 0.4363
2023-12-17 01:51:07,858 -     || KL: 0.1679
2023-12-17 01:51:07,859 -     || token_match: 0.985, exact_match: 0.746
2023-12-17 01:51:07,860 -     || unique taglist code: 1123
2023-12-17 01:51:07,861 - DEV || epcloss: 0.0475
2023-12-17 01:51:07,862 -     || Q: 0.4465
2023-12-17 01:51:07,863 -     || KL: 0.3436
2023-12-17 01:51:07,864 -     || token_match: 0.985, exact_match: 0.747
2023-12-17 01:51:07,865 -     || unique taglist code: 616
2023-12-17 01:51:07,867 -     || seen taglist code: 616
2023-12-17 01:51:07,868 -     || MOST used trncode: 1123
2023-12-17 01:51:07,869 -     || MOST used devcode: 616
2023-12-17 01:51:07,921 -     || saved model
2023-12-17 01:51:07,924 - 
2023-12-17 01:51:07,925 - #epc: 14
2023-12-17 01:51:08,418 - epc:14, epc_KL:  1.000000
2023-12-17 01:59:00,674 - exact_match_tst_copy_acc: 0.941
2023-12-17 01:59:00,675 - exact_match_tst_reinflection_wlemma: 0.311
2023-12-17 01:59:00,676 - exact_match_tst_reinflection_wlemma_TAGFINDER1: 0.225
2023-12-17 01:59:00,677 - exact_match_tst_reinflection_wlemma_TAGFINDER1_or_2: 0.308
2023-12-17 01:59:00,993 - TRN || epcloss: 0.0537
2023-12-17 01:59:00,995 -     || Q: 0.5035
2023-12-17 01:59:00,996 -     || KL: 0.1576
2023-12-17 01:59:00,996 -     || token_match: 0.983, exact_match: 0.725
2023-12-17 01:59:00,997 -     || unique taglist code: 1171
2023-12-17 01:59:00,999 - DEV || epcloss: 0.0536
2023-12-17 01:59:01,000 -     || Q: 0.5370
2023-12-17 01:59:01,001 -     || KL: 0.3368
2023-12-17 01:59:01,002 -     || token_match: 0.983, exact_match: 0.710
2023-12-17 01:59:01,003 -     || unique taglist code: 625
2023-12-17 01:59:01,004 -     || seen taglist code: 625
2023-12-17 01:59:01,005 -     || MOST used trncode: 1171
2023-12-17 01:59:01,006 -     || MOST used devcode: 625
2023-12-17 01:59:01,063 -     || saved model
2023-12-17 01:59:01,065 - 
2023-12-17 01:59:01,066 - #epc: 15
2023-12-17 01:59:01,663 - epc:15, epc_KL:  1.000000
2023-12-17 02:06:39,445 - exact_match_tst_copy_acc: 0.955
2023-12-17 02:06:39,447 - exact_match_tst_reinflection_wlemma: 0.328
2023-12-17 02:06:39,448 - exact_match_tst_reinflection_wlemma_TAGFINDER1: 0.232
2023-12-17 02:06:39,449 - exact_match_tst_reinflection_wlemma_TAGFINDER1_or_2: 0.322
2023-12-17 02:06:39,761 - TRN || epcloss: 0.0534
2023-12-17 02:06:39,762 -     || Q: 0.5166
2023-12-17 02:06:39,763 -     || KL: 0.1541
2023-12-17 02:06:39,764 -     || token_match: 0.983, exact_match: 0.723
2023-12-17 02:06:39,765 -     || unique taglist code: 1169
2023-12-17 02:06:39,766 - DEV || epcloss: 0.0461
2023-12-17 02:06:39,767 -     || Q: 0.4990
2023-12-17 02:06:39,768 -     || KL: 0.3272
2023-12-17 02:06:39,769 -     || token_match: 0.985, exact_match: 0.759
2023-12-17 02:06:39,770 -     || unique taglist code: 653
2023-12-17 02:06:39,771 -     || seen taglist code: 653
2023-12-17 02:06:39,772 -     || MOST used devcode: 653
2023-12-17 02:06:39,823 -     || saved model
2023-12-17 02:06:39,825 - 
2023-12-17 02:06:39,826 - #epc: 16
2023-12-17 02:06:40,296 - epc:16, epc_KL:  1.000000
2023-12-17 02:14:18,744 - exact_match_tst_copy_acc: 0.947
2023-12-17 02:14:18,745 - exact_match_tst_reinflection_wlemma: 0.355
2023-12-17 02:14:18,746 - exact_match_tst_reinflection_wlemma_TAGFINDER1: 0.248
2023-12-17 02:14:18,747 - exact_match_tst_reinflection_wlemma_TAGFINDER1_or_2: 0.342
2023-12-17 02:14:19,062 - TRN || epcloss: 0.0522
2023-12-17 02:14:19,063 -     || Q: 0.4950
2023-12-17 02:14:19,064 -     || KL: 0.1511
2023-12-17 02:14:19,065 -     || token_match: 0.984, exact_match: 0.729
2023-12-17 02:14:19,066 -     || unique taglist code: 1171
2023-12-17 02:14:19,067 - DEV || epcloss: 0.0470
2023-12-17 02:14:19,068 -     || Q: 0.4891
2023-12-17 02:14:19,069 -     || KL: 0.3164
2023-12-17 02:14:19,070 -     || token_match: 0.984, exact_match: 0.728
2023-12-17 02:14:19,071 -     || unique taglist code: 649
2023-12-17 02:14:19,072 -     || seen taglist code: 649
2023-12-17 02:14:19,122 -     || saved model
2023-12-17 02:14:19,125 - 
2023-12-17 02:14:19,126 - #epc: 17
2023-12-17 02:14:19,598 - epc:17, epc_KL:  1.000000
2023-12-17 02:22:00,052 - exact_match_tst_copy_acc: 0.965
2023-12-17 02:22:00,054 - exact_match_tst_reinflection_wlemma: 0.364
2023-12-17 02:22:00,055 - exact_match_tst_reinflection_wlemma_TAGFINDER1: 0.248
2023-12-17 02:22:00,056 - exact_match_tst_reinflection_wlemma_TAGFINDER1_or_2: 0.350
2023-12-17 02:22:00,522 - TRN || epcloss: 0.0514
2023-12-17 02:22:00,524 -     || Q: 0.5147
2023-12-17 02:22:00,525 -     || KL: 0.1503
2023-12-17 02:22:00,526 -     || token_match: 0.984, exact_match: 0.732
2023-12-17 02:22:00,527 -     || unique taglist code: 1174
2023-12-17 02:22:00,528 - DEV || epcloss: 0.0407
2023-12-17 02:22:00,529 -     || Q: 0.5201
2023-12-17 02:22:00,530 -     || KL: 0.3183
2023-12-17 02:22:00,531 -     || token_match: 0.987, exact_match: 0.781
2023-12-17 02:22:00,532 -     || unique taglist code: 659
2023-12-17 02:22:00,533 -     || seen taglist code: 659
2023-12-17 02:22:00,534 -     || MOST used trncode: 1174
2023-12-17 02:22:00,535 -     || MOST used devcode: 659
2023-12-17 02:22:00,634 -     || saved model
2023-12-17 02:22:00,637 - 
2023-12-17 02:22:00,638 - #epc: 18
2023-12-17 02:22:01,243 - epc:18, epc_KL:  1.000000
2023-12-17 02:29:26,501 - exact_match_tst_copy_acc: 0.944
2023-12-17 02:29:26,503 - exact_match_tst_reinflection_wlemma: 0.364
2023-12-17 02:29:26,504 - exact_match_tst_reinflection_wlemma_TAGFINDER1: 0.244
2023-12-17 02:29:26,505 - exact_match_tst_reinflection_wlemma_TAGFINDER1_or_2: 0.349
2023-12-17 02:29:26,903 - TRN || epcloss: 0.0503
2023-12-17 02:29:26,905 -     || Q: 0.5244
2023-12-17 02:29:26,906 -     || KL: 0.1494
2023-12-17 02:29:26,907 -     || token_match: 0.984, exact_match: 0.736
2023-12-17 02:29:26,907 -     || unique taglist code: 1188
2023-12-17 02:29:26,908 - DEV || epcloss: 0.0459
2023-12-17 02:29:26,909 -     || Q: 0.5653
2023-12-17 02:29:26,910 -     || KL: 0.3214
2023-12-17 02:29:26,911 -     || token_match: 0.985, exact_match: 0.748
2023-12-17 02:29:26,912 -     || unique taglist code: 667
2023-12-17 02:29:26,913 -     || seen taglist code: 667
2023-12-17 02:29:26,914 -     || MOST used trncode: 1188
2023-12-17 02:29:26,915 -     || MOST used devcode: 667
2023-12-17 02:29:26,982 -     || saved model
2023-12-17 02:29:26,985 - 
2023-12-17 02:29:26,986 - #epc: 19
2023-12-17 02:29:27,563 - epc:19, epc_KL:  1.000000
2023-12-17 02:36:52,064 - exact_match_tst_copy_acc: 0.931
2023-12-17 02:36:52,065 - exact_match_tst_reinflection_wlemma: 0.336
2023-12-17 02:36:52,066 - exact_match_tst_reinflection_wlemma_TAGFINDER1: 0.225
2023-12-17 02:36:52,067 - exact_match_tst_reinflection_wlemma_TAGFINDER1_or_2: 0.315
2023-12-17 02:36:52,532 - TRN || epcloss: 0.0512
2023-12-17 02:36:52,534 -     || Q: 0.5264
2023-12-17 02:36:52,535 -     || KL: 0.1484
2023-12-17 02:36:52,536 -     || token_match: 0.984, exact_match: 0.733
2023-12-17 02:36:52,537 -     || unique taglist code: 1177
2023-12-17 02:36:52,538 - DEV || epcloss: 0.0713
2023-12-17 02:36:52,539 -     || Q: 0.5242
2023-12-17 02:36:52,541 -     || KL: 0.2834
2023-12-17 02:36:52,542 -     || token_match: 0.977, exact_match: 0.640
2023-12-17 02:36:52,543 -     || unique taglist code: 669
2023-12-17 02:36:52,544 -     || seen taglist code: 668
2023-12-17 02:36:52,545 -     || MOST used devcode: 669
2023-12-17 02:36:52,613 -     || saved model
2023-12-17 02:36:52,615 - 
2023-12-17 02:36:52,617 - #epc: 20
2023-12-17 02:36:53,252 - epc:20, epc_KL:  1.000000
2023-12-17 02:44:18,009 - exact_match_tst_copy_acc: 0.924
2023-12-17 02:44:18,010 - exact_match_tst_reinflection_wlemma: 0.311
2023-12-17 02:44:18,011 - exact_match_tst_reinflection_wlemma_TAGFINDER1: 0.216
2023-12-17 02:44:18,012 - exact_match_tst_reinflection_wlemma_TAGFINDER1_or_2: 0.302
2023-12-17 02:44:18,514 - TRN || epcloss: 0.0565
2023-12-17 02:44:18,515 -     || Q: 0.5311
2023-12-17 02:44:18,516 -     || KL: 0.1488
2023-12-17 02:44:18,517 -     || token_match: 0.982, exact_match: 0.712
2023-12-17 02:44:18,518 -     || unique taglist code: 1209
2023-12-17 02:44:18,519 - DEV || epcloss: 0.0494
2023-12-17 02:44:18,520 -     || Q: 0.5822
2023-12-17 02:44:18,521 -     || KL: 0.3120
2023-12-17 02:44:18,522 -     || token_match: 0.984, exact_match: 0.722
2023-12-17 02:44:18,523 -     || unique taglist code: 667
2023-12-17 02:44:18,524 -     || seen taglist code: 667
2023-12-17 02:44:18,525 -     || MOST used trncode: 1209
2023-12-17 02:44:18,601 -     || saved model
2023-12-17 02:44:18,604 - 
2023-12-17 02:44:18,605 - #epc: 21
2023-12-17 02:44:19,248 - epc:21, epc_KL:  1.000000
2023-12-17 02:51:44,706 - exact_match_tst_copy_acc: 0.933
2023-12-17 02:51:44,707 - exact_match_tst_reinflection_wlemma: 0.325
2023-12-17 02:51:44,708 - exact_match_tst_reinflection_wlemma_TAGFINDER1: 0.224
2023-12-17 02:51:44,709 - exact_match_tst_reinflection_wlemma_TAGFINDER1_or_2: 0.304
2023-12-17 02:51:45,162 - TRN || epcloss: 0.0585
2023-12-17 02:51:45,163 -     || Q: 0.5176
2023-12-17 02:51:45,164 -     || KL: 0.1484
2023-12-17 02:51:45,165 -     || token_match: 0.982, exact_match: 0.707
2023-12-17 02:51:45,166 -     || unique taglist code: 1196
2023-12-17 02:51:45,167 - DEV || epcloss: 0.0458
2023-12-17 02:51:45,168 -     || Q: 0.5084
2023-12-17 02:51:45,169 -     || KL: 0.3070
2023-12-17 02:51:45,170 -     || token_match: 0.985, exact_match: 0.750
2023-12-17 02:51:45,171 -     || unique taglist code: 693
2023-12-17 02:51:45,172 -     || seen taglist code: 693
2023-12-17 02:51:45,173 -     || MOST used devcode: 693
2023-12-17 02:51:45,263 -     || saved model
2023-12-17 02:51:45,266 - 
2023-12-17 02:51:45,267 - #epc: 22
2023-12-17 02:51:45,866 - epc:22, epc_KL:  1.000000
2023-12-17 02:59:11,249 - exact_match_tst_copy_acc: 0.947
2023-12-17 02:59:11,251 - exact_match_tst_reinflection_wlemma: 0.352
2023-12-17 02:59:11,252 - exact_match_tst_reinflection_wlemma_TAGFINDER1: 0.240
2023-12-17 02:59:11,253 - exact_match_tst_reinflection_wlemma_TAGFINDER1_or_2: 0.330
2023-12-17 02:59:11,768 - TRN || epcloss: 0.0518
2023-12-17 02:59:11,769 -     || Q: 0.4779
2023-12-17 02:59:11,770 -     || KL: 0.1456
2023-12-17 02:59:11,771 -     || token_match: 0.984, exact_match: 0.736
2023-12-17 02:59:11,772 -     || unique taglist code: 1187
2023-12-17 02:59:11,773 - DEV || epcloss: 0.0420
2023-12-17 02:59:11,774 -     || Q: 0.5016
2023-12-17 02:59:11,775 -     || KL: 0.3087
2023-12-17 02:59:11,776 -     || token_match: 0.986, exact_match: 0.772
2023-12-17 02:59:11,776 -     || unique taglist code: 681
2023-12-17 02:59:11,778 -     || seen taglist code: 681
2023-12-17 02:59:11,864 -     || saved model
2023-12-17 02:59:11,867 - 
2023-12-17 02:59:11,868 - #epc: 23
2023-12-17 02:59:12,511 - epc:23, epc_KL:  1.000000
2023-12-17 03:06:38,987 - exact_match_tst_copy_acc: 0.924
2023-12-17 03:06:38,988 - exact_match_tst_reinflection_wlemma: 0.337
2023-12-17 03:06:38,989 - exact_match_tst_reinflection_wlemma_TAGFINDER1: 0.227
2023-12-17 03:06:38,990 - exact_match_tst_reinflection_wlemma_TAGFINDER1_or_2: 0.322
2023-12-17 03:06:39,669 - TRN || epcloss: 0.0523
2023-12-17 03:06:39,670 -     || Q: 0.4707
2023-12-17 03:06:39,671 -     || KL: 0.1452
2023-12-17 03:06:39,672 -     || token_match: 0.984, exact_match: 0.737
2023-12-17 03:06:39,673 -     || unique taglist code: 1199
2023-12-17 03:06:39,674 - DEV || epcloss: 0.0585
2023-12-17 03:06:39,675 -     || Q: 0.5244
2023-12-17 03:06:39,676 -     || KL: 0.2977
2023-12-17 03:06:39,677 -     || token_match: 0.982, exact_match: 0.705
2023-12-17 03:06:39,678 -     || unique taglist code: 678
2023-12-17 03:06:39,679 -     || seen taglist code: 678
2023-12-17 03:06:39,773 -     || saved model
2023-12-17 03:06:39,776 - 
2023-12-17 03:06:39,777 - #epc: 24
2023-12-17 03:06:40,421 - epc:24, epc_KL:  1.000000
2023-12-17 03:14:04,713 - exact_match_tst_copy_acc: 0.936
2023-12-17 03:14:04,715 - exact_match_tst_reinflection_wlemma: 0.358
2023-12-17 03:14:04,716 - exact_match_tst_reinflection_wlemma_TAGFINDER1: 0.247
2023-12-17 03:14:04,717 - exact_match_tst_reinflection_wlemma_TAGFINDER1_or_2: 0.339
2023-12-17 03:14:05,233 - TRN || epcloss: 0.0543
2023-12-17 03:14:05,234 -     || Q: 0.4530
2023-12-17 03:14:05,236 -     || KL: 0.1454
2023-12-17 03:14:05,237 -     || token_match: 0.983, exact_match: 0.726
2023-12-17 03:14:05,238 -     || unique taglist code: 1223
2023-12-17 03:14:05,239 - DEV || epcloss: 0.0480
2023-12-17 03:14:05,240 -     || Q: 0.4312
2023-12-17 03:14:05,241 -     || KL: 0.3079
2023-12-17 03:14:05,243 -     || token_match: 0.985, exact_match: 0.756
2023-12-17 03:14:05,244 -     || unique taglist code: 695
2023-12-17 03:14:05,245 -     || seen taglist code: 695
2023-12-17 03:14:05,246 -     || MOST used trncode: 1223
2023-12-17 03:14:05,247 -     || MOST used devcode: 695
2023-12-17 03:14:05,343 -     || saved model
2023-12-17 03:14:05,346 - 
2023-12-17 03:14:05,347 - #epc: 25
2023-12-17 03:14:06,028 - epc:25, epc_KL:  1.000000
2023-12-17 03:21:30,421 - exact_match_tst_copy_acc: 0.920
2023-12-17 03:21:30,422 - exact_match_tst_reinflection_wlemma: 0.349
2023-12-17 03:21:30,423 - exact_match_tst_reinflection_wlemma_TAGFINDER1: 0.233
2023-12-17 03:21:30,424 - exact_match_tst_reinflection_wlemma_TAGFINDER1_or_2: 0.333
2023-12-17 03:21:31,007 - TRN || epcloss: 0.0539
2023-12-17 03:21:31,009 -     || Q: 0.4418
2023-12-17 03:21:31,010 -     || KL: 0.1451
2023-12-17 03:21:31,011 -     || token_match: 0.983, exact_match: 0.731
2023-12-17 03:21:31,012 -     || unique taglist code: 1229
2023-12-17 03:21:31,012 - DEV || epcloss: 0.0464
2023-12-17 03:21:31,013 -     || Q: 0.4268
2023-12-17 03:21:31,015 -     || KL: 0.3080
2023-12-17 03:21:31,016 -     || token_match: 0.986, exact_match: 0.748
2023-12-17 03:21:31,016 -     || unique taglist code: 676
2023-12-17 03:21:31,018 -     || seen taglist code: 676
2023-12-17 03:21:31,019 -     || MOST used trncode: 1229
2023-12-17 03:21:31,103 -     || saved model
2023-12-17 03:21:31,105 - 
2023-12-17 03:21:31,106 - #epc: 26
2023-12-17 03:21:31,780 - epc:26, epc_KL:  1.000000
2023-12-17 03:28:55,775 - exact_match_tst_copy_acc: 0.916
2023-12-17 03:28:55,776 - exact_match_tst_reinflection_wlemma: 0.331
2023-12-17 03:28:55,777 - exact_match_tst_reinflection_wlemma_TAGFINDER1: 0.222
2023-12-17 03:28:55,778 - exact_match_tst_reinflection_wlemma_TAGFINDER1_or_2: 0.310
2023-12-17 03:28:56,360 - TRN || epcloss: 0.0577
2023-12-17 03:28:56,361 -     || Q: 0.4609
2023-12-17 03:28:56,362 -     || KL: 0.1465
2023-12-17 03:28:56,363 -     || token_match: 0.982, exact_match: 0.717
2023-12-17 03:28:56,364 -     || unique taglist code: 1235
2023-12-17 03:28:56,365 - DEV || epcloss: 0.0498
2023-12-17 03:28:56,366 -     || Q: 0.5098
2023-12-17 03:28:56,367 -     || KL: 0.3106
2023-12-17 03:28:56,368 -     || token_match: 0.984, exact_match: 0.734
2023-12-17 03:28:56,369 -     || unique taglist code: 674
2023-12-17 03:28:56,371 -     || seen taglist code: 674
2023-12-17 03:28:56,372 -     || MOST used trncode: 1235
2023-12-17 03:28:56,455 -     || saved model
2023-12-17 03:28:56,457 - 
2023-12-17 03:28:56,458 - #epc: 27
2023-12-17 03:28:57,126 - epc:27, epc_KL:  1.000000
2023-12-17 03:36:21,904 - exact_match_tst_copy_acc: 0.920
2023-12-17 03:36:21,905 - exact_match_tst_reinflection_wlemma: 0.290
2023-12-17 03:36:21,906 - exact_match_tst_reinflection_wlemma_TAGFINDER1: 0.203
2023-12-17 03:36:21,907 - exact_match_tst_reinflection_wlemma_TAGFINDER1_or_2: 0.277
2023-12-17 03:36:22,494 - TRN || epcloss: 0.0648
2023-12-17 03:36:22,495 -     || Q: 0.4905
2023-12-17 03:36:22,496 -     || KL: 0.1494
2023-12-17 03:36:22,497 -     || token_match: 0.980, exact_match: 0.686
2023-12-17 03:36:22,499 -     || unique taglist code: 1237
2023-12-17 03:36:22,500 - DEV || epcloss: 0.0464
2023-12-17 03:36:22,501 -     || Q: 0.4537
2023-12-17 03:36:22,502 -     || KL: 0.3166
2023-12-17 03:36:22,503 -     || token_match: 0.985, exact_match: 0.752
2023-12-17 03:36:22,504 -     || unique taglist code: 688
2023-12-17 03:36:22,505 -     || seen taglist code: 688
2023-12-17 03:36:22,506 -     || MOST used trncode: 1237
2023-12-17 03:36:22,578 -     || saved model
2023-12-17 03:36:22,580 - 
2023-12-17 03:36:22,581 - #epc: 28
2023-12-17 03:36:23,236 - epc:28, epc_KL:  1.000000
2023-12-17 03:43:50,558 - exact_match_tst_copy_acc: 0.851
2023-12-17 03:43:50,559 - exact_match_tst_reinflection_wlemma: 0.267
2023-12-17 03:43:50,560 - exact_match_tst_reinflection_wlemma_TAGFINDER1: 0.174
2023-12-17 03:43:50,561 - exact_match_tst_reinflection_wlemma_TAGFINDER1_or_2: 0.253
2023-12-17 03:43:51,166 - TRN || epcloss: 0.0900
2023-12-17 03:43:51,167 -     || Q: 0.5479
2023-12-17 03:43:51,168 -     || KL: 0.1602
2023-12-17 03:43:51,169 -     || token_match: 0.975, exact_match: 0.630
2023-12-17 03:43:51,169 -     || unique taglist code: 1236
2023-12-17 03:43:51,170 - DEV || epcloss: 0.0712
2023-12-17 03:43:51,171 -     || Q: 0.5617
2023-12-17 03:43:51,172 -     || KL: 0.3321
2023-12-17 03:43:51,173 -     || token_match: 0.978, exact_match: 0.656
2023-12-17 03:43:51,174 -     || unique taglist code: 688
2023-12-17 03:43:51,175 -     || seen taglist code: 688
2023-12-17 03:43:51,258 -     || saved model
2023-12-17 03:43:51,260 - 
2023-12-17 03:43:51,261 - #epc: 29
2023-12-17 03:43:51,923 - epc:29, epc_KL:  1.000000
2023-12-17 03:51:16,352 - exact_match_tst_copy_acc: 0.804
2023-12-17 03:51:16,353 - exact_match_tst_reinflection_wlemma: 0.260
2023-12-17 03:51:16,354 - exact_match_tst_reinflection_wlemma_TAGFINDER1: 0.175
2023-12-17 03:51:16,355 - exact_match_tst_reinflection_wlemma_TAGFINDER1_or_2: 0.255
2023-12-17 03:51:16,946 - TRN || epcloss: 0.0777
2023-12-17 03:51:16,948 -     || Q: 0.5229
2023-12-17 03:51:16,949 -     || KL: 0.1541
2023-12-17 03:51:16,950 -     || token_match: 0.976, exact_match: 0.635
2023-12-17 03:51:16,951 -     || unique taglist code: 1230
2023-12-17 03:51:16,952 - DEV || epcloss: 0.0954
2023-12-17 03:51:16,953 -     || Q: 0.5696
2023-12-17 03:51:16,954 -     || KL: 0.3603
2023-12-17 03:51:16,955 -     || token_match: 0.972, exact_match: 0.596
2023-12-17 03:51:16,956 -     || unique taglist code: 671
2023-12-17 03:51:16,957 -     || seen taglist code: 671
2023-12-17 03:51:17,043 -     || saved model
2023-12-17 03:51:17,046 - 
2023-12-17 03:51:17,047 - #epc: 30
2023-12-17 03:51:17,686 - epc:30, epc_KL:  1.000000
2023-12-17 03:58:41,816 - exact_match_tst_copy_acc: 0.727
2023-12-17 03:58:41,817 - exact_match_tst_reinflection_wlemma: 0.237
2023-12-17 03:58:41,818 - exact_match_tst_reinflection_wlemma_TAGFINDER1: 0.156
2023-12-17 03:58:41,819 - exact_match_tst_reinflection_wlemma_TAGFINDER1_or_2: 0.225
2023-12-17 03:58:42,367 - TRN || epcloss: 0.0998
2023-12-17 03:58:42,369 -     || Q: 0.6003
2023-12-17 03:58:42,370 -     || KL: 0.1604
2023-12-17 03:58:42,371 -     || token_match: 0.968, exact_match: 0.553
2023-12-17 03:58:42,372 -     || unique taglist code: 1251
2023-12-17 03:58:42,373 - DEV || epcloss: 0.0931
2023-12-17 03:58:42,374 -     || Q: 0.6110
2023-12-17 03:58:42,375 -     || KL: 0.3568
2023-12-17 03:58:42,375 -     || token_match: 0.968, exact_match: 0.548
2023-12-17 03:58:42,376 -     || unique taglist code: 692
2023-12-17 03:58:42,377 -     || seen taglist code: 692
2023-12-17 03:58:42,379 -     || MOST used trncode: 1251
2023-12-17 03:58:42,467 -     || saved model
2023-12-17 03:58:42,469 - 
2023-12-17 03:58:42,470 - #epc: 31
2023-12-17 03:58:43,115 - epc:31, epc_KL:  1.000000
2023-12-17 04:06:08,120 - exact_match_tst_copy_acc: 0.729
2023-12-17 04:06:08,121 - exact_match_tst_reinflection_wlemma: 0.244
2023-12-17 04:06:08,122 - exact_match_tst_reinflection_wlemma_TAGFINDER1: 0.170
2023-12-17 04:06:08,123 - exact_match_tst_reinflection_wlemma_TAGFINDER1_or_2: 0.243
2023-12-17 04:06:08,695 - TRN || epcloss: 0.1088
2023-12-17 04:06:08,696 -     || Q: 0.5948
2023-12-17 04:06:08,697 -     || KL: 0.1609
2023-12-17 04:06:08,698 -     || token_match: 0.965, exact_match: 0.514
2023-12-17 04:06:08,699 -     || unique taglist code: 1280
2023-12-17 04:06:08,700 - DEV || epcloss: 0.0991
2023-12-17 04:06:08,701 -     || Q: 0.6368
2023-12-17 04:06:08,702 -     || KL: 0.3434
2023-12-17 04:06:08,703 -     || token_match: 0.969, exact_match: 0.546
2023-12-17 04:06:08,704 -     || unique taglist code: 666
2023-12-17 04:06:08,705 -     || seen taglist code: 666
2023-12-17 04:06:08,706 -     || MOST used trncode: 1280
2023-12-17 04:06:08,798 -     || saved model
2023-12-17 04:06:08,801 - 
2023-12-17 04:06:08,802 - #epc: 32
2023-12-17 04:06:09,451 - epc:32, epc_KL:  1.000000
2023-12-17 04:13:31,165 - exact_match_tst_copy_acc: 0.576
2023-12-17 04:13:31,167 - exact_match_tst_reinflection_wlemma: 0.196
2023-12-17 04:13:31,167 - exact_match_tst_reinflection_wlemma_TAGFINDER1: 0.122
2023-12-17 04:13:31,168 - exact_match_tst_reinflection_wlemma_TAGFINDER1_or_2: 0.185
2023-12-17 04:13:31,755 - TRN || epcloss: 0.1179
2023-12-17 04:13:31,756 -     || Q: 0.6853
2023-12-17 04:13:31,757 -     || KL: 0.1639
2023-12-17 04:13:31,758 -     || token_match: 0.961, exact_match: 0.471
2023-12-17 04:13:31,759 -     || unique taglist code: 1264
2023-12-17 04:13:31,760 - DEV || epcloss: 0.1471
2023-12-17 04:13:31,761 -     || Q: 0.7544
2023-12-17 04:13:31,761 -     || KL: 0.3557
2023-12-17 04:13:31,762 -     || token_match: 0.951, exact_match: 0.360
2023-12-17 04:13:31,763 -     || unique taglist code: 667
2023-12-17 04:13:31,765 -     || seen taglist code: 667
2023-12-17 04:13:31,846 -     || saved model
2023-12-17 04:13:31,849 - 
2023-12-17 04:13:31,850 - #epc: 33
2023-12-17 04:13:32,472 - epc:33, epc_KL:  1.000000
2023-12-17 04:20:53,847 - exact_match_tst_copy_acc: 0.475
2023-12-17 04:20:53,849 - exact_match_tst_reinflection_wlemma: 0.167
2023-12-17 04:20:53,850 - exact_match_tst_reinflection_wlemma_TAGFINDER1: 0.115
2023-12-17 04:20:53,851 - exact_match_tst_reinflection_wlemma_TAGFINDER1_or_2: 0.163
2023-12-17 04:20:54,424 - TRN || epcloss: 0.1338
2023-12-17 04:20:54,426 -     || Q: 0.7294
2023-12-17 04:20:54,427 -     || KL: 0.1708
2023-12-17 04:20:54,428 -     || token_match: 0.958, exact_match: 0.452
2023-12-17 04:20:54,429 -     || unique taglist code: 1263
2023-12-17 04:20:54,430 - DEV || epcloss: 0.2570
2023-12-17 04:20:54,431 -     || Q: 0.9233
2023-12-17 04:20:54,434 -     || KL: 0.9288
2023-12-17 04:20:54,435 -     || token_match: 0.938, exact_match: 0.293
2023-12-17 04:20:54,436 -     || unique taglist code: 599
2023-12-17 04:20:54,438 -     || seen taglist code: 599
2023-12-17 04:20:54,509 -     || saved model
2023-12-17 04:20:54,511 - 
2023-12-17 04:20:54,513 - #epc: 34
2023-12-17 04:20:55,140 - epc:34, epc_KL:  1.000000
2023-12-17 04:28:21,328 - exact_match_tst_copy_acc: 0.683
2023-12-17 04:28:21,330 - exact_match_tst_reinflection_wlemma: 0.238
2023-12-17 04:28:21,330 - exact_match_tst_reinflection_wlemma_TAGFINDER1: 0.162
2023-12-17 04:28:21,332 - exact_match_tst_reinflection_wlemma_TAGFINDER1_or_2: 0.238
2023-12-17 04:28:21,901 - TRN || epcloss: 0.1589
2023-12-17 04:28:21,903 -     || Q: 0.7034
2023-12-17 04:28:21,904 -     || KL: 0.1946
2023-12-17 04:28:21,905 -     || token_match: 0.952, exact_match: 0.398
2023-12-17 04:28:21,906 -     || unique taglist code: 1241
2023-12-17 04:28:21,907 - DEV || epcloss: 0.1114
2023-12-17 04:28:21,908 -     || Q: 0.6499
2023-12-17 04:28:21,909 -     || KL: 0.3638
2023-12-17 04:28:21,910 -     || token_match: 0.962, exact_match: 0.484
2023-12-17 04:28:21,911 -     || unique taglist code: 654
2023-12-17 04:28:21,912 -     || seen taglist code: 654
2023-12-17 04:28:21,992 -     || saved model
2023-12-17 04:28:21,995 - 
2023-12-17 04:28:21,996 - #epc: 35
2023-12-17 04:28:22,642 - epc:35, epc_KL:  1.000000
2023-12-17 04:35:47,970 - exact_match_tst_copy_acc: 0.685
2023-12-17 04:35:47,971 - exact_match_tst_reinflection_wlemma: 0.260
2023-12-17 04:35:47,972 - exact_match_tst_reinflection_wlemma_TAGFINDER1: 0.178
2023-12-17 04:35:47,973 - exact_match_tst_reinflection_wlemma_TAGFINDER1_or_2: 0.259
2023-12-17 04:35:48,513 - TRN || epcloss: 0.1458
2023-12-17 04:35:48,514 -     || Q: 0.6898
2023-12-17 04:35:48,515 -     || KL: 0.1787
2023-12-17 04:35:48,516 -     || token_match: 0.952, exact_match: 0.397
2023-12-17 04:35:48,517 -     || unique taglist code: 1251
2023-12-17 04:35:48,518 - DEV || epcloss: 0.1073
2023-12-17 04:35:48,519 -     || Q: 0.6514
2023-12-17 04:35:48,520 -     || KL: 0.3537
2023-12-17 04:35:48,521 -     || token_match: 0.964, exact_match: 0.488
2023-12-17 04:35:48,522 -     || unique taglist code: 641
2023-12-17 04:35:48,523 -     || seen taglist code: 641
2023-12-17 04:35:48,662 -     || saved model
2023-12-17 04:35:48,665 - 
2023-12-17 04:35:48,666 - #epc: 36
2023-12-17 04:35:49,317 - epc:36, epc_KL:  1.000000
2023-12-17 04:43:15,908 - exact_match_tst_copy_acc: 0.518
2023-12-17 04:43:15,909 - exact_match_tst_reinflection_wlemma: 0.229
2023-12-17 04:43:15,910 - exact_match_tst_reinflection_wlemma_TAGFINDER1: 0.141
2023-12-17 04:43:15,910 - exact_match_tst_reinflection_wlemma_TAGFINDER1_or_2: 0.230
2023-12-17 04:43:16,509 - TRN || epcloss: 0.1450
2023-12-17 04:43:16,511 -     || Q: 0.6590
2023-12-17 04:43:16,512 -     || KL: 0.1737
2023-12-17 04:43:16,513 -     || token_match: 0.952, exact_match: 0.403
2023-12-17 04:43:16,514 -     || unique taglist code: 1237
2023-12-17 04:43:16,515 - DEV || epcloss: 0.1563
2023-12-17 04:43:16,515 -     || Q: 0.6087
2023-12-17 04:43:16,516 -     || KL: 0.4390
2023-12-17 04:43:16,517 -     || token_match: 0.946, exact_match: 0.362
2023-12-17 04:43:16,518 -     || unique taglist code: 617
2023-12-17 04:43:16,519 -     || seen taglist code: 617
2023-12-17 04:43:16,603 -     || saved model
2023-12-17 04:43:16,606 - 
2023-12-17 04:43:16,607 - #epc: 37
2023-12-17 04:43:17,271 - epc:37, epc_KL:  1.000000
2023-12-17 04:50:41,732 - exact_match_tst_copy_acc: 0.681
2023-12-17 04:50:41,734 - exact_match_tst_reinflection_wlemma: 0.246
2023-12-17 04:50:41,735 - exact_match_tst_reinflection_wlemma_TAGFINDER1: 0.169
2023-12-17 04:50:41,736 - exact_match_tst_reinflection_wlemma_TAGFINDER1_or_2: 0.243
2023-12-17 04:50:42,145 - TRN || epcloss: 0.1364
2023-12-17 04:50:42,146 -     || Q: 0.5976
2023-12-17 04:50:42,148 -     || KL: 0.1789
2023-12-17 04:50:42,149 -     || token_match: 0.953, exact_match: 0.408
2023-12-17 04:50:42,150 -     || unique taglist code: 1208
2023-12-17 04:50:42,151 - DEV || epcloss: 0.1151
2023-12-17 04:50:42,152 -     || Q: 0.5850
2023-12-17 04:50:42,153 -     || KL: 0.3691
2023-12-17 04:50:42,154 -     || token_match: 0.962, exact_match: 0.479
2023-12-17 04:50:42,154 -     || unique taglist code: 616
2023-12-17 04:50:42,156 -     || seen taglist code: 616
2023-12-17 04:50:42,236 -     || saved model
2023-12-17 04:50:42,238 - 
2023-12-17 04:50:42,240 - #epc: 38
2023-12-17 04:50:42,704 - epc:38, epc_KL:  1.000000
2023-12-17 04:58:08,348 - exact_match_tst_copy_acc: 0.482
2023-12-17 04:58:08,350 - exact_match_tst_reinflection_wlemma: 0.176
2023-12-17 04:58:08,351 - exact_match_tst_reinflection_wlemma_TAGFINDER1: 0.113
2023-12-17 04:58:08,352 - exact_match_tst_reinflection_wlemma_TAGFINDER1_or_2: 0.169
2023-12-17 04:58:08,732 - TRN || epcloss: 0.1186
2023-12-17 04:58:08,733 -     || Q: 0.5877
2023-12-17 04:58:08,735 -     || KL: 0.1656
2023-12-17 04:58:08,735 -     || token_match: 0.960, exact_match: 0.469
2023-12-17 04:58:08,736 -     || unique taglist code: 1246
2023-12-17 04:58:08,737 - DEV || epcloss: 0.2090
2023-12-17 04:58:08,738 -     || Q: 0.5944
2023-12-17 04:58:08,739 -     || KL: 0.3613
2023-12-17 04:58:08,740 -     || token_match: 0.942, exact_match: 0.313
2023-12-17 04:58:08,741 -     || unique taglist code: 605
2023-12-17 04:58:08,742 -     || seen taglist code: 605
2023-12-17 04:58:08,840 -     || saved model
2023-12-17 04:58:08,842 - 
2023-12-17 04:58:08,843 - #epc: 39
2023-12-17 04:58:09,284 - epc:39, epc_KL:  1.000000
2023-12-17 05:05:32,336 - exact_match_tst_copy_acc: 0.142
2023-12-17 05:05:32,337 - exact_match_tst_reinflection_wlemma: 0.071
2023-12-17 05:05:32,338 - exact_match_tst_reinflection_wlemma_TAGFINDER1: 0.041
2023-12-17 05:05:32,339 - exact_match_tst_reinflection_wlemma_TAGFINDER1_or_2: 0.071
2023-12-17 05:05:32,710 - TRN || epcloss: 0.4635
2023-12-17 05:05:32,711 -     || Q: 0.7623
2023-12-17 05:05:32,712 -     || KL: 3.4155
2023-12-17 05:05:32,713 -     || token_match: 0.891, exact_match: 0.183
2023-12-17 05:05:32,713 -     || unique taglist code: 1278
2023-12-17 05:05:32,714 - DEV || epcloss: 0.3156
2023-12-17 05:05:32,715 -     || Q: 0.7012
2023-12-17 05:05:32,716 -     || KL: 0.6257
2023-12-17 05:05:32,717 -     || token_match: 0.884, exact_match: 0.096
2023-12-17 05:05:32,718 -     || unique taglist code: 519
2023-12-17 05:05:32,719 -     || seen taglist code: 519
2023-12-17 05:05:32,788 -     || saved model
2023-12-17 05:05:32,790 - 
2023-12-17 05:05:32,791 - #epc: 40
2023-12-17 05:05:33,230 - epc:40, epc_KL:  1.000000
2023-12-17 05:12:56,762 - exact_match_tst_copy_acc: 0.383
2023-12-17 05:12:56,764 - exact_match_tst_reinflection_wlemma: 0.153
2023-12-17 05:12:56,764 - exact_match_tst_reinflection_wlemma_TAGFINDER1: 0.109
2023-12-17 05:12:56,765 - exact_match_tst_reinflection_wlemma_TAGFINDER1_or_2: 0.159
2023-12-17 05:12:57,136 - TRN || epcloss: 0.2486
2023-12-17 05:12:57,137 -     || Q: 0.7197
2023-12-17 05:12:57,138 -     || KL: 0.1968
2023-12-17 05:12:57,139 -     || token_match: 0.910, exact_match: 0.172
2023-12-17 05:12:57,140 -     || unique taglist code: 1233
2023-12-17 05:12:57,140 - DEV || epcloss: 0.2035
2023-12-17 05:12:57,141 -     || Q: 0.7373
2023-12-17 05:12:57,142 -     || KL: 0.4436
2023-12-17 05:12:57,143 -     || token_match: 0.930, exact_match: 0.249
2023-12-17 05:12:57,144 -     || unique taglist code: 552
2023-12-17 05:12:57,145 -     || seen taglist code: 552
2023-12-17 05:12:57,247 -     || saved model
2023-12-17 05:12:57,250 - 
2023-12-17 05:12:57,251 - #epc: 41
2023-12-17 05:12:57,683 - epc:41, epc_KL:  1.000000
2023-12-17 05:20:22,455 - exact_match_tst_copy_acc: 0.039
2023-12-17 05:20:22,456 - exact_match_tst_reinflection_wlemma: 0.031
2023-12-17 05:20:22,457 - exact_match_tst_reinflection_wlemma_TAGFINDER1: 0.012
2023-12-17 05:20:22,458 - exact_match_tst_reinflection_wlemma_TAGFINDER1_or_2: 0.024
2023-12-17 05:20:22,841 - TRN || epcloss: 0.3950
2023-12-17 05:20:22,842 -     || Q: 0.8129
2023-12-17 05:20:22,843 -     || KL: 0.2918
2023-12-17 05:20:22,844 -     || token_match: 0.876, exact_match: 0.139
2023-12-17 05:20:22,845 -     || unique taglist code: 1261
2023-12-17 05:20:22,846 - DEV || epcloss: 0.7843
2023-12-17 05:20:22,847 -     || Q: 0.7560
2023-12-17 05:20:22,848 -     || KL: 0.7942
2023-12-17 05:20:22,849 -     || token_match: 0.800, exact_match: 0.027
2023-12-17 05:20:22,850 -     || unique taglist code: 463
2023-12-17 05:20:22,851 -     || seen taglist code: 463
2023-12-17 05:20:22,930 -     || saved model
2023-12-17 05:20:22,932 - 
2023-12-17 05:20:22,933 - #epc: 42
2023-12-17 05:20:23,377 - epc:42, epc_KL:  1.000000
2023-12-17 05:27:46,784 - exact_match_tst_copy_acc: 0.180
2023-12-17 05:27:46,786 - exact_match_tst_reinflection_wlemma: 0.095
2023-12-17 05:27:46,786 - exact_match_tst_reinflection_wlemma_TAGFINDER1: 0.057
2023-12-17 05:27:46,787 - exact_match_tst_reinflection_wlemma_TAGFINDER1_or_2: 0.094
2023-12-17 05:27:47,178 - TRN || epcloss: 0.4889
2023-12-17 05:27:47,179 -     || Q: 0.7534
2023-12-17 05:27:47,180 -     || KL: 0.2591
2023-12-17 05:27:47,181 -     || token_match: 0.836, exact_match: 0.058
2023-12-17 05:27:47,182 -     || unique taglist code: 1174
2023-12-17 05:27:47,183 - DEV || epcloss: 0.3155
2023-12-17 05:27:47,183 -     || Q: 0.7669
2023-12-17 05:27:47,184 -     || KL: 0.5414
2023-12-17 05:27:47,185 -     || token_match: 0.886, exact_match: 0.119
2023-12-17 05:27:47,186 -     || unique taglist code: 529
2023-12-17 05:27:47,187 -     || seen taglist code: 529
2023-12-17 05:27:47,280 -     || saved model
2023-12-17 05:27:47,282 - 
2023-12-17 05:27:47,283 - #epc: 43
2023-12-17 05:27:47,718 - epc:43, epc_KL:  1.000000
2023-12-17 05:35:06,343 - exact_match_tst_copy_acc: 0.038
2023-12-17 05:35:06,344 - exact_match_tst_reinflection_wlemma: 0.022
2023-12-17 05:35:06,345 - exact_match_tst_reinflection_wlemma_TAGFINDER1: 0.012
2023-12-17 05:35:06,345 - exact_match_tst_reinflection_wlemma_TAGFINDER1_or_2: 0.022
2023-12-17 05:35:06,709 - TRN || epcloss: 0.2921
2023-12-17 05:35:06,710 -     || Q: 0.8153
2023-12-17 05:35:06,711 -     || KL: 0.2067
2023-12-17 05:35:06,712 -     || token_match: 0.899, exact_match: 0.159
2023-12-17 05:35:06,713 -     || unique taglist code: 1216
2023-12-17 05:35:06,714 - DEV || epcloss: 0.6874
2023-12-17 05:35:06,714 -     || Q: 1.1099
2023-12-17 05:35:06,715 -     || KL: 0.9106
2023-12-17 05:35:06,716 -     || token_match: 0.787, exact_match: 0.019
2023-12-17 05:35:06,717 -     || unique taglist code: 428
2023-12-17 05:35:06,718 -     || seen taglist code: 428
2023-12-17 05:35:06,801 -     || saved model
2023-12-17 05:35:06,803 - 
2023-12-17 05:35:06,804 - #epc: 44
2023-12-17 05:35:07,242 - epc:44, epc_KL:  1.000000
2023-12-17 05:42:27,450 - exact_match_tst_copy_acc: 0.175
2023-12-17 05:42:27,452 - exact_match_tst_reinflection_wlemma: 0.088
2023-12-17 05:42:27,452 - exact_match_tst_reinflection_wlemma_TAGFINDER1: 0.047
2023-12-17 05:42:27,453 - exact_match_tst_reinflection_wlemma_TAGFINDER1_or_2: 0.082
2023-12-17 05:42:27,839 - TRN || epcloss: 0.4257
2023-12-17 05:42:27,841 -     || Q: 0.9115
2023-12-17 05:42:27,842 -     || KL: 0.2577
2023-12-17 05:42:27,843 -     || token_match: 0.854, exact_match: 0.053
2023-12-17 05:42:27,844 -     || unique taglist code: 1189
2023-12-17 05:42:27,845 - DEV || epcloss: 0.3295
2023-12-17 05:42:27,846 -     || Q: 0.8692
2023-12-17 05:42:27,847 -     || KL: 0.5479
2023-12-17 05:42:27,848 -     || token_match: 0.885, exact_match: 0.100
2023-12-17 05:42:27,849 -     || unique taglist code: 542
2023-12-17 05:42:27,850 -     || seen taglist code: 542
2023-12-17 05:42:27,931 -     || saved model
2023-12-17 05:42:27,933 - 
2023-12-17 05:42:27,934 - #epc: 45
2023-12-17 05:42:28,368 - epc:45, epc_KL:  1.000000
2023-12-17 05:49:50,504 - exact_match_tst_copy_acc: 0.001
2023-12-17 05:49:50,505 - exact_match_tst_reinflection_wlemma: 0.000
2023-12-17 05:49:50,506 - exact_match_tst_reinflection_wlemma_TAGFINDER1: 0.001
2023-12-17 05:49:50,507 - exact_match_tst_reinflection_wlemma_TAGFINDER1_or_2: 0.001
2023-12-17 05:49:50,775 - TRN || epcloss: 0.8610
2023-12-17 05:49:50,776 -     || Q: 1.3575
2023-12-17 05:49:50,777 -     || KL: 0.2820
2023-12-17 05:49:50,778 -     || token_match: 0.720, exact_match: 0.020
2023-12-17 05:49:50,779 -     || unique taglist code: 1245
2023-12-17 05:49:50,780 - DEV || epcloss: 0.8851
2023-12-17 05:49:50,781 -     || Q: 1.0509
2023-12-17 05:49:50,781 -     || KL: 0.4970
2023-12-17 05:49:50,782 -     || token_match: 0.702, exact_match: 0.001
2023-12-17 05:49:50,783 -     || unique taglist code: 170
2023-12-17 05:49:50,784 -     || seen taglist code: 170
2023-12-17 05:49:50,859 -     || saved model
2023-12-17 05:49:50,861 - 
2023-12-17 05:49:50,862 - #epc: 46
2023-12-17 05:49:51,293 - epc:46, epc_KL:  1.000000
2023-12-17 05:57:11,010 - exact_match_tst_copy_acc: 0.017
2023-12-17 05:57:11,011 - exact_match_tst_reinflection_wlemma: 0.005
2023-12-17 05:57:11,012 - exact_match_tst_reinflection_wlemma_TAGFINDER1: 0.006
2023-12-17 05:57:11,013 - exact_match_tst_reinflection_wlemma_TAGFINDER1_or_2: 0.007
2023-12-17 05:57:11,417 - TRN || epcloss: 0.7927
2023-12-17 05:57:11,418 -     || Q: 0.8450
2023-12-17 05:57:11,419 -     || KL: 0.1800
2023-12-17 05:57:11,420 -     || token_match: 0.732, exact_match: 0.003
2023-12-17 05:57:11,421 -     || unique taglist code: 993
2023-12-17 05:57:11,422 - DEV || epcloss: 0.6153
2023-12-17 05:57:11,423 -     || Q: 0.7711
2023-12-17 05:57:11,424 -     || KL: 0.3801
2023-12-17 05:57:11,425 -     || token_match: 0.786, exact_match: 0.008
2023-12-17 05:57:11,426 -     || unique taglist code: 313
2023-12-17 05:57:11,427 -     || seen taglist code: 313
2023-12-17 05:57:11,531 -     || saved model
2023-12-17 05:57:11,534 - 
2023-12-17 05:57:11,535 - #epc: 47
2023-12-17 05:57:11,961 - epc:47, epc_KL:  1.000000
2023-12-17 06:04:27,892 - exact_match_tst_copy_acc: 0.004
2023-12-17 06:04:27,893 - exact_match_tst_reinflection_wlemma: 0.003
2023-12-17 06:04:27,894 - exact_match_tst_reinflection_wlemma_TAGFINDER1: 0.003
2023-12-17 06:04:27,895 - exact_match_tst_reinflection_wlemma_TAGFINDER1_or_2: 0.003
2023-12-17 06:04:28,233 - TRN || epcloss: 0.7664
2023-12-17 06:04:28,234 -     || Q: 1.1101
2023-12-17 06:04:28,235 -     || KL: 0.2453
2023-12-17 06:04:28,236 -     || token_match: 0.744, exact_match: 0.004
2023-12-17 06:04:28,237 -     || unique taglist code: 1022
2023-12-17 06:04:28,238 - DEV || epcloss: 0.8544
2023-12-17 06:04:28,238 -     || Q: 0.9787
2023-12-17 06:04:28,239 -     || KL: 0.5945
2023-12-17 06:04:28,240 -     || token_match: 0.725, exact_match: 0.001
2023-12-17 06:04:28,241 -     || unique taglist code: 258
2023-12-17 06:04:28,242 -     || seen taglist code: 258
2023-12-17 06:04:28,322 -     || saved model
2023-12-17 06:04:28,324 - 
2023-12-17 06:04:28,325 - #epc: 48
2023-12-17 06:04:28,749 - epc:48, epc_KL:  1.000000
2023-12-17 06:11:49,882 - exact_match_tst_copy_acc: 0.001
2023-12-17 06:11:49,883 - exact_match_tst_reinflection_wlemma: 0.001
2023-12-17 06:11:49,884 - exact_match_tst_reinflection_wlemma_TAGFINDER1: 0.000
2023-12-17 06:11:49,885 - exact_match_tst_reinflection_wlemma_TAGFINDER1_or_2: 0.001
2023-12-17 06:11:50,182 - TRN || epcloss: 1.0067
2023-12-17 06:11:50,183 -     || Q: 1.0211
2023-12-17 06:11:50,184 -     || KL: 0.2508
2023-12-17 06:11:50,185 -     || token_match: 0.677, exact_match: 0.001
2023-12-17 06:11:50,186 -     || unique taglist code: 795
2023-12-17 06:11:50,187 - DEV || epcloss: 0.8727
2023-12-17 06:11:50,188 -     || Q: 0.9212
2023-12-17 06:11:50,189 -     || KL: 0.4188
2023-12-17 06:11:50,190 -     || token_match: 0.712, exact_match: 0.001
2023-12-17 06:11:50,191 -     || unique taglist code: 192
2023-12-17 06:11:50,192 -     || seen taglist code: 192
2023-12-17 06:11:50,283 -     || saved model
2023-12-17 06:11:50,286 - 
2023-12-17 06:11:50,287 - #epc: 49
2023-12-17 06:11:50,721 - epc:49, epc_KL:  1.000000
2023-12-17 06:19:12,452 - exact_match_tst_copy_acc: 0.021
2023-12-17 06:19:12,453 - exact_match_tst_reinflection_wlemma: 0.007
2023-12-17 06:19:12,454 - exact_match_tst_reinflection_wlemma_TAGFINDER1: 0.004
2023-12-17 06:19:12,455 - exact_match_tst_reinflection_wlemma_TAGFINDER1_or_2: 0.008
2023-12-17 06:19:12,864 - TRN || epcloss: 0.7336
2023-12-17 06:19:12,865 -     || Q: 0.8951
2023-12-17 06:19:12,866 -     || KL: 0.1677
2023-12-17 06:19:12,867 -     || token_match: 0.751, exact_match: 0.004
2023-12-17 06:19:12,867 -     || unique taglist code: 894
2023-12-17 06:19:12,868 - DEV || epcloss: 0.6012
2023-12-17 06:19:12,869 -     || Q: 1.0203
2023-12-17 06:19:12,870 -     || KL: 0.4236
2023-12-17 06:19:12,871 -     || token_match: 0.793, exact_match: 0.007
2023-12-17 06:19:12,871 -     || unique taglist code: 280
2023-12-17 06:19:12,872 -     || seen taglist code: 277
2023-12-17 06:19:12,960 -     || saved model
2023-12-17 06:19:12,962 - 
2023-12-17 06:19:12,963 - #epc: 50
2023-12-17 06:19:13,389 - epc:50, epc_KL:  1.000000
2023-12-17 06:26:29,066 - exact_match_tst_copy_acc: 0.068
2023-12-17 06:26:29,068 - exact_match_tst_reinflection_wlemma: 0.024
2023-12-17 06:26:29,069 - exact_match_tst_reinflection_wlemma_TAGFINDER1: 0.019
2023-12-17 06:26:29,069 - exact_match_tst_reinflection_wlemma_TAGFINDER1_or_2: 0.029
2023-12-17 06:26:29,383 - TRN || epcloss: 0.5194
2023-12-17 06:26:29,384 -     || Q: 0.7966
2023-12-17 06:26:29,385 -     || KL: 0.1681
2023-12-17 06:26:29,386 -     || token_match: 0.818, exact_match: 0.022
2023-12-17 06:26:29,386 -     || unique taglist code: 989
2023-12-17 06:26:29,387 - DEV || epcloss: 0.4259
2023-12-17 06:26:29,388 -     || Q: 0.7911
2023-12-17 06:26:29,389 -     || KL: 0.3884
2023-12-17 06:26:29,390 -     || token_match: 0.850, exact_match: 0.042
2023-12-17 06:26:29,391 -     || unique taglist code: 292
2023-12-17 06:26:29,392 -     || seen taglist code: 291
2023-12-17 06:26:29,478 -     || saved model
2023-12-17 06:26:29,480 - 
2023-12-17 06:26:29,481 - #epc: 51
2023-12-17 06:26:29,912 - epc:51, epc_KL:  1.000000
2023-12-17 06:33:53,461 - exact_match_tst_copy_acc: 0.000
2023-12-17 06:33:53,462 - exact_match_tst_reinflection_wlemma: 0.000
2023-12-17 06:33:53,463 - exact_match_tst_reinflection_wlemma_TAGFINDER1: 0.000
2023-12-17 06:33:53,464 - exact_match_tst_reinflection_wlemma_TAGFINDER1_or_2: 0.000
2023-12-17 06:33:54,558 - TRN || epcloss: 2.4591
2023-12-17 06:33:54,559 -     || Q: 1.8900
2023-12-17 06:33:54,560 -     || KL: 1.0109
2023-12-17 06:33:54,561 -     || token_match: 0.558, exact_match: 0.012
2023-12-17 06:33:54,562 -     || unique taglist code: 917
2023-12-17 06:33:54,562 - DEV || epcloss: 2.0639
2023-12-17 06:33:54,563 -     || Q: 1.0949
2023-12-17 06:33:54,564 -     || KL: 2.9725
2023-12-17 06:33:54,565 -     || token_match: 0.505, exact_match: 0.000
2023-12-17 06:33:54,566 -     || unique taglist code: 41
2023-12-17 06:33:54,567 -     || seen taglist code: 41
2023-12-17 06:33:54,652 -     || saved model
2023-12-17 06:33:54,655 - 
2023-12-17 06:33:54,657 - #epc: 52
2023-12-17 06:33:55,190 - epc:52, epc_KL:  1.000000
2023-12-17 06:41:24,322 - exact_match_tst_copy_acc: 0.001
2023-12-17 06:41:24,323 - exact_match_tst_reinflection_wlemma: 0.000
2023-12-17 06:41:24,324 - exact_match_tst_reinflection_wlemma_TAGFINDER1: 0.000
2023-12-17 06:41:24,325 - exact_match_tst_reinflection_wlemma_TAGFINDER1_or_2: 0.000
2023-12-17 06:41:25,737 - TRN || epcloss: 2.0411
2023-12-17 06:41:25,738 -     || Q: 0.8565
2023-12-17 06:41:25,739 -     || KL: 0.6958
2023-12-17 06:41:25,740 -     || token_match: 0.536, exact_match: 0.000
2023-12-17 06:41:25,741 -     || unique taglist code: 257
2023-12-17 06:41:25,742 - DEV || epcloss: 1.5648
2023-12-17 06:41:25,743 -     || Q: 0.7290
2023-12-17 06:41:25,744 -     || KL: 0.5096
2023-12-17 06:41:25,745 -     || token_match: 0.597, exact_match: 0.000
2023-12-17 06:41:25,746 -     || unique taglist code: 60
2023-12-17 06:41:25,746 -     || seen taglist code: 60
2023-12-17 06:41:25,827 -     || saved model
2023-12-17 06:41:25,829 - 
2023-12-17 06:41:25,830 - #epc: 53
2023-12-17 06:41:26,253 - epc:53, epc_KL:  1.000000
2023-12-17 06:49:16,949 - exact_match_tst_copy_acc: 0.007
2023-12-17 06:49:16,950 - exact_match_tst_reinflection_wlemma: 0.002
2023-12-17 06:49:16,951 - exact_match_tst_reinflection_wlemma_TAGFINDER1: 0.000
2023-12-17 06:49:16,952 - exact_match_tst_reinflection_wlemma_TAGFINDER1_or_2: 0.002
2023-12-17 06:49:17,670 - TRN || epcloss: 1.2453
2023-12-17 06:49:17,672 -     || Q: 0.8506
2023-12-17 06:49:17,673 -     || KL: 0.1923
2023-12-17 06:49:17,674 -     || token_match: 0.643, exact_match: 0.001
2023-12-17 06:49:17,675 -     || unique taglist code: 360
2023-12-17 06:49:17,676 - DEV || epcloss: 0.9988
2023-12-17 06:49:17,677 -     || Q: 1.0331
2023-12-17 06:49:17,679 -     || KL: 0.4053
2023-12-17 06:49:17,680 -     || token_match: 0.690, exact_match: 0.003
2023-12-17 06:49:17,681 -     || unique taglist code: 136
2023-12-17 06:49:17,682 -     || seen taglist code: 133
2023-12-17 06:49:17,759 -     || saved model
2023-12-17 06:49:17,762 - 
2023-12-17 06:49:17,763 - #epc: 54
2023-12-17 06:49:18,212 - epc:54, epc_KL:  1.000000
2023-12-17 06:56:36,745 - exact_match_tst_copy_acc: 0.044
2023-12-17 06:56:36,747 - exact_match_tst_reinflection_wlemma: 0.009
2023-12-17 06:56:36,748 - exact_match_tst_reinflection_wlemma_TAGFINDER1: 0.006
2023-12-17 06:56:36,749 - exact_match_tst_reinflection_wlemma_TAGFINDER1_or_2: 0.009
2023-12-17 06:56:37,003 - TRN || epcloss: 0.7204
2023-12-17 06:56:37,004 -     || Q: 1.1270
2023-12-17 06:56:37,005 -     || KL: 0.1822
2023-12-17 06:56:37,006 -     || token_match: 0.762, exact_match: 0.009
2023-12-17 06:56:37,007 -     || unique taglist code: 509
2023-12-17 06:56:37,008 - DEV || epcloss: 0.5379
2023-12-17 06:56:37,009 -     || Q: 1.1121
2023-12-17 06:56:37,010 -     || KL: 0.3992
2023-12-17 06:56:37,011 -     || token_match: 0.815, exact_match: 0.018
2023-12-17 06:56:37,012 -     || unique taglist code: 181
2023-12-17 06:56:37,013 -     || seen taglist code: 181
2023-12-17 06:56:37,105 -     || saved model
2023-12-17 06:56:37,107 - 
2023-12-17 06:56:37,108 - #epc: 55
2023-12-17 06:56:37,550 - epc:55, epc_KL:  1.000000
2023-12-17 07:03:58,849 - exact_match_tst_copy_acc: 0.019
2023-12-17 07:03:58,850 - exact_match_tst_reinflection_wlemma: 0.003
2023-12-17 07:03:58,851 - exact_match_tst_reinflection_wlemma_TAGFINDER1: 0.006
2023-12-17 07:03:58,852 - exact_match_tst_reinflection_wlemma_TAGFINDER1_or_2: 0.009
2023-12-17 07:03:59,105 - TRN || epcloss: 0.4575
2023-12-17 07:03:59,106 -     || Q: 1.1911
2023-12-17 07:03:59,107 -     || KL: 0.1897
2023-12-17 07:03:59,108 -     || token_match: 0.842, exact_match: 0.042
2023-12-17 07:03:59,108 -     || unique taglist code: 504
2023-12-17 07:03:59,109 - DEV || epcloss: 1.2857
2023-12-17 07:03:59,110 -     || Q: 2.6003
2023-12-17 07:03:59,111 -     || KL: 0.9777
2023-12-17 07:03:59,112 -     || token_match: 0.763, exact_match: 0.010
2023-12-17 07:03:59,113 -     || unique taglist code: 171
2023-12-17 07:03:59,114 -     || seen taglist code: 169
2023-12-17 07:03:59,192 -     || saved model
2023-12-17 07:03:59,194 - 
2023-12-17 07:03:59,194 - #epc: 56
2023-12-17 07:03:59,633 - epc:56, epc_KL:  1.000000
2023-12-17 07:11:18,911 - exact_match_tst_copy_acc: 0.176
2023-12-17 07:11:18,913 - exact_match_tst_reinflection_wlemma: 0.038
2023-12-17 07:11:18,914 - exact_match_tst_reinflection_wlemma_TAGFINDER1: 0.039
2023-12-17 07:11:18,915 - exact_match_tst_reinflection_wlemma_TAGFINDER1_or_2: 0.048
2023-12-17 07:11:19,172 - TRN || epcloss: 0.4120
2023-12-17 07:11:19,173 -     || Q: 1.2851
2023-12-17 07:11:19,173 -     || KL: 0.2221
2023-12-17 07:11:19,174 -     || token_match: 0.859, exact_match: 0.058
2023-12-17 07:11:19,175 -     || unique taglist code: 509
2023-12-17 07:11:19,176 - DEV || epcloss: 0.3186
2023-12-17 07:11:19,177 -     || Q: 1.1856
2023-12-17 07:11:19,178 -     || KL: 0.4194
2023-12-17 07:11:19,179 -     || token_match: 0.891, exact_match: 0.085
2023-12-17 07:11:19,179 -     || unique taglist code: 243
2023-12-17 07:11:19,180 -     || seen taglist code: 243
2023-12-17 07:11:19,253 -     || saved model
2023-12-17 07:11:19,255 - 
2023-12-17 07:11:19,256 - #epc: 57
2023-12-17 07:11:19,692 - epc:57, epc_KL:  1.000000
2023-12-17 07:18:39,463 - exact_match_tst_copy_acc: 0.261
2023-12-17 07:18:39,464 - exact_match_tst_reinflection_wlemma: 0.082
2023-12-17 07:18:39,465 - exact_match_tst_reinflection_wlemma_TAGFINDER1: 0.066
2023-12-17 07:18:39,466 - exact_match_tst_reinflection_wlemma_TAGFINDER1_or_2: 0.084
2023-12-17 07:18:39,611 - TRN || epcloss: 0.3128
2023-12-17 07:18:39,612 -     || Q: 1.1524
2023-12-17 07:18:39,613 -     || KL: 0.1986
2023-12-17 07:18:39,614 -     || token_match: 0.891, exact_match: 0.112
2023-12-17 07:18:39,615 -     || unique taglist code: 588
2023-12-17 07:18:39,616 - DEV || epcloss: 0.2418
2023-12-17 07:18:39,617 -     || Q: 1.0817
2023-12-17 07:18:39,618 -     || KL: 0.4276
2023-12-17 07:18:39,618 -     || token_match: 0.914, exact_match: 0.158
2023-12-17 07:18:39,619 -     || unique taglist code: 264
2023-12-17 07:18:39,620 -     || seen taglist code: 264
2023-12-17 07:18:39,724 -     || saved model
2023-12-17 07:18:39,726 - 
2023-12-17 07:18:39,727 - #epc: 58
2023-12-17 07:18:40,152 - epc:58, epc_KL:  1.000000
2023-12-17 07:25:56,440 - exact_match_tst_copy_acc: 0.492
2023-12-17 07:25:56,441 - exact_match_tst_reinflection_wlemma: 0.173
2023-12-17 07:25:56,442 - exact_match_tst_reinflection_wlemma_TAGFINDER1: 0.158
2023-12-17 07:25:56,443 - exact_match_tst_reinflection_wlemma_TAGFINDER1_or_2: 0.185
2023-12-17 07:25:56,674 - TRN || epcloss: 0.2279
2023-12-17 07:25:56,675 -     || Q: 1.0397
2023-12-17 07:25:56,676 -     || KL: 0.1922
2023-12-17 07:25:56,677 -     || token_match: 0.921, exact_match: 0.212
2023-12-17 07:25:56,678 -     || unique taglist code: 529
2023-12-17 07:25:56,679 - DEV || epcloss: 0.1675
2023-12-17 07:25:56,680 -     || Q: 1.0095
2023-12-17 07:25:56,681 -     || KL: 0.4215
2023-12-17 07:25:56,682 -     || token_match: 0.943, exact_match: 0.309
2023-12-17 07:25:56,682 -     || unique taglist code: 274
2023-12-17 07:25:56,683 -     || seen taglist code: 274
2023-12-17 07:25:56,733 -     || saved model
2023-12-17 07:25:56,735 - 
2023-12-17 07:25:56,736 - #epc: 59
2023-12-17 07:25:57,170 - epc:59, epc_KL:  1.000000
2023-12-17 07:33:10,229 - exact_match_tst_copy_acc: 0.068
2023-12-17 07:33:10,230 - exact_match_tst_reinflection_wlemma: 0.020
2023-12-17 07:33:10,231 - exact_match_tst_reinflection_wlemma_TAGFINDER1: 0.019
2023-12-17 07:33:10,232 - exact_match_tst_reinflection_wlemma_TAGFINDER1_or_2: 0.027
2023-12-17 07:33:10,447 - TRN || epcloss: 0.3061
2023-12-17 07:33:10,448 -     || Q: 1.1144
2023-12-17 07:33:10,448 -     || KL: 0.2361
2023-12-17 07:33:10,449 -     || token_match: 0.909, exact_match: 0.248
2023-12-17 07:33:10,450 -     || unique taglist code: 836
2023-12-17 07:33:10,451 - DEV || epcloss: 0.4218
2023-12-17 07:33:10,452 -     || Q: 1.2404
2023-12-17 07:33:10,453 -     || KL: 0.6489
2023-12-17 07:33:10,454 -     || token_match: 0.848, exact_match: 0.039
2023-12-17 07:33:10,454 -     || unique taglist code: 121
2023-12-17 07:33:10,455 -     || seen taglist code: 121
2023-12-17 07:33:10,536 -     || saved model
2023-12-17 07:33:10,538 - 
2023-12-17 07:33:10,540 - #epc: 60
2023-12-17 07:33:10,979 - epc:60, epc_KL:  1.000000
2023-12-17 07:40:30,288 - exact_match_tst_copy_acc: 0.122
2023-12-17 07:40:30,289 - exact_match_tst_reinflection_wlemma: 0.032
2023-12-17 07:40:30,290 - exact_match_tst_reinflection_wlemma_TAGFINDER1: 0.030
2023-12-17 07:40:30,291 - exact_match_tst_reinflection_wlemma_TAGFINDER1_or_2: 0.040
2023-12-17 07:40:30,566 - TRN || epcloss: 0.3936
2023-12-17 07:40:30,567 -     || Q: 1.1995
2023-12-17 07:40:30,568 -     || KL: 0.2746
2023-12-17 07:40:30,569 -     || token_match: 0.871, exact_match: 0.083
2023-12-17 07:40:30,570 -     || unique taglist code: 730
2023-12-17 07:40:30,571 - DEV || epcloss: 0.3795
2023-12-17 07:40:30,572 -     || Q: 1.2510
2023-12-17 07:40:30,572 -     || KL: 0.6622
2023-12-17 07:40:30,573 -     || token_match: 0.880, exact_match: 0.068
2023-12-17 07:40:30,574 -     || unique taglist code: 170
2023-12-17 07:40:30,575 -     || seen taglist code: 170
2023-12-17 07:40:30,659 -     || saved model
2023-12-17 07:40:30,661 - 
2023-12-17 07:40:30,662 - #epc: 61
2023-12-17 07:40:31,116 - epc:61, epc_KL:  1.000000
2023-12-17 07:47:46,464 - exact_match_tst_copy_acc: 0.476
2023-12-17 07:47:46,466 - exact_match_tst_reinflection_wlemma: 0.110
2023-12-17 07:47:46,466 - exact_match_tst_reinflection_wlemma_TAGFINDER1: 0.095
2023-12-17 07:47:46,467 - exact_match_tst_reinflection_wlemma_TAGFINDER1_or_2: 0.120
2023-12-17 07:47:46,658 - TRN || epcloss: 0.2632
2023-12-17 07:47:46,659 -     || Q: 1.0558
2023-12-17 07:47:46,660 -     || KL: 0.2228
2023-12-17 07:47:46,661 -     || token_match: 0.909, exact_match: 0.167
2023-12-17 07:47:46,662 -     || unique taglist code: 597
2023-12-17 07:47:46,663 - DEV || epcloss: 0.1715
2023-12-17 07:47:46,664 -     || Q: 0.9262
2023-12-17 07:47:46,664 -     || KL: 0.4340
2023-12-17 07:47:46,665 -     || token_match: 0.941, exact_match: 0.304
2023-12-17 07:47:46,666 -     || unique taglist code: 298
2023-12-17 07:47:46,667 -     || seen taglist code: 298
2023-12-17 07:47:46,757 -     || saved model
2023-12-17 07:47:46,760 - 
2023-12-17 07:47:46,761 - #epc: 62
2023-12-17 07:47:47,204 - epc:62, epc_KL:  1.000000
2023-12-17 07:55:04,249 - exact_match_tst_copy_acc: 0.692
2023-12-17 07:55:04,250 - exact_match_tst_reinflection_wlemma: 0.198
2023-12-17 07:55:04,251 - exact_match_tst_reinflection_wlemma_TAGFINDER1: 0.181
2023-12-17 07:55:04,252 - exact_match_tst_reinflection_wlemma_TAGFINDER1_or_2: 0.210
2023-12-17 07:55:04,455 - TRN || epcloss: 0.1583
2023-12-17 07:55:04,456 -     || Q: 0.8271
2023-12-17 07:55:04,457 -     || KL: 0.1935
2023-12-17 07:55:04,458 -     || token_match: 0.947, exact_match: 0.360
2023-12-17 07:55:04,459 -     || unique taglist code: 560
2023-12-17 07:55:04,460 - DEV || epcloss: 0.1175
2023-12-17 07:55:04,461 -     || Q: 0.7884
2023-12-17 07:55:04,462 -     || KL: 0.4199
2023-12-17 07:55:04,463 -     || token_match: 0.961, exact_match: 0.464
2023-12-17 07:55:04,463 -     || unique taglist code: 289
2023-12-17 07:55:04,464 -     || seen taglist code: 289
2023-12-17 07:55:04,509 -     || saved model
2023-12-17 07:55:04,511 - 
2023-12-17 07:55:04,512 - #epc: 63
2023-12-17 07:55:04,945 - epc:63, epc_KL:  1.000000
2023-12-17 08:02:20,078 - exact_match_tst_copy_acc: 0.741
2023-12-17 08:02:20,079 - exact_match_tst_reinflection_wlemma: 0.254
2023-12-17 08:02:20,080 - exact_match_tst_reinflection_wlemma_TAGFINDER1: 0.239
2023-12-17 08:02:20,081 - exact_match_tst_reinflection_wlemma_TAGFINDER1_or_2: 0.254
2023-12-17 08:02:20,287 - TRN || epcloss: 0.1181
2023-12-17 08:02:20,288 -     || Q: 0.7232
2023-12-17 08:02:20,289 -     || KL: 0.1888
2023-12-17 08:02:20,290 -     || token_match: 0.961, exact_match: 0.476
2023-12-17 08:02:20,291 -     || unique taglist code: 576
2023-12-17 08:02:20,292 - DEV || epcloss: 0.0977
2023-12-17 08:02:20,293 -     || Q: 0.6601
2023-12-17 08:02:20,294 -     || KL: 0.3934
2023-12-17 08:02:20,295 -     || token_match: 0.968, exact_match: 0.528
2023-12-17 08:02:20,296 -     || unique taglist code: 294
2023-12-17 08:02:20,297 -     || seen taglist code: 293
2023-12-17 08:02:20,346 -     || saved model
2023-12-17 08:02:20,349 - 
2023-12-17 08:02:20,350 - #epc: 64
2023-12-17 08:02:20,775 - epc:64, epc_KL:  1.000000
2023-12-17 08:09:39,127 - exact_match_tst_copy_acc: 0.768
2023-12-17 08:09:39,129 - exact_match_tst_reinflection_wlemma: 0.272
2023-12-17 08:09:39,130 - exact_match_tst_reinflection_wlemma_TAGFINDER1: 0.258
2023-12-17 08:09:39,130 - exact_match_tst_reinflection_wlemma_TAGFINDER1_or_2: 0.277
2023-12-17 08:09:39,354 - TRN || epcloss: 0.0959
2023-12-17 08:09:39,355 -     || Q: 0.6510
2023-12-17 08:09:39,356 -     || KL: 0.1843
2023-12-17 08:09:39,357 -     || token_match: 0.969, exact_match: 0.558
2023-12-17 08:09:39,358 -     || unique taglist code: 649
2023-12-17 08:09:39,359 - DEV || epcloss: 0.0934
2023-12-17 08:09:39,360 -     || Q: 0.6432
2023-12-17 08:09:39,361 -     || KL: 0.3891
2023-12-17 08:09:39,361 -     || token_match: 0.969, exact_match: 0.539
2023-12-17 08:09:39,362 -     || unique taglist code: 316
2023-12-17 08:09:39,363 -     || seen taglist code: 316
2023-12-17 08:09:39,415 -     || saved model
2023-12-17 08:09:39,418 - 
2023-12-17 08:09:39,419 - #epc: 65
2023-12-17 08:09:39,837 - epc:65, epc_KL:  1.000000
2023-12-17 08:17:01,493 - exact_match_tst_copy_acc: 0.849
2023-12-17 08:17:01,495 - exact_match_tst_reinflection_wlemma: 0.304
2023-12-17 08:17:01,496 - exact_match_tst_reinflection_wlemma_TAGFINDER1: 0.290
2023-12-17 08:17:01,497 - exact_match_tst_reinflection_wlemma_TAGFINDER1_or_2: 0.307
2023-12-17 08:17:01,751 - TRN || epcloss: 0.0832
2023-12-17 08:17:01,752 -     || Q: 0.6116
2023-12-17 08:17:01,754 -     || KL: 0.1816
2023-12-17 08:17:01,755 -     || token_match: 0.973, exact_match: 0.604
2023-12-17 08:17:01,756 -     || unique taglist code: 678
2023-12-17 08:17:01,757 - DEV || epcloss: 0.0774
2023-12-17 08:17:01,758 -     || Q: 0.5913
2023-12-17 08:17:01,759 -     || KL: 0.3856
2023-12-17 08:17:01,760 -     || token_match: 0.976, exact_match: 0.618
2023-12-17 08:17:01,761 -     || unique taglist code: 327
2023-12-17 08:17:01,762 -     || seen taglist code: 326
2023-12-17 08:17:01,814 -     || saved model
2023-12-17 08:17:01,816 - 
2023-12-17 08:17:01,818 - #epc: 66
2023-12-17 08:17:02,261 - epc:66, epc_KL:  1.000000
2023-12-17 08:24:20,103 - exact_match_tst_copy_acc: 0.882
2023-12-17 08:24:20,104 - exact_match_tst_reinflection_wlemma: 0.308
2023-12-17 08:24:20,105 - exact_match_tst_reinflection_wlemma_TAGFINDER1: 0.302
2023-12-17 08:24:20,106 - exact_match_tst_reinflection_wlemma_TAGFINDER1_or_2: 0.313
2023-12-17 08:24:20,346 - TRN || epcloss: 0.0775
2023-12-17 08:24:20,347 -     || Q: 0.5823
2023-12-17 08:24:20,348 -     || KL: 0.1805
2023-12-17 08:24:20,349 -     || token_match: 0.975, exact_match: 0.631
2023-12-17 08:24:20,349 -     || unique taglist code: 751
2023-12-17 08:24:20,350 - DEV || epcloss: 0.0676
2023-12-17 08:24:20,351 -     || Q: 0.5377
2023-12-17 08:24:20,352 -     || KL: 0.3862
2023-12-17 08:24:20,352 -     || token_match: 0.978, exact_match: 0.654
2023-12-17 08:24:20,353 -     || unique taglist code: 330
2023-12-17 08:24:20,354 -     || seen taglist code: 330
2023-12-17 08:24:20,396 -     || saved model
2023-12-17 08:24:20,398 - 
2023-12-17 08:24:20,399 - #epc: 67
2023-12-17 08:24:20,886 - epc:67, epc_KL:  1.000000
2023-12-17 08:31:41,641 - exact_match_tst_copy_acc: 0.905
2023-12-17 08:31:41,642 - exact_match_tst_reinflection_wlemma: 0.329
2023-12-17 08:31:41,643 - exact_match_tst_reinflection_wlemma_TAGFINDER1: 0.321
2023-12-17 08:31:41,644 - exact_match_tst_reinflection_wlemma_TAGFINDER1_or_2: 0.334
2023-12-17 08:31:41,895 - TRN || epcloss: 0.0701
2023-12-17 08:31:41,896 -     || Q: 0.5509
2023-12-17 08:31:41,897 -     || KL: 0.1784
2023-12-17 08:31:41,898 -     || token_match: 0.978, exact_match: 0.659
2023-12-17 08:31:41,899 -     || unique taglist code: 784
2023-12-17 08:31:41,900 - DEV || epcloss: 0.0611
2023-12-17 08:31:41,901 -     || Q: 0.5496
2023-12-17 08:31:41,902 -     || KL: 0.3814
2023-12-17 08:31:41,903 -     || token_match: 0.981, exact_match: 0.696
2023-12-17 08:31:41,904 -     || unique taglist code: 345
2023-12-17 08:31:41,904 -     || seen taglist code: 344
2023-12-17 08:31:41,954 -     || saved model
2023-12-17 08:31:41,956 - 
2023-12-17 08:31:41,957 - #epc: 68
2023-12-17 08:31:42,392 - epc:68, epc_KL:  1.000000
2023-12-17 08:39:00,621 - exact_match_tst_copy_acc: 0.903
2023-12-17 08:39:00,622 - exact_match_tst_reinflection_wlemma: 0.332
2023-12-17 08:39:00,623 - exact_match_tst_reinflection_wlemma_TAGFINDER1: 0.328
2023-12-17 08:39:00,624 - exact_match_tst_reinflection_wlemma_TAGFINDER1_or_2: 0.334
2023-12-17 08:39:00,834 - TRN || epcloss: 0.0648
2023-12-17 08:39:00,836 -     || Q: 0.5142
2023-12-17 08:39:00,837 -     || KL: 0.1775
2023-12-17 08:39:00,838 -     || token_match: 0.980, exact_match: 0.682
2023-12-17 08:39:00,838 -     || unique taglist code: 856
2023-12-17 08:39:00,839 - DEV || epcloss: 0.0572
2023-12-17 08:39:00,840 -     || Q: 0.5024
2023-12-17 08:39:00,841 -     || KL: 0.3741
2023-12-17 08:39:00,842 -     || token_match: 0.981, exact_match: 0.692
2023-12-17 08:39:00,843 -     || unique taglist code: 361
2023-12-17 08:39:00,844 -     || seen taglist code: 361
2023-12-17 08:39:00,895 -     || saved model
2023-12-17 08:39:00,897 - 
2023-12-17 08:39:00,898 - #epc: 69
2023-12-17 08:39:01,324 - epc:69, epc_KL:  1.000000
2023-12-17 08:46:20,976 - exact_match_tst_copy_acc: 0.920
2023-12-17 08:46:20,977 - exact_match_tst_reinflection_wlemma: 0.353
2023-12-17 08:46:20,978 - exact_match_tst_reinflection_wlemma_TAGFINDER1: 0.340
2023-12-17 08:46:20,979 - exact_match_tst_reinflection_wlemma_TAGFINDER1_or_2: 0.358
2023-12-17 08:46:21,220 - TRN || epcloss: 0.0624
2023-12-17 08:46:21,221 -     || Q: 0.5096
2023-12-17 08:46:21,222 -     || KL: 0.1754
2023-12-17 08:46:21,223 -     || token_match: 0.981, exact_match: 0.693
2023-12-17 08:46:21,224 -     || unique taglist code: 963
2023-12-17 08:46:21,225 - DEV || epcloss: 0.0551
2023-12-17 08:46:21,226 -     || Q: 0.5104
2023-12-17 08:46:21,227 -     || KL: 0.3690
2023-12-17 08:46:21,228 -     || token_match: 0.983, exact_match: 0.717
2023-12-17 08:46:21,228 -     || unique taglist code: 407
2023-12-17 08:46:21,229 -     || seen taglist code: 407
2023-12-17 08:46:21,274 -     || saved model
2023-12-17 08:46:21,276 - 
2023-12-17 08:46:21,277 - #epc: 70
2023-12-17 08:46:21,720 - epc:70, epc_KL:  1.000000
2023-12-17 08:53:41,356 - exact_match_tst_copy_acc: 0.926
2023-12-17 08:53:41,358 - exact_match_tst_reinflection_wlemma: 0.371
2023-12-17 08:53:41,359 - exact_match_tst_reinflection_wlemma_TAGFINDER1: 0.365
2023-12-17 08:53:41,359 - exact_match_tst_reinflection_wlemma_TAGFINDER1_or_2: 0.378
2023-12-17 08:53:41,607 - TRN || epcloss: 0.0572
2023-12-17 08:53:41,608 -     || Q: 0.4825
2023-12-17 08:53:41,609 -     || KL: 0.1735
2023-12-17 08:53:41,610 -     || token_match: 0.982, exact_match: 0.717
2023-12-17 08:53:41,611 -     || unique taglist code: 982
2023-12-17 08:53:41,612 - DEV || epcloss: 0.0532
2023-12-17 08:53:41,613 -     || Q: 0.4858
2023-12-17 08:53:41,614 -     || KL: 0.3661
2023-12-17 08:53:41,615 -     || token_match: 0.984, exact_match: 0.732
2023-12-17 08:53:41,616 -     || unique taglist code: 429
2023-12-17 08:53:41,617 -     || seen taglist code: 428
2023-12-17 08:53:41,669 -     || saved model
2023-12-17 08:53:41,671 - 
2023-12-17 08:53:41,672 - #epc: 71
2023-12-17 08:53:42,107 - epc:71, epc_KL:  1.000000
2023-12-17 09:01:01,905 - exact_match_tst_copy_acc: 0.945
2023-12-17 09:01:01,906 - exact_match_tst_reinflection_wlemma: 0.371
2023-12-17 09:01:01,906 - exact_match_tst_reinflection_wlemma_TAGFINDER1: 0.369
2023-12-17 09:01:01,907 - exact_match_tst_reinflection_wlemma_TAGFINDER1_or_2: 0.375
2023-12-17 09:01:02,139 - TRN || epcloss: 0.0547
2023-12-17 09:01:02,140 -     || Q: 0.4658
2023-12-17 09:01:02,141 -     || KL: 0.1717
2023-12-17 09:01:02,142 -     || token_match: 0.983, exact_match: 0.727
2023-12-17 09:01:02,143 -     || unique taglist code: 979
2023-12-17 09:01:02,144 - DEV || epcloss: 0.0449
2023-12-17 09:01:02,145 -     || Q: 0.4772
2023-12-17 09:01:02,145 -     || KL: 0.3661
2023-12-17 09:01:02,146 -     || token_match: 0.986, exact_match: 0.758
2023-12-17 09:01:02,147 -     || unique taglist code: 408
2023-12-17 09:01:02,148 -     || seen taglist code: 408
2023-12-17 09:01:02,196 -     || saved model
2023-12-17 09:01:02,198 - 
2023-12-17 09:01:02,199 - #epc: 72
2023-12-17 09:01:02,638 - epc:72, epc_KL:  1.000000
2023-12-17 09:08:24,711 - exact_match_tst_copy_acc: 0.937
2023-12-17 09:08:24,712 - exact_match_tst_reinflection_wlemma: 0.387
2023-12-17 09:08:24,713 - exact_match_tst_reinflection_wlemma_TAGFINDER1: 0.382
2023-12-17 09:08:24,714 - exact_match_tst_reinflection_wlemma_TAGFINDER1_or_2: 0.393
2023-12-17 09:08:24,964 - TRN || epcloss: 0.0525
2023-12-17 09:08:24,965 -     || Q: 0.4591
2023-12-17 09:08:24,966 -     || KL: 0.1700
2023-12-17 09:08:24,966 -     || token_match: 0.984, exact_match: 0.739
2023-12-17 09:08:24,967 -     || unique taglist code: 956
2023-12-17 09:08:24,968 - DEV || epcloss: 0.0520
2023-12-17 09:08:24,969 -     || Q: 0.5320
2023-12-17 09:08:24,970 -     || KL: 0.3642
2023-12-17 09:08:24,971 -     || token_match: 0.984, exact_match: 0.737
2023-12-17 09:08:24,972 -     || unique taglist code: 390
2023-12-17 09:08:24,973 -     || seen taglist code: 390
2023-12-17 09:08:25,026 -     || saved model
2023-12-17 09:08:25,028 - 
2023-12-17 09:08:25,029 - #epc: 73
2023-12-17 09:08:25,472 - epc:73, epc_KL:  1.000000
2023-12-17 09:15:48,290 - exact_match_tst_copy_acc: 0.889
2023-12-17 09:15:48,291 - exact_match_tst_reinflection_wlemma: 0.387
2023-12-17 09:15:48,292 - exact_match_tst_reinflection_wlemma_TAGFINDER1: 0.367
2023-12-17 09:15:48,293 - exact_match_tst_reinflection_wlemma_TAGFINDER1_or_2: 0.395
2023-12-17 09:15:48,581 - TRN || epcloss: 0.0514
2023-12-17 09:15:48,582 -     || Q: 0.4617
2023-12-17 09:15:48,583 -     || KL: 0.1688
2023-12-17 09:15:48,584 -     || token_match: 0.984, exact_match: 0.743
2023-12-17 09:15:48,585 -     || unique taglist code: 892
2023-12-17 09:15:48,586 - DEV || epcloss: 0.0703
2023-12-17 09:15:48,587 -     || Q: 0.5643
2023-12-17 09:15:48,588 -     || KL: 0.3580
2023-12-17 09:15:48,588 -     || token_match: 0.980, exact_match: 0.684
2023-12-17 09:15:48,589 -     || unique taglist code: 381
2023-12-17 09:15:48,590 -     || seen taglist code: 381
2023-12-17 09:15:48,643 -     || saved model
2023-12-17 09:15:48,646 - 
2023-12-17 09:15:48,647 - #epc: 74
2023-12-17 09:15:49,091 - epc:74, epc_KL:  1.000000
2023-12-17 09:23:13,464 - exact_match_tst_copy_acc: 0.968
2023-12-17 09:23:13,465 - exact_match_tst_reinflection_wlemma: 0.443
2023-12-17 09:23:13,466 - exact_match_tst_reinflection_wlemma_TAGFINDER1: 0.432
2023-12-17 09:23:13,467 - exact_match_tst_reinflection_wlemma_TAGFINDER1_or_2: 0.445
2023-12-17 09:23:13,728 - TRN || epcloss: 0.0488
2023-12-17 09:23:13,730 -     || Q: 0.4272
2023-12-17 09:23:13,731 -     || KL: 0.1676
2023-12-17 09:23:13,732 -     || token_match: 0.985, exact_match: 0.755
2023-12-17 09:23:13,732 -     || unique taglist code: 886
2023-12-17 09:23:13,733 - DEV || epcloss: 0.0425
2023-12-17 09:23:13,734 -     || Q: 0.4164
2023-12-17 09:23:13,735 -     || KL: 0.3538
2023-12-17 09:23:13,736 -     || token_match: 0.987, exact_match: 0.775
2023-12-17 09:23:13,737 -     || unique taglist code: 396
2023-12-17 09:23:13,738 -     || seen taglist code: 396
2023-12-17 09:23:13,784 -     || saved model
2023-12-17 09:23:13,786 - Training is over, saved model with best dev exact match: 1.000 (epc 1)
2023-12-17 09:23:13,787 - Training is over, most used trncode at 31, most used devcode at 24 
