2023-11-14 22:54:36,972 - trnsize: 256000
2023-11-14 22:54:36,978 - devsize: 799
2023-11-14 22:54:36,979 - tstsize: 1446
2023-11-14 22:54:38,457 - Trn unique tgts: 256000
2023-11-14 22:54:38,458 - Trn unique lemmas: 588
2023-11-14 22:54:38,458 - Trn unique taglists: 840
2023-11-14 22:54:38,459 - Dev unique tgts: 799
2023-11-14 22:54:38,460 - Dev unique lemmas: 443
2023-11-14 22:54:38,460 - Dev unique taglists: 352
2023-11-14 22:54:38,461 - Tst unique tgts: 1446
2023-11-14 22:54:38,461 - Tst unique lemmas: 536
2023-11-14 22:54:38,462 - Tst unique taglists: 616
2023-11-14 22:54:38,462 - seen_dev_tgt: 0
2023-11-14 22:54:38,463 - seen_dev_lemma: 799
2023-11-14 22:54:38,463 - seen_dev_taglist: 799
2023-11-14 22:54:38,464 - seen_tst_tgt: 1
2023-11-14 22:54:38,465 - seen_tst_lemma: 1446
2023-11-14 22:54:38,465 - seen_tst_taglist: 1446
2023-11-14 22:54:50,739 - trnID: tur_mergedstdata_VERBS_256k_z128_dec_nh300_kl0.0_epc10_start5_dec_dropout0.2_input_emb_dim64_batchsize64
2023-11-14 22:54:50,740 - batchsize: 64
2023-11-14 22:54:50,740 - epochs: 200
2023-11-14 22:54:50,741 - lr: 0.00050
2023-11-14 22:54:50,742 - KL_WEIGHT: 0.00000
2023-11-14 22:54:50,742 - opt: Adam (
Parameter Group 0
    amsgrad: False
    betas: (0.5, 0.999)
    capturable: False
    eps: 1e-08
    foreach: None
    lr: 0.0005
    maximize: False
    weight_decay: 0
)
2023-11-14 22:54:50,743 - VQVAE(
  (encoder): Encoder_GRU_VQVAE(
    (layers): ModuleList(
      (0): Embedding(39, 64)
      (1): Dropout(p=0.0, inplace=False)
      (2): GRU(64, 256, batch_first=True, bidirectional=True)
    )
  )
  (z_linears): ModuleList(
    (0): Linear(in_features=512, out_features=128, bias=True)
    (1): Linear(in_features=512, out_features=128, bias=True)
    (2): Linear(in_features=512, out_features=128, bias=True)
    (3): Linear(in_features=512, out_features=128, bias=True)
    (4): Linear(in_features=512, out_features=128, bias=True)
    (5): Linear(in_features=512, out_features=128, bias=True)
    (6): Linear(in_features=512, out_features=128, bias=True)
    (7): Linear(in_features=512, out_features=128, bias=True)
    (8): Linear(in_features=512, out_features=128, bias=True)
    (9): Linear(in_features=512, out_features=128, bias=True)
    (10): Linear(in_features=512, out_features=128, bias=True)
  )
  (quantizers): ModuleList(
    (0): Quantizer(
      (embeddings): Embedding(3, 128)
    )
    (1): Quantizer(
      (embeddings): Embedding(4, 128)
    )
    (2): Quantizer(
      (embeddings): Embedding(5, 128)
    )
    (3): Quantizer(
      (embeddings): Embedding(4, 128)
    )
    (4): Quantizer(
      (embeddings): Embedding(5, 128)
    )
    (5): Quantizer(
      (embeddings): Embedding(3, 128)
    )
    (6): Quantizer(
      (embeddings): Embedding(5, 128)
    )
    (7): Quantizer(
      (embeddings): Embedding(8, 128)
    )
    (8): Quantizer(
      (embeddings): Embedding(3, 128)
    )
    (9): Quantizer(
      (embeddings): Embedding(5, 128)
    )
    (10): Quantizer(
      (embeddings): Embedding(3, 128)
    )
  )
  (z_lemma_mu): Linear(in_features=512, out_features=128, bias=True)
  (z_lemma_logvar): Linear(in_features=512, out_features=128, bias=True)
  (up_from_z_layer): Linear(in_features=128, out_features=300, bias=True)
  (decoder): Decoder_GRU_VQVAE(
    (layers): ModuleList(
      (0): Embedding(39, 64)
      (1): Dropout(p=0.2, inplace=False)
      (2): GRU(320, 300, batch_first=True)
      (3): Linear(in_features=300, out_features=39, bias=True)
    )
    (loss): CrossEntropyLoss()
  )
)
2023-11-14 22:54:50,985 - trnsize: 256000
2023-11-14 22:54:50,986 - devsize: 799
2023-11-14 22:54:50,987 - 
2023-11-14 22:54:50,987 - #epc: 0
2023-11-14 22:54:50,990 - epc:0, epc_KL:  0.000000
2023-11-14 22:56:33,849 - exact_match_tst_dictsupervised_wlemma: 0.000
2023-11-14 22:56:33,851 - TRN || epcloss: 0.3345
2023-11-14 22:56:33,852 -     || Q: 0.4336
2023-11-14 22:56:33,853 -     || KL: 3.7713
2023-11-14 22:56:33,853 -     || token_match: 0.906, exact_match: 0.494
2023-11-14 22:56:33,854 - DEV || epcloss: 0.1243
2023-11-14 22:56:33,856 -     || Q: 0.1988
2023-11-14 22:56:33,856 -     || KL: 10.9312
2023-11-14 22:56:33,858 -     || token_match: 0.966, exact_match: 0.702
2023-11-14 22:56:33,858 -     || BEST exact match (teacher forcing): 0.702
2023-11-14 22:56:33,860 - 
2023-11-14 22:56:33,861 - #epc: 1
2023-11-14 22:56:34,427 - epc:1, epc_KL:  0.000000
2023-11-14 22:58:17,769 - exact_match_tst_dictsupervised_wlemma: 0.000
2023-11-14 22:58:17,770 - TRN || epcloss: 0.0357
2023-11-14 22:58:17,771 -     || Q: 0.1365
2023-11-14 22:58:17,772 -     || KL: 4.5157
2023-11-14 22:58:17,772 -     || token_match: 0.991, exact_match: 0.892
2023-11-14 22:58:17,773 - DEV || epcloss: 0.0741
2023-11-14 22:58:17,774 -     || Q: 0.0947
2023-11-14 22:58:17,775 -     || KL: 11.3840
2023-11-14 22:58:17,775 -     || token_match: 0.979, exact_match: 0.807
2023-11-14 22:58:17,776 -     || BEST exact match (teacher forcing): 0.807
2023-11-14 22:58:17,777 - 
2023-11-14 22:58:17,778 - #epc: 2
2023-11-14 22:58:18,286 - epc:2, epc_KL:  0.000000
2023-11-14 23:00:01,879 - exact_match_tst_dictsupervised_wlemma: 0.010
2023-11-14 23:00:01,880 - TRN || epcloss: 0.0189
2023-11-14 23:00:01,881 -     || Q: 0.0843
2023-11-14 23:00:01,882 -     || KL: 4.6719
2023-11-14 23:00:01,882 -     || token_match: 0.995, exact_match: 0.940
2023-11-14 23:00:01,883 - DEV || epcloss: 0.0542
2023-11-14 23:00:01,884 -     || Q: 0.0641
2023-11-14 23:00:01,884 -     || KL: 12.1263
2023-11-14 23:00:01,885 -     || token_match: 0.984, exact_match: 0.830
2023-11-14 23:00:01,886 -     || BEST exact match (teacher forcing): 0.830
2023-11-14 23:00:01,887 - 
2023-11-14 23:00:01,888 - #epc: 3
2023-11-14 23:00:02,412 - epc:3, epc_KL:  0.000000
2023-11-14 23:01:46,234 - exact_match_tst_dictsupervised_wlemma: 0.020
2023-11-14 23:01:46,235 - TRN || epcloss: 0.0182
2023-11-14 23:01:46,236 -     || Q: 0.0703
2023-11-14 23:01:46,237 -     || KL: 4.6451
2023-11-14 23:01:46,237 -     || token_match: 0.995, exact_match: 0.937
2023-11-14 23:01:46,238 - DEV || epcloss: 0.0373
2023-11-14 23:01:46,239 -     || Q: 0.0478
2023-11-14 23:01:46,239 -     || KL: 12.9600
2023-11-14 23:01:46,240 -     || token_match: 0.987, exact_match: 0.859
2023-11-14 23:01:46,240 -     || BEST exact match (teacher forcing): 0.859
2023-11-14 23:01:46,242 - 
2023-11-14 23:01:46,242 - #epc: 4
2023-11-14 23:01:46,733 - epc:4, epc_KL:  0.000000
2023-11-14 23:03:31,244 - exact_match_tst_dictsupervised_wlemma: 0.007
2023-11-14 23:03:31,245 - TRN || epcloss: 0.0096
2023-11-14 23:03:31,246 -     || Q: 0.0466
2023-11-14 23:03:31,247 -     || KL: 4.8695
2023-11-14 23:03:31,247 -     || token_match: 0.997, exact_match: 0.961
2023-11-14 23:03:31,248 - DEV || epcloss: 0.0211
2023-11-14 23:03:31,249 -     || Q: 0.0276
2023-11-14 23:03:31,250 -     || KL: 13.2699
2023-11-14 23:03:31,250 -     || token_match: 0.992, exact_match: 0.907
2023-11-14 23:03:31,251 -     || BEST exact match (teacher forcing): 0.907
2023-11-14 23:03:31,253 - 
2023-11-14 23:03:31,254 - #epc: 5
2023-11-14 23:03:31,768 - epc:5, epc_KL:  0.000000
2023-11-14 23:05:16,283 - exact_match_tst_dictsupervised_wlemma: 0.037
2023-11-14 23:05:16,284 - TRN || epcloss: 0.0169
2023-11-14 23:05:16,285 -     || Q: 0.0478
2023-11-14 23:05:16,286 -     || KL: 4.7218
2023-11-14 23:05:16,286 -     || token_match: 0.996, exact_match: 0.942
2023-11-14 23:05:16,287 - DEV || epcloss: 0.0245
2023-11-14 23:05:16,287 -     || Q: 0.0445
2023-11-14 23:05:16,288 -     || KL: 13.0143
2023-11-14 23:05:16,289 -     || token_match: 0.991, exact_match: 0.896
2023-11-14 23:05:16,290 - 
2023-11-14 23:05:16,291 - #epc: 6
2023-11-14 23:05:16,773 - epc:6, epc_KL:  0.000000
2023-11-14 23:07:01,389 - exact_match_tst_dictsupervised_wlemma: 0.007
2023-11-14 23:07:01,390 - TRN || epcloss: 0.0057
2023-11-14 23:07:01,391 -     || Q: 0.0351
2023-11-14 23:07:01,392 -     || KL: 4.7284
2023-11-14 23:07:01,393 -     || token_match: 0.999, exact_match: 0.976
2023-11-14 23:07:01,394 - DEV || epcloss: 0.0220
2023-11-14 23:07:01,394 -     || Q: 0.0276
2023-11-14 23:07:01,395 -     || KL: 12.2363
2023-11-14 23:07:01,396 -     || token_match: 0.993, exact_match: 0.921
2023-11-14 23:07:01,396 -     || BEST exact match (teacher forcing): 0.921
2023-11-14 23:07:01,398 - 
2023-11-14 23:07:01,398 - #epc: 7
2023-11-14 23:07:01,907 - epc:7, epc_KL:  0.000000
2023-11-14 23:08:46,080 - exact_match_tst_dictsupervised_wlemma: 0.013
2023-11-14 23:08:46,081 - TRN || epcloss: 0.0137
2023-11-14 23:08:46,082 -     || Q: 0.0349
2023-11-14 23:08:46,083 -     || KL: 4.8358
2023-11-14 23:08:46,083 -     || token_match: 0.996, exact_match: 0.954
2023-11-14 23:08:46,084 - DEV || epcloss: 0.0427
2023-11-14 23:08:46,085 -     || Q: 0.0540
2023-11-14 23:08:46,085 -     || KL: 11.1988
2023-11-14 23:08:46,086 -     || token_match: 0.987, exact_match: 0.835
2023-11-14 23:08:46,087 - 
2023-11-14 23:08:46,088 - #epc: 8
2023-11-14 23:08:46,611 - epc:8, epc_KL:  0.000000
2023-11-14 23:10:30,760 - exact_match_tst_dictsupervised_wlemma: 0.017
2023-11-14 23:10:30,762 - TRN || epcloss: 0.0064
2023-11-14 23:10:30,762 -     || Q: 0.0310
2023-11-14 23:10:30,763 -     || KL: 4.8895
2023-11-14 23:10:30,764 -     || token_match: 0.998, exact_match: 0.974
2023-11-14 23:10:30,764 - DEV || epcloss: 0.0205
2023-11-14 23:10:30,765 -     || Q: 0.0307
2023-11-14 23:10:30,765 -     || KL: 11.4367
2023-11-14 23:10:30,766 -     || token_match: 0.994, exact_match: 0.912
2023-11-14 23:10:30,767 - 
2023-11-14 23:10:30,768 - #epc: 9
2023-11-14 23:10:31,269 - epc:9, epc_KL:  0.000000
2023-11-14 23:12:15,609 - exact_match_tst_dictsupervised_wlemma: 0.013
2023-11-14 23:12:15,610 - TRN || epcloss: 0.0064
2023-11-14 23:12:15,611 -     || Q: 0.0243
2023-11-14 23:12:15,612 -     || KL: 4.7488
2023-11-14 23:12:15,613 -     || token_match: 0.998, exact_match: 0.974
2023-11-14 23:12:15,613 - DEV || epcloss: 0.0103
2023-11-14 23:12:15,614 -     || Q: 0.0243
2023-11-14 23:12:15,615 -     || KL: 12.4708
2023-11-14 23:12:15,615 -     || token_match: 0.996, exact_match: 0.946
2023-11-14 23:12:15,616 -     || BEST exact match (teacher forcing): 0.946
2023-11-14 23:12:15,617 - 
2023-11-14 23:12:15,618 - #epc: 10
2023-11-14 23:12:16,145 - epc:10, epc_KL:  0.000000
2023-11-14 23:14:00,498 - exact_match_tst_dictsupervised_wlemma: 0.027
2023-11-14 23:14:00,499 - TRN || epcloss: 0.0054
2023-11-14 23:14:00,500 -     || Q: 0.0238
2023-11-14 23:14:00,501 -     || KL: 4.8206
2023-11-14 23:14:00,502 -     || token_match: 0.999, exact_match: 0.979
2023-11-14 23:14:00,502 - DEV || epcloss: 0.0060
2023-11-14 23:14:00,503 -     || Q: 0.0158
2023-11-14 23:14:00,503 -     || KL: 12.9303
2023-11-14 23:14:00,504 -     || token_match: 0.999, exact_match: 0.975
2023-11-14 23:14:00,505 -     || BEST exact match (teacher forcing): 0.975
2023-11-14 23:14:00,506 - 
2023-11-14 23:14:00,507 - #epc: 11
2023-11-14 23:14:01,005 - epc:11, epc_KL:  0.000000
2023-11-14 23:15:45,412 - exact_match_tst_dictsupervised_wlemma: 0.023
2023-11-14 23:15:45,413 - TRN || epcloss: 0.0082
2023-11-14 23:15:45,414 -     || Q: 0.0245
2023-11-14 23:15:45,415 -     || KL: 4.7071
2023-11-14 23:15:45,415 -     || token_match: 0.998, exact_match: 0.965
2023-11-14 23:15:45,416 - DEV || epcloss: 0.0156
2023-11-14 23:15:45,416 -     || Q: 0.0264
2023-11-14 23:15:45,417 -     || KL: 11.4094
2023-11-14 23:15:45,418 -     || token_match: 0.995, exact_match: 0.914
2023-11-14 23:15:45,419 - 
2023-11-14 23:15:45,419 - #epc: 12
2023-11-14 23:15:45,938 - epc:12, epc_KL:  0.000000
2023-11-14 23:17:30,473 - exact_match_tst_dictsupervised_wlemma: 0.030
2023-11-14 23:17:30,475 - TRN || epcloss: 0.0040
2023-11-14 23:17:30,475 -     || Q: 0.0193
2023-11-14 23:17:30,476 -     || KL: 4.7598
2023-11-14 23:17:30,477 -     || token_match: 0.999, exact_match: 0.983
2023-11-14 23:17:30,478 - DEV || epcloss: 0.0157
2023-11-14 23:17:30,478 -     || Q: 0.0281
2023-11-14 23:17:30,479 -     || KL: 10.4018
2023-11-14 23:17:30,480 -     || token_match: 0.995, exact_match: 0.922
2023-11-14 23:17:30,481 - 
2023-11-14 23:17:30,482 - #epc: 13
2023-11-14 23:17:30,994 - epc:13, epc_KL:  0.000000
2023-11-14 23:19:15,668 - exact_match_tst_dictsupervised_wlemma: 0.033
2023-11-14 23:19:15,670 - TRN || epcloss: 0.0051
2023-11-14 23:19:15,670 -     || Q: 0.0213
2023-11-14 23:19:15,671 -     || KL: 4.8365
2023-11-14 23:19:15,672 -     || token_match: 0.999, exact_match: 0.980
2023-11-14 23:19:15,672 - DEV || epcloss: 0.0100
2023-11-14 23:19:15,673 -     || Q: 0.0221
2023-11-14 23:19:15,673 -     || KL: 12.5563
2023-11-14 23:19:15,674 -     || token_match: 0.997, exact_match: 0.951
2023-11-14 23:19:15,675 - 
2023-11-14 23:19:15,676 - #epc: 14
2023-11-14 23:19:16,192 - epc:14, epc_KL:  0.000000
2023-11-14 23:21:00,674 - exact_match_tst_dictsupervised_wlemma: 0.037
2023-11-14 23:21:00,675 - TRN || epcloss: 0.0033
2023-11-14 23:21:00,676 -     || Q: 0.0166
2023-11-14 23:21:00,677 -     || KL: 4.9604
2023-11-14 23:21:00,677 -     || token_match: 0.999, exact_match: 0.985
2023-11-14 23:21:00,678 - DEV || epcloss: 0.0057
2023-11-14 23:21:00,678 -     || Q: 0.0164
2023-11-14 23:21:00,679 -     || KL: 12.7839
2023-11-14 23:21:00,680 -     || token_match: 0.998, exact_match: 0.969
2023-11-14 23:21:00,681 - 
2023-11-14 23:21:00,682 - #epc: 15
2023-11-14 23:21:01,223 - epc:15, epc_KL:  0.000000
2023-11-14 23:22:45,801 - exact_match_tst_dictsupervised_wlemma: 0.047
2023-11-14 23:22:45,802 - TRN || epcloss: 0.0043
2023-11-14 23:22:45,803 -     || Q: 0.0164
2023-11-14 23:22:45,804 -     || KL: 4.8990
2023-11-14 23:22:45,805 -     || token_match: 0.999, exact_match: 0.982
2023-11-14 23:22:45,806 - DEV || epcloss: 0.0055
2023-11-14 23:22:45,806 -     || Q: 0.0157
2023-11-14 23:22:45,807 -     || KL: 13.2089
2023-11-14 23:22:45,808 -     || token_match: 0.998, exact_match: 0.967
2023-11-14 23:22:45,810 - 
2023-11-14 23:22:45,810 - #epc: 16
2023-11-14 23:22:46,325 - epc:16, epc_KL:  0.000000
2023-11-14 23:24:31,421 - exact_match_tst_dictsupervised_wlemma: 0.013
2023-11-14 23:24:31,423 - TRN || epcloss: 0.0039
2023-11-14 23:24:31,424 -     || Q: 0.0150
2023-11-14 23:24:31,425 -     || KL: 4.8344
2023-11-14 23:24:31,425 -     || token_match: 0.999, exact_match: 0.982
2023-11-14 23:24:31,426 - DEV || epcloss: 0.0048
2023-11-14 23:24:31,427 -     || Q: 0.0154
2023-11-14 23:24:31,427 -     || KL: 12.7774
2023-11-14 23:24:31,428 -     || token_match: 0.999, exact_match: 0.977
2023-11-14 23:24:31,429 -     || BEST exact match (teacher forcing): 0.977
2023-11-14 23:24:31,430 - 
2023-11-14 23:24:31,431 - #epc: 17
2023-11-14 23:24:31,971 - epc:17, epc_KL:  0.000000
2023-11-14 23:26:16,473 - exact_match_tst_dictsupervised_wlemma: 0.017
2023-11-14 23:26:16,475 - TRN || epcloss: 0.0030
2023-11-14 23:26:16,476 -     || Q: 0.0135
2023-11-14 23:26:16,476 -     || KL: 4.9172
2023-11-14 23:26:16,477 -     || token_match: 0.999, exact_match: 0.987
2023-11-14 23:26:16,478 - DEV || epcloss: 0.0036
2023-11-14 23:26:16,478 -     || Q: 0.0146
2023-11-14 23:26:16,479 -     || KL: 12.5205
2023-11-14 23:26:16,480 -     || token_match: 0.999, exact_match: 0.980
2023-11-14 23:26:16,480 -     || BEST exact match (teacher forcing): 0.980
2023-11-14 23:26:16,482 - 
2023-11-14 23:26:16,482 - #epc: 18
2023-11-14 23:26:16,985 - epc:18, epc_KL:  0.000000
