2024-01-17 23:02:03,503 - trnsize: 404897
2024-01-17 23:02:03,507 - devsize: 1446
2024-01-17 23:02:03,508 - tstsize: 1446
2024-01-17 23:02:04,149 - Trn unique tgts: 404896
2024-01-17 23:02:04,150 - Trn unique lemmas: 588
2024-01-17 23:02:04,151 - Trn unique taglists: 703
2024-01-17 23:02:04,152 - Dev unique tgts: 1446
2024-01-17 23:02:04,153 - Dev unique lemmas: 536
2024-01-17 23:02:04,154 - Dev unique taglists: 616
2024-01-17 23:02:04,155 - Tst unique tgts: 1446
2024-01-17 23:02:04,156 - Tst unique lemmas: 536
2024-01-17 23:02:04,157 - Tst unique taglists: 616
2024-01-17 23:02:04,158 - seen_dev_tgt: 1
2024-01-17 23:02:04,159 - seen_dev_lemma: 1446
2024-01-17 23:02:04,160 - seen_dev_taglist: 1446
2024-01-17 23:02:04,161 - seen_tst_tgt: 1
2024-01-17 23:02:04,161 - seen_tst_lemma: 1446
2024-01-17 23:02:04,162 - seen_tst_taglist: 1446
2024-01-17 23:02:31,423 - trnID: run1_6x8_zLEM100_zTAG128_decnh1024_kl1.0_epc10_strt5_decdo0.2_inpemb128_bsize64
2024-01-17 23:02:31,425 - batchsize: 64
2024-01-17 23:02:31,426 - epochs: 50
2024-01-17 23:02:31,427 - lr: 0.00050
2024-01-17 23:02:31,428 - KL_WEIGHT: 1.00000
2024-01-17 23:02:31,429 - opt: Adam (
Parameter Group 0
    amsgrad: False
    betas: (0.5, 0.999)
    capturable: False
    eps: 1e-08
    foreach: None
    lr: 0.0005
    maximize: False
    weight_decay: 0
)
2024-01-17 23:02:31,431 - VQVAE(
  (encoder): Encoder_GRU_VQVAE(
    (layers): ModuleList(
      (0): Embedding(39, 128)
      (1): Dropout(p=0.0, inplace=False)
      (2): GRU(128, 256, batch_first=True, bidirectional=True)
    )
  )
  (z_linears): ModuleList(
    (0): Linear(in_features=512, out_features=128, bias=True)
    (1): Linear(in_features=512, out_features=128, bias=True)
    (2): Linear(in_features=512, out_features=128, bias=True)
    (3): Linear(in_features=512, out_features=128, bias=True)
    (4): Linear(in_features=512, out_features=128, bias=True)
    (5): Linear(in_features=512, out_features=128, bias=True)
  )
  (quantizers): ModuleList(
    (0): Quantizer(
      (embeddings): Embedding(8, 128)
    )
    (1): Quantizer(
      (embeddings): Embedding(8, 128)
    )
    (2): Quantizer(
      (embeddings): Embedding(8, 128)
    )
    (3): Quantizer(
      (embeddings): Embedding(8, 128)
    )
    (4): Quantizer(
      (embeddings): Embedding(8, 128)
    )
    (5): Quantizer(
      (embeddings): Embedding(8, 128)
    )
  )
  (z_lemma_mu): Linear(in_features=512, out_features=100, bias=True)
  (z_lemma_logvar): Linear(in_features=512, out_features=100, bias=True)
  (up_from_z_layer): Linear(in_features=228, out_features=1024, bias=True)
  (decoder): Decoder_GRU_VQVAE(
    (layers): ModuleList(
      (0): Embedding(39, 128)
      (1): Dropout(p=0.2, inplace=False)
      (2): GRU(356, 1024, batch_first=True)
      (3): Linear(in_features=1024, out_features=39, bias=True)
    )
    (loss): CrossEntropyLoss()
  )
)
2024-01-17 23:02:31,639 - trnsize: 404897
2024-01-17 23:02:31,640 - devsize: 1446
2024-01-17 23:02:31,641 - tstsize: 1446
2024-01-17 23:02:31,643 - 
2024-01-17 23:02:31,644 - #epc: 0
2024-01-17 23:02:31,649 - epc:0, epc_KL:  0.000000
2024-01-17 23:09:28,018 - exact_match_tst_copy_acc: 0.997
2024-01-17 23:09:28,020 - exact_match_tst_reinflection_wlemma: 0.001
2024-01-17 23:09:28,021 - exact_match_tst_reinflection_wlemma_TAGFINDER1: 0.001
2024-01-17 23:09:28,022 - exact_match_tst_reinflection_wlemma_TAGFINDER1_or_2: 0.001
2024-01-17 23:09:28,431 - TRN || epcloss: 0.0672
2024-01-17 23:09:28,432 -     || Q: 0.0274
2024-01-17 23:09:28,433 -     || KL: 5.5261
2024-01-17 23:09:28,434 -     || token_match: 0.000, exact_match: 0.000
2024-01-17 23:09:28,435 -     || unique taglist code: 27148
2024-01-17 23:09:28,437 - DEV || epcloss: 0.0014
2024-01-17 23:09:28,438 -     || Q: 0.0058
2024-01-17 23:09:28,439 -     || KL: 12.9176
2024-01-17 23:09:28,440 -     || token_match: 0.000, exact_match: 0.000
2024-01-17 23:09:28,441 -     || unique taglist code: 707
2024-01-17 23:09:28,444 -     || seen taglist code: 662
2024-01-17 23:09:28,445 -     || MOST used trncode: 27148
2024-01-17 23:09:28,446 -     || MOST used devcode: 707
2024-01-17 23:09:28,590 -     || saved model
2024-01-17 23:09:28,592 - 
2024-01-17 23:09:28,593 - #epc: 1
2024-01-17 23:09:29,311 - epc:1, epc_KL:  0.000000
2024-01-17 23:16:31,810 - exact_match_tst_copy_acc: 0.986
2024-01-17 23:16:31,811 - exact_match_tst_reinflection_wlemma: 0.001
2024-01-17 23:16:31,812 - exact_match_tst_reinflection_wlemma_TAGFINDER1: 0.001
2024-01-17 23:16:31,813 - exact_match_tst_reinflection_wlemma_TAGFINDER1_or_2: 0.001
2024-01-17 23:16:32,038 - TRN || epcloss: 0.0054
2024-01-17 23:16:32,040 -     || Q: 0.0084
2024-01-17 23:16:32,041 -     || KL: 5.9939
2024-01-17 23:16:32,042 -     || token_match: 0.000, exact_match: 0.000
2024-01-17 23:16:32,043 -     || unique taglist code: 22466
2024-01-17 23:16:32,044 - DEV || epcloss: 0.0034
2024-01-17 23:16:32,045 -     || Q: 0.0032
2024-01-17 23:16:32,046 -     || KL: 12.7870
2024-01-17 23:16:32,047 -     || token_match: 0.000, exact_match: 0.000
2024-01-17 23:16:32,048 -     || unique taglist code: 836
2024-01-17 23:16:32,051 -     || seen taglist code: 798
2024-01-17 23:16:32,052 -     || MOST used devcode: 836
2024-01-17 23:16:32,107 -     || saved model
2024-01-17 23:16:32,109 - 
2024-01-17 23:16:32,110 - #epc: 2
2024-01-17 23:16:32,720 - epc:2, epc_KL:  0.000000
2024-01-17 23:23:42,656 - exact_match_tst_copy_acc: 0.997
2024-01-17 23:23:42,657 - exact_match_tst_reinflection_wlemma: 0.001
2024-01-17 23:23:42,658 - exact_match_tst_reinflection_wlemma_TAGFINDER1: 0.001
2024-01-17 23:23:42,659 - exact_match_tst_reinflection_wlemma_TAGFINDER1_or_2: 0.001
2024-01-17 23:23:42,922 - TRN || epcloss: 0.0050
2024-01-17 23:23:42,923 -     || Q: 0.0095
2024-01-17 23:23:42,925 -     || KL: 6.4364
2024-01-17 23:23:42,925 -     || token_match: 0.000, exact_match: 0.000
2024-01-17 23:23:42,927 -     || unique taglist code: 18043
2024-01-17 23:23:42,927 - DEV || epcloss: 0.0008
2024-01-17 23:23:42,929 -     || Q: 0.0026
2024-01-17 23:23:42,930 -     || KL: 14.8206
2024-01-17 23:23:42,931 -     || token_match: 0.000, exact_match: 0.000
2024-01-17 23:23:42,932 -     || unique taglist code: 660
2024-01-17 23:23:42,933 -     || seen taglist code: 622
2024-01-17 23:23:42,989 -     || saved model
2024-01-17 23:23:42,992 - 
2024-01-17 23:23:42,993 - #epc: 3
2024-01-17 23:23:43,620 - epc:3, epc_KL:  0.000000
2024-01-17 23:30:43,669 - exact_match_tst_copy_acc: 0.997
2024-01-17 23:30:43,670 - exact_match_tst_reinflection_wlemma: 0.001
2024-01-17 23:30:43,671 - exact_match_tst_reinflection_wlemma_TAGFINDER1: 0.001
2024-01-17 23:30:43,672 - exact_match_tst_reinflection_wlemma_TAGFINDER1_or_2: 0.001
2024-01-17 23:30:43,870 - TRN || epcloss: 0.0028
2024-01-17 23:30:43,871 -     || Q: 0.0065
2024-01-17 23:30:43,872 -     || KL: 6.2849
2024-01-17 23:30:43,873 -     || token_match: 0.000, exact_match: 0.000
2024-01-17 23:30:43,873 -     || unique taglist code: 12184
2024-01-17 23:30:43,874 - DEV || epcloss: 0.0008
2024-01-17 23:30:43,875 -     || Q: 0.0018
2024-01-17 23:30:43,877 -     || KL: 13.6937
2024-01-17 23:30:43,878 -     || token_match: 0.000, exact_match: 0.000
2024-01-17 23:30:43,879 -     || unique taglist code: 632
2024-01-17 23:30:43,880 -     || seen taglist code: 578
2024-01-17 23:30:43,959 -     || saved model
2024-01-17 23:30:43,961 - 
2024-01-17 23:30:43,962 - #epc: 4
2024-01-17 23:30:44,603 - epc:4, epc_KL:  0.000000
2024-01-17 23:37:52,057 - exact_match_tst_copy_acc: 0.997
2024-01-17 23:37:52,058 - exact_match_tst_reinflection_wlemma: 0.001
2024-01-17 23:37:52,059 - exact_match_tst_reinflection_wlemma_TAGFINDER1: 0.001
2024-01-17 23:37:52,060 - exact_match_tst_reinflection_wlemma_TAGFINDER1_or_2: 0.001
2024-01-17 23:37:52,297 - TRN || epcloss: 0.0027
2024-01-17 23:37:52,298 -     || Q: 0.0057
2024-01-17 23:37:52,299 -     || KL: 6.0661
2024-01-17 23:37:52,300 -     || token_match: 0.000, exact_match: 0.000
2024-01-17 23:37:52,301 -     || unique taglist code: 13374
2024-01-17 23:37:52,302 - DEV || epcloss: 0.0005
2024-01-17 23:37:52,303 -     || Q: 0.0031
2024-01-17 23:37:52,304 -     || KL: 13.0414
2024-01-17 23:37:52,305 -     || token_match: 0.000, exact_match: 0.000
2024-01-17 23:37:52,306 -     || unique taglist code: 624
2024-01-17 23:37:52,308 -     || seen taglist code: 584
2024-01-17 23:37:52,370 -     || saved model
2024-01-17 23:37:52,372 - 
2024-01-17 23:37:52,373 - #epc: 5
2024-01-17 23:37:53,002 - epc:5, epc_KL:  0.100000
2024-01-17 23:44:44,543 - exact_match_tst_copy_acc: 0.997
2024-01-17 23:44:44,544 - exact_match_tst_reinflection_wlemma: 0.002
2024-01-17 23:44:44,545 - exact_match_tst_reinflection_wlemma_TAGFINDER1: 0.002
2024-01-17 23:44:44,546 - exact_match_tst_reinflection_wlemma_TAGFINDER1_or_2: 0.002
2024-01-17 23:44:44,977 - TRN || epcloss: 0.0240
2024-01-17 23:44:44,978 -     || Q: 0.0480
2024-01-17 23:44:44,980 -     || KL: 0.8403
2024-01-17 23:44:44,981 -     || token_match: 0.000, exact_match: 0.000
2024-01-17 23:44:44,982 -     || unique taglist code: 28592
2024-01-17 23:44:44,983 - DEV || epcloss: 0.0006
2024-01-17 23:44:44,984 -     || Q: 0.0551
2024-01-17 23:44:44,985 -     || KL: 1.4219
2024-01-17 23:44:44,986 -     || token_match: 0.000, exact_match: 0.000
2024-01-17 23:44:44,987 -     || unique taglist code: 1249
2024-01-17 23:44:44,989 -     || seen taglist code: 1118
2024-01-17 23:44:44,991 -     || MOST used trncode: 28592
2024-01-17 23:44:44,992 -     || MOST used devcode: 1249
2024-01-17 23:44:45,050 -     || saved model
2024-01-17 23:44:45,052 - 
2024-01-17 23:44:45,054 - #epc: 6
2024-01-17 23:44:45,660 - epc:6, epc_KL:  0.200000
2024-01-17 23:51:46,592 - exact_match_tst_copy_acc: 0.991
2024-01-17 23:51:46,594 - exact_match_tst_reinflection_wlemma: 0.012
2024-01-17 23:51:46,595 - exact_match_tst_reinflection_wlemma_TAGFINDER1: 0.008
2024-01-17 23:51:46,596 - exact_match_tst_reinflection_wlemma_TAGFINDER1_or_2: 0.011
2024-01-17 23:51:47,033 - TRN || epcloss: 0.0290
2024-01-17 23:51:47,035 -     || Q: 0.1265
2024-01-17 23:51:47,036 -     || KL: 0.4703
2024-01-17 23:51:47,038 -     || token_match: 0.000, exact_match: 0.000
2024-01-17 23:51:47,039 -     || unique taglist code: 65594
2024-01-17 23:51:47,041 - DEV || epcloss: 0.0018
2024-01-17 23:51:47,043 -     || Q: 0.1259
2024-01-17 23:51:47,045 -     || KL: 0.8247
2024-01-17 23:51:47,046 -     || token_match: 0.000, exact_match: 0.000
2024-01-17 23:51:47,047 -     || unique taglist code: 1423
2024-01-17 23:51:47,051 -     || seen taglist code: 1144
2024-01-17 23:51:47,053 -     || MOST used trncode: 65594
2024-01-17 23:51:47,054 -     || MOST used devcode: 1423
2024-01-17 23:51:47,125 -     || saved model
2024-01-17 23:51:47,127 - 
2024-01-17 23:51:47,129 - #epc: 7
2024-01-17 23:51:47,728 - epc:7, epc_KL:  0.300000
2024-01-17 23:58:44,222 - exact_match_tst_copy_acc: 0.990
2024-01-17 23:58:44,223 - exact_match_tst_reinflection_wlemma: 0.030
2024-01-17 23:58:44,224 - exact_match_tst_reinflection_wlemma_TAGFINDER1: 0.016
2024-01-17 23:58:44,225 - exact_match_tst_reinflection_wlemma_TAGFINDER1_or_2: 0.024
2024-01-17 23:58:44,761 - TRN || epcloss: 0.0289
2024-01-17 23:58:44,763 -     || Q: 0.1941
2024-01-17 23:58:44,764 -     || KL: 0.2964
2024-01-17 23:58:44,765 -     || token_match: 0.000, exact_match: 0.000
2024-01-17 23:58:44,766 -     || unique taglist code: 101474
2024-01-17 23:58:44,767 - DEV || epcloss: 0.0022
2024-01-17 23:58:44,768 -     || Q: 0.1948
2024-01-17 23:58:44,770 -     || KL: 0.5582
2024-01-17 23:58:44,771 -     || token_match: 0.000, exact_match: 0.000
2024-01-17 23:58:44,772 -     || unique taglist code: 1417
2024-01-17 23:58:44,775 -     || seen taglist code: 1242
2024-01-17 23:58:44,776 -     || MOST used trncode: 101474
2024-01-17 23:58:44,827 -     || saved model
2024-01-17 23:58:44,830 - 
2024-01-17 23:58:44,831 - #epc: 8
2024-01-17 23:58:45,440 - epc:8, epc_KL:  0.400000
2024-01-18 00:05:44,049 - exact_match_tst_copy_acc: 0.981
2024-01-18 00:05:44,050 - exact_match_tst_reinflection_wlemma: 0.037
2024-01-18 00:05:44,051 - exact_match_tst_reinflection_wlemma_TAGFINDER1: 0.022
2024-01-18 00:05:44,053 - exact_match_tst_reinflection_wlemma_TAGFINDER1_or_2: 0.029
2024-01-18 00:05:44,551 - TRN || epcloss: 0.0310
2024-01-18 00:05:44,553 -     || Q: 0.2819
2024-01-18 00:05:44,555 -     || KL: 0.2159
2024-01-18 00:05:44,557 -     || token_match: 0.000, exact_match: 0.000
2024-01-18 00:05:44,558 -     || unique taglist code: 100475
2024-01-18 00:05:44,560 - DEV || epcloss: 0.0034
2024-01-18 00:05:44,562 -     || Q: 0.2950
2024-01-18 00:05:44,563 -     || KL: 0.4272
2024-01-18 00:05:44,565 -     || token_match: 0.000, exact_match: 0.000
2024-01-18 00:05:44,567 -     || unique taglist code: 1421
2024-01-18 00:05:44,570 -     || seen taglist code: 1307
2024-01-18 00:05:44,646 -     || saved model
2024-01-18 00:05:44,649 - 
2024-01-18 00:05:44,650 - #epc: 9
2024-01-18 00:05:45,201 - epc:9, epc_KL:  0.500000
2024-01-18 00:12:45,871 - exact_match_tst_copy_acc: 0.972
2024-01-18 00:12:45,872 - exact_match_tst_reinflection_wlemma: 0.039
2024-01-18 00:12:45,873 - exact_match_tst_reinflection_wlemma_TAGFINDER1: 0.021
2024-01-18 00:12:45,875 - exact_match_tst_reinflection_wlemma_TAGFINDER1_or_2: 0.033
2024-01-18 00:12:46,428 - TRN || epcloss: 0.0332
2024-01-18 00:12:46,429 -     || Q: 0.3783
2024-01-18 00:12:46,430 -     || KL: 0.1642
2024-01-18 00:12:46,431 -     || token_match: 0.000, exact_match: 0.000
2024-01-18 00:12:46,432 -     || unique taglist code: 96379
2024-01-18 00:12:46,433 - DEV || epcloss: 0.0056
2024-01-18 00:12:46,434 -     || Q: 0.3681
2024-01-18 00:12:46,435 -     || KL: 0.3136
2024-01-18 00:12:46,436 -     || token_match: 0.000, exact_match: 0.000
2024-01-18 00:12:46,437 -     || unique taglist code: 1422
2024-01-18 00:12:46,439 -     || seen taglist code: 1311
2024-01-18 00:12:46,494 -     || saved model
2024-01-18 00:12:46,496 - 
2024-01-18 00:12:46,497 - #epc: 10
2024-01-18 00:12:47,126 - epc:10, epc_KL:  0.600000
2024-01-18 00:19:49,638 - exact_match_tst_copy_acc: 0.967
2024-01-18 00:19:49,639 - exact_match_tst_reinflection_wlemma: 0.078
2024-01-18 00:19:49,640 - exact_match_tst_reinflection_wlemma_TAGFINDER1: 0.036
2024-01-18 00:19:49,641 - exact_match_tst_reinflection_wlemma_TAGFINDER1_or_2: 0.064
2024-01-18 00:19:50,225 - TRN || epcloss: 0.0336
2024-01-18 00:19:50,226 -     || Q: 0.4406
2024-01-18 00:19:50,227 -     || KL: 0.1245
2024-01-18 00:19:50,228 -     || token_match: 0.000, exact_match: 0.000
2024-01-18 00:19:50,229 -     || unique taglist code: 90181
2024-01-18 00:19:50,230 - DEV || epcloss: 0.0068
2024-01-18 00:19:50,232 -     || Q: 0.4151
2024-01-18 00:19:50,233 -     || KL: 0.2391
2024-01-18 00:19:50,234 -     || token_match: 0.000, exact_match: 0.000
2024-01-18 00:19:50,235 -     || unique taglist code: 1423
2024-01-18 00:19:50,238 -     || seen taglist code: 1312
2024-01-18 00:19:50,316 -     || saved model
2024-01-18 00:19:50,318 - 
2024-01-18 00:19:50,319 - #epc: 11
2024-01-18 00:19:50,923 - epc:11, epc_KL:  0.700000
2024-01-18 00:26:56,211 - exact_match_tst_copy_acc: 0.956
2024-01-18 00:26:56,212 - exact_match_tst_reinflection_wlemma: 0.102
2024-01-18 00:26:56,213 - exact_match_tst_reinflection_wlemma_TAGFINDER1: 0.046
2024-01-18 00:26:56,214 - exact_match_tst_reinflection_wlemma_TAGFINDER1_or_2: 0.074
2024-01-18 00:26:56,712 - TRN || epcloss: 0.0343
2024-01-18 00:26:56,713 -     || Q: 0.4931
2024-01-18 00:26:56,714 -     || KL: 0.0980
2024-01-18 00:26:56,715 -     || token_match: 0.000, exact_match: 0.000
2024-01-18 00:26:56,716 -     || unique taglist code: 83165
2024-01-18 00:26:56,717 - DEV || epcloss: 0.0096
2024-01-18 00:26:56,718 -     || Q: 0.4996
2024-01-18 00:26:56,719 -     || KL: 0.1976
2024-01-18 00:26:56,720 -     || token_match: 0.000, exact_match: 0.000
2024-01-18 00:26:56,721 -     || unique taglist code: 1424
2024-01-18 00:26:56,724 -     || seen taglist code: 1334
2024-01-18 00:26:56,725 -     || MOST used devcode: 1424
2024-01-18 00:26:56,789 -     || saved model
2024-01-18 00:26:56,792 - 
2024-01-18 00:26:56,793 - #epc: 12
2024-01-18 00:26:57,420 - epc:12, epc_KL:  0.800000
2024-01-18 00:34:02,394 - exact_match_tst_copy_acc: 0.924
2024-01-18 00:34:02,395 - exact_match_tst_reinflection_wlemma: 0.117
2024-01-18 00:34:02,397 - exact_match_tst_reinflection_wlemma_TAGFINDER1: 0.053
2024-01-18 00:34:02,398 - exact_match_tst_reinflection_wlemma_TAGFINDER1_or_2: 0.087
2024-01-18 00:34:02,788 - TRN || epcloss: 0.0362
2024-01-18 00:34:02,790 -     || Q: 0.5659
2024-01-18 00:34:02,791 -     || KL: 0.0796
2024-01-18 00:34:02,793 -     || token_match: 0.000, exact_match: 0.000
2024-01-18 00:34:02,794 -     || unique taglist code: 85066
2024-01-18 00:34:02,795 - DEV || epcloss: 0.0181
2024-01-18 00:34:02,796 -     || Q: 0.5565
2024-01-18 00:34:02,797 -     || KL: 0.1786
2024-01-18 00:34:02,799 -     || token_match: 0.000, exact_match: 0.000
2024-01-18 00:34:02,800 -     || unique taglist code: 1429
2024-01-18 00:34:02,803 -     || seen taglist code: 1330
2024-01-18 00:34:02,804 -     || MOST used devcode: 1429
2024-01-18 00:34:02,864 -     || saved model
2024-01-18 00:34:02,866 - 
2024-01-18 00:34:02,867 - #epc: 13
2024-01-18 00:34:03,441 - epc:13, epc_KL:  0.900000
2024-01-18 00:41:09,846 - exact_match_tst_copy_acc: 0.945
2024-01-18 00:41:09,848 - exact_match_tst_reinflection_wlemma: 0.131
2024-01-18 00:41:09,848 - exact_match_tst_reinflection_wlemma_TAGFINDER1: 0.061
2024-01-18 00:41:09,850 - exact_match_tst_reinflection_wlemma_TAGFINDER1_or_2: 0.096
2024-01-18 00:41:10,228 - TRN || epcloss: 0.0378
2024-01-18 00:41:10,229 -     || Q: 0.6227
2024-01-18 00:41:10,230 -     || KL: 0.0684
2024-01-18 00:41:10,232 -     || token_match: 0.000, exact_match: 0.000
2024-01-18 00:41:10,233 -     || unique taglist code: 85546
2024-01-18 00:41:10,234 - DEV || epcloss: 0.0115
2024-01-18 00:41:10,235 -     || Q: 0.5737
2024-01-18 00:41:10,235 -     || KL: 0.1406
2024-01-18 00:41:10,236 -     || token_match: 0.000, exact_match: 0.000
2024-01-18 00:41:10,238 -     || unique taglist code: 1427
2024-01-18 00:41:10,240 -     || seen taglist code: 1338
2024-01-18 00:41:10,404 -     || saved model
2024-01-18 00:41:10,406 - 
2024-01-18 00:41:10,407 - #epc: 14
2024-01-18 00:41:11,044 - epc:14, epc_KL:  1.000000
2024-01-18 00:48:12,634 - exact_match_tst_copy_acc: 0.918
2024-01-18 00:48:12,635 - exact_match_tst_reinflection_wlemma: 0.149
2024-01-18 00:48:12,636 - exact_match_tst_reinflection_wlemma_TAGFINDER1: 0.068
2024-01-18 00:48:12,637 - exact_match_tst_reinflection_wlemma_TAGFINDER1_or_2: 0.109
2024-01-18 00:48:12,999 - TRN || epcloss: 0.0401
2024-01-18 00:48:13,000 -     || Q: 0.6768
2024-01-18 00:48:13,001 -     || KL: 0.0601
2024-01-18 00:48:13,002 -     || token_match: 0.000, exact_match: 0.000
2024-01-18 00:48:13,003 -     || unique taglist code: 85858
2024-01-18 00:48:13,005 - DEV || epcloss: 0.0195
2024-01-18 00:48:13,006 -     || Q: 0.7007
2024-01-18 00:48:13,007 -     || KL: 0.1864
2024-01-18 00:48:13,008 -     || token_match: 0.000, exact_match: 0.000
2024-01-18 00:48:13,010 -     || unique taglist code: 1430
2024-01-18 00:48:13,012 -     || seen taglist code: 1327
2024-01-18 00:48:13,013 -     || MOST used devcode: 1430
2024-01-18 00:48:13,088 -     || saved model
2024-01-18 00:48:13,091 - 
2024-01-18 00:48:13,092 - #epc: 15
2024-01-18 00:48:13,737 - epc:15, epc_KL:  1.000000
2024-01-18 00:55:20,682 - exact_match_tst_copy_acc: 0.916
2024-01-18 00:55:20,684 - exact_match_tst_reinflection_wlemma: 0.153
2024-01-18 00:55:20,685 - exact_match_tst_reinflection_wlemma_TAGFINDER1: 0.066
2024-01-18 00:55:20,686 - exact_match_tst_reinflection_wlemma_TAGFINDER1_or_2: 0.114
2024-01-18 00:55:21,070 - TRN || epcloss: 0.0404
2024-01-18 00:55:21,071 -     || Q: 0.7230
2024-01-18 00:55:21,072 -     || KL: 0.0566
2024-01-18 00:55:21,074 -     || token_match: 0.000, exact_match: 0.000
2024-01-18 00:55:21,075 -     || unique taglist code: 86014
2024-01-18 00:55:21,076 - DEV || epcloss: 0.0176
2024-01-18 00:55:21,077 -     || Q: 0.7814
2024-01-18 00:55:21,078 -     || KL: 0.1290
2024-01-18 00:55:21,079 -     || token_match: 0.000, exact_match: 0.000
2024-01-18 00:55:21,080 -     || unique taglist code: 1428
2024-01-18 00:55:21,083 -     || seen taglist code: 1327
2024-01-18 00:55:21,142 -     || saved model
2024-01-18 00:55:21,144 - 
2024-01-18 00:55:21,145 - #epc: 16
2024-01-18 00:55:21,789 - epc:16, epc_KL:  1.000000
2024-01-18 01:02:22,896 - exact_match_tst_copy_acc: 0.907
2024-01-18 01:02:22,897 - exact_match_tst_reinflection_wlemma: 0.152
2024-01-18 01:02:22,898 - exact_match_tst_reinflection_wlemma_TAGFINDER1: 0.066
2024-01-18 01:02:22,899 - exact_match_tst_reinflection_wlemma_TAGFINDER1_or_2: 0.112
2024-01-18 01:02:23,309 - TRN || epcloss: 0.0392
2024-01-18 01:02:23,311 -     || Q: 0.7194
2024-01-18 01:02:23,312 -     || KL: 0.0549
2024-01-18 01:02:23,313 -     || token_match: 0.000, exact_match: 0.000
2024-01-18 01:02:23,314 -     || unique taglist code: 85867
2024-01-18 01:02:23,316 - DEV || epcloss: 0.0216
2024-01-18 01:02:23,317 -     || Q: 0.6922
2024-01-18 01:02:23,319 -     || KL: 0.1227
2024-01-18 01:02:23,320 -     || token_match: 0.000, exact_match: 0.000
2024-01-18 01:02:23,321 -     || unique taglist code: 1427
2024-01-18 01:02:23,325 -     || seen taglist code: 1350
2024-01-18 01:02:23,407 -     || saved model
2024-01-18 01:02:23,410 - 
2024-01-18 01:02:23,411 - #epc: 17
2024-01-18 01:02:24,030 - epc:17, epc_KL:  1.000000
2024-01-18 01:09:26,076 - exact_match_tst_copy_acc: 0.902
2024-01-18 01:09:26,077 - exact_match_tst_reinflection_wlemma: 0.154
2024-01-18 01:09:26,079 - exact_match_tst_reinflection_wlemma_TAGFINDER1: 0.068
2024-01-18 01:09:26,080 - exact_match_tst_reinflection_wlemma_TAGFINDER1_or_2: 0.113
2024-01-18 01:09:26,491 - TRN || epcloss: 0.0431
2024-01-18 01:09:26,492 -     || Q: 0.7717
2024-01-18 01:09:26,494 -     || KL: 0.0555
2024-01-18 01:09:26,495 -     || token_match: 0.000, exact_match: 0.000
2024-01-18 01:09:26,496 -     || unique taglist code: 88101
2024-01-18 01:09:26,497 - DEV || epcloss: 0.0170
2024-01-18 01:09:26,498 -     || Q: 0.7229
2024-01-18 01:09:26,499 -     || KL: 0.1223
2024-01-18 01:09:26,500 -     || token_match: 0.000, exact_match: 0.000
2024-01-18 01:09:26,501 -     || unique taglist code: 1425
2024-01-18 01:09:26,504 -     || seen taglist code: 1324
2024-01-18 01:09:26,576 -     || saved model
2024-01-18 01:09:26,579 - 
2024-01-18 01:09:26,580 - #epc: 18
2024-01-18 01:09:27,167 - epc:18, epc_KL:  1.000000
2024-01-18 01:16:32,130 - exact_match_tst_copy_acc: 0.892
2024-01-18 01:16:32,131 - exact_match_tst_reinflection_wlemma: 0.149
2024-01-18 01:16:32,133 - exact_match_tst_reinflection_wlemma_TAGFINDER1: 0.062
2024-01-18 01:16:32,134 - exact_match_tst_reinflection_wlemma_TAGFINDER1_or_2: 0.107
2024-01-18 01:16:32,448 - TRN || epcloss: 0.0456
2024-01-18 01:16:32,449 -     || Q: 0.8226
2024-01-18 01:16:32,450 -     || KL: 0.0563
2024-01-18 01:16:32,451 -     || token_match: 0.000, exact_match: 0.000
2024-01-18 01:16:32,452 -     || unique taglist code: 89676
2024-01-18 01:16:32,453 - DEV || epcloss: 0.0256
2024-01-18 01:16:32,454 -     || Q: 0.8224
2024-01-18 01:16:32,455 -     || KL: 0.1217
2024-01-18 01:16:32,456 -     || token_match: 0.000, exact_match: 0.000
2024-01-18 01:16:32,457 -     || unique taglist code: 1430
2024-01-18 01:16:32,459 -     || seen taglist code: 1334
2024-01-18 01:16:32,529 -     || saved model
2024-01-18 01:16:32,531 - 
2024-01-18 01:16:32,532 - #epc: 19
2024-01-18 01:16:33,124 - epc:19, epc_KL:  1.000000
2024-01-18 01:23:36,557 - exact_match_tst_copy_acc: 0.849
2024-01-18 01:23:36,558 - exact_match_tst_reinflection_wlemma: 0.147
2024-01-18 01:23:36,559 - exact_match_tst_reinflection_wlemma_TAGFINDER1: 0.064
2024-01-18 01:23:36,560 - exact_match_tst_reinflection_wlemma_TAGFINDER1_or_2: 0.108
2024-01-18 01:23:36,923 - TRN || epcloss: 0.0474
2024-01-18 01:23:36,924 -     || Q: 0.8171
2024-01-18 01:23:36,925 -     || KL: 0.0557
2024-01-18 01:23:36,926 -     || token_match: 0.000, exact_match: 0.000
2024-01-18 01:23:36,927 -     || unique taglist code: 91622
2024-01-18 01:23:36,928 - DEV || epcloss: 0.0341
2024-01-18 01:23:36,930 -     || Q: 0.8558
2024-01-18 01:23:36,931 -     || KL: 0.1279
2024-01-18 01:23:36,932 -     || token_match: 0.000, exact_match: 0.000
2024-01-18 01:23:36,933 -     || unique taglist code: 1428
2024-01-18 01:23:36,936 -     || seen taglist code: 1307
2024-01-18 01:23:37,007 -     || saved model
2024-01-18 01:23:37,009 - 
2024-01-18 01:23:37,011 - #epc: 20
2024-01-18 01:23:37,586 - epc:20, epc_KL:  1.000000
2024-01-18 01:30:40,087 - exact_match_tst_copy_acc: 0.861
2024-01-18 01:30:40,088 - exact_match_tst_reinflection_wlemma: 0.151
2024-01-18 01:30:40,089 - exact_match_tst_reinflection_wlemma_TAGFINDER1: 0.066
2024-01-18 01:30:40,090 - exact_match_tst_reinflection_wlemma_TAGFINDER1_or_2: 0.109
2024-01-18 01:30:40,394 - TRN || epcloss: 0.0492
2024-01-18 01:30:40,396 -     || Q: 0.8277
2024-01-18 01:30:40,397 -     || KL: 0.0568
2024-01-18 01:30:40,398 -     || token_match: 0.000, exact_match: 0.000
2024-01-18 01:30:40,400 -     || unique taglist code: 92420
2024-01-18 01:30:40,401 - DEV || epcloss: 0.0275
2024-01-18 01:30:40,402 -     || Q: 0.8688
2024-01-18 01:30:40,403 -     || KL: 0.1355
2024-01-18 01:30:40,404 -     || token_match: 0.000, exact_match: 0.000
2024-01-18 01:30:40,405 -     || unique taglist code: 1425
2024-01-18 01:30:40,409 -     || seen taglist code: 1293
2024-01-18 01:30:40,470 -     || saved model
2024-01-18 01:30:40,472 - 
2024-01-18 01:30:40,473 - #epc: 21
2024-01-18 01:30:41,039 - epc:21, epc_KL:  1.000000
2024-01-18 01:37:43,649 - exact_match_tst_copy_acc: 0.886
2024-01-18 01:37:43,650 - exact_match_tst_reinflection_wlemma: 0.154
2024-01-18 01:37:43,652 - exact_match_tst_reinflection_wlemma_TAGFINDER1: 0.068
2024-01-18 01:37:43,653 - exact_match_tst_reinflection_wlemma_TAGFINDER1_or_2: 0.113
2024-01-18 01:37:44,019 - TRN || epcloss: 0.0485
2024-01-18 01:37:44,021 -     || Q: 0.8140
2024-01-18 01:37:44,022 -     || KL: 0.0566
2024-01-18 01:37:44,023 -     || token_match: 0.000, exact_match: 0.000
2024-01-18 01:37:44,024 -     || unique taglist code: 93829
2024-01-18 01:37:44,025 - DEV || epcloss: 0.0227
2024-01-18 01:37:44,026 -     || Q: 0.7756
2024-01-18 01:37:44,028 -     || KL: 0.1233
2024-01-18 01:37:44,029 -     || token_match: 0.000, exact_match: 0.000
2024-01-18 01:37:44,030 -     || unique taglist code: 1427
2024-01-18 01:37:44,033 -     || seen taglist code: 1319
2024-01-18 01:37:44,126 -     || saved model
2024-01-18 01:37:44,128 - 
2024-01-18 01:37:44,130 - #epc: 22
2024-01-18 01:37:44,713 - epc:22, epc_KL:  1.000000
2024-01-18 01:44:47,064 - exact_match_tst_copy_acc: 0.843
2024-01-18 01:44:47,065 - exact_match_tst_reinflection_wlemma: 0.151
2024-01-18 01:44:47,066 - exact_match_tst_reinflection_wlemma_TAGFINDER1: 0.063
2024-01-18 01:44:47,067 - exact_match_tst_reinflection_wlemma_TAGFINDER1_or_2: 0.111
2024-01-18 01:44:47,461 - TRN || epcloss: 0.0609
2024-01-18 01:44:47,462 -     || Q: 0.9339
2024-01-18 01:44:47,463 -     || KL: 0.0594
2024-01-18 01:44:47,464 -     || token_match: 0.000, exact_match: 0.000
2024-01-18 01:44:47,465 -     || unique taglist code: 96532
2024-01-18 01:44:47,466 - DEV || epcloss: 0.0331
2024-01-18 01:44:47,467 -     || Q: 0.8566
2024-01-18 01:44:47,469 -     || KL: 0.1488
2024-01-18 01:44:47,470 -     || token_match: 0.000, exact_match: 0.000
2024-01-18 01:44:47,471 -     || unique taglist code: 1423
2024-01-18 01:44:47,474 -     || seen taglist code: 1306
2024-01-18 01:44:47,554 -     || saved model
2024-01-18 01:44:47,556 - 
2024-01-18 01:44:47,557 - #epc: 23
2024-01-18 01:44:48,169 - epc:23, epc_KL:  1.000000
2024-01-18 01:51:52,502 - exact_match_tst_copy_acc: 0.795
2024-01-18 01:51:52,504 - exact_match_tst_reinflection_wlemma: 0.134
2024-01-18 01:51:52,505 - exact_match_tst_reinflection_wlemma_TAGFINDER1: 0.059
2024-01-18 01:51:52,506 - exact_match_tst_reinflection_wlemma_TAGFINDER1_or_2: 0.098
2024-01-18 01:51:52,855 - TRN || epcloss: 0.0652
2024-01-18 01:51:52,856 -     || Q: 0.9189
2024-01-18 01:51:52,857 -     || KL: 0.0612
2024-01-18 01:51:52,858 -     || token_match: 0.000, exact_match: 0.000
2024-01-18 01:51:52,859 -     || unique taglist code: 95239
2024-01-18 01:51:52,860 - DEV || epcloss: 0.0423
2024-01-18 01:51:52,861 -     || Q: 0.8196
2024-01-18 01:51:52,862 -     || KL: 0.1388
2024-01-18 01:51:52,863 -     || token_match: 0.000, exact_match: 0.000
2024-01-18 01:51:52,865 -     || unique taglist code: 1427
2024-01-18 01:51:52,868 -     || seen taglist code: 1318
2024-01-18 01:51:52,933 -     || saved model
2024-01-18 01:51:52,935 - 
2024-01-18 01:51:52,936 - #epc: 24
2024-01-18 01:51:53,554 - epc:24, epc_KL:  1.000000
2024-01-18 01:58:57,654 - exact_match_tst_copy_acc: 0.826
2024-01-18 01:58:57,656 - exact_match_tst_reinflection_wlemma: 0.133
2024-01-18 01:58:57,658 - exact_match_tst_reinflection_wlemma_TAGFINDER1: 0.059
2024-01-18 01:58:57,659 - exact_match_tst_reinflection_wlemma_TAGFINDER1_or_2: 0.098
2024-01-18 01:58:58,017 - TRN || epcloss: 0.0603
2024-01-18 01:58:58,018 -     || Q: 0.8285
2024-01-18 01:58:58,019 -     || KL: 0.0604
2024-01-18 01:58:58,020 -     || token_match: 0.000, exact_match: 0.000
2024-01-18 01:58:58,021 -     || unique taglist code: 94956
2024-01-18 01:58:58,023 - DEV || epcloss: 0.0379
2024-01-18 01:58:58,024 -     || Q: 0.8222
2024-01-18 01:58:58,025 -     || KL: 0.1402
2024-01-18 01:58:58,026 -     || token_match: 0.000, exact_match: 0.000
2024-01-18 01:58:58,027 -     || unique taglist code: 1429
2024-01-18 01:58:58,030 -     || seen taglist code: 1328
2024-01-18 01:58:58,086 -     || saved model
2024-01-18 01:58:58,089 - 
2024-01-18 01:58:58,090 - #epc: 25
2024-01-18 01:58:58,692 - epc:25, epc_KL:  1.000000
2024-01-18 02:06:03,101 - exact_match_tst_copy_acc: 0.866
2024-01-18 02:06:03,103 - exact_match_tst_reinflection_wlemma: 0.143
2024-01-18 02:06:03,104 - exact_match_tst_reinflection_wlemma_TAGFINDER1: 0.064
2024-01-18 02:06:03,105 - exact_match_tst_reinflection_wlemma_TAGFINDER1_or_2: 0.109
2024-01-18 02:06:03,439 - TRN || epcloss: 0.0605
2024-01-18 02:06:03,440 -     || Q: 0.8194
2024-01-18 02:06:03,441 -     || KL: 0.0612
2024-01-18 02:06:03,443 -     || token_match: 0.000, exact_match: 0.000
2024-01-18 02:06:03,444 -     || unique taglist code: 96176
2024-01-18 02:06:03,446 - DEV || epcloss: 0.0280
2024-01-18 02:06:03,447 -     || Q: 0.7691
2024-01-18 02:06:03,448 -     || KL: 0.1299
2024-01-18 02:06:03,450 -     || token_match: 0.000, exact_match: 0.000
2024-01-18 02:06:03,451 -     || unique taglist code: 1423
2024-01-18 02:06:03,455 -     || seen taglist code: 1349
2024-01-18 02:06:03,526 -     || saved model
2024-01-18 02:06:03,529 - 
2024-01-18 02:06:03,530 - #epc: 26
2024-01-18 02:06:04,135 - epc:26, epc_KL:  1.000000
2024-01-18 02:13:08,322 - exact_match_tst_copy_acc: 0.878
2024-01-18 02:13:08,324 - exact_match_tst_reinflection_wlemma: 0.129
2024-01-18 02:13:08,325 - exact_match_tst_reinflection_wlemma_TAGFINDER1: 0.059
2024-01-18 02:13:08,326 - exact_match_tst_reinflection_wlemma_TAGFINDER1_or_2: 0.095
2024-01-18 02:13:08,654 - TRN || epcloss: 0.0541
2024-01-18 02:13:08,655 -     || Q: 0.7669
2024-01-18 02:13:08,656 -     || KL: 0.0601
2024-01-18 02:13:08,658 -     || token_match: 0.000, exact_match: 0.000
2024-01-18 02:13:08,659 -     || unique taglist code: 95526
2024-01-18 02:13:08,661 - DEV || epcloss: 0.0251
2024-01-18 02:13:08,662 -     || Q: 0.7246
2024-01-18 02:13:08,663 -     || KL: 0.1296
2024-01-18 02:13:08,665 -     || token_match: 0.000, exact_match: 0.000
2024-01-18 02:13:08,666 -     || unique taglist code: 1426
2024-01-18 02:13:08,669 -     || seen taglist code: 1323
2024-01-18 02:13:08,728 -     || saved model
2024-01-18 02:13:08,730 - 
2024-01-18 02:13:08,731 - #epc: 27
2024-01-18 02:13:09,309 - epc:27, epc_KL:  1.000000
2024-01-18 02:20:14,480 - exact_match_tst_copy_acc: 0.820
2024-01-18 02:20:14,481 - exact_match_tst_reinflection_wlemma: 0.120
2024-01-18 02:20:14,482 - exact_match_tst_reinflection_wlemma_TAGFINDER1: 0.058
2024-01-18 02:20:14,483 - exact_match_tst_reinflection_wlemma_TAGFINDER1_or_2: 0.091
2024-01-18 02:20:14,815 - TRN || epcloss: 0.0587
2024-01-18 02:20:14,816 -     || Q: 0.7791
2024-01-18 02:20:14,817 -     || KL: 0.0610
2024-01-18 02:20:14,819 -     || token_match: 0.000, exact_match: 0.000
2024-01-18 02:20:14,820 -     || unique taglist code: 96450
2024-01-18 02:20:14,821 - DEV || epcloss: 0.0383
2024-01-18 02:20:14,822 -     || Q: 0.7437
2024-01-18 02:20:14,824 -     || KL: 0.1324
2024-01-18 02:20:14,825 -     || token_match: 0.000, exact_match: 0.000
2024-01-18 02:20:14,826 -     || unique taglist code: 1426
2024-01-18 02:20:14,828 -     || seen taglist code: 1317
2024-01-18 02:20:14,895 -     || saved model
2024-01-18 02:20:14,897 - 
2024-01-18 02:20:14,898 - #epc: 28
2024-01-18 02:20:15,514 - epc:28, epc_KL:  1.000000
2024-01-18 02:27:17,977 - exact_match_tst_copy_acc: 0.771
2024-01-18 02:27:17,979 - exact_match_tst_reinflection_wlemma: 0.123
2024-01-18 02:27:17,980 - exact_match_tst_reinflection_wlemma_TAGFINDER1: 0.053
2024-01-18 02:27:17,981 - exact_match_tst_reinflection_wlemma_TAGFINDER1_or_2: 0.093
2024-01-18 02:27:18,323 - TRN || epcloss: 0.0674
2024-01-18 02:27:18,324 -     || Q: 0.8424
2024-01-18 02:27:18,325 -     || KL: 0.0633
2024-01-18 02:27:18,326 -     || token_match: 0.000, exact_match: 0.000
2024-01-18 02:27:18,327 -     || unique taglist code: 98528
2024-01-18 02:27:18,328 - DEV || epcloss: 0.0485
2024-01-18 02:27:18,329 -     || Q: 0.9858
2024-01-18 02:27:18,330 -     || KL: 0.1479
2024-01-18 02:27:18,331 -     || token_match: 0.000, exact_match: 0.000
2024-01-18 02:27:18,332 -     || unique taglist code: 1426
2024-01-18 02:27:18,335 -     || seen taglist code: 1270
2024-01-18 02:27:18,452 -     || saved model
2024-01-18 02:27:18,454 - 
2024-01-18 02:27:18,455 - #epc: 29
2024-01-18 02:27:19,052 - epc:29, epc_KL:  1.000000
2024-01-18 02:34:23,539 - exact_match_tst_copy_acc: 0.770
2024-01-18 02:34:23,540 - exact_match_tst_reinflection_wlemma: 0.113
2024-01-18 02:34:23,541 - exact_match_tst_reinflection_wlemma_TAGFINDER1: 0.050
2024-01-18 02:34:23,543 - exact_match_tst_reinflection_wlemma_TAGFINDER1_or_2: 0.083
2024-01-18 02:34:23,848 - TRN || epcloss: 0.0689
2024-01-18 02:34:23,850 -     || Q: 0.8759
2024-01-18 02:34:23,851 -     || KL: 0.0648
2024-01-18 02:34:23,852 -     || token_match: 0.000, exact_match: 0.000
2024-01-18 02:34:23,853 -     || unique taglist code: 98270
2024-01-18 02:34:23,854 - DEV || epcloss: 0.0529
2024-01-18 02:34:23,855 -     || Q: 0.9241
2024-01-18 02:34:23,856 -     || KL: 0.1539
2024-01-18 02:34:23,857 -     || token_match: 0.000, exact_match: 0.000
2024-01-18 02:34:23,858 -     || unique taglist code: 1423
2024-01-18 02:34:23,862 -     || seen taglist code: 1283
2024-01-18 02:34:23,925 -     || saved model
2024-01-18 02:34:23,927 - 
2024-01-18 02:34:23,928 - #epc: 30
2024-01-18 02:34:24,543 - epc:30, epc_KL:  1.000000
2024-01-18 02:41:33,725 - exact_match_tst_copy_acc: 0.005
2024-01-18 02:41:33,726 - exact_match_tst_reinflection_wlemma: 0.000
2024-01-18 02:41:33,728 - exact_match_tst_reinflection_wlemma_TAGFINDER1: 0.000
2024-01-18 02:41:33,729 - exact_match_tst_reinflection_wlemma_TAGFINDER1_or_2: 0.000
2024-01-18 02:41:34,569 - TRN || epcloss: 0.5868
2024-01-18 02:41:34,570 -     || Q: 1.6772
2024-01-18 02:41:34,571 -     || KL: 0.2916
2024-01-18 02:41:34,574 -     || token_match: 0.000, exact_match: 0.000
2024-01-18 02:41:34,575 -     || unique taglist code: 90571
2024-01-18 02:41:34,576 - DEV || epcloss: 1.0771
2024-01-18 02:41:34,577 -     || Q: 1.6970
2024-01-18 02:41:34,579 -     || KL: 1.1532
2024-01-18 02:41:34,580 -     || token_match: 0.000, exact_match: 0.000
2024-01-18 02:41:34,581 -     || unique taglist code: 619
2024-01-18 02:41:34,583 -     || seen taglist code: 592
2024-01-18 02:41:34,645 -     || saved model
2024-01-18 02:41:34,647 - 
2024-01-18 02:41:34,648 - #epc: 31
2024-01-18 02:41:35,229 - epc:31, epc_KL:  1.000000
2024-01-18 02:48:34,254 - exact_match_tst_copy_acc: 0.010
2024-01-18 02:48:34,255 - exact_match_tst_reinflection_wlemma: 0.001
2024-01-18 02:48:34,256 - exact_match_tst_reinflection_wlemma_TAGFINDER1: 0.001
2024-01-18 02:48:34,257 - exact_match_tst_reinflection_wlemma_TAGFINDER1_or_2: 0.001
2024-01-18 02:48:34,536 - TRN || epcloss: 0.7890
2024-01-18 02:48:34,537 -     || Q: 1.4807
2024-01-18 02:48:34,539 -     || KL: 0.2111
2024-01-18 02:48:34,540 -     || token_match: 0.000, exact_match: 0.000
2024-01-18 02:48:34,541 -     || unique taglist code: 12354
2024-01-18 02:48:34,542 - DEV || epcloss: 0.5129
2024-01-18 02:48:34,543 -     || Q: 1.3305
2024-01-18 02:48:34,544 -     || KL: 0.2890
2024-01-18 02:48:34,545 -     || token_match: 0.000, exact_match: 0.000
2024-01-18 02:48:34,546 -     || unique taglist code: 548
2024-01-18 02:48:34,548 -     || seen taglist code: 546
2024-01-18 02:48:34,616 -     || saved model
2024-01-18 02:48:34,618 - 
2024-01-18 02:48:34,620 - #epc: 32
2024-01-18 02:48:35,249 - epc:32, epc_KL:  1.000000
2024-01-18 02:55:39,571 - exact_match_tst_copy_acc: 0.206
2024-01-18 02:55:39,573 - exact_match_tst_reinflection_wlemma: 0.028
2024-01-18 02:55:39,574 - exact_match_tst_reinflection_wlemma_TAGFINDER1: 0.013
2024-01-18 02:55:39,575 - exact_match_tst_reinflection_wlemma_TAGFINDER1_or_2: 0.019
2024-01-18 02:55:39,920 - TRN || epcloss: 0.3728
2024-01-18 02:55:39,921 -     || Q: 1.6208
2024-01-18 02:55:39,922 -     || KL: 0.1032
2024-01-18 02:55:39,923 -     || token_match: 0.000, exact_match: 0.000
2024-01-18 02:55:39,925 -     || unique taglist code: 25368
2024-01-18 02:55:39,926 - DEV || epcloss: 0.1949
2024-01-18 02:55:39,927 -     || Q: 1.8501
2024-01-18 02:55:39,928 -     || KL: 0.2010
2024-01-18 02:55:39,929 -     || token_match: 0.000, exact_match: 0.000
2024-01-18 02:55:39,930 -     || unique taglist code: 1354
2024-01-18 02:55:39,932 -     || seen taglist code: 1217
2024-01-18 02:55:40,001 -     || saved model
2024-01-18 02:55:40,003 - 
2024-01-18 02:55:40,004 - #epc: 33
2024-01-18 02:55:40,626 - epc:33, epc_KL:  1.000000
2024-01-18 03:03:12,614 - exact_match_tst_copy_acc: 0.000
2024-01-18 03:03:12,615 - exact_match_tst_reinflection_wlemma: 0.000
2024-01-18 03:03:12,616 - exact_match_tst_reinflection_wlemma_TAGFINDER1: 0.000
2024-01-18 03:03:12,617 - exact_match_tst_reinflection_wlemma_TAGFINDER1_or_2: 0.000
2024-01-18 03:03:13,950 - TRN || epcloss: 2.1035
2024-01-18 03:03:13,951 -     || Q: 7.3363
2024-01-18 03:03:13,952 -     || KL: 0.6506
2024-01-18 03:03:13,953 -     || token_match: 0.000, exact_match: 0.000
2024-01-18 03:03:13,954 -     || unique taglist code: 31290
2024-01-18 03:03:13,955 - DEV || epcloss: 1.8648
2024-01-18 03:03:13,955 -     || Q: 5.0594
2024-01-18 03:03:13,956 -     || KL: 0.6418
2024-01-18 03:03:13,957 -     || token_match: 0.000, exact_match: 0.000
2024-01-18 03:03:13,958 -     || unique taglist code: 113
2024-01-18 03:03:13,960 -     || seen taglist code: 110
2024-01-18 03:03:14,016 -     || saved model
2024-01-18 03:03:14,019 - 
2024-01-18 03:03:14,020 - #epc: 34
2024-01-18 03:03:14,635 - epc:34, epc_KL:  1.000000
2024-01-18 03:10:36,939 - exact_match_tst_copy_acc: 0.001
2024-01-18 03:10:36,940 - exact_match_tst_reinflection_wlemma: 0.000
2024-01-18 03:10:36,941 - exact_match_tst_reinflection_wlemma_TAGFINDER1: 0.000
2024-01-18 03:10:36,942 - exact_match_tst_reinflection_wlemma_TAGFINDER1_or_2: 0.000
2024-01-18 03:10:38,141 - TRN || epcloss: 1.6753
2024-01-18 03:10:38,142 -     || Q: 5.0754
2024-01-18 03:10:38,144 -     || KL: 0.3232
2024-01-18 03:10:38,145 -     || token_match: 0.000, exact_match: 0.000
2024-01-18 03:10:38,146 -     || unique taglist code: 4759
2024-01-18 03:10:38,147 - DEV || epcloss: 0.9648
2024-01-18 03:10:38,148 -     || Q: 3.2080
2024-01-18 03:10:38,149 -     || KL: 0.5558
2024-01-18 03:10:38,150 -     || token_match: 0.000, exact_match: 0.000
2024-01-18 03:10:38,151 -     || unique taglist code: 215
2024-01-18 03:10:38,152 -     || seen taglist code: 213
2024-01-18 03:10:38,216 -     || saved model
2024-01-18 03:10:38,218 - 
2024-01-18 03:10:38,219 - #epc: 35
2024-01-18 03:10:38,813 - epc:35, epc_KL:  1.000000
2024-01-18 03:17:40,160 - exact_match_tst_copy_acc: 0.025
2024-01-18 03:17:40,162 - exact_match_tst_reinflection_wlemma: 0.001
2024-01-18 03:17:40,163 - exact_match_tst_reinflection_wlemma_TAGFINDER1: 0.001
2024-01-18 03:17:40,164 - exact_match_tst_reinflection_wlemma_TAGFINDER1_or_2: 0.001
2024-01-18 03:17:41,094 - TRN || epcloss: 0.8510
2024-01-18 03:17:41,095 -     || Q: 2.4961
2024-01-18 03:17:41,097 -     || KL: 0.1553
2024-01-18 03:17:41,098 -     || token_match: 0.000, exact_match: 0.000
2024-01-18 03:17:41,099 -     || unique taglist code: 2893
2024-01-18 03:17:41,100 - DEV || epcloss: 0.5305
2024-01-18 03:17:41,101 -     || Q: 2.6163
2024-01-18 03:17:41,102 -     || KL: 0.3777
2024-01-18 03:17:41,103 -     || token_match: 0.000, exact_match: 0.000
2024-01-18 03:17:41,104 -     || unique taglist code: 673
2024-01-18 03:17:41,106 -     || seen taglist code: 668
2024-01-18 03:17:41,181 -     || saved model
2024-01-18 03:17:41,183 - 
2024-01-18 03:17:41,185 - #epc: 36
2024-01-18 03:17:41,753 - epc:36, epc_KL:  1.000000
2024-01-18 03:24:41,251 - exact_match_tst_copy_acc: 0.124
2024-01-18 03:24:41,252 - exact_match_tst_reinflection_wlemma: 0.003
2024-01-18 03:24:41,253 - exact_match_tst_reinflection_wlemma_TAGFINDER1: 0.001
2024-01-18 03:24:41,254 - exact_match_tst_reinflection_wlemma_TAGFINDER1_or_2: 0.003
2024-01-18 03:24:42,721 - TRN || epcloss: 0.4933
2024-01-18 03:24:42,722 -     || Q: 2.7278
2024-01-18 03:24:42,723 -     || KL: 0.1498
2024-01-18 03:24:42,724 -     || token_match: 0.000, exact_match: 0.000
2024-01-18 03:24:42,725 -     || unique taglist code: 5176
2024-01-18 03:24:42,726 - DEV || epcloss: 0.2801
2024-01-18 03:24:42,727 -     || Q: 2.5895
2024-01-18 03:24:42,728 -     || KL: 0.3359
2024-01-18 03:24:42,729 -     || token_match: 0.000, exact_match: 0.000
2024-01-18 03:24:42,730 -     || unique taglist code: 994
2024-01-18 03:24:42,731 -     || seen taglist code: 988
2024-01-18 03:24:42,792 -     || saved model
2024-01-18 03:24:42,794 - 
2024-01-18 03:24:42,795 - #epc: 37
2024-01-18 03:24:43,362 - epc:37, epc_KL:  1.000000
2024-01-18 03:31:38,849 - exact_match_tst_copy_acc: 0.323
2024-01-18 03:31:38,850 - exact_match_tst_reinflection_wlemma: 0.003
2024-01-18 03:31:38,852 - exact_match_tst_reinflection_wlemma_TAGFINDER1: 0.001
2024-01-18 03:31:38,853 - exact_match_tst_reinflection_wlemma_TAGFINDER1_or_2: 0.001
2024-01-18 03:31:40,121 - TRN || epcloss: 0.3252
2024-01-18 03:31:40,122 -     || Q: 2.3238
2024-01-18 03:31:40,123 -     || KL: 0.1514
2024-01-18 03:31:40,124 -     || token_match: 0.000, exact_match: 0.000
2024-01-18 03:31:40,125 -     || unique taglist code: 8315
2024-01-18 03:31:40,126 - DEV || epcloss: 0.1687
2024-01-18 03:31:40,127 -     || Q: 2.0338
2024-01-18 03:31:40,128 -     || KL: 0.3252
2024-01-18 03:31:40,129 -     || token_match: 0.000, exact_match: 0.000
2024-01-18 03:31:40,130 -     || unique taglist code: 1147
2024-01-18 03:31:40,132 -     || seen taglist code: 1137
2024-01-18 03:31:40,254 -     || saved model
2024-01-18 03:31:40,256 - 
2024-01-18 03:31:40,257 - #epc: 38
2024-01-18 03:31:40,876 - epc:38, epc_KL:  1.000000
2024-01-18 03:38:34,711 - exact_match_tst_copy_acc: 0.442
2024-01-18 03:38:34,712 - exact_match_tst_reinflection_wlemma: 0.003
2024-01-18 03:38:34,713 - exact_match_tst_reinflection_wlemma_TAGFINDER1: 0.000
2024-01-18 03:38:34,714 - exact_match_tst_reinflection_wlemma_TAGFINDER1_or_2: 0.001
2024-01-18 03:38:35,389 - TRN || epcloss: 0.2302
2024-01-18 03:38:35,390 -     || Q: 2.0260
2024-01-18 03:38:35,391 -     || KL: 0.1452
2024-01-18 03:38:35,392 -     || token_match: 0.000, exact_match: 0.000
2024-01-18 03:38:35,393 -     || unique taglist code: 11839
2024-01-18 03:38:35,394 - DEV || epcloss: 0.1278
2024-01-18 03:38:35,395 -     || Q: 1.8391
2024-01-18 03:38:35,396 -     || KL: 0.3116
2024-01-18 03:38:35,397 -     || token_match: 0.000, exact_match: 0.000
2024-01-18 03:38:35,398 -     || unique taglist code: 1200
2024-01-18 03:38:35,400 -     || seen taglist code: 1193
2024-01-18 03:38:35,461 -     || saved model
2024-01-18 03:38:35,464 - 
2024-01-18 03:38:35,465 - #epc: 39
2024-01-18 03:38:36,031 - epc:39, epc_KL:  1.000000
2024-01-18 03:45:28,804 - exact_match_tst_copy_acc: 0.583
2024-01-18 03:45:28,806 - exact_match_tst_reinflection_wlemma: 0.008
2024-01-18 03:45:28,807 - exact_match_tst_reinflection_wlemma_TAGFINDER1: 0.002
2024-01-18 03:45:28,808 - exact_match_tst_reinflection_wlemma_TAGFINDER1_or_2: 0.005
2024-01-18 03:45:29,460 - TRN || epcloss: 0.1859
2024-01-18 03:45:29,461 -     || Q: 1.8412
2024-01-18 03:45:29,462 -     || KL: 0.1420
2024-01-18 03:45:29,463 -     || token_match: 0.000, exact_match: 0.000
2024-01-18 03:45:29,464 -     || unique taglist code: 14409
2024-01-18 03:45:29,465 - DEV || epcloss: 0.0887
2024-01-18 03:45:29,466 -     || Q: 1.6317
2024-01-18 03:45:29,467 -     || KL: 0.2934
2024-01-18 03:45:29,468 -     || token_match: 0.000, exact_match: 0.000
2024-01-18 03:45:29,469 -     || unique taglist code: 1264
2024-01-18 03:45:29,470 -     || seen taglist code: 1249
2024-01-18 03:45:29,550 -     || saved model
2024-01-18 03:45:29,553 - 
2024-01-18 03:45:29,554 - #epc: 40
2024-01-18 03:45:30,001 - epc:40, epc_KL:  1.000000
2024-01-18 03:52:18,525 - exact_match_tst_copy_acc: 0.665
2024-01-18 03:52:18,526 - exact_match_tst_reinflection_wlemma: 0.017
2024-01-18 03:52:18,527 - exact_match_tst_reinflection_wlemma_TAGFINDER1: 0.008
2024-01-18 03:52:18,528 - exact_match_tst_reinflection_wlemma_TAGFINDER1_or_2: 0.011
2024-01-18 03:52:18,932 - TRN || epcloss: 0.1456
2024-01-18 03:52:18,933 -     || Q: 1.6063
2024-01-18 03:52:18,934 -     || KL: 0.1330
2024-01-18 03:52:18,935 -     || token_match: 0.000, exact_match: 0.000
2024-01-18 03:52:18,937 -     || unique taglist code: 16769
2024-01-18 03:52:18,938 - DEV || epcloss: 0.0727
2024-01-18 03:52:18,939 -     || Q: 1.4880
2024-01-18 03:52:18,940 -     || KL: 0.2773
2024-01-18 03:52:18,941 -     || token_match: 0.000, exact_match: 0.000
2024-01-18 03:52:18,942 -     || unique taglist code: 1295
2024-01-18 03:52:18,943 -     || seen taglist code: 1278
2024-01-18 03:52:19,003 -     || saved model
2024-01-18 03:52:19,005 - 
2024-01-18 03:52:19,006 - #epc: 41
2024-01-18 03:52:19,426 - epc:41, epc_KL:  1.000000
2024-01-18 03:59:10,586 - exact_match_tst_copy_acc: 0.754
2024-01-18 03:59:10,588 - exact_match_tst_reinflection_wlemma: 0.015
2024-01-18 03:59:10,589 - exact_match_tst_reinflection_wlemma_TAGFINDER1: 0.008
2024-01-18 03:59:10,590 - exact_match_tst_reinflection_wlemma_TAGFINDER1_or_2: 0.011
2024-01-18 03:59:10,917 - TRN || epcloss: 0.1219
2024-01-18 03:59:10,918 -     || Q: 1.3847
2024-01-18 03:59:10,919 -     || KL: 0.1249
2024-01-18 03:59:10,920 -     || token_match: 0.000, exact_match: 0.000
2024-01-18 03:59:10,921 -     || unique taglist code: 19583
2024-01-18 03:59:10,923 - DEV || epcloss: 0.0522
2024-01-18 03:59:10,924 -     || Q: 1.1370
2024-01-18 03:59:10,925 -     || KL: 0.2695
2024-01-18 03:59:10,927 -     || token_match: 0.000, exact_match: 0.000
2024-01-18 03:59:10,928 -     || unique taglist code: 1307
2024-01-18 03:59:10,929 -     || seen taglist code: 1295
2024-01-18 03:59:10,997 -     || saved model
2024-01-18 03:59:10,999 - 
2024-01-18 03:59:11,001 - #epc: 42
2024-01-18 03:59:11,409 - epc:42, epc_KL:  1.000000
2024-01-18 04:06:01,003 - exact_match_tst_copy_acc: 0.750
2024-01-18 04:06:01,005 - exact_match_tst_reinflection_wlemma: 0.013
2024-01-18 04:06:01,006 - exact_match_tst_reinflection_wlemma_TAGFINDER1: 0.008
2024-01-18 04:06:01,007 - exact_match_tst_reinflection_wlemma_TAGFINDER1_or_2: 0.010
2024-01-18 04:06:01,333 - TRN || epcloss: 0.1025
2024-01-18 04:06:01,334 -     || Q: 1.2175
2024-01-18 04:06:01,335 -     || KL: 0.1189
2024-01-18 04:06:01,336 -     || token_match: 0.000, exact_match: 0.000
2024-01-18 04:06:01,338 -     || unique taglist code: 22715
2024-01-18 04:06:01,341 - DEV || epcloss: 0.0544
2024-01-18 04:06:01,342 -     || Q: 1.1595
2024-01-18 04:06:01,344 -     || KL: 0.2439
2024-01-18 04:06:01,345 -     || token_match: 0.000, exact_match: 0.000
2024-01-18 04:06:01,346 -     || unique taglist code: 1325
2024-01-18 04:06:01,348 -     || seen taglist code: 1294
2024-01-18 04:06:01,437 -     || saved model
2024-01-18 04:06:01,439 - 
2024-01-18 04:06:01,440 - #epc: 43
2024-01-18 04:06:01,867 - epc:43, epc_KL:  1.000000
2024-01-18 04:12:52,102 - exact_match_tst_copy_acc: 0.775
2024-01-18 04:12:52,103 - exact_match_tst_reinflection_wlemma: 0.019
2024-01-18 04:12:52,104 - exact_match_tst_reinflection_wlemma_TAGFINDER1: 0.010
2024-01-18 04:12:52,105 - exact_match_tst_reinflection_wlemma_TAGFINDER1_or_2: 0.016
2024-01-18 04:12:52,504 - TRN || epcloss: 0.0877
2024-01-18 04:12:52,505 -     || Q: 1.1755
2024-01-18 04:12:52,506 -     || KL: 0.1139
2024-01-18 04:12:52,507 -     || token_match: 0.000, exact_match: 0.000
2024-01-18 04:12:52,508 -     || unique taglist code: 23549
2024-01-18 04:12:52,509 - DEV || epcloss: 0.0439
2024-01-18 04:12:52,511 -     || Q: 1.2071
2024-01-18 04:12:52,512 -     || KL: 0.2480
2024-01-18 04:12:52,513 -     || token_match: 0.000, exact_match: 0.000
2024-01-18 04:12:52,514 -     || unique taglist code: 1327
2024-01-18 04:12:52,516 -     || seen taglist code: 1302
2024-01-18 04:12:52,569 -     || saved model
2024-01-18 04:12:52,571 - 
2024-01-18 04:12:52,572 - #epc: 44
2024-01-18 04:12:53,009 - epc:44, epc_KL:  1.000000
2024-01-18 04:19:45,318 - exact_match_tst_copy_acc: 0.820
2024-01-18 04:19:45,320 - exact_match_tst_reinflection_wlemma: 0.018
2024-01-18 04:19:45,321 - exact_match_tst_reinflection_wlemma_TAGFINDER1: 0.010
2024-01-18 04:19:45,322 - exact_match_tst_reinflection_wlemma_TAGFINDER1_or_2: 0.013
2024-01-18 04:19:45,714 - TRN || epcloss: 0.0829
2024-01-18 04:19:45,715 -     || Q: 1.1274
2024-01-18 04:19:45,716 -     || KL: 0.1113
2024-01-18 04:19:45,717 -     || token_match: 0.000, exact_match: 0.000
2024-01-18 04:19:45,718 -     || unique taglist code: 23406
2024-01-18 04:19:45,720 - DEV || epcloss: 0.0346
2024-01-18 04:19:45,721 -     || Q: 1.0280
2024-01-18 04:19:45,722 -     || KL: 0.2376
2024-01-18 04:19:45,722 -     || token_match: 0.000, exact_match: 0.000
2024-01-18 04:19:45,723 -     || unique taglist code: 1332
2024-01-18 04:19:45,725 -     || seen taglist code: 1315
2024-01-18 04:19:45,807 -     || saved model
2024-01-18 04:19:45,809 - 
2024-01-18 04:19:45,810 - #epc: 45
2024-01-18 04:19:46,263 - epc:45, epc_KL:  1.000000
2024-01-18 04:26:35,980 - exact_match_tst_copy_acc: 0.851
2024-01-18 04:26:35,982 - exact_match_tst_reinflection_wlemma: 0.025
2024-01-18 04:26:35,983 - exact_match_tst_reinflection_wlemma_TAGFINDER1: 0.014
2024-01-18 04:26:35,984 - exact_match_tst_reinflection_wlemma_TAGFINDER1_or_2: 0.019
2024-01-18 04:26:36,327 - TRN || epcloss: 0.0722
2024-01-18 04:26:36,328 -     || Q: 1.0520
2024-01-18 04:26:36,330 -     || KL: 0.1073
2024-01-18 04:26:36,331 -     || token_match: 0.000, exact_match: 0.000
2024-01-18 04:26:36,332 -     || unique taglist code: 24546
2024-01-18 04:26:36,333 - DEV || epcloss: 0.0299
2024-01-18 04:26:36,334 -     || Q: 0.9743
2024-01-18 04:26:36,335 -     || KL: 0.2268
2024-01-18 04:26:36,336 -     || token_match: 0.000, exact_match: 0.000
2024-01-18 04:26:36,337 -     || unique taglist code: 1329
2024-01-18 04:26:36,339 -     || seen taglist code: 1309
2024-01-18 04:26:36,438 -     || saved model
2024-01-18 04:26:36,441 - 
2024-01-18 04:26:36,442 - #epc: 46
2024-01-18 04:26:36,891 - epc:46, epc_KL:  1.000000
2024-01-18 04:33:26,613 - exact_match_tst_copy_acc: 0.831
2024-01-18 04:33:26,614 - exact_match_tst_reinflection_wlemma: 0.023
2024-01-18 04:33:26,615 - exact_match_tst_reinflection_wlemma_TAGFINDER1: 0.010
2024-01-18 04:33:26,616 - exact_match_tst_reinflection_wlemma_TAGFINDER1_or_2: 0.015
2024-01-18 04:33:26,967 - TRN || epcloss: 0.0667
2024-01-18 04:33:26,969 -     || Q: 1.0226
2024-01-18 04:33:26,970 -     || KL: 0.1042
2024-01-18 04:33:26,971 -     || token_match: 0.000, exact_match: 0.000
2024-01-18 04:33:26,972 -     || unique taglist code: 23596
2024-01-18 04:33:26,973 - DEV || epcloss: 0.0345
2024-01-18 04:33:26,974 -     || Q: 1.0961
2024-01-18 04:33:26,975 -     || KL: 0.2327
2024-01-18 04:33:26,976 -     || token_match: 0.000, exact_match: 0.000
2024-01-18 04:33:26,977 -     || unique taglist code: 1332
2024-01-18 04:33:26,979 -     || seen taglist code: 1312
2024-01-18 04:33:27,046 -     || saved model
2024-01-18 04:33:27,049 - 
2024-01-18 04:33:27,050 - #epc: 47
2024-01-18 04:33:27,509 - epc:47, epc_KL:  1.000000
2024-01-18 04:40:19,413 - exact_match_tst_copy_acc: 0.876
2024-01-18 04:40:19,415 - exact_match_tst_reinflection_wlemma: 0.026
2024-01-18 04:40:19,416 - exact_match_tst_reinflection_wlemma_TAGFINDER1: 0.009
2024-01-18 04:40:19,417 - exact_match_tst_reinflection_wlemma_TAGFINDER1_or_2: 0.018
2024-01-18 04:40:19,770 - TRN || epcloss: 0.0636
2024-01-18 04:40:19,771 -     || Q: 1.0321
2024-01-18 04:40:19,771 -     || KL: 0.1016
2024-01-18 04:40:19,772 -     || token_match: 0.000, exact_match: 0.000
2024-01-18 04:40:19,774 -     || unique taglist code: 23273
2024-01-18 04:40:19,775 - DEV || epcloss: 0.0264
2024-01-18 04:40:19,775 -     || Q: 0.9922
2024-01-18 04:40:19,776 -     || KL: 0.2187
2024-01-18 04:40:19,777 -     || token_match: 0.000, exact_match: 0.000
2024-01-18 04:40:19,778 -     || unique taglist code: 1335
2024-01-18 04:40:19,780 -     || seen taglist code: 1310
2024-01-18 04:40:20,112 -     || saved model
2024-01-18 04:40:20,116 - 
2024-01-18 04:40:20,117 - #epc: 48
2024-01-18 04:40:20,648 - epc:48, epc_KL:  1.000000
2024-01-18 04:47:11,343 - exact_match_tst_copy_acc: 0.878
2024-01-18 04:47:11,345 - exact_match_tst_reinflection_wlemma: 0.026
2024-01-18 04:47:11,346 - exact_match_tst_reinflection_wlemma_TAGFINDER1: 0.012
2024-01-18 04:47:11,347 - exact_match_tst_reinflection_wlemma_TAGFINDER1_or_2: 0.017
2024-01-18 04:47:11,719 - TRN || epcloss: 0.0608
2024-01-18 04:47:11,720 -     || Q: 1.0242
2024-01-18 04:47:11,721 -     || KL: 0.1001
2024-01-18 04:47:11,722 -     || token_match: 0.000, exact_match: 0.000
2024-01-18 04:47:11,723 -     || unique taglist code: 23041
2024-01-18 04:47:11,724 - DEV || epcloss: 0.0221
2024-01-18 04:47:11,725 -     || Q: 0.9863
2024-01-18 04:47:11,726 -     || KL: 0.2157
2024-01-18 04:47:11,727 -     || token_match: 0.000, exact_match: 0.000
2024-01-18 04:47:11,728 -     || unique taglist code: 1334
2024-01-18 04:47:11,730 -     || seen taglist code: 1324
2024-01-18 04:47:11,824 -     || saved model
2024-01-18 04:47:11,827 - 
2024-01-18 04:47:11,828 - #epc: 49
2024-01-18 04:47:12,281 - epc:49, epc_KL:  1.000000
2024-01-18 04:54:03,506 - exact_match_tst_copy_acc: 0.860
2024-01-18 04:54:03,507 - exact_match_tst_reinflection_wlemma: 0.024
2024-01-18 04:54:03,508 - exact_match_tst_reinflection_wlemma_TAGFINDER1: 0.010
2024-01-18 04:54:03,509 - exact_match_tst_reinflection_wlemma_TAGFINDER1_or_2: 0.017
2024-01-18 04:54:03,835 - TRN || epcloss: 0.0581
2024-01-18 04:54:03,836 -     || Q: 1.0126
2024-01-18 04:54:03,838 -     || KL: 0.0978
2024-01-18 04:54:03,842 -     || token_match: 0.000, exact_match: 0.000
2024-01-18 04:54:03,843 -     || unique taglist code: 23172
2024-01-18 04:54:03,847 - DEV || epcloss: 0.0243
2024-01-18 04:54:03,849 -     || Q: 0.9878
2024-01-18 04:54:03,854 -     || KL: 0.2163
2024-01-18 04:54:03,857 -     || token_match: 0.000, exact_match: 0.000
2024-01-18 04:54:03,860 -     || unique taglist code: 1343
2024-01-18 04:54:03,861 -     || seen taglist code: 1326
2024-01-18 04:54:03,925 -     || saved model
