2024-02-11 05:00:17,519 - trnsize: 533708
2024-02-11 05:00:17,530 - devsize: 2000
2024-02-11 05:00:17,531 - tstsize: 2000
2024-02-11 05:00:18,640 - Trn unique tgts: 533704
2024-02-11 05:00:18,641 - Trn unique lemmas: 3579
2024-02-11 05:00:18,642 - Trn unique taglists: 865
2024-02-11 05:00:18,643 - Dev unique tgts: 2000
2024-02-11 05:00:18,644 - Dev unique lemmas: 1037
2024-02-11 05:00:18,645 - Dev unique taglists: 723
2024-02-11 05:00:18,646 - Tst unique tgts: 2000
2024-02-11 05:00:18,647 - Tst unique lemmas: 1037
2024-02-11 05:00:18,648 - Tst unique taglists: 723
2024-02-11 05:00:18,649 - seen_dev_tgt: 2
2024-02-11 05:00:18,650 - seen_dev_lemma: 2000
2024-02-11 05:00:18,651 - seen_dev_taglist: 1966
2024-02-11 05:00:18,652 - seen_tst_tgt: 2
2024-02-11 05:00:18,653 - seen_tst_lemma: 2000
2024-02-11 05:00:18,653 - seen_tst_taglist: 1966
2024-02-11 05:00:52,523 - trnID: run2_6x8_zLEM100_zTAG128_decnh1024_kl1.0_epc10_strt5_decdo0.2_inpemb128_bsize64
2024-02-11 05:00:52,524 - batchsize: 64
2024-02-11 05:00:52,525 - epochs: 50
2024-02-11 05:00:52,526 - lr: 0.00050
2024-02-11 05:00:52,527 - KL_WEIGHT: 1.00000
2024-02-11 05:00:52,527 - opt: Adam (
Parameter Group 0
    amsgrad: False
    betas: (0.5, 0.999)
    capturable: False
    eps: 1e-08
    foreach: None
    lr: 0.0005
    maximize: False
    weight_decay: 0
)
2024-02-11 05:00:52,528 - VQVAE(
  (encoder): Encoder_GRU_VQVAE(
    (layers): ModuleList(
      (0): Embedding(63, 128)
      (1): Dropout(p=0.0, inplace=False)
      (2): GRU(128, 256, batch_first=True, bidirectional=True)
    )
  )
  (z_linears): ModuleList(
    (0): Linear(in_features=256, out_features=128, bias=True)
    (1): Linear(in_features=256, out_features=128, bias=True)
    (2): Linear(in_features=256, out_features=128, bias=True)
    (3): Linear(in_features=256, out_features=128, bias=True)
    (4): Linear(in_features=256, out_features=128, bias=True)
    (5): Linear(in_features=256, out_features=128, bias=True)
  )
  (quantizers): ModuleList(
    (0): Quantizer(
      (embeddings): Embedding(8, 128)
    )
    (1): Quantizer(
      (embeddings): Embedding(8, 128)
    )
    (2): Quantizer(
      (embeddings): Embedding(8, 128)
    )
    (3): Quantizer(
      (embeddings): Embedding(8, 128)
    )
    (4): Quantizer(
      (embeddings): Embedding(8, 128)
    )
    (5): Quantizer(
      (embeddings): Embedding(8, 128)
    )
  )
  (z_lemma_mu): Linear(in_features=256, out_features=100, bias=True)
  (z_lemma_logvar): Linear(in_features=256, out_features=100, bias=True)
  (up_from_z_layer): Linear(in_features=228, out_features=1024, bias=True)
  (decoder): Decoder_GRU_VQVAE(
    (layers): ModuleList(
      (0): Embedding(63, 128)
      (1): Dropout(p=0.2, inplace=False)
      (2): GRU(356, 1024, batch_first=True)
      (3): Linear(in_features=1024, out_features=63, bias=True)
    )
    (loss): CrossEntropyLoss()
  )
)
2024-02-11 05:00:52,874 - trnsize: 533708
2024-02-11 05:00:52,875 - devsize: 2000
2024-02-11 05:00:52,876 - tstsize: 2000
2024-02-11 05:00:52,877 - 
2024-02-11 05:00:52,878 - #epc: 0
2024-02-11 05:00:52,882 - epc:0, epc_KL:  0.000000
2024-02-11 05:08:05,779 - exact_match_tst_copy_acc: 0.964
2024-02-11 05:08:05,780 - exact_match_tst_reinflection_wlemma: 0.095
2024-02-11 05:08:05,781 - exact_match_tst_reinflection_wlemma_TAGFINDER1: 0.090
2024-02-11 05:08:05,782 - exact_match_tst_reinflection_wlemma_TAGFINDER1_or_2: 0.100
2024-02-11 05:08:06,091 - TRN || epcloss: 0.0916
2024-02-11 05:08:06,092 -     || Q: 0.0840
2024-02-11 05:08:06,093 -     || KL: 5.9192
2024-02-11 05:08:06,094 -     || token_match: 0.000, exact_match: 0.000
2024-02-11 05:08:06,096 -     || unique taglist code: 12236
2024-02-11 05:08:06,097 - DEV || epcloss: 0.0083
2024-02-11 05:08:06,097 -     || Q: 0.0118
2024-02-11 05:08:06,098 -     || KL: 11.9560
2024-02-11 05:08:06,099 -     || token_match: 0.000, exact_match: 0.000
2024-02-11 05:08:06,100 -     || unique taglist code: 567
2024-02-11 05:08:06,102 -     || seen taglist code: 544
2024-02-11 05:08:06,103 -     || MOST used trncode: 12236
2024-02-11 05:08:06,105 -     || MOST used devcode: 567
2024-02-11 05:08:06,168 -     || saved model
2024-02-11 05:08:06,170 - 
2024-02-11 05:08:06,171 - #epc: 1
2024-02-11 05:08:07,275 - epc:1, epc_KL:  0.000000
2024-02-11 05:15:26,292 - exact_match_tst_copy_acc: 0.970
2024-02-11 05:15:26,294 - exact_match_tst_reinflection_wlemma: 0.086
2024-02-11 05:15:26,295 - exact_match_tst_reinflection_wlemma_TAGFINDER1: 0.076
2024-02-11 05:15:26,296 - exact_match_tst_reinflection_wlemma_TAGFINDER1_or_2: 0.092
2024-02-11 05:15:26,662 - TRN || epcloss: 0.0089
2024-02-11 05:15:26,663 -     || Q: 0.0117
2024-02-11 05:15:26,664 -     || KL: 6.9174
2024-02-11 05:15:26,665 -     || token_match: 0.000, exact_match: 0.000
2024-02-11 05:15:26,666 -     || unique taglist code: 11350
2024-02-11 05:15:26,667 - DEV || epcloss: 0.0068
2024-02-11 05:15:26,668 -     || Q: 0.0108
2024-02-11 05:15:26,669 -     || KL: 12.7435
2024-02-11 05:15:26,670 -     || token_match: 0.000, exact_match: 0.000
2024-02-11 05:15:26,670 -     || unique taglist code: 619
2024-02-11 05:15:26,672 -     || seen taglist code: 591
2024-02-11 05:15:26,673 -     || MOST used devcode: 619
2024-02-11 05:15:26,753 -     || saved model
2024-02-11 05:15:26,755 - 
2024-02-11 05:15:26,756 - #epc: 2
2024-02-11 05:15:27,495 - epc:2, epc_KL:  0.000000
2024-02-11 05:22:45,384 - exact_match_tst_copy_acc: 0.968
2024-02-11 05:22:45,385 - exact_match_tst_reinflection_wlemma: 0.075
2024-02-11 05:22:45,386 - exact_match_tst_reinflection_wlemma_TAGFINDER1: 0.070
2024-02-11 05:22:45,387 - exact_match_tst_reinflection_wlemma_TAGFINDER1_or_2: 0.081
2024-02-11 05:22:45,719 - TRN || epcloss: 0.0065
2024-02-11 05:22:45,721 -     || Q: 0.0074
2024-02-11 05:22:45,722 -     || KL: 7.3125
2024-02-11 05:22:45,723 -     || token_match: 0.000, exact_match: 0.000
2024-02-11 05:22:45,724 -     || unique taglist code: 10929
2024-02-11 05:22:45,725 - DEV || epcloss: 0.0064
2024-02-11 05:22:45,726 -     || Q: 0.0079
2024-02-11 05:22:45,727 -     || KL: 13.0186
2024-02-11 05:22:45,728 -     || token_match: 0.000, exact_match: 0.000
2024-02-11 05:22:45,728 -     || unique taglist code: 555
2024-02-11 05:22:45,730 -     || seen taglist code: 534
2024-02-11 05:22:45,785 -     || saved model
2024-02-11 05:22:45,788 - 
2024-02-11 05:22:45,789 - #epc: 3
2024-02-11 05:22:46,870 - epc:3, epc_KL:  0.000000
2024-02-11 05:30:00,684 - exact_match_tst_copy_acc: 0.981
2024-02-11 05:30:00,685 - exact_match_tst_reinflection_wlemma: 0.081
2024-02-11 05:30:00,686 - exact_match_tst_reinflection_wlemma_TAGFINDER1: 0.070
2024-02-11 05:30:00,687 - exact_match_tst_reinflection_wlemma_TAGFINDER1_or_2: 0.082
2024-02-11 05:30:01,018 - TRN || epcloss: 0.0046
2024-02-11 05:30:01,019 -     || Q: 0.0063
2024-02-11 05:30:01,020 -     || KL: 7.5723
2024-02-11 05:30:01,021 -     || token_match: 0.000, exact_match: 0.000
2024-02-11 05:30:01,022 -     || unique taglist code: 10059
2024-02-11 05:30:01,023 - DEV || epcloss: 0.0034
2024-02-11 05:30:01,024 -     || Q: 0.0053
2024-02-11 05:30:01,025 -     || KL: 13.9734
2024-02-11 05:30:01,026 -     || token_match: 0.000, exact_match: 0.000
2024-02-11 05:30:01,027 -     || unique taglist code: 565
2024-02-11 05:30:01,028 -     || seen taglist code: 545
2024-02-11 05:30:01,093 -     || saved model
2024-02-11 05:30:01,096 - 
2024-02-11 05:30:01,097 - #epc: 4
2024-02-11 05:30:02,163 - epc:4, epc_KL:  0.000000
2024-02-11 05:37:20,737 - exact_match_tst_copy_acc: 0.980
2024-02-11 05:37:20,739 - exact_match_tst_reinflection_wlemma: 0.079
2024-02-11 05:37:20,740 - exact_match_tst_reinflection_wlemma_TAGFINDER1: 0.074
2024-02-11 05:37:20,740 - exact_match_tst_reinflection_wlemma_TAGFINDER1_or_2: 0.085
2024-02-11 05:37:21,084 - TRN || epcloss: 0.0047
2024-02-11 05:37:21,085 -     || Q: 0.0057
2024-02-11 05:37:21,086 -     || KL: 7.7635
2024-02-11 05:37:21,087 -     || token_match: 0.000, exact_match: 0.000
2024-02-11 05:37:21,088 -     || unique taglist code: 10043
2024-02-11 05:37:21,089 - DEV || epcloss: 0.0042
2024-02-11 05:37:21,090 -     || Q: 0.0056
2024-02-11 05:37:21,091 -     || KL: 13.8367
2024-02-11 05:37:21,092 -     || token_match: 0.000, exact_match: 0.000
2024-02-11 05:37:21,093 -     || unique taglist code: 496
2024-02-11 05:37:21,095 -     || seen taglist code: 475
2024-02-11 05:37:21,151 -     || saved model
2024-02-11 05:37:21,154 - 
2024-02-11 05:37:21,155 - #epc: 5
2024-02-11 05:37:22,173 - epc:5, epc_KL:  0.100000
2024-02-11 05:44:43,034 - exact_match_tst_copy_acc: 0.982
2024-02-11 05:44:43,035 - exact_match_tst_reinflection_wlemma: 0.241
2024-02-11 05:44:43,036 - exact_match_tst_reinflection_wlemma_TAGFINDER1: 0.212
2024-02-11 05:44:43,037 - exact_match_tst_reinflection_wlemma_TAGFINDER1_or_2: 0.251
2024-02-11 05:44:43,389 - TRN || epcloss: 0.0283
2024-02-11 05:44:43,390 -     || Q: 0.0269
2024-02-11 05:44:43,392 -     || KL: 0.9296
2024-02-11 05:44:43,393 -     || token_match: 0.000, exact_match: 0.000
2024-02-11 05:44:43,394 -     || unique taglist code: 15413
2024-02-11 05:44:43,395 - DEV || epcloss: 0.0046
2024-02-11 05:44:43,396 -     || Q: 0.0356
2024-02-11 05:44:43,397 -     || KL: 1.3804
2024-02-11 05:44:43,398 -     || token_match: 0.000, exact_match: 0.000
2024-02-11 05:44:43,399 -     || unique taglist code: 891
2024-02-11 05:44:43,400 -     || seen taglist code: 856
2024-02-11 05:44:43,401 -     || MOST used trncode: 15413
2024-02-11 05:44:43,402 -     || MOST used devcode: 891
2024-02-11 05:44:43,456 -     || saved model
2024-02-11 05:44:43,458 - 
2024-02-11 05:44:43,459 - #epc: 6
2024-02-11 05:44:44,207 - epc:6, epc_KL:  0.200000
2024-02-11 05:52:06,212 - exact_match_tst_copy_acc: 0.969
2024-02-11 05:52:06,214 - exact_match_tst_reinflection_wlemma: 0.325
2024-02-11 05:52:06,215 - exact_match_tst_reinflection_wlemma_TAGFINDER1: 0.284
2024-02-11 05:52:06,215 - exact_match_tst_reinflection_wlemma_TAGFINDER1_or_2: 0.327
2024-02-11 05:52:06,722 - TRN || epcloss: 0.0341
2024-02-11 05:52:06,724 -     || Q: 0.0728
2024-02-11 05:52:06,725 -     || KL: 0.5543
2024-02-11 05:52:06,726 -     || token_match: 0.000, exact_match: 0.000
2024-02-11 05:52:06,727 -     || unique taglist code: 17188
2024-02-11 05:52:06,728 - DEV || epcloss: 0.0068
2024-02-11 05:52:06,729 -     || Q: 0.0907
2024-02-11 05:52:06,730 -     || KL: 0.8534
2024-02-11 05:52:06,731 -     || token_match: 0.000, exact_match: 0.000
2024-02-11 05:52:06,732 -     || unique taglist code: 1304
2024-02-11 05:52:06,734 -     || seen taglist code: 1247
2024-02-11 05:52:06,736 -     || MOST used trncode: 17188
2024-02-11 05:52:06,738 -     || MOST used devcode: 1304
2024-02-11 05:52:06,818 -     || saved model
2024-02-11 05:52:06,821 - 
2024-02-11 05:52:06,822 - #epc: 7
2024-02-11 05:52:07,902 - epc:7, epc_KL:  0.300000
2024-02-11 05:59:29,219 - exact_match_tst_copy_acc: 0.966
2024-02-11 05:59:29,220 - exact_match_tst_reinflection_wlemma: 0.501
2024-02-11 05:59:29,221 - exact_match_tst_reinflection_wlemma_TAGFINDER1: 0.454
2024-02-11 05:59:29,222 - exact_match_tst_reinflection_wlemma_TAGFINDER1_or_2: 0.507
2024-02-11 05:59:29,710 - TRN || epcloss: 0.0386
2024-02-11 05:59:29,711 -     || Q: 0.1300
2024-02-11 05:59:29,713 -     || KL: 0.4079
2024-02-11 05:59:29,714 -     || token_match: 0.000, exact_match: 0.000
2024-02-11 05:59:29,715 -     || unique taglist code: 20954
2024-02-11 05:59:29,716 - DEV || epcloss: 0.0093
2024-02-11 05:59:29,717 -     || Q: 0.1589
2024-02-11 05:59:29,718 -     || KL: 0.6846
2024-02-11 05:59:29,719 -     || token_match: 0.000, exact_match: 0.000
2024-02-11 05:59:29,720 -     || unique taglist code: 1423
2024-02-11 05:59:29,722 -     || seen taglist code: 1391
2024-02-11 05:59:29,723 -     || MOST used trncode: 20954
2024-02-11 05:59:29,724 -     || MOST used devcode: 1423
2024-02-11 05:59:29,796 -     || saved model
2024-02-11 05:59:29,799 - 
2024-02-11 05:59:29,800 - #epc: 8
2024-02-11 05:59:30,675 - epc:8, epc_KL:  0.400000
2024-02-11 06:06:50,705 - exact_match_tst_copy_acc: 0.957
2024-02-11 06:06:50,707 - exact_match_tst_reinflection_wlemma: 0.655
2024-02-11 06:06:50,708 - exact_match_tst_reinflection_wlemma_TAGFINDER1: 0.586
2024-02-11 06:06:50,709 - exact_match_tst_reinflection_wlemma_TAGFINDER1_or_2: 0.653
2024-02-11 06:06:51,209 - TRN || epcloss: 0.0432
2024-02-11 06:06:51,210 -     || Q: 0.2081
2024-02-11 06:06:51,212 -     || KL: 0.3380
2024-02-11 06:06:51,213 -     || token_match: 0.000, exact_match: 0.000
2024-02-11 06:06:51,214 -     || unique taglist code: 22195
2024-02-11 06:06:51,216 - DEV || epcloss: 0.0115
2024-02-11 06:06:51,217 -     || Q: 0.2309
2024-02-11 06:06:51,218 -     || KL: 0.5615
2024-02-11 06:06:51,219 -     || token_match: 0.000, exact_match: 0.000
2024-02-11 06:06:51,220 -     || unique taglist code: 1468
2024-02-11 06:06:51,223 -     || seen taglist code: 1428
2024-02-11 06:06:51,224 -     || MOST used trncode: 22195
2024-02-11 06:06:51,225 -     || MOST used devcode: 1468
2024-02-11 06:06:51,341 -     || saved model
2024-02-11 06:06:51,344 - 
2024-02-11 06:06:51,345 - #epc: 9
2024-02-11 06:06:52,185 - epc:9, epc_KL:  0.500000
2024-02-11 06:14:10,814 - exact_match_tst_copy_acc: 0.945
2024-02-11 06:14:10,815 - exact_match_tst_reinflection_wlemma: 0.707
2024-02-11 06:14:10,816 - exact_match_tst_reinflection_wlemma_TAGFINDER1: 0.623
2024-02-11 06:14:10,817 - exact_match_tst_reinflection_wlemma_TAGFINDER1_or_2: 0.696
2024-02-11 06:14:11,129 - TRN || epcloss: 0.0489
2024-02-11 06:14:11,130 -     || Q: 0.2898
2024-02-11 06:14:11,131 -     || KL: 0.2940
2024-02-11 06:14:11,133 -     || token_match: 0.000, exact_match: 0.000
2024-02-11 06:14:11,134 -     || unique taglist code: 23409
2024-02-11 06:14:11,135 - DEV || epcloss: 0.0133
2024-02-11 06:14:11,135 -     || Q: 0.3138
2024-02-11 06:14:11,136 -     || KL: 0.4916
2024-02-11 06:14:11,137 -     || token_match: 0.000, exact_match: 0.000
2024-02-11 06:14:11,138 -     || unique taglist code: 1494
2024-02-11 06:14:11,140 -     || seen taglist code: 1467
2024-02-11 06:14:11,141 -     || MOST used trncode: 23409
2024-02-11 06:14:11,142 -     || MOST used devcode: 1494
2024-02-11 06:14:11,209 -     || saved model
2024-02-11 06:14:11,211 - 
2024-02-11 06:14:11,212 - #epc: 10
2024-02-11 06:14:11,915 - epc:10, epc_KL:  0.600000
2024-02-11 06:21:29,905 - exact_match_tst_copy_acc: 0.943
2024-02-11 06:21:29,906 - exact_match_tst_reinflection_wlemma: 0.813
2024-02-11 06:21:29,907 - exact_match_tst_reinflection_wlemma_TAGFINDER1: 0.707
2024-02-11 06:21:29,908 - exact_match_tst_reinflection_wlemma_TAGFINDER1_or_2: 0.797
2024-02-11 06:21:30,250 - TRN || epcloss: 0.0547
2024-02-11 06:21:30,251 -     || Q: 0.3739
2024-02-11 06:21:30,252 -     || KL: 0.2635
2024-02-11 06:21:30,253 -     || token_match: 0.000, exact_match: 0.000
2024-02-11 06:21:30,254 -     || unique taglist code: 24858
2024-02-11 06:21:30,255 - DEV || epcloss: 0.0139
2024-02-11 06:21:30,256 -     || Q: 0.4073
2024-02-11 06:21:30,258 -     || KL: 0.4519
2024-02-11 06:21:30,259 -     || token_match: 0.000, exact_match: 0.000
2024-02-11 06:21:30,260 -     || unique taglist code: 1560
2024-02-11 06:21:30,262 -     || seen taglist code: 1527
2024-02-11 06:21:30,263 -     || MOST used trncode: 24858
2024-02-11 06:21:30,264 -     || MOST used devcode: 1560
2024-02-11 06:21:30,317 -     || saved model
2024-02-11 06:21:30,320 - 
2024-02-11 06:21:30,321 - #epc: 11
2024-02-11 06:21:31,022 - epc:11, epc_KL:  0.700000
2024-02-11 06:28:48,468 - exact_match_tst_copy_acc: 0.933
2024-02-11 06:28:48,470 - exact_match_tst_reinflection_wlemma: 0.822
2024-02-11 06:28:48,471 - exact_match_tst_reinflection_wlemma_TAGFINDER1: 0.707
2024-02-11 06:28:48,472 - exact_match_tst_reinflection_wlemma_TAGFINDER1_or_2: 0.795
2024-02-11 06:28:48,815 - TRN || epcloss: 0.0612
2024-02-11 06:28:48,816 -     || Q: 0.4579
2024-02-11 06:28:48,817 -     || KL: 0.2415
2024-02-11 06:28:48,818 -     || token_match: 0.000, exact_match: 0.000
2024-02-11 06:28:48,819 -     || unique taglist code: 26931
2024-02-11 06:28:48,820 - DEV || epcloss: 0.0172
2024-02-11 06:28:48,821 -     || Q: 0.4494
2024-02-11 06:28:48,822 -     || KL: 0.4169
2024-02-11 06:28:48,823 -     || token_match: 0.000, exact_match: 0.000
2024-02-11 06:28:48,824 -     || unique taglist code: 1572
2024-02-11 06:28:48,826 -     || seen taglist code: 1527
2024-02-11 06:28:48,828 -     || MOST used trncode: 26931
2024-02-11 06:28:48,829 -     || MOST used devcode: 1572
2024-02-11 06:28:48,884 -     || saved model
2024-02-11 06:28:48,887 - 
2024-02-11 06:28:48,888 - #epc: 12
2024-02-11 06:28:49,622 - epc:12, epc_KL:  0.800000
2024-02-11 06:36:07,077 - exact_match_tst_copy_acc: 0.925
2024-02-11 06:36:07,078 - exact_match_tst_reinflection_wlemma: 0.845
2024-02-11 06:36:07,079 - exact_match_tst_reinflection_wlemma_TAGFINDER1: 0.728
2024-02-11 06:36:07,080 - exact_match_tst_reinflection_wlemma_TAGFINDER1_or_2: 0.819
2024-02-11 06:36:07,403 - TRN || epcloss: 0.0673
2024-02-11 06:36:07,405 -     || Q: 0.5237
2024-02-11 06:36:07,406 -     || KL: 0.2229
2024-02-11 06:36:07,407 -     || token_match: 0.000, exact_match: 0.000
2024-02-11 06:36:07,408 -     || unique taglist code: 29883
2024-02-11 06:36:07,408 - DEV || epcloss: 0.0197
2024-02-11 06:36:07,409 -     || Q: 0.5378
2024-02-11 06:36:07,410 -     || KL: 0.3866
2024-02-11 06:36:07,411 -     || token_match: 0.000, exact_match: 0.000
2024-02-11 06:36:07,412 -     || unique taglist code: 1648
2024-02-11 06:36:07,414 -     || seen taglist code: 1584
2024-02-11 06:36:07,415 -     || MOST used trncode: 29883
2024-02-11 06:36:07,415 -     || MOST used devcode: 1648
2024-02-11 06:36:07,468 -     || saved model
2024-02-11 06:36:07,471 - 
2024-02-11 06:36:07,472 - #epc: 13
2024-02-11 06:36:08,179 - epc:13, epc_KL:  0.900000
2024-02-11 06:43:26,636 - exact_match_tst_copy_acc: 0.900
2024-02-11 06:43:26,637 - exact_match_tst_reinflection_wlemma: 0.825
2024-02-11 06:43:26,638 - exact_match_tst_reinflection_wlemma_TAGFINDER1: 0.677
2024-02-11 06:43:26,639 - exact_match_tst_reinflection_wlemma_TAGFINDER1_or_2: 0.788
2024-02-11 06:43:26,991 - TRN || epcloss: 0.0747
2024-02-11 06:43:26,995 -     || Q: 0.5936
2024-02-11 06:43:27,000 -     || KL: 0.2063
2024-02-11 06:43:27,005 -     || token_match: 0.000, exact_match: 0.000
2024-02-11 06:43:27,009 -     || unique taglist code: 33629
2024-02-11 06:43:27,010 - DEV || epcloss: 0.0238
2024-02-11 06:43:27,011 -     || Q: 0.6269
2024-02-11 06:43:27,015 -     || KL: 0.3574
2024-02-11 06:43:27,018 -     || token_match: 0.000, exact_match: 0.000
2024-02-11 06:43:27,020 -     || unique taglist code: 1674
2024-02-11 06:43:27,024 -     || seen taglist code: 1585
2024-02-11 06:43:27,027 -     || MOST used trncode: 33629
2024-02-11 06:43:27,030 -     || MOST used devcode: 1674
2024-02-11 06:43:27,085 -     || saved model
2024-02-11 06:43:27,088 - 
2024-02-11 06:43:27,089 - #epc: 14
2024-02-11 06:43:27,800 - epc:14, epc_KL:  1.000000
2024-02-11 06:50:47,200 - exact_match_tst_copy_acc: 0.876
2024-02-11 06:50:47,201 - exact_match_tst_reinflection_wlemma: 0.792
2024-02-11 06:50:47,202 - exact_match_tst_reinflection_wlemma_TAGFINDER1: 0.600
2024-02-11 06:50:47,203 - exact_match_tst_reinflection_wlemma_TAGFINDER1_or_2: 0.748
2024-02-11 06:50:47,586 - TRN || epcloss: 0.0844
2024-02-11 06:50:47,587 -     || Q: 0.7001
2024-02-11 06:50:47,588 -     || KL: 0.1930
2024-02-11 06:50:47,589 -     || token_match: 0.000, exact_match: 0.000
2024-02-11 06:50:47,590 -     || unique taglist code: 37828
2024-02-11 06:50:47,591 - DEV || epcloss: 0.0318
2024-02-11 06:50:47,592 -     || Q: 0.7869
2024-02-11 06:50:47,593 -     || KL: 0.3265
2024-02-11 06:50:47,594 -     || token_match: 0.000, exact_match: 0.000
2024-02-11 06:50:47,595 -     || unique taglist code: 1718
2024-02-11 06:50:47,597 -     || seen taglist code: 1667
2024-02-11 06:50:47,598 -     || MOST used trncode: 37828
2024-02-11 06:50:47,600 -     || MOST used devcode: 1718
2024-02-11 06:50:47,665 -     || saved model
2024-02-11 06:50:47,667 - 
2024-02-11 06:50:47,668 - #epc: 15
2024-02-11 06:50:48,370 - epc:15, epc_KL:  1.000000
2024-02-11 06:58:05,432 - exact_match_tst_copy_acc: 0.867
2024-02-11 06:58:05,434 - exact_match_tst_reinflection_wlemma: 0.788
2024-02-11 06:58:05,435 - exact_match_tst_reinflection_wlemma_TAGFINDER1: 0.589
2024-02-11 06:58:05,436 - exact_match_tst_reinflection_wlemma_TAGFINDER1_or_2: 0.740
2024-02-11 06:58:05,767 - TRN || epcloss: 0.0888
2024-02-11 06:58:05,769 -     || Q: 0.7931
2024-02-11 06:58:05,770 -     || KL: 0.1879
2024-02-11 06:58:05,771 -     || token_match: 0.000, exact_match: 0.000
2024-02-11 06:58:05,772 -     || unique taglist code: 40120
2024-02-11 06:58:05,773 - DEV || epcloss: 0.0347
2024-02-11 06:58:05,774 -     || Q: 0.7823
2024-02-11 06:58:05,775 -     || KL: 0.3314
2024-02-11 06:58:05,776 -     || token_match: 0.000, exact_match: 0.000
2024-02-11 06:58:05,777 -     || unique taglist code: 1740
2024-02-11 06:58:05,779 -     || seen taglist code: 1675
2024-02-11 06:58:05,780 -     || MOST used trncode: 40120
2024-02-11 06:58:05,781 -     || MOST used devcode: 1740
2024-02-11 06:58:05,833 -     || saved model
2024-02-11 06:58:05,835 - 
2024-02-11 06:58:05,836 - #epc: 16
2024-02-11 06:58:06,541 - epc:16, epc_KL:  1.000000
2024-02-11 07:05:24,110 - exact_match_tst_copy_acc: 0.877
2024-02-11 07:05:24,112 - exact_match_tst_reinflection_wlemma: 0.802
2024-02-11 07:05:24,113 - exact_match_tst_reinflection_wlemma_TAGFINDER1: 0.576
2024-02-11 07:05:24,114 - exact_match_tst_reinflection_wlemma_TAGFINDER1_or_2: 0.735
2024-02-11 07:05:24,480 - TRN || epcloss: 0.0921
2024-02-11 07:05:24,481 -     || Q: 0.8279
2024-02-11 07:05:24,482 -     || KL: 0.1860
2024-02-11 07:05:24,483 -     || token_match: 0.000, exact_match: 0.000
2024-02-11 07:05:24,484 -     || unique taglist code: 42003
2024-02-11 07:05:24,485 - DEV || epcloss: 0.0331
2024-02-11 07:05:24,486 -     || Q: 0.8475
2024-02-11 07:05:24,487 -     || KL: 0.3323
2024-02-11 07:05:24,488 -     || token_match: 0.000, exact_match: 0.000
2024-02-11 07:05:24,489 -     || unique taglist code: 1737
2024-02-11 07:05:24,491 -     || seen taglist code: 1678
2024-02-11 07:05:24,492 -     || MOST used trncode: 42003
2024-02-11 07:05:24,545 -     || saved model
2024-02-11 07:05:24,547 - 
2024-02-11 07:05:24,548 - #epc: 17
2024-02-11 07:05:25,248 - epc:17, epc_KL:  1.000000
2024-02-11 07:12:43,569 - exact_match_tst_copy_acc: 0.841
2024-02-11 07:12:43,570 - exact_match_tst_reinflection_wlemma: 0.785
2024-02-11 07:12:43,571 - exact_match_tst_reinflection_wlemma_TAGFINDER1: 0.546
2024-02-11 07:12:43,572 - exact_match_tst_reinflection_wlemma_TAGFINDER1_or_2: 0.713
2024-02-11 07:12:43,933 - TRN || epcloss: 0.0935
2024-02-11 07:12:43,935 -     || Q: 0.8479
2024-02-11 07:12:43,936 -     || KL: 0.1842
2024-02-11 07:12:43,937 -     || token_match: 0.000, exact_match: 0.000
2024-02-11 07:12:43,937 -     || unique taglist code: 41580
2024-02-11 07:12:43,939 - DEV || epcloss: 0.0425
2024-02-11 07:12:43,939 -     || Q: 0.8555
2024-02-11 07:12:43,940 -     || KL: 0.3287
2024-02-11 07:12:43,941 -     || token_match: 0.000, exact_match: 0.000
2024-02-11 07:12:43,942 -     || unique taglist code: 1739
2024-02-11 07:12:43,944 -     || seen taglist code: 1668
2024-02-11 07:12:44,005 -     || saved model
2024-02-11 07:12:44,007 - 
2024-02-11 07:12:44,008 - #epc: 18
2024-02-11 07:12:44,727 - epc:18, epc_KL:  1.000000
2024-02-11 07:20:01,841 - exact_match_tst_copy_acc: 0.821
2024-02-11 07:20:01,842 - exact_match_tst_reinflection_wlemma: 0.763
2024-02-11 07:20:01,843 - exact_match_tst_reinflection_wlemma_TAGFINDER1: 0.506
2024-02-11 07:20:01,844 - exact_match_tst_reinflection_wlemma_TAGFINDER1_or_2: 0.693
2024-02-11 07:20:02,214 - TRN || epcloss: 0.1078
2024-02-11 07:20:02,215 -     || Q: 0.9041
2024-02-11 07:20:02,216 -     || KL: 0.1879
2024-02-11 07:20:02,217 -     || token_match: 0.000, exact_match: 0.000
2024-02-11 07:20:02,218 -     || unique taglist code: 45259
2024-02-11 07:20:02,219 - DEV || epcloss: 0.0513
2024-02-11 07:20:02,220 -     || Q: 0.9818
2024-02-11 07:20:02,221 -     || KL: 0.3260
2024-02-11 07:20:02,222 -     || token_match: 0.000, exact_match: 0.000
2024-02-11 07:20:02,223 -     || unique taglist code: 1742
2024-02-11 07:20:02,225 -     || seen taglist code: 1669
2024-02-11 07:20:02,226 -     || MOST used trncode: 45259
2024-02-11 07:20:02,227 -     || MOST used devcode: 1742
2024-02-11 07:20:02,279 -     || saved model
2024-02-11 07:20:02,281 - 
2024-02-11 07:20:02,282 - #epc: 19
2024-02-11 07:20:02,991 - epc:19, epc_KL:  1.000000
2024-02-11 07:27:18,538 - exact_match_tst_copy_acc: 0.806
2024-02-11 07:27:18,540 - exact_match_tst_reinflection_wlemma: 0.747
2024-02-11 07:27:18,541 - exact_match_tst_reinflection_wlemma_TAGFINDER1: 0.490
2024-02-11 07:27:18,542 - exact_match_tst_reinflection_wlemma_TAGFINDER1_or_2: 0.676
2024-02-11 07:27:18,874 - TRN || epcloss: 0.1071
2024-02-11 07:27:18,875 -     || Q: 0.8930
2024-02-11 07:27:18,876 -     || KL: 0.1860
2024-02-11 07:27:18,877 -     || token_match: 0.000, exact_match: 0.000
2024-02-11 07:27:18,878 -     || unique taglist code: 44205
2024-02-11 07:27:18,879 - DEV || epcloss: 0.0547
2024-02-11 07:27:18,880 -     || Q: 0.9152
2024-02-11 07:27:18,880 -     || KL: 0.3317
2024-02-11 07:27:18,881 -     || token_match: 0.000, exact_match: 0.000
2024-02-11 07:27:18,882 -     || unique taglist code: 1767
2024-02-11 07:27:18,884 -     || seen taglist code: 1699
2024-02-11 07:27:18,885 -     || MOST used devcode: 1767
2024-02-11 07:27:18,952 -     || saved model
2024-02-11 07:27:18,954 - 
2024-02-11 07:27:18,955 - #epc: 20
2024-02-11 07:27:19,657 - epc:20, epc_KL:  1.000000
2024-02-11 07:35:11,986 - exact_match_tst_copy_acc: 0.009
2024-02-11 07:35:11,987 - exact_match_tst_reinflection_wlemma: 0.005
2024-02-11 07:35:11,988 - exact_match_tst_reinflection_wlemma_TAGFINDER1: 0.002
2024-02-11 07:35:11,990 - exact_match_tst_reinflection_wlemma_TAGFINDER1_or_2: 0.006
2024-02-11 07:35:12,373 - TRN || epcloss: 0.6364
2024-02-11 07:35:12,374 -     || Q: 1.3355
2024-02-11 07:35:12,375 -     || KL: 0.2434
2024-02-11 07:35:12,376 -     || token_match: 0.000, exact_match: 0.000
2024-02-11 07:35:12,377 -     || unique taglist code: 58264
2024-02-11 07:35:12,378 - DEV || epcloss: 1.6629
2024-02-11 07:35:12,379 -     || Q: 1.9750
2024-02-11 07:35:12,380 -     || KL: 0.5932
2024-02-11 07:35:12,381 -     || token_match: 0.000, exact_match: 0.000
2024-02-11 07:35:12,382 -     || unique taglist code: 842
2024-02-11 07:35:12,384 -     || seen taglist code: 731
2024-02-11 07:35:12,385 -     || MOST used trncode: 58264
2024-02-11 07:35:12,431 -     || saved model
2024-02-11 07:35:12,433 - 
2024-02-11 07:35:12,434 - #epc: 21
2024-02-11 07:35:13,100 - epc:21, epc_KL:  1.000000
2024-02-11 07:42:41,473 - exact_match_tst_copy_acc: 0.003
2024-02-11 07:42:41,474 - exact_match_tst_reinflection_wlemma: 0.003
2024-02-11 07:42:41,475 - exact_match_tst_reinflection_wlemma_TAGFINDER1: 0.002
2024-02-11 07:42:41,476 - exact_match_tst_reinflection_wlemma_TAGFINDER1_or_2: 0.003
2024-02-11 07:42:42,054 - TRN || epcloss: 1.5284
2024-02-11 07:42:42,055 -     || Q: 1.9326
2024-02-11 07:42:42,056 -     || KL: 0.2875
2024-02-11 07:42:42,057 -     || token_match: 0.000, exact_match: 0.000
2024-02-11 07:42:42,058 -     || unique taglist code: 19759
2024-02-11 07:42:42,059 - DEV || epcloss: 1.1221
2024-02-11 07:42:42,060 -     || Q: 1.6739
2024-02-11 07:42:42,061 -     || KL: 0.5254
2024-02-11 07:42:42,062 -     || token_match: 0.000, exact_match: 0.000
2024-02-11 07:42:42,063 -     || unique taglist code: 818
2024-02-11 07:42:42,065 -     || seen taglist code: 797
2024-02-11 07:42:42,118 -     || saved model
2024-02-11 07:42:42,120 - 
2024-02-11 07:42:42,121 - #epc: 22
2024-02-11 07:42:42,655 - epc:22, epc_KL:  1.000000
2024-02-11 07:49:48,387 - exact_match_tst_copy_acc: 0.129
2024-02-11 07:49:48,389 - exact_match_tst_reinflection_wlemma: 0.044
2024-02-11 07:49:48,390 - exact_match_tst_reinflection_wlemma_TAGFINDER1: 0.032
2024-02-11 07:49:48,391 - exact_match_tst_reinflection_wlemma_TAGFINDER1_or_2: 0.050
2024-02-11 07:49:48,765 - TRN || epcloss: 0.8369
2024-02-11 07:49:48,766 -     || Q: 1.4942
2024-02-11 07:49:48,767 -     || KL: 0.2546
2024-02-11 07:49:48,768 -     || token_match: 0.000, exact_match: 0.000
2024-02-11 07:49:48,769 -     || unique taglist code: 11950
2024-02-11 07:49:48,770 - DEV || epcloss: 0.4046
2024-02-11 07:49:48,771 -     || Q: 1.4792
2024-02-11 07:49:48,772 -     || KL: 0.4208
2024-02-11 07:49:48,773 -     || token_match: 0.000, exact_match: 0.000
2024-02-11 07:49:48,774 -     || unique taglist code: 1110
2024-02-11 07:49:48,775 -     || seen taglist code: 1043
2024-02-11 07:49:48,829 -     || saved model
2024-02-11 07:49:48,831 - 
2024-02-11 07:49:48,832 - #epc: 23
2024-02-11 07:49:49,381 - epc:23, epc_KL:  1.000000
2024-02-11 07:56:55,541 - exact_match_tst_copy_acc: 0.525
2024-02-11 07:56:55,542 - exact_match_tst_reinflection_wlemma: 0.231
2024-02-11 07:56:55,543 - exact_match_tst_reinflection_wlemma_TAGFINDER1: 0.181
2024-02-11 07:56:55,544 - exact_match_tst_reinflection_wlemma_TAGFINDER1_or_2: 0.243
2024-02-11 07:56:55,919 - TRN || epcloss: 0.3465
2024-02-11 07:56:55,920 -     || Q: 1.3953
2024-02-11 07:56:55,921 -     || KL: 0.2387
2024-02-11 07:56:55,922 -     || token_match: 0.000, exact_match: 0.000
2024-02-11 07:56:55,923 -     || unique taglist code: 31767
2024-02-11 07:56:55,924 - DEV || epcloss: 0.1617
2024-02-11 07:56:55,925 -     || Q: 1.4207
2024-02-11 07:56:55,926 -     || KL: 0.4373
2024-02-11 07:56:55,927 -     || token_match: 0.000, exact_match: 0.000
2024-02-11 07:56:55,928 -     || unique taglist code: 1651
2024-02-11 07:56:55,929 -     || seen taglist code: 1552
2024-02-11 07:56:55,983 -     || saved model
2024-02-11 07:56:55,985 - 
2024-02-11 07:56:55,987 - #epc: 24
2024-02-11 07:56:56,537 - epc:24, epc_KL:  1.000000
2024-02-11 08:04:03,014 - exact_match_tst_copy_acc: 0.659
2024-02-11 08:04:03,016 - exact_match_tst_reinflection_wlemma: 0.453
2024-02-11 08:04:03,017 - exact_match_tst_reinflection_wlemma_TAGFINDER1: 0.331
2024-02-11 08:04:03,018 - exact_match_tst_reinflection_wlemma_TAGFINDER1_or_2: 0.442
2024-02-11 08:04:03,407 - TRN || epcloss: 0.2068
2024-02-11 08:04:03,409 -     || Q: 1.2277
2024-02-11 08:04:03,410 -     || KL: 0.2320
2024-02-11 08:04:03,411 -     || token_match: 0.000, exact_match: 0.000
2024-02-11 08:04:03,412 -     || unique taglist code: 39204
2024-02-11 08:04:03,413 - DEV || epcloss: 0.1033
2024-02-11 08:04:03,414 -     || Q: 1.1752
2024-02-11 08:04:03,415 -     || KL: 0.4021
2024-02-11 08:04:03,416 -     || token_match: 0.000, exact_match: 0.000
2024-02-11 08:04:03,417 -     || unique taglist code: 1726
2024-02-11 08:04:03,418 -     || seen taglist code: 1655
2024-02-11 08:04:03,471 -     || saved model
2024-02-11 08:04:03,473 - 
2024-02-11 08:04:03,475 - #epc: 25
2024-02-11 08:04:04,017 - epc:25, epc_KL:  1.000000
2024-02-11 08:11:11,372 - exact_match_tst_copy_acc: 0.647
2024-02-11 08:11:11,373 - exact_match_tst_reinflection_wlemma: 0.444
2024-02-11 08:11:11,374 - exact_match_tst_reinflection_wlemma_TAGFINDER1: 0.330
2024-02-11 08:11:11,375 - exact_match_tst_reinflection_wlemma_TAGFINDER1_or_2: 0.440
2024-02-11 08:11:11,808 - TRN || epcloss: 0.1809
2024-02-11 08:11:11,809 -     || Q: 1.1697
2024-02-11 08:11:11,811 -     || KL: 0.2276
2024-02-11 08:11:11,812 -     || token_match: 0.000, exact_match: 0.000
2024-02-11 08:11:11,813 -     || unique taglist code: 50911
2024-02-11 08:11:11,815 - DEV || epcloss: 0.1115
2024-02-11 08:11:11,816 -     || Q: 1.1643
2024-02-11 08:11:11,817 -     || KL: 0.4113
2024-02-11 08:11:11,818 -     || token_match: 0.000, exact_match: 0.000
2024-02-11 08:11:11,820 -     || unique taglist code: 1732
2024-02-11 08:11:11,822 -     || seen taglist code: 1687
2024-02-11 08:11:11,885 -     || saved model
2024-02-11 08:11:11,888 - 
2024-02-11 08:11:11,889 - #epc: 26
2024-02-11 08:11:12,454 - epc:26, epc_KL:  1.000000
2024-02-11 08:18:19,286 - exact_match_tst_copy_acc: 0.738
2024-02-11 08:18:19,287 - exact_match_tst_reinflection_wlemma: 0.572
2024-02-11 08:18:19,289 - exact_match_tst_reinflection_wlemma_TAGFINDER1: 0.380
2024-02-11 08:18:19,290 - exact_match_tst_reinflection_wlemma_TAGFINDER1_or_2: 0.510
2024-02-11 08:18:19,735 - TRN || epcloss: 0.1587
2024-02-11 08:18:19,737 -     || Q: 1.0490
2024-02-11 08:18:19,738 -     || KL: 0.2230
2024-02-11 08:18:19,739 -     || token_match: 0.000, exact_match: 0.000
2024-02-11 08:18:19,740 -     || unique taglist code: 44543
2024-02-11 08:18:19,741 - DEV || epcloss: 0.0778
2024-02-11 08:18:19,742 -     || Q: 1.0260
2024-02-11 08:18:19,743 -     || KL: 0.3777
2024-02-11 08:18:19,744 -     || token_match: 0.000, exact_match: 0.000
2024-02-11 08:18:19,745 -     || unique taglist code: 1774
2024-02-11 08:18:19,747 -     || seen taglist code: 1719
2024-02-11 08:18:19,748 -     || MOST used devcode: 1774
2024-02-11 08:18:19,800 -     || saved model
2024-02-11 08:18:19,802 - 
2024-02-11 08:18:19,803 - #epc: 27
2024-02-11 08:18:20,341 - epc:27, epc_KL:  1.000000
2024-02-11 08:25:28,630 - exact_match_tst_copy_acc: 0.761
2024-02-11 08:25:28,631 - exact_match_tst_reinflection_wlemma: 0.641
2024-02-11 08:25:28,632 - exact_match_tst_reinflection_wlemma_TAGFINDER1: 0.434
2024-02-11 08:25:28,633 - exact_match_tst_reinflection_wlemma_TAGFINDER1_or_2: 0.588
2024-02-11 08:25:29,069 - TRN || epcloss: 0.1379
2024-02-11 08:25:29,071 -     || Q: 1.0137
2024-02-11 08:25:29,072 -     || KL: 0.2126
2024-02-11 08:25:29,074 -     || token_match: 0.000, exact_match: 0.000
2024-02-11 08:25:29,075 -     || unique taglist code: 49592
2024-02-11 08:25:29,076 - DEV || epcloss: 0.0709
2024-02-11 08:25:29,077 -     || Q: 0.9939
2024-02-11 08:25:29,079 -     || KL: 0.3765
2024-02-11 08:25:29,080 -     || token_match: 0.000, exact_match: 0.000
2024-02-11 08:25:29,081 -     || unique taglist code: 1759
2024-02-11 08:25:29,083 -     || seen taglist code: 1660
2024-02-11 08:25:29,143 -     || saved model
2024-02-11 08:25:29,145 - 
2024-02-11 08:25:29,146 - #epc: 28
2024-02-11 08:25:29,690 - epc:28, epc_KL:  1.000000
2024-02-11 08:32:34,820 - exact_match_tst_copy_acc: 0.716
2024-02-11 08:32:34,822 - exact_match_tst_reinflection_wlemma: 0.602
2024-02-11 08:32:34,822 - exact_match_tst_reinflection_wlemma_TAGFINDER1: 0.388
2024-02-11 08:32:34,824 - exact_match_tst_reinflection_wlemma_TAGFINDER1_or_2: 0.536
2024-02-11 08:32:35,239 - TRN || epcloss: 0.1358
2024-02-11 08:32:35,240 -     || Q: 0.9914
2024-02-11 08:32:35,241 -     || KL: 0.2099
2024-02-11 08:32:35,242 -     || token_match: 0.000, exact_match: 0.000
2024-02-11 08:32:35,243 -     || unique taglist code: 55529
2024-02-11 08:32:35,244 - DEV || epcloss: 0.0807
2024-02-11 08:32:35,245 -     || Q: 1.0855
2024-02-11 08:32:35,246 -     || KL: 0.3800
2024-02-11 08:32:35,247 -     || token_match: 0.000, exact_match: 0.000
2024-02-11 08:32:35,248 -     || unique taglist code: 1769
2024-02-11 08:32:35,250 -     || seen taglist code: 1682
2024-02-11 08:32:35,513 -     || saved model
2024-02-11 08:32:35,516 - 
2024-02-11 08:32:35,517 - #epc: 29
2024-02-11 08:32:36,074 - epc:29, epc_KL:  1.000000
2024-02-11 08:39:38,202 - exact_match_tst_copy_acc: 0.736
2024-02-11 08:39:38,203 - exact_match_tst_reinflection_wlemma: 0.622
2024-02-11 08:39:38,204 - exact_match_tst_reinflection_wlemma_TAGFINDER1: 0.388
2024-02-11 08:39:38,205 - exact_match_tst_reinflection_wlemma_TAGFINDER1_or_2: 0.551
2024-02-11 08:39:38,626 - TRN || epcloss: 0.1354
2024-02-11 08:39:38,627 -     || Q: 1.0097
2024-02-11 08:39:38,628 -     || KL: 0.2080
2024-02-11 08:39:38,630 -     || token_match: 0.000, exact_match: 0.000
2024-02-11 08:39:38,631 -     || unique taglist code: 54212
2024-02-11 08:39:38,632 - DEV || epcloss: 0.0802
2024-02-11 08:39:38,634 -     || Q: 1.0605
2024-02-11 08:39:38,635 -     || KL: 0.3618
2024-02-11 08:39:38,636 -     || token_match: 0.000, exact_match: 0.000
2024-02-11 08:39:38,637 -     || unique taglist code: 1806
2024-02-11 08:39:38,639 -     || seen taglist code: 1729
2024-02-11 08:39:38,640 -     || MOST used devcode: 1806
2024-02-11 08:39:38,699 -     || saved model
2024-02-11 08:39:38,701 - 
2024-02-11 08:39:38,702 - #epc: 30
2024-02-11 08:39:39,263 - epc:30, epc_KL:  1.000000
2024-02-11 08:46:43,136 - exact_match_tst_copy_acc: 0.694
2024-02-11 08:46:43,137 - exact_match_tst_reinflection_wlemma: 0.595
2024-02-11 08:46:43,138 - exact_match_tst_reinflection_wlemma_TAGFINDER1: 0.407
2024-02-11 08:46:43,139 - exact_match_tst_reinflection_wlemma_TAGFINDER1_or_2: 0.554
2024-02-11 08:46:43,554 - TRN || epcloss: 0.1367
2024-02-11 08:46:43,555 -     || Q: 1.0159
2024-02-11 08:46:43,556 -     || KL: 0.2068
2024-02-11 08:46:43,557 -     || token_match: 0.000, exact_match: 0.000
2024-02-11 08:46:43,559 -     || unique taglist code: 56106
2024-02-11 08:46:43,560 - DEV || epcloss: 0.0924
2024-02-11 08:46:43,561 -     || Q: 1.0724
2024-02-11 08:46:43,562 -     || KL: 0.3813
2024-02-11 08:46:43,563 -     || token_match: 0.000, exact_match: 0.000
2024-02-11 08:46:43,564 -     || unique taglist code: 1790
2024-02-11 08:46:43,566 -     || seen taglist code: 1694
2024-02-11 08:46:43,612 -     || saved model
2024-02-11 08:46:43,614 - 
2024-02-11 08:46:43,615 - #epc: 31
2024-02-11 08:46:44,156 - epc:31, epc_KL:  1.000000
2024-02-11 08:53:47,416 - exact_match_tst_copy_acc: 0.687
2024-02-11 08:53:47,417 - exact_match_tst_reinflection_wlemma: 0.576
2024-02-11 08:53:47,418 - exact_match_tst_reinflection_wlemma_TAGFINDER1: 0.376
2024-02-11 08:53:47,419 - exact_match_tst_reinflection_wlemma_TAGFINDER1_or_2: 0.517
2024-02-11 08:53:47,829 - TRN || epcloss: 0.1745
2024-02-11 08:53:47,830 -     || Q: 1.0906
2024-02-11 08:53:47,832 -     || KL: 0.2187
2024-02-11 08:53:47,833 -     || token_match: 0.000, exact_match: 0.000
2024-02-11 08:53:47,834 -     || unique taglist code: 59588
2024-02-11 08:53:47,836 - DEV || epcloss: 0.0964
2024-02-11 08:53:47,837 -     || Q: 1.0671
2024-02-11 08:53:47,838 -     || KL: 0.3779
2024-02-11 08:53:47,839 -     || token_match: 0.000, exact_match: 0.000
2024-02-11 08:53:47,840 -     || unique taglist code: 1784
2024-02-11 08:53:47,842 -     || seen taglist code: 1719
2024-02-11 08:53:47,844 -     || MOST used trncode: 59588
2024-02-11 08:53:47,923 -     || saved model
2024-02-11 08:53:47,926 - 
2024-02-11 08:53:47,927 - #epc: 32
2024-02-11 08:53:48,493 - epc:32, epc_KL:  1.000000
2024-02-11 09:01:36,453 - exact_match_tst_copy_acc: 0.000
2024-02-11 09:01:36,454 - exact_match_tst_reinflection_wlemma: 0.000
2024-02-11 09:01:36,456 - exact_match_tst_reinflection_wlemma_TAGFINDER1: 0.001
2024-02-11 09:01:36,457 - exact_match_tst_reinflection_wlemma_TAGFINDER1_or_2: 0.001
2024-02-11 09:01:36,848 - TRN || epcloss: 3.7476
2024-02-11 09:01:36,850 -     || Q: 1.5775
2024-02-11 09:01:36,851 -     || KL: 0.8003
2024-02-11 09:01:36,852 -     || token_match: 0.000, exact_match: 0.000
2024-02-11 09:01:36,853 -     || unique taglist code: 43109
2024-02-11 09:01:36,854 - DEV || epcloss: 1.6297
2024-02-11 09:01:36,855 -     || Q: 1.4796
2024-02-11 09:01:36,856 -     || KL: 1.3047
2024-02-11 09:01:36,858 -     || token_match: 0.000, exact_match: 0.000
2024-02-11 09:01:36,859 -     || unique taglist code: 447
2024-02-11 09:01:36,860 -     || seen taglist code: 440
2024-02-11 09:01:36,922 -     || saved model
2024-02-11 09:01:36,925 - 
2024-02-11 09:01:36,926 - #epc: 33
2024-02-11 09:01:37,488 - epc:33, epc_KL:  1.000000
2024-02-11 09:08:50,145 - exact_match_tst_copy_acc: 0.015
2024-02-11 09:08:50,146 - exact_match_tst_reinflection_wlemma: 0.002
2024-02-11 09:08:50,147 - exact_match_tst_reinflection_wlemma_TAGFINDER1: 0.002
2024-02-11 09:08:50,148 - exact_match_tst_reinflection_wlemma_TAGFINDER1_or_2: 0.004
2024-02-11 09:08:50,489 - TRN || epcloss: 1.5921
2024-02-11 09:08:50,490 -     || Q: 1.1963
2024-02-11 09:08:50,491 -     || KL: 0.3461
2024-02-11 09:08:50,492 -     || token_match: 0.000, exact_match: 0.000
2024-02-11 09:08:50,494 -     || unique taglist code: 3817
2024-02-11 09:08:50,495 - DEV || epcloss: 0.9695
2024-02-11 09:08:50,496 -     || Q: 1.0667
2024-02-11 09:08:50,497 -     || KL: 0.5439
2024-02-11 09:08:50,498 -     || token_match: 0.000, exact_match: 0.000
2024-02-11 09:08:50,499 -     || unique taglist code: 623
2024-02-11 09:08:50,500 -     || seen taglist code: 613
2024-02-11 09:08:50,550 -     || saved model
2024-02-11 09:08:50,552 - 
2024-02-11 09:08:50,553 - #epc: 34
2024-02-11 09:08:51,098 - epc:34, epc_KL:  1.000000
2024-02-11 09:15:54,966 - exact_match_tst_copy_acc: 0.184
2024-02-11 09:15:54,967 - exact_match_tst_reinflection_wlemma: 0.052
2024-02-11 09:15:54,968 - exact_match_tst_reinflection_wlemma_TAGFINDER1: 0.026
2024-02-11 09:15:54,970 - exact_match_tst_reinflection_wlemma_TAGFINDER1_or_2: 0.049
2024-02-11 09:15:55,314 - TRN || epcloss: 0.7305
2024-02-11 09:15:55,316 -     || Q: 1.4445
2024-02-11 09:15:55,317 -     || KL: 0.2346
2024-02-11 09:15:55,318 -     || token_match: 0.000, exact_match: 0.000
2024-02-11 09:15:55,319 -     || unique taglist code: 15652
2024-02-11 09:15:55,320 - DEV || epcloss: 0.3799
2024-02-11 09:15:55,321 -     || Q: 1.7121
2024-02-11 09:15:55,322 -     || KL: 0.4005
2024-02-11 09:15:55,323 -     || token_match: 0.000, exact_match: 0.000
2024-02-11 09:15:55,324 -     || unique taglist code: 1537
2024-02-11 09:15:55,325 -     || seen taglist code: 1447
2024-02-11 09:15:55,387 -     || saved model
2024-02-11 09:15:55,389 - 
2024-02-11 09:15:55,390 - #epc: 35
2024-02-11 09:15:55,918 - epc:35, epc_KL:  1.000000
2024-02-11 09:23:01,445 - exact_match_tst_copy_acc: 0.497
2024-02-11 09:23:01,446 - exact_match_tst_reinflection_wlemma: 0.194
2024-02-11 09:23:01,447 - exact_match_tst_reinflection_wlemma_TAGFINDER1: 0.116
2024-02-11 09:23:01,448 - exact_match_tst_reinflection_wlemma_TAGFINDER1_or_2: 0.168
2024-02-11 09:23:01,771 - TRN || epcloss: 0.3572
2024-02-11 09:23:01,772 -     || Q: 1.7839
2024-02-11 09:23:01,773 -     || KL: 0.2323
2024-02-11 09:23:01,774 -     || token_match: 0.000, exact_match: 0.000
2024-02-11 09:23:01,775 -     || unique taglist code: 31728
2024-02-11 09:23:01,777 - DEV || epcloss: 0.1844
2024-02-11 09:23:01,778 -     || Q: 1.6906
2024-02-11 09:23:01,779 -     || KL: 0.4315
2024-02-11 09:23:01,780 -     || token_match: 0.000, exact_match: 0.000
2024-02-11 09:23:01,782 -     || unique taglist code: 1673
2024-02-11 09:23:01,784 -     || seen taglist code: 1610
2024-02-11 09:23:01,846 -     || saved model
2024-02-11 09:23:01,849 - 
2024-02-11 09:23:01,850 - #epc: 36
2024-02-11 09:23:02,390 - epc:36, epc_KL:  1.000000
2024-02-11 09:30:07,815 - exact_match_tst_copy_acc: 0.606
2024-02-11 09:30:07,817 - exact_match_tst_reinflection_wlemma: 0.319
2024-02-11 09:30:07,818 - exact_match_tst_reinflection_wlemma_TAGFINDER1: 0.189
2024-02-11 09:30:07,819 - exact_match_tst_reinflection_wlemma_TAGFINDER1_or_2: 0.284
2024-02-11 09:30:08,193 - TRN || epcloss: 0.2348
2024-02-11 09:30:08,194 -     || Q: 1.5580
2024-02-11 09:30:08,195 -     || KL: 0.2304
2024-02-11 09:30:08,196 -     || token_match: 0.000, exact_match: 0.000
2024-02-11 09:30:08,197 -     || unique taglist code: 36781
2024-02-11 09:30:08,198 - DEV || epcloss: 0.1357
2024-02-11 09:30:08,199 -     || Q: 1.4514
2024-02-11 09:30:08,200 -     || KL: 0.4179
2024-02-11 09:30:08,201 -     || token_match: 0.000, exact_match: 0.000
2024-02-11 09:30:08,202 -     || unique taglist code: 1682
2024-02-11 09:30:08,204 -     || seen taglist code: 1632
2024-02-11 09:30:08,258 -     || saved model
2024-02-11 09:30:08,260 - 
2024-02-11 09:30:08,262 - #epc: 37
2024-02-11 09:30:08,806 - epc:37, epc_KL:  1.000000
2024-02-11 09:37:14,568 - exact_match_tst_copy_acc: 0.662
2024-02-11 09:37:14,569 - exact_match_tst_reinflection_wlemma: 0.398
2024-02-11 09:37:14,571 - exact_match_tst_reinflection_wlemma_TAGFINDER1: 0.242
2024-02-11 09:37:14,572 - exact_match_tst_reinflection_wlemma_TAGFINDER1_or_2: 0.352
2024-02-11 09:37:14,952 - TRN || epcloss: 0.2024
2024-02-11 09:37:14,953 -     || Q: 1.4297
2024-02-11 09:37:14,955 -     || KL: 0.2261
2024-02-11 09:37:14,956 -     || token_match: 0.000, exact_match: 0.000
2024-02-11 09:37:14,957 -     || unique taglist code: 37852
2024-02-11 09:37:14,958 - DEV || epcloss: 0.1102
2024-02-11 09:37:14,959 -     || Q: 1.2865
2024-02-11 09:37:14,960 -     || KL: 0.3952
2024-02-11 09:37:14,961 -     || token_match: 0.000, exact_match: 0.000
2024-02-11 09:37:14,962 -     || unique taglist code: 1686
2024-02-11 09:37:14,964 -     || seen taglist code: 1649
2024-02-11 09:37:15,091 -     || saved model
2024-02-11 09:37:15,093 - 
2024-02-11 09:37:15,094 - #epc: 38
2024-02-11 09:37:15,642 - epc:38, epc_KL:  1.000000
2024-02-11 09:44:22,211 - exact_match_tst_copy_acc: 0.675
2024-02-11 09:44:22,212 - exact_match_tst_reinflection_wlemma: 0.460
2024-02-11 09:44:22,213 - exact_match_tst_reinflection_wlemma_TAGFINDER1: 0.274
2024-02-11 09:44:22,214 - exact_match_tst_reinflection_wlemma_TAGFINDER1_or_2: 0.397
2024-02-11 09:44:22,612 - TRN || epcloss: 0.1700
2024-02-11 09:44:22,614 -     || Q: 1.3194
2024-02-11 09:44:22,615 -     || KL: 0.2209
2024-02-11 09:44:22,616 -     || token_match: 0.000, exact_match: 0.000
2024-02-11 09:44:22,617 -     || unique taglist code: 37019
2024-02-11 09:44:22,618 - DEV || epcloss: 0.0989
2024-02-11 09:44:22,619 -     || Q: 1.1863
2024-02-11 09:44:22,620 -     || KL: 0.3943
2024-02-11 09:44:22,621 -     || token_match: 0.000, exact_match: 0.000
2024-02-11 09:44:22,623 -     || unique taglist code: 1700
2024-02-11 09:44:22,625 -     || seen taglist code: 1656
2024-02-11 09:44:22,689 -     || saved model
2024-02-11 09:44:22,691 - 
2024-02-11 09:44:22,692 - #epc: 39
2024-02-11 09:44:23,238 - epc:39, epc_KL:  1.000000
2024-02-11 09:51:30,546 - exact_match_tst_copy_acc: 0.701
2024-02-11 09:51:30,547 - exact_match_tst_reinflection_wlemma: 0.484
2024-02-11 09:51:30,548 - exact_match_tst_reinflection_wlemma_TAGFINDER1: 0.273
2024-02-11 09:51:30,549 - exact_match_tst_reinflection_wlemma_TAGFINDER1_or_2: 0.402
2024-02-11 09:51:30,956 - TRN || epcloss: 0.2300
2024-02-11 09:51:30,958 -     || Q: 1.2917
2024-02-11 09:51:30,959 -     || KL: 0.2179
2024-02-11 09:51:30,960 -     || token_match: 0.000, exact_match: 0.000
2024-02-11 09:51:30,961 -     || unique taglist code: 36614
2024-02-11 09:51:30,962 - DEV || epcloss: 0.0908
2024-02-11 09:51:30,963 -     || Q: 1.2636
2024-02-11 09:51:30,964 -     || KL: 0.3791
2024-02-11 09:51:30,965 -     || token_match: 0.000, exact_match: 0.000
2024-02-11 09:51:30,966 -     || unique taglist code: 1698
2024-02-11 09:51:30,968 -     || seen taglist code: 1669
2024-02-11 09:51:31,031 -     || saved model
2024-02-11 09:51:31,033 - 
2024-02-11 09:51:31,034 - #epc: 40
2024-02-11 09:51:31,571 - epc:40, epc_KL:  1.000000
2024-02-11 09:58:38,718 - exact_match_tst_copy_acc: 0.734
2024-02-11 09:58:38,719 - exact_match_tst_reinflection_wlemma: 0.513
2024-02-11 09:58:38,720 - exact_match_tst_reinflection_wlemma_TAGFINDER1: 0.292
2024-02-11 09:58:38,722 - exact_match_tst_reinflection_wlemma_TAGFINDER1_or_2: 0.438
2024-02-11 09:58:39,150 - TRN || epcloss: 0.1502
2024-02-11 09:58:39,152 -     || Q: 1.2612
2024-02-11 09:58:39,153 -     || KL: 0.2122
2024-02-11 09:58:39,154 -     || token_match: 0.000, exact_match: 0.000
2024-02-11 09:58:39,155 -     || unique taglist code: 35025
2024-02-11 09:58:39,157 - DEV || epcloss: 0.0772
2024-02-11 09:58:39,158 -     || Q: 1.2493
2024-02-11 09:58:39,159 -     || KL: 0.3770
2024-02-11 09:58:39,160 -     || token_match: 0.000, exact_match: 0.000
2024-02-11 09:58:39,161 -     || unique taglist code: 1684
2024-02-11 09:58:39,163 -     || seen taglist code: 1642
2024-02-11 09:58:39,240 -     || saved model
2024-02-11 09:58:39,242 - 
2024-02-11 09:58:39,244 - #epc: 41
2024-02-11 09:58:39,788 - epc:41, epc_KL:  1.000000
2024-02-11 10:05:45,876 - exact_match_tst_copy_acc: 0.749
2024-02-11 10:05:45,877 - exact_match_tst_reinflection_wlemma: 0.577
2024-02-11 10:05:45,878 - exact_match_tst_reinflection_wlemma_TAGFINDER1: 0.322
2024-02-11 10:05:45,879 - exact_match_tst_reinflection_wlemma_TAGFINDER1_or_2: 0.480
2024-02-11 10:05:46,285 - TRN || epcloss: 0.1431
2024-02-11 10:05:46,286 -     || Q: 1.2667
2024-02-11 10:05:46,288 -     || KL: 0.2081
2024-02-11 10:05:46,289 -     || token_match: 0.000, exact_match: 0.000
2024-02-11 10:05:46,290 -     || unique taglist code: 34598
2024-02-11 10:05:46,291 - DEV || epcloss: 0.0790
2024-02-11 10:05:46,292 -     || Q: 1.1916
2024-02-11 10:05:46,293 -     || KL: 0.3783
2024-02-11 10:05:46,294 -     || token_match: 0.000, exact_match: 0.000
2024-02-11 10:05:46,296 -     || unique taglist code: 1665
2024-02-11 10:05:46,297 -     || seen taglist code: 1626
2024-02-11 10:05:46,370 -     || saved model
2024-02-11 10:05:46,372 - 
2024-02-11 10:05:46,373 - #epc: 42
2024-02-11 10:05:46,917 - epc:42, epc_KL:  1.000000
2024-02-11 10:12:52,959 - exact_match_tst_copy_acc: 0.751
2024-02-11 10:12:52,961 - exact_match_tst_reinflection_wlemma: 0.571
2024-02-11 10:12:52,962 - exact_match_tst_reinflection_wlemma_TAGFINDER1: 0.316
2024-02-11 10:12:52,963 - exact_match_tst_reinflection_wlemma_TAGFINDER1_or_2: 0.471
2024-02-11 10:12:53,410 - TRN || epcloss: 0.1391
2024-02-11 10:12:53,411 -     || Q: 1.2292
2024-02-11 10:12:53,412 -     || KL: 0.2059
2024-02-11 10:12:53,413 -     || token_match: 0.000, exact_match: 0.000
2024-02-11 10:12:53,415 -     || unique taglist code: 33917
2024-02-11 10:12:53,416 - DEV || epcloss: 0.0728
2024-02-11 10:12:53,417 -     || Q: 1.2101
2024-02-11 10:12:53,418 -     || KL: 0.3626
2024-02-11 10:12:53,419 -     || token_match: 0.000, exact_match: 0.000
2024-02-11 10:12:53,420 -     || unique taglist code: 1685
2024-02-11 10:12:53,422 -     || seen taglist code: 1642
2024-02-11 10:12:53,491 -     || saved model
2024-02-11 10:12:53,493 - 
2024-02-11 10:12:53,494 - #epc: 43
2024-02-11 10:12:54,043 - epc:43, epc_KL:  1.000000
2024-02-11 10:22:40,220 - exact_match_tst_copy_acc: 0.000
2024-02-11 10:22:40,222 - exact_match_tst_reinflection_wlemma: 0.000
2024-02-11 10:22:40,223 - exact_match_tst_reinflection_wlemma_TAGFINDER1: 0.000
2024-02-11 10:22:40,224 - exact_match_tst_reinflection_wlemma_TAGFINDER1_or_2: 0.000
2024-02-11 10:22:41,644 - TRN || epcloss: 9.2603
2024-02-11 10:22:41,645 -     || Q: 1.9673
2024-02-11 10:22:41,647 -     || KL: 0.6270
2024-02-11 10:22:41,648 -     || token_match: 0.000, exact_match: 0.000
2024-02-11 10:22:41,649 -     || unique taglist code: 32679
2024-02-11 10:22:41,650 - DEV || epcloss: 7.4541
2024-02-11 10:22:41,652 -     || Q: 1.4960
2024-02-11 10:22:41,653 -     || KL: 1.0422
2024-02-11 10:22:41,654 -     || token_match: 0.000, exact_match: 0.000
2024-02-11 10:22:41,656 -     || unique taglist code: 498
2024-02-11 10:22:41,657 -     || seen taglist code: 485
2024-02-11 10:22:41,736 -     || saved model
2024-02-11 10:22:41,739 - 
2024-02-11 10:22:41,740 - #epc: 44
2024-02-11 10:22:42,301 - epc:44, epc_KL:  1.000000
2024-02-11 10:32:07,834 - exact_match_tst_copy_acc: 0.000
2024-02-11 10:32:07,835 - exact_match_tst_reinflection_wlemma: 0.000
2024-02-11 10:32:07,836 - exact_match_tst_reinflection_wlemma_TAGFINDER1: 0.000
2024-02-11 10:32:07,837 - exact_match_tst_reinflection_wlemma_TAGFINDER1_or_2: 0.000
2024-02-11 10:32:09,341 - TRN || epcloss: 5.6811
2024-02-11 10:32:09,343 -     || Q: 0.9706
2024-02-11 10:32:09,344 -     || KL: 0.4918
2024-02-11 10:32:09,345 -     || token_match: 0.000, exact_match: 0.000
2024-02-11 10:32:09,347 -     || unique taglist code: 7754
2024-02-11 10:32:09,348 - DEV || epcloss: 3.8894
2024-02-11 10:32:09,349 -     || Q: 1.3149
2024-02-11 10:32:09,350 -     || KL: 1.1253
2024-02-11 10:32:09,351 -     || token_match: 0.000, exact_match: 0.000
2024-02-11 10:32:09,352 -     || unique taglist code: 618
2024-02-11 10:32:09,353 -     || seen taglist code: 596
2024-02-11 10:32:09,430 -     || saved model
2024-02-11 10:32:09,432 - 
2024-02-11 10:32:09,433 - #epc: 45
2024-02-11 10:32:09,979 - epc:45, epc_KL:  1.000000
2024-02-11 10:39:22,582 - exact_match_tst_copy_acc: 0.001
2024-02-11 10:39:22,583 - exact_match_tst_reinflection_wlemma: 0.000
2024-02-11 10:39:22,584 - exact_match_tst_reinflection_wlemma_TAGFINDER1: 0.000
2024-02-11 10:39:22,585 - exact_match_tst_reinflection_wlemma_TAGFINDER1_or_2: 0.000
2024-02-11 10:39:24,007 - TRN || epcloss: 2.8597
2024-02-11 10:39:24,009 -     || Q: 2.5811
2024-02-11 10:39:24,010 -     || KL: 0.5544
2024-02-11 10:39:24,011 -     || token_match: 0.000, exact_match: 0.000
2024-02-11 10:39:24,012 -     || unique taglist code: 3570
2024-02-11 10:39:24,013 - DEV || epcloss: 2.0434
2024-02-11 10:39:24,014 -     || Q: 2.5472
2024-02-11 10:39:24,015 -     || KL: 0.6742
2024-02-11 10:39:24,016 -     || token_match: 0.000, exact_match: 0.000
2024-02-11 10:39:24,017 -     || unique taglist code: 57
2024-02-11 10:39:24,018 -     || seen taglist code: 57
2024-02-11 10:39:24,075 -     || saved model
2024-02-11 10:39:24,077 - 
2024-02-11 10:39:24,078 - #epc: 46
2024-02-11 10:39:24,622 - epc:46, epc_KL:  1.000000
2024-02-11 10:46:38,180 - exact_match_tst_copy_acc: 0.068
2024-02-11 10:46:38,181 - exact_match_tst_reinflection_wlemma: 0.004
2024-02-11 10:46:38,182 - exact_match_tst_reinflection_wlemma_TAGFINDER1: 0.001
2024-02-11 10:46:38,183 - exact_match_tst_reinflection_wlemma_TAGFINDER1_or_2: 0.004
2024-02-11 10:46:39,683 - TRN || epcloss: 1.0179
2024-02-11 10:46:39,684 -     || Q: 3.7394
2024-02-11 10:46:39,685 -     || KL: 0.2848
2024-02-11 10:46:39,686 -     || token_match: 0.000, exact_match: 0.000
2024-02-11 10:46:39,687 -     || unique taglist code: 1597
2024-02-11 10:46:39,688 - DEV || epcloss: 0.5628
2024-02-11 10:46:39,689 -     || Q: 3.4494
2024-02-11 10:46:39,690 -     || KL: 0.4543
2024-02-11 10:46:39,691 -     || token_match: 0.000, exact_match: 0.000
2024-02-11 10:46:39,692 -     || unique taglist code: 748
2024-02-11 10:46:39,693 -     || seen taglist code: 741
2024-02-11 10:46:39,759 -     || saved model
2024-02-11 10:46:39,761 - 
2024-02-11 10:46:39,762 - #epc: 47
2024-02-11 10:46:40,303 - epc:47, epc_KL:  1.000000
2024-02-11 10:53:46,247 - exact_match_tst_copy_acc: 0.241
2024-02-11 10:53:46,249 - exact_match_tst_reinflection_wlemma: 0.009
2024-02-11 10:53:46,250 - exact_match_tst_reinflection_wlemma_TAGFINDER1: 0.004
2024-02-11 10:53:46,251 - exact_match_tst_reinflection_wlemma_TAGFINDER1_or_2: 0.005
2024-02-11 10:53:47,848 - TRN || epcloss: 0.6364
2024-02-11 10:53:47,850 -     || Q: 3.2246
2024-02-11 10:53:47,851 -     || KL: 0.2677
2024-02-11 10:53:47,852 -     || token_match: 0.000, exact_match: 0.000
2024-02-11 10:53:47,853 -     || unique taglist code: 2484
2024-02-11 10:53:47,854 - DEV || epcloss: 0.3480
2024-02-11 10:53:47,856 -     || Q: 2.9112
2024-02-11 10:53:47,857 -     || KL: 0.4767
2024-02-11 10:53:47,858 -     || token_match: 0.000, exact_match: 0.000
2024-02-11 10:53:47,859 -     || unique taglist code: 939
2024-02-11 10:53:47,860 -     || seen taglist code: 939
2024-02-11 10:53:47,918 -     || saved model
2024-02-11 10:53:47,920 - 
2024-02-11 10:53:47,921 - #epc: 48
2024-02-11 10:53:48,454 - epc:48, epc_KL:  1.000000
2024-02-11 11:00:56,231 - exact_match_tst_copy_acc: 0.262
2024-02-11 11:00:56,232 - exact_match_tst_reinflection_wlemma: 0.009
2024-02-11 11:00:56,233 - exact_match_tst_reinflection_wlemma_TAGFINDER1: 0.002
2024-02-11 11:00:56,234 - exact_match_tst_reinflection_wlemma_TAGFINDER1_or_2: 0.004
2024-02-11 11:00:57,741 - TRN || epcloss: 0.4627
2024-02-11 11:00:57,743 -     || Q: 3.0166
2024-02-11 11:00:57,744 -     || KL: 0.2881
2024-02-11 11:00:57,745 -     || token_match: 0.000, exact_match: 0.000
2024-02-11 11:00:57,746 -     || unique taglist code: 4025
2024-02-11 11:00:57,747 - DEV || epcloss: 0.3734
2024-02-11 11:00:57,748 -     || Q: 2.9611
2024-02-11 11:00:57,749 -     || KL: 0.5212
2024-02-11 11:00:57,750 -     || token_match: 0.000, exact_match: 0.000
2024-02-11 11:00:57,751 -     || unique taglist code: 975
2024-02-11 11:00:57,752 -     || seen taglist code: 968
2024-02-11 11:00:57,799 -     || saved model
2024-02-11 11:00:57,801 - 
2024-02-11 11:00:57,803 - #epc: 49
2024-02-11 11:00:58,349 - epc:49, epc_KL:  1.000000
2024-02-11 11:08:06,978 - exact_match_tst_copy_acc: 0.189
2024-02-11 11:08:06,979 - exact_match_tst_reinflection_wlemma: 0.006
2024-02-11 11:08:06,980 - exact_match_tst_reinflection_wlemma_TAGFINDER1: 0.004
2024-02-11 11:08:06,981 - exact_match_tst_reinflection_wlemma_TAGFINDER1_or_2: 0.004
2024-02-11 11:08:08,481 - TRN || epcloss: 0.7767
2024-02-11 11:08:08,483 -     || Q: 3.2417
2024-02-11 11:08:08,484 -     || KL: 0.3398
2024-02-11 11:08:08,485 -     || token_match: 0.000, exact_match: 0.000
2024-02-11 11:08:08,486 -     || unique taglist code: 5455
2024-02-11 11:08:08,487 - DEV || epcloss: 0.5117
2024-02-11 11:08:08,488 -     || Q: 3.8267
2024-02-11 11:08:08,489 -     || KL: 0.6280
2024-02-11 11:08:08,490 -     || token_match: 0.000, exact_match: 0.000
2024-02-11 11:08:08,491 -     || unique taglist code: 685
2024-02-11 11:08:08,493 -     || seen taglist code: 669
2024-02-11 11:08:08,546 -     || saved model
