2023-12-19 11:14:13,617 - trnsize: 533708
2023-12-19 11:14:13,621 - devsize: 2000
2023-12-19 11:14:13,622 - tstsize: 2000
2023-12-19 11:14:14,745 - Trn unique tgts: 533704
2023-12-19 11:14:14,746 - Trn unique lemmas: 3579
2023-12-19 11:14:14,747 - Trn unique taglists: 865
2023-12-19 11:14:14,748 - Dev unique tgts: 2000
2023-12-19 11:14:14,748 - Dev unique lemmas: 1037
2023-12-19 11:14:14,749 - Dev unique taglists: 723
2023-12-19 11:14:14,750 - Tst unique tgts: 2000
2023-12-19 11:14:14,750 - Tst unique lemmas: 1037
2023-12-19 11:14:14,751 - Tst unique taglists: 723
2023-12-19 11:14:14,751 - seen_dev_tgt: 2
2023-12-19 11:14:14,752 - seen_dev_lemma: 2000
2023-12-19 11:14:14,753 - seen_dev_taglist: 1966
2023-12-19 11:14:14,753 - seen_tst_tgt: 2
2023-12-19 11:14:14,754 - seen_tst_lemma: 2000
2023-12-19 11:14:14,754 - seen_tst_taglist: 1966
2023-12-19 11:14:49,322 - trnID: run3_8x12_zLEM100_zTAG128_decnh1024_kl1.0_epc10_strt5_decdo0.2_inpemb128_bsize64
2023-12-19 11:14:49,323 - batchsize: 64
2023-12-19 11:14:49,324 - epochs: 75
2023-12-19 11:14:49,325 - lr: 0.00050
2023-12-19 11:14:49,325 - KL_WEIGHT: 1.00000
2023-12-19 11:14:49,326 - opt: Adam (
Parameter Group 0
    amsgrad: False
    betas: (0.5, 0.999)
    capturable: False
    eps: 1e-08
    foreach: None
    lr: 0.0005
    maximize: False
    weight_decay: 0
)
2023-12-19 11:14:49,328 - VQVAE(
  (encoder): Encoder_GRU_VQVAE(
    (layers): ModuleList(
      (0): Embedding(63, 128)
      (1): Dropout(p=0.0, inplace=False)
      (2): GRU(128, 256, batch_first=True, bidirectional=True)
    )
  )
  (z_linears): ModuleList(
    (0): Linear(in_features=256, out_features=128, bias=True)
    (1): Linear(in_features=256, out_features=128, bias=True)
    (2): Linear(in_features=256, out_features=128, bias=True)
    (3): Linear(in_features=256, out_features=128, bias=True)
    (4): Linear(in_features=256, out_features=128, bias=True)
    (5): Linear(in_features=256, out_features=128, bias=True)
    (6): Linear(in_features=256, out_features=128, bias=True)
    (7): Linear(in_features=256, out_features=128, bias=True)
  )
  (quantizers): ModuleList(
    (0): Quantizer(
      (embeddings): Embedding(12, 128)
    )
    (1): Quantizer(
      (embeddings): Embedding(12, 128)
    )
    (2): Quantizer(
      (embeddings): Embedding(12, 128)
    )
    (3): Quantizer(
      (embeddings): Embedding(12, 128)
    )
    (4): Quantizer(
      (embeddings): Embedding(12, 128)
    )
    (5): Quantizer(
      (embeddings): Embedding(12, 128)
    )
    (6): Quantizer(
      (embeddings): Embedding(12, 128)
    )
    (7): Quantizer(
      (embeddings): Embedding(12, 128)
    )
  )
  (z_lemma_mu): Linear(in_features=256, out_features=100, bias=True)
  (z_lemma_logvar): Linear(in_features=256, out_features=100, bias=True)
  (up_from_z_layer): Linear(in_features=228, out_features=1024, bias=True)
  (decoder): Decoder_GRU_VQVAE(
    (layers): ModuleList(
      (0): Embedding(63, 128)
      (1): Dropout(p=0.2, inplace=False)
      (2): GRU(356, 1024, batch_first=True)
      (3): Linear(in_features=1024, out_features=63, bias=True)
    )
    (loss): CrossEntropyLoss()
  )
)
2023-12-19 11:14:49,688 - trnsize: 533708
2023-12-19 11:14:49,689 - devsize: 2000
2023-12-19 11:14:49,689 - tstsize: 2000
2023-12-19 11:14:49,690 - 
2023-12-19 11:14:49,691 - #epc: 0
2023-12-19 11:14:49,695 - epc:0, epc_KL:  0.000000
2023-12-19 11:24:22,242 - exact_match_tst_copy_acc: 0.950
2023-12-19 11:24:22,243 - exact_match_tst_reinflection_wlemma: 0.113
2023-12-19 11:24:22,244 - exact_match_tst_reinflection_wlemma_TAGFINDER1: 0.097
2023-12-19 11:24:22,245 - exact_match_tst_reinflection_wlemma_TAGFINDER1_or_2: 0.117
2023-12-19 11:24:22,451 - TRN || epcloss: 0.0877
2023-12-19 11:24:22,452 -     || Q: 0.0589
2023-12-19 11:24:22,453 -     || KL: 5.8605
2023-12-19 11:24:22,453 -     || token_match: 0.974, exact_match: 0.829
2023-12-19 11:24:22,454 -     || unique taglist code: 44261
2023-12-19 11:24:22,455 - DEV || epcloss: 0.0112
2023-12-19 11:24:22,456 -     || Q: 0.0102
2023-12-19 11:24:22,456 -     || KL: 11.7877
2023-12-19 11:24:22,457 -     || token_match: 0.997, exact_match: 0.950
2023-12-19 11:24:22,458 -     || unique taglist code: 793
2023-12-19 11:24:22,460 -     || seen taglist code: 689
2023-12-19 11:24:22,461 -     || MOST used trncode: 44261
2023-12-19 11:24:22,469 -     || MOST used devcode: 793
2023-12-19 11:24:22,470 -     || BEST exact match (teacher forcing): 0.950
2023-12-19 11:24:22,575 -     || saved model
2023-12-19 11:24:22,578 - 
2023-12-19 11:24:22,579 - #epc: 1
2023-12-19 11:24:23,799 - epc:1, epc_KL:  0.000000
2023-12-19 11:34:02,215 - exact_match_tst_copy_acc: 0.984
2023-12-19 11:34:02,216 - exact_match_tst_reinflection_wlemma: 0.121
2023-12-19 11:34:02,217 - exact_match_tst_reinflection_wlemma_TAGFINDER1: 0.104
2023-12-19 11:34:02,218 - exact_match_tst_reinflection_wlemma_TAGFINDER1_or_2: 0.128
2023-12-19 11:34:02,436 - TRN || epcloss: 0.0087
2023-12-19 11:34:02,437 -     || Q: 0.0105
2023-12-19 11:34:02,438 -     || KL: 6.8435
2023-12-19 11:34:02,439 -     || token_match: 0.998, exact_match: 0.966
2023-12-19 11:34:02,440 -     || unique taglist code: 35678
2023-12-19 11:34:02,441 - DEV || epcloss: 0.0031
2023-12-19 11:34:02,441 -     || Q: 0.0065
2023-12-19 11:34:02,442 -     || KL: 12.8179
2023-12-19 11:34:02,443 -     || token_match: 0.999, exact_match: 0.985
2023-12-19 11:34:02,444 -     || unique taglist code: 768
2023-12-19 11:34:02,445 -     || seen taglist code: 696
2023-12-19 11:34:02,446 -     || BEST exact match (teacher forcing): 0.985
2023-12-19 11:34:02,569 -     || saved model
2023-12-19 11:34:02,572 - 
2023-12-19 11:34:02,573 - #epc: 2
2023-12-19 11:34:03,542 - epc:2, epc_KL:  0.000000
2023-12-19 11:43:43,908 - exact_match_tst_copy_acc: 0.974
2023-12-19 11:43:43,909 - exact_match_tst_reinflection_wlemma: 0.110
2023-12-19 11:43:43,910 - exact_match_tst_reinflection_wlemma_TAGFINDER1: 0.094
2023-12-19 11:43:43,910 - exact_match_tst_reinflection_wlemma_TAGFINDER1_or_2: 0.115
2023-12-19 11:43:44,152 - TRN || epcloss: 0.0063
2023-12-19 11:43:44,153 -     || Q: 0.0074
2023-12-19 11:43:44,154 -     || KL: 7.3290
2023-12-19 11:43:44,155 -     || token_match: 0.998, exact_match: 0.974
2023-12-19 11:43:44,155 -     || unique taglist code: 38667
2023-12-19 11:43:44,156 - DEV || epcloss: 0.0052
2023-12-19 11:43:44,157 -     || Q: 0.0078
2023-12-19 11:43:44,158 -     || KL: 13.4584
2023-12-19 11:43:44,159 -     || token_match: 0.999, exact_match: 0.974
2023-12-19 11:43:44,159 -     || unique taglist code: 897
2023-12-19 11:43:44,161 -     || seen taglist code: 736
2023-12-19 11:43:44,162 -     || MOST used devcode: 897
2023-12-19 11:43:44,258 -     || saved model
2023-12-19 11:43:44,261 - 
2023-12-19 11:43:44,262 - #epc: 3
2023-12-19 11:43:45,224 - epc:3, epc_KL:  0.000000
2023-12-19 11:53:26,201 - exact_match_tst_copy_acc: 0.977
2023-12-19 11:53:26,202 - exact_match_tst_reinflection_wlemma: 0.107
2023-12-19 11:53:26,202 - exact_match_tst_reinflection_wlemma_TAGFINDER1: 0.095
2023-12-19 11:53:26,203 - exact_match_tst_reinflection_wlemma_TAGFINDER1_or_2: 0.117
2023-12-19 11:53:26,421 - TRN || epcloss: 0.0048
2023-12-19 11:53:26,422 -     || Q: 0.0054
2023-12-19 11:53:26,423 -     || KL: 7.6302
2023-12-19 11:53:26,424 -     || token_match: 0.999, exact_match: 0.978
2023-12-19 11:53:26,425 -     || unique taglist code: 47786
2023-12-19 11:53:26,425 - DEV || epcloss: 0.0041
2023-12-19 11:53:26,426 -     || Q: 0.0046
2023-12-19 11:53:26,427 -     || KL: 13.9882
2023-12-19 11:53:26,427 -     || token_match: 0.999, exact_match: 0.977
2023-12-19 11:53:26,428 -     || unique taglist code: 945
2023-12-19 11:53:26,430 -     || seen taglist code: 824
2023-12-19 11:53:26,431 -     || MOST used trncode: 47786
2023-12-19 11:53:26,432 -     || MOST used devcode: 945
2023-12-19 11:53:26,495 -     || saved model
2023-12-19 11:53:26,497 - 
2023-12-19 11:53:26,498 - #epc: 4
2023-12-19 11:53:27,456 - epc:4, epc_KL:  0.000000
2023-12-19 12:03:05,121 - exact_match_tst_copy_acc: 0.985
2023-12-19 12:03:05,122 - exact_match_tst_reinflection_wlemma: 0.106
2023-12-19 12:03:05,122 - exact_match_tst_reinflection_wlemma_TAGFINDER1: 0.096
2023-12-19 12:03:05,123 - exact_match_tst_reinflection_wlemma_TAGFINDER1_or_2: 0.114
2023-12-19 12:03:05,335 - TRN || epcloss: 0.0044
2023-12-19 12:03:05,335 -     || Q: 0.0047
2023-12-19 12:03:05,336 -     || KL: 7.8530
2023-12-19 12:03:05,337 -     || token_match: 0.999, exact_match: 0.978
2023-12-19 12:03:05,337 -     || unique taglist code: 54129
2023-12-19 12:03:05,338 - DEV || epcloss: 0.0033
2023-12-19 12:03:05,339 -     || Q: 0.0039
2023-12-19 12:03:05,340 -     || KL: 14.1192
2023-12-19 12:03:05,340 -     || token_match: 0.999, exact_match: 0.985
2023-12-19 12:03:05,341 -     || unique taglist code: 963
2023-12-19 12:03:05,343 -     || seen taglist code: 818
2023-12-19 12:03:05,344 -     || MOST used trncode: 54129
2023-12-19 12:03:05,345 -     || MOST used devcode: 963
2023-12-19 12:03:05,345 -     || BEST exact match (teacher forcing): 0.985
2023-12-19 12:03:05,411 -     || saved model
2023-12-19 12:03:05,413 - 
2023-12-19 12:03:05,414 - #epc: 5
2023-12-19 12:03:06,380 - epc:5, epc_KL:  0.100000
2023-12-19 12:12:49,525 - exact_match_tst_copy_acc: 0.975
2023-12-19 12:12:49,526 - exact_match_tst_reinflection_wlemma: 0.371
2023-12-19 12:12:49,526 - exact_match_tst_reinflection_wlemma_TAGFINDER1: 0.303
2023-12-19 12:12:49,527 - exact_match_tst_reinflection_wlemma_TAGFINDER1_or_2: 0.361
2023-12-19 12:12:49,769 - TRN || epcloss: 0.0274
2023-12-19 12:12:49,770 -     || Q: 0.0218
2023-12-19 12:12:49,771 -     || KL: 0.9126
2023-12-19 12:12:49,771 -     || token_match: 0.992, exact_match: 0.871
2023-12-19 12:12:49,772 -     || unique taglist code: 82596
2023-12-19 12:12:49,773 - DEV || epcloss: 0.0226
2023-12-19 12:12:49,774 -     || Q: 0.0360
2023-12-19 12:12:49,774 -     || KL: 1.4562
2023-12-19 12:12:49,775 -     || token_match: 0.993, exact_match: 0.889
2023-12-19 12:12:49,776 -     || unique taglist code: 1481
2023-12-19 12:12:49,779 -     || seen taglist code: 1215
2023-12-19 12:12:49,780 -     || MOST used trncode: 82596
2023-12-19 12:12:49,780 -     || MOST used devcode: 1481
2023-12-19 12:12:49,851 -     || saved model
2023-12-19 12:12:49,854 - 
2023-12-19 12:12:49,854 - #epc: 6
2023-12-19 12:12:50,788 - epc:6, epc_KL:  0.200000
2023-12-19 12:22:35,504 - exact_match_tst_copy_acc: 0.975
2023-12-19 12:22:35,505 - exact_match_tst_reinflection_wlemma: 0.752
2023-12-19 12:22:35,505 - exact_match_tst_reinflection_wlemma_TAGFINDER1: 0.619
2023-12-19 12:22:35,506 - exact_match_tst_reinflection_wlemma_TAGFINDER1_or_2: 0.711
2023-12-19 12:22:35,719 - TRN || epcloss: 0.0335
2023-12-19 12:22:35,720 -     || Q: 0.0710
2023-12-19 12:22:35,721 -     || KL: 0.5224
2023-12-19 12:22:35,722 -     || token_match: 0.990, exact_match: 0.844
2023-12-19 12:22:35,723 -     || unique taglist code: 96009
2023-12-19 12:22:35,723 - DEV || epcloss: 0.0246
2023-12-19 12:22:35,724 -     || Q: 0.0784
2023-12-19 12:22:35,725 -     || KL: 0.8428
2023-12-19 12:22:35,726 -     || token_match: 0.992, exact_match: 0.877
2023-12-19 12:22:35,726 -     || unique taglist code: 1697
2023-12-19 12:22:35,730 -     || seen taglist code: 1397
2023-12-19 12:22:35,731 -     || MOST used trncode: 96009
2023-12-19 12:22:35,732 -     || MOST used devcode: 1697
2023-12-19 12:22:35,791 -     || saved model
2023-12-19 12:22:35,793 - 
2023-12-19 12:22:35,794 - #epc: 7
2023-12-19 12:22:36,752 - epc:7, epc_KL:  0.300000
2023-12-19 12:32:21,865 - exact_match_tst_copy_acc: 0.956
2023-12-19 12:32:21,866 - exact_match_tst_reinflection_wlemma: 0.846
2023-12-19 12:32:21,867 - exact_match_tst_reinflection_wlemma_TAGFINDER1: 0.658
2023-12-19 12:32:21,867 - exact_match_tst_reinflection_wlemma_TAGFINDER1_or_2: 0.775
2023-12-19 12:32:22,115 - TRN || epcloss: 0.0363
2023-12-19 12:32:22,116 -     || Q: 0.1323
2023-12-19 12:32:22,117 -     || KL: 0.3759
2023-12-19 12:32:22,117 -     || token_match: 0.989, exact_match: 0.831
2023-12-19 12:32:22,118 -     || unique taglist code: 143419
2023-12-19 12:32:22,126 - DEV || epcloss: 0.0281
2023-12-19 12:32:22,127 -     || Q: 0.1531
2023-12-19 12:32:22,128 -     || KL: 0.6402
2023-12-19 12:32:22,128 -     || token_match: 0.991, exact_match: 0.861
2023-12-19 12:32:22,129 -     || unique taglist code: 1913
2023-12-19 12:32:22,133 -     || seen taglist code: 1334
2023-12-19 12:32:22,157 -     || MOST used trncode: 143419
2023-12-19 12:32:22,158 -     || MOST used devcode: 1913
2023-12-19 12:32:22,264 -     || saved model
2023-12-19 12:32:22,267 - 
2023-12-19 12:32:22,268 - #epc: 8
2023-12-19 12:32:23,433 - epc:8, epc_KL:  0.400000
2023-12-19 12:42:07,427 - exact_match_tst_copy_acc: 0.944
2023-12-19 12:42:07,428 - exact_match_tst_reinflection_wlemma: 0.858
2023-12-19 12:42:07,428 - exact_match_tst_reinflection_wlemma_TAGFINDER1: 0.572
2023-12-19 12:42:07,429 - exact_match_tst_reinflection_wlemma_TAGFINDER1_or_2: 0.744
2023-12-19 12:42:07,658 - TRN || epcloss: 0.0411
2023-12-19 12:42:07,659 -     || Q: 0.2178
2023-12-19 12:42:07,660 -     || KL: 0.2979
2023-12-19 12:42:07,661 -     || token_match: 0.987, exact_match: 0.813
2023-12-19 12:42:07,662 -     || unique taglist code: 206893
2023-12-19 12:42:07,662 - DEV || epcloss: 0.0415
2023-12-19 12:42:07,663 -     || Q: 0.2412
2023-12-19 12:42:07,664 -     || KL: 0.4976
2023-12-19 12:42:07,665 -     || token_match: 0.988, exact_match: 0.820
2023-12-19 12:42:07,665 -     || unique taglist code: 1965
2023-12-19 12:42:07,669 -     || seen taglist code: 1255
2023-12-19 12:42:07,670 -     || MOST used trncode: 206893
2023-12-19 12:42:07,671 -     || MOST used devcode: 1965
2023-12-19 12:42:07,745 -     || saved model
2023-12-19 12:42:07,747 - 
2023-12-19 12:42:07,748 - #epc: 9
2023-12-19 12:42:08,704 - epc:9, epc_KL:  0.500000
2023-12-19 12:51:52,366 - exact_match_tst_copy_acc: 0.934
2023-12-19 12:51:52,367 - exact_match_tst_reinflection_wlemma: 0.861
2023-12-19 12:51:52,368 - exact_match_tst_reinflection_wlemma_TAGFINDER1: 0.467
2023-12-19 12:51:52,369 - exact_match_tst_reinflection_wlemma_TAGFINDER1_or_2: 0.677
2023-12-19 12:51:52,608 - TRN || epcloss: 0.0469
2023-12-19 12:51:52,609 -     || Q: 0.3261
2023-12-19 12:51:52,609 -     || KL: 0.2474
2023-12-19 12:51:52,610 -     || token_match: 0.985, exact_match: 0.793
2023-12-19 12:51:52,611 -     || unique taglist code: 275582
2023-12-19 12:51:52,612 - DEV || epcloss: 0.0451
2023-12-19 12:51:52,612 -     || Q: 0.3790
2023-12-19 12:51:52,613 -     || KL: 0.4183
2023-12-19 12:51:52,614 -     || token_match: 0.986, exact_match: 0.797
2023-12-19 12:51:52,614 -     || unique taglist code: 1987
2023-12-19 12:51:52,620 -     || seen taglist code: 1026
2023-12-19 12:51:52,621 -     || MOST used trncode: 275582
2023-12-19 12:51:52,622 -     || MOST used devcode: 1987
2023-12-19 12:51:52,709 -     || saved model
2023-12-19 12:51:52,711 - 
2023-12-19 12:51:52,711 - #epc: 10
2023-12-19 12:51:53,679 - epc:10, epc_KL:  0.600000
2023-12-19 13:01:39,240 - exact_match_tst_copy_acc: 0.924
2023-12-19 13:01:39,241 - exact_match_tst_reinflection_wlemma: 0.877
2023-12-19 13:01:39,241 - exact_match_tst_reinflection_wlemma_TAGFINDER1: 0.412
2023-12-19 13:01:39,242 - exact_match_tst_reinflection_wlemma_TAGFINDER1_or_2: 0.629
2023-12-19 13:01:39,541 - TRN || epcloss: 0.0527
2023-12-19 13:01:39,542 -     || Q: 0.4421
2023-12-19 13:01:39,543 -     || KL: 0.2055
2023-12-19 13:01:39,543 -     || token_match: 0.984, exact_match: 0.773
2023-12-19 13:01:39,544 -     || unique taglist code: 333999
2023-12-19 13:01:39,545 - DEV || epcloss: 0.0510
2023-12-19 13:01:39,545 -     || Q: 0.4858
2023-12-19 13:01:39,546 -     || KL: 0.3316
2023-12-19 13:01:39,547 -     || token_match: 0.984, exact_match: 0.775
2023-12-19 13:01:39,547 -     || unique taglist code: 1997
2023-12-19 13:01:39,552 -     || seen taglist code: 832
2023-12-19 13:01:39,553 -     || MOST used trncode: 333999
2023-12-19 13:01:39,554 -     || MOST used devcode: 1997
2023-12-19 13:01:39,669 -     || saved model
2023-12-19 13:01:39,671 - 
2023-12-19 13:01:39,672 - #epc: 11
2023-12-19 13:01:40,627 - epc:11, epc_KL:  0.700000
2023-12-19 13:11:26,054 - exact_match_tst_copy_acc: 0.901
2023-12-19 13:11:26,055 - exact_match_tst_reinflection_wlemma: 0.843
2023-12-19 13:11:26,058 - exact_match_tst_reinflection_wlemma_TAGFINDER1: 0.367
2023-12-19 13:11:26,058 - exact_match_tst_reinflection_wlemma_TAGFINDER1_or_2: 0.588
2023-12-19 13:11:26,327 - TRN || epcloss: 0.0604
2023-12-19 13:11:26,328 -     || Q: 0.5931
2023-12-19 13:11:26,329 -     || KL: 0.1735
2023-12-19 13:11:26,329 -     || token_match: 0.981, exact_match: 0.748
2023-12-19 13:11:26,330 -     || unique taglist code: 377851
2023-12-19 13:11:26,331 - DEV || epcloss: 0.0581
2023-12-19 13:11:26,332 -     || Q: 0.6149
2023-12-19 13:11:26,333 -     || KL: 0.2945
2023-12-19 13:11:26,333 -     || token_match: 0.983, exact_match: 0.764
2023-12-19 13:11:26,334 -     || unique taglist code: 1992
2023-12-19 13:11:26,337 -     || seen taglist code: 793
2023-12-19 13:11:26,338 -     || MOST used trncode: 377851
2023-12-19 13:11:26,450 -     || saved model
2023-12-19 13:11:26,453 - 
2023-12-19 13:11:26,453 - #epc: 12
2023-12-19 13:11:27,428 - epc:12, epc_KL:  0.800000
2023-12-19 13:21:10,543 - exact_match_tst_copy_acc: 0.883
2023-12-19 13:21:10,544 - exact_match_tst_reinflection_wlemma: 0.844
2023-12-19 13:21:10,545 - exact_match_tst_reinflection_wlemma_TAGFINDER1: 0.338
2023-12-19 13:21:10,545 - exact_match_tst_reinflection_wlemma_TAGFINDER1_or_2: 0.556
2023-12-19 13:21:10,798 - TRN || epcloss: 0.0680
2023-12-19 13:21:10,799 -     || Q: 0.7520
2023-12-19 13:21:10,800 -     || KL: 0.1496
2023-12-19 13:21:10,800 -     || token_match: 0.979, exact_match: 0.722
2023-12-19 13:21:10,801 -     || unique taglist code: 403036
2023-12-19 13:21:10,802 - DEV || epcloss: 0.0684
2023-12-19 13:21:10,802 -     || Q: 0.8336
2023-12-19 13:21:10,803 -     || KL: 0.2535
2023-12-19 13:21:10,804 -     || token_match: 0.979, exact_match: 0.720
2023-12-19 13:21:10,805 -     || unique taglist code: 1993
2023-12-19 13:21:10,807 -     || seen taglist code: 724
2023-12-19 13:21:10,808 -     || MOST used trncode: 403036
2023-12-19 13:21:10,902 -     || saved model
2023-12-19 13:21:10,904 - 
2023-12-19 13:21:10,905 - #epc: 13
2023-12-19 13:21:11,847 - epc:13, epc_KL:  0.900000
2023-12-19 13:30:57,585 - exact_match_tst_copy_acc: 0.857
2023-12-19 13:30:57,586 - exact_match_tst_reinflection_wlemma: 0.815
2023-12-19 13:30:57,587 - exact_match_tst_reinflection_wlemma_TAGFINDER1: 0.324
2023-12-19 13:30:57,587 - exact_match_tst_reinflection_wlemma_TAGFINDER1_or_2: 0.538
2023-12-19 13:30:57,838 - TRN || epcloss: 0.0762
2023-12-19 13:30:57,839 -     || Q: 0.9152
2023-12-19 13:30:57,840 -     || KL: 0.1297
2023-12-19 13:30:57,840 -     || token_match: 0.977, exact_match: 0.695
2023-12-19 13:30:57,841 -     || unique taglist code: 418069
2023-12-19 13:30:57,841 - DEV || epcloss: 0.0750
2023-12-19 13:30:57,842 -     || Q: 0.9961
2023-12-19 13:30:57,843 -     || KL: 0.2292
2023-12-19 13:30:57,843 -     || token_match: 0.978, exact_match: 0.704
2023-12-19 13:30:57,844 -     || unique taglist code: 1994
2023-12-19 13:30:57,846 -     || seen taglist code: 633
2023-12-19 13:30:57,847 -     || MOST used trncode: 418069
2023-12-19 13:30:57,927 -     || saved model
2023-12-19 13:30:57,928 - 
2023-12-19 13:30:57,929 - #epc: 14
2023-12-19 13:30:58,879 - epc:14, epc_KL:  1.000000
2023-12-19 13:40:46,591 - exact_match_tst_copy_acc: 0.831
2023-12-19 13:40:46,592 - exact_match_tst_reinflection_wlemma: 0.793
2023-12-19 13:40:46,592 - exact_match_tst_reinflection_wlemma_TAGFINDER1: 0.306
2023-12-19 13:40:46,593 - exact_match_tst_reinflection_wlemma_TAGFINDER1_or_2: 0.514
2023-12-19 13:40:46,834 - TRN || epcloss: 0.0862
2023-12-19 13:40:46,835 -     || Q: 1.0867
2023-12-19 13:40:46,835 -     || KL: 0.1137
2023-12-19 13:40:46,836 -     || token_match: 0.974, exact_match: 0.665
2023-12-19 13:40:46,837 -     || unique taglist code: 436848
2023-12-19 13:40:46,837 - DEV || epcloss: 0.0836
2023-12-19 13:40:46,838 -     || Q: 1.1612
2023-12-19 13:40:46,839 -     || KL: 0.1985
2023-12-19 13:40:46,840 -     || token_match: 0.974, exact_match: 0.655
2023-12-19 13:40:46,840 -     || unique taglist code: 1998
2023-12-19 13:40:46,843 -     || seen taglist code: 574
2023-12-19 13:40:46,844 -     || MOST used trncode: 436848
2023-12-19 13:40:46,844 -     || MOST used devcode: 1998
2023-12-19 13:40:46,944 -     || saved model
2023-12-19 13:40:46,946 - 
2023-12-19 13:40:46,947 - #epc: 15
2023-12-19 13:40:47,900 - epc:15, epc_KL:  1.000000
2023-12-19 13:50:32,702 - exact_match_tst_copy_acc: 0.803
2023-12-19 13:50:32,703 - exact_match_tst_reinflection_wlemma: 0.766
2023-12-19 13:50:32,703 - exact_match_tst_reinflection_wlemma_TAGFINDER1: 0.296
2023-12-19 13:50:32,704 - exact_match_tst_reinflection_wlemma_TAGFINDER1_or_2: 0.492
2023-12-19 13:50:32,959 - TRN || epcloss: 0.0895
2023-12-19 13:50:32,960 -     || Q: 1.1606
2023-12-19 13:50:32,961 -     || KL: 0.1064
2023-12-19 13:50:32,961 -     || token_match: 0.972, exact_match: 0.657
2023-12-19 13:50:32,962 -     || unique taglist code: 441589
2023-12-19 13:50:32,963 - DEV || epcloss: 0.0860
2023-12-19 13:50:32,963 -     || Q: 1.2011
2023-12-19 13:50:32,964 -     || KL: 0.1861
2023-12-19 13:50:32,965 -     || token_match: 0.973, exact_match: 0.663
2023-12-19 13:50:32,966 -     || unique taglist code: 1996
2023-12-19 13:50:32,968 -     || seen taglist code: 567
2023-12-19 13:50:32,969 -     || MOST used trncode: 441589
2023-12-19 13:50:33,073 -     || saved model
2023-12-19 13:50:33,075 - 
2023-12-19 13:50:33,076 - #epc: 16
2023-12-19 13:50:34,033 - epc:16, epc_KL:  1.000000
2023-12-19 14:00:20,177 - exact_match_tst_copy_acc: 0.812
2023-12-19 14:00:20,179 - exact_match_tst_reinflection_wlemma: 0.781
2023-12-19 14:00:20,179 - exact_match_tst_reinflection_wlemma_TAGFINDER1: 0.302
2023-12-19 14:00:20,180 - exact_match_tst_reinflection_wlemma_TAGFINDER1_or_2: 0.504
2023-12-19 14:00:20,440 - TRN || epcloss: 0.0946
2023-12-19 14:00:20,441 -     || Q: 1.2358
2023-12-19 14:00:20,442 -     || KL: 0.1018
2023-12-19 14:00:20,442 -     || token_match: 0.971, exact_match: 0.645
2023-12-19 14:00:20,443 -     || unique taglist code: 443638
2023-12-19 14:00:20,444 - DEV || epcloss: 0.0893
2023-12-19 14:00:20,444 -     || Q: 1.3270
2023-12-19 14:00:20,445 -     || KL: 0.1786
2023-12-19 14:00:20,446 -     || token_match: 0.972, exact_match: 0.658
2023-12-19 14:00:20,446 -     || unique taglist code: 1996
2023-12-19 14:00:20,449 -     || seen taglist code: 555
2023-12-19 14:00:20,449 -     || MOST used trncode: 443638
2023-12-19 14:00:20,562 -     || saved model
2023-12-19 14:00:20,564 - 
2023-12-19 14:00:20,565 - #epc: 17
2023-12-19 14:00:21,548 - epc:17, epc_KL:  1.000000
2023-12-19 14:10:06,271 - exact_match_tst_copy_acc: 0.763
2023-12-19 14:10:06,272 - exact_match_tst_reinflection_wlemma: 0.754
2023-12-19 14:10:06,273 - exact_match_tst_reinflection_wlemma_TAGFINDER1: 0.287
2023-12-19 14:10:06,273 - exact_match_tst_reinflection_wlemma_TAGFINDER1_or_2: 0.486
2023-12-19 14:10:06,536 - TRN || epcloss: 0.1071
2023-12-19 14:10:06,537 -     || Q: 1.3631
2023-12-19 14:10:06,538 -     || KL: 0.1026
2023-12-19 14:10:06,539 -     || token_match: 0.967, exact_match: 0.617
2023-12-19 14:10:06,540 -     || unique taglist code: 444541
2023-12-19 14:10:06,540 - DEV || epcloss: 0.1006
2023-12-19 14:10:06,541 -     || Q: 1.3703
2023-12-19 14:10:06,542 -     || KL: 0.1901
2023-12-19 14:10:06,542 -     || token_match: 0.969, exact_match: 0.620
2023-12-19 14:10:06,543 -     || unique taglist code: 1995
2023-12-19 14:10:06,545 -     || seen taglist code: 569
2023-12-19 14:10:06,546 -     || MOST used trncode: 444541
2023-12-19 14:10:06,670 -     || saved model
2023-12-19 14:10:06,673 - 
2023-12-19 14:10:06,673 - #epc: 18
2023-12-19 14:10:07,643 - epc:18, epc_KL:  1.000000
2023-12-19 14:19:52,177 - exact_match_tst_copy_acc: 0.738
2023-12-19 14:19:52,178 - exact_match_tst_reinflection_wlemma: 0.691
2023-12-19 14:19:52,178 - exact_match_tst_reinflection_wlemma_TAGFINDER1: 0.261
2023-12-19 14:19:52,179 - exact_match_tst_reinflection_wlemma_TAGFINDER1_or_2: 0.438
2023-12-19 14:19:52,448 - TRN || epcloss: 0.1174
2023-12-19 14:19:52,449 -     || Q: 1.3678
2023-12-19 14:19:52,449 -     || KL: 0.1031
2023-12-19 14:19:52,450 -     || token_match: 0.964, exact_match: 0.591
2023-12-19 14:19:52,451 -     || unique taglist code: 451192
2023-12-19 14:19:52,452 - DEV || epcloss: 0.1092
2023-12-19 14:19:52,452 -     || Q: 1.3561
2023-12-19 14:19:52,453 -     || KL: 0.1868
2023-12-19 14:19:52,454 -     || token_match: 0.966, exact_match: 0.590
2023-12-19 14:19:52,454 -     || unique taglist code: 1996
2023-12-19 14:19:52,456 -     || seen taglist code: 538
2023-12-19 14:19:52,457 -     || MOST used trncode: 451192
2023-12-19 14:19:52,552 -     || saved model
2023-12-19 14:19:52,554 - 
2023-12-19 14:19:52,555 - #epc: 19
2023-12-19 14:19:53,499 - epc:19, epc_KL:  1.000000
2023-12-19 14:29:26,419 - exact_match_tst_copy_acc: 0.720
2023-12-19 14:29:26,420 - exact_match_tst_reinflection_wlemma: 0.690
2023-12-19 14:29:26,420 - exact_match_tst_reinflection_wlemma_TAGFINDER1: 0.255
2023-12-19 14:29:26,421 - exact_match_tst_reinflection_wlemma_TAGFINDER1_or_2: 0.446
2023-12-19 14:29:26,684 - TRN || epcloss: 0.1217
2023-12-19 14:29:26,685 -     || Q: 1.4332
2023-12-19 14:29:26,685 -     || KL: 0.1015
2023-12-19 14:29:26,686 -     || token_match: 0.963, exact_match: 0.580
2023-12-19 14:29:26,687 -     || unique taglist code: 454557
2023-12-19 14:29:26,687 - DEV || epcloss: 0.1188
2023-12-19 14:29:26,688 -     || Q: 1.5227
2023-12-19 14:29:26,689 -     || KL: 0.1815
2023-12-19 14:29:26,689 -     || token_match: 0.963, exact_match: 0.577
2023-12-19 14:29:26,690 -     || unique taglist code: 1992
2023-12-19 14:29:26,693 -     || seen taglist code: 508
2023-12-19 14:29:26,694 -     || MOST used trncode: 454557
2023-12-19 14:29:26,788 -     || saved model
2023-12-19 14:29:26,790 - 
2023-12-19 14:29:26,791 - #epc: 20
2023-12-19 14:29:27,706 - epc:20, epc_KL:  1.000000
2023-12-19 14:38:45,600 - exact_match_tst_copy_acc: 0.604
2023-12-19 14:38:45,601 - exact_match_tst_reinflection_wlemma: 0.573
2023-12-19 14:38:45,601 - exact_match_tst_reinflection_wlemma_TAGFINDER1: 0.213
2023-12-19 14:38:45,602 - exact_match_tst_reinflection_wlemma_TAGFINDER1_or_2: 0.370
2023-12-19 14:38:45,846 - TRN || epcloss: 0.1468
2023-12-19 14:38:45,847 -     || Q: 1.5136
2023-12-19 14:38:45,848 -     || KL: 0.1059
2023-12-19 14:38:45,849 -     || token_match: 0.955, exact_match: 0.531
2023-12-19 14:38:45,849 -     || unique taglist code: 460786
2023-12-19 14:38:45,850 - DEV || epcloss: 0.1906
2023-12-19 14:38:45,851 -     || Q: 1.8400
2023-12-19 14:38:45,852 -     || KL: 0.2101
2023-12-19 14:38:45,852 -     || token_match: 0.943, exact_match: 0.471
2023-12-19 14:38:45,853 -     || unique taglist code: 1998
2023-12-19 14:38:45,855 -     || seen taglist code: 397
2023-12-19 14:38:45,856 -     || MOST used trncode: 460786
2023-12-19 14:38:45,943 -     || saved model
2023-12-19 14:38:45,945 - 
2023-12-19 14:38:45,945 - #epc: 21
2023-12-19 14:38:46,883 - epc:21, epc_KL:  1.000000
2023-12-19 14:48:13,677 - exact_match_tst_copy_acc: 0.160
2023-12-19 14:48:13,678 - exact_match_tst_reinflection_wlemma: 0.131
2023-12-19 14:48:13,679 - exact_match_tst_reinflection_wlemma_TAGFINDER1: 0.043
2023-12-19 14:48:13,680 - exact_match_tst_reinflection_wlemma_TAGFINDER1_or_2: 0.086
2023-12-19 14:48:13,928 - TRN || epcloss: 0.8273
2023-12-19 14:48:13,929 -     || Q: 2.0111
2023-12-19 14:48:13,930 -     || KL: 0.2051
2023-12-19 14:48:13,931 -     || token_match: 0.794, exact_match: 0.056
2023-12-19 14:48:13,932 -     || unique taglist code: 274859
2023-12-19 14:48:13,933 - DEV || epcloss: 0.4097
2023-12-19 14:48:13,933 -     || Q: 1.5273
2023-12-19 14:48:13,934 -     || KL: 0.2503
2023-12-19 14:48:13,935 -     || token_match: 0.868, exact_match: 0.104
2023-12-19 14:48:13,936 -     || unique taglist code: 1972
2023-12-19 14:48:13,941 -     || seen taglist code: 850
2023-12-19 14:48:14,047 -     || saved model
2023-12-19 14:48:14,049 - 
2023-12-19 14:48:14,050 - #epc: 22
2023-12-19 14:48:15,013 - epc:22, epc_KL:  1.000000
2023-12-19 14:58:30,784 - exact_match_tst_copy_acc: 0.001
2023-12-19 14:58:30,784 - exact_match_tst_reinflection_wlemma: 0.001
2023-12-19 14:58:30,785 - exact_match_tst_reinflection_wlemma_TAGFINDER1: 0.000
2023-12-19 14:58:30,786 - exact_match_tst_reinflection_wlemma_TAGFINDER1_or_2: 0.000
2023-12-19 14:58:31,038 - TRN || epcloss: 0.4474
2023-12-19 14:58:31,039 -     || Q: 1.9016
2023-12-19 14:58:31,040 -     || KL: 0.1389
2023-12-19 14:58:31,040 -     || token_match: 0.906, exact_match: 0.284
2023-12-19 14:58:31,041 -     || unique taglist code: 427000
2023-12-19 14:58:31,042 - DEV || epcloss: 5.4990
2023-12-19 14:58:31,043 -     || Q: 4.8135
2023-12-19 14:58:31,044 -     || KL: 1.3104
2023-12-19 14:58:31,044 -     || token_match: 0.475, exact_match: 0.001
2023-12-19 14:58:31,045 -     || unique taglist code: 1824
2023-12-19 14:58:31,048 -     || seen taglist code: 165
2023-12-19 14:58:31,130 -     || saved model
2023-12-19 14:58:31,132 - 
2023-12-19 14:58:31,133 - #epc: 23
2023-12-19 14:58:32,050 - epc:23, epc_KL:  1.000000
2023-12-19 15:09:33,153 - exact_match_tst_copy_acc: 0.001
2023-12-19 15:09:33,160 - exact_match_tst_reinflection_wlemma: 0.001
2023-12-19 15:09:33,161 - exact_match_tst_reinflection_wlemma_TAGFINDER1: 0.001
2023-12-19 15:09:33,161 - exact_match_tst_reinflection_wlemma_TAGFINDER1_or_2: 0.001
2023-12-19 15:09:33,996 - TRN || epcloss: 4.1550
2023-12-19 15:09:33,997 -     || Q: 3.0747
2023-12-19 15:09:33,997 -     || KL: 0.3127
2023-12-19 15:09:33,998 -     || token_match: 0.334, exact_match: 0.000
2023-12-19 15:09:33,999 -     || unique taglist code: 209149
2023-12-19 15:09:34,000 - DEV || epcloss: 2.0209
2023-12-19 15:09:34,007 -     || Q: 1.7467
2023-12-19 15:09:34,008 -     || KL: 0.2379
2023-12-19 15:09:34,008 -     || token_match: 0.434, exact_match: 0.000
2023-12-19 15:09:34,009 -     || unique taglist code: 1868
2023-12-19 15:09:34,012 -     || seen taglist code: 989
2023-12-19 15:09:34,139 -     || saved model
2023-12-19 15:09:34,142 - 
2023-12-19 15:09:34,152 - #epc: 24
2023-12-19 15:09:35,131 - epc:24, epc_KL:  1.000000
2023-12-19 15:20:22,287 - exact_match_tst_copy_acc: 0.005
2023-12-19 15:20:22,288 - exact_match_tst_reinflection_wlemma: 0.001
2023-12-19 15:20:22,289 - exact_match_tst_reinflection_wlemma_TAGFINDER1: 0.001
2023-12-19 15:20:22,289 - exact_match_tst_reinflection_wlemma_TAGFINDER1_or_2: 0.001
2023-12-19 15:20:22,698 - TRN || epcloss: 1.5707
2023-12-19 15:20:22,699 -     || Q: 1.6207
2023-12-19 15:20:22,700 -     || KL: 0.1405
2023-12-19 15:20:22,700 -     || token_match: 0.550, exact_match: 0.001
2023-12-19 15:20:22,701 -     || unique taglist code: 265462
2023-12-19 15:20:22,701 - DEV || epcloss: 1.0077
2023-12-19 15:20:22,702 -     || Q: 1.6204
2023-12-19 15:20:22,703 -     || KL: 0.2401
2023-12-19 15:20:22,703 -     || token_match: 0.682, exact_match: 0.006
2023-12-19 15:20:22,704 -     || unique taglist code: 1951
2023-12-19 15:20:22,706 -     || seen taglist code: 973
2023-12-19 15:20:22,808 -     || saved model
2023-12-19 15:20:22,810 - 
2023-12-19 15:20:22,811 - #epc: 25
2023-12-19 15:20:23,785 - epc:25, epc_KL:  1.000000
2023-12-19 15:30:13,831 - exact_match_tst_copy_acc: 0.069
2023-12-19 15:30:13,832 - exact_match_tst_reinflection_wlemma: 0.024
2023-12-19 15:30:13,832 - exact_match_tst_reinflection_wlemma_TAGFINDER1: 0.006
2023-12-19 15:30:13,833 - exact_match_tst_reinflection_wlemma_TAGFINDER1_or_2: 0.011
2023-12-19 15:30:14,353 - TRN || epcloss: 0.7471
2023-12-19 15:30:14,354 -     || Q: 2.1640
2023-12-19 15:30:14,355 -     || KL: 0.1543
2023-12-19 15:30:14,355 -     || token_match: 0.764, exact_match: 0.035
2023-12-19 15:30:14,356 -     || unique taglist code: 393501
2023-12-19 15:30:14,357 - DEV || epcloss: 0.6455
2023-12-19 15:30:14,357 -     || Q: 2.4721
2023-12-19 15:30:14,358 -     || KL: 0.3042
2023-12-19 15:30:14,359 -     || token_match: 0.795, exact_match: 0.047
2023-12-19 15:30:14,359 -     || unique taglist code: 1991
2023-12-19 15:30:14,363 -     || seen taglist code: 439
2023-12-19 15:30:14,488 -     || saved model
2023-12-19 15:30:14,490 - 
2023-12-19 15:30:14,491 - #epc: 26
2023-12-19 15:30:15,530 - epc:26, epc_KL:  1.000000
2023-12-19 15:40:19,071 - exact_match_tst_copy_acc: 0.226
2023-12-19 15:40:19,071 - exact_match_tst_reinflection_wlemma: 0.081
2023-12-19 15:40:19,072 - exact_match_tst_reinflection_wlemma_TAGFINDER1: 0.023
2023-12-19 15:40:19,073 - exact_match_tst_reinflection_wlemma_TAGFINDER1_or_2: 0.044
2023-12-19 15:40:19,489 - TRN || epcloss: 0.5843
2023-12-19 15:40:19,490 -     || Q: 2.3576
2023-12-19 15:40:19,491 -     || KL: 0.1694
2023-12-19 15:40:19,492 -     || token_match: 0.818, exact_match: 0.082
2023-12-19 15:40:19,492 -     || unique taglist code: 392292
2023-12-19 15:40:19,493 - DEV || epcloss: 0.4472
2023-12-19 15:40:19,494 -     || Q: 2.3693
2023-12-19 15:40:19,494 -     || KL: 0.2758
2023-12-19 15:40:19,495 -     || token_match: 0.856, exact_match: 0.148
2023-12-19 15:40:19,496 -     || unique taglist code: 1990
2023-12-19 15:40:19,499 -     || seen taglist code: 791
2023-12-19 15:40:19,636 -     || saved model
2023-12-19 15:40:19,639 - 
2023-12-19 15:40:19,639 - #epc: 27
2023-12-19 15:40:20,638 - epc:27, epc_KL:  1.000000
2023-12-19 15:51:26,326 - exact_match_tst_copy_acc: 0.001
2023-12-19 15:51:26,327 - exact_match_tst_reinflection_wlemma: 0.000
2023-12-19 15:51:26,328 - exact_match_tst_reinflection_wlemma_TAGFINDER1: 0.000
2023-12-19 15:51:26,329 - exact_match_tst_reinflection_wlemma_TAGFINDER1_or_2: 0.000
2023-12-19 15:51:27,854 - TRN || epcloss: 0.9115
2023-12-19 15:51:27,854 -     || Q: 3.5233
2023-12-19 15:51:27,855 -     || KL: 0.2056
2023-12-19 15:51:27,856 -     || token_match: 0.768, exact_match: 0.130
2023-12-19 15:51:27,856 -     || unique taglist code: 307983
2023-12-19 15:51:27,857 - DEV || epcloss: 1.7394
2023-12-19 15:51:27,858 -     || Q: 4.9227
2023-12-19 15:51:27,859 -     || KL: 0.4757
2023-12-19 15:51:27,859 -     || token_match: 0.521, exact_match: 0.001
2023-12-19 15:51:27,860 -     || unique taglist code: 476
2023-12-19 15:51:27,862 -     || seen taglist code: 340
2023-12-19 15:51:27,960 -     || saved model
2023-12-19 15:51:27,962 - 
2023-12-19 15:51:27,963 - #epc: 28
2023-12-19 15:51:28,989 - epc:28, epc_KL:  1.000000
2023-12-19 16:03:33,386 - exact_match_tst_copy_acc: 0.001
2023-12-19 16:03:33,387 - exact_match_tst_reinflection_wlemma: 0.000
2023-12-19 16:03:33,388 - exact_match_tst_reinflection_wlemma_TAGFINDER1: 0.000
2023-12-19 16:03:33,389 - exact_match_tst_reinflection_wlemma_TAGFINDER1_or_2: 0.000
2023-12-19 16:03:34,925 - TRN || epcloss: 1.2442
2023-12-19 16:03:34,926 -     || Q: 2.8570
2023-12-19 16:03:34,927 -     || KL: 0.1686
2023-12-19 16:03:34,928 -     || token_match: 0.640, exact_match: 0.006
2023-12-19 16:03:34,928 -     || unique taglist code: 189794
2023-12-19 16:03:34,929 - DEV || epcloss: 3.0533
2023-12-19 16:03:34,930 -     || Q: 2.0682
2023-12-19 16:03:34,930 -     || KL: 0.3188
2023-12-19 16:03:34,931 -     || token_match: 0.578, exact_match: 0.000
2023-12-19 16:03:34,932 -     || unique taglist code: 1979
2023-12-19 16:03:34,935 -     || seen taglist code: 651
2023-12-19 16:03:35,035 -     || saved model
2023-12-19 16:03:35,036 - 
2023-12-19 16:03:35,037 - #epc: 29
2023-12-19 16:03:35,995 - epc:29, epc_KL:  1.000000
2023-12-19 16:13:26,120 - exact_match_tst_copy_acc: 0.295
2023-12-19 16:13:26,120 - exact_match_tst_reinflection_wlemma: 0.144
2023-12-19 16:13:26,121 - exact_match_tst_reinflection_wlemma_TAGFINDER1: 0.046
2023-12-19 16:13:26,122 - exact_match_tst_reinflection_wlemma_TAGFINDER1_or_2: 0.095
2023-12-19 16:13:26,481 - TRN || epcloss: 0.4964
2023-12-19 16:13:26,481 -     || Q: 2.1407
2023-12-19 16:13:26,482 -     || KL: 0.1392
2023-12-19 16:13:26,483 -     || token_match: 0.840, exact_match: 0.114
2023-12-19 16:13:26,483 -     || unique taglist code: 403031
2023-12-19 16:13:26,484 - DEV || epcloss: 0.3629
2023-12-19 16:13:26,485 -     || Q: 2.1870
2023-12-19 16:13:26,485 -     || KL: 0.2430
2023-12-19 16:13:26,486 -     || token_match: 0.884, exact_match: 0.222
2023-12-19 16:13:26,487 -     || unique taglist code: 1996
2023-12-19 16:13:26,490 -     || seen taglist code: 631
2023-12-19 16:13:26,605 -     || saved model
2023-12-19 16:13:26,608 - 
2023-12-19 16:13:26,608 - #epc: 30
2023-12-19 16:13:27,527 - epc:30, epc_KL:  1.000000
2023-12-19 16:23:15,287 - exact_match_tst_copy_acc: 0.389
2023-12-19 16:23:15,288 - exact_match_tst_reinflection_wlemma: 0.207
2023-12-19 16:23:15,288 - exact_match_tst_reinflection_wlemma_TAGFINDER1: 0.068
2023-12-19 16:23:15,289 - exact_match_tst_reinflection_wlemma_TAGFINDER1_or_2: 0.125
2023-12-19 16:23:15,747 - TRN || epcloss: 0.3302
2023-12-19 16:23:15,748 -     || Q: 2.2038
2023-12-19 16:23:15,748 -     || KL: 0.1320
2023-12-19 16:23:15,749 -     || token_match: 0.894, exact_match: 0.246
2023-12-19 16:23:15,750 -     || unique taglist code: 399386
2023-12-19 16:23:15,750 - DEV || epcloss: 0.2933
2023-12-19 16:23:15,751 -     || Q: 2.2249
2023-12-19 16:23:15,752 -     || KL: 0.2341
2023-12-19 16:23:15,753 -     || token_match: 0.906, exact_match: 0.274
2023-12-19 16:23:15,753 -     || unique taglist code: 1997
2023-12-19 16:23:15,756 -     || seen taglist code: 744
2023-12-19 16:23:15,888 -     || saved model
2023-12-19 16:23:15,890 - 
2023-12-19 16:23:15,891 - #epc: 31
2023-12-19 16:23:16,866 - epc:31, epc_KL:  1.000000
2023-12-19 16:33:04,668 - exact_match_tst_copy_acc: 0.506
2023-12-19 16:33:04,669 - exact_match_tst_reinflection_wlemma: 0.319
2023-12-19 16:33:04,669 - exact_match_tst_reinflection_wlemma_TAGFINDER1: 0.115
2023-12-19 16:33:04,670 - exact_match_tst_reinflection_wlemma_TAGFINDER1_or_2: 0.213
2023-12-19 16:33:05,172 - TRN || epcloss: 0.2642
2023-12-19 16:33:05,173 -     || Q: 2.1344
2023-12-19 16:33:05,173 -     || KL: 0.1254
2023-12-19 16:33:05,174 -     || token_match: 0.916, exact_match: 0.329
2023-12-19 16:33:05,175 -     || unique taglist code: 405435
2023-12-19 16:33:05,175 - DEV || epcloss: 0.2338
2023-12-19 16:33:05,176 -     || Q: 2.1445
2023-12-19 16:33:05,177 -     || KL: 0.2296
2023-12-19 16:33:05,177 -     || token_match: 0.926, exact_match: 0.376
2023-12-19 16:33:05,178 -     || unique taglist code: 1997
2023-12-19 16:33:05,180 -     || seen taglist code: 681
2023-12-19 16:33:05,302 -     || saved model
2023-12-19 16:33:05,304 - 
2023-12-19 16:33:05,304 - #epc: 32
2023-12-19 16:33:06,248 - epc:32, epc_KL:  1.000000
2023-12-19 16:42:54,840 - exact_match_tst_copy_acc: 0.537
2023-12-19 16:42:54,840 - exact_match_tst_reinflection_wlemma: 0.347
2023-12-19 16:42:54,841 - exact_match_tst_reinflection_wlemma_TAGFINDER1: 0.126
2023-12-19 16:42:54,842 - exact_match_tst_reinflection_wlemma_TAGFINDER1_or_2: 0.227
2023-12-19 16:42:55,308 - TRN || epcloss: 0.2293
2023-12-19 16:42:55,309 -     || Q: 2.1343
2023-12-19 16:42:55,310 -     || KL: 0.1198
2023-12-19 16:42:55,310 -     || token_match: 0.927, exact_match: 0.384
2023-12-19 16:42:55,311 -     || unique taglist code: 410008
2023-12-19 16:42:55,312 - DEV || epcloss: 0.2069
2023-12-19 16:42:55,312 -     || Q: 2.1426
2023-12-19 16:42:55,313 -     || KL: 0.2205
2023-12-19 16:42:55,313 -     || token_match: 0.935, exact_match: 0.428
2023-12-19 16:42:55,314 -     || unique taglist code: 1998
2023-12-19 16:42:55,316 -     || seen taglist code: 723
2023-12-19 16:42:55,456 -     || saved model
2023-12-19 16:42:55,458 - 
2023-12-19 16:42:55,459 - #epc: 33
2023-12-19 16:42:56,392 - epc:33, epc_KL:  1.000000
2023-12-19 16:52:45,125 - exact_match_tst_copy_acc: 0.566
2023-12-19 16:52:45,126 - exact_match_tst_reinflection_wlemma: 0.367
2023-12-19 16:52:45,127 - exact_match_tst_reinflection_wlemma_TAGFINDER1: 0.137
2023-12-19 16:52:45,127 - exact_match_tst_reinflection_wlemma_TAGFINDER1_or_2: 0.242
2023-12-19 16:52:45,536 - TRN || epcloss: 0.2105
2023-12-19 16:52:45,537 -     || Q: 2.1204
2023-12-19 16:52:45,537 -     || KL: 0.1165
2023-12-19 16:52:45,538 -     || token_match: 0.934, exact_match: 0.413
2023-12-19 16:52:45,539 -     || unique taglist code: 415233
2023-12-19 16:52:45,539 - DEV || epcloss: 0.1953
2023-12-19 16:52:45,540 -     || Q: 1.9992
2023-12-19 16:52:45,541 -     || KL: 0.2054
2023-12-19 16:52:45,541 -     || token_match: 0.940, exact_match: 0.456
2023-12-19 16:52:45,542 -     || unique taglist code: 1997
2023-12-19 16:52:45,544 -     || seen taglist code: 687
2023-12-19 16:52:45,667 -     || saved model
2023-12-19 16:52:45,670 - 
2023-12-19 16:52:45,670 - #epc: 34
2023-12-19 16:52:46,620 - epc:34, epc_KL:  1.000000
2023-12-19 17:02:35,396 - exact_match_tst_copy_acc: 0.573
2023-12-19 17:02:35,397 - exact_match_tst_reinflection_wlemma: 0.417
2023-12-19 17:02:35,398 - exact_match_tst_reinflection_wlemma_TAGFINDER1: 0.156
2023-12-19 17:02:35,399 - exact_match_tst_reinflection_wlemma_TAGFINDER1_or_2: 0.281
2023-12-19 17:02:35,872 - TRN || epcloss: 0.1923
2023-12-19 17:02:35,872 -     || Q: 2.0699
2023-12-19 17:02:35,873 -     || KL: 0.1123
2023-12-19 17:02:35,874 -     || token_match: 0.940, exact_match: 0.451
2023-12-19 17:02:35,874 -     || unique taglist code: 417031
2023-12-19 17:02:35,875 - DEV || epcloss: 0.1937
2023-12-19 17:02:35,876 -     || Q: 2.2446
2023-12-19 17:02:35,877 -     || KL: 0.2056
2023-12-19 17:02:35,877 -     || token_match: 0.938, exact_match: 0.450
2023-12-19 17:02:35,878 -     || unique taglist code: 1999
2023-12-19 17:02:35,881 -     || seen taglist code: 653
2023-12-19 17:02:35,882 -     || MOST used devcode: 1999
2023-12-19 17:02:36,003 -     || saved model
2023-12-19 17:02:36,005 - 
2023-12-19 17:02:36,006 - #epc: 35
2023-12-19 17:02:36,980 - epc:35, epc_KL:  1.000000
2023-12-19 17:12:24,600 - exact_match_tst_copy_acc: 0.596
2023-12-19 17:12:24,601 - exact_match_tst_reinflection_wlemma: 0.443
2023-12-19 17:12:24,602 - exact_match_tst_reinflection_wlemma_TAGFINDER1: 0.167
2023-12-19 17:12:24,602 - exact_match_tst_reinflection_wlemma_TAGFINDER1_or_2: 0.294
2023-12-19 17:12:24,969 - TRN || epcloss: 0.1871
2023-12-19 17:12:24,969 -     || Q: 2.0342
2023-12-19 17:12:24,970 -     || KL: 0.1101
2023-12-19 17:12:24,971 -     || token_match: 0.942, exact_match: 0.463
2023-12-19 17:12:24,971 -     || unique taglist code: 420753
2023-12-19 17:12:24,972 - DEV || epcloss: 0.1777
2023-12-19 17:12:24,973 -     || Q: 2.0558
2023-12-19 17:12:24,973 -     || KL: 0.2014
2023-12-19 17:12:24,974 -     || token_match: 0.944, exact_match: 0.475
2023-12-19 17:12:24,975 -     || unique taglist code: 1997
2023-12-19 17:12:24,979 -     || seen taglist code: 661
2023-12-19 17:12:25,092 -     || saved model
2023-12-19 17:12:25,094 - 
2023-12-19 17:12:25,095 - #epc: 36
2023-12-19 17:12:26,036 - epc:36, epc_KL:  1.000000
2023-12-19 17:22:12,061 - exact_match_tst_copy_acc: 0.601
2023-12-19 17:22:12,062 - exact_match_tst_reinflection_wlemma: 0.457
2023-12-19 17:22:12,063 - exact_match_tst_reinflection_wlemma_TAGFINDER1: 0.190
2023-12-19 17:22:12,064 - exact_match_tst_reinflection_wlemma_TAGFINDER1_or_2: 0.316
2023-12-19 17:22:12,398 - TRN || epcloss: 0.1766
2023-12-19 17:22:12,399 -     || Q: 2.0130
2023-12-19 17:22:12,399 -     || KL: 0.1083
2023-12-19 17:22:12,400 -     || token_match: 0.945, exact_match: 0.482
2023-12-19 17:22:12,401 -     || unique taglist code: 423210
2023-12-19 17:22:12,401 - DEV || epcloss: 0.1743
2023-12-19 17:22:12,402 -     || Q: 1.9395
2023-12-19 17:22:12,403 -     || KL: 0.1830
2023-12-19 17:22:12,404 -     || token_match: 0.945, exact_match: 0.495
2023-12-19 17:22:12,404 -     || unique taglist code: 1999
2023-12-19 17:22:12,409 -     || seen taglist code: 700
2023-12-19 17:22:12,483 -     || saved model
2023-12-19 17:22:12,486 - 
2023-12-19 17:22:12,486 - #epc: 37
2023-12-19 17:22:13,440 - epc:37, epc_KL:  1.000000
2023-12-19 17:31:59,720 - exact_match_tst_copy_acc: 0.663
2023-12-19 17:31:59,721 - exact_match_tst_reinflection_wlemma: 0.517
2023-12-19 17:31:59,722 - exact_match_tst_reinflection_wlemma_TAGFINDER1: 0.199
2023-12-19 17:31:59,722 - exact_match_tst_reinflection_wlemma_TAGFINDER1_or_2: 0.353
2023-12-19 17:32:00,055 - TRN || epcloss: 0.1593
2023-12-19 17:32:00,056 -     || Q: 1.8846
2023-12-19 17:32:00,057 -     || KL: 0.1027
2023-12-19 17:32:00,057 -     || token_match: 0.950, exact_match: 0.522
2023-12-19 17:32:00,058 -     || unique taglist code: 423151
2023-12-19 17:32:00,058 - DEV || epcloss: 0.1537
2023-12-19 17:32:00,059 -     || Q: 1.9753
2023-12-19 17:32:00,060 -     || KL: 0.1863
2023-12-19 17:32:00,060 -     || token_match: 0.951, exact_match: 0.527
2023-12-19 17:32:00,061 -     || unique taglist code: 1997
2023-12-19 17:32:00,063 -     || seen taglist code: 707
2023-12-19 17:32:00,116 -     || saved model
2023-12-19 17:32:00,118 - 
2023-12-19 17:32:00,118 - #epc: 38
2023-12-19 17:32:01,071 - epc:38, epc_KL:  1.000000
2023-12-19 17:41:47,188 - exact_match_tst_copy_acc: 0.634
2023-12-19 17:41:47,188 - exact_match_tst_reinflection_wlemma: 0.504
2023-12-19 17:41:47,189 - exact_match_tst_reinflection_wlemma_TAGFINDER1: 0.183
2023-12-19 17:41:47,190 - exact_match_tst_reinflection_wlemma_TAGFINDER1_or_2: 0.336
2023-12-19 17:41:47,522 - TRN || epcloss: 0.1554
2023-12-19 17:41:47,523 -     || Q: 1.8385
2023-12-19 17:41:47,525 -     || KL: 0.1009
2023-12-19 17:41:47,525 -     || token_match: 0.952, exact_match: 0.533
2023-12-19 17:41:47,526 -     || unique taglist code: 421353
2023-12-19 17:41:47,527 - DEV || epcloss: 0.1648
2023-12-19 17:41:47,527 -     || Q: 2.1284
2023-12-19 17:41:47,528 -     || KL: 0.1834
2023-12-19 17:41:47,529 -     || token_match: 0.948, exact_match: 0.519
2023-12-19 17:41:47,530 -     || unique taglist code: 1997
2023-12-19 17:41:47,534 -     || seen taglist code: 672
2023-12-19 17:41:47,604 -     || saved model
2023-12-19 17:41:47,605 - 
2023-12-19 17:41:47,606 - #epc: 39
2023-12-19 17:41:48,557 - epc:39, epc_KL:  1.000000
2023-12-19 17:51:37,072 - exact_match_tst_copy_acc: 0.706
2023-12-19 17:51:37,073 - exact_match_tst_reinflection_wlemma: 0.565
2023-12-19 17:51:37,073 - exact_match_tst_reinflection_wlemma_TAGFINDER1: 0.214
2023-12-19 17:51:37,074 - exact_match_tst_reinflection_wlemma_TAGFINDER1_or_2: 0.379
2023-12-19 17:51:37,493 - TRN || epcloss: 0.1523
2023-12-19 17:51:37,494 -     || Q: 1.8278
2023-12-19 17:51:37,494 -     || KL: 0.0987
2023-12-19 17:51:37,495 -     || token_match: 0.953, exact_match: 0.540
2023-12-19 17:51:37,496 -     || unique taglist code: 420026
2023-12-19 17:51:37,496 - DEV || epcloss: 0.1354
2023-12-19 17:51:37,497 -     || Q: 1.7738
2023-12-19 17:51:37,498 -     || KL: 0.1725
2023-12-19 17:51:37,498 -     || token_match: 0.958, exact_match: 0.580
2023-12-19 17:51:37,499 -     || unique taglist code: 1997
2023-12-19 17:51:37,501 -     || seen taglist code: 693
2023-12-19 17:51:37,600 -     || saved model
2023-12-19 17:51:37,602 - 
2023-12-19 17:51:37,603 - #epc: 40
2023-12-19 17:51:38,555 - epc:40, epc_KL:  1.000000
2023-12-19 18:01:25,514 - exact_match_tst_copy_acc: 0.683
2023-12-19 18:01:25,514 - exact_match_tst_reinflection_wlemma: 0.566
2023-12-19 18:01:25,515 - exact_match_tst_reinflection_wlemma_TAGFINDER1: 0.217
2023-12-19 18:01:25,515 - exact_match_tst_reinflection_wlemma_TAGFINDER1_or_2: 0.382
2023-12-19 18:01:25,866 - TRN || epcloss: 0.1473
2023-12-19 18:01:25,867 -     || Q: 1.8310
2023-12-19 18:01:25,868 -     || KL: 0.0966
2023-12-19 18:01:25,868 -     || token_match: 0.955, exact_match: 0.550
2023-12-19 18:01:25,869 -     || unique taglist code: 424087
2023-12-19 18:01:25,870 - DEV || epcloss: 0.1405
2023-12-19 18:01:25,870 -     || Q: 1.7136
2023-12-19 18:01:25,871 -     || KL: 0.1725
2023-12-19 18:01:25,871 -     || token_match: 0.956, exact_match: 0.578
2023-12-19 18:01:25,872 -     || unique taglist code: 1996
2023-12-19 18:01:25,874 -     || seen taglist code: 673
2023-12-19 18:01:25,933 -     || saved model
2023-12-19 18:01:25,935 - 
2023-12-19 18:01:25,936 - #epc: 41
2023-12-19 18:01:26,877 - epc:41, epc_KL:  1.000000
2023-12-19 18:11:15,087 - exact_match_tst_copy_acc: 0.698
2023-12-19 18:11:15,088 - exact_match_tst_reinflection_wlemma: 0.572
2023-12-19 18:11:15,089 - exact_match_tst_reinflection_wlemma_TAGFINDER1: 0.231
2023-12-19 18:11:15,089 - exact_match_tst_reinflection_wlemma_TAGFINDER1_or_2: 0.391
2023-12-19 18:11:15,431 - TRN || epcloss: 0.1403
2023-12-19 18:11:15,432 -     || Q: 1.7410
2023-12-19 18:11:15,433 -     || KL: 0.0941
2023-12-19 18:11:15,433 -     || token_match: 0.956, exact_match: 0.563
2023-12-19 18:11:15,434 -     || unique taglist code: 427311
2023-12-19 18:11:15,435 - DEV || epcloss: 0.1313
2023-12-19 18:11:15,435 -     || Q: 1.7044
2023-12-19 18:11:15,436 -     || KL: 0.1669
2023-12-19 18:11:15,437 -     || token_match: 0.959, exact_match: 0.583
2023-12-19 18:11:15,437 -     || unique taglist code: 1997
2023-12-19 18:11:15,440 -     || seen taglist code: 670
2023-12-19 18:11:15,543 -     || saved model
2023-12-19 18:11:15,545 - 
2023-12-19 18:11:15,546 - #epc: 42
2023-12-19 18:11:16,494 - epc:42, epc_KL:  1.000000
2023-12-19 18:21:03,081 - exact_match_tst_copy_acc: 0.705
2023-12-19 18:21:03,082 - exact_match_tst_reinflection_wlemma: 0.579
2023-12-19 18:21:03,082 - exact_match_tst_reinflection_wlemma_TAGFINDER1: 0.220
2023-12-19 18:21:03,083 - exact_match_tst_reinflection_wlemma_TAGFINDER1_or_2: 0.391
2023-12-19 18:21:03,472 - TRN || epcloss: 0.1365
2023-12-19 18:21:03,473 -     || Q: 1.7345
2023-12-19 18:21:03,474 -     || KL: 0.0910
2023-12-19 18:21:03,474 -     || token_match: 0.958, exact_match: 0.574
2023-12-19 18:21:03,475 -     || unique taglist code: 426415
2023-12-19 18:21:03,476 - DEV || epcloss: 0.1325
2023-12-19 18:21:03,476 -     || Q: 1.7949
2023-12-19 18:21:03,477 -     || KL: 0.1658
2023-12-19 18:21:03,478 -     || token_match: 0.959, exact_match: 0.590
2023-12-19 18:21:03,478 -     || unique taglist code: 1996
2023-12-19 18:21:03,480 -     || seen taglist code: 701
2023-12-19 18:21:03,586 -     || saved model
2023-12-19 18:21:03,588 - 
2023-12-19 18:21:03,589 - #epc: 43
2023-12-19 18:21:04,565 - epc:43, epc_KL:  1.000000
2023-12-19 18:30:52,880 - exact_match_tst_copy_acc: 0.690
2023-12-19 18:30:52,881 - exact_match_tst_reinflection_wlemma: 0.575
2023-12-19 18:30:52,882 - exact_match_tst_reinflection_wlemma_TAGFINDER1: 0.220
2023-12-19 18:30:52,882 - exact_match_tst_reinflection_wlemma_TAGFINDER1_or_2: 0.390
2023-12-19 18:30:53,269 - TRN || epcloss: 0.1392
2023-12-19 18:30:53,270 -     || Q: 1.7451
2023-12-19 18:30:53,270 -     || KL: 0.0900
2023-12-19 18:30:53,271 -     || token_match: 0.957, exact_match: 0.565
2023-12-19 18:30:53,272 -     || unique taglist code: 424819
2023-12-19 18:30:53,272 - DEV || epcloss: 0.1324
2023-12-19 18:30:53,273 -     || Q: 1.7457
2023-12-19 18:30:53,274 -     || KL: 0.1573
2023-12-19 18:30:53,275 -     || token_match: 0.959, exact_match: 0.592
2023-12-19 18:30:53,275 -     || unique taglist code: 1995
2023-12-19 18:30:53,281 -     || seen taglist code: 694
2023-12-19 18:30:53,373 -     || saved model
2023-12-19 18:30:53,374 - 
2023-12-19 18:30:53,375 - #epc: 44
2023-12-19 18:30:54,349 - epc:44, epc_KL:  1.000000
2023-12-19 18:40:34,909 - exact_match_tst_copy_acc: 0.708
2023-12-19 18:40:34,910 - exact_match_tst_reinflection_wlemma: 0.598
2023-12-19 18:40:34,910 - exact_match_tst_reinflection_wlemma_TAGFINDER1: 0.234
2023-12-19 18:40:34,911 - exact_match_tst_reinflection_wlemma_TAGFINDER1_or_2: 0.401
2023-12-19 18:40:35,324 - TRN || epcloss: 0.1307
2023-12-19 18:40:35,325 -     || Q: 1.6778
2023-12-19 18:40:35,326 -     || KL: 0.0873
2023-12-19 18:40:35,327 -     || token_match: 0.959, exact_match: 0.584
2023-12-19 18:40:35,327 -     || unique taglist code: 427083
2023-12-19 18:40:35,329 - DEV || epcloss: 0.1231
2023-12-19 18:40:35,329 -     || Q: 1.6589
2023-12-19 18:40:35,330 -     || KL: 0.1633
2023-12-19 18:40:35,331 -     || token_match: 0.962, exact_match: 0.601
2023-12-19 18:40:35,331 -     || unique taglist code: 1995
2023-12-19 18:40:35,335 -     || seen taglist code: 634
2023-12-19 18:40:35,429 -     || saved model
2023-12-19 18:40:35,431 - 
2023-12-19 18:40:35,431 - #epc: 45
2023-12-19 18:40:36,373 - epc:45, epc_KL:  1.000000
2023-12-19 18:50:10,725 - exact_match_tst_copy_acc: 0.731
2023-12-19 18:50:10,726 - exact_match_tst_reinflection_wlemma: 0.614
2023-12-19 18:50:10,727 - exact_match_tst_reinflection_wlemma_TAGFINDER1: 0.240
2023-12-19 18:50:10,727 - exact_match_tst_reinflection_wlemma_TAGFINDER1_or_2: 0.419
2023-12-19 18:50:11,110 - TRN || epcloss: 0.1339
2023-12-19 18:50:11,111 -     || Q: 1.7078
2023-12-19 18:50:11,112 -     || KL: 0.0870
2023-12-19 18:50:11,113 -     || token_match: 0.959, exact_match: 0.575
2023-12-19 18:50:11,113 -     || unique taglist code: 424740
2023-12-19 18:50:11,114 - DEV || epcloss: 0.1150
2023-12-19 18:50:11,115 -     || Q: 1.7231
2023-12-19 18:50:11,115 -     || KL: 0.1543
2023-12-19 18:50:11,116 -     || token_match: 0.964, exact_match: 0.631
2023-12-19 18:50:11,117 -     || unique taglist code: 1995
2023-12-19 18:50:11,119 -     || seen taglist code: 700
2023-12-19 18:50:11,209 -     || saved model
2023-12-19 18:50:11,211 - 
2023-12-19 18:50:11,212 - #epc: 46
2023-12-19 18:50:12,217 - epc:46, epc_KL:  1.000000
2023-12-19 18:59:46,539 - exact_match_tst_copy_acc: 0.705
2023-12-19 18:59:46,540 - exact_match_tst_reinflection_wlemma: 0.580
2023-12-19 18:59:46,541 - exact_match_tst_reinflection_wlemma_TAGFINDER1: 0.228
2023-12-19 18:59:46,541 - exact_match_tst_reinflection_wlemma_TAGFINDER1_or_2: 0.399
2023-12-19 18:59:46,875 - TRN || epcloss: 0.1310
2023-12-19 18:59:46,876 -     || Q: 1.7236
2023-12-19 18:59:46,876 -     || KL: 0.0850
2023-12-19 18:59:46,877 -     || token_match: 0.960, exact_match: 0.583
2023-12-19 18:59:46,878 -     || unique taglist code: 426222
2023-12-19 18:59:46,878 - DEV || epcloss: 0.1216
2023-12-19 18:59:46,879 -     || Q: 1.6968
2023-12-19 18:59:46,880 -     || KL: 0.1497
2023-12-19 18:59:46,881 -     || token_match: 0.962, exact_match: 0.589
2023-12-19 18:59:46,881 -     || unique taglist code: 1994
2023-12-19 18:59:46,884 -     || seen taglist code: 670
2023-12-19 18:59:46,986 -     || saved model
2023-12-19 18:59:46,988 - 
2023-12-19 18:59:46,989 - #epc: 47
2023-12-19 18:59:47,900 - epc:47, epc_KL:  1.000000
2023-12-19 19:09:21,527 - exact_match_tst_copy_acc: 0.707
2023-12-19 19:09:21,529 - exact_match_tst_reinflection_wlemma: 0.602
2023-12-19 19:09:21,529 - exact_match_tst_reinflection_wlemma_TAGFINDER1: 0.232
2023-12-19 19:09:21,530 - exact_match_tst_reinflection_wlemma_TAGFINDER1_or_2: 0.406
2023-12-19 19:09:21,894 - TRN || epcloss: 0.1255
2023-12-19 19:09:21,894 -     || Q: 1.6715
2023-12-19 19:09:21,895 -     || KL: 0.0838
2023-12-19 19:09:21,896 -     || token_match: 0.961, exact_match: 0.593
2023-12-19 19:09:21,897 -     || unique taglist code: 424872
2023-12-19 19:09:21,897 - DEV || epcloss: 0.1281
2023-12-19 19:09:21,898 -     || Q: 1.7967
2023-12-19 19:09:21,899 -     || KL: 0.1520
2023-12-19 19:09:21,900 -     || token_match: 0.961, exact_match: 0.592
2023-12-19 19:09:21,900 -     || unique taglist code: 1996
2023-12-19 19:09:21,903 -     || seen taglist code: 695
2023-12-19 19:09:22,000 -     || saved model
2023-12-19 19:09:22,002 - 
2023-12-19 19:09:22,003 - #epc: 48
2023-12-19 19:09:22,958 - epc:48, epc_KL:  1.000000
2023-12-19 19:19:00,496 - exact_match_tst_copy_acc: 0.720
2023-12-19 19:19:00,497 - exact_match_tst_reinflection_wlemma: 0.604
2023-12-19 19:19:00,498 - exact_match_tst_reinflection_wlemma_TAGFINDER1: 0.234
2023-12-19 19:19:00,499 - exact_match_tst_reinflection_wlemma_TAGFINDER1_or_2: 0.409
2023-12-19 19:19:00,870 - TRN || epcloss: 0.1244
2023-12-19 19:19:00,871 -     || Q: 1.6208
2023-12-19 19:19:00,872 -     || KL: 0.0833
2023-12-19 19:19:00,872 -     || token_match: 0.961, exact_match: 0.596
2023-12-19 19:19:00,873 -     || unique taglist code: 419567
2023-12-19 19:19:00,873 - DEV || epcloss: 0.1199
2023-12-19 19:19:00,874 -     || Q: 1.6511
2023-12-19 19:19:00,875 -     || KL: 0.1584
2023-12-19 19:19:00,875 -     || token_match: 0.964, exact_match: 0.622
2023-12-19 19:19:00,876 -     || unique taglist code: 1993
2023-12-19 19:19:00,879 -     || seen taglist code: 681
2023-12-19 19:19:00,978 -     || saved model
2023-12-19 19:19:00,980 - 
2023-12-19 19:19:00,981 - #epc: 49
2023-12-19 19:19:01,927 - epc:49, epc_KL:  1.000000
2023-12-19 19:28:37,315 - exact_match_tst_copy_acc: 0.725
2023-12-19 19:28:37,316 - exact_match_tst_reinflection_wlemma: 0.620
2023-12-19 19:28:37,316 - exact_match_tst_reinflection_wlemma_TAGFINDER1: 0.248
2023-12-19 19:28:37,317 - exact_match_tst_reinflection_wlemma_TAGFINDER1_or_2: 0.424
2023-12-19 19:28:37,689 - TRN || epcloss: 0.1265
2023-12-19 19:28:37,690 -     || Q: 1.6660
2023-12-19 19:28:37,691 -     || KL: 0.0833
2023-12-19 19:28:37,692 -     || token_match: 0.961, exact_match: 0.590
2023-12-19 19:28:37,692 -     || unique taglist code: 422246
2023-12-19 19:28:37,693 - DEV || epcloss: 0.1192
2023-12-19 19:28:37,694 -     || Q: 1.6147
2023-12-19 19:28:37,694 -     || KL: 0.1500
2023-12-19 19:28:37,695 -     || token_match: 0.963, exact_match: 0.606
2023-12-19 19:28:37,696 -     || unique taglist code: 1996
2023-12-19 19:28:37,699 -     || seen taglist code: 693
2023-12-19 19:28:37,808 -     || saved model
2023-12-19 19:28:37,811 - 
2023-12-19 19:28:37,811 - #epc: 50
2023-12-19 19:28:38,759 - epc:50, epc_KL:  1.000000
2023-12-19 19:38:14,737 - exact_match_tst_copy_acc: 0.742
2023-12-19 19:38:14,738 - exact_match_tst_reinflection_wlemma: 0.621
2023-12-19 19:38:14,739 - exact_match_tst_reinflection_wlemma_TAGFINDER1: 0.243
2023-12-19 19:38:14,740 - exact_match_tst_reinflection_wlemma_TAGFINDER1_or_2: 0.421
2023-12-19 19:38:15,130 - TRN || epcloss: 0.1237
2023-12-19 19:38:15,131 -     || Q: 1.6336
2023-12-19 19:38:15,132 -     || KL: 0.0825
2023-12-19 19:38:15,133 -     || token_match: 0.962, exact_match: 0.598
2023-12-19 19:38:15,134 -     || unique taglist code: 421800
2023-12-19 19:38:15,135 - DEV || epcloss: 0.1121
2023-12-19 19:38:15,135 -     || Q: 1.6440
2023-12-19 19:38:15,136 -     || KL: 0.1471
2023-12-19 19:38:15,137 -     || token_match: 0.965, exact_match: 0.629
2023-12-19 19:38:15,138 -     || unique taglist code: 1998
2023-12-19 19:38:15,140 -     || seen taglist code: 731
2023-12-19 19:38:15,233 -     || saved model
2023-12-19 19:38:15,236 - 
2023-12-19 19:38:15,237 - #epc: 51
2023-12-19 19:38:16,214 - epc:51, epc_KL:  1.000000
2023-12-19 19:47:52,292 - exact_match_tst_copy_acc: 0.710
2023-12-19 19:47:52,293 - exact_match_tst_reinflection_wlemma: 0.612
2023-12-19 19:47:52,294 - exact_match_tst_reinflection_wlemma_TAGFINDER1: 0.240
2023-12-19 19:47:52,294 - exact_match_tst_reinflection_wlemma_TAGFINDER1_or_2: 0.415
2023-12-19 19:47:52,696 - TRN || epcloss: 0.1276
2023-12-19 19:47:52,697 -     || Q: 1.6575
2023-12-19 19:47:52,697 -     || KL: 0.0819
2023-12-19 19:47:52,698 -     || token_match: 0.961, exact_match: 0.589
2023-12-19 19:47:52,699 -     || unique taglist code: 421833
2023-12-19 19:47:52,700 - DEV || epcloss: 0.1279
2023-12-19 19:47:52,700 -     || Q: 1.6132
2023-12-19 19:47:52,701 -     || KL: 0.1511
2023-12-19 19:47:52,702 -     || token_match: 0.962, exact_match: 0.606
2023-12-19 19:47:52,702 -     || unique taglist code: 1998
2023-12-19 19:47:52,704 -     || seen taglist code: 719
2023-12-19 19:47:52,851 -     || saved model
2023-12-19 19:47:52,855 - 
2023-12-19 19:47:52,856 - #epc: 52
2023-12-19 19:47:54,051 - epc:52, epc_KL:  1.000000
2023-12-19 19:57:30,229 - exact_match_tst_copy_acc: 0.724
2023-12-19 19:57:30,230 - exact_match_tst_reinflection_wlemma: 0.616
2023-12-19 19:57:30,230 - exact_match_tst_reinflection_wlemma_TAGFINDER1: 0.238
2023-12-19 19:57:30,231 - exact_match_tst_reinflection_wlemma_TAGFINDER1_or_2: 0.417
2023-12-19 19:57:30,632 - TRN || epcloss: 0.1302
2023-12-19 19:57:30,633 -     || Q: 1.6302
2023-12-19 19:57:30,634 -     || KL: 0.0823
2023-12-19 19:57:30,635 -     || token_match: 0.960, exact_match: 0.584
2023-12-19 19:57:30,636 -     || unique taglist code: 425022
2023-12-19 19:57:30,636 - DEV || epcloss: 0.1127
2023-12-19 19:57:30,637 -     || Q: 1.6603
2023-12-19 19:57:30,638 -     || KL: 0.1438
2023-12-19 19:57:30,639 -     || token_match: 0.964, exact_match: 0.617
2023-12-19 19:57:30,639 -     || unique taglist code: 1997
2023-12-19 19:57:30,642 -     || seen taglist code: 692
2023-12-19 19:57:30,725 -     || saved model
2023-12-19 19:57:30,727 - 
2023-12-19 19:57:30,728 - #epc: 53
2023-12-19 19:57:31,658 - epc:53, epc_KL:  1.000000
2023-12-19 20:07:08,759 - exact_match_tst_copy_acc: 0.741
2023-12-19 20:07:08,760 - exact_match_tst_reinflection_wlemma: 0.624
2023-12-19 20:07:08,761 - exact_match_tst_reinflection_wlemma_TAGFINDER1: 0.238
2023-12-19 20:07:08,761 - exact_match_tst_reinflection_wlemma_TAGFINDER1_or_2: 0.420
2023-12-19 20:07:09,126 - TRN || epcloss: 0.1288
2023-12-19 20:07:09,126 -     || Q: 1.6373
2023-12-19 20:07:09,128 -     || KL: 0.0809
2023-12-19 20:07:09,128 -     || token_match: 0.960, exact_match: 0.584
2023-12-19 20:07:09,129 -     || unique taglist code: 418990
2023-12-19 20:07:09,130 - DEV || epcloss: 0.1154
2023-12-19 20:07:09,131 -     || Q: 1.5946
2023-12-19 20:07:09,132 -     || KL: 0.1489
2023-12-19 20:07:09,132 -     || token_match: 0.965, exact_match: 0.622
2023-12-19 20:07:09,133 -     || unique taglist code: 1995
2023-12-19 20:07:09,135 -     || seen taglist code: 736
2023-12-19 20:07:09,206 -     || saved model
2023-12-19 20:07:09,208 - 
2023-12-19 20:07:09,209 - #epc: 54
2023-12-19 20:07:10,190 - epc:54, epc_KL:  1.000000
2023-12-19 20:16:46,024 - exact_match_tst_copy_acc: 0.725
2023-12-19 20:16:46,025 - exact_match_tst_reinflection_wlemma: 0.630
2023-12-19 20:16:46,026 - exact_match_tst_reinflection_wlemma_TAGFINDER1: 0.241
2023-12-19 20:16:46,027 - exact_match_tst_reinflection_wlemma_TAGFINDER1_or_2: 0.422
2023-12-19 20:16:46,382 - TRN || epcloss: 0.1179
2023-12-19 20:16:46,383 -     || Q: 1.5972
2023-12-19 20:16:46,384 -     || KL: 0.0784
2023-12-19 20:16:46,385 -     || token_match: 0.964, exact_match: 0.612
2023-12-19 20:16:46,386 -     || unique taglist code: 419233
2023-12-19 20:16:46,387 - DEV || epcloss: 0.1195
2023-12-19 20:16:46,388 -     || Q: 1.6196
2023-12-19 20:16:46,389 -     || KL: 0.1403
2023-12-19 20:16:46,389 -     || token_match: 0.964, exact_match: 0.625
2023-12-19 20:16:46,390 -     || unique taglist code: 1996
2023-12-19 20:16:46,393 -     || seen taglist code: 734
2023-12-19 20:16:46,445 -     || saved model
2023-12-19 20:16:46,447 - 
2023-12-19 20:16:46,447 - #epc: 55
2023-12-19 20:16:47,397 - epc:55, epc_KL:  1.000000
2023-12-19 20:26:23,873 - exact_match_tst_copy_acc: 0.734
2023-12-19 20:26:23,874 - exact_match_tst_reinflection_wlemma: 0.633
2023-12-19 20:26:23,875 - exact_match_tst_reinflection_wlemma_TAGFINDER1: 0.244
2023-12-19 20:26:23,876 - exact_match_tst_reinflection_wlemma_TAGFINDER1_or_2: 0.418
2023-12-19 20:26:24,259 - TRN || epcloss: 0.1175
2023-12-19 20:26:24,260 -     || Q: 1.5694
2023-12-19 20:26:24,260 -     || KL: 0.0772
2023-12-19 20:26:24,261 -     || token_match: 0.964, exact_match: 0.612
2023-12-19 20:26:24,262 -     || unique taglist code: 420982
2023-12-19 20:26:24,263 - DEV || epcloss: 0.1110
2023-12-19 20:26:24,264 -     || Q: 1.5569
2023-12-19 20:26:24,264 -     || KL: 0.1433
2023-12-19 20:26:24,265 -     || token_match: 0.967, exact_match: 0.631
2023-12-19 20:26:24,266 -     || unique taglist code: 1996
2023-12-19 20:26:24,268 -     || seen taglist code: 728
2023-12-19 20:26:24,348 -     || saved model
2023-12-19 20:26:24,350 - 
2023-12-19 20:26:24,351 - #epc: 56
2023-12-19 20:26:25,279 - epc:56, epc_KL:  1.000000
2023-12-19 20:35:58,877 - exact_match_tst_copy_acc: 0.740
2023-12-19 20:35:58,878 - exact_match_tst_reinflection_wlemma: 0.640
2023-12-19 20:35:58,878 - exact_match_tst_reinflection_wlemma_TAGFINDER1: 0.246
2023-12-19 20:35:58,879 - exact_match_tst_reinflection_wlemma_TAGFINDER1_or_2: 0.428
2023-12-19 20:35:59,341 - TRN || epcloss: 0.1173
2023-12-19 20:35:59,342 -     || Q: 1.6025
2023-12-19 20:35:59,342 -     || KL: 0.0785
2023-12-19 20:35:59,343 -     || token_match: 0.964, exact_match: 0.612
2023-12-19 20:35:59,344 -     || unique taglist code: 424942
2023-12-19 20:35:59,345 - DEV || epcloss: 0.1148
2023-12-19 20:35:59,345 -     || Q: 1.6616
2023-12-19 20:35:59,346 -     || KL: 0.1404
2023-12-19 20:35:59,346 -     || token_match: 0.965, exact_match: 0.629
2023-12-19 20:35:59,347 -     || unique taglist code: 1997
2023-12-19 20:35:59,349 -     || seen taglist code: 720
2023-12-19 20:35:59,464 -     || saved model
2023-12-19 20:35:59,466 - 
2023-12-19 20:35:59,467 - #epc: 57
2023-12-19 20:36:00,430 - epc:57, epc_KL:  1.000000
2023-12-19 20:45:31,904 - exact_match_tst_copy_acc: 0.720
2023-12-19 20:45:31,905 - exact_match_tst_reinflection_wlemma: 0.614
2023-12-19 20:45:31,906 - exact_match_tst_reinflection_wlemma_TAGFINDER1: 0.233
2023-12-19 20:45:31,907 - exact_match_tst_reinflection_wlemma_TAGFINDER1_or_2: 0.412
2023-12-19 20:45:32,327 - TRN || epcloss: 0.1201
2023-12-19 20:45:32,328 -     || Q: 1.6362
2023-12-19 20:45:32,329 -     || KL: 0.0778
2023-12-19 20:45:32,330 -     || token_match: 0.963, exact_match: 0.611
2023-12-19 20:45:32,330 -     || unique taglist code: 425395
2023-12-19 20:45:32,331 - DEV || epcloss: 0.1193
2023-12-19 20:45:32,332 -     || Q: 1.5879
2023-12-19 20:45:32,333 -     || KL: 0.1386
2023-12-19 20:45:32,334 -     || token_match: 0.963, exact_match: 0.621
2023-12-19 20:45:32,334 -     || unique taglist code: 1998
2023-12-19 20:45:32,336 -     || seen taglist code: 676
2023-12-19 20:45:32,433 -     || saved model
2023-12-19 20:45:32,434 - 
2023-12-19 20:45:32,435 - #epc: 58
2023-12-19 20:45:33,147 - epc:58, epc_KL:  1.000000
2023-12-19 20:55:02,740 - exact_match_tst_copy_acc: 0.717
2023-12-19 20:55:02,741 - exact_match_tst_reinflection_wlemma: 0.634
2023-12-19 20:55:02,742 - exact_match_tst_reinflection_wlemma_TAGFINDER1: 0.249
2023-12-19 20:55:02,743 - exact_match_tst_reinflection_wlemma_TAGFINDER1_or_2: 0.430
2023-12-19 20:55:03,165 - TRN || epcloss: 0.1211
2023-12-19 20:55:03,166 -     || Q: 1.5983
2023-12-19 20:55:03,167 -     || KL: 0.0773
2023-12-19 20:55:03,168 -     || token_match: 0.963, exact_match: 0.610
2023-12-19 20:55:03,169 -     || unique taglist code: 421108
2023-12-19 20:55:03,170 - DEV || epcloss: 0.1220
2023-12-19 20:55:03,170 -     || Q: 1.5867
2023-12-19 20:55:03,171 -     || KL: 0.1438
2023-12-19 20:55:03,172 -     || token_match: 0.964, exact_match: 0.638
2023-12-19 20:55:03,173 -     || unique taglist code: 1998
2023-12-19 20:55:03,175 -     || seen taglist code: 722
2023-12-19 20:55:03,300 -     || saved model
2023-12-19 20:55:03,302 - 
2023-12-19 20:55:03,302 - #epc: 59
2023-12-19 20:55:04,010 - epc:59, epc_KL:  1.000000
2023-12-19 21:04:34,846 - exact_match_tst_copy_acc: 0.747
2023-12-19 21:04:34,847 - exact_match_tst_reinflection_wlemma: 0.641
2023-12-19 21:04:34,848 - exact_match_tst_reinflection_wlemma_TAGFINDER1: 0.249
2023-12-19 21:04:34,848 - exact_match_tst_reinflection_wlemma_TAGFINDER1_or_2: 0.432
2023-12-19 21:04:35,335 - TRN || epcloss: 0.1206
2023-12-19 21:04:35,336 -     || Q: 1.6547
2023-12-19 21:04:35,337 -     || KL: 0.0770
2023-12-19 21:04:35,337 -     || token_match: 0.963, exact_match: 0.609
2023-12-19 21:04:35,338 -     || unique taglist code: 426228
2023-12-19 21:04:35,339 - DEV || epcloss: 0.1059
2023-12-19 21:04:35,339 -     || Q: 1.6022
2023-12-19 21:04:35,340 -     || KL: 0.1458
2023-12-19 21:04:35,341 -     || token_match: 0.968, exact_match: 0.649
2023-12-19 21:04:35,341 -     || unique taglist code: 2000
2023-12-19 21:04:35,344 -     || seen taglist code: 675
2023-12-19 21:04:35,345 -     || MOST used devcode: 2000
2023-12-19 21:04:35,477 -     || saved model
2023-12-19 21:04:35,479 - 
2023-12-19 21:04:35,480 - #epc: 60
2023-12-19 21:04:36,150 - epc:60, epc_KL:  1.000000
2023-12-19 21:14:02,031 - exact_match_tst_copy_acc: 0.620
2023-12-19 21:14:02,032 - exact_match_tst_reinflection_wlemma: 0.534
2023-12-19 21:14:02,033 - exact_match_tst_reinflection_wlemma_TAGFINDER1: 0.200
2023-12-19 21:14:02,033 - exact_match_tst_reinflection_wlemma_TAGFINDER1_or_2: 0.353
2023-12-19 21:14:02,390 - TRN || epcloss: 0.1216
2023-12-19 21:14:02,390 -     || Q: 1.6396
2023-12-19 21:14:02,391 -     || KL: 0.0774
2023-12-19 21:14:02,392 -     || token_match: 0.963, exact_match: 0.607
2023-12-19 21:14:02,392 -     || unique taglist code: 425446
2023-12-19 21:14:02,393 - DEV || epcloss: 0.1726
2023-12-19 21:14:02,394 -     || Q: 1.9592
2023-12-19 21:14:02,394 -     || KL: 0.1437
2023-12-19 21:14:02,395 -     || token_match: 0.949, exact_match: 0.503
2023-12-19 21:14:02,396 -     || unique taglist code: 1997
2023-12-19 21:14:02,397 -     || seen taglist code: 624
2023-12-19 21:14:02,611 -     || saved model
2023-12-19 21:14:02,614 - 
2023-12-19 21:14:02,615 - #epc: 61
2023-12-19 21:14:03,418 - epc:61, epc_KL:  1.000000
2023-12-19 21:23:28,210 - exact_match_tst_copy_acc: 0.717
2023-12-19 21:23:28,211 - exact_match_tst_reinflection_wlemma: 0.613
2023-12-19 21:23:28,211 - exact_match_tst_reinflection_wlemma_TAGFINDER1: 0.239
2023-12-19 21:23:28,212 - exact_match_tst_reinflection_wlemma_TAGFINDER1_or_2: 0.409
2023-12-19 21:23:28,668 - TRN || epcloss: 0.1407
2023-12-19 21:23:28,669 -     || Q: 1.7642
2023-12-19 21:23:28,670 -     || KL: 0.0810
2023-12-19 21:23:28,671 -     || token_match: 0.957, exact_match: 0.559
2023-12-19 21:23:28,671 -     || unique taglist code: 426930
2023-12-19 21:23:28,672 - DEV || epcloss: 0.1185
2023-12-19 21:23:28,673 -     || Q: 1.7946
2023-12-19 21:23:28,673 -     || KL: 0.1423
2023-12-19 21:23:28,674 -     || token_match: 0.965, exact_match: 0.618
2023-12-19 21:23:28,675 -     || unique taglist code: 1998
2023-12-19 21:23:28,676 -     || seen taglist code: 709
2023-12-19 21:23:28,728 -     || saved model
2023-12-19 21:23:28,729 - 
2023-12-19 21:23:28,730 - #epc: 62
2023-12-19 21:23:29,401 - epc:62, epc_KL:  1.000000
2023-12-19 21:32:55,849 - exact_match_tst_copy_acc: 0.697
2023-12-19 21:32:55,849 - exact_match_tst_reinflection_wlemma: 0.595
2023-12-19 21:32:55,850 - exact_match_tst_reinflection_wlemma_TAGFINDER1: 0.236
2023-12-19 21:32:55,851 - exact_match_tst_reinflection_wlemma_TAGFINDER1_or_2: 0.408
2023-12-19 21:32:56,177 - TRN || epcloss: 0.1249
2023-12-19 21:32:56,178 -     || Q: 1.6885
2023-12-19 21:32:56,179 -     || KL: 0.0769
2023-12-19 21:32:56,179 -     || token_match: 0.961, exact_match: 0.592
2023-12-19 21:32:56,180 -     || unique taglist code: 420630
2023-12-19 21:32:56,181 - DEV || epcloss: 0.1220
2023-12-19 21:32:56,181 -     || Q: 1.6363
2023-12-19 21:32:56,182 -     || KL: 0.1397
2023-12-19 21:32:56,183 -     || token_match: 0.961, exact_match: 0.601
2023-12-19 21:32:56,183 -     || unique taglist code: 1996
2023-12-19 21:32:56,185 -     || seen taglist code: 732
2023-12-19 21:32:56,273 -     || saved model
2023-12-19 21:32:56,275 - 
2023-12-19 21:32:56,276 - #epc: 63
2023-12-19 21:32:56,940 - epc:63, epc_KL:  1.000000
2023-12-19 21:42:23,391 - exact_match_tst_copy_acc: 0.663
2023-12-19 21:42:23,392 - exact_match_tst_reinflection_wlemma: 0.574
2023-12-19 21:42:23,393 - exact_match_tst_reinflection_wlemma_TAGFINDER1: 0.215
2023-12-19 21:42:23,393 - exact_match_tst_reinflection_wlemma_TAGFINDER1_or_2: 0.388
2023-12-19 21:42:23,760 - TRN || epcloss: 0.1434
2023-12-19 21:42:23,761 -     || Q: 1.7778
2023-12-19 21:42:23,762 -     || KL: 0.0804
2023-12-19 21:42:23,762 -     || token_match: 0.956, exact_match: 0.551
2023-12-19 21:42:23,763 -     || unique taglist code: 425002
2023-12-19 21:42:23,764 - DEV || epcloss: 0.1538
2023-12-19 21:42:23,765 -     || Q: 1.8026
2023-12-19 21:42:23,766 -     || KL: 0.1464
2023-12-19 21:42:23,767 -     || token_match: 0.956, exact_match: 0.545
2023-12-19 21:42:23,767 -     || unique taglist code: 1995
2023-12-19 21:42:23,769 -     || seen taglist code: 665
2023-12-19 21:42:23,832 -     || saved model
2023-12-19 21:42:23,833 - 
2023-12-19 21:42:23,834 - #epc: 64
2023-12-19 21:42:24,506 - epc:64, epc_KL:  1.000000
2023-12-19 21:51:52,086 - exact_match_tst_copy_acc: 0.596
2023-12-19 21:51:52,087 - exact_match_tst_reinflection_wlemma: 0.508
2023-12-19 21:51:52,088 - exact_match_tst_reinflection_wlemma_TAGFINDER1: 0.193
2023-12-19 21:51:52,088 - exact_match_tst_reinflection_wlemma_TAGFINDER1_or_2: 0.337
2023-12-19 21:51:52,418 - TRN || epcloss: 0.1773
2023-12-19 21:51:52,419 -     || Q: 2.0104
2023-12-19 21:51:52,419 -     || KL: 0.0880
2023-12-19 21:51:52,420 -     || token_match: 0.945, exact_match: 0.464
2023-12-19 21:51:52,421 -     || unique taglist code: 425905
2023-12-19 21:51:52,422 - DEV || epcloss: 0.1591
2023-12-19 21:51:52,422 -     || Q: 2.1589
2023-12-19 21:51:52,423 -     || KL: 0.1520
2023-12-19 21:51:52,424 -     || token_match: 0.952, exact_match: 0.502
2023-12-19 21:51:52,425 -     || unique taglist code: 1993
2023-12-19 21:51:52,426 -     || seen taglist code: 641
2023-12-19 21:51:52,596 -     || saved model
2023-12-19 21:51:52,598 - 
2023-12-19 21:51:52,598 - #epc: 65
2023-12-19 21:51:53,262 - epc:65, epc_KL:  1.000000
2023-12-19 22:01:22,349 - exact_match_tst_copy_acc: 0.671
2023-12-19 22:01:22,350 - exact_match_tst_reinflection_wlemma: 0.564
2023-12-19 22:01:22,351 - exact_match_tst_reinflection_wlemma_TAGFINDER1: 0.214
2023-12-19 22:01:22,352 - exact_match_tst_reinflection_wlemma_TAGFINDER1_or_2: 0.377
2023-12-19 22:01:22,875 - TRN || epcloss: 0.1496
2023-12-19 22:01:22,876 -     || Q: 1.7434
2023-12-19 22:01:22,877 -     || KL: 0.0833
2023-12-19 22:01:22,877 -     || token_match: 0.954, exact_match: 0.530
2023-12-19 22:01:22,878 -     || unique taglist code: 418174
2023-12-19 22:01:22,879 - DEV || epcloss: 0.1440
2023-12-19 22:01:22,879 -     || Q: 1.8174
2023-12-19 22:01:22,880 -     || KL: 0.1503
2023-12-19 22:01:22,881 -     || token_match: 0.956, exact_match: 0.556
2023-12-19 22:01:22,882 -     || unique taglist code: 1996
2023-12-19 22:01:22,884 -     || seen taglist code: 683
2023-12-19 22:01:22,942 -     || saved model
2023-12-19 22:01:22,944 - 
2023-12-19 22:01:22,945 - #epc: 66
2023-12-19 22:01:23,768 - epc:66, epc_KL:  1.000000
2023-12-19 22:11:15,725 - exact_match_tst_copy_acc: 0.624
2023-12-19 22:11:15,726 - exact_match_tst_reinflection_wlemma: 0.530
2023-12-19 22:11:15,727 - exact_match_tst_reinflection_wlemma_TAGFINDER1: 0.201
2023-12-19 22:11:15,727 - exact_match_tst_reinflection_wlemma_TAGFINDER1_or_2: 0.356
2023-12-19 22:11:16,292 - TRN || epcloss: 0.1316
2023-12-19 22:11:16,293 -     || Q: 1.6793
2023-12-19 22:11:16,294 -     || KL: 0.0792
2023-12-19 22:11:16,295 -     || token_match: 0.960, exact_match: 0.576
2023-12-19 22:11:16,296 -     || unique taglist code: 420543
2023-12-19 22:11:16,296 - DEV || epcloss: 0.1498
2023-12-19 22:11:16,297 -     || Q: 1.9140
2023-12-19 22:11:16,298 -     || KL: 0.1518
2023-12-19 22:11:16,299 -     || token_match: 0.955, exact_match: 0.527
2023-12-19 22:11:16,299 -     || unique taglist code: 1996
2023-12-19 22:11:16,305 -     || seen taglist code: 700
2023-12-19 22:11:16,389 -     || saved model
2023-12-19 22:11:16,392 - 
2023-12-19 22:11:16,393 - #epc: 67
2023-12-19 22:11:17,267 - epc:67, epc_KL:  1.000000
2023-12-19 22:20:45,168 - exact_match_tst_copy_acc: 0.707
2023-12-19 22:20:45,169 - exact_match_tst_reinflection_wlemma: 0.615
2023-12-19 22:20:45,170 - exact_match_tst_reinflection_wlemma_TAGFINDER1: 0.233
2023-12-19 22:20:45,171 - exact_match_tst_reinflection_wlemma_TAGFINDER1_or_2: 0.410
2023-12-19 22:20:45,544 - TRN || epcloss: 0.1326
2023-12-19 22:20:45,545 -     || Q: 1.6493
2023-12-19 22:20:45,546 -     || KL: 0.0793
2023-12-19 22:20:45,546 -     || token_match: 0.959, exact_match: 0.577
2023-12-19 22:20:45,547 -     || unique taglist code: 414263
2023-12-19 22:20:45,548 - DEV || epcloss: 0.1257
2023-12-19 22:20:45,549 -     || Q: 1.7663
2023-12-19 22:20:45,549 -     || KL: 0.1428
2023-12-19 22:20:45,550 -     || token_match: 0.961, exact_match: 0.609
2023-12-19 22:20:45,551 -     || unique taglist code: 1997
2023-12-19 22:20:45,553 -     || seen taglist code: 709
2023-12-19 22:20:45,687 -     || saved model
2023-12-19 22:20:45,689 - 
2023-12-19 22:20:45,689 - #epc: 68
2023-12-19 22:20:46,347 - epc:68, epc_KL:  1.000000
2023-12-19 22:30:12,283 - exact_match_tst_copy_acc: 0.704
2023-12-19 22:30:12,284 - exact_match_tst_reinflection_wlemma: 0.612
2023-12-19 22:30:12,285 - exact_match_tst_reinflection_wlemma_TAGFINDER1: 0.235
2023-12-19 22:30:12,285 - exact_match_tst_reinflection_wlemma_TAGFINDER1_or_2: 0.415
2023-12-19 22:30:12,694 - TRN || epcloss: 0.1381
2023-12-19 22:30:12,695 -     || Q: 1.7903
2023-12-19 22:30:12,696 -     || KL: 0.0784
2023-12-19 22:30:12,696 -     || token_match: 0.958, exact_match: 0.566
2023-12-19 22:30:12,697 -     || unique taglist code: 425639
2023-12-19 22:30:12,698 - DEV || epcloss: 0.1283
2023-12-19 22:30:12,699 -     || Q: 1.9152
2023-12-19 22:30:12,700 -     || KL: 0.1358
2023-12-19 22:30:12,700 -     || token_match: 0.961, exact_match: 0.585
2023-12-19 22:30:12,701 -     || unique taglist code: 1996
2023-12-19 22:30:12,703 -     || seen taglist code: 701
2023-12-19 22:30:12,826 -     || saved model
2023-12-19 22:30:12,828 - 
2023-12-19 22:30:12,829 - #epc: 69
2023-12-19 22:30:13,525 - epc:69, epc_KL:  1.000000
2023-12-19 22:39:37,798 - exact_match_tst_copy_acc: 0.684
2023-12-19 22:39:37,799 - exact_match_tst_reinflection_wlemma: 0.596
2023-12-19 22:39:37,800 - exact_match_tst_reinflection_wlemma_TAGFINDER1: 0.221
2023-12-19 22:39:37,800 - exact_match_tst_reinflection_wlemma_TAGFINDER1_or_2: 0.397
2023-12-19 22:39:38,207 - TRN || epcloss: 0.1351
2023-12-19 22:39:38,208 -     || Q: 1.7262
2023-12-19 22:39:38,208 -     || KL: 0.0775
2023-12-19 22:39:38,209 -     || token_match: 0.959, exact_match: 0.578
2023-12-19 22:39:38,210 -     || unique taglist code: 420916
2023-12-19 22:39:38,210 - DEV || epcloss: 0.1239
2023-12-19 22:39:38,211 -     || Q: 1.8370
2023-12-19 22:39:38,212 -     || KL: 0.1413
2023-12-19 22:39:38,212 -     || token_match: 0.961, exact_match: 0.588
2023-12-19 22:39:38,213 -     || unique taglist code: 1995
2023-12-19 22:39:38,215 -     || seen taglist code: 737
2023-12-19 22:39:38,338 -     || saved model
2023-12-19 22:39:38,341 - 
2023-12-19 22:39:38,342 - #epc: 70
2023-12-19 22:39:39,162 - epc:70, epc_KL:  1.000000
2023-12-19 22:49:03,674 - exact_match_tst_copy_acc: 0.719
2023-12-19 22:49:03,675 - exact_match_tst_reinflection_wlemma: 0.629
2023-12-19 22:49:03,676 - exact_match_tst_reinflection_wlemma_TAGFINDER1: 0.243
2023-12-19 22:49:03,676 - exact_match_tst_reinflection_wlemma_TAGFINDER1_or_2: 0.425
2023-12-19 22:49:04,035 - TRN || epcloss: 0.1249
2023-12-19 22:49:04,036 -     || Q: 1.6518
2023-12-19 22:49:04,037 -     || KL: 0.0766
2023-12-19 22:49:04,037 -     || token_match: 0.962, exact_match: 0.598
2023-12-19 22:49:04,038 -     || unique taglist code: 414932
2023-12-19 22:49:04,039 - DEV || epcloss: 0.1224
2023-12-19 22:49:04,039 -     || Q: 1.6004
2023-12-19 22:49:04,040 -     || KL: 0.1269
2023-12-19 22:49:04,041 -     || token_match: 0.963, exact_match: 0.611
2023-12-19 22:49:04,041 -     || unique taglist code: 1997
2023-12-19 22:49:04,043 -     || seen taglist code: 743
2023-12-19 22:49:04,146 -     || saved model
2023-12-19 22:49:04,147 - 
2023-12-19 22:49:04,148 - #epc: 71
2023-12-19 22:49:04,807 - epc:71, epc_KL:  1.000000
2023-12-19 22:58:31,294 - exact_match_tst_copy_acc: 0.661
2023-12-19 22:58:31,295 - exact_match_tst_reinflection_wlemma: 0.584
2023-12-19 22:58:31,295 - exact_match_tst_reinflection_wlemma_TAGFINDER1: 0.218
2023-12-19 22:58:31,296 - exact_match_tst_reinflection_wlemma_TAGFINDER1_or_2: 0.386
2023-12-19 22:58:31,675 - TRN || epcloss: 0.1190
2023-12-19 22:58:31,675 -     || Q: 1.6039
2023-12-19 22:58:31,676 -     || KL: 0.0745
2023-12-19 22:58:31,677 -     || token_match: 0.963, exact_match: 0.611
2023-12-19 22:58:31,678 -     || unique taglist code: 407796
2023-12-19 22:58:31,679 - DEV || epcloss: 0.1400
2023-12-19 22:58:31,679 -     || Q: 1.7478
2023-12-19 22:58:31,680 -     || KL: 0.1386
2023-12-19 22:58:31,681 -     || token_match: 0.958, exact_match: 0.574
2023-12-19 22:58:31,681 -     || unique taglist code: 1998
2023-12-19 22:58:31,683 -     || seen taglist code: 747
2023-12-19 22:58:31,764 -     || saved model
2023-12-19 22:58:31,766 - 
2023-12-19 22:58:31,767 - #epc: 72
2023-12-19 22:58:32,436 - epc:72, epc_KL:  1.000000
2023-12-19 23:07:58,375 - exact_match_tst_copy_acc: 0.698
2023-12-19 23:07:58,376 - exact_match_tst_reinflection_wlemma: 0.604
2023-12-19 23:07:58,377 - exact_match_tst_reinflection_wlemma_TAGFINDER1: 0.232
2023-12-19 23:07:58,377 - exact_match_tst_reinflection_wlemma_TAGFINDER1_or_2: 0.408
2023-12-19 23:07:58,732 - TRN || epcloss: 0.1285
2023-12-19 23:07:58,733 -     || Q: 1.7226
2023-12-19 23:07:58,733 -     || KL: 0.0754
2023-12-19 23:07:58,734 -     || token_match: 0.961, exact_match: 0.587
2023-12-19 23:07:58,734 -     || unique taglist code: 412811
2023-12-19 23:07:58,735 - DEV || epcloss: 0.1264
2023-12-19 23:07:58,737 -     || Q: 1.7438
2023-12-19 23:07:58,738 -     || KL: 0.1426
2023-12-19 23:07:58,738 -     || token_match: 0.961, exact_match: 0.608
2023-12-19 23:07:58,739 -     || unique taglist code: 1993
2023-12-19 23:07:58,741 -     || seen taglist code: 785
2023-12-19 23:07:58,848 -     || saved model
2023-12-19 23:07:58,850 - 
2023-12-19 23:07:58,851 - #epc: 73
2023-12-19 23:07:59,520 - epc:73, epc_KL:  1.000000
2023-12-19 23:17:24,225 - exact_match_tst_copy_acc: 0.625
2023-12-19 23:17:24,226 - exact_match_tst_reinflection_wlemma: 0.546
2023-12-19 23:17:24,227 - exact_match_tst_reinflection_wlemma_TAGFINDER1: 0.202
2023-12-19 23:17:24,228 - exact_match_tst_reinflection_wlemma_TAGFINDER1_or_2: 0.366
2023-12-19 23:17:24,585 - TRN || epcloss: 0.1441
2023-12-19 23:17:24,586 -     || Q: 1.6932
2023-12-19 23:17:24,587 -     || KL: 0.0783
2023-12-19 23:17:24,588 -     || token_match: 0.956, exact_match: 0.554
2023-12-19 23:17:24,589 -     || unique taglist code: 418708
2023-12-19 23:17:24,590 - DEV || epcloss: 0.1557
2023-12-19 23:17:24,591 -     || Q: 1.9525
2023-12-19 23:17:24,591 -     || KL: 0.1573
2023-12-19 23:17:24,592 -     || token_match: 0.953, exact_match: 0.528
2023-12-19 23:17:24,593 -     || unique taglist code: 1997
2023-12-19 23:17:24,595 -     || seen taglist code: 669
2023-12-19 23:17:24,686 -     || saved model
2023-12-19 23:17:24,688 - 
2023-12-19 23:17:24,688 - #epc: 74
2023-12-19 23:17:25,350 - epc:74, epc_KL:  1.000000
2023-12-19 23:26:52,571 - exact_match_tst_copy_acc: 0.665
2023-12-19 23:26:52,572 - exact_match_tst_reinflection_wlemma: 0.581
2023-12-19 23:26:52,573 - exact_match_tst_reinflection_wlemma_TAGFINDER1: 0.223
2023-12-19 23:26:52,573 - exact_match_tst_reinflection_wlemma_TAGFINDER1_or_2: 0.397
2023-12-19 23:26:52,891 - TRN || epcloss: 0.1370
2023-12-19 23:26:52,892 -     || Q: 1.7262
2023-12-19 23:26:52,893 -     || KL: 0.0779
2023-12-19 23:26:52,894 -     || token_match: 0.958, exact_match: 0.567
2023-12-19 23:26:52,894 -     || unique taglist code: 417804
2023-12-19 23:26:52,895 - DEV || epcloss: 0.1325
2023-12-19 23:26:52,896 -     || Q: 1.7918
2023-12-19 23:26:52,897 -     || KL: 0.1424
2023-12-19 23:26:52,898 -     || token_match: 0.957, exact_match: 0.566
2023-12-19 23:26:52,898 -     || unique taglist code: 1996
2023-12-19 23:26:52,900 -     || seen taglist code: 708
2023-12-19 23:26:52,965 -     || saved model
2023-12-19 23:26:52,966 - Training is over, saved model with best dev exact match: 0.985 (epc 4)
2023-12-19 23:26:52,967 - Training is over, most used trncode at 20, most used devcode at 59 
