2023-12-22 07:04:08,033 - trnsize: 404897
2023-12-22 07:04:08,041 - devsize: 1446
2023-12-22 07:04:08,042 - tstsize: 1446
2023-12-22 07:04:08,611 - Trn unique tgts: 404896
2023-12-22 07:04:08,611 - Trn unique lemmas: 588
2023-12-22 07:04:08,612 - Trn unique taglists: 703
2023-12-22 07:04:08,613 - Dev unique tgts: 1446
2023-12-22 07:04:08,613 - Dev unique lemmas: 536
2023-12-22 07:04:08,614 - Dev unique taglists: 616
2023-12-22 07:04:08,615 - Tst unique tgts: 1446
2023-12-22 07:04:08,615 - Tst unique lemmas: 536
2023-12-22 07:04:08,616 - Tst unique taglists: 616
2023-12-22 07:04:08,616 - seen_dev_tgt: 1
2023-12-22 07:04:08,617 - seen_dev_lemma: 1446
2023-12-22 07:04:08,618 - seen_dev_taglist: 1446
2023-12-22 07:04:08,618 - seen_tst_tgt: 1
2023-12-22 07:04:08,619 - seen_tst_lemma: 1446
2023-12-22 07:04:08,620 - seen_tst_taglist: 1446
2023-12-22 07:04:33,398 - trnID: run2_12x12_zLEM100_zTAG128_decnh1024_kl0.5_epc10_strt5_decdo0.2_inpemb128_bsize64
2023-12-22 07:04:33,399 - batchsize: 64
2023-12-22 07:04:33,400 - epochs: 50
2023-12-22 07:04:33,401 - lr: 0.00050
2023-12-22 07:04:33,401 - KL_WEIGHT: 0.50000
2023-12-22 07:04:33,402 - opt: Adam (
Parameter Group 0
    amsgrad: False
    betas: (0.5, 0.999)
    capturable: False
    eps: 1e-08
    foreach: None
    lr: 0.0005
    maximize: False
    weight_decay: 0
)
2023-12-22 07:04:33,403 - VQVAE(
  (encoder): Encoder_GRU_VQVAE(
    (layers): ModuleList(
      (0): Embedding(39, 128)
      (1): Dropout(p=0.0, inplace=False)
      (2): GRU(128, 256, batch_first=True, bidirectional=True)
    )
  )
  (z_linears): ModuleList(
    (0): Linear(in_features=256, out_features=128, bias=True)
    (1): Linear(in_features=256, out_features=128, bias=True)
    (2): Linear(in_features=256, out_features=128, bias=True)
    (3): Linear(in_features=256, out_features=128, bias=True)
    (4): Linear(in_features=256, out_features=128, bias=True)
    (5): Linear(in_features=256, out_features=128, bias=True)
    (6): Linear(in_features=256, out_features=128, bias=True)
    (7): Linear(in_features=256, out_features=128, bias=True)
    (8): Linear(in_features=256, out_features=128, bias=True)
    (9): Linear(in_features=256, out_features=128, bias=True)
    (10): Linear(in_features=256, out_features=128, bias=True)
    (11): Linear(in_features=256, out_features=128, bias=True)
  )
  (quantizers): ModuleList(
    (0): Quantizer(
      (embeddings): Embedding(12, 128)
    )
    (1): Quantizer(
      (embeddings): Embedding(12, 128)
    )
    (2): Quantizer(
      (embeddings): Embedding(12, 128)
    )
    (3): Quantizer(
      (embeddings): Embedding(12, 128)
    )
    (4): Quantizer(
      (embeddings): Embedding(12, 128)
    )
    (5): Quantizer(
      (embeddings): Embedding(12, 128)
    )
    (6): Quantizer(
      (embeddings): Embedding(12, 128)
    )
    (7): Quantizer(
      (embeddings): Embedding(12, 128)
    )
    (8): Quantizer(
      (embeddings): Embedding(12, 128)
    )
    (9): Quantizer(
      (embeddings): Embedding(12, 128)
    )
    (10): Quantizer(
      (embeddings): Embedding(12, 128)
    )
    (11): Quantizer(
      (embeddings): Embedding(12, 128)
    )
  )
  (z_lemma_mu): Linear(in_features=256, out_features=100, bias=True)
  (z_lemma_logvar): Linear(in_features=256, out_features=100, bias=True)
  (up_from_z_layer): Linear(in_features=228, out_features=1024, bias=True)
  (decoder): Decoder_GRU_VQVAE(
    (layers): ModuleList(
      (0): Embedding(39, 128)
      (1): Dropout(p=0.2, inplace=False)
      (2): GRU(356, 1024, batch_first=True)
      (3): Linear(in_features=1024, out_features=39, bias=True)
    )
    (loss): CrossEntropyLoss()
  )
)
2023-12-22 07:04:33,575 - trnsize: 404897
2023-12-22 07:04:33,576 - devsize: 1446
2023-12-22 07:04:33,577 - tstsize: 1446
2023-12-22 07:04:33,578 - 
2023-12-22 07:04:33,579 - #epc: 0
2023-12-22 07:04:33,582 - epc:0, epc_KL:  0.000000
2023-12-22 07:11:40,662 - exact_match_tst_copy_acc: 0.995
2023-12-22 07:11:40,663 - exact_match_tst_reinflection_wlemma: 0.113
2023-12-22 07:11:40,664 - exact_match_tst_reinflection_wlemma_TAGFINDER1: 0.115
2023-12-22 07:11:40,665 - exact_match_tst_reinflection_wlemma_TAGFINDER1_or_2: 0.116
2023-12-22 07:11:41,068 - TRN || epcloss: 0.0679
2023-12-22 07:11:41,068 -     || Q: 0.0628
2023-12-22 07:11:41,069 -     || KL: 5.4267
2023-12-22 07:11:41,070 -     || token_match: 0.000, exact_match: 0.000
2023-12-22 07:11:41,071 -     || unique taglist code: 63642
2023-12-22 07:11:41,072 - DEV || epcloss: 0.0015
2023-12-22 07:11:41,072 -     || Q: 0.0089
2023-12-22 07:11:41,073 -     || KL: 12.9976
2023-12-22 07:11:41,074 -     || token_match: 0.000, exact_match: 0.000
2023-12-22 07:11:41,075 -     || unique taglist code: 677
2023-12-22 07:11:41,076 -     || seen taglist code: 593
2023-12-22 07:11:41,077 -     || MOST used trncode: 63642
2023-12-22 07:11:41,078 -     || MOST used devcode: 677
2023-12-22 07:11:41,162 -     || saved model
2023-12-22 07:11:41,164 - 
2023-12-22 07:11:41,165 - #epc: 1
2023-12-22 07:11:42,284 - epc:1, epc_KL:  0.000000
2023-12-22 07:19:07,196 - exact_match_tst_copy_acc: 0.998
2023-12-22 07:19:07,197 - exact_match_tst_reinflection_wlemma: 0.113
2023-12-22 07:19:07,198 - exact_match_tst_reinflection_wlemma_TAGFINDER1: 0.112
2023-12-22 07:19:07,199 - exact_match_tst_reinflection_wlemma_TAGFINDER1_or_2: 0.115
2023-12-22 07:19:07,833 - TRN || epcloss: 0.0049
2023-12-22 07:19:07,834 -     || Q: 0.0087
2023-12-22 07:19:07,836 -     || KL: 6.4049
2023-12-22 07:19:07,836 -     || token_match: 0.000, exact_match: 0.000
2023-12-22 07:19:07,837 -     || unique taglist code: 58787
2023-12-22 07:19:07,838 - DEV || epcloss: 0.0009
2023-12-22 07:19:07,839 -     || Q: 0.0036
2023-12-22 07:19:07,840 -     || KL: 13.7304
2023-12-22 07:19:07,841 -     || token_match: 0.000, exact_match: 0.000
2023-12-22 07:19:07,842 -     || unique taglist code: 810
2023-12-22 07:19:07,846 -     || seen taglist code: 648
2023-12-22 07:19:07,847 -     || MOST used devcode: 810
2023-12-22 07:19:08,021 -     || saved model
2023-12-22 07:19:08,023 - 
2023-12-22 07:19:08,024 - #epc: 2
2023-12-22 07:19:09,207 - epc:2, epc_KL:  0.000000
2023-12-22 07:26:51,669 - exact_match_tst_copy_acc: 0.999
2023-12-22 07:26:51,669 - exact_match_tst_reinflection_wlemma: 0.104
2023-12-22 07:26:51,670 - exact_match_tst_reinflection_wlemma_TAGFINDER1: 0.104
2023-12-22 07:26:51,671 - exact_match_tst_reinflection_wlemma_TAGFINDER1_or_2: 0.106
2023-12-22 07:26:52,166 - TRN || epcloss: 0.0034
2023-12-22 07:26:52,167 -     || Q: 0.0060
2023-12-22 07:26:52,167 -     || KL: 6.6477
2023-12-22 07:26:52,168 -     || token_match: 0.000, exact_match: 0.000
2023-12-22 07:26:52,169 -     || unique taglist code: 67662
2023-12-22 07:26:52,170 - DEV || epcloss: 0.0003
2023-12-22 07:26:52,170 -     || Q: 0.0023
2023-12-22 07:26:52,171 -     || KL: 14.7071
2023-12-22 07:26:52,172 -     || token_match: 0.000, exact_match: 0.000
2023-12-22 07:26:52,173 -     || unique taglist code: 769
2023-12-22 07:26:52,175 -     || seen taglist code: 661
2023-12-22 07:26:52,176 -     || MOST used trncode: 67662
2023-12-22 07:26:52,273 -     || saved model
2023-12-22 07:26:52,275 - 
2023-12-22 07:26:52,275 - #epc: 3
2023-12-22 07:26:53,513 - epc:3, epc_KL:  0.000000
2023-12-22 07:34:19,658 - exact_match_tst_copy_acc: 1.000
2023-12-22 07:34:19,660 - exact_match_tst_reinflection_wlemma: 0.133
2023-12-22 07:34:19,661 - exact_match_tst_reinflection_wlemma_TAGFINDER1: 0.132
2023-12-22 07:34:19,661 - exact_match_tst_reinflection_wlemma_TAGFINDER1_or_2: 0.136
2023-12-22 07:34:19,962 - TRN || epcloss: 0.0024
2023-12-22 07:34:19,963 -     || Q: 0.0048
2023-12-22 07:34:19,964 -     || KL: 7.1951
2023-12-22 07:34:19,965 -     || token_match: 0.000, exact_match: 0.000
2023-12-22 07:34:19,965 -     || unique taglist code: 76693
2023-12-22 07:34:19,966 - DEV || epcloss: 0.0001
2023-12-22 07:34:19,967 -     || Q: 0.0016
2023-12-22 07:34:19,968 -     || KL: 15.8295
2023-12-22 07:34:19,968 -     || token_match: 0.000, exact_match: 0.000
2023-12-22 07:34:19,969 -     || unique taglist code: 750
2023-12-22 07:34:19,971 -     || seen taglist code: 619
2023-12-22 07:34:19,972 -     || MOST used trncode: 76693
2023-12-22 07:34:20,042 -     || saved model
2023-12-22 07:34:20,044 - 
2023-12-22 07:34:20,044 - #epc: 4
2023-12-22 07:34:21,127 - epc:4, epc_KL:  0.000000
2023-12-22 07:41:59,237 - exact_match_tst_copy_acc: 0.903
2023-12-22 07:41:59,238 - exact_match_tst_reinflection_wlemma: 0.097
2023-12-22 07:41:59,239 - exact_match_tst_reinflection_wlemma_TAGFINDER1: 0.097
2023-12-22 07:41:59,240 - exact_match_tst_reinflection_wlemma_TAGFINDER1_or_2: 0.100
2023-12-22 07:41:59,675 - TRN || epcloss: 0.0020
2023-12-22 07:41:59,676 -     || Q: 0.0036
2023-12-22 07:41:59,677 -     || KL: 7.7744
2023-12-22 07:41:59,678 -     || token_match: 0.000, exact_match: 0.000
2023-12-22 07:41:59,679 -     || unique taglist code: 92235
2023-12-22 07:41:59,680 - DEV || epcloss: 0.0200
2023-12-22 07:41:59,680 -     || Q: 0.0038
2023-12-22 07:41:59,681 -     || KL: 16.2354
2023-12-22 07:41:59,682 -     || token_match: 0.000, exact_match: 0.000
2023-12-22 07:41:59,683 -     || unique taglist code: 857
2023-12-22 07:41:59,685 -     || seen taglist code: 330
2023-12-22 07:41:59,686 -     || MOST used trncode: 92235
2023-12-22 07:41:59,687 -     || MOST used devcode: 857
2023-12-22 07:41:59,799 -     || saved model
2023-12-22 07:41:59,802 - 
2023-12-22 07:41:59,802 - #epc: 5
2023-12-22 07:42:01,073 - epc:5, epc_KL:  0.050000
2023-12-22 07:49:45,388 - exact_match_tst_copy_acc: 0.997
2023-12-22 07:49:45,389 - exact_match_tst_reinflection_wlemma: 0.347
2023-12-22 07:49:45,389 - exact_match_tst_reinflection_wlemma_TAGFINDER1: 0.328
2023-12-22 07:49:45,390 - exact_match_tst_reinflection_wlemma_TAGFINDER1_or_2: 0.350
2023-12-22 07:49:45,785 - TRN || epcloss: 0.0117
2023-12-22 07:49:45,786 -     || Q: 0.0086
2023-12-22 07:49:45,787 -     || KL: 0.8568
2023-12-22 07:49:45,788 -     || token_match: 0.000, exact_match: 0.000
2023-12-22 07:49:45,789 -     || unique taglist code: 114021
2023-12-22 07:49:45,789 - DEV || epcloss: 0.0011
2023-12-22 07:49:45,790 -     || Q: 0.0142
2023-12-22 07:49:45,791 -     || KL: 1.6528
2023-12-22 07:49:45,792 -     || token_match: 0.000, exact_match: 0.000
2023-12-22 07:49:45,792 -     || unique taglist code: 1096
2023-12-22 07:49:45,795 -     || seen taglist code: 712
2023-12-22 07:49:45,796 -     || MOST used trncode: 114021
2023-12-22 07:49:45,797 -     || MOST used devcode: 1096
2023-12-22 07:49:45,902 -     || saved model
2023-12-22 07:49:45,905 - 
2023-12-22 07:49:45,905 - #epc: 6
2023-12-22 07:49:47,225 - epc:6, epc_KL:  0.100000
2023-12-22 07:57:10,436 - exact_match_tst_copy_acc: 0.992
2023-12-22 07:57:10,438 - exact_match_tst_reinflection_wlemma: 0.950
2023-12-22 07:57:10,438 - exact_match_tst_reinflection_wlemma_TAGFINDER1: 0.922
2023-12-22 07:57:10,439 - exact_match_tst_reinflection_wlemma_TAGFINDER1_or_2: 0.951
2023-12-22 07:57:10,852 - TRN || epcloss: 0.0122
2023-12-22 07:57:10,853 -     || Q: 0.0204
2023-12-22 07:57:10,854 -     || KL: 0.4699
2023-12-22 07:57:10,854 -     || token_match: 0.000, exact_match: 0.000
2023-12-22 07:57:10,855 -     || unique taglist code: 74950
2023-12-22 07:57:10,856 - DEV || epcloss: 0.0011
2023-12-22 07:57:10,857 -     || Q: 0.0198
2023-12-22 07:57:10,858 -     || KL: 0.8314
2023-12-22 07:57:10,858 -     || token_match: 0.000, exact_match: 0.000
2023-12-22 07:57:10,859 -     || unique taglist code: 1251
2023-12-22 07:57:10,862 -     || seen taglist code: 1040
2023-12-22 07:57:10,863 -     || MOST used devcode: 1251
2023-12-22 07:57:10,921 -     || saved model
2023-12-22 07:57:10,923 - 
2023-12-22 07:57:10,924 - #epc: 7
2023-12-22 07:57:11,976 - epc:7, epc_KL:  0.150000
2023-12-22 08:04:24,973 - exact_match_tst_copy_acc: 0.994
2023-12-22 08:04:24,974 - exact_match_tst_reinflection_wlemma: 0.981
2023-12-22 08:04:24,975 - exact_match_tst_reinflection_wlemma_TAGFINDER1: 0.928
2023-12-22 08:04:24,976 - exact_match_tst_reinflection_wlemma_TAGFINDER1_or_2: 0.974
2023-12-22 08:04:25,413 - TRN || epcloss: 0.0122
2023-12-22 08:04:25,414 -     || Q: 0.0335
2023-12-22 08:04:25,414 -     || KL: 0.3210
2023-12-22 08:04:25,415 -     || token_match: 0.000, exact_match: 0.000
2023-12-22 08:04:25,416 -     || unique taglist code: 109297
2023-12-22 08:04:25,417 - DEV || epcloss: 0.0008
2023-12-22 08:04:25,418 -     || Q: 0.0339
2023-12-22 08:04:25,419 -     || KL: 0.5959
2023-12-22 08:04:25,419 -     || token_match: 0.000, exact_match: 0.000
2023-12-22 08:04:25,420 -     || unique taglist code: 1389
2023-12-22 08:04:25,423 -     || seen taglist code: 1035
2023-12-22 08:04:25,425 -     || MOST used devcode: 1389
2023-12-22 08:04:25,499 -     || saved model
2023-12-22 08:04:25,501 - 
2023-12-22 08:04:25,502 - #epc: 8
2023-12-22 08:04:26,525 - epc:8, epc_KL:  0.200000
2023-12-22 08:11:37,863 - exact_match_tst_copy_acc: 0.996
2023-12-22 08:11:37,863 - exact_match_tst_reinflection_wlemma: 0.985
2023-12-22 08:11:37,864 - exact_match_tst_reinflection_wlemma_TAGFINDER1: 0.812
2023-12-22 08:11:37,865 - exact_match_tst_reinflection_wlemma_TAGFINDER1_or_2: 0.949
2023-12-22 08:11:38,222 - TRN || epcloss: 0.0117
2023-12-22 08:11:38,223 -     || Q: 0.0478
2023-12-22 08:11:38,224 -     || KL: 0.2422
2023-12-22 08:11:38,225 -     || token_match: 0.000, exact_match: 0.000
2023-12-22 08:11:38,225 -     || unique taglist code: 191444
2023-12-22 08:11:38,226 - DEV || epcloss: 0.0010
2023-12-22 08:11:38,227 -     || Q: 0.0430
2023-12-22 08:11:38,228 -     || KL: 0.4704
2023-12-22 08:11:38,229 -     || token_match: 0.000, exact_match: 0.000
2023-12-22 08:11:38,229 -     || unique taglist code: 1433
2023-12-22 08:11:38,231 -     || seen taglist code: 726
2023-12-22 08:11:38,232 -     || MOST used trncode: 191444
2023-12-22 08:11:38,233 -     || MOST used devcode: 1433
2023-12-22 08:11:38,325 -     || saved model
2023-12-22 08:11:38,327 - 
2023-12-22 08:11:38,328 - #epc: 9
2023-12-22 08:11:39,294 - epc:9, epc_KL:  0.250000
2023-12-22 08:19:05,380 - exact_match_tst_copy_acc: 0.992
2023-12-22 08:19:05,381 - exact_match_tst_reinflection_wlemma: 0.988
2023-12-22 08:19:05,382 - exact_match_tst_reinflection_wlemma_TAGFINDER1: 0.600
2023-12-22 08:19:05,383 - exact_match_tst_reinflection_wlemma_TAGFINDER1_or_2: 0.855
2023-12-22 08:19:05,858 - TRN || epcloss: 0.0119
2023-12-22 08:19:05,859 -     || Q: 0.0573
2023-12-22 08:19:05,860 -     || KL: 0.1951
2023-12-22 08:19:05,860 -     || token_match: 0.000, exact_match: 0.000
2023-12-22 08:19:05,861 -     || unique taglist code: 281297
2023-12-22 08:19:05,862 - DEV || epcloss: 0.0018
2023-12-22 08:19:05,863 -     || Q: 0.0561
2023-12-22 08:19:05,863 -     || KL: 0.3852
2023-12-22 08:19:05,864 -     || token_match: 0.000, exact_match: 0.000
2023-12-22 08:19:05,865 -     || unique taglist code: 1446
2023-12-22 08:19:05,869 -     || seen taglist code: 458
2023-12-22 08:19:05,870 -     || MOST used trncode: 281297
2023-12-22 08:19:05,871 -     || MOST used devcode: 1446
2023-12-22 08:19:05,973 -     || saved model
2023-12-22 08:19:05,975 - 
2023-12-22 08:19:05,976 - #epc: 10
2023-12-22 08:19:06,980 - epc:10, epc_KL:  0.300000
2023-12-22 08:26:37,032 - exact_match_tst_copy_acc: 0.994
2023-12-22 08:26:37,033 - exact_match_tst_reinflection_wlemma: 0.990
2023-12-22 08:26:37,034 - exact_match_tst_reinflection_wlemma_TAGFINDER1: 0.509
2023-12-22 08:26:37,034 - exact_match_tst_reinflection_wlemma_TAGFINDER1_or_2: 0.792
2023-12-22 08:26:37,464 - TRN || epcloss: 0.0125
2023-12-22 08:26:37,465 -     || Q: 0.0748
2023-12-22 08:26:37,466 -     || KL: 0.1610
2023-12-22 08:26:37,466 -     || token_match: 0.000, exact_match: 0.000
2023-12-22 08:26:37,467 -     || unique taglist code: 350945
2023-12-22 08:26:37,468 - DEV || epcloss: 0.0009
2023-12-22 08:26:37,468 -     || Q: 0.0763
2023-12-22 08:26:37,469 -     || KL: 0.3079
2023-12-22 08:26:37,470 -     || token_match: 0.000, exact_match: 0.000
2023-12-22 08:26:37,470 -     || unique taglist code: 1446
2023-12-22 08:26:37,472 -     || seen taglist code: 218
2023-12-22 08:26:37,473 -     || MOST used trncode: 350945
2023-12-22 08:26:37,559 -     || saved model
2023-12-22 08:26:37,561 - 
2023-12-22 08:26:37,562 - #epc: 11
2023-12-22 08:26:38,614 - epc:11, epc_KL:  0.350000
2023-12-22 08:34:11,815 - exact_match_tst_copy_acc: 0.987
2023-12-22 08:34:11,816 - exact_match_tst_reinflection_wlemma: 0.982
2023-12-22 08:34:11,817 - exact_match_tst_reinflection_wlemma_TAGFINDER1: 0.451
2023-12-22 08:34:11,817 - exact_match_tst_reinflection_wlemma_TAGFINDER1_or_2: 0.741
2023-12-22 08:34:12,232 - TRN || epcloss: 0.0133
2023-12-22 08:34:12,233 -     || Q: 0.1008
2023-12-22 08:34:12,234 -     || KL: 0.1292
2023-12-22 08:34:12,234 -     || token_match: 0.000, exact_match: 0.000
2023-12-22 08:34:12,235 -     || unique taglist code: 387008
2023-12-22 08:34:12,236 - DEV || epcloss: 0.0039
2023-12-22 08:34:12,236 -     || Q: 0.0969
2023-12-22 08:34:12,237 -     || KL: 0.2482
2023-12-22 08:34:12,238 -     || token_match: 0.000, exact_match: 0.000
2023-12-22 08:34:12,238 -     || unique taglist code: 1444
2023-12-22 08:34:12,240 -     || seen taglist code: 40
2023-12-22 08:34:12,240 -     || MOST used trncode: 387008
2023-12-22 08:34:12,330 -     || saved model
2023-12-22 08:34:12,332 - 
2023-12-22 08:34:12,333 - #epc: 12
2023-12-22 08:34:13,142 - epc:12, epc_KL:  0.400000
2023-12-22 08:41:37,916 - exact_match_tst_copy_acc: 0.985
2023-12-22 08:41:37,917 - exact_match_tst_reinflection_wlemma: 0.985
2023-12-22 08:41:37,918 - exact_match_tst_reinflection_wlemma_TAGFINDER1: 0.428
2023-12-22 08:41:37,919 - exact_match_tst_reinflection_wlemma_TAGFINDER1_or_2: 0.715
2023-12-22 08:41:38,433 - TRN || epcloss: 0.0139
2023-12-22 08:41:38,434 -     || Q: 0.1200
2023-12-22 08:41:38,435 -     || KL: 0.0999
2023-12-22 08:41:38,436 -     || token_match: 0.000, exact_match: 0.000
2023-12-22 08:41:38,437 -     || unique taglist code: 399354
2023-12-22 08:41:38,438 - DEV || epcloss: 0.0021
2023-12-22 08:41:38,439 -     || Q: 0.1252
2023-12-22 08:41:38,439 -     || KL: 0.1867
2023-12-22 08:41:38,440 -     || token_match: 0.000, exact_match: 0.000
2023-12-22 08:41:38,441 -     || unique taglist code: 1446
2023-12-22 08:41:38,443 -     || seen taglist code: 31
2023-12-22 08:41:38,444 -     || MOST used trncode: 399354
2023-12-22 08:41:38,533 -     || saved model
2023-12-22 08:41:38,535 - 
2023-12-22 08:41:38,536 - #epc: 13
2023-12-22 08:41:39,596 - epc:13, epc_KL:  0.450000
2023-12-22 08:49:09,436 - exact_match_tst_copy_acc: 0.976
2023-12-22 08:49:09,437 - exact_match_tst_reinflection_wlemma: 0.977
2023-12-22 08:49:09,438 - exact_match_tst_reinflection_wlemma_TAGFINDER1: 0.423
2023-12-22 08:49:09,439 - exact_match_tst_reinflection_wlemma_TAGFINDER1_or_2: 0.707
2023-12-22 08:49:09,852 - TRN || epcloss: 0.0148
2023-12-22 08:49:09,853 -     || Q: 0.1597
2023-12-22 08:49:09,854 -     || KL: 0.0749
2023-12-22 08:49:09,855 -     || token_match: 0.000, exact_match: 0.000
2023-12-22 08:49:09,855 -     || unique taglist code: 402675
2023-12-22 08:49:09,856 - DEV || epcloss: 0.0042
2023-12-22 08:49:09,857 -     || Q: 0.1712
2023-12-22 08:49:09,858 -     || KL: 0.1235
2023-12-22 08:49:09,858 -     || token_match: 0.000, exact_match: 0.000
2023-12-22 08:49:09,859 -     || unique taglist code: 1446
2023-12-22 08:49:09,860 -     || seen taglist code: 11
2023-12-22 08:49:09,861 -     || MOST used trncode: 402675
2023-12-22 08:49:09,939 -     || saved model
2023-12-22 08:49:09,941 - 
2023-12-22 08:49:09,941 - #epc: 14
2023-12-22 08:49:10,755 - epc:14, epc_KL:  0.500000
2023-12-22 08:56:37,998 - exact_match_tst_copy_acc: 0.955
2023-12-22 08:56:37,999 - exact_match_tst_reinflection_wlemma: 0.952
2023-12-22 08:56:38,000 - exact_match_tst_reinflection_wlemma_TAGFINDER1: 0.405
2023-12-22 08:56:38,001 - exact_match_tst_reinflection_wlemma_TAGFINDER1_or_2: 0.683
2023-12-22 08:56:38,429 - TRN || epcloss: 0.0161
2023-12-22 08:56:38,430 -     || Q: 0.2062
2023-12-22 08:56:38,430 -     || KL: 0.0515
2023-12-22 08:56:38,431 -     || token_match: 0.000, exact_match: 0.000
2023-12-22 08:56:38,432 -     || unique taglist code: 403936
2023-12-22 08:56:38,433 - DEV || epcloss: 0.0094
2023-12-22 08:56:38,434 -     || Q: 0.2460
2023-12-22 08:56:38,435 -     || KL: 0.1063
2023-12-22 08:56:38,435 -     || token_match: 0.000, exact_match: 0.000
2023-12-22 08:56:38,436 -     || unique taglist code: 1446
2023-12-22 08:56:38,437 -     || seen taglist code: 3
2023-12-22 08:56:38,438 -     || MOST used trncode: 403936
2023-12-22 08:56:38,547 -     || saved model
2023-12-22 08:56:38,549 - 
2023-12-22 08:56:38,550 - #epc: 15
2023-12-22 08:56:39,410 - epc:15, epc_KL:  0.500000
2023-12-22 09:04:10,824 - exact_match_tst_copy_acc: 0.968
2023-12-22 09:04:10,825 - exact_match_tst_reinflection_wlemma: 0.970
2023-12-22 09:04:10,826 - exact_match_tst_reinflection_wlemma_TAGFINDER1: 0.414
2023-12-22 09:04:10,827 - exact_match_tst_reinflection_wlemma_TAGFINDER1_or_2: 0.696
2023-12-22 09:04:11,238 - TRN || epcloss: 0.0152
2023-12-22 09:04:11,239 -     || Q: 0.2263
2023-12-22 09:04:11,240 -     || KL: 0.0352
2023-12-22 09:04:11,241 -     || token_match: 0.000, exact_match: 0.000
2023-12-22 09:04:11,241 -     || unique taglist code: 404369
2023-12-22 09:04:11,242 - DEV || epcloss: 0.0051
2023-12-22 09:04:11,243 -     || Q: 0.2221
2023-12-22 09:04:11,244 -     || KL: 0.0617
2023-12-22 09:04:11,245 -     || token_match: 0.000, exact_match: 0.000
2023-12-22 09:04:11,245 -     || unique taglist code: 1446
2023-12-22 09:04:11,247 -     || seen taglist code: 4
2023-12-22 09:04:11,247 -     || MOST used trncode: 404369
2023-12-22 09:04:11,387 -     || saved model
2023-12-22 09:04:11,389 - 
2023-12-22 09:04:11,390 - #epc: 16
2023-12-22 09:04:12,339 - epc:16, epc_KL:  0.500000
2023-12-22 09:11:41,953 - exact_match_tst_copy_acc: 0.965
2023-12-22 09:11:41,954 - exact_match_tst_reinflection_wlemma: 0.969
2023-12-22 09:11:41,955 - exact_match_tst_reinflection_wlemma_TAGFINDER1: 0.415
2023-12-22 09:11:41,955 - exact_match_tst_reinflection_wlemma_TAGFINDER1_or_2: 0.697
2023-12-22 09:11:42,324 - TRN || epcloss: 0.0140
2023-12-22 09:11:42,325 -     || Q: 0.2371
2023-12-22 09:11:42,325 -     || KL: 0.0210
2023-12-22 09:11:42,326 -     || token_match: 0.000, exact_match: 0.000
2023-12-22 09:11:42,327 -     || unique taglist code: 404652
2023-12-22 09:11:42,328 - DEV || epcloss: 0.0060
2023-12-22 09:11:42,328 -     || Q: 0.2094
2023-12-22 09:11:42,329 -     || KL: 0.0331
2023-12-22 09:11:42,330 -     || token_match: 0.000, exact_match: 0.000
2023-12-22 09:11:42,330 -     || unique taglist code: 1446
2023-12-22 09:11:42,332 -     || seen taglist code: 3
2023-12-22 09:11:42,333 -     || MOST used trncode: 404652
2023-12-22 09:11:42,380 -     || saved model
2023-12-22 09:11:42,382 - 
2023-12-22 09:11:42,383 - #epc: 17
2023-12-22 09:11:43,269 - epc:17, epc_KL:  0.500000
2023-12-22 09:19:09,781 - exact_match_tst_copy_acc: 0.962
2023-12-22 09:19:09,782 - exact_match_tst_reinflection_wlemma: 0.962
2023-12-22 09:19:09,782 - exact_match_tst_reinflection_wlemma_TAGFINDER1: 0.407
2023-12-22 09:19:09,783 - exact_match_tst_reinflection_wlemma_TAGFINDER1_or_2: 0.689
2023-12-22 09:19:10,202 - TRN || epcloss: 0.0148
2023-12-22 09:19:10,203 -     || Q: 0.2361
2023-12-22 09:19:10,204 -     || KL: 0.0122
2023-12-22 09:19:10,205 -     || token_match: 0.000, exact_match: 0.000
2023-12-22 09:19:10,205 -     || unique taglist code: 404694
2023-12-22 09:19:10,206 - DEV || epcloss: 0.0082
2023-12-22 09:19:10,207 -     || Q: 0.2530
2023-12-22 09:19:10,207 -     || KL: 0.0222
2023-12-22 09:19:10,208 -     || token_match: 0.000, exact_match: 0.000
2023-12-22 09:19:10,209 -     || unique taglist code: 1446
2023-12-22 09:19:10,210 -     || seen taglist code: 0
2023-12-22 09:19:10,211 -     || MOST used trncode: 404694
2023-12-22 09:19:10,276 -     || saved model
2023-12-22 09:19:10,277 - 
2023-12-22 09:19:10,278 - #epc: 18
2023-12-22 09:19:11,157 - epc:18, epc_KL:  0.500000
2023-12-22 09:26:25,681 - exact_match_tst_copy_acc: 0.974
2023-12-22 09:26:25,682 - exact_match_tst_reinflection_wlemma: 0.972
2023-12-22 09:26:25,683 - exact_match_tst_reinflection_wlemma_TAGFINDER1: 0.415
2023-12-22 09:26:25,683 - exact_match_tst_reinflection_wlemma_TAGFINDER1_or_2: 0.698
2023-12-22 09:26:26,144 - TRN || epcloss: 0.0125
2023-12-22 09:26:26,144 -     || Q: 0.2347
2023-12-22 09:26:26,145 -     || KL: 0.0058
2023-12-22 09:26:26,146 -     || token_match: 0.000, exact_match: 0.000
2023-12-22 09:26:26,147 -     || unique taglist code: 404707
2023-12-22 09:26:26,148 - DEV || epcloss: 0.0057
2023-12-22 09:26:26,148 -     || Q: 0.1952
2023-12-22 09:26:26,149 -     || KL: 0.0070
2023-12-22 09:26:26,150 -     || token_match: 0.000, exact_match: 0.000
2023-12-22 09:26:26,151 -     || unique taglist code: 1446
2023-12-22 09:26:26,152 -     || seen taglist code: 2
2023-12-22 09:26:26,153 -     || MOST used trncode: 404707
2023-12-22 09:26:26,307 -     || saved model
2023-12-22 09:26:26,310 - 
2023-12-22 09:26:26,311 - #epc: 19
2023-12-22 09:26:27,440 - epc:19, epc_KL:  0.500000
2023-12-22 09:33:47,627 - exact_match_tst_copy_acc: 0.937
2023-12-22 09:33:47,628 - exact_match_tst_reinflection_wlemma: 0.938
2023-12-22 09:33:47,629 - exact_match_tst_reinflection_wlemma_TAGFINDER1: 0.391
2023-12-22 09:33:47,630 - exact_match_tst_reinflection_wlemma_TAGFINDER1_or_2: 0.669
2023-12-22 09:33:48,162 - TRN || epcloss: 0.0125
2023-12-22 09:33:48,163 -     || Q: 0.2291
2023-12-22 09:33:48,164 -     || KL: 0.0021
2023-12-22 09:33:48,165 -     || token_match: 0.000, exact_match: 0.000
2023-12-22 09:33:48,165 -     || unique taglist code: 404696
2023-12-22 09:33:48,166 - DEV || epcloss: 0.0135
2023-12-22 09:33:48,167 -     || Q: 0.2437
2023-12-22 09:33:48,168 -     || KL: 0.0057
2023-12-22 09:33:48,169 -     || token_match: 0.000, exact_match: 0.000
2023-12-22 09:33:48,169 -     || unique taglist code: 1446
2023-12-22 09:33:48,171 -     || seen taglist code: 4
2023-12-22 09:33:48,248 -     || saved model
2023-12-22 09:33:48,250 - 
2023-12-22 09:33:48,251 - #epc: 20
2023-12-22 09:33:49,349 - epc:20, epc_KL:  0.500000
2023-12-22 09:40:55,250 - exact_match_tst_copy_acc: 0.958
2023-12-22 09:40:55,251 - exact_match_tst_reinflection_wlemma: 0.959
2023-12-22 09:40:55,251 - exact_match_tst_reinflection_wlemma_TAGFINDER1: 0.404
2023-12-22 09:40:55,252 - exact_match_tst_reinflection_wlemma_TAGFINDER1_or_2: 0.685
2023-12-22 09:40:55,687 - TRN || epcloss: 0.0110
2023-12-22 09:40:55,688 -     || Q: 0.2094
2023-12-22 09:40:55,689 -     || KL: 0.0010
2023-12-22 09:40:55,690 -     || token_match: 0.000, exact_match: 0.000
2023-12-22 09:40:55,691 -     || unique taglist code: 404696
2023-12-22 09:40:55,691 - DEV || epcloss: 0.0078
2023-12-22 09:40:55,692 -     || Q: 0.1703
2023-12-22 09:40:55,693 -     || KL: 0.0019
2023-12-22 09:40:55,694 -     || token_match: 0.000, exact_match: 0.000
2023-12-22 09:40:55,694 -     || unique taglist code: 1446
2023-12-22 09:40:55,696 -     || seen taglist code: 0
2023-12-22 09:40:55,741 -     || saved model
2023-12-22 09:40:55,742 - 
2023-12-22 09:40:55,743 - #epc: 21
2023-12-22 09:40:56,461 - epc:21, epc_KL:  0.500000
2023-12-22 09:47:59,989 - exact_match_tst_copy_acc: 0.949
2023-12-22 09:47:59,990 - exact_match_tst_reinflection_wlemma: 0.950
2023-12-22 09:47:59,991 - exact_match_tst_reinflection_wlemma_TAGFINDER1: 0.404
2023-12-22 09:47:59,991 - exact_match_tst_reinflection_wlemma_TAGFINDER1_or_2: 0.683
2023-12-22 09:48:00,365 - TRN || epcloss: 0.0130
2023-12-22 09:48:00,366 -     || Q: 0.2158
2023-12-22 09:48:00,366 -     || KL: 0.0008
2023-12-22 09:48:00,367 -     || token_match: 0.000, exact_match: 0.000
2023-12-22 09:48:00,368 -     || unique taglist code: 404628
2023-12-22 09:48:00,368 - DEV || epcloss: 0.0104
2023-12-22 09:48:00,369 -     || Q: 0.2154
2023-12-22 09:48:00,370 -     || KL: 0.0016
2023-12-22 09:48:00,371 -     || token_match: 0.000, exact_match: 0.000
2023-12-22 09:48:00,371 -     || unique taglist code: 1446
2023-12-22 09:48:00,372 -     || seen taglist code: 2
2023-12-22 09:48:00,414 -     || saved model
2023-12-22 09:48:00,416 - 
2023-12-22 09:48:00,416 - #epc: 22
2023-12-22 09:48:01,125 - epc:22, epc_KL:  0.500000
2023-12-22 09:55:13,424 - exact_match_tst_copy_acc: 0.024
2023-12-22 09:55:13,425 - exact_match_tst_reinflection_wlemma: 0.025
2023-12-22 09:55:13,426 - exact_match_tst_reinflection_wlemma_TAGFINDER1: 0.008
2023-12-22 09:55:13,426 - exact_match_tst_reinflection_wlemma_TAGFINDER1_or_2: 0.017
2023-12-22 09:55:13,845 - TRN || epcloss: 0.0643
2023-12-22 09:55:13,845 -     || Q: 0.2157
2023-12-22 09:55:13,846 -     || KL: 0.0039
2023-12-22 09:55:13,847 -     || token_match: 0.000, exact_match: 0.000
2023-12-22 09:55:13,848 -     || unique taglist code: 404634
2023-12-22 09:55:13,848 - DEV || epcloss: 0.9320
2023-12-22 09:55:13,849 -     || Q: 0.6128
2023-12-22 09:55:13,850 -     || KL: 0.0976
2023-12-22 09:55:13,851 -     || token_match: 0.000, exact_match: 0.000
2023-12-22 09:55:13,851 -     || unique taglist code: 1436
2023-12-22 09:55:13,853 -     || seen taglist code: 10
2023-12-22 09:55:13,911 -     || saved model
2023-12-22 09:55:13,913 - 
2023-12-22 09:55:13,914 - #epc: 23
2023-12-22 09:55:14,692 - epc:23, epc_KL:  0.500000
2023-12-22 10:02:46,094 - exact_match_tst_copy_acc: 0.907
2023-12-22 10:02:46,095 - exact_match_tst_reinflection_wlemma: 0.906
2023-12-22 10:02:46,096 - exact_match_tst_reinflection_wlemma_TAGFINDER1: 0.380
2023-12-22 10:02:46,096 - exact_match_tst_reinflection_wlemma_TAGFINDER1_or_2: 0.647
2023-12-22 10:02:46,635 - TRN || epcloss: 0.1831
2023-12-22 10:02:46,636 -     || Q: 0.5940
2023-12-22 10:02:46,636 -     || KL: 0.0043
2023-12-22 10:02:46,637 -     || token_match: 0.000, exact_match: 0.000
2023-12-22 10:02:46,638 -     || unique taglist code: 397389
2023-12-22 10:02:46,639 - DEV || epcloss: 0.0179
2023-12-22 10:02:46,639 -     || Q: 0.4351
2023-12-22 10:02:46,640 -     || KL: 0.0011
2023-12-22 10:02:46,641 -     || token_match: 0.000, exact_match: 0.000
2023-12-22 10:02:46,642 -     || unique taglist code: 1446
2023-12-22 10:02:46,643 -     || seen taglist code: 6
2023-12-22 10:02:46,714 -     || saved model
2023-12-22 10:02:46,717 - 
2023-12-22 10:02:46,718 - #epc: 24
2023-12-22 10:02:47,865 - epc:24, epc_KL:  0.500000
2023-12-22 10:10:17,830 - exact_match_tst_copy_acc: 0.935
2023-12-22 10:10:17,831 - exact_match_tst_reinflection_wlemma: 0.940
2023-12-22 10:10:17,832 - exact_match_tst_reinflection_wlemma_TAGFINDER1: 0.400
2023-12-22 10:10:17,832 - exact_match_tst_reinflection_wlemma_TAGFINDER1_or_2: 0.676
2023-12-22 10:10:18,337 - TRN || epcloss: 0.0210
2023-12-22 10:10:18,338 -     || Q: 0.3418
2023-12-22 10:10:18,339 -     || KL: 0.0010
2023-12-22 10:10:18,340 -     || token_match: 0.000, exact_match: 0.000
2023-12-22 10:10:18,341 -     || unique taglist code: 404519
2023-12-22 10:10:18,341 - DEV || epcloss: 0.0105
2023-12-22 10:10:18,342 -     || Q: 0.2789
2023-12-22 10:10:18,343 -     || KL: 0.0012
2023-12-22 10:10:18,344 -     || token_match: 0.000, exact_match: 0.000
2023-12-22 10:10:18,345 -     || unique taglist code: 1445
2023-12-22 10:10:18,346 -     || seen taglist code: 2
2023-12-22 10:10:18,403 -     || saved model
2023-12-22 10:10:18,405 - 
2023-12-22 10:10:18,406 - #epc: 25
2023-12-22 10:10:19,516 - epc:25, epc_KL:  0.500000
2023-12-22 10:17:48,535 - exact_match_tst_copy_acc: 0.876
2023-12-22 10:17:48,536 - exact_match_tst_reinflection_wlemma: 0.876
2023-12-22 10:17:48,537 - exact_match_tst_reinflection_wlemma_TAGFINDER1: 0.369
2023-12-22 10:17:48,538 - exact_match_tst_reinflection_wlemma_TAGFINDER1_or_2: 0.631
2023-12-22 10:17:48,947 - TRN || epcloss: 0.0185
2023-12-22 10:17:48,948 -     || Q: 0.2701
2023-12-22 10:17:48,949 -     || KL: 0.0008
2023-12-22 10:17:48,950 -     || token_match: 0.000, exact_match: 0.000
2023-12-22 10:17:48,950 -     || unique taglist code: 404540
2023-12-22 10:17:48,951 - DEV || epcloss: 0.0227
2023-12-22 10:17:48,952 -     || Q: 0.3251
2023-12-22 10:17:48,953 -     || KL: 0.0039
2023-12-22 10:17:48,953 -     || token_match: 0.000, exact_match: 0.000
2023-12-22 10:17:48,954 -     || unique taglist code: 1446
2023-12-22 10:17:48,956 -     || seen taglist code: 1
2023-12-22 10:17:49,050 -     || saved model
2023-12-22 10:17:49,051 - 
2023-12-22 10:17:49,052 - #epc: 26
2023-12-22 10:17:49,931 - epc:26, epc_KL:  0.500000
2023-12-22 10:25:49,085 - exact_match_tst_copy_acc: 0.006
2023-12-22 10:25:49,085 - exact_match_tst_reinflection_wlemma: 0.005
2023-12-22 10:25:49,086 - exact_match_tst_reinflection_wlemma_TAGFINDER1: 0.001
2023-12-22 10:25:49,086 - exact_match_tst_reinflection_wlemma_TAGFINDER1_or_2: 0.003
2023-12-22 10:25:49,692 - TRN || epcloss: 0.0619
2023-12-22 10:25:49,693 -     || Q: 0.3732
2023-12-22 10:25:49,694 -     || KL: 0.0033
2023-12-22 10:25:49,695 -     || token_match: 0.000, exact_match: 0.000
2023-12-22 10:25:49,696 -     || unique taglist code: 404303
2023-12-22 10:25:49,697 - DEV || epcloss: 10.7903
2023-12-22 10:25:49,697 -     || Q: 4.3343
2023-12-22 10:25:49,698 -     || KL: 0.2590
2023-12-22 10:25:49,699 -     || token_match: 0.000, exact_match: 0.000
2023-12-22 10:25:49,699 -     || unique taglist code: 1429
2023-12-22 10:25:49,701 -     || seen taglist code: 3
2023-12-22 10:25:49,757 -     || saved model
2023-12-22 10:25:49,759 - 
2023-12-22 10:25:49,760 - #epc: 27
2023-12-22 10:25:50,878 - epc:27, epc_KL:  0.500000
2023-12-22 10:34:30,590 - exact_match_tst_copy_acc: 0.000
2023-12-22 10:34:30,591 - exact_match_tst_reinflection_wlemma: 0.000
2023-12-22 10:34:30,591 - exact_match_tst_reinflection_wlemma_TAGFINDER1: 0.000
2023-12-22 10:34:30,592 - exact_match_tst_reinflection_wlemma_TAGFINDER1_or_2: 0.000
2023-12-22 10:34:31,068 - TRN || epcloss: 4.3185
2023-12-22 10:34:31,069 -     || Q: 2.3003
2023-12-22 10:34:31,070 -     || KL: 0.4143
2023-12-22 10:34:31,070 -     || token_match: 0.000, exact_match: 0.000
2023-12-22 10:34:31,071 -     || unique taglist code: 181721
2023-12-22 10:34:31,072 - DEV || epcloss: 6.9929
2023-12-22 10:34:31,072 -     || Q: 2.4074
2023-12-22 10:34:31,073 -     || KL: 2.9384
2023-12-22 10:34:31,074 -     || token_match: 0.000, exact_match: 0.000
2023-12-22 10:34:31,075 -     || unique taglist code: 963
2023-12-22 10:34:31,076 -     || seen taglist code: 677
2023-12-22 10:34:31,129 -     || saved model
2023-12-22 10:34:31,130 - 
2023-12-22 10:34:31,131 - #epc: 28
2023-12-22 10:34:32,080 - epc:28, epc_KL:  0.500000
2023-12-22 10:43:10,151 - exact_match_tst_copy_acc: 0.000
2023-12-22 10:43:10,152 - exact_match_tst_reinflection_wlemma: 0.000
2023-12-22 10:43:10,153 - exact_match_tst_reinflection_wlemma_TAGFINDER1: 0.000
2023-12-22 10:43:10,154 - exact_match_tst_reinflection_wlemma_TAGFINDER1_or_2: 0.000
2023-12-22 10:43:10,489 - TRN || epcloss: 6.2383
2023-12-22 10:43:10,490 -     || Q: 2.1263
2023-12-22 10:43:10,491 -     || KL: 0.3879
2023-12-22 10:43:10,492 -     || token_match: 0.000, exact_match: 0.000
2023-12-22 10:43:10,492 -     || unique taglist code: 132057
2023-12-22 10:43:10,493 - DEV || epcloss: 5.6750
2023-12-22 10:43:10,494 -     || Q: 2.2109
2023-12-22 10:43:10,495 -     || KL: 0.6320
2023-12-22 10:43:10,496 -     || token_match: 0.000, exact_match: 0.000
2023-12-22 10:43:10,496 -     || unique taglist code: 1124
2023-12-22 10:43:10,498 -     || seen taglist code: 734
2023-12-22 10:43:10,548 -     || saved model
2023-12-22 10:43:10,550 - 
2023-12-22 10:43:10,551 - #epc: 29
2023-12-22 10:43:11,653 - epc:29, epc_KL:  0.500000
2023-12-22 10:51:02,616 - exact_match_tst_copy_acc: 0.000
2023-12-22 10:51:02,617 - exact_match_tst_reinflection_wlemma: 0.000
2023-12-22 10:51:02,618 - exact_match_tst_reinflection_wlemma_TAGFINDER1: 0.000
2023-12-22 10:51:02,619 - exact_match_tst_reinflection_wlemma_TAGFINDER1_or_2: 0.000
2023-12-22 10:51:03,242 - TRN || epcloss: 3.3176
2023-12-22 10:51:03,242 -     || Q: 1.7204
2023-12-22 10:51:03,243 -     || KL: 0.1616
2023-12-22 10:51:03,244 -     || token_match: 0.000, exact_match: 0.000
2023-12-22 10:51:03,244 -     || unique taglist code: 109834
2023-12-22 10:51:03,245 - DEV || epcloss: 2.7964
2023-12-22 10:51:03,246 -     || Q: 1.3948
2023-12-22 10:51:03,247 -     || KL: 0.1976
2023-12-22 10:51:03,247 -     || token_match: 0.000, exact_match: 0.000
2023-12-22 10:51:03,248 -     || unique taglist code: 1093
2023-12-22 10:51:03,249 -     || seen taglist code: 820
2023-12-22 10:51:03,307 -     || saved model
2023-12-22 10:51:03,309 - 
2023-12-22 10:51:03,310 - #epc: 30
2023-12-22 10:51:04,053 - epc:30, epc_KL:  0.500000
2023-12-22 10:58:41,297 - exact_match_tst_copy_acc: 0.001
2023-12-22 10:58:41,298 - exact_match_tst_reinflection_wlemma: 0.001
2023-12-22 10:58:41,299 - exact_match_tst_reinflection_wlemma_TAGFINDER1: 0.001
2023-12-22 10:58:41,300 - exact_match_tst_reinflection_wlemma_TAGFINDER1_or_2: 0.001
2023-12-22 10:58:42,290 - TRN || epcloss: 1.6538
2023-12-22 10:58:42,291 -     || Q: 1.2246
2023-12-22 10:58:42,292 -     || KL: 0.0213
2023-12-22 10:58:42,293 -     || token_match: 0.000, exact_match: 0.000
2023-12-22 10:58:42,293 -     || unique taglist code: 102687
2023-12-22 10:58:42,294 - DEV || epcloss: 1.0200
2023-12-22 10:58:42,295 -     || Q: 1.1717
2023-12-22 10:58:42,295 -     || KL: 0.0108
2023-12-22 10:58:42,296 -     || token_match: 0.000, exact_match: 0.000
2023-12-22 10:58:42,297 -     || unique taglist code: 1284
2023-12-22 10:58:42,298 -     || seen taglist code: 755
2023-12-22 10:58:42,363 -     || saved model
2023-12-22 10:58:42,365 - 
2023-12-22 10:58:42,366 - #epc: 31
2023-12-22 10:58:43,095 - epc:31, epc_KL:  0.500000
2023-12-22 11:05:58,236 - exact_match_tst_copy_acc: 0.055
2023-12-22 11:05:58,237 - exact_match_tst_reinflection_wlemma: 0.024
2023-12-22 11:05:58,238 - exact_match_tst_reinflection_wlemma_TAGFINDER1: 0.006
2023-12-22 11:05:58,239 - exact_match_tst_reinflection_wlemma_TAGFINDER1_or_2: 0.011
2023-12-22 11:05:59,126 - TRN || epcloss: 0.8181
2023-12-22 11:05:59,127 -     || Q: 1.4947
2023-12-22 11:05:59,128 -     || KL: 0.0270
2023-12-22 11:05:59,129 -     || token_match: 0.000, exact_match: 0.000
2023-12-22 11:05:59,130 -     || unique taglist code: 308638
2023-12-22 11:05:59,131 - DEV || epcloss: 0.4600
2023-12-22 11:05:59,132 -     || Q: 1.6667
2023-12-22 11:05:59,132 -     || KL: 0.0994
2023-12-22 11:05:59,133 -     || token_match: 0.000, exact_match: 0.000
2023-12-22 11:05:59,134 -     || unique taglist code: 1446
2023-12-22 11:05:59,136 -     || seen taglist code: 139
2023-12-22 11:05:59,213 -     || saved model
2023-12-22 11:05:59,216 - 
2023-12-22 11:05:59,217 - #epc: 32
2023-12-22 11:06:00,026 - epc:32, epc_KL:  0.500000
2023-12-22 11:13:04,049 - exact_match_tst_copy_acc: 0.281
2023-12-22 11:13:04,050 - exact_match_tst_reinflection_wlemma: 0.103
2023-12-22 11:13:04,051 - exact_match_tst_reinflection_wlemma_TAGFINDER1: 0.032
2023-12-22 11:13:04,052 - exact_match_tst_reinflection_wlemma_TAGFINDER1_or_2: 0.067
2023-12-22 11:13:04,423 - TRN || epcloss: 0.3706
2023-12-22 11:13:04,424 -     || Q: 1.8545
2023-12-22 11:13:04,425 -     || KL: 0.0529
2023-12-22 11:13:04,426 -     || token_match: 0.000, exact_match: 0.000
2023-12-22 11:13:04,427 -     || unique taglist code: 373203
2023-12-22 11:13:04,427 - DEV || epcloss: 0.2115
2023-12-22 11:13:04,428 -     || Q: 1.8126
2023-12-22 11:13:04,429 -     || KL: 0.1289
2023-12-22 11:13:04,430 -     || token_match: 0.000, exact_match: 0.000
2023-12-22 11:13:04,430 -     || unique taglist code: 1446
2023-12-22 11:13:04,432 -     || seen taglist code: 126
2023-12-22 11:13:04,483 -     || saved model
2023-12-22 11:13:04,485 - 
2023-12-22 11:13:04,485 - #epc: 33
2023-12-22 11:13:05,222 - epc:33, epc_KL:  0.500000
2023-12-22 11:20:09,231 - exact_match_tst_copy_acc: 0.528
2023-12-22 11:20:09,232 - exact_match_tst_reinflection_wlemma: 0.237
2023-12-22 11:20:09,232 - exact_match_tst_reinflection_wlemma_TAGFINDER1: 0.081
2023-12-22 11:20:09,233 - exact_match_tst_reinflection_wlemma_TAGFINDER1_or_2: 0.163
2023-12-22 11:20:09,631 - TRN || epcloss: 0.1978
2023-12-22 11:20:09,632 -     || Q: 1.7630
2023-12-22 11:20:09,633 -     || KL: 0.0510
2023-12-22 11:20:09,633 -     || token_match: 0.000, exact_match: 0.000
2023-12-22 11:20:09,634 -     || unique taglist code: 381222
2023-12-22 11:20:09,635 - DEV || epcloss: 0.1148
2023-12-22 11:20:09,635 -     || Q: 1.5642
2023-12-22 11:20:09,636 -     || KL: 0.1065
2023-12-22 11:20:09,637 -     || token_match: 0.000, exact_match: 0.000
2023-12-22 11:20:09,637 -     || unique taglist code: 1445
2023-12-22 11:20:09,639 -     || seen taglist code: 83
2023-12-22 11:20:09,684 -     || saved model
2023-12-22 11:20:09,685 - 
2023-12-22 11:20:09,686 - #epc: 34
2023-12-22 11:20:10,405 - epc:34, epc_KL:  0.500000
2023-12-22 11:27:14,333 - exact_match_tst_copy_acc: 0.701
2023-12-22 11:27:14,334 - exact_match_tst_reinflection_wlemma: 0.361
2023-12-22 11:27:14,335 - exact_match_tst_reinflection_wlemma_TAGFINDER1: 0.131
2023-12-22 11:27:14,335 - exact_match_tst_reinflection_wlemma_TAGFINDER1_or_2: 0.246
2023-12-22 11:27:14,737 - TRN || epcloss: 0.1194
2023-12-22 11:27:14,738 -     || Q: 1.4314
2023-12-22 11:27:14,739 -     || KL: 0.0409
2023-12-22 11:27:14,739 -     || token_match: 0.000, exact_match: 0.000
2023-12-22 11:27:14,740 -     || unique taglist code: 390523
2023-12-22 11:27:14,740 - DEV || epcloss: 0.0635
2023-12-22 11:27:14,741 -     || Q: 1.1731
2023-12-22 11:27:14,742 -     || KL: 0.0845
2023-12-22 11:27:14,742 -     || token_match: 0.000, exact_match: 0.000
2023-12-22 11:27:14,743 -     || unique taglist code: 1446
2023-12-22 11:27:14,744 -     || seen taglist code: 82
2023-12-22 11:27:14,793 -     || saved model
2023-12-22 11:27:14,794 - 
2023-12-22 11:27:14,795 - #epc: 35
2023-12-22 11:27:15,514 - epc:35, epc_KL:  0.500000
2023-12-22 11:34:22,930 - exact_match_tst_copy_acc: 0.769
2023-12-22 11:34:22,931 - exact_match_tst_reinflection_wlemma: 0.513
2023-12-22 11:34:22,932 - exact_match_tst_reinflection_wlemma_TAGFINDER1: 0.194
2023-12-22 11:34:22,933 - exact_match_tst_reinflection_wlemma_TAGFINDER1_or_2: 0.352
2023-12-22 11:34:23,551 - TRN || epcloss: 0.0764
2023-12-22 11:34:23,552 -     || Q: 1.1336
2023-12-22 11:34:23,553 -     || KL: 0.0306
2023-12-22 11:34:23,554 -     || token_match: 0.000, exact_match: 0.000
2023-12-22 11:34:23,554 -     || unique taglist code: 395546
2023-12-22 11:34:23,555 - DEV || epcloss: 0.0513
2023-12-22 11:34:23,556 -     || Q: 1.0102
2023-12-22 11:34:23,557 -     || KL: 0.0613
2023-12-22 11:34:23,557 -     || token_match: 0.000, exact_match: 0.000
2023-12-22 11:34:23,558 -     || unique taglist code: 1445
2023-12-22 11:34:23,560 -     || seen taglist code: 56
2023-12-22 11:34:23,616 -     || saved model
2023-12-22 11:34:23,618 - 
2023-12-22 11:34:23,619 - #epc: 36
2023-12-22 11:34:24,383 - epc:36, epc_KL:  0.500000
2023-12-22 11:41:30,319 - exact_match_tst_copy_acc: 0.793
2023-12-22 11:41:30,320 - exact_match_tst_reinflection_wlemma: 0.622
2023-12-22 11:41:30,321 - exact_match_tst_reinflection_wlemma_TAGFINDER1: 0.243
2023-12-22 11:41:30,321 - exact_match_tst_reinflection_wlemma_TAGFINDER1_or_2: 0.421
2023-12-22 11:41:30,732 - TRN || epcloss: 0.0531
2023-12-22 11:41:30,732 -     || Q: 0.8836
2023-12-22 11:41:30,733 -     || KL: 0.0209
2023-12-22 11:41:30,734 -     || token_match: 0.000, exact_match: 0.000
2023-12-22 11:41:30,734 -     || unique taglist code: 399305
2023-12-22 11:41:30,735 - DEV || epcloss: 0.0416
2023-12-22 11:41:30,736 -     || Q: 0.8726
2023-12-22 11:41:30,736 -     || KL: 0.0480
2023-12-22 11:41:30,737 -     || token_match: 0.000, exact_match: 0.000
2023-12-22 11:41:30,738 -     || unique taglist code: 1446
2023-12-22 11:41:30,739 -     || seen taglist code: 34
2023-12-22 11:41:30,793 -     || saved model
2023-12-22 11:41:30,795 - 
2023-12-22 11:41:30,795 - #epc: 37
2023-12-22 11:41:31,513 - epc:37, epc_KL:  0.500000
2023-12-22 11:48:36,894 - exact_match_tst_copy_acc: 0.902
2023-12-22 11:48:36,895 - exact_match_tst_reinflection_wlemma: 0.808
2023-12-22 11:48:36,895 - exact_match_tst_reinflection_wlemma_TAGFINDER1: 0.326
2023-12-22 11:48:36,896 - exact_match_tst_reinflection_wlemma_TAGFINDER1_or_2: 0.572
2023-12-22 11:48:37,309 - TRN || epcloss: 0.0375
2023-12-22 11:48:37,310 -     || Q: 0.6981
2023-12-22 11:48:37,311 -     || KL: 0.0129
2023-12-22 11:48:37,312 -     || token_match: 0.000, exact_match: 0.000
2023-12-22 11:48:37,313 -     || unique taglist code: 401250
2023-12-22 11:48:37,313 - DEV || epcloss: 0.0194
2023-12-22 11:48:37,314 -     || Q: 0.6067
2023-12-22 11:48:37,315 -     || KL: 0.0226
2023-12-22 11:48:37,315 -     || token_match: 0.000, exact_match: 0.000
2023-12-22 11:48:37,316 -     || unique taglist code: 1446
2023-12-22 11:48:37,317 -     || seen taglist code: 26
2023-12-22 11:48:37,437 -     || saved model
2023-12-22 11:48:37,438 - 
2023-12-22 11:48:37,439 - #epc: 38
2023-12-22 11:48:38,177 - epc:38, epc_KL:  0.500000
2023-12-22 11:56:04,688 - exact_match_tst_copy_acc: 0.911
2023-12-22 11:56:04,690 - exact_match_tst_reinflection_wlemma: 0.902
2023-12-22 11:56:04,690 - exact_match_tst_reinflection_wlemma_TAGFINDER1: 0.370
2023-12-22 11:56:04,691 - exact_match_tst_reinflection_wlemma_TAGFINDER1_or_2: 0.637
2023-12-22 11:56:05,283 - TRN || epcloss: 0.0317
2023-12-22 11:56:05,284 -     || Q: 0.6076
2023-12-22 11:56:05,285 -     || KL: 0.0058
2023-12-22 11:56:05,286 -     || token_match: 0.000, exact_match: 0.000
2023-12-22 11:56:05,287 -     || unique taglist code: 403071
2023-12-22 11:56:05,287 - DEV || epcloss: 0.0161
2023-12-22 11:56:05,288 -     || Q: 0.5493
2023-12-22 11:56:05,289 -     || KL: 0.0075
2023-12-22 11:56:05,290 -     || token_match: 0.000, exact_match: 0.000
2023-12-22 11:56:05,291 -     || unique taglist code: 1446
2023-12-22 11:56:05,293 -     || seen taglist code: 11
2023-12-22 11:56:05,398 -     || saved model
2023-12-22 11:56:05,401 - 
2023-12-22 11:56:05,402 - #epc: 39
2023-12-22 11:56:06,525 - epc:39, epc_KL:  0.500000
2023-12-22 12:03:36,498 - exact_match_tst_copy_acc: 0.953
2023-12-22 12:03:36,499 - exact_match_tst_reinflection_wlemma: 0.952
2023-12-22 12:03:36,500 - exact_match_tst_reinflection_wlemma_TAGFINDER1: 0.397
2023-12-22 12:03:36,500 - exact_match_tst_reinflection_wlemma_TAGFINDER1_or_2: 0.680
2023-12-22 12:03:37,108 - TRN || epcloss: 0.0246
2023-12-22 12:03:37,109 -     || Q: 0.5181
2023-12-22 12:03:37,110 -     || KL: 0.0012
2023-12-22 12:03:37,111 -     || token_match: 0.000, exact_match: 0.000
2023-12-22 12:03:37,111 -     || unique taglist code: 404140
2023-12-22 12:03:37,112 - DEV || epcloss: 0.0102
2023-12-22 12:03:37,113 -     || Q: 0.4247
2023-12-22 12:03:37,114 -     || KL: 0.0013
2023-12-22 12:03:37,114 -     || token_match: 0.000, exact_match: 0.000
2023-12-22 12:03:37,115 -     || unique taglist code: 1446
2023-12-22 12:03:37,120 -     || seen taglist code: 1
2023-12-22 12:03:37,236 -     || saved model
2023-12-22 12:03:37,239 - 
2023-12-22 12:03:37,239 - #epc: 40
2023-12-22 12:03:38,388 - epc:40, epc_KL:  0.500000
2023-12-22 12:11:09,321 - exact_match_tst_copy_acc: 0.945
2023-12-22 12:11:09,322 - exact_match_tst_reinflection_wlemma: 0.947
2023-12-22 12:11:09,323 - exact_match_tst_reinflection_wlemma_TAGFINDER1: 0.391
2023-12-22 12:11:09,323 - exact_match_tst_reinflection_wlemma_TAGFINDER1_or_2: 0.676
2023-12-22 12:11:09,776 - TRN || epcloss: 0.0206
2023-12-22 12:11:09,776 -     || Q: 0.4420
2023-12-22 12:11:09,777 -     || KL: 0.0003
2023-12-22 12:11:09,778 -     || token_match: 0.000, exact_match: 0.000
2023-12-22 12:11:09,778 -     || unique taglist code: 404302
2023-12-22 12:11:09,779 - DEV || epcloss: 0.0099
2023-12-22 12:11:09,780 -     || Q: 0.3895
2023-12-22 12:11:09,780 -     || KL: 0.0008
2023-12-22 12:11:09,781 -     || token_match: 0.000, exact_match: 0.000
2023-12-22 12:11:09,782 -     || unique taglist code: 1446
2023-12-22 12:11:09,783 -     || seen taglist code: 2
2023-12-22 12:11:09,895 -     || saved model
2023-12-22 12:11:09,897 - 
2023-12-22 12:11:09,897 - #epc: 41
2023-12-22 12:11:10,768 - epc:41, epc_KL:  0.500000
2023-12-22 12:18:39,860 - exact_match_tst_copy_acc: 0.953
2023-12-22 12:18:39,861 - exact_match_tst_reinflection_wlemma: 0.952
2023-12-22 12:18:39,862 - exact_match_tst_reinflection_wlemma_TAGFINDER1: 0.400
2023-12-22 12:18:39,862 - exact_match_tst_reinflection_wlemma_TAGFINDER1_or_2: 0.686
2023-12-22 12:18:40,317 - TRN || epcloss: 0.0168
2023-12-22 12:18:40,318 -     || Q: 0.3756
2023-12-22 12:18:40,319 -     || KL: 0.0002
2023-12-22 12:18:40,319 -     || token_match: 0.000, exact_match: 0.000
2023-12-22 12:18:40,320 -     || unique taglist code: 404394
2023-12-22 12:18:40,321 - DEV || epcloss: 0.0083
2023-12-22 12:18:40,321 -     || Q: 0.3194
2023-12-22 12:18:40,322 -     || KL: 0.0004
2023-12-22 12:18:40,323 -     || token_match: 0.000, exact_match: 0.000
2023-12-22 12:18:40,323 -     || unique taglist code: 1446
2023-12-22 12:18:40,325 -     || seen taglist code: 1
2023-12-22 12:18:40,429 -     || saved model
2023-12-22 12:18:40,431 - 
2023-12-22 12:18:40,431 - #epc: 42
2023-12-22 12:18:41,324 - epc:42, epc_KL:  0.500000
2023-12-22 12:26:14,532 - exact_match_tst_copy_acc: 0.952
2023-12-22 12:26:14,533 - exact_match_tst_reinflection_wlemma: 0.952
2023-12-22 12:26:14,533 - exact_match_tst_reinflection_wlemma_TAGFINDER1: 0.400
2023-12-22 12:26:14,534 - exact_match_tst_reinflection_wlemma_TAGFINDER1_or_2: 0.678
2023-12-22 12:26:15,031 - TRN || epcloss: 0.0148
2023-12-22 12:26:15,032 -     || Q: 0.3259
2023-12-22 12:26:15,032 -     || KL: 0.0002
2023-12-22 12:26:15,033 -     || token_match: 0.000, exact_match: 0.000
2023-12-22 12:26:15,034 -     || unique taglist code: 404478
2023-12-22 12:26:15,034 - DEV || epcloss: 0.0091
2023-12-22 12:26:15,035 -     || Q: 0.3117
2023-12-22 12:26:15,036 -     || KL: 0.0004
2023-12-22 12:26:15,037 -     || token_match: 0.000, exact_match: 0.000
2023-12-22 12:26:15,037 -     || unique taglist code: 1446
2023-12-22 12:26:15,039 -     || seen taglist code: 5
2023-12-22 12:26:15,138 -     || saved model
2023-12-22 12:26:15,140 - 
2023-12-22 12:26:15,141 - #epc: 43
2023-12-22 12:26:16,018 - epc:43, epc_KL:  0.500000
2023-12-22 12:33:49,952 - exact_match_tst_copy_acc: 0.943
2023-12-22 12:33:49,953 - exact_match_tst_reinflection_wlemma: 0.943
2023-12-22 12:33:49,954 - exact_match_tst_reinflection_wlemma_TAGFINDER1: 0.396
2023-12-22 12:33:49,954 - exact_match_tst_reinflection_wlemma_TAGFINDER1_or_2: 0.676
2023-12-22 12:33:50,421 - TRN || epcloss: 0.0143
2023-12-22 12:33:50,422 -     || Q: 0.3213
2023-12-22 12:33:50,423 -     || KL: 0.0002
2023-12-22 12:33:50,424 -     || token_match: 0.000, exact_match: 0.000
2023-12-22 12:33:50,424 -     || unique taglist code: 404481
2023-12-22 12:33:50,425 - DEV || epcloss: 0.0110
2023-12-22 12:33:50,426 -     || Q: 0.3107
2023-12-22 12:33:50,426 -     || KL: 0.0005
2023-12-22 12:33:50,427 -     || token_match: 0.000, exact_match: 0.000
2023-12-22 12:33:50,428 -     || unique taglist code: 1446
2023-12-22 12:33:50,429 -     || seen taglist code: 1
2023-12-22 12:33:50,574 -     || saved model
2023-12-22 12:33:50,576 - 
2023-12-22 12:33:50,577 - #epc: 44
2023-12-22 12:33:51,466 - epc:44, epc_KL:  0.500000
2023-12-22 12:41:02,906 - exact_match_tst_copy_acc: 0.946
2023-12-22 12:41:02,906 - exact_match_tst_reinflection_wlemma: 0.947
2023-12-22 12:41:02,907 - exact_match_tst_reinflection_wlemma_TAGFINDER1: 0.398
2023-12-22 12:41:02,908 - exact_match_tst_reinflection_wlemma_TAGFINDER1_or_2: 0.679
2023-12-22 12:41:03,366 - TRN || epcloss: 0.0138
2023-12-22 12:41:03,367 -     || Q: 0.3051
2023-12-22 12:41:03,368 -     || KL: 0.0001
2023-12-22 12:41:03,368 -     || token_match: 0.000, exact_match: 0.000
2023-12-22 12:41:03,369 -     || unique taglist code: 404570
2023-12-22 12:41:03,370 - DEV || epcloss: 0.0086
2023-12-22 12:41:03,370 -     || Q: 0.3209
2023-12-22 12:41:03,371 -     || KL: 0.0003
2023-12-22 12:41:03,372 -     || token_match: 0.000, exact_match: 0.000
2023-12-22 12:41:03,372 -     || unique taglist code: 1446
2023-12-22 12:41:03,374 -     || seen taglist code: 0
2023-12-22 12:41:03,488 -     || saved model
2023-12-22 12:41:03,490 - 
2023-12-22 12:41:03,491 - #epc: 45
2023-12-22 12:41:04,604 - epc:45, epc_KL:  0.500000
2023-12-22 12:48:43,434 - exact_match_tst_copy_acc: 0.976
2023-12-22 12:48:43,435 - exact_match_tst_reinflection_wlemma: 0.976
2023-12-22 12:48:43,436 - exact_match_tst_reinflection_wlemma_TAGFINDER1: 0.412
2023-12-22 12:48:43,437 - exact_match_tst_reinflection_wlemma_TAGFINDER1_or_2: 0.700
2023-12-22 12:48:44,005 - TRN || epcloss: 0.0120
2023-12-22 12:48:44,006 -     || Q: 0.2819
2023-12-22 12:48:44,007 -     || KL: 0.0002
2023-12-22 12:48:44,008 -     || token_match: 0.000, exact_match: 0.000
2023-12-22 12:48:44,009 -     || unique taglist code: 404661
2023-12-22 12:48:44,009 - DEV || epcloss: 0.0043
2023-12-22 12:48:44,010 -     || Q: 0.2172
2023-12-22 12:48:44,011 -     || KL: 0.0002
2023-12-22 12:48:44,012 -     || token_match: 0.000, exact_match: 0.000
2023-12-22 12:48:44,013 -     || unique taglist code: 1446
2023-12-22 12:48:44,015 -     || seen taglist code: 1
2023-12-22 12:48:44,132 -     || saved model
2023-12-22 12:48:44,135 - 
2023-12-22 12:48:44,136 - #epc: 46
2023-12-22 12:48:44,958 - epc:46, epc_KL:  0.500000
2023-12-22 12:56:17,078 - exact_match_tst_copy_acc: 0.973
2023-12-22 12:56:17,079 - exact_match_tst_reinflection_wlemma: 0.973
2023-12-22 12:56:17,080 - exact_match_tst_reinflection_wlemma_TAGFINDER1: 0.413
2023-12-22 12:56:17,080 - exact_match_tst_reinflection_wlemma_TAGFINDER1_or_2: 0.696
2023-12-22 12:56:17,726 - TRN || epcloss: 0.0115
2023-12-22 12:56:17,727 -     || Q: 0.2678
2023-12-22 12:56:17,727 -     || KL: 0.0001
2023-12-22 12:56:17,728 -     || token_match: 0.000, exact_match: 0.000
2023-12-22 12:56:17,729 -     || unique taglist code: 404680
2023-12-22 12:56:17,730 - DEV || epcloss: 0.0075
2023-12-22 12:56:17,730 -     || Q: 0.2259
2023-12-22 12:56:17,731 -     || KL: 0.0003
2023-12-22 12:56:17,732 -     || token_match: 0.000, exact_match: 0.000
2023-12-22 12:56:17,732 -     || unique taglist code: 1446
2023-12-22 12:56:17,734 -     || seen taglist code: 1
2023-12-22 12:56:17,854 -     || saved model
2023-12-22 12:56:17,857 - 
2023-12-22 12:56:17,858 - #epc: 47
2023-12-22 12:56:18,805 - epc:47, epc_KL:  0.500000
2023-12-22 13:03:50,079 - exact_match_tst_copy_acc: 0.971
2023-12-22 13:03:50,080 - exact_match_tst_reinflection_wlemma: 0.971
2023-12-22 13:03:50,081 - exact_match_tst_reinflection_wlemma_TAGFINDER1: 0.408
2023-12-22 13:03:50,082 - exact_match_tst_reinflection_wlemma_TAGFINDER1_or_2: 0.693
2023-12-22 13:03:50,633 - TRN || epcloss: 0.0110
2023-12-22 13:03:50,634 -     || Q: 0.2578
2023-12-22 13:03:50,634 -     || KL: 0.0002
2023-12-22 13:03:50,635 -     || token_match: 0.000, exact_match: 0.000
2023-12-22 13:03:50,636 -     || unique taglist code: 404691
2023-12-22 13:03:50,636 - DEV || epcloss: 0.0079
2023-12-22 13:03:50,637 -     || Q: 0.2480
2023-12-22 13:03:50,638 -     || KL: 0.0003
2023-12-22 13:03:50,638 -     || token_match: 0.000, exact_match: 0.000
2023-12-22 13:03:50,639 -     || unique taglist code: 1446
2023-12-22 13:03:50,641 -     || seen taglist code: 1
2023-12-22 13:03:50,794 -     || saved model
2023-12-22 13:03:50,797 - 
2023-12-22 13:03:50,797 - #epc: 48
2023-12-22 13:03:51,665 - epc:48, epc_KL:  0.500000
2023-12-22 13:11:24,896 - exact_match_tst_copy_acc: 0.966
2023-12-22 13:11:24,897 - exact_match_tst_reinflection_wlemma: 0.966
2023-12-22 13:11:24,898 - exact_match_tst_reinflection_wlemma_TAGFINDER1: 0.410
2023-12-22 13:11:24,899 - exact_match_tst_reinflection_wlemma_TAGFINDER1_or_2: 0.697
2023-12-22 13:11:25,411 - TRN || epcloss: 0.0118
2023-12-22 13:11:25,412 -     || Q: 0.2595
2023-12-22 13:11:25,413 -     || KL: 0.0002
2023-12-22 13:11:25,414 -     || token_match: 0.000, exact_match: 0.000
2023-12-22 13:11:25,415 -     || unique taglist code: 404622
2023-12-22 13:11:25,416 - DEV || epcloss: 0.0080
2023-12-22 13:11:25,417 -     || Q: 0.2490
2023-12-22 13:11:25,418 -     || KL: 0.0002
2023-12-22 13:11:25,419 -     || token_match: 0.000, exact_match: 0.000
2023-12-22 13:11:25,420 -     || unique taglist code: 1446
2023-12-22 13:11:25,422 -     || seen taglist code: 2
2023-12-22 13:11:25,498 -     || saved model
2023-12-22 13:11:25,500 - 
2023-12-22 13:11:25,500 - #epc: 49
2023-12-22 13:11:26,377 - epc:49, epc_KL:  0.500000
2023-12-22 13:18:56,784 - exact_match_tst_copy_acc: 0.985
2023-12-22 13:18:56,785 - exact_match_tst_reinflection_wlemma: 0.985
2023-12-22 13:18:56,786 - exact_match_tst_reinflection_wlemma_TAGFINDER1: 0.416
2023-12-22 13:18:56,786 - exact_match_tst_reinflection_wlemma_TAGFINDER1_or_2: 0.708
2023-12-22 13:18:57,286 - TRN || epcloss: 0.0110
2023-12-22 13:18:57,287 -     || Q: 0.2552
2023-12-22 13:18:57,288 -     || KL: 0.0001
2023-12-22 13:18:57,289 -     || token_match: 0.000, exact_match: 0.000
2023-12-22 13:18:57,289 -     || unique taglist code: 404656
2023-12-22 13:18:57,290 - DEV || epcloss: 0.0039
2023-12-22 13:18:57,291 -     || Q: 0.2258
2023-12-22 13:18:57,291 -     || KL: 0.0001
2023-12-22 13:18:57,292 -     || token_match: 0.000, exact_match: 0.000
2023-12-22 13:18:57,293 -     || unique taglist code: 1446
2023-12-22 13:18:57,294 -     || seen taglist code: 0
2023-12-22 13:18:57,435 -     || saved model
