2023-12-21 18:05:49,007 - trnsize: 404897
2023-12-21 18:05:49,032 - devsize: 1446
2023-12-21 18:05:49,033 - tstsize: 1446
2023-12-21 18:05:49,633 - Trn unique tgts: 404896
2023-12-21 18:05:49,634 - Trn unique lemmas: 588
2023-12-21 18:05:49,635 - Trn unique taglists: 703
2023-12-21 18:05:49,636 - Dev unique tgts: 1446
2023-12-21 18:05:49,637 - Dev unique lemmas: 536
2023-12-21 18:05:49,638 - Dev unique taglists: 616
2023-12-21 18:05:49,638 - Tst unique tgts: 1446
2023-12-21 18:05:49,639 - Tst unique lemmas: 536
2023-12-21 18:05:49,640 - Tst unique taglists: 616
2023-12-21 18:05:49,641 - seen_dev_tgt: 1
2023-12-21 18:05:49,642 - seen_dev_lemma: 1446
2023-12-21 18:05:49,643 - seen_dev_taglist: 1446
2023-12-21 18:05:49,644 - seen_tst_tgt: 1
2023-12-21 18:05:49,645 - seen_tst_lemma: 1446
2023-12-21 18:05:49,645 - seen_tst_taglist: 1446
2023-12-21 18:06:12,596 - trnID: run1_6x12_zLEM100_zTAG128_decnh1024_kl0.5_epc10_strt5_decdo0.2_inpemb128_bsize64
2023-12-21 18:06:12,597 - batchsize: 64
2023-12-21 18:06:12,598 - epochs: 50
2023-12-21 18:06:12,599 - lr: 0.00050
2023-12-21 18:06:12,600 - KL_WEIGHT: 0.50000
2023-12-21 18:06:12,600 - opt: Adam (
Parameter Group 0
    amsgrad: False
    betas: (0.5, 0.999)
    capturable: False
    eps: 1e-08
    foreach: None
    lr: 0.0005
    maximize: False
    weight_decay: 0
)
2023-12-21 18:06:12,602 - VQVAE(
  (encoder): Encoder_GRU_VQVAE(
    (layers): ModuleList(
      (0): Embedding(39, 128)
      (1): Dropout(p=0.0, inplace=False)
      (2): GRU(128, 256, batch_first=True, bidirectional=True)
    )
  )
  (z_linears): ModuleList(
    (0): Linear(in_features=256, out_features=128, bias=True)
    (1): Linear(in_features=256, out_features=128, bias=True)
    (2): Linear(in_features=256, out_features=128, bias=True)
    (3): Linear(in_features=256, out_features=128, bias=True)
    (4): Linear(in_features=256, out_features=128, bias=True)
    (5): Linear(in_features=256, out_features=128, bias=True)
  )
  (quantizers): ModuleList(
    (0): Quantizer(
      (embeddings): Embedding(12, 128)
    )
    (1): Quantizer(
      (embeddings): Embedding(12, 128)
    )
    (2): Quantizer(
      (embeddings): Embedding(12, 128)
    )
    (3): Quantizer(
      (embeddings): Embedding(12, 128)
    )
    (4): Quantizer(
      (embeddings): Embedding(12, 128)
    )
    (5): Quantizer(
      (embeddings): Embedding(12, 128)
    )
  )
  (z_lemma_mu): Linear(in_features=256, out_features=100, bias=True)
  (z_lemma_logvar): Linear(in_features=256, out_features=100, bias=True)
  (up_from_z_layer): Linear(in_features=228, out_features=1024, bias=True)
  (decoder): Decoder_GRU_VQVAE(
    (layers): ModuleList(
      (0): Embedding(39, 128)
      (1): Dropout(p=0.2, inplace=False)
      (2): GRU(356, 1024, batch_first=True)
      (3): Linear(in_features=1024, out_features=39, bias=True)
    )
    (loss): CrossEntropyLoss()
  )
)
2023-12-21 18:06:12,746 - trnsize: 404897
2023-12-21 18:06:12,747 - devsize: 1446
2023-12-21 18:06:12,748 - tstsize: 1446
2023-12-21 18:06:12,749 - 
2023-12-21 18:06:12,749 - #epc: 0
2023-12-21 18:06:12,753 - epc:0, epc_KL:  0.000000
2023-12-21 18:13:02,841 - exact_match_tst_copy_acc: 0.994
2023-12-21 18:13:02,843 - exact_match_tst_reinflection_wlemma: 0.052
2023-12-21 18:13:02,844 - exact_match_tst_reinflection_wlemma_TAGFINDER1: 0.052
2023-12-21 18:13:02,845 - exact_match_tst_reinflection_wlemma_TAGFINDER1_or_2: 0.054
2023-12-21 18:13:03,182 - TRN || epcloss: 0.0684
2023-12-21 18:13:03,183 -     || Q: 0.0669
2023-12-21 18:13:03,184 -     || KL: 5.5175
2023-12-21 18:13:03,185 -     || token_match: 0.000, exact_match: 0.000
2023-12-21 18:13:03,186 -     || unique taglist code: 8803
2023-12-21 18:13:03,187 - DEV || epcloss: 0.0016
2023-12-21 18:13:03,189 -     || Q: 0.0056
2023-12-21 18:13:03,190 -     || KL: 13.2777
2023-12-21 18:13:03,191 -     || token_match: 0.000, exact_match: 0.000
2023-12-21 18:13:03,192 -     || unique taglist code: 260
2023-12-21 18:13:03,193 -     || seen taglist code: 253
2023-12-21 18:13:03,194 -     || MOST used trncode: 8803
2023-12-21 18:13:03,195 -     || MOST used devcode: 260
2023-12-21 18:13:03,270 -     || saved model
2023-12-21 18:13:03,272 - 
2023-12-21 18:13:03,273 - #epc: 1
2023-12-21 18:13:04,055 - epc:1, epc_KL:  0.000000
2023-12-21 18:19:56,082 - exact_match_tst_copy_acc: 0.985
2023-12-21 18:19:56,083 - exact_match_tst_reinflection_wlemma: 0.063
2023-12-21 18:19:56,084 - exact_match_tst_reinflection_wlemma_TAGFINDER1: 0.063
2023-12-21 18:19:56,085 - exact_match_tst_reinflection_wlemma_TAGFINDER1_or_2: 0.065
2023-12-21 18:19:56,293 - TRN || epcloss: 0.0047
2023-12-21 18:19:56,294 -     || Q: 0.0069
2023-12-21 18:19:56,295 -     || KL: 6.3142
2023-12-21 18:19:56,296 -     || token_match: 0.000, exact_match: 0.000
2023-12-21 18:19:56,297 -     || unique taglist code: 4624
2023-12-21 18:19:56,298 - DEV || epcloss: 0.0028
2023-12-21 18:19:56,299 -     || Q: 0.0027
2023-12-21 18:19:56,300 -     || KL: 14.1799
2023-12-21 18:19:56,301 -     || token_match: 0.000, exact_match: 0.000
2023-12-21 18:19:56,302 -     || unique taglist code: 268
2023-12-21 18:19:56,303 -     || seen taglist code: 267
2023-12-21 18:19:56,304 -     || MOST used devcode: 268
2023-12-21 18:19:56,352 -     || saved model
2023-12-21 18:19:56,354 - 
2023-12-21 18:19:56,355 - #epc: 2
2023-12-21 18:19:56,920 - epc:2, epc_KL:  0.000000
2023-12-21 18:26:47,080 - exact_match_tst_copy_acc: 0.995
2023-12-21 18:26:47,081 - exact_match_tst_reinflection_wlemma: 0.050
2023-12-21 18:26:47,082 - exact_match_tst_reinflection_wlemma_TAGFINDER1: 0.050
2023-12-21 18:26:47,083 - exact_match_tst_reinflection_wlemma_TAGFINDER1_or_2: 0.050
2023-12-21 18:26:47,328 - TRN || epcloss: 0.0045
2023-12-21 18:26:47,330 -     || Q: 0.0067
2023-12-21 18:26:47,330 -     || KL: 6.6809
2023-12-21 18:26:47,331 -     || token_match: 0.000, exact_match: 0.000
2023-12-21 18:26:47,332 -     || unique taglist code: 6852
2023-12-21 18:26:47,334 - DEV || epcloss: 0.0009
2023-12-21 18:26:47,335 -     || Q: 0.0091
2023-12-21 18:26:47,335 -     || KL: 14.6754
2023-12-21 18:26:47,336 -     || token_match: 0.000, exact_match: 0.000
2023-12-21 18:26:47,337 -     || unique taglist code: 298
2023-12-21 18:26:47,339 -     || seen taglist code: 283
2023-12-21 18:26:47,340 -     || MOST used devcode: 298
2023-12-21 18:26:47,401 -     || saved model
2023-12-21 18:26:47,403 - 
2023-12-21 18:26:47,404 - #epc: 3
2023-12-21 18:26:47,998 - epc:3, epc_KL:  0.000000
2023-12-21 18:33:40,081 - exact_match_tst_copy_acc: 0.993
2023-12-21 18:33:40,082 - exact_match_tst_reinflection_wlemma: 0.053
2023-12-21 18:33:40,083 - exact_match_tst_reinflection_wlemma_TAGFINDER1: 0.053
2023-12-21 18:33:40,083 - exact_match_tst_reinflection_wlemma_TAGFINDER1_or_2: 0.054
2023-12-21 18:33:40,354 - TRN || epcloss: 0.0015
2023-12-21 18:33:40,355 -     || Q: 0.0040
2023-12-21 18:33:40,355 -     || KL: 7.0583
2023-12-21 18:33:40,356 -     || token_match: 0.000, exact_match: 0.000
2023-12-21 18:33:40,358 -     || unique taglist code: 5054
2023-12-21 18:33:40,359 - DEV || epcloss: 0.0020
2023-12-21 18:33:40,360 -     || Q: 0.0019
2023-12-21 18:33:40,361 -     || KL: 15.6668
2023-12-21 18:33:40,362 -     || token_match: 0.000, exact_match: 0.000
2023-12-21 18:33:40,363 -     || unique taglist code: 287
2023-12-21 18:33:40,363 -     || seen taglist code: 283
2023-12-21 18:33:40,426 -     || saved model
2023-12-21 18:33:40,429 - 
2023-12-21 18:33:40,430 - #epc: 4
2023-12-21 18:33:41,016 - epc:4, epc_KL:  0.000000
2023-12-21 18:40:34,206 - exact_match_tst_copy_acc: 1.000
2023-12-21 18:40:34,207 - exact_match_tst_reinflection_wlemma: 0.054
2023-12-21 18:40:34,208 - exact_match_tst_reinflection_wlemma_TAGFINDER1: 0.055
2023-12-21 18:40:34,209 - exact_match_tst_reinflection_wlemma_TAGFINDER1_or_2: 0.057
2023-12-21 18:40:34,484 - TRN || epcloss: 0.0018
2023-12-21 18:40:34,485 -     || Q: 0.0030
2023-12-21 18:40:34,486 -     || KL: 7.4568
2023-12-21 18:40:34,487 -     || token_match: 0.000, exact_match: 0.000
2023-12-21 18:40:34,488 -     || unique taglist code: 7353
2023-12-21 18:40:34,489 - DEV || epcloss: 0.0002
2023-12-21 18:40:34,490 -     || Q: 0.0012
2023-12-21 18:40:34,491 -     || KL: 16.4640
2023-12-21 18:40:34,492 -     || token_match: 0.000, exact_match: 0.000
2023-12-21 18:40:34,493 -     || unique taglist code: 342
2023-12-21 18:40:34,494 -     || seen taglist code: 334
2023-12-21 18:40:34,496 -     || MOST used devcode: 342
2023-12-21 18:40:34,547 -     || saved model
2023-12-21 18:40:34,549 - 
2023-12-21 18:40:34,550 - #epc: 5
2023-12-21 18:40:35,139 - epc:5, epc_KL:  0.050000
2023-12-21 18:47:29,422 - exact_match_tst_copy_acc: 1.000
2023-12-21 18:47:29,423 - exact_match_tst_reinflection_wlemma: 0.204
2023-12-21 18:47:29,424 - exact_match_tst_reinflection_wlemma_TAGFINDER1: 0.202
2023-12-21 18:47:29,424 - exact_match_tst_reinflection_wlemma_TAGFINDER1_or_2: 0.210
2023-12-21 18:47:29,778 - TRN || epcloss: 0.0113
2023-12-21 18:47:29,779 -     || Q: 0.0083
2023-12-21 18:47:29,780 -     || KL: 0.8889
2023-12-21 18:47:29,782 -     || token_match: 0.000, exact_match: 0.000
2023-12-21 18:47:29,782 -     || unique taglist code: 18185
2023-12-21 18:47:29,784 - DEV || epcloss: 0.0002
2023-12-21 18:47:29,784 -     || Q: 0.0091
2023-12-21 18:47:29,786 -     || KL: 1.4890
2023-12-21 18:47:29,787 -     || token_match: 0.000, exact_match: 0.000
2023-12-21 18:47:29,788 -     || unique taglist code: 714
2023-12-21 18:47:29,789 -     || seen taglist code: 697
2023-12-21 18:47:29,790 -     || MOST used trncode: 18185
2023-12-21 18:47:29,791 -     || MOST used devcode: 714
2023-12-21 18:47:29,845 -     || saved model
2023-12-21 18:47:29,848 - 
2023-12-21 18:47:29,849 - #epc: 6
2023-12-21 18:47:30,434 - epc:6, epc_KL:  0.100000
2023-12-21 18:54:26,851 - exact_match_tst_copy_acc: 0.999
2023-12-21 18:54:26,852 - exact_match_tst_reinflection_wlemma: 0.687
2023-12-21 18:54:26,853 - exact_match_tst_reinflection_wlemma_TAGFINDER1: 0.667
2023-12-21 18:54:26,854 - exact_match_tst_reinflection_wlemma_TAGFINDER1_or_2: 0.696
2023-12-21 18:54:27,237 - TRN || epcloss: 0.0121
2023-12-21 18:54:27,238 -     || Q: 0.0188
2023-12-21 18:54:27,239 -     || KL: 0.4897
2023-12-21 18:54:27,240 -     || token_match: 0.000, exact_match: 0.000
2023-12-21 18:54:27,241 -     || unique taglist code: 18649
2023-12-21 18:54:27,242 - DEV || epcloss: 0.0010
2023-12-21 18:54:27,243 -     || Q: 0.0203
2023-12-21 18:54:27,244 -     || KL: 0.9048
2023-12-21 18:54:27,245 -     || token_match: 0.000, exact_match: 0.000
2023-12-21 18:54:27,246 -     || unique taglist code: 1046
2023-12-21 18:54:27,247 -     || seen taglist code: 1008
2023-12-21 18:54:27,249 -     || MOST used trncode: 18649
2023-12-21 18:54:27,249 -     || MOST used devcode: 1046
2023-12-21 18:54:27,295 -     || saved model
2023-12-21 18:54:27,297 - 
2023-12-21 18:54:27,298 - #epc: 7
2023-12-21 18:54:27,896 - epc:7, epc_KL:  0.150000
2023-12-21 19:01:23,403 - exact_match_tst_copy_acc: 0.997
2023-12-21 19:01:23,404 - exact_match_tst_reinflection_wlemma: 0.942
2023-12-21 19:01:23,405 - exact_match_tst_reinflection_wlemma_TAGFINDER1: 0.890
2023-12-21 19:01:23,406 - exact_match_tst_reinflection_wlemma_TAGFINDER1_or_2: 0.943
2023-12-21 19:01:23,759 - TRN || epcloss: 0.0119
2023-12-21 19:01:23,761 -     || Q: 0.0266
2023-12-21 19:01:23,762 -     || KL: 0.3356
2023-12-21 19:01:23,763 -     || token_match: 0.000, exact_match: 0.000
2023-12-21 19:01:23,764 -     || unique taglist code: 23520
2023-12-21 19:01:23,765 - DEV || epcloss: 0.0014
2023-12-21 19:01:23,766 -     || Q: 0.0271
2023-12-21 19:01:23,767 -     || KL: 0.6452
2023-12-21 19:01:23,768 -     || token_match: 0.000, exact_match: 0.000
2023-12-21 19:01:23,769 -     || unique taglist code: 1234
2023-12-21 19:01:23,771 -     || seen taglist code: 1197
2023-12-21 19:01:23,772 -     || MOST used trncode: 23520
2023-12-21 19:01:23,773 -     || MOST used devcode: 1234
2023-12-21 19:01:23,819 -     || saved model
2023-12-21 19:01:23,822 - 
2023-12-21 19:01:23,823 - #epc: 8
2023-12-21 19:01:24,416 - epc:8, epc_KL:  0.200000
2023-12-21 19:08:21,772 - exact_match_tst_copy_acc: 0.997
2023-12-21 19:08:21,773 - exact_match_tst_reinflection_wlemma: 0.976
2023-12-21 19:08:21,774 - exact_match_tst_reinflection_wlemma_TAGFINDER1: 0.833
2023-12-21 19:08:21,775 - exact_match_tst_reinflection_wlemma_TAGFINDER1_or_2: 0.952
2023-12-21 19:08:22,129 - TRN || epcloss: 0.0118
2023-12-21 19:08:22,130 -     || Q: 0.0360
2023-12-21 19:08:22,131 -     || KL: 0.2562
2023-12-21 19:08:22,132 -     || token_match: 0.000, exact_match: 0.000
2023-12-21 19:08:22,133 -     || unique taglist code: 35933
2023-12-21 19:08:22,134 - DEV || epcloss: 0.0012
2023-12-21 19:08:22,135 -     || Q: 0.0384
2023-12-21 19:08:22,136 -     || KL: 0.5170
2023-12-21 19:08:22,137 -     || token_match: 0.000, exact_match: 0.000
2023-12-21 19:08:22,138 -     || unique taglist code: 1353
2023-12-21 19:08:22,140 -     || seen taglist code: 1246
2023-12-21 19:08:22,141 -     || MOST used trncode: 35933
2023-12-21 19:08:22,142 -     || MOST used devcode: 1353
2023-12-21 19:08:22,185 -     || saved model
2023-12-21 19:08:22,187 - 
2023-12-21 19:08:22,188 - #epc: 9
2023-12-21 19:08:22,740 - epc:9, epc_KL:  0.250000
2023-12-21 19:15:18,541 - exact_match_tst_copy_acc: 0.993
2023-12-21 19:15:18,542 - exact_match_tst_reinflection_wlemma: 0.984
2023-12-21 19:15:18,543 - exact_match_tst_reinflection_wlemma_TAGFINDER1: 0.707
2023-12-21 19:15:18,544 - exact_match_tst_reinflection_wlemma_TAGFINDER1_or_2: 0.905
2023-12-21 19:15:18,901 - TRN || epcloss: 0.0121
2023-12-21 19:15:18,902 -     || Q: 0.0453
2023-12-21 19:15:18,903 -     || KL: 0.2115
2023-12-21 19:15:18,904 -     || token_match: 0.000, exact_match: 0.000
2023-12-21 19:15:18,905 -     || unique taglist code: 55243
2023-12-21 19:15:18,906 - DEV || epcloss: 0.0024
2023-12-21 19:15:18,907 -     || Q: 0.0539
2023-12-21 19:15:18,908 -     || KL: 0.4341
2023-12-21 19:15:18,909 -     || token_match: 0.000, exact_match: 0.000
2023-12-21 19:15:18,910 -     || unique taglist code: 1391
2023-12-21 19:15:18,913 -     || seen taglist code: 1241
2023-12-21 19:15:18,914 -     || MOST used trncode: 55243
2023-12-21 19:15:18,915 -     || MOST used devcode: 1391
2023-12-21 19:15:18,958 -     || saved model
2023-12-21 19:15:18,960 - 
2023-12-21 19:15:18,961 - #epc: 10
2023-12-21 19:15:19,507 - epc:10, epc_KL:  0.300000
2023-12-21 19:22:19,681 - exact_match_tst_copy_acc: 0.992
2023-12-21 19:22:19,682 - exact_match_tst_reinflection_wlemma: 0.984
2023-12-21 19:22:19,683 - exact_match_tst_reinflection_wlemma_TAGFINDER1: 0.621
2023-12-21 19:22:19,684 - exact_match_tst_reinflection_wlemma_TAGFINDER1_or_2: 0.855
2023-12-21 19:22:20,083 - TRN || epcloss: 0.0145
2023-12-21 19:22:20,084 -     || Q: 0.0697
2023-12-21 19:22:20,085 -     || KL: 0.1848
2023-12-21 19:22:20,086 -     || token_match: 0.000, exact_match: 0.000
2023-12-21 19:22:20,087 -     || unique taglist code: 76604
2023-12-21 19:22:20,087 - DEV || epcloss: 0.0023
2023-12-21 19:22:20,088 -     || Q: 0.0709
2023-12-21 19:22:20,089 -     || KL: 0.4015
2023-12-21 19:22:20,090 -     || token_match: 0.000, exact_match: 0.000
2023-12-21 19:22:20,091 -     || unique taglist code: 1411
2023-12-21 19:22:20,094 -     || seen taglist code: 1299
2023-12-21 19:22:20,095 -     || MOST used trncode: 76604
2023-12-21 19:22:20,096 -     || MOST used devcode: 1411
2023-12-21 19:22:20,137 -     || saved model
2023-12-21 19:22:20,139 - 
2023-12-21 19:22:20,140 - #epc: 11
2023-12-21 19:22:20,750 - epc:11, epc_KL:  0.350000
2023-12-21 19:29:19,246 - exact_match_tst_copy_acc: 0.990
2023-12-21 19:29:19,247 - exact_match_tst_reinflection_wlemma: 0.985
2023-12-21 19:29:19,247 - exact_match_tst_reinflection_wlemma_TAGFINDER1: 0.572
2023-12-21 19:29:19,248 - exact_match_tst_reinflection_wlemma_TAGFINDER1_or_2: 0.828
2023-12-21 19:29:19,649 - TRN || epcloss: 0.0153
2023-12-21 19:29:19,650 -     || Q: 0.0882
2023-12-21 19:29:19,651 -     || KL: 0.1653
2023-12-21 19:29:19,652 -     || token_match: 0.000, exact_match: 0.000
2023-12-21 19:29:19,653 -     || unique taglist code: 85133
2023-12-21 19:29:19,654 - DEV || epcloss: 0.0021
2023-12-21 19:29:19,655 -     || Q: 0.0931
2023-12-21 19:29:19,656 -     || KL: 0.3451
2023-12-21 19:29:19,657 -     || token_match: 0.000, exact_match: 0.000
2023-12-21 19:29:19,657 -     || unique taglist code: 1430
2023-12-21 19:29:19,660 -     || seen taglist code: 1306
2023-12-21 19:29:19,661 -     || MOST used trncode: 85133
2023-12-21 19:29:19,662 -     || MOST used devcode: 1430
2023-12-21 19:29:19,708 -     || saved model
2023-12-21 19:29:19,710 - 
2023-12-21 19:29:19,711 - #epc: 12
2023-12-21 19:29:20,310 - epc:12, epc_KL:  0.400000
2023-12-21 19:36:17,818 - exact_match_tst_copy_acc: 0.985
2023-12-21 19:36:17,819 - exact_match_tst_reinflection_wlemma: 0.981
2023-12-21 19:36:17,819 - exact_match_tst_reinflection_wlemma_TAGFINDER1: 0.539
2023-12-21 19:36:17,820 - exact_match_tst_reinflection_wlemma_TAGFINDER1_or_2: 0.802
2023-12-21 19:36:18,200 - TRN || epcloss: 0.0176
2023-12-21 19:36:18,201 -     || Q: 0.1215
2023-12-21 19:36:18,202 -     || KL: 0.1507
2023-12-21 19:36:18,203 -     || token_match: 0.000, exact_match: 0.000
2023-12-21 19:36:18,204 -     || unique taglist code: 97245
2023-12-21 19:36:18,205 - DEV || epcloss: 0.0044
2023-12-21 19:36:18,206 -     || Q: 0.1283
2023-12-21 19:36:18,206 -     || KL: 0.3043
2023-12-21 19:36:18,207 -     || token_match: 0.000, exact_match: 0.000
2023-12-21 19:36:18,208 -     || unique taglist code: 1430
2023-12-21 19:36:18,211 -     || seen taglist code: 1283
2023-12-21 19:36:18,212 -     || MOST used trncode: 97245
2023-12-21 19:36:18,285 -     || saved model
2023-12-21 19:36:18,287 - 
2023-12-21 19:36:18,288 - #epc: 13
2023-12-21 19:36:18,869 - epc:13, epc_KL:  0.450000
2023-12-21 19:43:15,765 - exact_match_tst_copy_acc: 0.983
2023-12-21 19:43:15,766 - exact_match_tst_reinflection_wlemma: 0.978
2023-12-21 19:43:15,767 - exact_match_tst_reinflection_wlemma_TAGFINDER1: 0.501
2023-12-21 19:43:15,768 - exact_match_tst_reinflection_wlemma_TAGFINDER1_or_2: 0.779
2023-12-21 19:43:16,136 - TRN || epcloss: 0.0197
2023-12-21 19:43:16,137 -     || Q: 0.1636
2023-12-21 19:43:16,138 -     || KL: 0.1358
2023-12-21 19:43:16,139 -     || token_match: 0.000, exact_match: 0.000
2023-12-21 19:43:16,140 -     || unique taglist code: 114759
2023-12-21 19:43:16,141 - DEV || epcloss: 0.0040
2023-12-21 19:43:16,142 -     || Q: 0.1614
2023-12-21 19:43:16,143 -     || KL: 0.2829
2023-12-21 19:43:16,144 -     || token_match: 0.000, exact_match: 0.000
2023-12-21 19:43:16,145 -     || unique taglist code: 1429
2023-12-21 19:43:16,148 -     || seen taglist code: 1226
2023-12-21 19:43:16,150 -     || MOST used trncode: 114759
2023-12-21 19:43:16,193 -     || saved model
2023-12-21 19:43:16,195 - 
2023-12-21 19:43:16,196 - #epc: 14
2023-12-21 19:43:16,767 - epc:14, epc_KL:  0.500000
2023-12-21 19:50:13,637 - exact_match_tst_copy_acc: 0.979
2023-12-21 19:50:13,638 - exact_match_tst_reinflection_wlemma: 0.975
2023-12-21 19:50:13,639 - exact_match_tst_reinflection_wlemma_TAGFINDER1: 0.485
2023-12-21 19:50:13,640 - exact_match_tst_reinflection_wlemma_TAGFINDER1_or_2: 0.766
2023-12-21 19:50:13,997 - TRN || epcloss: 0.0203
2023-12-21 19:50:13,998 -     || Q: 0.1795
2023-12-21 19:50:14,000 -     || KL: 0.1212
2023-12-21 19:50:14,001 -     || token_match: 0.000, exact_match: 0.000
2023-12-21 19:50:14,001 -     || unique taglist code: 155022
2023-12-21 19:50:14,003 - DEV || epcloss: 0.0043
2023-12-21 19:50:14,004 -     || Q: 0.1553
2023-12-21 19:50:14,005 -     || KL: 0.2460
2023-12-21 19:50:14,006 -     || token_match: 0.000, exact_match: 0.000
2023-12-21 19:50:14,007 -     || unique taglist code: 1436
2023-12-21 19:50:14,010 -     || seen taglist code: 1191
2023-12-21 19:50:14,012 -     || MOST used trncode: 155022
2023-12-21 19:50:14,012 -     || MOST used devcode: 1436
2023-12-21 19:50:14,103 -     || saved model
2023-12-21 19:50:14,105 - 
2023-12-21 19:50:14,106 - #epc: 15
2023-12-21 19:50:14,689 - epc:15, epc_KL:  0.500000
2023-12-21 19:57:11,386 - exact_match_tst_copy_acc: 0.982
2023-12-21 19:57:11,387 - exact_match_tst_reinflection_wlemma: 0.980
2023-12-21 19:57:11,388 - exact_match_tst_reinflection_wlemma_TAGFINDER1: 0.470
2023-12-21 19:57:11,389 - exact_match_tst_reinflection_wlemma_TAGFINDER1_or_2: 0.756
2023-12-21 19:57:11,743 - TRN || epcloss: 0.0198
2023-12-21 19:57:11,744 -     || Q: 0.1823
2023-12-21 19:57:11,745 -     || KL: 0.1122
2023-12-21 19:57:11,746 -     || token_match: 0.000, exact_match: 0.000
2023-12-21 19:57:11,747 -     || unique taglist code: 150272
2023-12-21 19:57:11,748 - DEV || epcloss: 0.0048
2023-12-21 19:57:11,749 -     || Q: 0.1801
2023-12-21 19:57:11,750 -     || KL: 0.2278
2023-12-21 19:57:11,751 -     || token_match: 0.000, exact_match: 0.000
2023-12-21 19:57:11,753 -     || unique taglist code: 1438
2023-12-21 19:57:11,756 -     || seen taglist code: 1175
2023-12-21 19:57:11,757 -     || MOST used devcode: 1438
2023-12-21 19:57:11,838 -     || saved model
2023-12-21 19:57:11,840 - 
2023-12-21 19:57:11,841 - #epc: 16
2023-12-21 19:57:12,414 - epc:16, epc_KL:  0.500000
2023-12-21 20:04:08,960 - exact_match_tst_copy_acc: 0.983
2023-12-21 20:04:08,961 - exact_match_tst_reinflection_wlemma: 0.978
2023-12-21 20:04:08,962 - exact_match_tst_reinflection_wlemma_TAGFINDER1: 0.454
2023-12-21 20:04:08,963 - exact_match_tst_reinflection_wlemma_TAGFINDER1_or_2: 0.743
2023-12-21 20:04:09,293 - TRN || epcloss: 0.0197
2023-12-21 20:04:09,294 -     || Q: 0.1958
2023-12-21 20:04:09,295 -     || KL: 0.1066
2023-12-21 20:04:09,296 -     || token_match: 0.000, exact_match: 0.000
2023-12-21 20:04:09,297 -     || unique taglist code: 159298
2023-12-21 20:04:09,298 - DEV || epcloss: 0.0047
2023-12-21 20:04:09,299 -     || Q: 0.1972
2023-12-21 20:04:09,300 -     || KL: 0.2157
2023-12-21 20:04:09,301 -     || token_match: 0.000, exact_match: 0.000
2023-12-21 20:04:09,301 -     || unique taglist code: 1439
2023-12-21 20:04:09,304 -     || seen taglist code: 1157
2023-12-21 20:04:09,305 -     || MOST used trncode: 159298
2023-12-21 20:04:09,306 -     || MOST used devcode: 1439
2023-12-21 20:04:09,348 -     || saved model
2023-12-21 20:04:09,350 - 
2023-12-21 20:04:09,351 - #epc: 17
2023-12-21 20:04:09,953 - epc:17, epc_KL:  0.500000
2023-12-21 20:11:06,338 - exact_match_tst_copy_acc: 0.965
2023-12-21 20:11:06,340 - exact_match_tst_reinflection_wlemma: 0.959
2023-12-21 20:11:06,341 - exact_match_tst_reinflection_wlemma_TAGFINDER1: 0.438
2023-12-21 20:11:06,342 - exact_match_tst_reinflection_wlemma_TAGFINDER1_or_2: 0.719
2023-12-21 20:11:06,705 - TRN || epcloss: 0.0203
2023-12-21 20:11:06,707 -     || Q: 0.2176
2023-12-21 20:11:06,708 -     || KL: 0.1019
2023-12-21 20:11:06,708 -     || token_match: 0.000, exact_match: 0.000
2023-12-21 20:11:06,709 -     || unique taglist code: 171546
2023-12-21 20:11:06,710 - DEV || epcloss: 0.0102
2023-12-21 20:11:06,711 -     || Q: 0.2351
2023-12-21 20:11:06,712 -     || KL: 0.2075
2023-12-21 20:11:06,713 -     || token_match: 0.000, exact_match: 0.000
2023-12-21 20:11:06,714 -     || unique taglist code: 1434
2023-12-21 20:11:06,717 -     || seen taglist code: 1124
2023-12-21 20:11:06,719 -     || MOST used trncode: 171546
2023-12-21 20:11:06,783 -     || saved model
2023-12-21 20:11:06,785 - 
2023-12-21 20:11:06,786 - #epc: 18
2023-12-21 20:11:07,390 - epc:18, epc_KL:  0.500000
2023-12-21 20:18:04,652 - exact_match_tst_copy_acc: 0.980
2023-12-21 20:18:04,653 - exact_match_tst_reinflection_wlemma: 0.978
2023-12-21 20:18:04,654 - exact_match_tst_reinflection_wlemma_TAGFINDER1: 0.449
2023-12-21 20:18:04,655 - exact_match_tst_reinflection_wlemma_TAGFINDER1_or_2: 0.739
2023-12-21 20:18:05,007 - TRN || epcloss: 0.0215
2023-12-21 20:18:05,008 -     || Q: 0.2363
2023-12-21 20:18:05,009 -     || KL: 0.0989
2023-12-21 20:18:05,010 -     || token_match: 0.000, exact_match: 0.000
2023-12-21 20:18:05,011 -     || unique taglist code: 185878
2023-12-21 20:18:05,012 - DEV || epcloss: 0.0042
2023-12-21 20:18:05,014 -     || Q: 0.2345
2023-12-21 20:18:05,014 -     || KL: 0.2023
2023-12-21 20:18:05,015 -     || token_match: 0.000, exact_match: 0.000
2023-12-21 20:18:05,016 -     || unique taglist code: 1439
2023-12-21 20:18:05,019 -     || seen taglist code: 1098
2023-12-21 20:18:05,020 -     || MOST used trncode: 185878
2023-12-21 20:18:05,147 -     || saved model
2023-12-21 20:18:05,149 - 
2023-12-21 20:18:05,150 - #epc: 19
2023-12-21 20:18:05,702 - epc:19, epc_KL:  0.500000
2023-12-21 20:25:01,370 - exact_match_tst_copy_acc: 0.974
2023-12-21 20:25:01,371 - exact_match_tst_reinflection_wlemma: 0.972
2023-12-21 20:25:01,372 - exact_match_tst_reinflection_wlemma_TAGFINDER1: 0.445
2023-12-21 20:25:01,373 - exact_match_tst_reinflection_wlemma_TAGFINDER1_or_2: 0.734
2023-12-21 20:25:01,751 - TRN || epcloss: 0.0219
2023-12-21 20:25:01,752 -     || Q: 0.2450
2023-12-21 20:25:01,753 -     || KL: 0.0965
2023-12-21 20:25:01,754 -     || token_match: 0.000, exact_match: 0.000
2023-12-21 20:25:01,756 -     || unique taglist code: 193839
2023-12-21 20:25:01,757 - DEV || epcloss: 0.0077
2023-12-21 20:25:01,758 -     || Q: 0.2593
2023-12-21 20:25:01,759 -     || KL: 0.2029
2023-12-21 20:25:01,760 -     || token_match: 0.000, exact_match: 0.000
2023-12-21 20:25:01,760 -     || unique taglist code: 1438
2023-12-21 20:25:01,764 -     || seen taglist code: 1080
2023-12-21 20:25:01,765 -     || MOST used trncode: 193839
2023-12-21 20:25:01,844 -     || saved model
2023-12-21 20:25:01,848 - 
2023-12-21 20:25:01,849 - #epc: 20
2023-12-21 20:25:02,449 - epc:20, epc_KL:  0.500000
2023-12-21 20:32:00,731 - exact_match_tst_copy_acc: 0.952
2023-12-21 20:32:00,732 - exact_match_tst_reinflection_wlemma: 0.951
2023-12-21 20:32:00,734 - exact_match_tst_reinflection_wlemma_TAGFINDER1: 0.434
2023-12-21 20:32:00,735 - exact_match_tst_reinflection_wlemma_TAGFINDER1_or_2: 0.710
2023-12-21 20:32:01,083 - TRN || epcloss: 0.0216
2023-12-21 20:32:01,084 -     || Q: 0.2385
2023-12-21 20:32:01,085 -     || KL: 0.0934
2023-12-21 20:32:01,086 -     || token_match: 0.000, exact_match: 0.000
2023-12-21 20:32:01,087 -     || unique taglist code: 202581
2023-12-21 20:32:01,088 - DEV || epcloss: 0.0138
2023-12-21 20:32:01,089 -     || Q: 0.2746
2023-12-21 20:32:01,090 -     || KL: 0.2033
2023-12-21 20:32:01,091 -     || token_match: 0.000, exact_match: 0.000
2023-12-21 20:32:01,092 -     || unique taglist code: 1443
2023-12-21 20:32:01,096 -     || seen taglist code: 1058
2023-12-21 20:32:01,098 -     || MOST used trncode: 202581
2023-12-21 20:32:01,099 -     || MOST used devcode: 1443
2023-12-21 20:32:01,155 -     || saved model
2023-12-21 20:32:01,157 - 
2023-12-21 20:32:01,158 - #epc: 21
2023-12-21 20:32:01,734 - epc:21, epc_KL:  0.500000
2023-12-21 20:39:00,098 - exact_match_tst_copy_acc: 0.965
2023-12-21 20:39:00,100 - exact_match_tst_reinflection_wlemma: 0.965
2023-12-21 20:39:00,100 - exact_match_tst_reinflection_wlemma_TAGFINDER1: 0.436
2023-12-21 20:39:00,101 - exact_match_tst_reinflection_wlemma_TAGFINDER1_or_2: 0.714
2023-12-21 20:39:00,460 - TRN || epcloss: 0.0228
2023-12-21 20:39:00,461 -     || Q: 0.2520
2023-12-21 20:39:00,462 -     || KL: 0.0919
2023-12-21 20:39:00,463 -     || token_match: 0.000, exact_match: 0.000
2023-12-21 20:39:00,464 -     || unique taglist code: 204302
2023-12-21 20:39:00,465 - DEV || epcloss: 0.0096
2023-12-21 20:39:00,466 -     || Q: 0.2728
2023-12-21 20:39:00,466 -     || KL: 0.1954
2023-12-21 20:39:00,468 -     || token_match: 0.000, exact_match: 0.000
2023-12-21 20:39:00,468 -     || unique taglist code: 1439
2023-12-21 20:39:00,471 -     || seen taglist code: 1058
2023-12-21 20:39:00,472 -     || MOST used trncode: 204302
2023-12-21 20:39:00,521 -     || saved model
2023-12-21 20:39:00,523 - 
2023-12-21 20:39:00,524 - #epc: 22
2023-12-21 20:39:01,112 - epc:22, epc_KL:  0.500000
2023-12-21 20:45:59,186 - exact_match_tst_copy_acc: 0.963
2023-12-21 20:45:59,187 - exact_match_tst_reinflection_wlemma: 0.957
2023-12-21 20:45:59,188 - exact_match_tst_reinflection_wlemma_TAGFINDER1: 0.432
2023-12-21 20:45:59,189 - exact_match_tst_reinflection_wlemma_TAGFINDER1_or_2: 0.714
2023-12-21 20:45:59,510 - TRN || epcloss: 0.0246
2023-12-21 20:45:59,512 -     || Q: 0.2645
2023-12-21 20:45:59,513 -     || KL: 0.0915
2023-12-21 20:45:59,514 -     || token_match: 0.000, exact_match: 0.000
2023-12-21 20:45:59,515 -     || unique taglist code: 203009
2023-12-21 20:45:59,516 - DEV || epcloss: 0.0102
2023-12-21 20:45:59,517 -     || Q: 0.2889
2023-12-21 20:45:59,518 -     || KL: 0.1888
2023-12-21 20:45:59,519 -     || token_match: 0.000, exact_match: 0.000
2023-12-21 20:45:59,520 -     || unique taglist code: 1439
2023-12-21 20:45:59,523 -     || seen taglist code: 1048
2023-12-21 20:45:59,565 -     || saved model
2023-12-21 20:45:59,567 - 
2023-12-21 20:45:59,568 - #epc: 23
2023-12-21 20:46:00,167 - epc:23, epc_KL:  0.500000
2023-12-21 20:52:56,543 - exact_match_tst_copy_acc: 0.948
2023-12-21 20:52:56,544 - exact_match_tst_reinflection_wlemma: 0.947
2023-12-21 20:52:56,544 - exact_match_tst_reinflection_wlemma_TAGFINDER1: 0.420
2023-12-21 20:52:56,545 - exact_match_tst_reinflection_wlemma_TAGFINDER1_or_2: 0.700
2023-12-21 20:52:56,866 - TRN || epcloss: 0.0247
2023-12-21 20:52:56,868 -     || Q: 0.2676
2023-12-21 20:52:56,868 -     || KL: 0.0894
2023-12-21 20:52:56,869 -     || token_match: 0.000, exact_match: 0.000
2023-12-21 20:52:56,870 -     || unique taglist code: 212662
2023-12-21 20:52:56,871 - DEV || epcloss: 0.0139
2023-12-21 20:52:56,872 -     || Q: 0.2738
2023-12-21 20:52:56,873 -     || KL: 0.1969
2023-12-21 20:52:56,874 -     || token_match: 0.000, exact_match: 0.000
2023-12-21 20:52:56,875 -     || unique taglist code: 1439
2023-12-21 20:52:56,879 -     || seen taglist code: 979
2023-12-21 20:52:56,880 -     || MOST used trncode: 212662
2023-12-21 20:52:56,922 -     || saved model
2023-12-21 20:52:56,924 - 
2023-12-21 20:52:56,925 - #epc: 24
2023-12-21 20:52:57,501 - epc:24, epc_KL:  0.500000
2023-12-21 20:59:54,057 - exact_match_tst_copy_acc: 0.961
2023-12-21 20:59:54,059 - exact_match_tst_reinflection_wlemma: 0.956
2023-12-21 20:59:54,060 - exact_match_tst_reinflection_wlemma_TAGFINDER1: 0.422
2023-12-21 20:59:54,060 - exact_match_tst_reinflection_wlemma_TAGFINDER1_or_2: 0.703
2023-12-21 20:59:54,379 - TRN || epcloss: 0.0271
2023-12-21 20:59:54,380 -     || Q: 0.2854
2023-12-21 20:59:54,381 -     || KL: 0.0890
2023-12-21 20:59:54,382 -     || token_match: 0.000, exact_match: 0.000
2023-12-21 20:59:54,383 -     || unique taglist code: 219362
2023-12-21 20:59:54,384 - DEV || epcloss: 0.0103
2023-12-21 20:59:54,385 -     || Q: 0.2898
2023-12-21 20:59:54,386 -     || KL: 0.1980
2023-12-21 20:59:54,387 -     || token_match: 0.000, exact_match: 0.000
2023-12-21 20:59:54,388 -     || unique taglist code: 1440
2023-12-21 20:59:54,392 -     || seen taglist code: 997
2023-12-21 20:59:54,393 -     || MOST used trncode: 219362
2023-12-21 20:59:54,435 -     || saved model
2023-12-21 20:59:54,437 - 
2023-12-21 20:59:54,438 - #epc: 25
2023-12-21 20:59:55,007 - epc:25, epc_KL:  0.500000
2023-12-21 21:06:51,246 - exact_match_tst_copy_acc: 0.848
2023-12-21 21:06:51,247 - exact_match_tst_reinflection_wlemma: 0.829
2023-12-21 21:06:51,248 - exact_match_tst_reinflection_wlemma_TAGFINDER1: 0.376
2023-12-21 21:06:51,249 - exact_match_tst_reinflection_wlemma_TAGFINDER1_or_2: 0.615
2023-12-21 21:06:51,625 - TRN || epcloss: 0.2218
2023-12-21 21:06:51,626 -     || Q: 0.4975
2023-12-21 21:06:51,627 -     || KL: 0.1538
2023-12-21 21:06:51,628 -     || token_match: 0.000, exact_match: 0.000
2023-12-21 21:06:51,629 -     || unique taglist code: 211478
2023-12-21 21:06:51,630 - DEV || epcloss: 0.0306
2023-12-21 21:06:51,631 -     || Q: 0.4703
2023-12-21 21:06:51,632 -     || KL: 0.2305
2023-12-21 21:06:51,633 -     || token_match: 0.000, exact_match: 0.000
2023-12-21 21:06:51,634 -     || unique taglist code: 1440
2023-12-21 21:06:51,638 -     || seen taglist code: 845
2023-12-21 21:06:51,681 -     || saved model
2023-12-21 21:06:51,683 - 
2023-12-21 21:06:51,685 - #epc: 26
2023-12-21 21:06:52,294 - epc:26, epc_KL:  0.500000
2023-12-21 21:13:50,068 - exact_match_tst_copy_acc: 0.947
2023-12-21 21:13:50,069 - exact_match_tst_reinflection_wlemma: 0.941
2023-12-21 21:13:50,070 - exact_match_tst_reinflection_wlemma_TAGFINDER1: 0.412
2023-12-21 21:13:50,071 - exact_match_tst_reinflection_wlemma_TAGFINDER1_or_2: 0.692
2023-12-21 21:13:50,391 - TRN || epcloss: 0.0322
2023-12-21 21:13:50,392 -     || Q: 0.3461
2023-12-21 21:13:50,393 -     || KL: 0.0979
2023-12-21 21:13:50,394 -     || token_match: 0.000, exact_match: 0.000
2023-12-21 21:13:50,395 -     || unique taglist code: 227712
2023-12-21 21:13:50,396 - DEV || epcloss: 0.0132
2023-12-21 21:13:50,397 -     || Q: 0.3090
2023-12-21 21:13:50,398 -     || KL: 0.1963
2023-12-21 21:13:50,399 -     || token_match: 0.000, exact_match: 0.000
2023-12-21 21:13:50,399 -     || unique taglist code: 1442
2023-12-21 21:13:50,402 -     || seen taglist code: 892
2023-12-21 21:13:50,403 -     || MOST used trncode: 227712
2023-12-21 21:13:50,444 -     || saved model
2023-12-21 21:13:50,447 - 
2023-12-21 21:13:50,448 - #epc: 27
2023-12-21 21:13:51,014 - epc:27, epc_KL:  0.500000
2023-12-21 21:20:53,885 - exact_match_tst_copy_acc: 0.007
2023-12-21 21:20:53,886 - exact_match_tst_reinflection_wlemma: 0.008
2023-12-21 21:20:53,887 - exact_match_tst_reinflection_wlemma_TAGFINDER1: 0.002
2023-12-21 21:20:53,888 - exact_match_tst_reinflection_wlemma_TAGFINDER1_or_2: 0.006
2023-12-21 21:20:54,243 - TRN || epcloss: 0.6965
2023-12-21 21:20:54,244 -     || Q: 0.9286
2023-12-21 21:20:54,245 -     || KL: 0.2137
2023-12-21 21:20:54,246 -     || token_match: 0.000, exact_match: 0.000
2023-12-21 21:20:54,247 -     || unique taglist code: 175881
2023-12-21 21:20:54,248 - DEV || epcloss: 0.7549
2023-12-21 21:20:54,249 -     || Q: 1.1133
2023-12-21 21:20:54,250 -     || KL: 0.6928
2023-12-21 21:20:54,251 -     || token_match: 0.000, exact_match: 0.000
2023-12-21 21:20:54,252 -     || unique taglist code: 663
2023-12-21 21:20:54,254 -     || seen taglist code: 543
2023-12-21 21:20:54,326 -     || saved model
2023-12-21 21:20:54,328 - 
2023-12-21 21:20:54,329 - #epc: 28
2023-12-21 21:20:54,887 - epc:28, epc_KL:  0.500000
2023-12-21 21:27:50,079 - exact_match_tst_copy_acc: 0.303
2023-12-21 21:27:50,080 - exact_match_tst_reinflection_wlemma: 0.297
2023-12-21 21:27:50,081 - exact_match_tst_reinflection_wlemma_TAGFINDER1: 0.131
2023-12-21 21:27:50,082 - exact_match_tst_reinflection_wlemma_TAGFINDER1_or_2: 0.238
2023-12-21 21:27:50,444 - TRN || epcloss: 0.5926
2023-12-21 21:27:50,445 -     || Q: 1.1677
2023-12-21 21:27:50,446 -     || KL: 0.2024
2023-12-21 21:27:50,447 -     || token_match: 0.000, exact_match: 0.000
2023-12-21 21:27:50,448 -     || unique taglist code: 72795
2023-12-21 21:27:50,449 - DEV || epcloss: 0.2131
2023-12-21 21:27:50,450 -     || Q: 1.2478
2023-12-21 21:27:50,451 -     || KL: 0.3851
2023-12-21 21:27:50,452 -     || token_match: 0.000, exact_match: 0.000
2023-12-21 21:27:50,453 -     || unique taglist code: 1412
2023-12-21 21:27:50,455 -     || seen taglist code: 945
2023-12-21 21:27:50,531 -     || saved model
2023-12-21 21:27:50,533 - 
2023-12-21 21:27:50,534 - #epc: 29
2023-12-21 21:27:51,121 - epc:29, epc_KL:  0.500000
2023-12-21 21:34:46,450 - exact_match_tst_copy_acc: 0.821
2023-12-21 21:34:46,451 - exact_match_tst_reinflection_wlemma: 0.820
2023-12-21 21:34:46,452 - exact_match_tst_reinflection_wlemma_TAGFINDER1: 0.394
2023-12-21 21:34:46,453 - exact_match_tst_reinflection_wlemma_TAGFINDER1_or_2: 0.629
2023-12-21 21:34:46,865 - TRN || epcloss: 0.1747
2023-12-21 21:34:46,866 -     || Q: 0.9701
2023-12-21 21:34:46,867 -     || KL: 0.1426
2023-12-21 21:34:46,869 -     || token_match: 0.000, exact_match: 0.000
2023-12-21 21:34:46,870 -     || unique taglist code: 176793
2023-12-21 21:34:46,871 - DEV || epcloss: 0.0405
2023-12-21 21:34:46,872 -     || Q: 0.6644
2023-12-21 21:34:46,873 -     || KL: 0.2703
2023-12-21 21:34:46,874 -     || token_match: 0.000, exact_match: 0.000
2023-12-21 21:34:46,875 -     || unique taglist code: 1432
2023-12-21 21:34:46,879 -     || seen taglist code: 1013
2023-12-21 21:34:46,948 -     || saved model
2023-12-21 21:34:46,950 - 
2023-12-21 21:34:46,951 - #epc: 30
2023-12-21 21:34:47,513 - epc:30, epc_KL:  0.500000
2023-12-21 21:41:44,857 - exact_match_tst_copy_acc: 0.298
2023-12-21 21:41:44,858 - exact_match_tst_reinflection_wlemma: 0.290
2023-12-21 21:41:44,859 - exact_match_tst_reinflection_wlemma_TAGFINDER1: 0.116
2023-12-21 21:41:44,860 - exact_match_tst_reinflection_wlemma_TAGFINDER1_or_2: 0.212
2023-12-21 21:41:45,542 - TRN || epcloss: 0.1208
2023-12-21 21:41:45,543 -     || Q: 0.4949
2023-12-21 21:41:45,544 -     || KL: 0.1229
2023-12-21 21:41:45,545 -     || token_match: 0.000, exact_match: 0.000
2023-12-21 21:41:45,546 -     || unique taglist code: 197369
2023-12-21 21:41:45,547 - DEV || epcloss: 0.3378
2023-12-21 21:41:45,548 -     || Q: 1.0627
2023-12-21 21:41:45,549 -     || KL: 0.6275
2023-12-21 21:41:45,550 -     || token_match: 0.000, exact_match: 0.000
2023-12-21 21:41:45,551 -     || unique taglist code: 1415
2023-12-21 21:41:45,554 -     || seen taglist code: 679
2023-12-21 21:41:45,599 -     || saved model
2023-12-21 21:41:45,601 - 
2023-12-21 21:41:45,602 - #epc: 31
2023-12-21 21:41:46,180 - epc:31, epc_KL:  0.500000
2023-12-21 21:48:43,620 - exact_match_tst_copy_acc: 0.921
2023-12-21 21:48:43,622 - exact_match_tst_reinflection_wlemma: 0.913
2023-12-21 21:48:43,622 - exact_match_tst_reinflection_wlemma_TAGFINDER1: 0.419
2023-12-21 21:48:43,623 - exact_match_tst_reinflection_wlemma_TAGFINDER1_or_2: 0.691
2023-12-21 21:48:44,119 - TRN || epcloss: 0.1230
2023-12-21 21:48:44,120 -     || Q: 0.6283
2023-12-21 21:48:44,121 -     || KL: 0.1483
2023-12-21 21:48:44,123 -     || token_match: 0.000, exact_match: 0.000
2023-12-21 21:48:44,123 -     || unique taglist code: 186461
2023-12-21 21:48:44,124 - DEV || epcloss: 0.0208
2023-12-21 21:48:44,125 -     || Q: 0.4444
2023-12-21 21:48:44,127 -     || KL: 0.2441
2023-12-21 21:48:44,128 -     || token_match: 0.000, exact_match: 0.000
2023-12-21 21:48:44,129 -     || unique taglist code: 1438
2023-12-21 21:48:44,132 -     || seen taglist code: 943
2023-12-21 21:48:44,216 -     || saved model
2023-12-21 21:48:44,219 - 
2023-12-21 21:48:44,220 - #epc: 32
2023-12-21 21:48:44,792 - epc:32, epc_KL:  0.500000
2023-12-21 21:55:41,882 - exact_match_tst_copy_acc: 0.918
2023-12-21 21:55:41,883 - exact_match_tst_reinflection_wlemma: 0.915
2023-12-21 21:55:41,884 - exact_match_tst_reinflection_wlemma_TAGFINDER1: 0.409
2023-12-21 21:55:41,885 - exact_match_tst_reinflection_wlemma_TAGFINDER1_or_2: 0.679
2023-12-21 21:55:42,353 - TRN || epcloss: 0.0331
2023-12-21 21:55:42,355 -     || Q: 0.3655
2023-12-21 21:55:42,356 -     || KL: 0.1084
2023-12-21 21:55:42,357 -     || token_match: 0.000, exact_match: 0.000
2023-12-21 21:55:42,357 -     || unique taglist code: 190826
2023-12-21 21:55:42,358 - DEV || epcloss: 0.0206
2023-12-21 21:55:42,359 -     || Q: 0.3871
2023-12-21 21:55:42,360 -     || KL: 0.2319
2023-12-21 21:55:42,361 -     || token_match: 0.000, exact_match: 0.000
2023-12-21 21:55:42,362 -     || unique taglist code: 1440
2023-12-21 21:55:42,365 -     || seen taglist code: 1056
2023-12-21 21:55:42,415 -     || saved model
2023-12-21 21:55:42,417 - 
2023-12-21 21:55:42,418 - #epc: 33
2023-12-21 21:55:43,012 - epc:33, epc_KL:  0.500000
2023-12-21 22:02:36,549 - exact_match_tst_copy_acc: 0.382
2023-12-21 22:02:36,550 - exact_match_tst_reinflection_wlemma: 0.376
2023-12-21 22:02:36,551 - exact_match_tst_reinflection_wlemma_TAGFINDER1: 0.161
2023-12-21 22:02:36,552 - exact_match_tst_reinflection_wlemma_TAGFINDER1_or_2: 0.290
2023-12-21 22:02:36,910 - TRN || epcloss: 0.4687
2023-12-21 22:02:36,911 -     || Q: 0.6042
2023-12-21 22:02:36,912 -     || KL: 0.2134
2023-12-21 22:02:36,913 -     || token_match: 0.000, exact_match: 0.000
2023-12-21 22:02:36,914 -     || unique taglist code: 167914
2023-12-21 22:02:36,915 - DEV || epcloss: 0.1692
2023-12-21 22:02:36,916 -     || Q: 0.6439
2023-12-21 22:02:36,916 -     || KL: 0.4311
2023-12-21 22:02:36,917 -     || token_match: 0.000, exact_match: 0.000
2023-12-21 22:02:36,918 -     || unique taglist code: 1436
2023-12-21 22:02:36,922 -     || seen taglist code: 1006
2023-12-21 22:02:36,969 -     || saved model
2023-12-21 22:02:36,971 - 
2023-12-21 22:02:36,972 - #epc: 34
2023-12-21 22:02:37,575 - epc:34, epc_KL:  0.500000
2023-12-21 22:09:34,545 - exact_match_tst_copy_acc: 0.918
2023-12-21 22:09:34,546 - exact_match_tst_reinflection_wlemma: 0.916
2023-12-21 22:09:34,547 - exact_match_tst_reinflection_wlemma_TAGFINDER1: 0.427
2023-12-21 22:09:34,548 - exact_match_tst_reinflection_wlemma_TAGFINDER1_or_2: 0.689
2023-12-21 22:09:34,901 - TRN || epcloss: 0.0839
2023-12-21 22:09:34,902 -     || Q: 0.5626
2023-12-21 22:09:34,903 -     || KL: 0.1416
2023-12-21 22:09:34,904 -     || token_match: 0.000, exact_match: 0.000
2023-12-21 22:09:34,905 -     || unique taglist code: 201444
2023-12-21 22:09:34,906 - DEV || epcloss: 0.0198
2023-12-21 22:09:34,907 -     || Q: 0.4048
2023-12-21 22:09:34,908 -     || KL: 0.2431
2023-12-21 22:09:34,909 -     || token_match: 0.000, exact_match: 0.000
2023-12-21 22:09:34,910 -     || unique taglist code: 1436
2023-12-21 22:09:34,913 -     || seen taglist code: 901
2023-12-21 22:09:34,962 -     || saved model
2023-12-21 22:09:34,964 - 
2023-12-21 22:09:34,965 - #epc: 35
2023-12-21 22:09:35,541 - epc:35, epc_KL:  0.500000
2023-12-21 22:16:31,885 - exact_match_tst_copy_acc: 0.899
2023-12-21 22:16:31,886 - exact_match_tst_reinflection_wlemma: 0.897
2023-12-21 22:16:31,887 - exact_match_tst_reinflection_wlemma_TAGFINDER1: 0.412
2023-12-21 22:16:31,888 - exact_match_tst_reinflection_wlemma_TAGFINDER1_or_2: 0.678
2023-12-21 22:16:32,254 - TRN || epcloss: 0.0867
2023-12-21 22:16:32,256 -     || Q: 0.3975
2023-12-21 22:16:32,257 -     || KL: 0.1152
2023-12-21 22:16:32,258 -     || token_match: 0.000, exact_match: 0.000
2023-12-21 22:16:32,259 -     || unique taglist code: 212893
2023-12-21 22:16:32,261 - DEV || epcloss: 0.0217
2023-12-21 22:16:32,262 -     || Q: 0.3938
2023-12-21 22:16:32,263 -     || KL: 0.2408
2023-12-21 22:16:32,264 -     || token_match: 0.000, exact_match: 0.000
2023-12-21 22:16:32,265 -     || unique taglist code: 1437
2023-12-21 22:16:32,268 -     || seen taglist code: 1051
2023-12-21 22:16:32,313 -     || saved model
2023-12-21 22:16:32,316 - 
2023-12-21 22:16:32,317 - #epc: 36
2023-12-21 22:16:32,865 - epc:36, epc_KL:  0.500000
2023-12-21 22:23:30,979 - exact_match_tst_copy_acc: 0.967
2023-12-21 22:23:30,980 - exact_match_tst_reinflection_wlemma: 0.966
2023-12-21 22:23:30,981 - exact_match_tst_reinflection_wlemma_TAGFINDER1: 0.434
2023-12-21 22:23:30,982 - exact_match_tst_reinflection_wlemma_TAGFINDER1_or_2: 0.721
2023-12-21 22:23:31,341 - TRN || epcloss: 0.0315
2023-12-21 22:23:31,342 -     || Q: 0.3299
2023-12-21 22:23:31,343 -     || KL: 0.1058
2023-12-21 22:23:31,344 -     || token_match: 0.000, exact_match: 0.000
2023-12-21 22:23:31,345 -     || unique taglist code: 194997
2023-12-21 22:23:31,346 - DEV || epcloss: 0.0087
2023-12-21 22:23:31,347 -     || Q: 0.2439
2023-12-21 22:23:31,348 -     || KL: 0.2113
2023-12-21 22:23:31,349 -     || token_match: 0.000, exact_match: 0.000
2023-12-21 22:23:31,350 -     || unique taglist code: 1438
2023-12-21 22:23:31,353 -     || seen taglist code: 1131
2023-12-21 22:23:31,399 -     || saved model
2023-12-21 22:23:31,401 - 
2023-12-21 22:23:31,402 - #epc: 37
2023-12-21 22:23:31,969 - epc:37, epc_KL:  0.500000
2023-12-21 22:30:28,799 - exact_match_tst_copy_acc: 0.963
2023-12-21 22:30:28,800 - exact_match_tst_reinflection_wlemma: 0.963
2023-12-21 22:30:28,801 - exact_match_tst_reinflection_wlemma_TAGFINDER1: 0.439
2023-12-21 22:30:28,802 - exact_match_tst_reinflection_wlemma_TAGFINDER1_or_2: 0.716
2023-12-21 22:30:29,034 - TRN || epcloss: 0.0403
2023-12-21 22:30:29,035 -     || Q: 0.2853
2023-12-21 22:30:29,036 -     || KL: 0.1012
2023-12-21 22:30:29,037 -     || token_match: 0.000, exact_match: 0.000
2023-12-21 22:30:29,038 -     || unique taglist code: 198969
2023-12-21 22:30:29,039 - DEV || epcloss: 0.0107
2023-12-21 22:30:29,040 -     || Q: 0.2548
2023-12-21 22:30:29,041 -     || KL: 0.2140
2023-12-21 22:30:29,042 -     || token_match: 0.000, exact_match: 0.000
2023-12-21 22:30:29,043 -     || unique taglist code: 1438
2023-12-21 22:30:29,045 -     || seen taglist code: 1102
2023-12-21 22:30:29,094 -     || saved model
2023-12-21 22:30:29,096 - 
2023-12-21 22:30:29,097 - #epc: 38
2023-12-21 22:30:29,685 - epc:38, epc_KL:  0.500000
2023-12-21 22:37:23,397 - exact_match_tst_copy_acc: 0.023
2023-12-21 22:37:23,398 - exact_match_tst_reinflection_wlemma: 0.018
2023-12-21 22:37:23,399 - exact_match_tst_reinflection_wlemma_TAGFINDER1: 0.009
2023-12-21 22:37:23,400 - exact_match_tst_reinflection_wlemma_TAGFINDER1_or_2: 0.017
2023-12-21 22:37:23,679 - TRN || epcloss: 1.1901
2023-12-21 22:37:23,680 -     || Q: 1.3165
2023-12-21 22:37:23,681 -     || KL: 0.2993
2023-12-21 22:37:23,682 -     || token_match: 0.000, exact_match: 0.000
2023-12-21 22:37:23,683 -     || unique taglist code: 99098
2023-12-21 22:37:23,684 - DEV || epcloss: 0.6915
2023-12-21 22:37:23,685 -     || Q: 1.0695
2023-12-21 22:37:23,686 -     || KL: 0.5430
2023-12-21 22:37:23,687 -     || token_match: 0.000, exact_match: 0.000
2023-12-21 22:37:23,688 -     || unique taglist code: 1123
2023-12-21 22:37:23,690 -     || seen taglist code: 981
2023-12-21 22:37:23,729 -     || saved model
2023-12-21 22:37:23,731 - 
2023-12-21 22:37:23,732 - #epc: 39
2023-12-21 22:37:24,284 - epc:39, epc_KL:  0.500000
2023-12-21 22:44:20,016 - exact_match_tst_copy_acc: 0.209
2023-12-21 22:44:20,017 - exact_match_tst_reinflection_wlemma: 0.199
2023-12-21 22:44:20,018 - exact_match_tst_reinflection_wlemma_TAGFINDER1: 0.114
2023-12-21 22:44:20,019 - exact_match_tst_reinflection_wlemma_TAGFINDER1_or_2: 0.175
2023-12-21 22:44:20,302 - TRN || epcloss: 0.3749
2023-12-21 22:44:20,303 -     || Q: 0.7626
2023-12-21 22:44:20,304 -     || KL: 0.1923
2023-12-21 22:44:20,305 -     || token_match: 0.000, exact_match: 0.000
2023-12-21 22:44:20,306 -     || unique taglist code: 71808
2023-12-21 22:44:20,307 - DEV || epcloss: 0.1758
2023-12-21 22:44:20,308 -     || Q: 0.6877
2023-12-21 22:44:20,308 -     || KL: 0.3494
2023-12-21 22:44:20,309 -     || token_match: 0.000, exact_match: 0.000
2023-12-21 22:44:20,310 -     || unique taglist code: 1380
2023-12-21 22:44:20,313 -     || seen taglist code: 1091
2023-12-21 22:44:20,356 -     || saved model
2023-12-21 22:44:20,358 - 
2023-12-21 22:44:20,359 - #epc: 40
2023-12-21 22:44:20,919 - epc:40, epc_KL:  0.500000
2023-12-21 22:51:17,831 - exact_match_tst_copy_acc: 0.788
2023-12-21 22:51:17,833 - exact_match_tst_reinflection_wlemma: 0.781
2023-12-21 22:51:17,834 - exact_match_tst_reinflection_wlemma_TAGFINDER1: 0.355
2023-12-21 22:51:17,835 - exact_match_tst_reinflection_wlemma_TAGFINDER1_or_2: 0.600
2023-12-21 22:51:18,100 - TRN || epcloss: 0.1278
2023-12-21 22:51:18,101 -     || Q: 0.6268
2023-12-21 22:51:18,102 -     || KL: 0.1357
2023-12-21 22:51:18,104 -     || token_match: 0.000, exact_match: 0.000
2023-12-21 22:51:18,104 -     || unique taglist code: 147326
2023-12-21 22:51:18,106 - DEV || epcloss: 0.0521
2023-12-21 22:51:18,107 -     || Q: 0.5248
2023-12-21 22:51:18,107 -     || KL: 0.3043
2023-12-21 22:51:18,108 -     || token_match: 0.000, exact_match: 0.000
2023-12-21 22:51:18,109 -     || unique taglist code: 1429
2023-12-21 22:51:18,113 -     || seen taglist code: 947
2023-12-21 22:51:18,163 -     || saved model
2023-12-21 22:51:18,165 - 
2023-12-21 22:51:18,167 - #epc: 41
2023-12-21 22:51:18,715 - epc:41, epc_KL:  0.500000
2023-12-21 22:58:15,593 - exact_match_tst_copy_acc: 0.916
2023-12-21 22:58:15,594 - exact_match_tst_reinflection_wlemma: 0.911
2023-12-21 22:58:15,595 - exact_match_tst_reinflection_wlemma_TAGFINDER1: 0.416
2023-12-21 22:58:15,596 - exact_match_tst_reinflection_wlemma_TAGFINDER1_or_2: 0.686
2023-12-21 22:58:15,883 - TRN || epcloss: 0.0419
2023-12-21 22:58:15,885 -     || Q: 0.3765
2023-12-21 22:58:15,886 -     || KL: 0.1149
2023-12-21 22:58:15,887 -     || token_match: 0.000, exact_match: 0.000
2023-12-21 22:58:15,888 -     || unique taglist code: 173047
2023-12-21 22:58:15,889 - DEV || epcloss: 0.0215
2023-12-21 22:58:15,890 -     || Q: 0.3466
2023-12-21 22:58:15,891 -     || KL: 0.2428
2023-12-21 22:58:15,892 -     || token_match: 0.000, exact_match: 0.000
2023-12-21 22:58:15,893 -     || unique taglist code: 1438
2023-12-21 22:58:15,897 -     || seen taglist code: 1086
2023-12-21 22:58:15,943 -     || saved model
2023-12-21 22:58:15,945 - 
2023-12-21 22:58:15,946 - #epc: 42
2023-12-21 22:58:16,497 - epc:42, epc_KL:  0.500000
2023-12-21 23:05:11,699 - exact_match_tst_copy_acc: 0.573
2023-12-21 23:05:11,700 - exact_match_tst_reinflection_wlemma: 0.577
2023-12-21 23:05:11,701 - exact_match_tst_reinflection_wlemma_TAGFINDER1: 0.248
2023-12-21 23:05:11,702 - exact_match_tst_reinflection_wlemma_TAGFINDER1_or_2: 0.418
2023-12-21 23:05:12,119 - TRN || epcloss: 0.0403
2023-12-21 23:05:12,120 -     || Q: 0.3272
2023-12-21 23:05:12,121 -     || KL: 0.1101
2023-12-21 23:05:12,122 -     || token_match: 0.000, exact_match: 0.000
2023-12-21 23:05:12,124 -     || unique taglist code: 190464
2023-12-21 23:05:12,125 - DEV || epcloss: 0.1017
2023-12-21 23:05:12,125 -     || Q: 0.5541
2023-12-21 23:05:12,127 -     || KL: 0.3657
2023-12-21 23:05:12,127 -     || token_match: 0.000, exact_match: 0.000
2023-12-21 23:05:12,128 -     || unique taglist code: 1431
2023-12-21 23:05:12,131 -     || seen taglist code: 910
2023-12-21 23:05:12,180 -     || saved model
2023-12-21 23:05:12,182 - 
2023-12-21 23:05:12,183 - #epc: 43
2023-12-21 23:05:12,741 - epc:43, epc_KL:  0.500000
2023-12-21 23:12:10,013 - exact_match_tst_copy_acc: 0.906
2023-12-21 23:12:10,014 - exact_match_tst_reinflection_wlemma: 0.903
2023-12-21 23:12:10,015 - exact_match_tst_reinflection_wlemma_TAGFINDER1: 0.402
2023-12-21 23:12:10,016 - exact_match_tst_reinflection_wlemma_TAGFINDER1_or_2: 0.682
2023-12-21 23:12:10,307 - TRN || epcloss: 0.0529
2023-12-21 23:12:10,308 -     || Q: 0.3681
2023-12-21 23:12:10,309 -     || KL: 0.1257
2023-12-21 23:12:10,310 -     || token_match: 0.000, exact_match: 0.000
2023-12-21 23:12:10,311 -     || unique taglist code: 183074
2023-12-21 23:12:10,312 - DEV || epcloss: 0.0202
2023-12-21 23:12:10,313 -     || Q: 0.3335
2023-12-21 23:12:10,314 -     || KL: 0.2424
2023-12-21 23:12:10,316 -     || token_match: 0.000, exact_match: 0.000
2023-12-21 23:12:10,316 -     || unique taglist code: 1439
2023-12-21 23:12:10,320 -     || seen taglist code: 1075
2023-12-21 23:12:10,368 -     || saved model
2023-12-21 23:12:10,371 - 
2023-12-21 23:12:10,371 - #epc: 44
2023-12-21 23:12:10,935 - epc:44, epc_KL:  0.500000
2023-12-21 23:19:08,294 - exact_match_tst_copy_acc: 0.926
2023-12-21 23:19:08,295 - exact_match_tst_reinflection_wlemma: 0.921
2023-12-21 23:19:08,297 - exact_match_tst_reinflection_wlemma_TAGFINDER1: 0.421
2023-12-21 23:19:08,298 - exact_match_tst_reinflection_wlemma_TAGFINDER1_or_2: 0.687
2023-12-21 23:19:08,583 - TRN || epcloss: 0.0494
2023-12-21 23:19:08,584 -     || Q: 0.3996
2023-12-21 23:19:08,585 -     || KL: 0.1189
2023-12-21 23:19:08,586 -     || token_match: 0.000, exact_match: 0.000
2023-12-21 23:19:08,587 -     || unique taglist code: 186745
2023-12-21 23:19:08,588 - DEV || epcloss: 0.0172
2023-12-21 23:19:08,589 -     || Q: 0.3571
2023-12-21 23:19:08,590 -     || KL: 0.2387
2023-12-21 23:19:08,591 -     || token_match: 0.000, exact_match: 0.000
2023-12-21 23:19:08,592 -     || unique taglist code: 1439
2023-12-21 23:19:08,596 -     || seen taglist code: 1125
2023-12-21 23:19:08,643 -     || saved model
2023-12-21 23:19:08,645 - 
2023-12-21 23:19:08,646 - #epc: 45
2023-12-21 23:19:09,207 - epc:45, epc_KL:  0.500000
2023-12-21 23:26:06,784 - exact_match_tst_copy_acc: 0.835
2023-12-21 23:26:06,785 - exact_match_tst_reinflection_wlemma: 0.834
2023-12-21 23:26:06,786 - exact_match_tst_reinflection_wlemma_TAGFINDER1: 0.363
2023-12-21 23:26:06,787 - exact_match_tst_reinflection_wlemma_TAGFINDER1_or_2: 0.622
2023-12-21 23:26:07,090 - TRN || epcloss: 0.0399
2023-12-21 23:26:07,091 -     || Q: 0.3422
2023-12-21 23:26:07,092 -     || KL: 0.1114
2023-12-21 23:26:07,093 -     || token_match: 0.000, exact_match: 0.000
2023-12-21 23:26:07,094 -     || unique taglist code: 186187
2023-12-21 23:26:07,095 - DEV || epcloss: 0.0367
2023-12-21 23:26:07,096 -     || Q: 0.4404
2023-12-21 23:26:07,098 -     || KL: 0.2621
2023-12-21 23:26:07,098 -     || token_match: 0.000, exact_match: 0.000
2023-12-21 23:26:07,099 -     || unique taglist code: 1437
2023-12-21 23:26:07,103 -     || seen taglist code: 1076
2023-12-21 23:26:07,143 -     || saved model
2023-12-21 23:26:07,145 - 
2023-12-21 23:26:07,146 - #epc: 46
2023-12-21 23:26:07,696 - epc:46, epc_KL:  0.500000
2023-12-21 23:33:04,504 - exact_match_tst_copy_acc: 0.860
2023-12-21 23:33:04,505 - exact_match_tst_reinflection_wlemma: 0.859
2023-12-21 23:33:04,506 - exact_match_tst_reinflection_wlemma_TAGFINDER1: 0.382
2023-12-21 23:33:04,507 - exact_match_tst_reinflection_wlemma_TAGFINDER1_or_2: 0.650
2023-12-21 23:33:04,786 - TRN || epcloss: 0.0807
2023-12-21 23:33:04,787 -     || Q: 0.5121
2023-12-21 23:33:04,788 -     || KL: 0.1286
2023-12-21 23:33:04,789 -     || token_match: 0.000, exact_match: 0.000
2023-12-21 23:33:04,790 -     || unique taglist code: 205291
2023-12-21 23:33:04,790 - DEV || epcloss: 0.0306
2023-12-21 23:33:04,791 -     || Q: 0.4328
2023-12-21 23:33:04,792 -     || KL: 0.2542
2023-12-21 23:33:04,794 -     || token_match: 0.000, exact_match: 0.000
2023-12-21 23:33:04,795 -     || unique taglist code: 1442
2023-12-21 23:33:04,798 -     || seen taglist code: 1017
2023-12-21 23:33:04,840 -     || saved model
2023-12-21 23:33:04,843 - 
2023-12-21 23:33:04,844 - #epc: 47
2023-12-21 23:33:05,397 - epc:47, epc_KL:  0.500000
2023-12-21 23:40:02,327 - exact_match_tst_copy_acc: 0.429
2023-12-21 23:40:02,328 - exact_match_tst_reinflection_wlemma: 0.438
2023-12-21 23:40:02,330 - exact_match_tst_reinflection_wlemma_TAGFINDER1: 0.189
2023-12-21 23:40:02,330 - exact_match_tst_reinflection_wlemma_TAGFINDER1_or_2: 0.331
2023-12-21 23:40:02,632 - TRN || epcloss: 0.0796
2023-12-21 23:40:02,634 -     || Q: 0.4210
2023-12-21 23:40:02,635 -     || KL: 0.1260
2023-12-21 23:40:02,636 -     || token_match: 0.000, exact_match: 0.000
2023-12-21 23:40:02,637 -     || unique taglist code: 203934
2023-12-21 23:40:02,638 - DEV || epcloss: 0.1513
2023-12-21 23:40:02,639 -     || Q: 0.4749
2023-12-21 23:40:02,640 -     || KL: 0.4677
2023-12-21 23:40:02,641 -     || token_match: 0.000, exact_match: 0.000
2023-12-21 23:40:02,642 -     || unique taglist code: 1440
2023-12-21 23:40:02,644 -     || seen taglist code: 1004
2023-12-21 23:40:02,695 -     || saved model
2023-12-21 23:40:02,697 - 
2023-12-21 23:40:02,698 - #epc: 48
2023-12-21 23:40:03,281 - epc:48, epc_KL:  0.500000
2023-12-21 23:46:58,331 - exact_match_tst_copy_acc: 0.257
2023-12-21 23:46:58,332 - exact_match_tst_reinflection_wlemma: 0.242
2023-12-21 23:46:58,333 - exact_match_tst_reinflection_wlemma_TAGFINDER1: 0.103
2023-12-21 23:46:58,334 - exact_match_tst_reinflection_wlemma_TAGFINDER1_or_2: 0.178
2023-12-21 23:46:58,625 - TRN || epcloss: 0.1339
2023-12-21 23:46:58,626 -     || Q: 0.4332
2023-12-21 23:46:58,627 -     || KL: 0.1556
2023-12-21 23:46:58,628 -     || token_match: 0.000, exact_match: 0.000
2023-12-21 23:46:58,629 -     || unique taglist code: 189185
2023-12-21 23:46:58,630 - DEV || epcloss: 0.7302
2023-12-21 23:46:58,631 -     || Q: 0.5768
2023-12-21 23:46:58,633 -     || KL: 0.6735
2023-12-21 23:46:58,634 -     || token_match: 0.000, exact_match: 0.000
2023-12-21 23:46:58,634 -     || unique taglist code: 1428
2023-12-21 23:46:58,638 -     || seen taglist code: 972
2023-12-21 23:46:58,681 -     || saved model
2023-12-21 23:46:58,683 - 
2023-12-21 23:46:58,684 - #epc: 49
2023-12-21 23:46:59,263 - epc:49, epc_KL:  0.500000
2023-12-21 23:53:56,181 - exact_match_tst_copy_acc: 0.408
2023-12-21 23:53:56,183 - exact_match_tst_reinflection_wlemma: 0.368
2023-12-21 23:53:56,184 - exact_match_tst_reinflection_wlemma_TAGFINDER1: 0.165
2023-12-21 23:53:56,185 - exact_match_tst_reinflection_wlemma_TAGFINDER1_or_2: 0.272
2023-12-21 23:53:56,462 - TRN || epcloss: 0.2552
2023-12-21 23:53:56,463 -     || Q: 0.4973
2023-12-21 23:53:56,464 -     || KL: 0.2118
2023-12-21 23:53:56,465 -     || token_match: 0.000, exact_match: 0.000
2023-12-21 23:53:56,466 -     || unique taglist code: 148407
2023-12-21 23:53:56,467 - DEV || epcloss: 0.1507
2023-12-21 23:53:56,468 -     || Q: 0.4660
2023-12-21 23:53:56,469 -     || KL: 0.4465
2023-12-21 23:53:56,470 -     || token_match: 0.000, exact_match: 0.000
2023-12-21 23:53:56,471 -     || unique taglist code: 1430
2023-12-21 23:53:56,475 -     || seen taglist code: 1028
2023-12-21 23:53:56,530 -     || saved model
