2023-12-19 23:44:26,247 - {'Part': <dataset.vocab.TagVocab object at 0x7f4a095f7460>, 'Mood': <dataset.vocab.TagVocab object at 0x7f4a095f74c0>, 'Tense': <dataset.vocab.TagVocab object at 0x7f4a095f7520>, 'Aspect': <dataset.vocab.TagVocab object at 0x7f4a095f7580>, 'Person': <dataset.vocab.TagVocab object at 0x7f4a095f75e0>, 'Number': <dataset.vocab.TagVocab object at 0x7f4a095f7640>, 'Valency': <dataset.vocab.TagVocab object at 0x7f4a095f76a0>, 'Polarity': <dataset.vocab.TagVocab object at 0x7f4a095f7700>, 'Interrogativity': <dataset.vocab.TagVocab object at 0x7f4a095f7760>, 'Language-Specific': <dataset.vocab.TagVocab object at 0x7f4a095f77c0>, 'Finiteness': <dataset.vocab.TagVocab object at 0x7f4a095f7820>}
2023-12-19 23:44:26,285 - tstsize: 1427
2023-12-19 23:44:26,286 - 
2023-12-19 23:44:26,287 - #epc: 0
2023-12-19 23:44:33,092 - epc: 0, epc_loss: 1344.597, epc_acc: 0.613
2023-12-19 23:44:33,093 - 
2023-12-19 23:44:33,094 - #epc: 1
2023-12-19 23:44:39,690 - epc: 1, epc_loss: 1069.527, epc_acc: 0.642
2023-12-19 23:44:39,691 - 
2023-12-19 23:44:39,691 - #epc: 2
2023-12-19 23:44:46,281 - epc: 2, epc_loss: 1032.971, epc_acc: 0.651
2023-12-19 23:44:46,282 - 
2023-12-19 23:44:46,283 - #epc: 3
2023-12-19 23:44:52,873 - epc: 3, epc_loss: 1016.823, epc_acc: 0.646
2023-12-19 23:44:52,874 - 
2023-12-19 23:44:52,874 - #epc: 4
2023-12-19 23:44:59,468 - epc: 4, epc_loss: 1010.022, epc_acc: 0.656
2023-12-19 23:44:59,469 - 
2023-12-19 23:44:59,469 - #epc: 5
2023-12-19 23:45:06,065 - epc: 5, epc_loss: 1006.441, epc_acc: 0.643
2023-12-19 23:45:06,066 - 
2023-12-19 23:45:06,067 - #epc: 6
2023-12-19 23:45:12,659 - epc: 6, epc_loss: 1001.787, epc_acc: 0.659
2023-12-19 23:45:12,660 - 
2023-12-19 23:45:12,660 - #epc: 7
2023-12-19 23:45:19,252 - epc: 7, epc_loss: 997.548, epc_acc: 0.652
2023-12-19 23:45:19,254 - 
2023-12-19 23:45:19,254 - #epc: 8
2023-12-19 23:45:25,851 - epc: 8, epc_loss: 999.637, epc_acc: 0.644
2023-12-19 23:45:25,852 - 
2023-12-19 23:45:25,853 - #epc: 9
2023-12-19 23:45:32,448 - epc: 9, epc_loss: 998.454, epc_acc: 0.647
2023-12-19 23:45:32,449 - 
2023-12-19 23:45:32,449 - #epc: 10
2023-12-19 23:45:39,043 - epc: 10, epc_loss: 994.405, epc_acc: 0.646
2023-12-19 23:45:39,044 - 
2023-12-19 23:45:39,044 - #epc: 11
2023-12-19 23:45:45,644 - epc: 11, epc_loss: 997.049, epc_acc: 0.643
2023-12-19 23:45:45,646 - 
2023-12-19 23:45:45,646 - #epc: 12
2023-12-19 23:45:52,238 - epc: 12, epc_loss: 997.384, epc_acc: 0.652
2023-12-19 23:45:52,239 - 
2023-12-19 23:45:52,240 - #epc: 13
2023-12-19 23:45:58,834 - epc: 13, epc_loss: 997.112, epc_acc: 0.643
2023-12-19 23:45:58,835 - 
2023-12-19 23:45:58,836 - #epc: 14
