2023-12-19 23:51:41,162 - {'Part': <dataset.vocab.TagVocab object at 0x7f61f8f63460>, 'Mood': <dataset.vocab.TagVocab object at 0x7f61f8f634c0>, 'Tense': <dataset.vocab.TagVocab object at 0x7f61f8f63520>, 'Aspect': <dataset.vocab.TagVocab object at 0x7f61f8f63580>, 'Person': <dataset.vocab.TagVocab object at 0x7f61f8f635e0>, 'Number': <dataset.vocab.TagVocab object at 0x7f61f8f63640>, 'Valency': <dataset.vocab.TagVocab object at 0x7f61f8f636a0>, 'Polarity': <dataset.vocab.TagVocab object at 0x7f61f8f63700>, 'Interrogativity': <dataset.vocab.TagVocab object at 0x7f61f8f63760>, 'Language-Specific': <dataset.vocab.TagVocab object at 0x7f61f8f637c0>, 'Finiteness': <dataset.vocab.TagVocab object at 0x7f61f8f63820>}
2023-12-19 23:51:41,203 - tstsize: 1427
2023-12-19 23:51:41,204 - 
2023-12-19 23:51:41,204 - #epc: 0
2023-12-19 23:51:48,059 - epc: 0, epc_loss: 1782.858, epc_acc: 0.429
2023-12-19 23:51:48,060 - 
2023-12-19 23:51:48,060 - #epc: 1
2023-12-19 23:51:54,700 - epc: 1, epc_loss: 1547.588, epc_acc: 0.465
2023-12-19 23:51:54,701 - 
2023-12-19 23:51:54,701 - #epc: 2
2023-12-19 23:52:01,341 - epc: 2, epc_loss: 1496.864, epc_acc: 0.465
2023-12-19 23:52:01,342 - 
2023-12-19 23:52:01,343 - #epc: 3
2023-12-19 23:52:07,986 - epc: 3, epc_loss: 1474.956, epc_acc: 0.465
2023-12-19 23:52:07,987 - 
2023-12-19 23:52:07,987 - #epc: 4
2023-12-19 23:52:14,627 - epc: 4, epc_loss: 1458.602, epc_acc: 0.470
2023-12-19 23:52:14,628 - 
2023-12-19 23:52:14,628 - #epc: 5
2023-12-19 23:52:21,268 - epc: 5, epc_loss: 1457.766, epc_acc: 0.467
2023-12-19 23:52:21,269 - 
2023-12-19 23:52:21,269 - #epc: 6
2023-12-19 23:52:27,916 - epc: 6, epc_loss: 1452.709, epc_acc: 0.477
2023-12-19 23:52:27,917 - 
2023-12-19 23:52:27,917 - #epc: 7
2023-12-19 23:52:34,560 - epc: 7, epc_loss: 1447.049, epc_acc: 0.478
2023-12-19 23:52:34,561 - 
2023-12-19 23:52:34,562 - #epc: 8
2023-12-19 23:52:41,202 - epc: 8, epc_loss: 1446.151, epc_acc: 0.473
2023-12-19 23:52:41,203 - 
2023-12-19 23:52:41,204 - #epc: 9
2023-12-19 23:52:47,847 - epc: 9, epc_loss: 1444.745, epc_acc: 0.484
2023-12-19 23:52:47,848 - 
2023-12-19 23:52:47,849 - #epc: 10
2023-12-19 23:52:54,486 - epc: 10, epc_loss: 1442.256, epc_acc: 0.480
2023-12-19 23:52:54,487 - 
2023-12-19 23:52:54,487 - #epc: 11
2023-12-19 23:53:01,126 - epc: 11, epc_loss: 1442.231, epc_acc: 0.481
2023-12-19 23:53:01,127 - 
2023-12-19 23:53:01,128 - #epc: 12
