2023-12-19 23:48:30,381 - {'Part': <dataset.vocab.TagVocab object at 0x7f912ae1f460>, 'Mood': <dataset.vocab.TagVocab object at 0x7f912ae1f4c0>, 'Tense': <dataset.vocab.TagVocab object at 0x7f912ae1f520>, 'Aspect': <dataset.vocab.TagVocab object at 0x7f912ae1f580>, 'Person': <dataset.vocab.TagVocab object at 0x7f912ae1f5e0>, 'Number': <dataset.vocab.TagVocab object at 0x7f912ae1f640>, 'Valency': <dataset.vocab.TagVocab object at 0x7f912ae1f6a0>, 'Polarity': <dataset.vocab.TagVocab object at 0x7f912ae1f700>, 'Interrogativity': <dataset.vocab.TagVocab object at 0x7f912ae1f760>, 'Language-Specific': <dataset.vocab.TagVocab object at 0x7f912ae1f7c0>, 'Finiteness': <dataset.vocab.TagVocab object at 0x7f912ae1f820>}
2023-12-19 23:48:30,421 - tstsize: 1427
2023-12-19 23:48:30,422 - 
2023-12-19 23:48:30,422 - #epc: 0
2023-12-19 23:48:37,262 - epc: 0, epc_loss: 1779.006, epc_acc: 0.494
2023-12-19 23:48:37,262 - 
2023-12-19 23:48:37,263 - #epc: 1
2023-12-19 23:48:43,878 - epc: 1, epc_loss: 1526.295, epc_acc: 0.518
2023-12-19 23:48:43,879 - 
2023-12-19 23:48:43,879 - #epc: 2
2023-12-19 23:48:50,494 - epc: 2, epc_loss: 1481.621, epc_acc: 0.518
2023-12-19 23:48:50,495 - 
2023-12-19 23:48:50,495 - #epc: 3
2023-12-19 23:48:57,108 - epc: 3, epc_loss: 1467.991, epc_acc: 0.518
2023-12-19 23:48:57,109 - 
2023-12-19 23:48:57,109 - #epc: 4
2023-12-19 23:49:03,715 - epc: 4, epc_loss: 1458.791, epc_acc: 0.518
2023-12-19 23:49:03,716 - 
2023-12-19 23:49:03,716 - #epc: 5
2023-12-19 23:49:10,330 - epc: 5, epc_loss: 1457.733, epc_acc: 0.518
2023-12-19 23:49:10,330 - 
2023-12-19 23:49:10,331 - #epc: 6
2023-12-19 23:49:16,942 - epc: 6, epc_loss: 1455.207, epc_acc: 0.518
2023-12-19 23:49:16,943 - 
2023-12-19 23:49:16,944 - #epc: 7
2023-12-19 23:49:23,558 - epc: 7, epc_loss: 1454.302, epc_acc: 0.518
2023-12-19 23:49:23,559 - 
2023-12-19 23:49:23,560 - #epc: 8
2023-12-19 23:49:30,179 - epc: 8, epc_loss: 1453.805, epc_acc: 0.518
2023-12-19 23:49:30,181 - 
2023-12-19 23:49:30,181 - #epc: 9
2023-12-19 23:49:36,791 - epc: 9, epc_loss: 1453.069, epc_acc: 0.518
2023-12-19 23:49:36,792 - 
2023-12-19 23:49:36,792 - #epc: 10
2023-12-19 23:49:43,401 - epc: 10, epc_loss: 1453.124, epc_acc: 0.518
2023-12-19 23:49:43,401 - 
2023-12-19 23:49:43,402 - #epc: 11
2023-12-19 23:49:50,020 - epc: 11, epc_loss: 1452.805, epc_acc: 0.518
2023-12-19 23:49:50,021 - 
2023-12-19 23:49:50,022 - #epc: 12
2023-12-19 23:49:56,640 - epc: 12, epc_loss: 1454.351, epc_acc: 0.518
2023-12-19 23:49:56,641 - 
2023-12-19 23:49:56,642 - #epc: 13
2023-12-19 23:50:03,256 - epc: 13, epc_loss: 1451.889, epc_acc: 0.518
2023-12-19 23:50:03,257 - 
2023-12-19 23:50:03,257 - #epc: 14
2023-12-19 23:50:20,869 - {'Part': <dataset.vocab.TagVocab object at 0x7fac14e93460>, 'Mood': <dataset.vocab.TagVocab object at 0x7fac14e934c0>, 'Tense': <dataset.vocab.TagVocab object at 0x7fac14e93520>, 'Aspect': <dataset.vocab.TagVocab object at 0x7fac14e93580>, 'Person': <dataset.vocab.TagVocab object at 0x7fac14e935e0>, 'Number': <dataset.vocab.TagVocab object at 0x7fac14e93640>, 'Valency': <dataset.vocab.TagVocab object at 0x7fac14e936a0>, 'Polarity': <dataset.vocab.TagVocab object at 0x7fac14e93700>, 'Interrogativity': <dataset.vocab.TagVocab object at 0x7fac14e93760>, 'Language-Specific': <dataset.vocab.TagVocab object at 0x7fac14e937c0>, 'Finiteness': <dataset.vocab.TagVocab object at 0x7fac14e93820>}
2023-12-19 23:50:20,907 - tstsize: 1427
2023-12-19 23:50:20,908 - 
2023-12-19 23:50:20,909 - #epc: 0
2023-12-19 23:50:27,768 - epc: 0, epc_loss: 1780.992, epc_acc: 0.478
2023-12-19 23:50:27,769 - 
2023-12-19 23:50:27,770 - #epc: 1
2023-12-19 23:50:34,413 - epc: 1, epc_loss: 1522.775, epc_acc: 0.518
2023-12-19 23:50:34,413 - 
2023-12-19 23:50:34,414 - #epc: 2
2023-12-19 23:50:41,052 - epc: 2, epc_loss: 1480.696, epc_acc: 0.518
2023-12-19 23:50:41,053 - 
2023-12-19 23:50:41,053 - #epc: 3
2023-12-19 23:50:47,688 - epc: 3, epc_loss: 1467.234, epc_acc: 0.518
2023-12-19 23:50:47,689 - 
2023-12-19 23:50:47,689 - #epc: 4
2023-12-19 23:50:54,324 - epc: 4, epc_loss: 1460.330, epc_acc: 0.518
2023-12-19 23:50:54,325 - 
2023-12-19 23:50:54,325 - #epc: 5
2023-12-19 23:51:00,962 - epc: 5, epc_loss: 1458.027, epc_acc: 0.518
2023-12-19 23:51:00,963 - 
2023-12-19 23:51:00,963 - #epc: 6
2023-12-19 23:51:07,601 - epc: 6, epc_loss: 1454.914, epc_acc: 0.518
2023-12-19 23:51:07,602 - 
2023-12-19 23:51:07,602 - #epc: 7
2023-12-19 23:51:14,247 - epc: 7, epc_loss: 1455.276, epc_acc: 0.518
2023-12-19 23:51:14,248 - 
2023-12-19 23:51:14,248 - #epc: 8
2023-12-19 23:51:20,893 - epc: 8, epc_loss: 1453.791, epc_acc: 0.518
2023-12-19 23:51:20,894 - 
2023-12-19 23:51:20,895 - #epc: 9
2023-12-19 23:51:27,542 - epc: 9, epc_loss: 1453.910, epc_acc: 0.518
2023-12-19 23:51:27,543 - 
2023-12-19 23:51:27,543 - #epc: 10
